[2024-03-28T16:32:44.560+0000] {processor.py:161} INFO - Started process (PID=154) to work on /home/airflow/.local/lib/python3.8/site-packages/airflow/example_dags/example_branch_operator.py
[2024-03-28T16:32:44.627+0000] {processor.py:830} INFO - Processing file /home/airflow/.local/lib/python3.8/site-packages/airflow/example_dags/example_branch_operator.py for tasks to queue
[2024-03-28T16:32:44.698+0000] {logging_mixin.py:188} INFO - [2024-03-28T16:32:44.697+0000] {dagbag.py:540} INFO - Filling up the DagBag from /home/airflow/.local/lib/python3.8/site-packages/airflow/example_dags/example_branch_operator.py
[2024-03-28T16:32:45.347+0000] {processor.py:840} INFO - DAG(s) 'example_branch_operator' retrieved from /home/airflow/.local/lib/python3.8/site-packages/airflow/example_dags/example_branch_operator.py
[2024-03-28T16:32:47.196+0000] {logging_mixin.py:188} INFO - [2024-03-28T16:32:47.156+0000] {override.py:1769} INFO - Created Permission View: can edit on DAG:example_branch_operator
[2024-03-28T16:32:47.335+0000] {logging_mixin.py:188} INFO - [2024-03-28T16:32:47.334+0000] {override.py:1769} INFO - Created Permission View: can read on DAG:example_branch_operator
[2024-03-28T16:32:47.570+0000] {logging_mixin.py:188} INFO - [2024-03-28T16:32:47.569+0000] {override.py:1769} INFO - Created Permission View: can delete on DAG:example_branch_operator
[2024-03-28T16:32:47.589+0000] {logging_mixin.py:188} INFO - [2024-03-28T16:32:47.589+0000] {dag.py:3047} INFO - Sync 1 DAGs
[2024-03-28T16:32:47.801+0000] {logging_mixin.py:188} INFO - [2024-03-28T16:32:47.786+0000] {dag.py:3069} INFO - Creating ORM DAG for example_branch_operator
[2024-03-28T16:32:48.862+0000] {logging_mixin.py:188} INFO - [2024-03-28T16:32:48.825+0000] {dag.py:3834} INFO - Setting next_dagrun for example_branch_operator to 2024-03-27 00:00:00+00:00, run_after=2024-03-28 00:00:00+00:00
[2024-03-28T16:32:50.684+0000] {processor.py:183} INFO - Processing /home/airflow/.local/lib/python3.8/site-packages/airflow/example_dags/example_branch_operator.py took 6.260 seconds
[2024-03-28T16:36:32.160+0000] {processor.py:161} INFO - Started process (PID=244) to work on /home/airflow/.local/lib/python3.8/site-packages/airflow/example_dags/example_branch_operator.py
[2024-03-28T16:36:32.275+0000] {processor.py:830} INFO - Processing file /home/airflow/.local/lib/python3.8/site-packages/airflow/example_dags/example_branch_operator.py for tasks to queue
[2024-03-28T16:36:32.319+0000] {logging_mixin.py:188} INFO - [2024-03-28T16:36:32.318+0000] {dagbag.py:540} INFO - Filling up the DagBag from /home/airflow/.local/lib/python3.8/site-packages/airflow/example_dags/example_branch_operator.py
[2024-03-28T16:36:33.791+0000] {processor.py:840} INFO - DAG(s) 'example_branch_operator' retrieved from /home/airflow/.local/lib/python3.8/site-packages/airflow/example_dags/example_branch_operator.py
[2024-03-28T16:36:35.152+0000] {logging_mixin.py:188} INFO - [2024-03-28T16:36:35.151+0000] {dag.py:3047} INFO - Sync 1 DAGs
[2024-03-28T16:36:36.980+0000] {logging_mixin.py:188} INFO - [2024-03-28T16:36:36.940+0000] {dag.py:3834} INFO - Setting next_dagrun for example_branch_operator to 2024-03-27 00:00:00+00:00, run_after=2024-03-28 00:00:00+00:00
[2024-03-28T16:36:38.417+0000] {processor.py:183} INFO - Processing /home/airflow/.local/lib/python3.8/site-packages/airflow/example_dags/example_branch_operator.py took 6.358 seconds
[2024-03-28T16:38:52.426+0000] {processor.py:161} INFO - Started process (PID=311) to work on /home/airflow/.local/lib/python3.8/site-packages/airflow/example_dags/example_branch_operator.py
[2024-03-28T16:38:52.491+0000] {processor.py:830} INFO - Processing file /home/airflow/.local/lib/python3.8/site-packages/airflow/example_dags/example_branch_operator.py for tasks to queue
[2024-03-28T16:38:52.816+0000] {logging_mixin.py:188} INFO - [2024-03-28T16:38:52.758+0000] {dagbag.py:540} INFO - Filling up the DagBag from /home/airflow/.local/lib/python3.8/site-packages/airflow/example_dags/example_branch_operator.py
[2024-03-28T16:38:54.437+0000] {processor.py:840} INFO - DAG(s) 'example_branch_operator' retrieved from /home/airflow/.local/lib/python3.8/site-packages/airflow/example_dags/example_branch_operator.py
[2024-03-28T16:38:58.558+0000] {logging_mixin.py:188} INFO - [2024-03-28T16:38:58.558+0000] {dag.py:3047} INFO - Sync 1 DAGs
[2024-03-28T16:38:59.703+0000] {logging_mixin.py:188} INFO - [2024-03-28T16:38:59.700+0000] {dag.py:3834} INFO - Setting next_dagrun for example_branch_operator to 2024-03-27 00:00:00+00:00, run_after=2024-03-28 00:00:00+00:00
[2024-03-28T16:39:00.732+0000] {processor.py:183} INFO - Processing /home/airflow/.local/lib/python3.8/site-packages/airflow/example_dags/example_branch_operator.py took 8.677 seconds
[2024-03-28T16:41:44.773+0000] {processor.py:161} INFO - Started process (PID=379) to work on /home/airflow/.local/lib/python3.8/site-packages/airflow/example_dags/example_branch_operator.py
[2024-03-28T16:41:44.791+0000] {processor.py:830} INFO - Processing file /home/airflow/.local/lib/python3.8/site-packages/airflow/example_dags/example_branch_operator.py for tasks to queue
[2024-03-28T16:41:44.893+0000] {logging_mixin.py:188} INFO - [2024-03-28T16:41:44.892+0000] {dagbag.py:540} INFO - Filling up the DagBag from /home/airflow/.local/lib/python3.8/site-packages/airflow/example_dags/example_branch_operator.py
[2024-03-28T16:41:46.594+0000] {processor.py:840} INFO - DAG(s) 'example_branch_operator' retrieved from /home/airflow/.local/lib/python3.8/site-packages/airflow/example_dags/example_branch_operator.py
[2024-03-28T16:41:49.628+0000] {logging_mixin.py:188} INFO - [2024-03-28T16:41:49.619+0000] {dag.py:3047} INFO - Sync 1 DAGs
[2024-03-28T16:41:51.531+0000] {logging_mixin.py:188} INFO - [2024-03-28T16:41:51.530+0000] {dag.py:3834} INFO - Setting next_dagrun for example_branch_operator to 2024-03-27 00:00:00+00:00, run_after=2024-03-28 00:00:00+00:00
[2024-03-28T16:41:54.280+0000] {processor.py:183} INFO - Processing /home/airflow/.local/lib/python3.8/site-packages/airflow/example_dags/example_branch_operator.py took 10.089 seconds
[2024-03-28T16:45:07.311+0000] {processor.py:161} INFO - Started process (PID=456) to work on /home/airflow/.local/lib/python3.8/site-packages/airflow/example_dags/example_branch_operator.py
[2024-03-28T16:45:07.374+0000] {processor.py:830} INFO - Processing file /home/airflow/.local/lib/python3.8/site-packages/airflow/example_dags/example_branch_operator.py for tasks to queue
[2024-03-28T16:45:07.609+0000] {logging_mixin.py:188} INFO - [2024-03-28T16:45:07.607+0000] {dagbag.py:540} INFO - Filling up the DagBag from /home/airflow/.local/lib/python3.8/site-packages/airflow/example_dags/example_branch_operator.py
[2024-03-28T16:45:09.241+0000] {processor.py:840} INFO - DAG(s) 'example_branch_operator' retrieved from /home/airflow/.local/lib/python3.8/site-packages/airflow/example_dags/example_branch_operator.py
[2024-03-28T16:45:13.378+0000] {logging_mixin.py:188} INFO - [2024-03-28T16:45:13.377+0000] {dag.py:3047} INFO - Sync 1 DAGs
[2024-03-28T16:45:16.602+0000] {logging_mixin.py:188} INFO - [2024-03-28T16:45:16.599+0000] {dag.py:3834} INFO - Setting next_dagrun for example_branch_operator to 2024-03-27 00:00:00+00:00, run_after=2024-03-28 00:00:00+00:00
[2024-03-28T16:45:18.394+0000] {processor.py:183} INFO - Processing /home/airflow/.local/lib/python3.8/site-packages/airflow/example_dags/example_branch_operator.py took 11.476 seconds
[2024-03-28T17:06:11.563+0000] {processor.py:161} INFO - Started process (PID=77) to work on /home/airflow/.local/lib/python3.8/site-packages/airflow/example_dags/example_branch_operator.py
[2024-03-28T17:06:11.569+0000] {processor.py:830} INFO - Processing file /home/airflow/.local/lib/python3.8/site-packages/airflow/example_dags/example_branch_operator.py for tasks to queue
[2024-03-28T17:06:11.591+0000] {logging_mixin.py:188} INFO - [2024-03-28T17:06:11.590+0000] {dagbag.py:540} INFO - Filling up the DagBag from /home/airflow/.local/lib/python3.8/site-packages/airflow/example_dags/example_branch_operator.py
[2024-03-28T17:06:11.754+0000] {processor.py:840} INFO - DAG(s) 'example_branch_operator' retrieved from /home/airflow/.local/lib/python3.8/site-packages/airflow/example_dags/example_branch_operator.py
[2024-03-28T17:06:12.871+0000] {logging_mixin.py:188} INFO - [2024-03-28T17:06:12.871+0000] {dag.py:3047} INFO - Sync 1 DAGs
[2024-03-28T17:06:13.135+0000] {logging_mixin.py:188} INFO - [2024-03-28T17:06:13.127+0000] {dag.py:3834} INFO - Setting next_dagrun for example_branch_operator to 2024-03-27 00:00:00+00:00, run_after=2024-03-28 00:00:00+00:00
[2024-03-28T17:06:13.229+0000] {processor.py:183} INFO - Processing /home/airflow/.local/lib/python3.8/site-packages/airflow/example_dags/example_branch_operator.py took 1.729 seconds
[2024-03-28T17:07:42.836+0000] {processor.py:161} INFO - Started process (PID=144) to work on /home/airflow/.local/lib/python3.8/site-packages/airflow/example_dags/example_branch_operator.py
[2024-03-28T17:07:42.847+0000] {processor.py:830} INFO - Processing file /home/airflow/.local/lib/python3.8/site-packages/airflow/example_dags/example_branch_operator.py for tasks to queue
[2024-03-28T17:07:42.874+0000] {logging_mixin.py:188} INFO - [2024-03-28T17:07:42.873+0000] {dagbag.py:540} INFO - Filling up the DagBag from /home/airflow/.local/lib/python3.8/site-packages/airflow/example_dags/example_branch_operator.py
[2024-03-28T17:07:42.983+0000] {processor.py:840} INFO - DAG(s) 'example_branch_operator' retrieved from /home/airflow/.local/lib/python3.8/site-packages/airflow/example_dags/example_branch_operator.py
[2024-03-28T17:07:43.122+0000] {logging_mixin.py:188} INFO - [2024-03-28T17:07:43.122+0000] {dag.py:3047} INFO - Sync 1 DAGs
[2024-03-28T17:07:43.311+0000] {logging_mixin.py:188} INFO - [2024-03-28T17:07:43.310+0000] {dag.py:3834} INFO - Setting next_dagrun for example_branch_operator to 2024-03-27 00:00:00+00:00, run_after=2024-03-28 00:00:00+00:00
[2024-03-28T17:07:43.418+0000] {processor.py:183} INFO - Processing /home/airflow/.local/lib/python3.8/site-packages/airflow/example_dags/example_branch_operator.py took 0.609 seconds
[2024-03-28T17:08:23.481+0000] {processor.py:161} INFO - Started process (PID=199) to work on /home/airflow/.local/lib/python3.8/site-packages/airflow/example_dags/example_branch_operator.py
[2024-03-28T17:08:23.485+0000] {processor.py:830} INFO - Processing file /home/airflow/.local/lib/python3.8/site-packages/airflow/example_dags/example_branch_operator.py for tasks to queue
[2024-03-28T17:08:23.502+0000] {logging_mixin.py:188} INFO - [2024-03-28T17:08:23.501+0000] {dagbag.py:540} INFO - Filling up the DagBag from /home/airflow/.local/lib/python3.8/site-packages/airflow/example_dags/example_branch_operator.py
[2024-03-28T17:08:24.035+0000] {processor.py:840} INFO - DAG(s) 'example_branch_operator' retrieved from /home/airflow/.local/lib/python3.8/site-packages/airflow/example_dags/example_branch_operator.py
[2024-03-28T17:08:24.365+0000] {logging_mixin.py:188} INFO - [2024-03-28T17:08:24.361+0000] {dag.py:3047} INFO - Sync 1 DAGs
[2024-03-28T17:08:24.684+0000] {logging_mixin.py:188} INFO - [2024-03-28T17:08:24.683+0000] {dag.py:3834} INFO - Setting next_dagrun for example_branch_operator to 2024-03-27 00:00:00+00:00, run_after=2024-03-28 00:00:00+00:00
[2024-03-28T17:08:24.788+0000] {processor.py:183} INFO - Processing /home/airflow/.local/lib/python3.8/site-packages/airflow/example_dags/example_branch_operator.py took 1.324 seconds
[2024-03-28T17:09:20.568+0000] {processor.py:161} INFO - Started process (PID=259) to work on /home/airflow/.local/lib/python3.8/site-packages/airflow/example_dags/example_branch_operator.py
[2024-03-28T17:09:20.581+0000] {processor.py:830} INFO - Processing file /home/airflow/.local/lib/python3.8/site-packages/airflow/example_dags/example_branch_operator.py for tasks to queue
[2024-03-28T17:09:20.608+0000] {logging_mixin.py:188} INFO - [2024-03-28T17:09:20.606+0000] {dagbag.py:540} INFO - Filling up the DagBag from /home/airflow/.local/lib/python3.8/site-packages/airflow/example_dags/example_branch_operator.py
[2024-03-28T17:09:20.903+0000] {processor.py:840} INFO - DAG(s) 'example_branch_operator' retrieved from /home/airflow/.local/lib/python3.8/site-packages/airflow/example_dags/example_branch_operator.py
[2024-03-28T17:09:21.696+0000] {logging_mixin.py:188} INFO - [2024-03-28T17:09:21.696+0000] {dag.py:3047} INFO - Sync 1 DAGs
[2024-03-28T17:09:22.015+0000] {logging_mixin.py:188} INFO - [2024-03-28T17:09:22.015+0000] {dag.py:3834} INFO - Setting next_dagrun for example_branch_operator to 2024-03-27 00:00:00+00:00, run_after=2024-03-28 00:00:00+00:00
[2024-03-28T17:09:22.132+0000] {processor.py:183} INFO - Processing /home/airflow/.local/lib/python3.8/site-packages/airflow/example_dags/example_branch_operator.py took 1.593 seconds
[2024-03-28T17:11:03.002+0000] {processor.py:161} INFO - Started process (PID=335) to work on /home/airflow/.local/lib/python3.8/site-packages/airflow/example_dags/example_branch_operator.py
[2024-03-28T17:11:03.013+0000] {processor.py:830} INFO - Processing file /home/airflow/.local/lib/python3.8/site-packages/airflow/example_dags/example_branch_operator.py for tasks to queue
[2024-03-28T17:11:03.025+0000] {logging_mixin.py:188} INFO - [2024-03-28T17:11:03.024+0000] {dagbag.py:540} INFO - Filling up the DagBag from /home/airflow/.local/lib/python3.8/site-packages/airflow/example_dags/example_branch_operator.py
[2024-03-28T17:11:03.260+0000] {processor.py:840} INFO - DAG(s) 'example_branch_operator' retrieved from /home/airflow/.local/lib/python3.8/site-packages/airflow/example_dags/example_branch_operator.py
[2024-03-28T17:11:03.564+0000] {logging_mixin.py:188} INFO - [2024-03-28T17:11:03.564+0000] {dag.py:3047} INFO - Sync 1 DAGs
[2024-03-28T17:11:03.845+0000] {logging_mixin.py:188} INFO - [2024-03-28T17:11:03.845+0000] {dag.py:3834} INFO - Setting next_dagrun for example_branch_operator to 2024-03-27 00:00:00+00:00, run_after=2024-03-28 00:00:00+00:00
[2024-03-28T17:11:04.076+0000] {processor.py:183} INFO - Processing /home/airflow/.local/lib/python3.8/site-packages/airflow/example_dags/example_branch_operator.py took 1.088 seconds
[2024-03-28T17:12:00.303+0000] {processor.py:161} INFO - Started process (PID=398) to work on /home/airflow/.local/lib/python3.8/site-packages/airflow/example_dags/example_branch_operator.py
[2024-03-28T17:12:00.324+0000] {processor.py:830} INFO - Processing file /home/airflow/.local/lib/python3.8/site-packages/airflow/example_dags/example_branch_operator.py for tasks to queue
[2024-03-28T17:12:00.371+0000] {logging_mixin.py:188} INFO - [2024-03-28T17:12:00.370+0000] {dagbag.py:540} INFO - Filling up the DagBag from /home/airflow/.local/lib/python3.8/site-packages/airflow/example_dags/example_branch_operator.py
[2024-03-28T17:12:00.548+0000] {processor.py:840} INFO - DAG(s) 'example_branch_operator' retrieved from /home/airflow/.local/lib/python3.8/site-packages/airflow/example_dags/example_branch_operator.py
[2024-03-28T17:12:00.918+0000] {logging_mixin.py:188} INFO - [2024-03-28T17:12:00.917+0000] {dag.py:3047} INFO - Sync 1 DAGs
[2024-03-28T17:12:01.680+0000] {logging_mixin.py:188} INFO - [2024-03-28T17:12:01.680+0000] {dag.py:3834} INFO - Setting next_dagrun for example_branch_operator to 2024-03-27 00:00:00+00:00, run_after=2024-03-28 00:00:00+00:00
[2024-03-28T17:12:01.946+0000] {processor.py:183} INFO - Processing /home/airflow/.local/lib/python3.8/site-packages/airflow/example_dags/example_branch_operator.py took 1.706 seconds
[2024-03-28T17:12:39.300+0000] {processor.py:161} INFO - Started process (PID=452) to work on /home/airflow/.local/lib/python3.8/site-packages/airflow/example_dags/example_branch_operator.py
[2024-03-28T17:12:39.306+0000] {processor.py:830} INFO - Processing file /home/airflow/.local/lib/python3.8/site-packages/airflow/example_dags/example_branch_operator.py for tasks to queue
[2024-03-28T17:12:39.319+0000] {logging_mixin.py:188} INFO - [2024-03-28T17:12:39.318+0000] {dagbag.py:540} INFO - Filling up the DagBag from /home/airflow/.local/lib/python3.8/site-packages/airflow/example_dags/example_branch_operator.py
[2024-03-28T17:12:39.454+0000] {processor.py:840} INFO - DAG(s) 'example_branch_operator' retrieved from /home/airflow/.local/lib/python3.8/site-packages/airflow/example_dags/example_branch_operator.py
[2024-03-28T17:12:39.699+0000] {logging_mixin.py:188} INFO - [2024-03-28T17:12:39.697+0000] {dag.py:3047} INFO - Sync 1 DAGs
[2024-03-28T17:12:39.963+0000] {logging_mixin.py:188} INFO - [2024-03-28T17:12:39.960+0000] {dag.py:3834} INFO - Setting next_dagrun for example_branch_operator to 2024-03-27 00:00:00+00:00, run_after=2024-03-28 00:00:00+00:00
[2024-03-28T17:12:40.078+0000] {processor.py:183} INFO - Processing /home/airflow/.local/lib/python3.8/site-packages/airflow/example_dags/example_branch_operator.py took 0.820 seconds
[2024-03-28T17:13:10.306+0000] {processor.py:161} INFO - Started process (PID=508) to work on /home/airflow/.local/lib/python3.8/site-packages/airflow/example_dags/example_branch_operator.py
[2024-03-28T17:13:10.318+0000] {processor.py:830} INFO - Processing file /home/airflow/.local/lib/python3.8/site-packages/airflow/example_dags/example_branch_operator.py for tasks to queue
[2024-03-28T17:13:10.343+0000] {logging_mixin.py:188} INFO - [2024-03-28T17:13:10.338+0000] {dagbag.py:540} INFO - Filling up the DagBag from /home/airflow/.local/lib/python3.8/site-packages/airflow/example_dags/example_branch_operator.py
[2024-03-28T17:13:10.415+0000] {processor.py:840} INFO - DAG(s) 'example_branch_operator' retrieved from /home/airflow/.local/lib/python3.8/site-packages/airflow/example_dags/example_branch_operator.py
[2024-03-28T17:13:10.481+0000] {logging_mixin.py:188} INFO - [2024-03-28T17:13:10.480+0000] {dag.py:3047} INFO - Sync 1 DAGs
[2024-03-28T17:13:10.561+0000] {logging_mixin.py:188} INFO - [2024-03-28T17:13:10.559+0000] {dag.py:3834} INFO - Setting next_dagrun for example_branch_operator to 2024-03-27 00:00:00+00:00, run_after=2024-03-28 00:00:00+00:00
[2024-03-28T17:13:10.647+0000] {processor.py:183} INFO - Processing /home/airflow/.local/lib/python3.8/site-packages/airflow/example_dags/example_branch_operator.py took 0.364 seconds
[2024-03-28T17:13:44.540+0000] {processor.py:161} INFO - Started process (PID=563) to work on /home/airflow/.local/lib/python3.8/site-packages/airflow/example_dags/example_branch_operator.py
[2024-03-28T17:13:44.549+0000] {processor.py:830} INFO - Processing file /home/airflow/.local/lib/python3.8/site-packages/airflow/example_dags/example_branch_operator.py for tasks to queue
[2024-03-28T17:13:44.565+0000] {logging_mixin.py:188} INFO - [2024-03-28T17:13:44.559+0000] {dagbag.py:540} INFO - Filling up the DagBag from /home/airflow/.local/lib/python3.8/site-packages/airflow/example_dags/example_branch_operator.py
[2024-03-28T17:13:44.651+0000] {processor.py:840} INFO - DAG(s) 'example_branch_operator' retrieved from /home/airflow/.local/lib/python3.8/site-packages/airflow/example_dags/example_branch_operator.py
[2024-03-28T17:13:45.023+0000] {logging_mixin.py:188} INFO - [2024-03-28T17:13:45.022+0000] {dag.py:3047} INFO - Sync 1 DAGs
[2024-03-28T17:13:45.202+0000] {logging_mixin.py:188} INFO - [2024-03-28T17:13:45.202+0000] {dag.py:3834} INFO - Setting next_dagrun for example_branch_operator to 2024-03-27 00:00:00+00:00, run_after=2024-03-28 00:00:00+00:00
[2024-03-28T17:13:45.303+0000] {processor.py:183} INFO - Processing /home/airflow/.local/lib/python3.8/site-packages/airflow/example_dags/example_branch_operator.py took 0.786 seconds
[2024-03-28T17:14:21.454+0000] {processor.py:161} INFO - Started process (PID=612) to work on /home/airflow/.local/lib/python3.8/site-packages/airflow/example_dags/example_branch_operator.py
[2024-03-28T17:14:21.459+0000] {processor.py:830} INFO - Processing file /home/airflow/.local/lib/python3.8/site-packages/airflow/example_dags/example_branch_operator.py for tasks to queue
[2024-03-28T17:14:21.475+0000] {logging_mixin.py:188} INFO - [2024-03-28T17:14:21.474+0000] {dagbag.py:540} INFO - Filling up the DagBag from /home/airflow/.local/lib/python3.8/site-packages/airflow/example_dags/example_branch_operator.py
[2024-03-28T17:14:21.533+0000] {processor.py:840} INFO - DAG(s) 'example_branch_operator' retrieved from /home/airflow/.local/lib/python3.8/site-packages/airflow/example_dags/example_branch_operator.py
[2024-03-28T17:14:21.631+0000] {logging_mixin.py:188} INFO - [2024-03-28T17:14:21.631+0000] {dag.py:3047} INFO - Sync 1 DAGs
[2024-03-28T17:14:22.314+0000] {logging_mixin.py:188} INFO - [2024-03-28T17:14:22.312+0000] {dag.py:3834} INFO - Setting next_dagrun for example_branch_operator to 2024-03-27 00:00:00+00:00, run_after=2024-03-28 00:00:00+00:00
[2024-03-28T17:14:22.390+0000] {processor.py:183} INFO - Processing /home/airflow/.local/lib/python3.8/site-packages/airflow/example_dags/example_branch_operator.py took 0.953 seconds
[2024-03-28T17:14:55.299+0000] {processor.py:161} INFO - Started process (PID=666) to work on /home/airflow/.local/lib/python3.8/site-packages/airflow/example_dags/example_branch_operator.py
[2024-03-28T17:14:55.303+0000] {processor.py:830} INFO - Processing file /home/airflow/.local/lib/python3.8/site-packages/airflow/example_dags/example_branch_operator.py for tasks to queue
[2024-03-28T17:14:55.311+0000] {logging_mixin.py:188} INFO - [2024-03-28T17:14:55.310+0000] {dagbag.py:540} INFO - Filling up the DagBag from /home/airflow/.local/lib/python3.8/site-packages/airflow/example_dags/example_branch_operator.py
[2024-03-28T17:14:55.357+0000] {processor.py:840} INFO - DAG(s) 'example_branch_operator' retrieved from /home/airflow/.local/lib/python3.8/site-packages/airflow/example_dags/example_branch_operator.py
[2024-03-28T17:14:55.448+0000] {logging_mixin.py:188} INFO - [2024-03-28T17:14:55.446+0000] {dag.py:3047} INFO - Sync 1 DAGs
[2024-03-28T17:14:55.521+0000] {logging_mixin.py:188} INFO - [2024-03-28T17:14:55.521+0000] {dag.py:3834} INFO - Setting next_dagrun for example_branch_operator to 2024-03-27 00:00:00+00:00, run_after=2024-03-28 00:00:00+00:00
[2024-03-28T17:14:55.590+0000] {processor.py:183} INFO - Processing /home/airflow/.local/lib/python3.8/site-packages/airflow/example_dags/example_branch_operator.py took 0.301 seconds
[2024-03-28T17:15:39.343+0000] {processor.py:161} INFO - Started process (PID=734) to work on /home/airflow/.local/lib/python3.8/site-packages/airflow/example_dags/example_branch_operator.py
[2024-03-28T17:15:39.352+0000] {processor.py:830} INFO - Processing file /home/airflow/.local/lib/python3.8/site-packages/airflow/example_dags/example_branch_operator.py for tasks to queue
[2024-03-28T17:15:39.392+0000] {logging_mixin.py:188} INFO - [2024-03-28T17:15:39.384+0000] {dagbag.py:540} INFO - Filling up the DagBag from /home/airflow/.local/lib/python3.8/site-packages/airflow/example_dags/example_branch_operator.py
[2024-03-28T17:15:39.488+0000] {processor.py:840} INFO - DAG(s) 'example_branch_operator' retrieved from /home/airflow/.local/lib/python3.8/site-packages/airflow/example_dags/example_branch_operator.py
[2024-03-28T17:15:39.612+0000] {logging_mixin.py:188} INFO - [2024-03-28T17:15:39.612+0000] {dag.py:3047} INFO - Sync 1 DAGs
[2024-03-28T17:15:39.697+0000] {logging_mixin.py:188} INFO - [2024-03-28T17:15:39.696+0000] {dag.py:3834} INFO - Setting next_dagrun for example_branch_operator to 2024-03-27 00:00:00+00:00, run_after=2024-03-28 00:00:00+00:00
[2024-03-28T17:15:39.754+0000] {processor.py:183} INFO - Processing /home/airflow/.local/lib/python3.8/site-packages/airflow/example_dags/example_branch_operator.py took 0.435 seconds
[2024-03-28T17:16:10.712+0000] {processor.py:161} INFO - Started process (PID=789) to work on /home/airflow/.local/lib/python3.8/site-packages/airflow/example_dags/example_branch_operator.py
[2024-03-28T17:16:10.719+0000] {processor.py:830} INFO - Processing file /home/airflow/.local/lib/python3.8/site-packages/airflow/example_dags/example_branch_operator.py for tasks to queue
[2024-03-28T17:16:10.730+0000] {logging_mixin.py:188} INFO - [2024-03-28T17:16:10.729+0000] {dagbag.py:540} INFO - Filling up the DagBag from /home/airflow/.local/lib/python3.8/site-packages/airflow/example_dags/example_branch_operator.py
[2024-03-28T17:16:10.836+0000] {processor.py:840} INFO - DAG(s) 'example_branch_operator' retrieved from /home/airflow/.local/lib/python3.8/site-packages/airflow/example_dags/example_branch_operator.py
[2024-03-28T17:16:10.955+0000] {logging_mixin.py:188} INFO - [2024-03-28T17:16:10.954+0000] {dag.py:3047} INFO - Sync 1 DAGs
[2024-03-28T17:16:11.052+0000] {logging_mixin.py:188} INFO - [2024-03-28T17:16:11.051+0000] {dag.py:3834} INFO - Setting next_dagrun for example_branch_operator to 2024-03-27 00:00:00+00:00, run_after=2024-03-28 00:00:00+00:00
[2024-03-28T17:16:11.104+0000] {processor.py:183} INFO - Processing /home/airflow/.local/lib/python3.8/site-packages/airflow/example_dags/example_branch_operator.py took 0.404 seconds
[2024-03-28T17:16:50.168+0000] {processor.py:161} INFO - Started process (PID=841) to work on /home/airflow/.local/lib/python3.8/site-packages/airflow/example_dags/example_branch_operator.py
[2024-03-28T17:16:50.182+0000] {processor.py:830} INFO - Processing file /home/airflow/.local/lib/python3.8/site-packages/airflow/example_dags/example_branch_operator.py for tasks to queue
[2024-03-28T17:16:50.210+0000] {logging_mixin.py:188} INFO - [2024-03-28T17:16:50.209+0000] {dagbag.py:540} INFO - Filling up the DagBag from /home/airflow/.local/lib/python3.8/site-packages/airflow/example_dags/example_branch_operator.py
[2024-03-28T17:16:50.316+0000] {processor.py:840} INFO - DAG(s) 'example_branch_operator' retrieved from /home/airflow/.local/lib/python3.8/site-packages/airflow/example_dags/example_branch_operator.py
[2024-03-28T17:16:50.543+0000] {logging_mixin.py:188} INFO - [2024-03-28T17:16:50.543+0000] {dag.py:3047} INFO - Sync 1 DAGs
[2024-03-28T17:16:50.778+0000] {logging_mixin.py:188} INFO - [2024-03-28T17:16:50.777+0000] {dag.py:3834} INFO - Setting next_dagrun for example_branch_operator to 2024-03-27 00:00:00+00:00, run_after=2024-03-28 00:00:00+00:00
[2024-03-28T17:16:50.859+0000] {processor.py:183} INFO - Processing /home/airflow/.local/lib/python3.8/site-packages/airflow/example_dags/example_branch_operator.py took 0.739 seconds
[2024-03-28T17:17:29.760+0000] {processor.py:161} INFO - Started process (PID=896) to work on /home/airflow/.local/lib/python3.8/site-packages/airflow/example_dags/example_branch_operator.py
[2024-03-28T17:17:29.782+0000] {processor.py:830} INFO - Processing file /home/airflow/.local/lib/python3.8/site-packages/airflow/example_dags/example_branch_operator.py for tasks to queue
[2024-03-28T17:17:29.796+0000] {logging_mixin.py:188} INFO - [2024-03-28T17:17:29.795+0000] {dagbag.py:540} INFO - Filling up the DagBag from /home/airflow/.local/lib/python3.8/site-packages/airflow/example_dags/example_branch_operator.py
[2024-03-28T17:17:30.013+0000] {processor.py:840} INFO - DAG(s) 'example_branch_operator' retrieved from /home/airflow/.local/lib/python3.8/site-packages/airflow/example_dags/example_branch_operator.py
[2024-03-28T17:17:30.683+0000] {logging_mixin.py:188} INFO - [2024-03-28T17:17:30.683+0000] {dag.py:3047} INFO - Sync 1 DAGs
[2024-03-28T17:17:31.247+0000] {logging_mixin.py:188} INFO - [2024-03-28T17:17:31.233+0000] {dag.py:3834} INFO - Setting next_dagrun for example_branch_operator to 2024-03-27 00:00:00+00:00, run_after=2024-03-28 00:00:00+00:00
[2024-03-28T17:17:31.527+0000] {processor.py:183} INFO - Processing /home/airflow/.local/lib/python3.8/site-packages/airflow/example_dags/example_branch_operator.py took 1.838 seconds
[2024-03-28T17:18:26.225+0000] {processor.py:161} INFO - Started process (PID=955) to work on /home/airflow/.local/lib/python3.8/site-packages/airflow/example_dags/example_branch_operator.py
[2024-03-28T17:18:26.240+0000] {processor.py:830} INFO - Processing file /home/airflow/.local/lib/python3.8/site-packages/airflow/example_dags/example_branch_operator.py for tasks to queue
[2024-03-28T17:18:26.460+0000] {logging_mixin.py:188} INFO - [2024-03-28T17:18:26.452+0000] {dagbag.py:540} INFO - Filling up the DagBag from /home/airflow/.local/lib/python3.8/site-packages/airflow/example_dags/example_branch_operator.py
[2024-03-28T17:18:27.009+0000] {processor.py:840} INFO - DAG(s) 'example_branch_operator' retrieved from /home/airflow/.local/lib/python3.8/site-packages/airflow/example_dags/example_branch_operator.py
[2024-03-28T17:18:27.675+0000] {logging_mixin.py:188} INFO - [2024-03-28T17:18:27.675+0000] {dag.py:3047} INFO - Sync 1 DAGs
[2024-03-28T17:18:28.376+0000] {logging_mixin.py:188} INFO - [2024-03-28T17:18:28.375+0000] {dag.py:3834} INFO - Setting next_dagrun for example_branch_operator to 2024-03-27 00:00:00+00:00, run_after=2024-03-28 00:00:00+00:00
[2024-03-28T17:18:28.670+0000] {processor.py:183} INFO - Processing /home/airflow/.local/lib/python3.8/site-packages/airflow/example_dags/example_branch_operator.py took 4.109 seconds
[2024-03-28T17:18:59.547+0000] {processor.py:161} INFO - Started process (PID=1009) to work on /home/airflow/.local/lib/python3.8/site-packages/airflow/example_dags/example_branch_operator.py
[2024-03-28T17:18:59.554+0000] {processor.py:830} INFO - Processing file /home/airflow/.local/lib/python3.8/site-packages/airflow/example_dags/example_branch_operator.py for tasks to queue
[2024-03-28T17:18:59.565+0000] {logging_mixin.py:188} INFO - [2024-03-28T17:18:59.565+0000] {dagbag.py:540} INFO - Filling up the DagBag from /home/airflow/.local/lib/python3.8/site-packages/airflow/example_dags/example_branch_operator.py
[2024-03-28T17:18:59.637+0000] {processor.py:840} INFO - DAG(s) 'example_branch_operator' retrieved from /home/airflow/.local/lib/python3.8/site-packages/airflow/example_dags/example_branch_operator.py
[2024-03-28T17:18:59.735+0000] {logging_mixin.py:188} INFO - [2024-03-28T17:18:59.734+0000] {dag.py:3047} INFO - Sync 1 DAGs
[2024-03-28T17:18:59.795+0000] {logging_mixin.py:188} INFO - [2024-03-28T17:18:59.794+0000] {dag.py:3834} INFO - Setting next_dagrun for example_branch_operator to 2024-03-27 00:00:00+00:00, run_after=2024-03-28 00:00:00+00:00
[2024-03-28T17:18:59.859+0000] {processor.py:183} INFO - Processing /home/airflow/.local/lib/python3.8/site-packages/airflow/example_dags/example_branch_operator.py took 0.335 seconds
[2024-03-28T17:19:31.275+0000] {processor.py:161} INFO - Started process (PID=1064) to work on /home/airflow/.local/lib/python3.8/site-packages/airflow/example_dags/example_branch_operator.py
[2024-03-28T17:19:31.282+0000] {processor.py:830} INFO - Processing file /home/airflow/.local/lib/python3.8/site-packages/airflow/example_dags/example_branch_operator.py for tasks to queue
[2024-03-28T17:19:31.295+0000] {logging_mixin.py:188} INFO - [2024-03-28T17:19:31.292+0000] {dagbag.py:540} INFO - Filling up the DagBag from /home/airflow/.local/lib/python3.8/site-packages/airflow/example_dags/example_branch_operator.py
[2024-03-28T17:19:31.363+0000] {processor.py:840} INFO - DAG(s) 'example_branch_operator' retrieved from /home/airflow/.local/lib/python3.8/site-packages/airflow/example_dags/example_branch_operator.py
[2024-03-28T17:19:31.452+0000] {logging_mixin.py:188} INFO - [2024-03-28T17:19:31.451+0000] {dag.py:3047} INFO - Sync 1 DAGs
[2024-03-28T17:19:31.515+0000] {logging_mixin.py:188} INFO - [2024-03-28T17:19:31.515+0000] {dag.py:3834} INFO - Setting next_dagrun for example_branch_operator to 2024-03-27 00:00:00+00:00, run_after=2024-03-28 00:00:00+00:00
[2024-03-28T17:19:31.572+0000] {processor.py:183} INFO - Processing /home/airflow/.local/lib/python3.8/site-packages/airflow/example_dags/example_branch_operator.py took 0.310 seconds
[2024-03-28T17:20:07.367+0000] {processor.py:161} INFO - Started process (PID=1121) to work on /home/airflow/.local/lib/python3.8/site-packages/airflow/example_dags/example_branch_operator.py
[2024-03-28T17:20:07.370+0000] {processor.py:830} INFO - Processing file /home/airflow/.local/lib/python3.8/site-packages/airflow/example_dags/example_branch_operator.py for tasks to queue
[2024-03-28T17:20:07.384+0000] {logging_mixin.py:188} INFO - [2024-03-28T17:20:07.383+0000] {dagbag.py:540} INFO - Filling up the DagBag from /home/airflow/.local/lib/python3.8/site-packages/airflow/example_dags/example_branch_operator.py
[2024-03-28T17:20:07.454+0000] {processor.py:840} INFO - DAG(s) 'example_branch_operator' retrieved from /home/airflow/.local/lib/python3.8/site-packages/airflow/example_dags/example_branch_operator.py
[2024-03-28T17:20:07.588+0000] {logging_mixin.py:188} INFO - [2024-03-28T17:20:07.587+0000] {dag.py:3047} INFO - Sync 1 DAGs
[2024-03-28T17:20:07.677+0000] {logging_mixin.py:188} INFO - [2024-03-28T17:20:07.676+0000] {dag.py:3834} INFO - Setting next_dagrun for example_branch_operator to 2024-03-27 00:00:00+00:00, run_after=2024-03-28 00:00:00+00:00
[2024-03-28T17:20:07.739+0000] {processor.py:183} INFO - Processing /home/airflow/.local/lib/python3.8/site-packages/airflow/example_dags/example_branch_operator.py took 0.386 seconds
[2024-03-28T17:20:41.779+0000] {processor.py:161} INFO - Started process (PID=1174) to work on /home/airflow/.local/lib/python3.8/site-packages/airflow/example_dags/example_branch_operator.py
[2024-03-28T17:20:41.784+0000] {processor.py:830} INFO - Processing file /home/airflow/.local/lib/python3.8/site-packages/airflow/example_dags/example_branch_operator.py for tasks to queue
[2024-03-28T17:20:41.798+0000] {logging_mixin.py:188} INFO - [2024-03-28T17:20:41.797+0000] {dagbag.py:540} INFO - Filling up the DagBag from /home/airflow/.local/lib/python3.8/site-packages/airflow/example_dags/example_branch_operator.py
[2024-03-28T17:20:42.102+0000] {processor.py:840} INFO - DAG(s) 'example_branch_operator' retrieved from /home/airflow/.local/lib/python3.8/site-packages/airflow/example_dags/example_branch_operator.py
[2024-03-28T17:20:42.540+0000] {logging_mixin.py:188} INFO - [2024-03-28T17:20:42.539+0000] {dag.py:3047} INFO - Sync 1 DAGs
[2024-03-28T17:20:42.779+0000] {logging_mixin.py:188} INFO - [2024-03-28T17:20:42.778+0000] {dag.py:3834} INFO - Setting next_dagrun for example_branch_operator to 2024-03-27 00:00:00+00:00, run_after=2024-03-28 00:00:00+00:00
[2024-03-28T17:20:43.111+0000] {processor.py:183} INFO - Processing /home/airflow/.local/lib/python3.8/site-packages/airflow/example_dags/example_branch_operator.py took 1.346 seconds
[2024-03-28T17:21:13.668+0000] {processor.py:161} INFO - Started process (PID=1229) to work on /home/airflow/.local/lib/python3.8/site-packages/airflow/example_dags/example_branch_operator.py
[2024-03-28T17:21:13.681+0000] {processor.py:830} INFO - Processing file /home/airflow/.local/lib/python3.8/site-packages/airflow/example_dags/example_branch_operator.py for tasks to queue
[2024-03-28T17:21:13.698+0000] {logging_mixin.py:188} INFO - [2024-03-28T17:21:13.697+0000] {dagbag.py:540} INFO - Filling up the DagBag from /home/airflow/.local/lib/python3.8/site-packages/airflow/example_dags/example_branch_operator.py
[2024-03-28T17:21:14.048+0000] {processor.py:840} INFO - DAG(s) 'example_branch_operator' retrieved from /home/airflow/.local/lib/python3.8/site-packages/airflow/example_dags/example_branch_operator.py
[2024-03-28T17:21:14.417+0000] {logging_mixin.py:188} INFO - [2024-03-28T17:21:14.417+0000] {dag.py:3047} INFO - Sync 1 DAGs
[2024-03-28T17:21:14.628+0000] {logging_mixin.py:188} INFO - [2024-03-28T17:21:14.627+0000] {dag.py:3834} INFO - Setting next_dagrun for example_branch_operator to 2024-03-27 00:00:00+00:00, run_after=2024-03-28 00:00:00+00:00
[2024-03-28T17:21:14.781+0000] {processor.py:183} INFO - Processing /home/airflow/.local/lib/python3.8/site-packages/airflow/example_dags/example_branch_operator.py took 1.136 seconds
[2024-03-28T17:21:44.982+0000] {processor.py:161} INFO - Started process (PID=1284) to work on /home/airflow/.local/lib/python3.8/site-packages/airflow/example_dags/example_branch_operator.py
[2024-03-28T17:21:45.023+0000] {processor.py:830} INFO - Processing file /home/airflow/.local/lib/python3.8/site-packages/airflow/example_dags/example_branch_operator.py for tasks to queue
[2024-03-28T17:21:45.035+0000] {logging_mixin.py:188} INFO - [2024-03-28T17:21:45.033+0000] {dagbag.py:540} INFO - Filling up the DagBag from /home/airflow/.local/lib/python3.8/site-packages/airflow/example_dags/example_branch_operator.py
[2024-03-28T17:21:45.156+0000] {processor.py:840} INFO - DAG(s) 'example_branch_operator' retrieved from /home/airflow/.local/lib/python3.8/site-packages/airflow/example_dags/example_branch_operator.py
[2024-03-28T17:21:45.533+0000] {logging_mixin.py:188} INFO - [2024-03-28T17:21:45.532+0000] {dag.py:3047} INFO - Sync 1 DAGs
[2024-03-28T17:21:45.737+0000] {logging_mixin.py:188} INFO - [2024-03-28T17:21:45.736+0000] {dag.py:3834} INFO - Setting next_dagrun for example_branch_operator to 2024-03-27 00:00:00+00:00, run_after=2024-03-28 00:00:00+00:00
[2024-03-28T17:21:45.790+0000] {processor.py:183} INFO - Processing /home/airflow/.local/lib/python3.8/site-packages/airflow/example_dags/example_branch_operator.py took 0.822 seconds
[2024-03-28T17:22:15.864+0000] {processor.py:161} INFO - Started process (PID=1340) to work on /home/airflow/.local/lib/python3.8/site-packages/airflow/example_dags/example_branch_operator.py
[2024-03-28T17:22:15.868+0000] {processor.py:830} INFO - Processing file /home/airflow/.local/lib/python3.8/site-packages/airflow/example_dags/example_branch_operator.py for tasks to queue
[2024-03-28T17:22:15.874+0000] {logging_mixin.py:188} INFO - [2024-03-28T17:22:15.873+0000] {dagbag.py:540} INFO - Filling up the DagBag from /home/airflow/.local/lib/python3.8/site-packages/airflow/example_dags/example_branch_operator.py
[2024-03-28T17:22:15.935+0000] {processor.py:840} INFO - DAG(s) 'example_branch_operator' retrieved from /home/airflow/.local/lib/python3.8/site-packages/airflow/example_dags/example_branch_operator.py
[2024-03-28T17:22:16.060+0000] {logging_mixin.py:188} INFO - [2024-03-28T17:22:16.060+0000] {dag.py:3047} INFO - Sync 1 DAGs
[2024-03-28T17:22:16.121+0000] {logging_mixin.py:188} INFO - [2024-03-28T17:22:16.121+0000] {dag.py:3834} INFO - Setting next_dagrun for example_branch_operator to 2024-03-27 00:00:00+00:00, run_after=2024-03-28 00:00:00+00:00
[2024-03-28T17:22:16.173+0000] {processor.py:183} INFO - Processing /home/airflow/.local/lib/python3.8/site-packages/airflow/example_dags/example_branch_operator.py took 0.320 seconds
[2024-03-28T17:23:03.196+0000] {processor.py:161} INFO - Started process (PID=1404) to work on /home/airflow/.local/lib/python3.8/site-packages/airflow/example_dags/example_branch_operator.py
[2024-03-28T17:23:03.201+0000] {processor.py:830} INFO - Processing file /home/airflow/.local/lib/python3.8/site-packages/airflow/example_dags/example_branch_operator.py for tasks to queue
[2024-03-28T17:23:03.210+0000] {logging_mixin.py:188} INFO - [2024-03-28T17:23:03.209+0000] {dagbag.py:540} INFO - Filling up the DagBag from /home/airflow/.local/lib/python3.8/site-packages/airflow/example_dags/example_branch_operator.py
[2024-03-28T17:23:03.279+0000] {processor.py:840} INFO - DAG(s) 'example_branch_operator' retrieved from /home/airflow/.local/lib/python3.8/site-packages/airflow/example_dags/example_branch_operator.py
[2024-03-28T17:23:03.384+0000] {logging_mixin.py:188} INFO - [2024-03-28T17:23:03.378+0000] {dag.py:3047} INFO - Sync 1 DAGs
[2024-03-28T17:23:03.487+0000] {logging_mixin.py:188} INFO - [2024-03-28T17:23:03.487+0000] {dag.py:3834} INFO - Setting next_dagrun for example_branch_operator to 2024-03-27 00:00:00+00:00, run_after=2024-03-28 00:00:00+00:00
[2024-03-28T17:23:03.567+0000] {processor.py:183} INFO - Processing /home/airflow/.local/lib/python3.8/site-packages/airflow/example_dags/example_branch_operator.py took 0.380 seconds
[2024-03-28T17:23:34.366+0000] {processor.py:161} INFO - Started process (PID=1459) to work on /home/airflow/.local/lib/python3.8/site-packages/airflow/example_dags/example_branch_operator.py
[2024-03-28T17:23:34.371+0000] {processor.py:830} INFO - Processing file /home/airflow/.local/lib/python3.8/site-packages/airflow/example_dags/example_branch_operator.py for tasks to queue
[2024-03-28T17:23:34.378+0000] {logging_mixin.py:188} INFO - [2024-03-28T17:23:34.377+0000] {dagbag.py:540} INFO - Filling up the DagBag from /home/airflow/.local/lib/python3.8/site-packages/airflow/example_dags/example_branch_operator.py
[2024-03-28T17:23:34.458+0000] {processor.py:840} INFO - DAG(s) 'example_branch_operator' retrieved from /home/airflow/.local/lib/python3.8/site-packages/airflow/example_dags/example_branch_operator.py
[2024-03-28T17:23:34.555+0000] {logging_mixin.py:188} INFO - [2024-03-28T17:23:34.554+0000] {dag.py:3047} INFO - Sync 1 DAGs
[2024-03-28T17:23:34.664+0000] {logging_mixin.py:188} INFO - [2024-03-28T17:23:34.662+0000] {dag.py:3834} INFO - Setting next_dagrun for example_branch_operator to 2024-03-27 00:00:00+00:00, run_after=2024-03-28 00:00:00+00:00
[2024-03-28T17:23:34.753+0000] {processor.py:183} INFO - Processing /home/airflow/.local/lib/python3.8/site-packages/airflow/example_dags/example_branch_operator.py took 0.396 seconds
[2024-03-28T17:24:11.923+0000] {processor.py:161} INFO - Started process (PID=1523) to work on /home/airflow/.local/lib/python3.8/site-packages/airflow/example_dags/example_branch_operator.py
[2024-03-28T17:24:11.928+0000] {processor.py:830} INFO - Processing file /home/airflow/.local/lib/python3.8/site-packages/airflow/example_dags/example_branch_operator.py for tasks to queue
[2024-03-28T17:24:11.935+0000] {logging_mixin.py:188} INFO - [2024-03-28T17:24:11.934+0000] {dagbag.py:540} INFO - Filling up the DagBag from /home/airflow/.local/lib/python3.8/site-packages/airflow/example_dags/example_branch_operator.py
[2024-03-28T17:24:12.019+0000] {processor.py:840} INFO - DAG(s) 'example_branch_operator' retrieved from /home/airflow/.local/lib/python3.8/site-packages/airflow/example_dags/example_branch_operator.py
[2024-03-28T17:24:12.129+0000] {logging_mixin.py:188} INFO - [2024-03-28T17:24:12.127+0000] {dag.py:3047} INFO - Sync 1 DAGs
[2024-03-28T17:24:12.245+0000] {logging_mixin.py:188} INFO - [2024-03-28T17:24:12.244+0000] {dag.py:3834} INFO - Setting next_dagrun for example_branch_operator to 2024-03-27 00:00:00+00:00, run_after=2024-03-28 00:00:00+00:00
[2024-03-28T17:24:12.338+0000] {processor.py:183} INFO - Processing /home/airflow/.local/lib/python3.8/site-packages/airflow/example_dags/example_branch_operator.py took 0.426 seconds
[2024-03-28T17:24:48.987+0000] {processor.py:161} INFO - Started process (PID=1576) to work on /home/airflow/.local/lib/python3.8/site-packages/airflow/example_dags/example_branch_operator.py
[2024-03-28T17:24:48.992+0000] {processor.py:830} INFO - Processing file /home/airflow/.local/lib/python3.8/site-packages/airflow/example_dags/example_branch_operator.py for tasks to queue
[2024-03-28T17:24:49.005+0000] {logging_mixin.py:188} INFO - [2024-03-28T17:24:49.004+0000] {dagbag.py:540} INFO - Filling up the DagBag from /home/airflow/.local/lib/python3.8/site-packages/airflow/example_dags/example_branch_operator.py
[2024-03-28T17:24:49.080+0000] {processor.py:840} INFO - DAG(s) 'example_branch_operator' retrieved from /home/airflow/.local/lib/python3.8/site-packages/airflow/example_dags/example_branch_operator.py
[2024-03-28T17:24:49.208+0000] {logging_mixin.py:188} INFO - [2024-03-28T17:24:49.207+0000] {dag.py:3047} INFO - Sync 1 DAGs
[2024-03-28T17:24:49.298+0000] {logging_mixin.py:188} INFO - [2024-03-28T17:24:49.297+0000] {dag.py:3834} INFO - Setting next_dagrun for example_branch_operator to 2024-03-27 00:00:00+00:00, run_after=2024-03-28 00:00:00+00:00
[2024-03-28T17:24:49.373+0000] {processor.py:183} INFO - Processing /home/airflow/.local/lib/python3.8/site-packages/airflow/example_dags/example_branch_operator.py took 0.400 seconds
[2024-03-28T17:25:24.631+0000] {processor.py:161} INFO - Started process (PID=1631) to work on /home/airflow/.local/lib/python3.8/site-packages/airflow/example_dags/example_branch_operator.py
[2024-03-28T17:25:24.645+0000] {processor.py:830} INFO - Processing file /home/airflow/.local/lib/python3.8/site-packages/airflow/example_dags/example_branch_operator.py for tasks to queue
[2024-03-28T17:25:24.672+0000] {logging_mixin.py:188} INFO - [2024-03-28T17:25:24.670+0000] {dagbag.py:540} INFO - Filling up the DagBag from /home/airflow/.local/lib/python3.8/site-packages/airflow/example_dags/example_branch_operator.py
[2024-03-28T17:25:24.808+0000] {processor.py:840} INFO - DAG(s) 'example_branch_operator' retrieved from /home/airflow/.local/lib/python3.8/site-packages/airflow/example_dags/example_branch_operator.py
[2024-03-28T17:25:24.995+0000] {logging_mixin.py:188} INFO - [2024-03-28T17:25:24.994+0000] {dag.py:3047} INFO - Sync 1 DAGs
[2024-03-28T17:25:25.110+0000] {logging_mixin.py:188} INFO - [2024-03-28T17:25:25.108+0000] {dag.py:3834} INFO - Setting next_dagrun for example_branch_operator to 2024-03-27 00:00:00+00:00, run_after=2024-03-28 00:00:00+00:00
[2024-03-28T17:25:25.308+0000] {processor.py:183} INFO - Processing /home/airflow/.local/lib/python3.8/site-packages/airflow/example_dags/example_branch_operator.py took 0.700 seconds
[2024-03-28T17:25:56.862+0000] {processor.py:161} INFO - Started process (PID=1686) to work on /home/airflow/.local/lib/python3.8/site-packages/airflow/example_dags/example_branch_operator.py
[2024-03-28T17:25:56.886+0000] {processor.py:830} INFO - Processing file /home/airflow/.local/lib/python3.8/site-packages/airflow/example_dags/example_branch_operator.py for tasks to queue
[2024-03-28T17:25:56.940+0000] {logging_mixin.py:188} INFO - [2024-03-28T17:25:56.920+0000] {dagbag.py:540} INFO - Filling up the DagBag from /home/airflow/.local/lib/python3.8/site-packages/airflow/example_dags/example_branch_operator.py
[2024-03-28T17:25:57.211+0000] {processor.py:840} INFO - DAG(s) 'example_branch_operator' retrieved from /home/airflow/.local/lib/python3.8/site-packages/airflow/example_dags/example_branch_operator.py
[2024-03-28T17:25:57.632+0000] {logging_mixin.py:188} INFO - [2024-03-28T17:25:57.632+0000] {dag.py:3047} INFO - Sync 1 DAGs
[2024-03-28T17:25:58.093+0000] {logging_mixin.py:188} INFO - [2024-03-28T17:25:58.068+0000] {dag.py:3834} INFO - Setting next_dagrun for example_branch_operator to 2024-03-27 00:00:00+00:00, run_after=2024-03-28 00:00:00+00:00
[2024-03-28T17:25:58.354+0000] {processor.py:183} INFO - Processing /home/airflow/.local/lib/python3.8/site-packages/airflow/example_dags/example_branch_operator.py took 1.669 seconds
[2024-03-28T17:26:28.969+0000] {processor.py:161} INFO - Started process (PID=1741) to work on /home/airflow/.local/lib/python3.8/site-packages/airflow/example_dags/example_branch_operator.py
[2024-03-28T17:26:28.976+0000] {processor.py:830} INFO - Processing file /home/airflow/.local/lib/python3.8/site-packages/airflow/example_dags/example_branch_operator.py for tasks to queue
[2024-03-28T17:26:28.985+0000] {logging_mixin.py:188} INFO - [2024-03-28T17:26:28.984+0000] {dagbag.py:540} INFO - Filling up the DagBag from /home/airflow/.local/lib/python3.8/site-packages/airflow/example_dags/example_branch_operator.py
[2024-03-28T17:26:29.038+0000] {processor.py:840} INFO - DAG(s) 'example_branch_operator' retrieved from /home/airflow/.local/lib/python3.8/site-packages/airflow/example_dags/example_branch_operator.py
[2024-03-28T17:26:29.236+0000] {logging_mixin.py:188} INFO - [2024-03-28T17:26:29.232+0000] {dag.py:3047} INFO - Sync 1 DAGs
[2024-03-28T17:26:29.471+0000] {logging_mixin.py:188} INFO - [2024-03-28T17:26:29.470+0000] {dag.py:3834} INFO - Setting next_dagrun for example_branch_operator to 2024-03-27 00:00:00+00:00, run_after=2024-03-28 00:00:00+00:00
[2024-03-28T17:26:29.657+0000] {processor.py:183} INFO - Processing /home/airflow/.local/lib/python3.8/site-packages/airflow/example_dags/example_branch_operator.py took 0.702 seconds
[2024-03-28T17:27:00.466+0000] {processor.py:161} INFO - Started process (PID=1795) to work on /home/airflow/.local/lib/python3.8/site-packages/airflow/example_dags/example_branch_operator.py
[2024-03-28T17:27:00.475+0000] {processor.py:830} INFO - Processing file /home/airflow/.local/lib/python3.8/site-packages/airflow/example_dags/example_branch_operator.py for tasks to queue
[2024-03-28T17:27:00.495+0000] {logging_mixin.py:188} INFO - [2024-03-28T17:27:00.492+0000] {dagbag.py:540} INFO - Filling up the DagBag from /home/airflow/.local/lib/python3.8/site-packages/airflow/example_dags/example_branch_operator.py
[2024-03-28T17:27:00.579+0000] {processor.py:840} INFO - DAG(s) 'example_branch_operator' retrieved from /home/airflow/.local/lib/python3.8/site-packages/airflow/example_dags/example_branch_operator.py
[2024-03-28T17:27:00.728+0000] {logging_mixin.py:188} INFO - [2024-03-28T17:27:00.728+0000] {dag.py:3047} INFO - Sync 1 DAGs
[2024-03-28T17:27:00.818+0000] {logging_mixin.py:188} INFO - [2024-03-28T17:27:00.818+0000] {dag.py:3834} INFO - Setting next_dagrun for example_branch_operator to 2024-03-27 00:00:00+00:00, run_after=2024-03-28 00:00:00+00:00
[2024-03-28T17:27:00.883+0000] {processor.py:183} INFO - Processing /home/airflow/.local/lib/python3.8/site-packages/airflow/example_dags/example_branch_operator.py took 0.432 seconds
[2024-03-28T17:27:35.939+0000] {processor.py:161} INFO - Started process (PID=1851) to work on /home/airflow/.local/lib/python3.8/site-packages/airflow/example_dags/example_branch_operator.py
[2024-03-28T17:27:35.948+0000] {processor.py:830} INFO - Processing file /home/airflow/.local/lib/python3.8/site-packages/airflow/example_dags/example_branch_operator.py for tasks to queue
[2024-03-28T17:27:35.963+0000] {logging_mixin.py:188} INFO - [2024-03-28T17:27:35.960+0000] {dagbag.py:540} INFO - Filling up the DagBag from /home/airflow/.local/lib/python3.8/site-packages/airflow/example_dags/example_branch_operator.py
[2024-03-28T17:27:36.027+0000] {processor.py:840} INFO - DAG(s) 'example_branch_operator' retrieved from /home/airflow/.local/lib/python3.8/site-packages/airflow/example_dags/example_branch_operator.py
[2024-03-28T17:27:36.120+0000] {logging_mixin.py:188} INFO - [2024-03-28T17:27:36.118+0000] {dag.py:3047} INFO - Sync 1 DAGs
[2024-03-28T17:27:36.217+0000] {logging_mixin.py:188} INFO - [2024-03-28T17:27:36.215+0000] {dag.py:3834} INFO - Setting next_dagrun for example_branch_operator to 2024-03-27 00:00:00+00:00, run_after=2024-03-28 00:00:00+00:00
[2024-03-28T17:27:36.285+0000] {processor.py:183} INFO - Processing /home/airflow/.local/lib/python3.8/site-packages/airflow/example_dags/example_branch_operator.py took 0.361 seconds
[2024-03-28T17:28:07.148+0000] {processor.py:161} INFO - Started process (PID=1904) to work on /home/airflow/.local/lib/python3.8/site-packages/airflow/example_dags/example_branch_operator.py
[2024-03-28T17:28:07.154+0000] {processor.py:830} INFO - Processing file /home/airflow/.local/lib/python3.8/site-packages/airflow/example_dags/example_branch_operator.py for tasks to queue
[2024-03-28T17:28:07.166+0000] {logging_mixin.py:188} INFO - [2024-03-28T17:28:07.164+0000] {dagbag.py:540} INFO - Filling up the DagBag from /home/airflow/.local/lib/python3.8/site-packages/airflow/example_dags/example_branch_operator.py
[2024-03-28T17:28:07.217+0000] {processor.py:840} INFO - DAG(s) 'example_branch_operator' retrieved from /home/airflow/.local/lib/python3.8/site-packages/airflow/example_dags/example_branch_operator.py
[2024-03-28T17:28:07.321+0000] {logging_mixin.py:188} INFO - [2024-03-28T17:28:07.321+0000] {dag.py:3047} INFO - Sync 1 DAGs
[2024-03-28T17:28:07.415+0000] {logging_mixin.py:188} INFO - [2024-03-28T17:28:07.415+0000] {dag.py:3834} INFO - Setting next_dagrun for example_branch_operator to 2024-03-27 00:00:00+00:00, run_after=2024-03-28 00:00:00+00:00
[2024-03-28T17:28:07.485+0000] {processor.py:183} INFO - Processing /home/airflow/.local/lib/python3.8/site-packages/airflow/example_dags/example_branch_operator.py took 0.354 seconds
[2024-03-28T17:28:44.714+0000] {processor.py:161} INFO - Started process (PID=1962) to work on /home/airflow/.local/lib/python3.8/site-packages/airflow/example_dags/example_branch_operator.py
[2024-03-28T17:28:44.737+0000] {processor.py:830} INFO - Processing file /home/airflow/.local/lib/python3.8/site-packages/airflow/example_dags/example_branch_operator.py for tasks to queue
[2024-03-28T17:28:44.765+0000] {logging_mixin.py:188} INFO - [2024-03-28T17:28:44.763+0000] {dagbag.py:540} INFO - Filling up the DagBag from /home/airflow/.local/lib/python3.8/site-packages/airflow/example_dags/example_branch_operator.py
[2024-03-28T17:28:44.961+0000] {processor.py:840} INFO - DAG(s) 'example_branch_operator' retrieved from /home/airflow/.local/lib/python3.8/site-packages/airflow/example_dags/example_branch_operator.py
[2024-03-28T17:28:45.244+0000] {logging_mixin.py:188} INFO - [2024-03-28T17:28:45.216+0000] {dag.py:3047} INFO - Sync 1 DAGs
[2024-03-28T17:28:45.842+0000] {logging_mixin.py:188} INFO - [2024-03-28T17:28:45.837+0000] {dag.py:3834} INFO - Setting next_dagrun for example_branch_operator to 2024-03-27 00:00:00+00:00, run_after=2024-03-28 00:00:00+00:00
[2024-03-28T17:28:46.198+0000] {processor.py:183} INFO - Processing /home/airflow/.local/lib/python3.8/site-packages/airflow/example_dags/example_branch_operator.py took 1.507 seconds
[2024-03-28T17:29:17.050+0000] {processor.py:161} INFO - Started process (PID=2018) to work on /home/airflow/.local/lib/python3.8/site-packages/airflow/example_dags/example_branch_operator.py
[2024-03-28T17:29:17.071+0000] {processor.py:830} INFO - Processing file /home/airflow/.local/lib/python3.8/site-packages/airflow/example_dags/example_branch_operator.py for tasks to queue
[2024-03-28T17:29:17.100+0000] {logging_mixin.py:188} INFO - [2024-03-28T17:29:17.097+0000] {dagbag.py:540} INFO - Filling up the DagBag from /home/airflow/.local/lib/python3.8/site-packages/airflow/example_dags/example_branch_operator.py
[2024-03-28T17:29:17.322+0000] {processor.py:840} INFO - DAG(s) 'example_branch_operator' retrieved from /home/airflow/.local/lib/python3.8/site-packages/airflow/example_dags/example_branch_operator.py
[2024-03-28T17:29:17.466+0000] {logging_mixin.py:188} INFO - [2024-03-28T17:29:17.465+0000] {dag.py:3047} INFO - Sync 1 DAGs
[2024-03-28T17:29:17.857+0000] {logging_mixin.py:188} INFO - [2024-03-28T17:29:17.856+0000] {dag.py:3834} INFO - Setting next_dagrun for example_branch_operator to 2024-03-27 00:00:00+00:00, run_after=2024-03-28 00:00:00+00:00
[2024-03-28T17:29:18.083+0000] {processor.py:183} INFO - Processing /home/airflow/.local/lib/python3.8/site-packages/airflow/example_dags/example_branch_operator.py took 1.057 seconds
[2024-03-28T17:29:49.175+0000] {processor.py:161} INFO - Started process (PID=2073) to work on /home/airflow/.local/lib/python3.8/site-packages/airflow/example_dags/example_branch_operator.py
[2024-03-28T17:29:49.210+0000] {processor.py:830} INFO - Processing file /home/airflow/.local/lib/python3.8/site-packages/airflow/example_dags/example_branch_operator.py for tasks to queue
[2024-03-28T17:29:49.214+0000] {logging_mixin.py:188} INFO - [2024-03-28T17:29:49.214+0000] {dagbag.py:540} INFO - Filling up the DagBag from /home/airflow/.local/lib/python3.8/site-packages/airflow/example_dags/example_branch_operator.py
[2024-03-28T17:29:49.357+0000] {processor.py:840} INFO - DAG(s) 'example_branch_operator' retrieved from /home/airflow/.local/lib/python3.8/site-packages/airflow/example_dags/example_branch_operator.py
[2024-03-28T17:29:49.623+0000] {logging_mixin.py:188} INFO - [2024-03-28T17:29:49.622+0000] {dag.py:3047} INFO - Sync 1 DAGs
[2024-03-28T17:29:49.771+0000] {logging_mixin.py:188} INFO - [2024-03-28T17:29:49.763+0000] {dag.py:3834} INFO - Setting next_dagrun for example_branch_operator to 2024-03-27 00:00:00+00:00, run_after=2024-03-28 00:00:00+00:00
[2024-03-28T17:29:49.928+0000] {processor.py:183} INFO - Processing /home/airflow/.local/lib/python3.8/site-packages/airflow/example_dags/example_branch_operator.py took 0.759 seconds
[2024-03-28T17:30:20.121+0000] {processor.py:161} INFO - Started process (PID=2129) to work on /home/airflow/.local/lib/python3.8/site-packages/airflow/example_dags/example_branch_operator.py
[2024-03-28T17:30:20.126+0000] {processor.py:830} INFO - Processing file /home/airflow/.local/lib/python3.8/site-packages/airflow/example_dags/example_branch_operator.py for tasks to queue
[2024-03-28T17:30:20.134+0000] {logging_mixin.py:188} INFO - [2024-03-28T17:30:20.133+0000] {dagbag.py:540} INFO - Filling up the DagBag from /home/airflow/.local/lib/python3.8/site-packages/airflow/example_dags/example_branch_operator.py
[2024-03-28T17:30:20.234+0000] {processor.py:840} INFO - DAG(s) 'example_branch_operator' retrieved from /home/airflow/.local/lib/python3.8/site-packages/airflow/example_dags/example_branch_operator.py
[2024-03-28T17:30:20.430+0000] {logging_mixin.py:188} INFO - [2024-03-28T17:30:20.429+0000] {dag.py:3047} INFO - Sync 1 DAGs
[2024-03-28T17:30:20.714+0000] {logging_mixin.py:188} INFO - [2024-03-28T17:30:20.713+0000] {dag.py:3834} INFO - Setting next_dagrun for example_branch_operator to 2024-03-27 00:00:00+00:00, run_after=2024-03-28 00:00:00+00:00
[2024-03-28T17:30:20.855+0000] {processor.py:183} INFO - Processing /home/airflow/.local/lib/python3.8/site-packages/airflow/example_dags/example_branch_operator.py took 0.744 seconds
[2024-03-28T17:31:00.763+0000] {processor.py:161} INFO - Started process (PID=2186) to work on /home/airflow/.local/lib/python3.8/site-packages/airflow/example_dags/example_branch_operator.py
[2024-03-28T17:31:00.792+0000] {processor.py:830} INFO - Processing file /home/airflow/.local/lib/python3.8/site-packages/airflow/example_dags/example_branch_operator.py for tasks to queue
[2024-03-28T17:31:00.802+0000] {logging_mixin.py:188} INFO - [2024-03-28T17:31:00.800+0000] {dagbag.py:540} INFO - Filling up the DagBag from /home/airflow/.local/lib/python3.8/site-packages/airflow/example_dags/example_branch_operator.py
[2024-03-28T17:31:00.895+0000] {processor.py:840} INFO - DAG(s) 'example_branch_operator' retrieved from /home/airflow/.local/lib/python3.8/site-packages/airflow/example_dags/example_branch_operator.py
[2024-03-28T17:31:01.041+0000] {logging_mixin.py:188} INFO - [2024-03-28T17:31:01.040+0000] {dag.py:3047} INFO - Sync 1 DAGs
[2024-03-28T17:31:01.184+0000] {logging_mixin.py:188} INFO - [2024-03-28T17:31:01.184+0000] {dag.py:3834} INFO - Setting next_dagrun for example_branch_operator to 2024-03-27 00:00:00+00:00, run_after=2024-03-28 00:00:00+00:00
[2024-03-28T17:31:01.290+0000] {processor.py:183} INFO - Processing /home/airflow/.local/lib/python3.8/site-packages/airflow/example_dags/example_branch_operator.py took 0.548 seconds
[2024-03-28T17:31:33.636+0000] {processor.py:161} INFO - Started process (PID=2240) to work on /home/airflow/.local/lib/python3.8/site-packages/airflow/example_dags/example_branch_operator.py
[2024-03-28T17:31:33.642+0000] {processor.py:830} INFO - Processing file /home/airflow/.local/lib/python3.8/site-packages/airflow/example_dags/example_branch_operator.py for tasks to queue
[2024-03-28T17:31:33.655+0000] {logging_mixin.py:188} INFO - [2024-03-28T17:31:33.653+0000] {dagbag.py:540} INFO - Filling up the DagBag from /home/airflow/.local/lib/python3.8/site-packages/airflow/example_dags/example_branch_operator.py
[2024-03-28T17:31:33.726+0000] {processor.py:840} INFO - DAG(s) 'example_branch_operator' retrieved from /home/airflow/.local/lib/python3.8/site-packages/airflow/example_dags/example_branch_operator.py
[2024-03-28T17:31:34.091+0000] {logging_mixin.py:188} INFO - [2024-03-28T17:31:34.090+0000] {dag.py:3047} INFO - Sync 1 DAGs
[2024-03-28T17:31:34.237+0000] {logging_mixin.py:188} INFO - [2024-03-28T17:31:34.233+0000] {dag.py:3834} INFO - Setting next_dagrun for example_branch_operator to 2024-03-27 00:00:00+00:00, run_after=2024-03-28 00:00:00+00:00
[2024-03-28T17:31:34.299+0000] {processor.py:183} INFO - Processing /home/airflow/.local/lib/python3.8/site-packages/airflow/example_dags/example_branch_operator.py took 0.678 seconds
[2024-03-28T17:32:13.445+0000] {processor.py:161} INFO - Started process (PID=2293) to work on /home/airflow/.local/lib/python3.8/site-packages/airflow/example_dags/example_branch_operator.py
[2024-03-28T17:32:13.450+0000] {processor.py:830} INFO - Processing file /home/airflow/.local/lib/python3.8/site-packages/airflow/example_dags/example_branch_operator.py for tasks to queue
[2024-03-28T17:32:13.462+0000] {logging_mixin.py:188} INFO - [2024-03-28T17:32:13.461+0000] {dagbag.py:540} INFO - Filling up the DagBag from /home/airflow/.local/lib/python3.8/site-packages/airflow/example_dags/example_branch_operator.py
[2024-03-28T17:32:13.538+0000] {processor.py:840} INFO - DAG(s) 'example_branch_operator' retrieved from /home/airflow/.local/lib/python3.8/site-packages/airflow/example_dags/example_branch_operator.py
[2024-03-28T17:32:13.628+0000] {logging_mixin.py:188} INFO - [2024-03-28T17:32:13.628+0000] {dag.py:3047} INFO - Sync 1 DAGs
[2024-03-28T17:32:13.734+0000] {logging_mixin.py:188} INFO - [2024-03-28T17:32:13.734+0000] {dag.py:3834} INFO - Setting next_dagrun for example_branch_operator to 2024-03-27 00:00:00+00:00, run_after=2024-03-28 00:00:00+00:00
[2024-03-28T17:32:13.815+0000] {processor.py:183} INFO - Processing /home/airflow/.local/lib/python3.8/site-packages/airflow/example_dags/example_branch_operator.py took 0.397 seconds
[2024-03-28T17:32:50.446+0000] {processor.py:161} INFO - Started process (PID=2353) to work on /home/airflow/.local/lib/python3.8/site-packages/airflow/example_dags/example_branch_operator.py
[2024-03-28T17:32:50.451+0000] {processor.py:830} INFO - Processing file /home/airflow/.local/lib/python3.8/site-packages/airflow/example_dags/example_branch_operator.py for tasks to queue
[2024-03-28T17:32:50.462+0000] {logging_mixin.py:188} INFO - [2024-03-28T17:32:50.460+0000] {dagbag.py:540} INFO - Filling up the DagBag from /home/airflow/.local/lib/python3.8/site-packages/airflow/example_dags/example_branch_operator.py
[2024-03-28T17:32:50.521+0000] {processor.py:840} INFO - DAG(s) 'example_branch_operator' retrieved from /home/airflow/.local/lib/python3.8/site-packages/airflow/example_dags/example_branch_operator.py
[2024-03-28T17:32:50.855+0000] {logging_mixin.py:188} INFO - [2024-03-28T17:32:50.854+0000] {dag.py:3047} INFO - Sync 1 DAGs
[2024-03-28T17:32:50.965+0000] {logging_mixin.py:188} INFO - [2024-03-28T17:32:50.964+0000] {dag.py:3834} INFO - Setting next_dagrun for example_branch_operator to 2024-03-27 00:00:00+00:00, run_after=2024-03-28 00:00:00+00:00
[2024-03-28T17:32:51.024+0000] {processor.py:183} INFO - Processing /home/airflow/.local/lib/python3.8/site-packages/airflow/example_dags/example_branch_operator.py took 0.593 seconds
[2024-03-28T17:33:22.858+0000] {processor.py:161} INFO - Started process (PID=2408) to work on /home/airflow/.local/lib/python3.8/site-packages/airflow/example_dags/example_branch_operator.py
[2024-03-28T17:33:22.871+0000] {processor.py:830} INFO - Processing file /home/airflow/.local/lib/python3.8/site-packages/airflow/example_dags/example_branch_operator.py for tasks to queue
[2024-03-28T17:33:22.887+0000] {logging_mixin.py:188} INFO - [2024-03-28T17:33:22.886+0000] {dagbag.py:540} INFO - Filling up the DagBag from /home/airflow/.local/lib/python3.8/site-packages/airflow/example_dags/example_branch_operator.py
[2024-03-28T17:33:23.106+0000] {processor.py:840} INFO - DAG(s) 'example_branch_operator' retrieved from /home/airflow/.local/lib/python3.8/site-packages/airflow/example_dags/example_branch_operator.py
[2024-03-28T17:33:23.272+0000] {logging_mixin.py:188} INFO - [2024-03-28T17:33:23.271+0000] {dag.py:3047} INFO - Sync 1 DAGs
[2024-03-28T17:33:23.368+0000] {logging_mixin.py:188} INFO - [2024-03-28T17:33:23.368+0000] {dag.py:3834} INFO - Setting next_dagrun for example_branch_operator to 2024-03-27 00:00:00+00:00, run_after=2024-03-28 00:00:00+00:00
[2024-03-28T17:33:23.501+0000] {processor.py:183} INFO - Processing /home/airflow/.local/lib/python3.8/site-packages/airflow/example_dags/example_branch_operator.py took 0.674 seconds
