[2024-03-28T16:32:43.854+0000] {processor.py:161} INFO - Started process (PID=153) to work on /home/airflow/.local/lib/python3.8/site-packages/airflow/example_dags/example_python_operator.py
[2024-03-28T16:32:43.877+0000] {processor.py:830} INFO - Processing file /home/airflow/.local/lib/python3.8/site-packages/airflow/example_dags/example_python_operator.py for tasks to queue
[2024-03-28T16:32:43.915+0000] {logging_mixin.py:188} INFO - [2024-03-28T16:32:43.914+0000] {dagbag.py:540} INFO - Filling up the DagBag from /home/airflow/.local/lib/python3.8/site-packages/airflow/example_dags/example_python_operator.py
[2024-03-28T16:32:44.230+0000] {processor.py:840} INFO - DAG(s) 'example_python_operator' retrieved from /home/airflow/.local/lib/python3.8/site-packages/airflow/example_dags/example_python_operator.py
[2024-03-28T16:32:46.403+0000] {logging_mixin.py:188} INFO - [2024-03-28T16:32:46.402+0000] {override.py:1769} INFO - Created Permission View: can edit on DAG:example_python_operator
[2024-03-28T16:32:46.457+0000] {logging_mixin.py:188} INFO - [2024-03-28T16:32:46.457+0000] {override.py:1769} INFO - Created Permission View: can read on DAG:example_python_operator
[2024-03-28T16:32:46.503+0000] {logging_mixin.py:188} INFO - [2024-03-28T16:32:46.502+0000] {override.py:1769} INFO - Created Permission View: can delete on DAG:example_python_operator
[2024-03-28T16:32:46.510+0000] {logging_mixin.py:188} INFO - [2024-03-28T16:32:46.509+0000] {dag.py:3047} INFO - Sync 1 DAGs
[2024-03-28T16:32:46.613+0000] {logging_mixin.py:188} INFO - [2024-03-28T16:32:46.612+0000] {dag.py:3069} INFO - Creating ORM DAG for example_python_operator
[2024-03-28T16:32:46.629+0000] {logging_mixin.py:188} INFO - [2024-03-28T16:32:46.629+0000] {dag.py:3834} INFO - Setting next_dagrun for example_python_operator to None, run_after=None
[2024-03-28T16:32:46.791+0000] {processor.py:183} INFO - Processing /home/airflow/.local/lib/python3.8/site-packages/airflow/example_dags/example_python_operator.py took 2.968 seconds
[2024-03-28T16:36:30.466+0000] {processor.py:161} INFO - Started process (PID=243) to work on /home/airflow/.local/lib/python3.8/site-packages/airflow/example_dags/example_python_operator.py
[2024-03-28T16:36:30.515+0000] {processor.py:830} INFO - Processing file /home/airflow/.local/lib/python3.8/site-packages/airflow/example_dags/example_python_operator.py for tasks to queue
[2024-03-28T16:36:31.195+0000] {logging_mixin.py:188} INFO - [2024-03-28T16:36:31.157+0000] {dagbag.py:540} INFO - Filling up the DagBag from /home/airflow/.local/lib/python3.8/site-packages/airflow/example_dags/example_python_operator.py
[2024-03-28T16:36:31.828+0000] {processor.py:840} INFO - DAG(s) 'example_python_operator' retrieved from /home/airflow/.local/lib/python3.8/site-packages/airflow/example_dags/example_python_operator.py
[2024-03-28T16:36:32.922+0000] {logging_mixin.py:188} INFO - [2024-03-28T16:36:32.920+0000] {dag.py:3047} INFO - Sync 1 DAGs
[2024-03-28T16:36:34.350+0000] {logging_mixin.py:188} INFO - [2024-03-28T16:36:34.350+0000] {dag.py:3834} INFO - Setting next_dagrun for example_python_operator to None, run_after=None
[2024-03-28T16:36:34.933+0000] {processor.py:183} INFO - Processing /home/airflow/.local/lib/python3.8/site-packages/airflow/example_dags/example_python_operator.py took 4.795 seconds
[2024-03-28T16:38:49.947+0000] {processor.py:161} INFO - Started process (PID=310) to work on /home/airflow/.local/lib/python3.8/site-packages/airflow/example_dags/example_python_operator.py
[2024-03-28T16:38:50.126+0000] {processor.py:830} INFO - Processing file /home/airflow/.local/lib/python3.8/site-packages/airflow/example_dags/example_python_operator.py for tasks to queue
[2024-03-28T16:38:50.689+0000] {logging_mixin.py:188} INFO - [2024-03-28T16:38:50.257+0000] {dagbag.py:540} INFO - Filling up the DagBag from /home/airflow/.local/lib/python3.8/site-packages/airflow/example_dags/example_python_operator.py
[2024-03-28T16:38:52.121+0000] {processor.py:840} INFO - DAG(s) 'example_python_operator' retrieved from /home/airflow/.local/lib/python3.8/site-packages/airflow/example_dags/example_python_operator.py
[2024-03-28T16:38:54.238+0000] {logging_mixin.py:188} INFO - [2024-03-28T16:38:54.135+0000] {dag.py:3047} INFO - Sync 1 DAGs
[2024-03-28T16:38:57.964+0000] {logging_mixin.py:188} INFO - [2024-03-28T16:38:57.947+0000] {dag.py:3834} INFO - Setting next_dagrun for example_python_operator to None, run_after=None
[2024-03-28T16:38:58.582+0000] {processor.py:183} INFO - Processing /home/airflow/.local/lib/python3.8/site-packages/airflow/example_dags/example_python_operator.py took 8.752 seconds
[2024-03-28T16:41:42.664+0000] {processor.py:161} INFO - Started process (PID=378) to work on /home/airflow/.local/lib/python3.8/site-packages/airflow/example_dags/example_python_operator.py
[2024-03-28T16:41:42.713+0000] {processor.py:830} INFO - Processing file /home/airflow/.local/lib/python3.8/site-packages/airflow/example_dags/example_python_operator.py for tasks to queue
[2024-03-28T16:41:42.761+0000] {logging_mixin.py:188} INFO - [2024-03-28T16:41:42.757+0000] {dagbag.py:540} INFO - Filling up the DagBag from /home/airflow/.local/lib/python3.8/site-packages/airflow/example_dags/example_python_operator.py
[2024-03-28T16:41:44.329+0000] {processor.py:840} INFO - DAG(s) 'example_python_operator' retrieved from /home/airflow/.local/lib/python3.8/site-packages/airflow/example_dags/example_python_operator.py
[2024-03-28T16:41:45.809+0000] {logging_mixin.py:188} INFO - [2024-03-28T16:41:45.809+0000] {dag.py:3047} INFO - Sync 1 DAGs
[2024-03-28T16:41:46.614+0000] {logging_mixin.py:188} INFO - [2024-03-28T16:41:46.613+0000] {dag.py:3834} INFO - Setting next_dagrun for example_python_operator to None, run_after=None
[2024-03-28T16:41:47.910+0000] {processor.py:183} INFO - Processing /home/airflow/.local/lib/python3.8/site-packages/airflow/example_dags/example_python_operator.py took 5.329 seconds
[2024-03-28T16:45:02.448+0000] {processor.py:161} INFO - Started process (PID=455) to work on /home/airflow/.local/lib/python3.8/site-packages/airflow/example_dags/example_python_operator.py
[2024-03-28T16:45:02.468+0000] {processor.py:830} INFO - Processing file /home/airflow/.local/lib/python3.8/site-packages/airflow/example_dags/example_python_operator.py for tasks to queue
[2024-03-28T16:45:02.742+0000] {logging_mixin.py:188} INFO - [2024-03-28T16:45:02.698+0000] {dagbag.py:540} INFO - Filling up the DagBag from /home/airflow/.local/lib/python3.8/site-packages/airflow/example_dags/example_python_operator.py
[2024-03-28T16:45:04.675+0000] {processor.py:840} INFO - DAG(s) 'example_python_operator' retrieved from /home/airflow/.local/lib/python3.8/site-packages/airflow/example_dags/example_python_operator.py
[2024-03-28T16:45:06.642+0000] {logging_mixin.py:188} INFO - [2024-03-28T16:45:06.639+0000] {dag.py:3047} INFO - Sync 1 DAGs
[2024-03-28T16:45:08.600+0000] {logging_mixin.py:188} INFO - [2024-03-28T16:45:08.594+0000] {dag.py:3834} INFO - Setting next_dagrun for example_python_operator to None, run_after=None
[2024-03-28T16:45:08.942+0000] {processor.py:183} INFO - Processing /home/airflow/.local/lib/python3.8/site-packages/airflow/example_dags/example_python_operator.py took 6.810 seconds
[2024-03-28T17:06:11.291+0000] {processor.py:161} INFO - Started process (PID=76) to work on /home/airflow/.local/lib/python3.8/site-packages/airflow/example_dags/example_python_operator.py
[2024-03-28T17:06:11.303+0000] {processor.py:830} INFO - Processing file /home/airflow/.local/lib/python3.8/site-packages/airflow/example_dags/example_python_operator.py for tasks to queue
[2024-03-28T17:06:11.317+0000] {logging_mixin.py:188} INFO - [2024-03-28T17:06:11.316+0000] {dagbag.py:540} INFO - Filling up the DagBag from /home/airflow/.local/lib/python3.8/site-packages/airflow/example_dags/example_python_operator.py
[2024-03-28T17:06:11.413+0000] {processor.py:840} INFO - DAG(s) 'example_python_operator' retrieved from /home/airflow/.local/lib/python3.8/site-packages/airflow/example_dags/example_python_operator.py
[2024-03-28T17:06:12.473+0000] {logging_mixin.py:188} INFO - [2024-03-28T17:06:12.472+0000] {dag.py:3047} INFO - Sync 1 DAGs
[2024-03-28T17:06:12.574+0000] {logging_mixin.py:188} INFO - [2024-03-28T17:06:12.574+0000] {dag.py:3834} INFO - Setting next_dagrun for example_python_operator to None, run_after=None
[2024-03-28T17:06:12.753+0000] {processor.py:183} INFO - Processing /home/airflow/.local/lib/python3.8/site-packages/airflow/example_dags/example_python_operator.py took 1.505 seconds
[2024-03-28T17:07:42.071+0000] {processor.py:161} INFO - Started process (PID=143) to work on /home/airflow/.local/lib/python3.8/site-packages/airflow/example_dags/example_python_operator.py
[2024-03-28T17:07:42.081+0000] {processor.py:830} INFO - Processing file /home/airflow/.local/lib/python3.8/site-packages/airflow/example_dags/example_python_operator.py for tasks to queue
[2024-03-28T17:07:42.094+0000] {logging_mixin.py:188} INFO - [2024-03-28T17:07:42.092+0000] {dagbag.py:540} INFO - Filling up the DagBag from /home/airflow/.local/lib/python3.8/site-packages/airflow/example_dags/example_python_operator.py
[2024-03-28T17:07:42.147+0000] {processor.py:840} INFO - DAG(s) 'example_python_operator' retrieved from /home/airflow/.local/lib/python3.8/site-packages/airflow/example_dags/example_python_operator.py
[2024-03-28T17:07:42.238+0000] {logging_mixin.py:188} INFO - [2024-03-28T17:07:42.238+0000] {dag.py:3047} INFO - Sync 1 DAGs
[2024-03-28T17:07:42.284+0000] {logging_mixin.py:188} INFO - [2024-03-28T17:07:42.283+0000] {dag.py:3834} INFO - Setting next_dagrun for example_python_operator to None, run_after=None
[2024-03-28T17:07:42.726+0000] {processor.py:183} INFO - Processing /home/airflow/.local/lib/python3.8/site-packages/airflow/example_dags/example_python_operator.py took 0.681 seconds
[2024-03-28T17:08:23.098+0000] {processor.py:161} INFO - Started process (PID=198) to work on /home/airflow/.local/lib/python3.8/site-packages/airflow/example_dags/example_python_operator.py
[2024-03-28T17:08:23.115+0000] {processor.py:830} INFO - Processing file /home/airflow/.local/lib/python3.8/site-packages/airflow/example_dags/example_python_operator.py for tasks to queue
[2024-03-28T17:08:23.147+0000] {logging_mixin.py:188} INFO - [2024-03-28T17:08:23.146+0000] {dagbag.py:540} INFO - Filling up the DagBag from /home/airflow/.local/lib/python3.8/site-packages/airflow/example_dags/example_python_operator.py
[2024-03-28T17:08:23.251+0000] {processor.py:840} INFO - DAG(s) 'example_python_operator' retrieved from /home/airflow/.local/lib/python3.8/site-packages/airflow/example_dags/example_python_operator.py
[2024-03-28T17:08:23.430+0000] {logging_mixin.py:188} INFO - [2024-03-28T17:08:23.425+0000] {dag.py:3047} INFO - Sync 1 DAGs
[2024-03-28T17:08:23.497+0000] {logging_mixin.py:188} INFO - [2024-03-28T17:08:23.495+0000] {dag.py:3834} INFO - Setting next_dagrun for example_python_operator to None, run_after=None
[2024-03-28T17:08:23.880+0000] {processor.py:183} INFO - Processing /home/airflow/.local/lib/python3.8/site-packages/airflow/example_dags/example_python_operator.py took 0.797 seconds
[2024-03-28T17:09:19.590+0000] {processor.py:161} INFO - Started process (PID=258) to work on /home/airflow/.local/lib/python3.8/site-packages/airflow/example_dags/example_python_operator.py
[2024-03-28T17:09:19.670+0000] {processor.py:830} INFO - Processing file /home/airflow/.local/lib/python3.8/site-packages/airflow/example_dags/example_python_operator.py for tasks to queue
[2024-03-28T17:09:19.729+0000] {logging_mixin.py:188} INFO - [2024-03-28T17:09:19.727+0000] {dagbag.py:540} INFO - Filling up the DagBag from /home/airflow/.local/lib/python3.8/site-packages/airflow/example_dags/example_python_operator.py
[2024-03-28T17:09:20.360+0000] {processor.py:840} INFO - DAG(s) 'example_python_operator' retrieved from /home/airflow/.local/lib/python3.8/site-packages/airflow/example_dags/example_python_operator.py
[2024-03-28T17:09:20.647+0000] {logging_mixin.py:188} INFO - [2024-03-28T17:09:20.647+0000] {dag.py:3047} INFO - Sync 1 DAGs
[2024-03-28T17:09:20.711+0000] {logging_mixin.py:188} INFO - [2024-03-28T17:09:20.710+0000] {dag.py:3834} INFO - Setting next_dagrun for example_python_operator to None, run_after=None
[2024-03-28T17:09:20.967+0000] {processor.py:183} INFO - Processing /home/airflow/.local/lib/python3.8/site-packages/airflow/example_dags/example_python_operator.py took 1.449 seconds
[2024-03-28T17:11:02.630+0000] {processor.py:161} INFO - Started process (PID=334) to work on /home/airflow/.local/lib/python3.8/site-packages/airflow/example_dags/example_python_operator.py
[2024-03-28T17:11:02.642+0000] {processor.py:830} INFO - Processing file /home/airflow/.local/lib/python3.8/site-packages/airflow/example_dags/example_python_operator.py for tasks to queue
[2024-03-28T17:11:02.659+0000] {logging_mixin.py:188} INFO - [2024-03-28T17:11:02.658+0000] {dagbag.py:540} INFO - Filling up the DagBag from /home/airflow/.local/lib/python3.8/site-packages/airflow/example_dags/example_python_operator.py
[2024-03-28T17:11:02.825+0000] {processor.py:840} INFO - DAG(s) 'example_python_operator' retrieved from /home/airflow/.local/lib/python3.8/site-packages/airflow/example_dags/example_python_operator.py
[2024-03-28T17:11:03.084+0000] {logging_mixin.py:188} INFO - [2024-03-28T17:11:03.083+0000] {dag.py:3047} INFO - Sync 1 DAGs
[2024-03-28T17:11:03.226+0000] {logging_mixin.py:188} INFO - [2024-03-28T17:11:03.226+0000] {dag.py:3834} INFO - Setting next_dagrun for example_python_operator to None, run_after=None
[2024-03-28T17:11:03.403+0000] {processor.py:183} INFO - Processing /home/airflow/.local/lib/python3.8/site-packages/airflow/example_dags/example_python_operator.py took 0.810 seconds
[2024-03-28T17:11:59.573+0000] {processor.py:161} INFO - Started process (PID=397) to work on /home/airflow/.local/lib/python3.8/site-packages/airflow/example_dags/example_python_operator.py
[2024-03-28T17:11:59.597+0000] {processor.py:830} INFO - Processing file /home/airflow/.local/lib/python3.8/site-packages/airflow/example_dags/example_python_operator.py for tasks to queue
[2024-03-28T17:11:59.655+0000] {logging_mixin.py:188} INFO - [2024-03-28T17:11:59.640+0000] {dagbag.py:540} INFO - Filling up the DagBag from /home/airflow/.local/lib/python3.8/site-packages/airflow/example_dags/example_python_operator.py
[2024-03-28T17:11:59.849+0000] {processor.py:840} INFO - DAG(s) 'example_python_operator' retrieved from /home/airflow/.local/lib/python3.8/site-packages/airflow/example_dags/example_python_operator.py
[2024-03-28T17:12:00.281+0000] {logging_mixin.py:188} INFO - [2024-03-28T17:12:00.281+0000] {dag.py:3047} INFO - Sync 1 DAGs
[2024-03-28T17:12:00.332+0000] {logging_mixin.py:188} INFO - [2024-03-28T17:12:00.330+0000] {dag.py:3834} INFO - Setting next_dagrun for example_python_operator to None, run_after=None
[2024-03-28T17:12:00.518+0000] {processor.py:183} INFO - Processing /home/airflow/.local/lib/python3.8/site-packages/airflow/example_dags/example_python_operator.py took 1.084 seconds
[2024-03-28T17:12:38.878+0000] {processor.py:161} INFO - Started process (PID=451) to work on /home/airflow/.local/lib/python3.8/site-packages/airflow/example_dags/example_python_operator.py
[2024-03-28T17:12:38.896+0000] {processor.py:830} INFO - Processing file /home/airflow/.local/lib/python3.8/site-packages/airflow/example_dags/example_python_operator.py for tasks to queue
[2024-03-28T17:12:38.914+0000] {logging_mixin.py:188} INFO - [2024-03-28T17:12:38.909+0000] {dagbag.py:540} INFO - Filling up the DagBag from /home/airflow/.local/lib/python3.8/site-packages/airflow/example_dags/example_python_operator.py
[2024-03-28T17:12:39.109+0000] {processor.py:840} INFO - DAG(s) 'example_python_operator' retrieved from /home/airflow/.local/lib/python3.8/site-packages/airflow/example_dags/example_python_operator.py
[2024-03-28T17:12:39.329+0000] {logging_mixin.py:188} INFO - [2024-03-28T17:12:39.328+0000] {dag.py:3047} INFO - Sync 1 DAGs
[2024-03-28T17:12:39.417+0000] {logging_mixin.py:188} INFO - [2024-03-28T17:12:39.417+0000] {dag.py:3834} INFO - Setting next_dagrun for example_python_operator to None, run_after=None
[2024-03-28T17:12:39.557+0000] {processor.py:183} INFO - Processing /home/airflow/.local/lib/python3.8/site-packages/airflow/example_dags/example_python_operator.py took 0.706 seconds
[2024-03-28T17:13:09.980+0000] {processor.py:161} INFO - Started process (PID=507) to work on /home/airflow/.local/lib/python3.8/site-packages/airflow/example_dags/example_python_operator.py
[2024-03-28T17:13:09.986+0000] {processor.py:830} INFO - Processing file /home/airflow/.local/lib/python3.8/site-packages/airflow/example_dags/example_python_operator.py for tasks to queue
[2024-03-28T17:13:10.005+0000] {logging_mixin.py:188} INFO - [2024-03-28T17:13:09.998+0000] {dagbag.py:540} INFO - Filling up the DagBag from /home/airflow/.local/lib/python3.8/site-packages/airflow/example_dags/example_python_operator.py
[2024-03-28T17:13:10.036+0000] {processor.py:840} INFO - DAG(s) 'example_python_operator' retrieved from /home/airflow/.local/lib/python3.8/site-packages/airflow/example_dags/example_python_operator.py
[2024-03-28T17:13:10.096+0000] {logging_mixin.py:188} INFO - [2024-03-28T17:13:10.095+0000] {dag.py:3047} INFO - Sync 1 DAGs
[2024-03-28T17:13:10.128+0000] {logging_mixin.py:188} INFO - [2024-03-28T17:13:10.128+0000] {dag.py:3834} INFO - Setting next_dagrun for example_python_operator to None, run_after=None
[2024-03-28T17:13:10.182+0000] {processor.py:183} INFO - Processing /home/airflow/.local/lib/python3.8/site-packages/airflow/example_dags/example_python_operator.py took 0.231 seconds
[2024-03-28T17:13:43.912+0000] {processor.py:161} INFO - Started process (PID=562) to work on /home/airflow/.local/lib/python3.8/site-packages/airflow/example_dags/example_python_operator.py
[2024-03-28T17:13:43.921+0000] {processor.py:830} INFO - Processing file /home/airflow/.local/lib/python3.8/site-packages/airflow/example_dags/example_python_operator.py for tasks to queue
[2024-03-28T17:13:43.932+0000] {logging_mixin.py:188} INFO - [2024-03-28T17:13:43.931+0000] {dagbag.py:540} INFO - Filling up the DagBag from /home/airflow/.local/lib/python3.8/site-packages/airflow/example_dags/example_python_operator.py
[2024-03-28T17:13:44.015+0000] {processor.py:840} INFO - DAG(s) 'example_python_operator' retrieved from /home/airflow/.local/lib/python3.8/site-packages/airflow/example_dags/example_python_operator.py
[2024-03-28T17:13:44.137+0000] {logging_mixin.py:188} INFO - [2024-03-28T17:13:44.136+0000] {dag.py:3047} INFO - Sync 1 DAGs
[2024-03-28T17:13:44.185+0000] {logging_mixin.py:188} INFO - [2024-03-28T17:13:44.184+0000] {dag.py:3834} INFO - Setting next_dagrun for example_python_operator to None, run_after=None
[2024-03-28T17:13:44.344+0000] {processor.py:183} INFO - Processing /home/airflow/.local/lib/python3.8/site-packages/airflow/example_dags/example_python_operator.py took 0.456 seconds
[2024-03-28T17:14:21.272+0000] {processor.py:161} INFO - Started process (PID=611) to work on /home/airflow/.local/lib/python3.8/site-packages/airflow/example_dags/example_python_operator.py
[2024-03-28T17:14:21.278+0000] {processor.py:830} INFO - Processing file /home/airflow/.local/lib/python3.8/site-packages/airflow/example_dags/example_python_operator.py for tasks to queue
[2024-03-28T17:14:21.288+0000] {logging_mixin.py:188} INFO - [2024-03-28T17:14:21.286+0000] {dagbag.py:540} INFO - Filling up the DagBag from /home/airflow/.local/lib/python3.8/site-packages/airflow/example_dags/example_python_operator.py
[2024-03-28T17:14:21.333+0000] {processor.py:840} INFO - DAG(s) 'example_python_operator' retrieved from /home/airflow/.local/lib/python3.8/site-packages/airflow/example_dags/example_python_operator.py
[2024-03-28T17:14:21.430+0000] {logging_mixin.py:188} INFO - [2024-03-28T17:14:21.429+0000] {dag.py:3047} INFO - Sync 1 DAGs
[2024-03-28T17:14:21.494+0000] {logging_mixin.py:188} INFO - [2024-03-28T17:14:21.493+0000] {dag.py:3834} INFO - Setting next_dagrun for example_python_operator to None, run_after=None
[2024-03-28T17:14:21.544+0000] {processor.py:183} INFO - Processing /home/airflow/.local/lib/python3.8/site-packages/airflow/example_dags/example_python_operator.py took 0.289 seconds
[2024-03-28T17:14:55.099+0000] {processor.py:161} INFO - Started process (PID=665) to work on /home/airflow/.local/lib/python3.8/site-packages/airflow/example_dags/example_python_operator.py
[2024-03-28T17:14:55.105+0000] {processor.py:830} INFO - Processing file /home/airflow/.local/lib/python3.8/site-packages/airflow/example_dags/example_python_operator.py for tasks to queue
[2024-03-28T17:14:55.117+0000] {logging_mixin.py:188} INFO - [2024-03-28T17:14:55.114+0000] {dagbag.py:540} INFO - Filling up the DagBag from /home/airflow/.local/lib/python3.8/site-packages/airflow/example_dags/example_python_operator.py
[2024-03-28T17:14:55.207+0000] {processor.py:840} INFO - DAG(s) 'example_python_operator' retrieved from /home/airflow/.local/lib/python3.8/site-packages/airflow/example_dags/example_python_operator.py
[2024-03-28T17:14:55.303+0000] {logging_mixin.py:188} INFO - [2024-03-28T17:14:55.303+0000] {dag.py:3047} INFO - Sync 1 DAGs
[2024-03-28T17:14:55.332+0000] {logging_mixin.py:188} INFO - [2024-03-28T17:14:55.331+0000] {dag.py:3834} INFO - Setting next_dagrun for example_python_operator to None, run_after=None
[2024-03-28T17:14:55.376+0000] {processor.py:183} INFO - Processing /home/airflow/.local/lib/python3.8/site-packages/airflow/example_dags/example_python_operator.py took 0.294 seconds
[2024-03-28T17:15:39.089+0000] {processor.py:161} INFO - Started process (PID=733) to work on /home/airflow/.local/lib/python3.8/site-packages/airflow/example_dags/example_python_operator.py
[2024-03-28T17:15:39.096+0000] {processor.py:830} INFO - Processing file /home/airflow/.local/lib/python3.8/site-packages/airflow/example_dags/example_python_operator.py for tasks to queue
[2024-03-28T17:15:39.119+0000] {logging_mixin.py:188} INFO - [2024-03-28T17:15:39.107+0000] {dagbag.py:540} INFO - Filling up the DagBag from /home/airflow/.local/lib/python3.8/site-packages/airflow/example_dags/example_python_operator.py
[2024-03-28T17:15:39.196+0000] {processor.py:840} INFO - DAG(s) 'example_python_operator' retrieved from /home/airflow/.local/lib/python3.8/site-packages/airflow/example_dags/example_python_operator.py
[2024-03-28T17:15:39.384+0000] {logging_mixin.py:188} INFO - [2024-03-28T17:15:39.383+0000] {dag.py:3047} INFO - Sync 1 DAGs
[2024-03-28T17:15:39.459+0000] {logging_mixin.py:188} INFO - [2024-03-28T17:15:39.458+0000] {dag.py:3834} INFO - Setting next_dagrun for example_python_operator to None, run_after=None
[2024-03-28T17:15:39.564+0000] {processor.py:183} INFO - Processing /home/airflow/.local/lib/python3.8/site-packages/airflow/example_dags/example_python_operator.py took 0.499 seconds
[2024-03-28T17:16:10.490+0000] {processor.py:161} INFO - Started process (PID=788) to work on /home/airflow/.local/lib/python3.8/site-packages/airflow/example_dags/example_python_operator.py
[2024-03-28T17:16:10.495+0000] {processor.py:830} INFO - Processing file /home/airflow/.local/lib/python3.8/site-packages/airflow/example_dags/example_python_operator.py for tasks to queue
[2024-03-28T17:16:10.507+0000] {logging_mixin.py:188} INFO - [2024-03-28T17:16:10.505+0000] {dagbag.py:540} INFO - Filling up the DagBag from /home/airflow/.local/lib/python3.8/site-packages/airflow/example_dags/example_python_operator.py
[2024-03-28T17:16:10.571+0000] {processor.py:840} INFO - DAG(s) 'example_python_operator' retrieved from /home/airflow/.local/lib/python3.8/site-packages/airflow/example_dags/example_python_operator.py
[2024-03-28T17:16:10.654+0000] {logging_mixin.py:188} INFO - [2024-03-28T17:16:10.652+0000] {dag.py:3047} INFO - Sync 1 DAGs
[2024-03-28T17:16:10.703+0000] {logging_mixin.py:188} INFO - [2024-03-28T17:16:10.702+0000] {dag.py:3834} INFO - Setting next_dagrun for example_python_operator to None, run_after=None
[2024-03-28T17:16:10.773+0000] {processor.py:183} INFO - Processing /home/airflow/.local/lib/python3.8/site-packages/airflow/example_dags/example_python_operator.py took 0.293 seconds
[2024-03-28T17:16:49.758+0000] {processor.py:161} INFO - Started process (PID=840) to work on /home/airflow/.local/lib/python3.8/site-packages/airflow/example_dags/example_python_operator.py
[2024-03-28T17:16:49.777+0000] {processor.py:830} INFO - Processing file /home/airflow/.local/lib/python3.8/site-packages/airflow/example_dags/example_python_operator.py for tasks to queue
[2024-03-28T17:16:49.796+0000] {logging_mixin.py:188} INFO - [2024-03-28T17:16:49.794+0000] {dagbag.py:540} INFO - Filling up the DagBag from /home/airflow/.local/lib/python3.8/site-packages/airflow/example_dags/example_python_operator.py
[2024-03-28T17:16:49.874+0000] {processor.py:840} INFO - DAG(s) 'example_python_operator' retrieved from /home/airflow/.local/lib/python3.8/site-packages/airflow/example_dags/example_python_operator.py
[2024-03-28T17:16:49.958+0000] {logging_mixin.py:188} INFO - [2024-03-28T17:16:49.957+0000] {dag.py:3047} INFO - Sync 1 DAGs
[2024-03-28T17:16:50.101+0000] {logging_mixin.py:188} INFO - [2024-03-28T17:16:50.089+0000] {dag.py:3834} INFO - Setting next_dagrun for example_python_operator to None, run_after=None
[2024-03-28T17:16:50.222+0000] {processor.py:183} INFO - Processing /home/airflow/.local/lib/python3.8/site-packages/airflow/example_dags/example_python_operator.py took 0.498 seconds
[2024-03-28T17:17:28.834+0000] {processor.py:161} INFO - Started process (PID=895) to work on /home/airflow/.local/lib/python3.8/site-packages/airflow/example_dags/example_python_operator.py
[2024-03-28T17:17:28.875+0000] {processor.py:830} INFO - Processing file /home/airflow/.local/lib/python3.8/site-packages/airflow/example_dags/example_python_operator.py for tasks to queue
[2024-03-28T17:17:28.911+0000] {logging_mixin.py:188} INFO - [2024-03-28T17:17:28.897+0000] {dagbag.py:540} INFO - Filling up the DagBag from /home/airflow/.local/lib/python3.8/site-packages/airflow/example_dags/example_python_operator.py
[2024-03-28T17:17:29.103+0000] {processor.py:840} INFO - DAG(s) 'example_python_operator' retrieved from /home/airflow/.local/lib/python3.8/site-packages/airflow/example_dags/example_python_operator.py
[2024-03-28T17:17:29.476+0000] {logging_mixin.py:188} INFO - [2024-03-28T17:17:29.462+0000] {dag.py:3047} INFO - Sync 1 DAGs
[2024-03-28T17:17:29.608+0000] {logging_mixin.py:188} INFO - [2024-03-28T17:17:29.608+0000] {dag.py:3834} INFO - Setting next_dagrun for example_python_operator to None, run_after=None
[2024-03-28T17:17:29.873+0000] {processor.py:183} INFO - Processing /home/airflow/.local/lib/python3.8/site-packages/airflow/example_dags/example_python_operator.py took 1.146 seconds
[2024-03-28T17:18:23.619+0000] {processor.py:161} INFO - Started process (PID=954) to work on /home/airflow/.local/lib/python3.8/site-packages/airflow/example_dags/example_python_operator.py
[2024-03-28T17:18:23.631+0000] {processor.py:830} INFO - Processing file /home/airflow/.local/lib/python3.8/site-packages/airflow/example_dags/example_python_operator.py for tasks to queue
[2024-03-28T17:18:23.658+0000] {logging_mixin.py:188} INFO - [2024-03-28T17:18:23.652+0000] {dagbag.py:540} INFO - Filling up the DagBag from /home/airflow/.local/lib/python3.8/site-packages/airflow/example_dags/example_python_operator.py
[2024-03-28T17:18:23.798+0000] {processor.py:840} INFO - DAG(s) 'example_python_operator' retrieved from /home/airflow/.local/lib/python3.8/site-packages/airflow/example_dags/example_python_operator.py
[2024-03-28T17:18:27.309+0000] {logging_mixin.py:188} INFO - [2024-03-28T17:18:27.308+0000] {dag.py:3047} INFO - Sync 1 DAGs
[2024-03-28T17:18:27.587+0000] {logging_mixin.py:188} INFO - [2024-03-28T17:18:27.585+0000] {dag.py:3834} INFO - Setting next_dagrun for example_python_operator to None, run_after=None
[2024-03-28T17:18:28.278+0000] {processor.py:183} INFO - Processing /home/airflow/.local/lib/python3.8/site-packages/airflow/example_dags/example_python_operator.py took 4.729 seconds
[2024-03-28T17:18:59.305+0000] {processor.py:161} INFO - Started process (PID=1008) to work on /home/airflow/.local/lib/python3.8/site-packages/airflow/example_dags/example_python_operator.py
[2024-03-28T17:18:59.318+0000] {processor.py:830} INFO - Processing file /home/airflow/.local/lib/python3.8/site-packages/airflow/example_dags/example_python_operator.py for tasks to queue
[2024-03-28T17:18:59.328+0000] {logging_mixin.py:188} INFO - [2024-03-28T17:18:59.326+0000] {dagbag.py:540} INFO - Filling up the DagBag from /home/airflow/.local/lib/python3.8/site-packages/airflow/example_dags/example_python_operator.py
[2024-03-28T17:18:59.396+0000] {processor.py:840} INFO - DAG(s) 'example_python_operator' retrieved from /home/airflow/.local/lib/python3.8/site-packages/airflow/example_dags/example_python_operator.py
[2024-03-28T17:18:59.485+0000] {logging_mixin.py:188} INFO - [2024-03-28T17:18:59.484+0000] {dag.py:3047} INFO - Sync 1 DAGs
[2024-03-28T17:18:59.538+0000] {logging_mixin.py:188} INFO - [2024-03-28T17:18:59.537+0000] {dag.py:3834} INFO - Setting next_dagrun for example_python_operator to None, run_after=None
[2024-03-28T17:18:59.643+0000] {processor.py:183} INFO - Processing /home/airflow/.local/lib/python3.8/site-packages/airflow/example_dags/example_python_operator.py took 0.361 seconds
[2024-03-28T17:19:29.837+0000] {processor.py:161} INFO - Started process (PID=1058) to work on /home/airflow/.local/lib/python3.8/site-packages/airflow/example_dags/example_python_operator.py
[2024-03-28T17:19:29.842+0000] {processor.py:830} INFO - Processing file /home/airflow/.local/lib/python3.8/site-packages/airflow/example_dags/example_python_operator.py for tasks to queue
[2024-03-28T17:19:29.854+0000] {logging_mixin.py:188} INFO - [2024-03-28T17:19:29.852+0000] {dagbag.py:540} INFO - Filling up the DagBag from /home/airflow/.local/lib/python3.8/site-packages/airflow/example_dags/example_python_operator.py
[2024-03-28T17:19:29.907+0000] {processor.py:840} INFO - DAG(s) 'example_python_operator' retrieved from /home/airflow/.local/lib/python3.8/site-packages/airflow/example_dags/example_python_operator.py
[2024-03-28T17:19:29.995+0000] {logging_mixin.py:188} INFO - [2024-03-28T17:19:29.995+0000] {dag.py:3047} INFO - Sync 1 DAGs
[2024-03-28T17:19:30.038+0000] {logging_mixin.py:188} INFO - [2024-03-28T17:19:30.037+0000] {dag.py:3834} INFO - Setting next_dagrun for example_python_operator to None, run_after=None
[2024-03-28T17:19:30.094+0000] {processor.py:183} INFO - Processing /home/airflow/.local/lib/python3.8/site-packages/airflow/example_dags/example_python_operator.py took 0.269 seconds
[2024-03-28T17:20:06.568+0000] {processor.py:161} INFO - Started process (PID=1118) to work on /home/airflow/.local/lib/python3.8/site-packages/airflow/example_dags/example_python_operator.py
[2024-03-28T17:20:06.574+0000] {processor.py:830} INFO - Processing file /home/airflow/.local/lib/python3.8/site-packages/airflow/example_dags/example_python_operator.py for tasks to queue
[2024-03-28T17:20:06.586+0000] {logging_mixin.py:188} INFO - [2024-03-28T17:20:06.584+0000] {dagbag.py:540} INFO - Filling up the DagBag from /home/airflow/.local/lib/python3.8/site-packages/airflow/example_dags/example_python_operator.py
[2024-03-28T17:20:06.629+0000] {processor.py:840} INFO - DAG(s) 'example_python_operator' retrieved from /home/airflow/.local/lib/python3.8/site-packages/airflow/example_dags/example_python_operator.py
[2024-03-28T17:20:06.784+0000] {logging_mixin.py:188} INFO - [2024-03-28T17:20:06.783+0000] {dag.py:3047} INFO - Sync 1 DAGs
[2024-03-28T17:20:06.869+0000] {logging_mixin.py:188} INFO - [2024-03-28T17:20:06.869+0000] {dag.py:3834} INFO - Setting next_dagrun for example_python_operator to None, run_after=None
[2024-03-28T17:20:07.035+0000] {processor.py:183} INFO - Processing /home/airflow/.local/lib/python3.8/site-packages/airflow/example_dags/example_python_operator.py took 0.482 seconds
[2024-03-28T17:20:41.616+0000] {processor.py:161} INFO - Started process (PID=1173) to work on /home/airflow/.local/lib/python3.8/site-packages/airflow/example_dags/example_python_operator.py
[2024-03-28T17:20:41.633+0000] {processor.py:830} INFO - Processing file /home/airflow/.local/lib/python3.8/site-packages/airflow/example_dags/example_python_operator.py for tasks to queue
[2024-03-28T17:20:41.660+0000] {logging_mixin.py:188} INFO - [2024-03-28T17:20:41.658+0000] {dagbag.py:540} INFO - Filling up the DagBag from /home/airflow/.local/lib/python3.8/site-packages/airflow/example_dags/example_python_operator.py
[2024-03-28T17:20:41.803+0000] {processor.py:840} INFO - DAG(s) 'example_python_operator' retrieved from /home/airflow/.local/lib/python3.8/site-packages/airflow/example_dags/example_python_operator.py
[2024-03-28T17:20:42.289+0000] {logging_mixin.py:188} INFO - [2024-03-28T17:20:42.289+0000] {dag.py:3047} INFO - Sync 1 DAGs
[2024-03-28T17:20:42.371+0000] {logging_mixin.py:188} INFO - [2024-03-28T17:20:42.370+0000] {dag.py:3834} INFO - Setting next_dagrun for example_python_operator to None, run_after=None
[2024-03-28T17:20:42.592+0000] {processor.py:183} INFO - Processing /home/airflow/.local/lib/python3.8/site-packages/airflow/example_dags/example_python_operator.py took 0.987 seconds
[2024-03-28T17:21:13.503+0000] {processor.py:161} INFO - Started process (PID=1228) to work on /home/airflow/.local/lib/python3.8/site-packages/airflow/example_dags/example_python_operator.py
[2024-03-28T17:21:13.514+0000] {processor.py:830} INFO - Processing file /home/airflow/.local/lib/python3.8/site-packages/airflow/example_dags/example_python_operator.py for tasks to queue
[2024-03-28T17:21:13.545+0000] {logging_mixin.py:188} INFO - [2024-03-28T17:21:13.543+0000] {dagbag.py:540} INFO - Filling up the DagBag from /home/airflow/.local/lib/python3.8/site-packages/airflow/example_dags/example_python_operator.py
[2024-03-28T17:21:13.713+0000] {processor.py:840} INFO - DAG(s) 'example_python_operator' retrieved from /home/airflow/.local/lib/python3.8/site-packages/airflow/example_dags/example_python_operator.py
[2024-03-28T17:21:14.098+0000] {logging_mixin.py:188} INFO - [2024-03-28T17:21:14.086+0000] {dag.py:3047} INFO - Sync 1 DAGs
[2024-03-28T17:21:14.315+0000] {logging_mixin.py:188} INFO - [2024-03-28T17:21:14.314+0000] {dag.py:3834} INFO - Setting next_dagrun for example_python_operator to None, run_after=None
[2024-03-28T17:21:14.505+0000] {processor.py:183} INFO - Processing /home/airflow/.local/lib/python3.8/site-packages/airflow/example_dags/example_python_operator.py took 1.077 seconds
[2024-03-28T17:21:44.943+0000] {processor.py:161} INFO - Started process (PID=1283) to work on /home/airflow/.local/lib/python3.8/site-packages/airflow/example_dags/example_python_operator.py
[2024-03-28T17:21:44.947+0000] {processor.py:830} INFO - Processing file /home/airflow/.local/lib/python3.8/site-packages/airflow/example_dags/example_python_operator.py for tasks to queue
[2024-03-28T17:21:44.953+0000] {logging_mixin.py:188} INFO - [2024-03-28T17:21:44.952+0000] {dagbag.py:540} INFO - Filling up the DagBag from /home/airflow/.local/lib/python3.8/site-packages/airflow/example_dags/example_python_operator.py
[2024-03-28T17:21:45.006+0000] {processor.py:840} INFO - DAG(s) 'example_python_operator' retrieved from /home/airflow/.local/lib/python3.8/site-packages/airflow/example_dags/example_python_operator.py
[2024-03-28T17:21:45.149+0000] {logging_mixin.py:188} INFO - [2024-03-28T17:21:45.149+0000] {dag.py:3047} INFO - Sync 1 DAGs
[2024-03-28T17:21:45.232+0000] {logging_mixin.py:188} INFO - [2024-03-28T17:21:45.229+0000] {dag.py:3834} INFO - Setting next_dagrun for example_python_operator to None, run_after=None
[2024-03-28T17:21:45.385+0000] {processor.py:183} INFO - Processing /home/airflow/.local/lib/python3.8/site-packages/airflow/example_dags/example_python_operator.py took 0.453 seconds
[2024-03-28T17:22:15.619+0000] {processor.py:161} INFO - Started process (PID=1339) to work on /home/airflow/.local/lib/python3.8/site-packages/airflow/example_dags/example_python_operator.py
[2024-03-28T17:22:15.624+0000] {processor.py:830} INFO - Processing file /home/airflow/.local/lib/python3.8/site-packages/airflow/example_dags/example_python_operator.py for tasks to queue
[2024-03-28T17:22:15.630+0000] {logging_mixin.py:188} INFO - [2024-03-28T17:22:15.629+0000] {dagbag.py:540} INFO - Filling up the DagBag from /home/airflow/.local/lib/python3.8/site-packages/airflow/example_dags/example_python_operator.py
[2024-03-28T17:22:15.655+0000] {processor.py:840} INFO - DAG(s) 'example_python_operator' retrieved from /home/airflow/.local/lib/python3.8/site-packages/airflow/example_dags/example_python_operator.py
[2024-03-28T17:22:15.707+0000] {logging_mixin.py:188} INFO - [2024-03-28T17:22:15.706+0000] {dag.py:3047} INFO - Sync 1 DAGs
[2024-03-28T17:22:15.739+0000] {logging_mixin.py:188} INFO - [2024-03-28T17:22:15.738+0000] {dag.py:3834} INFO - Setting next_dagrun for example_python_operator to None, run_after=None
[2024-03-28T17:22:15.787+0000] {processor.py:183} INFO - Processing /home/airflow/.local/lib/python3.8/site-packages/airflow/example_dags/example_python_operator.py took 0.179 seconds
[2024-03-28T17:23:03.145+0000] {processor.py:161} INFO - Started process (PID=1403) to work on /home/airflow/.local/lib/python3.8/site-packages/airflow/example_dags/example_python_operator.py
[2024-03-28T17:23:03.148+0000] {processor.py:830} INFO - Processing file /home/airflow/.local/lib/python3.8/site-packages/airflow/example_dags/example_python_operator.py for tasks to queue
[2024-03-28T17:23:03.160+0000] {logging_mixin.py:188} INFO - [2024-03-28T17:23:03.158+0000] {dagbag.py:540} INFO - Filling up the DagBag from /home/airflow/.local/lib/python3.8/site-packages/airflow/example_dags/example_python_operator.py
[2024-03-28T17:23:03.223+0000] {processor.py:840} INFO - DAG(s) 'example_python_operator' retrieved from /home/airflow/.local/lib/python3.8/site-packages/airflow/example_dags/example_python_operator.py
[2024-03-28T17:23:03.309+0000] {logging_mixin.py:188} INFO - [2024-03-28T17:23:03.306+0000] {dag.py:3047} INFO - Sync 1 DAGs
[2024-03-28T17:23:03.398+0000] {logging_mixin.py:188} INFO - [2024-03-28T17:23:03.398+0000] {dag.py:3834} INFO - Setting next_dagrun for example_python_operator to None, run_after=None
[2024-03-28T17:23:03.471+0000] {processor.py:183} INFO - Processing /home/airflow/.local/lib/python3.8/site-packages/airflow/example_dags/example_python_operator.py took 0.339 seconds
[2024-03-28T17:23:34.232+0000] {processor.py:161} INFO - Started process (PID=1458) to work on /home/airflow/.local/lib/python3.8/site-packages/airflow/example_dags/example_python_operator.py
[2024-03-28T17:23:34.236+0000] {processor.py:830} INFO - Processing file /home/airflow/.local/lib/python3.8/site-packages/airflow/example_dags/example_python_operator.py for tasks to queue
[2024-03-28T17:23:34.244+0000] {logging_mixin.py:188} INFO - [2024-03-28T17:23:34.243+0000] {dagbag.py:540} INFO - Filling up the DagBag from /home/airflow/.local/lib/python3.8/site-packages/airflow/example_dags/example_python_operator.py
[2024-03-28T17:23:34.281+0000] {processor.py:840} INFO - DAG(s) 'example_python_operator' retrieved from /home/airflow/.local/lib/python3.8/site-packages/airflow/example_dags/example_python_operator.py
[2024-03-28T17:23:34.438+0000] {logging_mixin.py:188} INFO - [2024-03-28T17:23:34.436+0000] {dag.py:3047} INFO - Sync 1 DAGs
[2024-03-28T17:23:34.505+0000] {logging_mixin.py:188} INFO - [2024-03-28T17:23:34.504+0000] {dag.py:3834} INFO - Setting next_dagrun for example_python_operator to None, run_after=None
[2024-03-28T17:23:34.575+0000] {processor.py:183} INFO - Processing /home/airflow/.local/lib/python3.8/site-packages/airflow/example_dags/example_python_operator.py took 0.353 seconds
[2024-03-28T17:24:11.653+0000] {processor.py:161} INFO - Started process (PID=1522) to work on /home/airflow/.local/lib/python3.8/site-packages/airflow/example_dags/example_python_operator.py
[2024-03-28T17:24:11.657+0000] {processor.py:830} INFO - Processing file /home/airflow/.local/lib/python3.8/site-packages/airflow/example_dags/example_python_operator.py for tasks to queue
[2024-03-28T17:24:11.665+0000] {logging_mixin.py:188} INFO - [2024-03-28T17:24:11.664+0000] {dagbag.py:540} INFO - Filling up the DagBag from /home/airflow/.local/lib/python3.8/site-packages/airflow/example_dags/example_python_operator.py
[2024-03-28T17:24:11.705+0000] {processor.py:840} INFO - DAG(s) 'example_python_operator' retrieved from /home/airflow/.local/lib/python3.8/site-packages/airflow/example_dags/example_python_operator.py
[2024-03-28T17:24:11.785+0000] {logging_mixin.py:188} INFO - [2024-03-28T17:24:11.785+0000] {dag.py:3047} INFO - Sync 1 DAGs
[2024-03-28T17:24:11.826+0000] {logging_mixin.py:188} INFO - [2024-03-28T17:24:11.826+0000] {dag.py:3834} INFO - Setting next_dagrun for example_python_operator to None, run_after=None
[2024-03-28T17:24:11.890+0000] {processor.py:183} INFO - Processing /home/airflow/.local/lib/python3.8/site-packages/airflow/example_dags/example_python_operator.py took 0.249 seconds
[2024-03-28T17:24:48.921+0000] {processor.py:161} INFO - Started process (PID=1575) to work on /home/airflow/.local/lib/python3.8/site-packages/airflow/example_dags/example_python_operator.py
[2024-03-28T17:24:48.930+0000] {processor.py:830} INFO - Processing file /home/airflow/.local/lib/python3.8/site-packages/airflow/example_dags/example_python_operator.py for tasks to queue
[2024-03-28T17:24:48.940+0000] {logging_mixin.py:188} INFO - [2024-03-28T17:24:48.938+0000] {dagbag.py:540} INFO - Filling up the DagBag from /home/airflow/.local/lib/python3.8/site-packages/airflow/example_dags/example_python_operator.py
[2024-03-28T17:24:49.009+0000] {processor.py:840} INFO - DAG(s) 'example_python_operator' retrieved from /home/airflow/.local/lib/python3.8/site-packages/airflow/example_dags/example_python_operator.py
[2024-03-28T17:24:49.093+0000] {logging_mixin.py:188} INFO - [2024-03-28T17:24:49.092+0000] {dag.py:3047} INFO - Sync 1 DAGs
[2024-03-28T17:24:49.147+0000] {logging_mixin.py:188} INFO - [2024-03-28T17:24:49.146+0000] {dag.py:3834} INFO - Setting next_dagrun for example_python_operator to None, run_after=None
[2024-03-28T17:24:49.223+0000] {processor.py:183} INFO - Processing /home/airflow/.local/lib/python3.8/site-packages/airflow/example_dags/example_python_operator.py took 0.320 seconds
[2024-03-28T17:25:24.462+0000] {processor.py:161} INFO - Started process (PID=1630) to work on /home/airflow/.local/lib/python3.8/site-packages/airflow/example_dags/example_python_operator.py
[2024-03-28T17:25:24.473+0000] {processor.py:830} INFO - Processing file /home/airflow/.local/lib/python3.8/site-packages/airflow/example_dags/example_python_operator.py for tasks to queue
[2024-03-28T17:25:24.491+0000] {logging_mixin.py:188} INFO - [2024-03-28T17:25:24.488+0000] {dagbag.py:540} INFO - Filling up the DagBag from /home/airflow/.local/lib/python3.8/site-packages/airflow/example_dags/example_python_operator.py
[2024-03-28T17:25:24.566+0000] {processor.py:840} INFO - DAG(s) 'example_python_operator' retrieved from /home/airflow/.local/lib/python3.8/site-packages/airflow/example_dags/example_python_operator.py
[2024-03-28T17:25:24.641+0000] {logging_mixin.py:188} INFO - [2024-03-28T17:25:24.639+0000] {dag.py:3047} INFO - Sync 1 DAGs
[2024-03-28T17:25:24.704+0000] {logging_mixin.py:188} INFO - [2024-03-28T17:25:24.704+0000] {dag.py:3834} INFO - Setting next_dagrun for example_python_operator to None, run_after=None
[2024-03-28T17:25:24.825+0000] {processor.py:183} INFO - Processing /home/airflow/.local/lib/python3.8/site-packages/airflow/example_dags/example_python_operator.py took 0.390 seconds
[2024-03-28T17:25:55.730+0000] {processor.py:161} INFO - Started process (PID=1685) to work on /home/airflow/.local/lib/python3.8/site-packages/airflow/example_dags/example_python_operator.py
[2024-03-28T17:25:55.777+0000] {processor.py:830} INFO - Processing file /home/airflow/.local/lib/python3.8/site-packages/airflow/example_dags/example_python_operator.py for tasks to queue
[2024-03-28T17:25:55.824+0000] {logging_mixin.py:188} INFO - [2024-03-28T17:25:55.814+0000] {dagbag.py:540} INFO - Filling up the DagBag from /home/airflow/.local/lib/python3.8/site-packages/airflow/example_dags/example_python_operator.py
[2024-03-28T17:25:56.164+0000] {processor.py:840} INFO - DAG(s) 'example_python_operator' retrieved from /home/airflow/.local/lib/python3.8/site-packages/airflow/example_dags/example_python_operator.py
[2024-03-28T17:25:56.491+0000] {logging_mixin.py:188} INFO - [2024-03-28T17:25:56.470+0000] {dag.py:3047} INFO - Sync 1 DAGs
[2024-03-28T17:25:57.048+0000] {logging_mixin.py:188} INFO - [2024-03-28T17:25:57.048+0000] {dag.py:3834} INFO - Setting next_dagrun for example_python_operator to None, run_after=None
[2024-03-28T17:25:57.263+0000] {processor.py:183} INFO - Processing /home/airflow/.local/lib/python3.8/site-packages/airflow/example_dags/example_python_operator.py took 1.642 seconds
[2024-03-28T17:26:27.868+0000] {processor.py:161} INFO - Started process (PID=1740) to work on /home/airflow/.local/lib/python3.8/site-packages/airflow/example_dags/example_python_operator.py
[2024-03-28T17:26:27.871+0000] {processor.py:830} INFO - Processing file /home/airflow/.local/lib/python3.8/site-packages/airflow/example_dags/example_python_operator.py for tasks to queue
[2024-03-28T17:26:27.884+0000] {logging_mixin.py:188} INFO - [2024-03-28T17:26:27.883+0000] {dagbag.py:540} INFO - Filling up the DagBag from /home/airflow/.local/lib/python3.8/site-packages/airflow/example_dags/example_python_operator.py
[2024-03-28T17:26:27.920+0000] {processor.py:840} INFO - DAG(s) 'example_python_operator' retrieved from /home/airflow/.local/lib/python3.8/site-packages/airflow/example_dags/example_python_operator.py
[2024-03-28T17:26:27.976+0000] {logging_mixin.py:188} INFO - [2024-03-28T17:26:27.976+0000] {dag.py:3047} INFO - Sync 1 DAGs
[2024-03-28T17:26:28.011+0000] {logging_mixin.py:188} INFO - [2024-03-28T17:26:28.010+0000] {dag.py:3834} INFO - Setting next_dagrun for example_python_operator to None, run_after=None
[2024-03-28T17:26:28.066+0000] {processor.py:183} INFO - Processing /home/airflow/.local/lib/python3.8/site-packages/airflow/example_dags/example_python_operator.py took 0.205 seconds
[2024-03-28T17:26:58.446+0000] {processor.py:161} INFO - Started process (PID=1794) to work on /home/airflow/.local/lib/python3.8/site-packages/airflow/example_dags/example_python_operator.py
[2024-03-28T17:26:58.452+0000] {processor.py:830} INFO - Processing file /home/airflow/.local/lib/python3.8/site-packages/airflow/example_dags/example_python_operator.py for tasks to queue
[2024-03-28T17:26:58.462+0000] {logging_mixin.py:188} INFO - [2024-03-28T17:26:58.460+0000] {dagbag.py:540} INFO - Filling up the DagBag from /home/airflow/.local/lib/python3.8/site-packages/airflow/example_dags/example_python_operator.py
[2024-03-28T17:26:58.500+0000] {processor.py:840} INFO - DAG(s) 'example_python_operator' retrieved from /home/airflow/.local/lib/python3.8/site-packages/airflow/example_dags/example_python_operator.py
[2024-03-28T17:26:58.587+0000] {logging_mixin.py:188} INFO - [2024-03-28T17:26:58.586+0000] {dag.py:3047} INFO - Sync 1 DAGs
[2024-03-28T17:26:58.633+0000] {logging_mixin.py:188} INFO - [2024-03-28T17:26:58.632+0000] {dag.py:3834} INFO - Setting next_dagrun for example_python_operator to None, run_after=None
[2024-03-28T17:26:58.696+0000] {processor.py:183} INFO - Processing /home/airflow/.local/lib/python3.8/site-packages/airflow/example_dags/example_python_operator.py took 0.260 seconds
[2024-03-28T17:27:35.507+0000] {processor.py:161} INFO - Started process (PID=1850) to work on /home/airflow/.local/lib/python3.8/site-packages/airflow/example_dags/example_python_operator.py
[2024-03-28T17:27:35.515+0000] {processor.py:830} INFO - Processing file /home/airflow/.local/lib/python3.8/site-packages/airflow/example_dags/example_python_operator.py for tasks to queue
[2024-03-28T17:27:35.526+0000] {logging_mixin.py:188} INFO - [2024-03-28T17:27:35.524+0000] {dagbag.py:540} INFO - Filling up the DagBag from /home/airflow/.local/lib/python3.8/site-packages/airflow/example_dags/example_python_operator.py
[2024-03-28T17:27:35.573+0000] {processor.py:840} INFO - DAG(s) 'example_python_operator' retrieved from /home/airflow/.local/lib/python3.8/site-packages/airflow/example_dags/example_python_operator.py
[2024-03-28T17:27:35.684+0000] {logging_mixin.py:188} INFO - [2024-03-28T17:27:35.683+0000] {dag.py:3047} INFO - Sync 1 DAGs
[2024-03-28T17:27:35.737+0000] {logging_mixin.py:188} INFO - [2024-03-28T17:27:35.737+0000] {dag.py:3834} INFO - Setting next_dagrun for example_python_operator to None, run_after=None
[2024-03-28T17:27:35.819+0000] {processor.py:183} INFO - Processing /home/airflow/.local/lib/python3.8/site-packages/airflow/example_dags/example_python_operator.py took 0.323 seconds
[2024-03-28T17:28:07.100+0000] {processor.py:161} INFO - Started process (PID=1903) to work on /home/airflow/.local/lib/python3.8/site-packages/airflow/example_dags/example_python_operator.py
[2024-03-28T17:28:07.106+0000] {processor.py:830} INFO - Processing file /home/airflow/.local/lib/python3.8/site-packages/airflow/example_dags/example_python_operator.py for tasks to queue
[2024-03-28T17:28:07.115+0000] {logging_mixin.py:188} INFO - [2024-03-28T17:28:07.113+0000] {dagbag.py:540} INFO - Filling up the DagBag from /home/airflow/.local/lib/python3.8/site-packages/airflow/example_dags/example_python_operator.py
[2024-03-28T17:28:07.157+0000] {processor.py:840} INFO - DAG(s) 'example_python_operator' retrieved from /home/airflow/.local/lib/python3.8/site-packages/airflow/example_dags/example_python_operator.py
[2024-03-28T17:28:07.222+0000] {logging_mixin.py:188} INFO - [2024-03-28T17:28:07.218+0000] {dag.py:3047} INFO - Sync 1 DAGs
[2024-03-28T17:28:07.261+0000] {logging_mixin.py:188} INFO - [2024-03-28T17:28:07.261+0000] {dag.py:3834} INFO - Setting next_dagrun for example_python_operator to None, run_after=None
[2024-03-28T17:28:07.325+0000] {processor.py:183} INFO - Processing /home/airflow/.local/lib/python3.8/site-packages/airflow/example_dags/example_python_operator.py took 0.233 seconds
[2024-03-28T17:28:43.857+0000] {processor.py:161} INFO - Started process (PID=1961) to work on /home/airflow/.local/lib/python3.8/site-packages/airflow/example_dags/example_python_operator.py
[2024-03-28T17:28:43.915+0000] {processor.py:830} INFO - Processing file /home/airflow/.local/lib/python3.8/site-packages/airflow/example_dags/example_python_operator.py for tasks to queue
[2024-03-28T17:28:43.965+0000] {logging_mixin.py:188} INFO - [2024-03-28T17:28:43.964+0000] {dagbag.py:540} INFO - Filling up the DagBag from /home/airflow/.local/lib/python3.8/site-packages/airflow/example_dags/example_python_operator.py
[2024-03-28T17:28:44.226+0000] {processor.py:840} INFO - DAG(s) 'example_python_operator' retrieved from /home/airflow/.local/lib/python3.8/site-packages/airflow/example_dags/example_python_operator.py
[2024-03-28T17:28:44.476+0000] {logging_mixin.py:188} INFO - [2024-03-28T17:28:44.475+0000] {dag.py:3047} INFO - Sync 1 DAGs
[2024-03-28T17:28:44.524+0000] {logging_mixin.py:188} INFO - [2024-03-28T17:28:44.523+0000] {dag.py:3834} INFO - Setting next_dagrun for example_python_operator to None, run_after=None
[2024-03-28T17:28:44.577+0000] {processor.py:183} INFO - Processing /home/airflow/.local/lib/python3.8/site-packages/airflow/example_dags/example_python_operator.py took 0.789 seconds
[2024-03-28T17:29:15.853+0000] {processor.py:161} INFO - Started process (PID=2016) to work on /home/airflow/.local/lib/python3.8/site-packages/airflow/example_dags/example_python_operator.py
[2024-03-28T17:29:15.869+0000] {processor.py:830} INFO - Processing file /home/airflow/.local/lib/python3.8/site-packages/airflow/example_dags/example_python_operator.py for tasks to queue
[2024-03-28T17:29:15.896+0000] {logging_mixin.py:188} INFO - [2024-03-28T17:29:15.892+0000] {dagbag.py:540} INFO - Filling up the DagBag from /home/airflow/.local/lib/python3.8/site-packages/airflow/example_dags/example_python_operator.py
[2024-03-28T17:29:16.059+0000] {processor.py:840} INFO - DAG(s) 'example_python_operator' retrieved from /home/airflow/.local/lib/python3.8/site-packages/airflow/example_dags/example_python_operator.py
[2024-03-28T17:29:16.364+0000] {logging_mixin.py:188} INFO - [2024-03-28T17:29:16.364+0000] {dag.py:3047} INFO - Sync 1 DAGs
[2024-03-28T17:29:16.509+0000] {logging_mixin.py:188} INFO - [2024-03-28T17:29:16.508+0000] {dag.py:3834} INFO - Setting next_dagrun for example_python_operator to None, run_after=None
[2024-03-28T17:29:16.829+0000] {processor.py:183} INFO - Processing /home/airflow/.local/lib/python3.8/site-packages/airflow/example_dags/example_python_operator.py took 1.009 seconds
[2024-03-28T17:29:47.801+0000] {processor.py:161} INFO - Started process (PID=2071) to work on /home/airflow/.local/lib/python3.8/site-packages/airflow/example_dags/example_python_operator.py
[2024-03-28T17:29:47.808+0000] {processor.py:830} INFO - Processing file /home/airflow/.local/lib/python3.8/site-packages/airflow/example_dags/example_python_operator.py for tasks to queue
[2024-03-28T17:29:47.814+0000] {logging_mixin.py:188} INFO - [2024-03-28T17:29:47.813+0000] {dagbag.py:540} INFO - Filling up the DagBag from /home/airflow/.local/lib/python3.8/site-packages/airflow/example_dags/example_python_operator.py
[2024-03-28T17:29:47.851+0000] {processor.py:840} INFO - DAG(s) 'example_python_operator' retrieved from /home/airflow/.local/lib/python3.8/site-packages/airflow/example_dags/example_python_operator.py
[2024-03-28T17:29:47.951+0000] {logging_mixin.py:188} INFO - [2024-03-28T17:29:47.949+0000] {dag.py:3047} INFO - Sync 1 DAGs
[2024-03-28T17:29:47.997+0000] {logging_mixin.py:188} INFO - [2024-03-28T17:29:47.996+0000] {dag.py:3834} INFO - Setting next_dagrun for example_python_operator to None, run_after=None
[2024-03-28T17:29:48.062+0000] {processor.py:183} INFO - Processing /home/airflow/.local/lib/python3.8/site-packages/airflow/example_dags/example_python_operator.py took 0.269 seconds
[2024-03-28T17:30:18.561+0000] {processor.py:161} INFO - Started process (PID=2126) to work on /home/airflow/.local/lib/python3.8/site-packages/airflow/example_dags/example_python_operator.py
[2024-03-28T17:30:18.569+0000] {processor.py:830} INFO - Processing file /home/airflow/.local/lib/python3.8/site-packages/airflow/example_dags/example_python_operator.py for tasks to queue
[2024-03-28T17:30:18.589+0000] {logging_mixin.py:188} INFO - [2024-03-28T17:30:18.587+0000] {dagbag.py:540} INFO - Filling up the DagBag from /home/airflow/.local/lib/python3.8/site-packages/airflow/example_dags/example_python_operator.py
[2024-03-28T17:30:18.654+0000] {processor.py:840} INFO - DAG(s) 'example_python_operator' retrieved from /home/airflow/.local/lib/python3.8/site-packages/airflow/example_dags/example_python_operator.py
[2024-03-28T17:30:18.753+0000] {logging_mixin.py:188} INFO - [2024-03-28T17:30:18.752+0000] {dag.py:3047} INFO - Sync 1 DAGs
[2024-03-28T17:30:18.839+0000] {logging_mixin.py:188} INFO - [2024-03-28T17:30:18.838+0000] {dag.py:3834} INFO - Setting next_dagrun for example_python_operator to None, run_after=None
[2024-03-28T17:30:18.919+0000] {processor.py:183} INFO - Processing /home/airflow/.local/lib/python3.8/site-packages/airflow/example_dags/example_python_operator.py took 0.375 seconds
[2024-03-28T17:30:57.868+0000] {processor.py:161} INFO - Started process (PID=2178) to work on /home/airflow/.local/lib/python3.8/site-packages/airflow/example_dags/example_python_operator.py
[2024-03-28T17:30:57.872+0000] {processor.py:830} INFO - Processing file /home/airflow/.local/lib/python3.8/site-packages/airflow/example_dags/example_python_operator.py for tasks to queue
[2024-03-28T17:30:57.878+0000] {logging_mixin.py:188} INFO - [2024-03-28T17:30:57.878+0000] {dagbag.py:540} INFO - Filling up the DagBag from /home/airflow/.local/lib/python3.8/site-packages/airflow/example_dags/example_python_operator.py
[2024-03-28T17:30:57.923+0000] {processor.py:840} INFO - DAG(s) 'example_python_operator' retrieved from /home/airflow/.local/lib/python3.8/site-packages/airflow/example_dags/example_python_operator.py
[2024-03-28T17:30:58.038+0000] {logging_mixin.py:188} INFO - [2024-03-28T17:30:58.038+0000] {dag.py:3047} INFO - Sync 1 DAGs
[2024-03-28T17:30:58.080+0000] {logging_mixin.py:188} INFO - [2024-03-28T17:30:58.079+0000] {dag.py:3834} INFO - Setting next_dagrun for example_python_operator to None, run_after=None
[2024-03-28T17:30:58.189+0000] {processor.py:183} INFO - Processing /home/airflow/.local/lib/python3.8/site-packages/airflow/example_dags/example_python_operator.py took 0.331 seconds
[2024-03-28T17:31:30.799+0000] {processor.py:161} INFO - Started process (PID=2232) to work on /home/airflow/.local/lib/python3.8/site-packages/airflow/example_dags/example_python_operator.py
[2024-03-28T17:31:30.804+0000] {processor.py:830} INFO - Processing file /home/airflow/.local/lib/python3.8/site-packages/airflow/example_dags/example_python_operator.py for tasks to queue
[2024-03-28T17:31:30.810+0000] {logging_mixin.py:188} INFO - [2024-03-28T17:31:30.810+0000] {dagbag.py:540} INFO - Filling up the DagBag from /home/airflow/.local/lib/python3.8/site-packages/airflow/example_dags/example_python_operator.py
[2024-03-28T17:31:30.868+0000] {processor.py:840} INFO - DAG(s) 'example_python_operator' retrieved from /home/airflow/.local/lib/python3.8/site-packages/airflow/example_dags/example_python_operator.py
[2024-03-28T17:31:30.971+0000] {logging_mixin.py:188} INFO - [2024-03-28T17:31:30.970+0000] {dag.py:3047} INFO - Sync 1 DAGs
[2024-03-28T17:31:31.007+0000] {logging_mixin.py:188} INFO - [2024-03-28T17:31:31.005+0000] {dag.py:3834} INFO - Setting next_dagrun for example_python_operator to None, run_after=None
[2024-03-28T17:31:31.221+0000] {processor.py:183} INFO - Processing /home/airflow/.local/lib/python3.8/site-packages/airflow/example_dags/example_python_operator.py took 0.431 seconds
[2024-03-28T17:32:10.501+0000] {processor.py:161} INFO - Started process (PID=2287) to work on /home/airflow/.local/lib/python3.8/site-packages/airflow/example_dags/example_python_operator.py
[2024-03-28T17:32:10.509+0000] {processor.py:830} INFO - Processing file /home/airflow/.local/lib/python3.8/site-packages/airflow/example_dags/example_python_operator.py for tasks to queue
[2024-03-28T17:32:10.519+0000] {logging_mixin.py:188} INFO - [2024-03-28T17:32:10.518+0000] {dagbag.py:540} INFO - Filling up the DagBag from /home/airflow/.local/lib/python3.8/site-packages/airflow/example_dags/example_python_operator.py
[2024-03-28T17:32:10.558+0000] {processor.py:840} INFO - DAG(s) 'example_python_operator' retrieved from /home/airflow/.local/lib/python3.8/site-packages/airflow/example_dags/example_python_operator.py
[2024-03-28T17:32:10.646+0000] {logging_mixin.py:188} INFO - [2024-03-28T17:32:10.645+0000] {dag.py:3047} INFO - Sync 1 DAGs
[2024-03-28T17:32:10.840+0000] {logging_mixin.py:188} INFO - [2024-03-28T17:32:10.839+0000] {dag.py:3834} INFO - Setting next_dagrun for example_python_operator to None, run_after=None
[2024-03-28T17:32:11.117+0000] {processor.py:183} INFO - Processing /home/airflow/.local/lib/python3.8/site-packages/airflow/example_dags/example_python_operator.py took 0.631 seconds
[2024-03-28T17:32:43.055+0000] {processor.py:161} INFO - Started process (PID=2342) to work on /home/airflow/.local/lib/python3.8/site-packages/airflow/example_dags/example_python_operator.py
[2024-03-28T17:32:43.060+0000] {processor.py:830} INFO - Processing file /home/airflow/.local/lib/python3.8/site-packages/airflow/example_dags/example_python_operator.py for tasks to queue
[2024-03-28T17:32:43.070+0000] {logging_mixin.py:188} INFO - [2024-03-28T17:32:43.068+0000] {dagbag.py:540} INFO - Filling up the DagBag from /home/airflow/.local/lib/python3.8/site-packages/airflow/example_dags/example_python_operator.py
[2024-03-28T17:32:43.275+0000] {processor.py:840} INFO - DAG(s) 'example_python_operator' retrieved from /home/airflow/.local/lib/python3.8/site-packages/airflow/example_dags/example_python_operator.py
[2024-03-28T17:32:43.459+0000] {logging_mixin.py:188} INFO - [2024-03-28T17:32:43.458+0000] {dag.py:3047} INFO - Sync 1 DAGs
[2024-03-28T17:32:43.606+0000] {logging_mixin.py:188} INFO - [2024-03-28T17:32:43.604+0000] {dag.py:3834} INFO - Setting next_dagrun for example_python_operator to None, run_after=None
[2024-03-28T17:32:43.981+0000] {processor.py:183} INFO - Processing /home/airflow/.local/lib/python3.8/site-packages/airflow/example_dags/example_python_operator.py took 0.942 seconds
[2024-03-28T17:33:15.731+0000] {processor.py:161} INFO - Started process (PID=2397) to work on /home/airflow/.local/lib/python3.8/site-packages/airflow/example_dags/example_python_operator.py
[2024-03-28T17:33:15.758+0000] {processor.py:830} INFO - Processing file /home/airflow/.local/lib/python3.8/site-packages/airflow/example_dags/example_python_operator.py for tasks to queue
[2024-03-28T17:33:15.781+0000] {logging_mixin.py:188} INFO - [2024-03-28T17:33:15.779+0000] {dagbag.py:540} INFO - Filling up the DagBag from /home/airflow/.local/lib/python3.8/site-packages/airflow/example_dags/example_python_operator.py
[2024-03-28T17:33:15.915+0000] {processor.py:840} INFO - DAG(s) 'example_python_operator' retrieved from /home/airflow/.local/lib/python3.8/site-packages/airflow/example_dags/example_python_operator.py
[2024-03-28T17:33:16.074+0000] {logging_mixin.py:188} INFO - [2024-03-28T17:33:16.073+0000] {dag.py:3047} INFO - Sync 1 DAGs
[2024-03-28T17:33:16.230+0000] {logging_mixin.py:188} INFO - [2024-03-28T17:33:16.230+0000] {dag.py:3834} INFO - Setting next_dagrun for example_python_operator to None, run_after=None
[2024-03-28T17:33:16.344+0000] {processor.py:183} INFO - Processing /home/airflow/.local/lib/python3.8/site-packages/airflow/example_dags/example_python_operator.py took 0.649 seconds
