[2024-03-28T16:33:05.302+0000] {processor.py:161} INFO - Started process (PID=158) to work on /home/airflow/.local/lib/python3.8/site-packages/airflow/example_dags/example_external_task_marker_dag.py
[2024-03-28T16:33:05.670+0000] {processor.py:830} INFO - Processing file /home/airflow/.local/lib/python3.8/site-packages/airflow/example_dags/example_external_task_marker_dag.py for tasks to queue
[2024-03-28T16:33:05.858+0000] {logging_mixin.py:188} INFO - [2024-03-28T16:33:05.803+0000] {dagbag.py:540} INFO - Filling up the DagBag from /home/airflow/.local/lib/python3.8/site-packages/airflow/example_dags/example_external_task_marker_dag.py
[2024-03-28T16:33:06.171+0000] {processor.py:840} INFO - DAG(s) 'example_external_task_marker_parent', 'example_external_task_marker_child' retrieved from /home/airflow/.local/lib/python3.8/site-packages/airflow/example_dags/example_external_task_marker_dag.py
[2024-03-28T16:33:11.159+0000] {logging_mixin.py:188} INFO - [2024-03-28T16:33:11.099+0000] {override.py:1769} INFO - Created Permission View: can edit on DAG:example_external_task_marker_parent
[2024-03-28T16:33:11.720+0000] {logging_mixin.py:188} INFO - [2024-03-28T16:33:11.714+0000] {override.py:1769} INFO - Created Permission View: can read on DAG:example_external_task_marker_parent
[2024-03-28T16:33:11.978+0000] {logging_mixin.py:188} INFO - [2024-03-28T16:33:11.977+0000] {override.py:1769} INFO - Created Permission View: can delete on DAG:example_external_task_marker_parent
[2024-03-28T16:33:13.116+0000] {logging_mixin.py:188} INFO - [2024-03-28T16:33:13.113+0000] {override.py:1769} INFO - Created Permission View: can edit on DAG:example_external_task_marker_child
[2024-03-28T16:33:13.537+0000] {logging_mixin.py:188} INFO - [2024-03-28T16:33:13.529+0000] {override.py:1769} INFO - Created Permission View: can read on DAG:example_external_task_marker_child
[2024-03-28T16:33:13.646+0000] {logging_mixin.py:188} INFO - [2024-03-28T16:33:13.645+0000] {override.py:1769} INFO - Created Permission View: can delete on DAG:example_external_task_marker_child
[2024-03-28T16:33:13.721+0000] {logging_mixin.py:188} INFO - [2024-03-28T16:33:13.720+0000] {dag.py:3047} INFO - Sync 2 DAGs
[2024-03-28T16:33:14.766+0000] {logging_mixin.py:188} INFO - [2024-03-28T16:33:14.764+0000] {dag.py:3069} INFO - Creating ORM DAG for example_external_task_marker_parent
[2024-03-28T16:33:14.811+0000] {logging_mixin.py:188} INFO - [2024-03-28T16:33:14.809+0000] {dag.py:3069} INFO - Creating ORM DAG for example_external_task_marker_child
[2024-03-28T16:33:14.878+0000] {logging_mixin.py:188} INFO - [2024-03-28T16:33:14.825+0000] {dag.py:3834} INFO - Setting next_dagrun for example_external_task_marker_child to None, run_after=None
[2024-03-28T16:33:15.119+0000] {logging_mixin.py:188} INFO - [2024-03-28T16:33:15.119+0000] {dag.py:3834} INFO - Setting next_dagrun for example_external_task_marker_parent to None, run_after=None
[2024-03-28T16:33:16.237+0000] {processor.py:183} INFO - Processing /home/airflow/.local/lib/python3.8/site-packages/airflow/example_dags/example_external_task_marker_dag.py took 11.362 seconds
[2024-03-28T16:36:48.418+0000] {processor.py:161} INFO - Started process (PID=248) to work on /home/airflow/.local/lib/python3.8/site-packages/airflow/example_dags/example_external_task_marker_dag.py
[2024-03-28T16:36:48.441+0000] {processor.py:830} INFO - Processing file /home/airflow/.local/lib/python3.8/site-packages/airflow/example_dags/example_external_task_marker_dag.py for tasks to queue
[2024-03-28T16:36:48.481+0000] {logging_mixin.py:188} INFO - [2024-03-28T16:36:48.478+0000] {dagbag.py:540} INFO - Filling up the DagBag from /home/airflow/.local/lib/python3.8/site-packages/airflow/example_dags/example_external_task_marker_dag.py
[2024-03-28T16:36:48.684+0000] {processor.py:840} INFO - DAG(s) 'example_external_task_marker_parent', 'example_external_task_marker_child' retrieved from /home/airflow/.local/lib/python3.8/site-packages/airflow/example_dags/example_external_task_marker_dag.py
[2024-03-28T16:36:51.432+0000] {logging_mixin.py:188} INFO - [2024-03-28T16:36:51.432+0000] {dag.py:3047} INFO - Sync 2 DAGs
[2024-03-28T16:36:53.073+0000] {logging_mixin.py:188} INFO - [2024-03-28T16:36:53.073+0000] {dag.py:3834} INFO - Setting next_dagrun for example_external_task_marker_child to None, run_after=None
[2024-03-28T16:36:53.325+0000] {logging_mixin.py:188} INFO - [2024-03-28T16:36:53.311+0000] {dag.py:3834} INFO - Setting next_dagrun for example_external_task_marker_parent to None, run_after=None
[2024-03-28T16:36:54.036+0000] {processor.py:183} INFO - Processing /home/airflow/.local/lib/python3.8/site-packages/airflow/example_dags/example_external_task_marker_dag.py took 5.652 seconds
[2024-03-28T16:42:03.265+0000] {processor.py:161} INFO - Started process (PID=383) to work on /home/airflow/.local/lib/python3.8/site-packages/airflow/example_dags/example_external_task_marker_dag.py
[2024-03-28T16:42:03.322+0000] {processor.py:830} INFO - Processing file /home/airflow/.local/lib/python3.8/site-packages/airflow/example_dags/example_external_task_marker_dag.py for tasks to queue
[2024-03-28T16:42:03.497+0000] {logging_mixin.py:188} INFO - [2024-03-28T16:42:03.376+0000] {dagbag.py:540} INFO - Filling up the DagBag from /home/airflow/.local/lib/python3.8/site-packages/airflow/example_dags/example_external_task_marker_dag.py
[2024-03-28T16:42:04.143+0000] {processor.py:840} INFO - DAG(s) 'example_external_task_marker_child', 'example_external_task_marker_parent' retrieved from /home/airflow/.local/lib/python3.8/site-packages/airflow/example_dags/example_external_task_marker_dag.py
[2024-03-28T16:42:06.560+0000] {logging_mixin.py:188} INFO - [2024-03-28T16:42:06.558+0000] {dag.py:3047} INFO - Sync 2 DAGs
[2024-03-28T16:42:08.157+0000] {logging_mixin.py:188} INFO - [2024-03-28T16:42:08.154+0000] {dag.py:3834} INFO - Setting next_dagrun for example_external_task_marker_child to None, run_after=None
[2024-03-28T16:42:08.209+0000] {logging_mixin.py:188} INFO - [2024-03-28T16:42:08.203+0000] {dag.py:3834} INFO - Setting next_dagrun for example_external_task_marker_parent to None, run_after=None
[2024-03-28T16:42:09.011+0000] {processor.py:183} INFO - Processing /home/airflow/.local/lib/python3.8/site-packages/airflow/example_dags/example_external_task_marker_dag.py took 5.953 seconds
[2024-03-28T16:45:36.304+0000] {processor.py:161} INFO - Started process (PID=467) to work on /home/airflow/.local/lib/python3.8/site-packages/airflow/example_dags/example_external_task_marker_dag.py
[2024-03-28T16:45:36.346+0000] {processor.py:830} INFO - Processing file /home/airflow/.local/lib/python3.8/site-packages/airflow/example_dags/example_external_task_marker_dag.py for tasks to queue
[2024-03-28T16:45:37.133+0000] {logging_mixin.py:188} INFO - [2024-03-28T16:45:37.128+0000] {dagbag.py:540} INFO - Filling up the DagBag from /home/airflow/.local/lib/python3.8/site-packages/airflow/example_dags/example_external_task_marker_dag.py
[2024-03-28T16:45:38.378+0000] {processor.py:840} INFO - DAG(s) 'example_external_task_marker_child', 'example_external_task_marker_parent' retrieved from /home/airflow/.local/lib/python3.8/site-packages/airflow/example_dags/example_external_task_marker_dag.py
[2024-03-28T16:45:43.972+0000] {logging_mixin.py:188} INFO - [2024-03-28T16:45:43.755+0000] {dag.py:3047} INFO - Sync 2 DAGs
[2024-03-28T16:45:46.098+0000] {logging_mixin.py:188} INFO - [2024-03-28T16:45:46.078+0000] {dag.py:3834} INFO - Setting next_dagrun for example_external_task_marker_child to None, run_after=None
[2024-03-28T16:45:46.582+0000] {logging_mixin.py:188} INFO - [2024-03-28T16:45:46.577+0000] {dag.py:3834} INFO - Setting next_dagrun for example_external_task_marker_parent to None, run_after=None
[2024-03-28T16:45:47.455+0000] {processor.py:183} INFO - Processing /home/airflow/.local/lib/python3.8/site-packages/airflow/example_dags/example_external_task_marker_dag.py took 12.484 seconds
[2024-03-28T17:06:15.104+0000] {processor.py:161} INFO - Started process (PID=81) to work on /home/airflow/.local/lib/python3.8/site-packages/airflow/example_dags/example_external_task_marker_dag.py
[2024-03-28T17:06:15.135+0000] {processor.py:830} INFO - Processing file /home/airflow/.local/lib/python3.8/site-packages/airflow/example_dags/example_external_task_marker_dag.py for tasks to queue
[2024-03-28T17:06:15.174+0000] {logging_mixin.py:188} INFO - [2024-03-28T17:06:15.166+0000] {dagbag.py:540} INFO - Filling up the DagBag from /home/airflow/.local/lib/python3.8/site-packages/airflow/example_dags/example_external_task_marker_dag.py
[2024-03-28T17:06:15.503+0000] {processor.py:840} INFO - DAG(s) 'example_external_task_marker_child', 'example_external_task_marker_parent' retrieved from /home/airflow/.local/lib/python3.8/site-packages/airflow/example_dags/example_external_task_marker_dag.py
[2024-03-28T17:06:17.056+0000] {logging_mixin.py:188} INFO - [2024-03-28T17:06:17.046+0000] {dag.py:3047} INFO - Sync 2 DAGs
[2024-03-28T17:06:17.121+0000] {logging_mixin.py:188} INFO - [2024-03-28T17:06:17.120+0000] {dag.py:3834} INFO - Setting next_dagrun for example_external_task_marker_child to None, run_after=None
[2024-03-28T17:06:17.139+0000] {logging_mixin.py:188} INFO - [2024-03-28T17:06:17.138+0000] {dag.py:3834} INFO - Setting next_dagrun for example_external_task_marker_parent to None, run_after=None
[2024-03-28T17:06:17.233+0000] {processor.py:183} INFO - Processing /home/airflow/.local/lib/python3.8/site-packages/airflow/example_dags/example_external_task_marker_dag.py took 2.151 seconds
[2024-03-28T17:07:44.113+0000] {processor.py:161} INFO - Started process (PID=148) to work on /home/airflow/.local/lib/python3.8/site-packages/airflow/example_dags/example_external_task_marker_dag.py
[2024-03-28T17:07:44.122+0000] {processor.py:830} INFO - Processing file /home/airflow/.local/lib/python3.8/site-packages/airflow/example_dags/example_external_task_marker_dag.py for tasks to queue
[2024-03-28T17:07:44.153+0000] {logging_mixin.py:188} INFO - [2024-03-28T17:07:44.153+0000] {dagbag.py:540} INFO - Filling up the DagBag from /home/airflow/.local/lib/python3.8/site-packages/airflow/example_dags/example_external_task_marker_dag.py
[2024-03-28T17:07:44.194+0000] {processor.py:840} INFO - DAG(s) 'example_external_task_marker_child', 'example_external_task_marker_parent' retrieved from /home/airflow/.local/lib/python3.8/site-packages/airflow/example_dags/example_external_task_marker_dag.py
[2024-03-28T17:07:44.355+0000] {logging_mixin.py:188} INFO - [2024-03-28T17:07:44.354+0000] {dag.py:3047} INFO - Sync 2 DAGs
[2024-03-28T17:07:44.575+0000] {logging_mixin.py:188} INFO - [2024-03-28T17:07:44.574+0000] {dag.py:3834} INFO - Setting next_dagrun for example_external_task_marker_child to None, run_after=None
[2024-03-28T17:07:44.680+0000] {logging_mixin.py:188} INFO - [2024-03-28T17:07:44.679+0000] {dag.py:3834} INFO - Setting next_dagrun for example_external_task_marker_parent to None, run_after=None
[2024-03-28T17:07:44.788+0000] {processor.py:183} INFO - Processing /home/airflow/.local/lib/python3.8/site-packages/airflow/example_dags/example_external_task_marker_dag.py took 0.693 seconds
[2024-03-28T17:08:25.332+0000] {processor.py:161} INFO - Started process (PID=203) to work on /home/airflow/.local/lib/python3.8/site-packages/airflow/example_dags/example_external_task_marker_dag.py
[2024-03-28T17:08:25.340+0000] {processor.py:830} INFO - Processing file /home/airflow/.local/lib/python3.8/site-packages/airflow/example_dags/example_external_task_marker_dag.py for tasks to queue
[2024-03-28T17:08:25.354+0000] {logging_mixin.py:188} INFO - [2024-03-28T17:08:25.354+0000] {dagbag.py:540} INFO - Filling up the DagBag from /home/airflow/.local/lib/python3.8/site-packages/airflow/example_dags/example_external_task_marker_dag.py
[2024-03-28T17:08:25.403+0000] {processor.py:840} INFO - DAG(s) 'example_external_task_marker_parent', 'example_external_task_marker_child' retrieved from /home/airflow/.local/lib/python3.8/site-packages/airflow/example_dags/example_external_task_marker_dag.py
[2024-03-28T17:08:25.601+0000] {logging_mixin.py:188} INFO - [2024-03-28T17:08:25.600+0000] {dag.py:3047} INFO - Sync 2 DAGs
[2024-03-28T17:08:25.692+0000] {logging_mixin.py:188} INFO - [2024-03-28T17:08:25.691+0000] {dag.py:3834} INFO - Setting next_dagrun for example_external_task_marker_child to None, run_after=None
[2024-03-28T17:08:25.748+0000] {logging_mixin.py:188} INFO - [2024-03-28T17:08:25.748+0000] {dag.py:3834} INFO - Setting next_dagrun for example_external_task_marker_parent to None, run_after=None
[2024-03-28T17:08:25.978+0000] {processor.py:183} INFO - Processing /home/airflow/.local/lib/python3.8/site-packages/airflow/example_dags/example_external_task_marker_dag.py took 0.691 seconds
[2024-03-28T17:09:23.154+0000] {processor.py:161} INFO - Started process (PID=263) to work on /home/airflow/.local/lib/python3.8/site-packages/airflow/example_dags/example_external_task_marker_dag.py
[2024-03-28T17:09:23.170+0000] {processor.py:830} INFO - Processing file /home/airflow/.local/lib/python3.8/site-packages/airflow/example_dags/example_external_task_marker_dag.py for tasks to queue
[2024-03-28T17:09:23.206+0000] {logging_mixin.py:188} INFO - [2024-03-28T17:09:23.203+0000] {dagbag.py:540} INFO - Filling up the DagBag from /home/airflow/.local/lib/python3.8/site-packages/airflow/example_dags/example_external_task_marker_dag.py
[2024-03-28T17:09:23.344+0000] {processor.py:840} INFO - DAG(s) 'example_external_task_marker_child', 'example_external_task_marker_parent' retrieved from /home/airflow/.local/lib/python3.8/site-packages/airflow/example_dags/example_external_task_marker_dag.py
[2024-03-28T17:09:23.630+0000] {logging_mixin.py:188} INFO - [2024-03-28T17:09:23.629+0000] {dag.py:3047} INFO - Sync 2 DAGs
[2024-03-28T17:09:26.432+0000] {logging_mixin.py:188} INFO - [2024-03-28T17:09:26.430+0000] {dag.py:3834} INFO - Setting next_dagrun for example_external_task_marker_child to None, run_after=None
[2024-03-28T17:09:26.587+0000] {logging_mixin.py:188} INFO - [2024-03-28T17:09:26.586+0000] {dag.py:3834} INFO - Setting next_dagrun for example_external_task_marker_parent to None, run_after=None
[2024-03-28T17:09:27.463+0000] {processor.py:183} INFO - Processing /home/airflow/.local/lib/python3.8/site-packages/airflow/example_dags/example_external_task_marker_dag.py took 4.338 seconds
[2024-03-28T17:11:07.151+0000] {processor.py:161} INFO - Started process (PID=339) to work on /home/airflow/.local/lib/python3.8/site-packages/airflow/example_dags/example_external_task_marker_dag.py
[2024-03-28T17:11:07.163+0000] {processor.py:830} INFO - Processing file /home/airflow/.local/lib/python3.8/site-packages/airflow/example_dags/example_external_task_marker_dag.py for tasks to queue
[2024-03-28T17:11:07.182+0000] {logging_mixin.py:188} INFO - [2024-03-28T17:11:07.178+0000] {dagbag.py:540} INFO - Filling up the DagBag from /home/airflow/.local/lib/python3.8/site-packages/airflow/example_dags/example_external_task_marker_dag.py
[2024-03-28T17:11:07.230+0000] {processor.py:840} INFO - DAG(s) 'example_external_task_marker_parent', 'example_external_task_marker_child' retrieved from /home/airflow/.local/lib/python3.8/site-packages/airflow/example_dags/example_external_task_marker_dag.py
[2024-03-28T17:11:07.460+0000] {logging_mixin.py:188} INFO - [2024-03-28T17:11:07.459+0000] {dag.py:3047} INFO - Sync 2 DAGs
[2024-03-28T17:11:07.596+0000] {logging_mixin.py:188} INFO - [2024-03-28T17:11:07.595+0000] {dag.py:3834} INFO - Setting next_dagrun for example_external_task_marker_child to None, run_after=None
[2024-03-28T17:11:07.666+0000] {logging_mixin.py:188} INFO - [2024-03-28T17:11:07.663+0000] {dag.py:3834} INFO - Setting next_dagrun for example_external_task_marker_parent to None, run_after=None
[2024-03-28T17:11:07.848+0000] {processor.py:183} INFO - Processing /home/airflow/.local/lib/python3.8/site-packages/airflow/example_dags/example_external_task_marker_dag.py took 0.714 seconds
[2024-03-28T17:12:03.494+0000] {processor.py:161} INFO - Started process (PID=402) to work on /home/airflow/.local/lib/python3.8/site-packages/airflow/example_dags/example_external_task_marker_dag.py
[2024-03-28T17:12:03.498+0000] {processor.py:830} INFO - Processing file /home/airflow/.local/lib/python3.8/site-packages/airflow/example_dags/example_external_task_marker_dag.py for tasks to queue
[2024-03-28T17:12:03.537+0000] {logging_mixin.py:188} INFO - [2024-03-28T17:12:03.532+0000] {dagbag.py:540} INFO - Filling up the DagBag from /home/airflow/.local/lib/python3.8/site-packages/airflow/example_dags/example_external_task_marker_dag.py
[2024-03-28T17:12:03.571+0000] {processor.py:840} INFO - DAG(s) 'example_external_task_marker_child', 'example_external_task_marker_parent' retrieved from /home/airflow/.local/lib/python3.8/site-packages/airflow/example_dags/example_external_task_marker_dag.py
[2024-03-28T17:12:03.704+0000] {logging_mixin.py:188} INFO - [2024-03-28T17:12:03.703+0000] {dag.py:3047} INFO - Sync 2 DAGs
[2024-03-28T17:12:03.918+0000] {logging_mixin.py:188} INFO - [2024-03-28T17:12:03.918+0000] {dag.py:3834} INFO - Setting next_dagrun for example_external_task_marker_child to None, run_after=None
[2024-03-28T17:12:03.972+0000] {logging_mixin.py:188} INFO - [2024-03-28T17:12:03.971+0000] {dag.py:3834} INFO - Setting next_dagrun for example_external_task_marker_parent to None, run_after=None
[2024-03-28T17:12:04.145+0000] {processor.py:183} INFO - Processing /home/airflow/.local/lib/python3.8/site-packages/airflow/example_dags/example_external_task_marker_dag.py took 0.680 seconds
[2024-03-28T17:12:41.510+0000] {processor.py:161} INFO - Started process (PID=456) to work on /home/airflow/.local/lib/python3.8/site-packages/airflow/example_dags/example_external_task_marker_dag.py
[2024-03-28T17:12:41.520+0000] {processor.py:830} INFO - Processing file /home/airflow/.local/lib/python3.8/site-packages/airflow/example_dags/example_external_task_marker_dag.py for tasks to queue
[2024-03-28T17:12:41.546+0000] {logging_mixin.py:188} INFO - [2024-03-28T17:12:41.544+0000] {dagbag.py:540} INFO - Filling up the DagBag from /home/airflow/.local/lib/python3.8/site-packages/airflow/example_dags/example_external_task_marker_dag.py
[2024-03-28T17:12:43.646+0000] {processor.py:840} INFO - DAG(s) 'example_external_task_marker_child', 'example_external_task_marker_parent' retrieved from /home/airflow/.local/lib/python3.8/site-packages/airflow/example_dags/example_external_task_marker_dag.py
[2024-03-28T17:12:46.738+0000] {logging_mixin.py:188} INFO - [2024-03-28T17:12:46.734+0000] {dag.py:3047} INFO - Sync 2 DAGs
[2024-03-28T17:12:47.008+0000] {logging_mixin.py:188} INFO - [2024-03-28T17:12:47.008+0000] {dag.py:3834} INFO - Setting next_dagrun for example_external_task_marker_child to None, run_after=None
[2024-03-28T17:12:47.062+0000] {logging_mixin.py:188} INFO - [2024-03-28T17:12:47.061+0000] {dag.py:3834} INFO - Setting next_dagrun for example_external_task_marker_parent to None, run_after=None
[2024-03-28T17:12:47.194+0000] {processor.py:183} INFO - Processing /home/airflow/.local/lib/python3.8/site-packages/airflow/example_dags/example_external_task_marker_dag.py took 5.717 seconds
[2024-03-28T17:13:18.413+0000] {processor.py:161} INFO - Started process (PID=512) to work on /home/airflow/.local/lib/python3.8/site-packages/airflow/example_dags/example_external_task_marker_dag.py
[2024-03-28T17:13:18.469+0000] {processor.py:830} INFO - Processing file /home/airflow/.local/lib/python3.8/site-packages/airflow/example_dags/example_external_task_marker_dag.py for tasks to queue
[2024-03-28T17:13:18.556+0000] {logging_mixin.py:188} INFO - [2024-03-28T17:13:18.548+0000] {dagbag.py:540} INFO - Filling up the DagBag from /home/airflow/.local/lib/python3.8/site-packages/airflow/example_dags/example_external_task_marker_dag.py
[2024-03-28T17:13:18.809+0000] {processor.py:840} INFO - DAG(s) 'example_external_task_marker_parent', 'example_external_task_marker_child' retrieved from /home/airflow/.local/lib/python3.8/site-packages/airflow/example_dags/example_external_task_marker_dag.py
[2024-03-28T17:13:19.258+0000] {logging_mixin.py:188} INFO - [2024-03-28T17:13:19.257+0000] {dag.py:3047} INFO - Sync 2 DAGs
[2024-03-28T17:13:19.469+0000] {logging_mixin.py:188} INFO - [2024-03-28T17:13:19.468+0000] {dag.py:3834} INFO - Setting next_dagrun for example_external_task_marker_child to None, run_after=None
[2024-03-28T17:13:19.547+0000] {logging_mixin.py:188} INFO - [2024-03-28T17:13:19.546+0000] {dag.py:3834} INFO - Setting next_dagrun for example_external_task_marker_parent to None, run_after=None
[2024-03-28T17:13:19.800+0000] {processor.py:183} INFO - Processing /home/airflow/.local/lib/python3.8/site-packages/airflow/example_dags/example_external_task_marker_dag.py took 1.731 seconds
[2024-03-28T17:13:50.699+0000] {processor.py:161} INFO - Started process (PID=567) to work on /home/airflow/.local/lib/python3.8/site-packages/airflow/example_dags/example_external_task_marker_dag.py
[2024-03-28T17:13:50.742+0000] {processor.py:830} INFO - Processing file /home/airflow/.local/lib/python3.8/site-packages/airflow/example_dags/example_external_task_marker_dag.py for tasks to queue
[2024-03-28T17:13:50.798+0000] {logging_mixin.py:188} INFO - [2024-03-28T17:13:50.797+0000] {dagbag.py:540} INFO - Filling up the DagBag from /home/airflow/.local/lib/python3.8/site-packages/airflow/example_dags/example_external_task_marker_dag.py
[2024-03-28T17:13:51.570+0000] {processor.py:840} INFO - DAG(s) 'example_external_task_marker_child', 'example_external_task_marker_parent' retrieved from /home/airflow/.local/lib/python3.8/site-packages/airflow/example_dags/example_external_task_marker_dag.py
[2024-03-28T17:13:52.664+0000] {logging_mixin.py:188} INFO - [2024-03-28T17:13:52.663+0000] {dag.py:3047} INFO - Sync 2 DAGs
[2024-03-28T17:13:52.951+0000] {logging_mixin.py:188} INFO - [2024-03-28T17:13:52.942+0000] {dag.py:3834} INFO - Setting next_dagrun for example_external_task_marker_child to None, run_after=None
[2024-03-28T17:13:53.105+0000] {logging_mixin.py:188} INFO - [2024-03-28T17:13:53.092+0000] {dag.py:3834} INFO - Setting next_dagrun for example_external_task_marker_parent to None, run_after=None
[2024-03-28T17:13:53.460+0000] {processor.py:183} INFO - Processing /home/airflow/.local/lib/python3.8/site-packages/airflow/example_dags/example_external_task_marker_dag.py took 3.151 seconds
[2024-03-28T17:14:24.307+0000] {processor.py:161} INFO - Started process (PID=622) to work on /home/airflow/.local/lib/python3.8/site-packages/airflow/example_dags/example_external_task_marker_dag.py
[2024-03-28T17:14:24.312+0000] {processor.py:830} INFO - Processing file /home/airflow/.local/lib/python3.8/site-packages/airflow/example_dags/example_external_task_marker_dag.py for tasks to queue
[2024-03-28T17:14:24.332+0000] {logging_mixin.py:188} INFO - [2024-03-28T17:14:24.327+0000] {dagbag.py:540} INFO - Filling up the DagBag from /home/airflow/.local/lib/python3.8/site-packages/airflow/example_dags/example_external_task_marker_dag.py
[2024-03-28T17:14:24.472+0000] {processor.py:840} INFO - DAG(s) 'example_external_task_marker_child', 'example_external_task_marker_parent' retrieved from /home/airflow/.local/lib/python3.8/site-packages/airflow/example_dags/example_external_task_marker_dag.py
[2024-03-28T17:14:24.733+0000] {logging_mixin.py:188} INFO - [2024-03-28T17:14:24.733+0000] {dag.py:3047} INFO - Sync 2 DAGs
[2024-03-28T17:14:24.808+0000] {logging_mixin.py:188} INFO - [2024-03-28T17:14:24.807+0000] {dag.py:3834} INFO - Setting next_dagrun for example_external_task_marker_child to None, run_after=None
[2024-03-28T17:14:24.886+0000] {logging_mixin.py:188} INFO - [2024-03-28T17:14:24.886+0000] {dag.py:3834} INFO - Setting next_dagrun for example_external_task_marker_parent to None, run_after=None
[2024-03-28T17:14:25.253+0000] {processor.py:183} INFO - Processing /home/airflow/.local/lib/python3.8/site-packages/airflow/example_dags/example_external_task_marker_dag.py took 0.959 seconds
[2024-03-28T17:14:56.785+0000] {processor.py:161} INFO - Started process (PID=673) to work on /home/airflow/.local/lib/python3.8/site-packages/airflow/example_dags/example_external_task_marker_dag.py
[2024-03-28T17:14:56.792+0000] {processor.py:830} INFO - Processing file /home/airflow/.local/lib/python3.8/site-packages/airflow/example_dags/example_external_task_marker_dag.py for tasks to queue
[2024-03-28T17:14:56.801+0000] {logging_mixin.py:188} INFO - [2024-03-28T17:14:56.800+0000] {dagbag.py:540} INFO - Filling up the DagBag from /home/airflow/.local/lib/python3.8/site-packages/airflow/example_dags/example_external_task_marker_dag.py
[2024-03-28T17:14:56.879+0000] {processor.py:840} INFO - DAG(s) 'example_external_task_marker_parent', 'example_external_task_marker_child' retrieved from /home/airflow/.local/lib/python3.8/site-packages/airflow/example_dags/example_external_task_marker_dag.py
[2024-03-28T17:14:57.430+0000] {logging_mixin.py:188} INFO - [2024-03-28T17:14:57.408+0000] {dag.py:3047} INFO - Sync 2 DAGs
[2024-03-28T17:14:57.703+0000] {logging_mixin.py:188} INFO - [2024-03-28T17:14:57.695+0000] {dag.py:3834} INFO - Setting next_dagrun for example_external_task_marker_child to None, run_after=None
[2024-03-28T17:14:57.720+0000] {logging_mixin.py:188} INFO - [2024-03-28T17:14:57.713+0000] {dag.py:3834} INFO - Setting next_dagrun for example_external_task_marker_parent to None, run_after=None
[2024-03-28T17:14:57.877+0000] {processor.py:183} INFO - Processing /home/airflow/.local/lib/python3.8/site-packages/airflow/example_dags/example_external_task_marker_dag.py took 1.103 seconds
[2024-03-28T17:15:40.248+0000] {processor.py:161} INFO - Started process (PID=738) to work on /home/airflow/.local/lib/python3.8/site-packages/airflow/example_dags/example_external_task_marker_dag.py
[2024-03-28T17:15:40.251+0000] {processor.py:830} INFO - Processing file /home/airflow/.local/lib/python3.8/site-packages/airflow/example_dags/example_external_task_marker_dag.py for tasks to queue
[2024-03-28T17:15:40.259+0000] {logging_mixin.py:188} INFO - [2024-03-28T17:15:40.258+0000] {dagbag.py:540} INFO - Filling up the DagBag from /home/airflow/.local/lib/python3.8/site-packages/airflow/example_dags/example_external_task_marker_dag.py
[2024-03-28T17:15:40.290+0000] {processor.py:840} INFO - DAG(s) 'example_external_task_marker_parent', 'example_external_task_marker_child' retrieved from /home/airflow/.local/lib/python3.8/site-packages/airflow/example_dags/example_external_task_marker_dag.py
[2024-03-28T17:15:40.401+0000] {logging_mixin.py:188} INFO - [2024-03-28T17:15:40.400+0000] {dag.py:3047} INFO - Sync 2 DAGs
[2024-03-28T17:15:40.453+0000] {logging_mixin.py:188} INFO - [2024-03-28T17:15:40.452+0000] {dag.py:3834} INFO - Setting next_dagrun for example_external_task_marker_child to None, run_after=None
[2024-03-28T17:15:40.468+0000] {logging_mixin.py:188} INFO - [2024-03-28T17:15:40.468+0000] {dag.py:3834} INFO - Setting next_dagrun for example_external_task_marker_parent to None, run_after=None
[2024-03-28T17:15:40.546+0000] {processor.py:183} INFO - Processing /home/airflow/.local/lib/python3.8/site-packages/airflow/example_dags/example_external_task_marker_dag.py took 0.311 seconds
[2024-03-28T17:16:11.598+0000] {processor.py:161} INFO - Started process (PID=793) to work on /home/airflow/.local/lib/python3.8/site-packages/airflow/example_dags/example_external_task_marker_dag.py
[2024-03-28T17:16:11.604+0000] {processor.py:830} INFO - Processing file /home/airflow/.local/lib/python3.8/site-packages/airflow/example_dags/example_external_task_marker_dag.py for tasks to queue
[2024-03-28T17:16:11.616+0000] {logging_mixin.py:188} INFO - [2024-03-28T17:16:11.615+0000] {dagbag.py:540} INFO - Filling up the DagBag from /home/airflow/.local/lib/python3.8/site-packages/airflow/example_dags/example_external_task_marker_dag.py
[2024-03-28T17:16:11.648+0000] {processor.py:840} INFO - DAG(s) 'example_external_task_marker_parent', 'example_external_task_marker_child' retrieved from /home/airflow/.local/lib/python3.8/site-packages/airflow/example_dags/example_external_task_marker_dag.py
[2024-03-28T17:16:11.734+0000] {logging_mixin.py:188} INFO - [2024-03-28T17:16:11.733+0000] {dag.py:3047} INFO - Sync 2 DAGs
[2024-03-28T17:16:11.770+0000] {logging_mixin.py:188} INFO - [2024-03-28T17:16:11.769+0000] {dag.py:3834} INFO - Setting next_dagrun for example_external_task_marker_child to None, run_after=None
[2024-03-28T17:16:11.788+0000] {logging_mixin.py:188} INFO - [2024-03-28T17:16:11.787+0000] {dag.py:3834} INFO - Setting next_dagrun for example_external_task_marker_parent to None, run_after=None
[2024-03-28T17:16:11.836+0000] {processor.py:183} INFO - Processing /home/airflow/.local/lib/python3.8/site-packages/airflow/example_dags/example_external_task_marker_dag.py took 0.258 seconds
[2024-03-28T17:16:58.617+0000] {processor.py:161} INFO - Started process (PID=851) to work on /home/airflow/.local/lib/python3.8/site-packages/airflow/example_dags/example_external_task_marker_dag.py
[2024-03-28T17:16:58.630+0000] {processor.py:830} INFO - Processing file /home/airflow/.local/lib/python3.8/site-packages/airflow/example_dags/example_external_task_marker_dag.py for tasks to queue
[2024-03-28T17:16:58.642+0000] {logging_mixin.py:188} INFO - [2024-03-28T17:16:58.639+0000] {dagbag.py:540} INFO - Filling up the DagBag from /home/airflow/.local/lib/python3.8/site-packages/airflow/example_dags/example_external_task_marker_dag.py
[2024-03-28T17:16:58.695+0000] {processor.py:840} INFO - DAG(s) 'example_external_task_marker_parent', 'example_external_task_marker_child' retrieved from /home/airflow/.local/lib/python3.8/site-packages/airflow/example_dags/example_external_task_marker_dag.py
[2024-03-28T17:16:58.985+0000] {logging_mixin.py:188} INFO - [2024-03-28T17:16:58.984+0000] {dag.py:3047} INFO - Sync 2 DAGs
[2024-03-28T17:16:59.035+0000] {logging_mixin.py:188} INFO - [2024-03-28T17:16:59.035+0000] {dag.py:3834} INFO - Setting next_dagrun for example_external_task_marker_child to None, run_after=None
[2024-03-28T17:16:59.085+0000] {logging_mixin.py:188} INFO - [2024-03-28T17:16:59.085+0000] {dag.py:3834} INFO - Setting next_dagrun for example_external_task_marker_parent to None, run_after=None
[2024-03-28T17:16:59.140+0000] {processor.py:183} INFO - Processing /home/airflow/.local/lib/python3.8/site-packages/airflow/example_dags/example_external_task_marker_dag.py took 0.575 seconds
[2024-03-28T17:17:48.971+0000] {processor.py:161} INFO - Started process (PID=921) to work on /home/airflow/.local/lib/python3.8/site-packages/airflow/example_dags/example_external_task_marker_dag.py
[2024-03-28T17:17:48.977+0000] {processor.py:830} INFO - Processing file /home/airflow/.local/lib/python3.8/site-packages/airflow/example_dags/example_external_task_marker_dag.py for tasks to queue
[2024-03-28T17:17:48.986+0000] {logging_mixin.py:188} INFO - [2024-03-28T17:17:48.985+0000] {dagbag.py:540} INFO - Filling up the DagBag from /home/airflow/.local/lib/python3.8/site-packages/airflow/example_dags/example_external_task_marker_dag.py
[2024-03-28T17:17:49.016+0000] {processor.py:840} INFO - DAG(s) 'example_external_task_marker_parent', 'example_external_task_marker_child' retrieved from /home/airflow/.local/lib/python3.8/site-packages/airflow/example_dags/example_external_task_marker_dag.py
[2024-03-28T17:17:49.144+0000] {logging_mixin.py:188} INFO - [2024-03-28T17:17:49.144+0000] {dag.py:3047} INFO - Sync 2 DAGs
[2024-03-28T17:17:49.288+0000] {logging_mixin.py:188} INFO - [2024-03-28T17:17:49.280+0000] {dag.py:3834} INFO - Setting next_dagrun for example_external_task_marker_child to None, run_after=None
[2024-03-28T17:17:49.322+0000] {logging_mixin.py:188} INFO - [2024-03-28T17:17:49.321+0000] {dag.py:3834} INFO - Setting next_dagrun for example_external_task_marker_parent to None, run_after=None
[2024-03-28T17:17:49.413+0000] {processor.py:183} INFO - Processing /home/airflow/.local/lib/python3.8/site-packages/airflow/example_dags/example_external_task_marker_dag.py took 0.449 seconds
[2024-03-28T17:18:48.859+0000] {processor.py:161} INFO - Started process (PID=978) to work on /home/airflow/.local/lib/python3.8/site-packages/airflow/example_dags/example_external_task_marker_dag.py
[2024-03-28T17:18:48.882+0000] {processor.py:830} INFO - Processing file /home/airflow/.local/lib/python3.8/site-packages/airflow/example_dags/example_external_task_marker_dag.py for tasks to queue
[2024-03-28T17:18:48.898+0000] {logging_mixin.py:188} INFO - [2024-03-28T17:18:48.893+0000] {dagbag.py:540} INFO - Filling up the DagBag from /home/airflow/.local/lib/python3.8/site-packages/airflow/example_dags/example_external_task_marker_dag.py
[2024-03-28T17:18:48.938+0000] {processor.py:840} INFO - DAG(s) 'example_external_task_marker_parent', 'example_external_task_marker_child' retrieved from /home/airflow/.local/lib/python3.8/site-packages/airflow/example_dags/example_external_task_marker_dag.py
[2024-03-28T17:18:49.080+0000] {logging_mixin.py:188} INFO - [2024-03-28T17:18:49.080+0000] {dag.py:3047} INFO - Sync 2 DAGs
[2024-03-28T17:18:49.156+0000] {logging_mixin.py:188} INFO - [2024-03-28T17:18:49.155+0000] {dag.py:3834} INFO - Setting next_dagrun for example_external_task_marker_child to None, run_after=None
[2024-03-28T17:18:49.267+0000] {logging_mixin.py:188} INFO - [2024-03-28T17:18:49.266+0000] {dag.py:3834} INFO - Setting next_dagrun for example_external_task_marker_parent to None, run_after=None
[2024-03-28T17:18:49.520+0000] {processor.py:183} INFO - Processing /home/airflow/.local/lib/python3.8/site-packages/airflow/example_dags/example_external_task_marker_dag.py took 0.670 seconds
[2024-03-28T17:19:21.273+0000] {processor.py:161} INFO - Started process (PID=1033) to work on /home/airflow/.local/lib/python3.8/site-packages/airflow/example_dags/example_external_task_marker_dag.py
[2024-03-28T17:19:21.281+0000] {processor.py:830} INFO - Processing file /home/airflow/.local/lib/python3.8/site-packages/airflow/example_dags/example_external_task_marker_dag.py for tasks to queue
[2024-03-28T17:19:21.313+0000] {logging_mixin.py:188} INFO - [2024-03-28T17:19:21.309+0000] {dagbag.py:540} INFO - Filling up the DagBag from /home/airflow/.local/lib/python3.8/site-packages/airflow/example_dags/example_external_task_marker_dag.py
[2024-03-28T17:19:21.514+0000] {processor.py:840} INFO - DAG(s) 'example_external_task_marker_parent', 'example_external_task_marker_child' retrieved from /home/airflow/.local/lib/python3.8/site-packages/airflow/example_dags/example_external_task_marker_dag.py
[2024-03-28T17:19:21.875+0000] {logging_mixin.py:188} INFO - [2024-03-28T17:19:21.871+0000] {dag.py:3047} INFO - Sync 2 DAGs
[2024-03-28T17:19:21.926+0000] {logging_mixin.py:188} INFO - [2024-03-28T17:19:21.926+0000] {dag.py:3834} INFO - Setting next_dagrun for example_external_task_marker_child to None, run_after=None
[2024-03-28T17:19:21.943+0000] {logging_mixin.py:188} INFO - [2024-03-28T17:19:21.942+0000] {dag.py:3834} INFO - Setting next_dagrun for example_external_task_marker_parent to None, run_after=None
[2024-03-28T17:19:22.127+0000] {processor.py:183} INFO - Processing /home/airflow/.local/lib/python3.8/site-packages/airflow/example_dags/example_external_task_marker_dag.py took 0.878 seconds
[2024-03-28T17:19:52.574+0000] {processor.py:161} INFO - Started process (PID=1089) to work on /home/airflow/.local/lib/python3.8/site-packages/airflow/example_dags/example_external_task_marker_dag.py
[2024-03-28T17:19:52.600+0000] {processor.py:830} INFO - Processing file /home/airflow/.local/lib/python3.8/site-packages/airflow/example_dags/example_external_task_marker_dag.py for tasks to queue
[2024-03-28T17:19:52.629+0000] {logging_mixin.py:188} INFO - [2024-03-28T17:19:52.623+0000] {dagbag.py:540} INFO - Filling up the DagBag from /home/airflow/.local/lib/python3.8/site-packages/airflow/example_dags/example_external_task_marker_dag.py
[2024-03-28T17:19:52.713+0000] {processor.py:840} INFO - DAG(s) 'example_external_task_marker_parent', 'example_external_task_marker_child' retrieved from /home/airflow/.local/lib/python3.8/site-packages/airflow/example_dags/example_external_task_marker_dag.py
[2024-03-28T17:19:52.932+0000] {logging_mixin.py:188} INFO - [2024-03-28T17:19:52.931+0000] {dag.py:3047} INFO - Sync 2 DAGs
[2024-03-28T17:19:53.086+0000] {logging_mixin.py:188} INFO - [2024-03-28T17:19:53.086+0000] {dag.py:3834} INFO - Setting next_dagrun for example_external_task_marker_child to None, run_after=None
[2024-03-28T17:19:53.141+0000] {logging_mixin.py:188} INFO - [2024-03-28T17:19:53.140+0000] {dag.py:3834} INFO - Setting next_dagrun for example_external_task_marker_parent to None, run_after=None
[2024-03-28T17:19:53.331+0000] {processor.py:183} INFO - Processing /home/airflow/.local/lib/python3.8/site-packages/airflow/example_dags/example_external_task_marker_dag.py took 0.802 seconds
[2024-03-28T17:20:24.205+0000] {processor.py:161} INFO - Started process (PID=1144) to work on /home/airflow/.local/lib/python3.8/site-packages/airflow/example_dags/example_external_task_marker_dag.py
[2024-03-28T17:20:24.209+0000] {processor.py:830} INFO - Processing file /home/airflow/.local/lib/python3.8/site-packages/airflow/example_dags/example_external_task_marker_dag.py for tasks to queue
[2024-03-28T17:20:24.216+0000] {logging_mixin.py:188} INFO - [2024-03-28T17:20:24.215+0000] {dagbag.py:540} INFO - Filling up the DagBag from /home/airflow/.local/lib/python3.8/site-packages/airflow/example_dags/example_external_task_marker_dag.py
[2024-03-28T17:20:24.242+0000] {processor.py:840} INFO - DAG(s) 'example_external_task_marker_parent', 'example_external_task_marker_child' retrieved from /home/airflow/.local/lib/python3.8/site-packages/airflow/example_dags/example_external_task_marker_dag.py
[2024-03-28T17:20:24.364+0000] {logging_mixin.py:188} INFO - [2024-03-28T17:20:24.359+0000] {dag.py:3047} INFO - Sync 2 DAGs
[2024-03-28T17:20:24.414+0000] {logging_mixin.py:188} INFO - [2024-03-28T17:20:24.413+0000] {dag.py:3834} INFO - Setting next_dagrun for example_external_task_marker_child to None, run_after=None
[2024-03-28T17:20:24.428+0000] {logging_mixin.py:188} INFO - [2024-03-28T17:20:24.427+0000] {dag.py:3834} INFO - Setting next_dagrun for example_external_task_marker_parent to None, run_after=None
[2024-03-28T17:20:24.492+0000] {processor.py:183} INFO - Processing /home/airflow/.local/lib/python3.8/site-packages/airflow/example_dags/example_external_task_marker_dag.py took 0.298 seconds
[2024-03-28T17:20:55.045+0000] {processor.py:161} INFO - Started process (PID=1198) to work on /home/airflow/.local/lib/python3.8/site-packages/airflow/example_dags/example_external_task_marker_dag.py
[2024-03-28T17:20:55.051+0000] {processor.py:830} INFO - Processing file /home/airflow/.local/lib/python3.8/site-packages/airflow/example_dags/example_external_task_marker_dag.py for tasks to queue
[2024-03-28T17:20:55.065+0000] {logging_mixin.py:188} INFO - [2024-03-28T17:20:55.060+0000] {dagbag.py:540} INFO - Filling up the DagBag from /home/airflow/.local/lib/python3.8/site-packages/airflow/example_dags/example_external_task_marker_dag.py
[2024-03-28T17:20:55.088+0000] {processor.py:840} INFO - DAG(s) 'example_external_task_marker_child', 'example_external_task_marker_parent' retrieved from /home/airflow/.local/lib/python3.8/site-packages/airflow/example_dags/example_external_task_marker_dag.py
[2024-03-28T17:20:55.188+0000] {logging_mixin.py:188} INFO - [2024-03-28T17:20:55.188+0000] {dag.py:3047} INFO - Sync 2 DAGs
[2024-03-28T17:20:55.233+0000] {logging_mixin.py:188} INFO - [2024-03-28T17:20:55.232+0000] {dag.py:3834} INFO - Setting next_dagrun for example_external_task_marker_child to None, run_after=None
[2024-03-28T17:20:55.244+0000] {logging_mixin.py:188} INFO - [2024-03-28T17:20:55.243+0000] {dag.py:3834} INFO - Setting next_dagrun for example_external_task_marker_parent to None, run_after=None
[2024-03-28T17:20:55.298+0000] {processor.py:183} INFO - Processing /home/airflow/.local/lib/python3.8/site-packages/airflow/example_dags/example_external_task_marker_dag.py took 0.270 seconds
[2024-03-28T17:21:28.063+0000] {processor.py:161} INFO - Started process (PID=1253) to work on /home/airflow/.local/lib/python3.8/site-packages/airflow/example_dags/example_external_task_marker_dag.py
[2024-03-28T17:21:28.070+0000] {processor.py:830} INFO - Processing file /home/airflow/.local/lib/python3.8/site-packages/airflow/example_dags/example_external_task_marker_dag.py for tasks to queue
[2024-03-28T17:21:28.077+0000] {logging_mixin.py:188} INFO - [2024-03-28T17:21:28.076+0000] {dagbag.py:540} INFO - Filling up the DagBag from /home/airflow/.local/lib/python3.8/site-packages/airflow/example_dags/example_external_task_marker_dag.py
[2024-03-28T17:21:28.102+0000] {processor.py:840} INFO - DAG(s) 'example_external_task_marker_child', 'example_external_task_marker_parent' retrieved from /home/airflow/.local/lib/python3.8/site-packages/airflow/example_dags/example_external_task_marker_dag.py
[2024-03-28T17:21:28.181+0000] {logging_mixin.py:188} INFO - [2024-03-28T17:21:28.180+0000] {dag.py:3047} INFO - Sync 2 DAGs
[2024-03-28T17:21:28.225+0000] {logging_mixin.py:188} INFO - [2024-03-28T17:21:28.224+0000] {dag.py:3834} INFO - Setting next_dagrun for example_external_task_marker_child to None, run_after=None
[2024-03-28T17:21:28.237+0000] {logging_mixin.py:188} INFO - [2024-03-28T17:21:28.237+0000] {dag.py:3834} INFO - Setting next_dagrun for example_external_task_marker_parent to None, run_after=None
[2024-03-28T17:21:28.305+0000] {processor.py:183} INFO - Processing /home/airflow/.local/lib/python3.8/site-packages/airflow/example_dags/example_external_task_marker_dag.py took 0.267 seconds
[2024-03-28T17:22:03.765+0000] {processor.py:161} INFO - Started process (PID=1308) to work on /home/airflow/.local/lib/python3.8/site-packages/airflow/example_dags/example_external_task_marker_dag.py
[2024-03-28T17:22:03.774+0000] {processor.py:830} INFO - Processing file /home/airflow/.local/lib/python3.8/site-packages/airflow/example_dags/example_external_task_marker_dag.py for tasks to queue
[2024-03-28T17:22:03.782+0000] {logging_mixin.py:188} INFO - [2024-03-28T17:22:03.780+0000] {dagbag.py:540} INFO - Filling up the DagBag from /home/airflow/.local/lib/python3.8/site-packages/airflow/example_dags/example_external_task_marker_dag.py
[2024-03-28T17:22:03.807+0000] {processor.py:840} INFO - DAG(s) 'example_external_task_marker_child', 'example_external_task_marker_parent' retrieved from /home/airflow/.local/lib/python3.8/site-packages/airflow/example_dags/example_external_task_marker_dag.py
[2024-03-28T17:22:03.875+0000] {logging_mixin.py:188} INFO - [2024-03-28T17:22:03.874+0000] {dag.py:3047} INFO - Sync 2 DAGs
[2024-03-28T17:22:03.917+0000] {logging_mixin.py:188} INFO - [2024-03-28T17:22:03.915+0000] {dag.py:3834} INFO - Setting next_dagrun for example_external_task_marker_child to None, run_after=None
[2024-03-28T17:22:03.930+0000] {logging_mixin.py:188} INFO - [2024-03-28T17:22:03.929+0000] {dag.py:3834} INFO - Setting next_dagrun for example_external_task_marker_parent to None, run_after=None
[2024-03-28T17:22:03.992+0000] {processor.py:183} INFO - Processing /home/airflow/.local/lib/python3.8/site-packages/airflow/example_dags/example_external_task_marker_dag.py took 0.236 seconds
[2024-03-28T17:22:38.361+0000] {processor.py:161} INFO - Started process (PID=1368) to work on /home/airflow/.local/lib/python3.8/site-packages/airflow/example_dags/example_external_task_marker_dag.py
[2024-03-28T17:22:38.429+0000] {processor.py:830} INFO - Processing file /home/airflow/.local/lib/python3.8/site-packages/airflow/example_dags/example_external_task_marker_dag.py for tasks to queue
[2024-03-28T17:22:38.455+0000] {logging_mixin.py:188} INFO - [2024-03-28T17:22:38.454+0000] {dagbag.py:540} INFO - Filling up the DagBag from /home/airflow/.local/lib/python3.8/site-packages/airflow/example_dags/example_external_task_marker_dag.py
[2024-03-28T17:22:38.546+0000] {processor.py:840} INFO - DAG(s) 'example_external_task_marker_parent', 'example_external_task_marker_child' retrieved from /home/airflow/.local/lib/python3.8/site-packages/airflow/example_dags/example_external_task_marker_dag.py
[2024-03-28T17:22:38.818+0000] {logging_mixin.py:188} INFO - [2024-03-28T17:22:38.816+0000] {dag.py:3047} INFO - Sync 2 DAGs
[2024-03-28T17:22:38.948+0000] {logging_mixin.py:188} INFO - [2024-03-28T17:22:38.942+0000] {dag.py:3834} INFO - Setting next_dagrun for example_external_task_marker_child to None, run_after=None
[2024-03-28T17:22:38.979+0000] {logging_mixin.py:188} INFO - [2024-03-28T17:22:38.979+0000] {dag.py:3834} INFO - Setting next_dagrun for example_external_task_marker_parent to None, run_after=None
[2024-03-28T17:22:39.162+0000] {processor.py:183} INFO - Processing /home/airflow/.local/lib/python3.8/site-packages/airflow/example_dags/example_external_task_marker_dag.py took 1.010 seconds
[2024-03-28T17:23:09.886+0000] {processor.py:161} INFO - Started process (PID=1423) to work on /home/airflow/.local/lib/python3.8/site-packages/airflow/example_dags/example_external_task_marker_dag.py
[2024-03-28T17:23:09.891+0000] {processor.py:830} INFO - Processing file /home/airflow/.local/lib/python3.8/site-packages/airflow/example_dags/example_external_task_marker_dag.py for tasks to queue
[2024-03-28T17:23:09.902+0000] {logging_mixin.py:188} INFO - [2024-03-28T17:23:09.900+0000] {dagbag.py:540} INFO - Filling up the DagBag from /home/airflow/.local/lib/python3.8/site-packages/airflow/example_dags/example_external_task_marker_dag.py
[2024-03-28T17:23:09.923+0000] {processor.py:840} INFO - DAG(s) 'example_external_task_marker_child', 'example_external_task_marker_parent' retrieved from /home/airflow/.local/lib/python3.8/site-packages/airflow/example_dags/example_external_task_marker_dag.py
[2024-03-28T17:23:10.013+0000] {logging_mixin.py:188} INFO - [2024-03-28T17:23:10.011+0000] {dag.py:3047} INFO - Sync 2 DAGs
[2024-03-28T17:23:10.095+0000] {logging_mixin.py:188} INFO - [2024-03-28T17:23:10.094+0000] {dag.py:3834} INFO - Setting next_dagrun for example_external_task_marker_child to None, run_after=None
[2024-03-28T17:23:10.132+0000] {logging_mixin.py:188} INFO - [2024-03-28T17:23:10.132+0000] {dag.py:3834} INFO - Setting next_dagrun for example_external_task_marker_parent to None, run_after=None
[2024-03-28T17:23:10.238+0000] {processor.py:183} INFO - Processing /home/airflow/.local/lib/python3.8/site-packages/airflow/example_dags/example_external_task_marker_dag.py took 0.366 seconds
[2024-03-28T17:23:40.762+0000] {processor.py:161} INFO - Started process (PID=1478) to work on /home/airflow/.local/lib/python3.8/site-packages/airflow/example_dags/example_external_task_marker_dag.py
[2024-03-28T17:23:40.773+0000] {processor.py:830} INFO - Processing file /home/airflow/.local/lib/python3.8/site-packages/airflow/example_dags/example_external_task_marker_dag.py for tasks to queue
[2024-03-28T17:23:40.789+0000] {logging_mixin.py:188} INFO - [2024-03-28T17:23:40.787+0000] {dagbag.py:540} INFO - Filling up the DagBag from /home/airflow/.local/lib/python3.8/site-packages/airflow/example_dags/example_external_task_marker_dag.py
[2024-03-28T17:23:40.816+0000] {processor.py:840} INFO - DAG(s) 'example_external_task_marker_parent', 'example_external_task_marker_child' retrieved from /home/airflow/.local/lib/python3.8/site-packages/airflow/example_dags/example_external_task_marker_dag.py
[2024-03-28T17:23:40.876+0000] {logging_mixin.py:188} INFO - [2024-03-28T17:23:40.876+0000] {dag.py:3047} INFO - Sync 2 DAGs
[2024-03-28T17:23:40.911+0000] {logging_mixin.py:188} INFO - [2024-03-28T17:23:40.910+0000] {dag.py:3834} INFO - Setting next_dagrun for example_external_task_marker_child to None, run_after=None
[2024-03-28T17:23:40.927+0000] {logging_mixin.py:188} INFO - [2024-03-28T17:23:40.926+0000] {dag.py:3834} INFO - Setting next_dagrun for example_external_task_marker_parent to None, run_after=None
[2024-03-28T17:23:40.984+0000] {processor.py:183} INFO - Processing /home/airflow/.local/lib/python3.8/site-packages/airflow/example_dags/example_external_task_marker_dag.py took 0.236 seconds
[2024-03-28T17:24:15.655+0000] {processor.py:161} INFO - Started process (PID=1533) to work on /home/airflow/.local/lib/python3.8/site-packages/airflow/example_dags/example_external_task_marker_dag.py
[2024-03-28T17:24:15.662+0000] {processor.py:830} INFO - Processing file /home/airflow/.local/lib/python3.8/site-packages/airflow/example_dags/example_external_task_marker_dag.py for tasks to queue
[2024-03-28T17:24:15.683+0000] {logging_mixin.py:188} INFO - [2024-03-28T17:24:15.681+0000] {dagbag.py:540} INFO - Filling up the DagBag from /home/airflow/.local/lib/python3.8/site-packages/airflow/example_dags/example_external_task_marker_dag.py
[2024-03-28T17:24:15.708+0000] {processor.py:840} INFO - DAG(s) 'example_external_task_marker_parent', 'example_external_task_marker_child' retrieved from /home/airflow/.local/lib/python3.8/site-packages/airflow/example_dags/example_external_task_marker_dag.py
[2024-03-28T17:24:15.790+0000] {logging_mixin.py:188} INFO - [2024-03-28T17:24:15.789+0000] {dag.py:3047} INFO - Sync 2 DAGs
[2024-03-28T17:24:15.857+0000] {logging_mixin.py:188} INFO - [2024-03-28T17:24:15.856+0000] {dag.py:3834} INFO - Setting next_dagrun for example_external_task_marker_child to None, run_after=None
[2024-03-28T17:24:15.874+0000] {logging_mixin.py:188} INFO - [2024-03-28T17:24:15.874+0000] {dag.py:3834} INFO - Setting next_dagrun for example_external_task_marker_parent to None, run_after=None
[2024-03-28T17:24:15.995+0000] {processor.py:183} INFO - Processing /home/airflow/.local/lib/python3.8/site-packages/airflow/example_dags/example_external_task_marker_dag.py took 0.353 seconds
[2024-03-28T17:24:50.856+0000] {processor.py:161} INFO - Started process (PID=1584) to work on /home/airflow/.local/lib/python3.8/site-packages/airflow/example_dags/example_external_task_marker_dag.py
[2024-03-28T17:24:50.861+0000] {processor.py:830} INFO - Processing file /home/airflow/.local/lib/python3.8/site-packages/airflow/example_dags/example_external_task_marker_dag.py for tasks to queue
[2024-03-28T17:24:50.867+0000] {logging_mixin.py:188} INFO - [2024-03-28T17:24:50.866+0000] {dagbag.py:540} INFO - Filling up the DagBag from /home/airflow/.local/lib/python3.8/site-packages/airflow/example_dags/example_external_task_marker_dag.py
[2024-03-28T17:24:50.890+0000] {processor.py:840} INFO - DAG(s) 'example_external_task_marker_child', 'example_external_task_marker_parent' retrieved from /home/airflow/.local/lib/python3.8/site-packages/airflow/example_dags/example_external_task_marker_dag.py
[2024-03-28T17:24:50.978+0000] {logging_mixin.py:188} INFO - [2024-03-28T17:24:50.977+0000] {dag.py:3047} INFO - Sync 2 DAGs
[2024-03-28T17:24:51.035+0000] {logging_mixin.py:188} INFO - [2024-03-28T17:24:51.035+0000] {dag.py:3834} INFO - Setting next_dagrun for example_external_task_marker_child to None, run_after=None
[2024-03-28T17:24:51.066+0000] {logging_mixin.py:188} INFO - [2024-03-28T17:24:51.065+0000] {dag.py:3834} INFO - Setting next_dagrun for example_external_task_marker_parent to None, run_after=None
[2024-03-28T17:24:51.162+0000] {processor.py:183} INFO - Processing /home/airflow/.local/lib/python3.8/site-packages/airflow/example_dags/example_external_task_marker_dag.py took 0.325 seconds
[2024-03-28T17:25:26.382+0000] {processor.py:161} INFO - Started process (PID=1635) to work on /home/airflow/.local/lib/python3.8/site-packages/airflow/example_dags/example_external_task_marker_dag.py
[2024-03-28T17:25:26.387+0000] {processor.py:830} INFO - Processing file /home/airflow/.local/lib/python3.8/site-packages/airflow/example_dags/example_external_task_marker_dag.py for tasks to queue
[2024-03-28T17:25:26.392+0000] {logging_mixin.py:188} INFO - [2024-03-28T17:25:26.392+0000] {dagbag.py:540} INFO - Filling up the DagBag from /home/airflow/.local/lib/python3.8/site-packages/airflow/example_dags/example_external_task_marker_dag.py
[2024-03-28T17:25:26.408+0000] {processor.py:840} INFO - DAG(s) 'example_external_task_marker_parent', 'example_external_task_marker_child' retrieved from /home/airflow/.local/lib/python3.8/site-packages/airflow/example_dags/example_external_task_marker_dag.py
[2024-03-28T17:25:26.484+0000] {logging_mixin.py:188} INFO - [2024-03-28T17:25:26.483+0000] {dag.py:3047} INFO - Sync 2 DAGs
[2024-03-28T17:25:26.525+0000] {logging_mixin.py:188} INFO - [2024-03-28T17:25:26.525+0000] {dag.py:3834} INFO - Setting next_dagrun for example_external_task_marker_child to None, run_after=None
[2024-03-28T17:25:26.545+0000] {logging_mixin.py:188} INFO - [2024-03-28T17:25:26.544+0000] {dag.py:3834} INFO - Setting next_dagrun for example_external_task_marker_parent to None, run_after=None
[2024-03-28T17:25:26.603+0000] {processor.py:183} INFO - Processing /home/airflow/.local/lib/python3.8/site-packages/airflow/example_dags/example_external_task_marker_dag.py took 0.230 seconds
[2024-03-28T17:26:00.340+0000] {processor.py:161} INFO - Started process (PID=1690) to work on /home/airflow/.local/lib/python3.8/site-packages/airflow/example_dags/example_external_task_marker_dag.py
[2024-03-28T17:26:00.347+0000] {processor.py:830} INFO - Processing file /home/airflow/.local/lib/python3.8/site-packages/airflow/example_dags/example_external_task_marker_dag.py for tasks to queue
[2024-03-28T17:26:00.363+0000] {logging_mixin.py:188} INFO - [2024-03-28T17:26:00.362+0000] {dagbag.py:540} INFO - Filling up the DagBag from /home/airflow/.local/lib/python3.8/site-packages/airflow/example_dags/example_external_task_marker_dag.py
[2024-03-28T17:26:00.428+0000] {processor.py:840} INFO - DAG(s) 'example_external_task_marker_child', 'example_external_task_marker_parent' retrieved from /home/airflow/.local/lib/python3.8/site-packages/airflow/example_dags/example_external_task_marker_dag.py
[2024-03-28T17:26:00.672+0000] {logging_mixin.py:188} INFO - [2024-03-28T17:26:00.671+0000] {dag.py:3047} INFO - Sync 2 DAGs
[2024-03-28T17:26:00.959+0000] {logging_mixin.py:188} INFO - [2024-03-28T17:26:00.959+0000] {dag.py:3834} INFO - Setting next_dagrun for example_external_task_marker_child to None, run_after=None
[2024-03-28T17:26:01.120+0000] {logging_mixin.py:188} INFO - [2024-03-28T17:26:01.120+0000] {dag.py:3834} INFO - Setting next_dagrun for example_external_task_marker_parent to None, run_after=None
[2024-03-28T17:26:01.283+0000] {processor.py:183} INFO - Processing /home/airflow/.local/lib/python3.8/site-packages/airflow/example_dags/example_external_task_marker_dag.py took 0.964 seconds
[2024-03-28T17:26:32.122+0000] {processor.py:161} INFO - Started process (PID=1745) to work on /home/airflow/.local/lib/python3.8/site-packages/airflow/example_dags/example_external_task_marker_dag.py
[2024-03-28T17:26:32.160+0000] {processor.py:830} INFO - Processing file /home/airflow/.local/lib/python3.8/site-packages/airflow/example_dags/example_external_task_marker_dag.py for tasks to queue
[2024-03-28T17:26:32.183+0000] {logging_mixin.py:188} INFO - [2024-03-28T17:26:32.182+0000] {dagbag.py:540} INFO - Filling up the DagBag from /home/airflow/.local/lib/python3.8/site-packages/airflow/example_dags/example_external_task_marker_dag.py
[2024-03-28T17:26:32.261+0000] {processor.py:840} INFO - DAG(s) 'example_external_task_marker_parent', 'example_external_task_marker_child' retrieved from /home/airflow/.local/lib/python3.8/site-packages/airflow/example_dags/example_external_task_marker_dag.py
[2024-03-28T17:26:32.517+0000] {logging_mixin.py:188} INFO - [2024-03-28T17:26:32.508+0000] {dag.py:3047} INFO - Sync 2 DAGs
[2024-03-28T17:26:32.745+0000] {logging_mixin.py:188} INFO - [2024-03-28T17:26:32.745+0000] {dag.py:3834} INFO - Setting next_dagrun for example_external_task_marker_child to None, run_after=None
[2024-03-28T17:26:32.776+0000] {logging_mixin.py:188} INFO - [2024-03-28T17:26:32.775+0000] {dag.py:3834} INFO - Setting next_dagrun for example_external_task_marker_parent to None, run_after=None
[2024-03-28T17:26:32.914+0000] {processor.py:183} INFO - Processing /home/airflow/.local/lib/python3.8/site-packages/airflow/example_dags/example_external_task_marker_dag.py took 0.840 seconds
[2024-03-28T17:27:03.092+0000] {processor.py:161} INFO - Started process (PID=1799) to work on /home/airflow/.local/lib/python3.8/site-packages/airflow/example_dags/example_external_task_marker_dag.py
[2024-03-28T17:27:03.097+0000] {processor.py:830} INFO - Processing file /home/airflow/.local/lib/python3.8/site-packages/airflow/example_dags/example_external_task_marker_dag.py for tasks to queue
[2024-03-28T17:27:03.110+0000] {logging_mixin.py:188} INFO - [2024-03-28T17:27:03.108+0000] {dagbag.py:540} INFO - Filling up the DagBag from /home/airflow/.local/lib/python3.8/site-packages/airflow/example_dags/example_external_task_marker_dag.py
[2024-03-28T17:27:03.141+0000] {processor.py:840} INFO - DAG(s) 'example_external_task_marker_parent', 'example_external_task_marker_child' retrieved from /home/airflow/.local/lib/python3.8/site-packages/airflow/example_dags/example_external_task_marker_dag.py
[2024-03-28T17:27:03.225+0000] {logging_mixin.py:188} INFO - [2024-03-28T17:27:03.225+0000] {dag.py:3047} INFO - Sync 2 DAGs
[2024-03-28T17:27:03.269+0000] {logging_mixin.py:188} INFO - [2024-03-28T17:27:03.266+0000] {dag.py:3834} INFO - Setting next_dagrun for example_external_task_marker_child to None, run_after=None
[2024-03-28T17:27:03.283+0000] {logging_mixin.py:188} INFO - [2024-03-28T17:27:03.283+0000] {dag.py:3834} INFO - Setting next_dagrun for example_external_task_marker_parent to None, run_after=None
[2024-03-28T17:27:03.348+0000] {processor.py:183} INFO - Processing /home/airflow/.local/lib/python3.8/site-packages/airflow/example_dags/example_external_task_marker_dag.py took 0.271 seconds
[2024-03-28T17:27:37.478+0000] {processor.py:161} INFO - Started process (PID=1855) to work on /home/airflow/.local/lib/python3.8/site-packages/airflow/example_dags/example_external_task_marker_dag.py
[2024-03-28T17:27:37.485+0000] {processor.py:830} INFO - Processing file /home/airflow/.local/lib/python3.8/site-packages/airflow/example_dags/example_external_task_marker_dag.py for tasks to queue
[2024-03-28T17:27:37.504+0000] {logging_mixin.py:188} INFO - [2024-03-28T17:27:37.495+0000] {dagbag.py:540} INFO - Filling up the DagBag from /home/airflow/.local/lib/python3.8/site-packages/airflow/example_dags/example_external_task_marker_dag.py
[2024-03-28T17:27:37.549+0000] {processor.py:840} INFO - DAG(s) 'example_external_task_marker_parent', 'example_external_task_marker_child' retrieved from /home/airflow/.local/lib/python3.8/site-packages/airflow/example_dags/example_external_task_marker_dag.py
[2024-03-28T17:27:37.746+0000] {logging_mixin.py:188} INFO - [2024-03-28T17:27:37.745+0000] {dag.py:3047} INFO - Sync 2 DAGs
[2024-03-28T17:27:37.800+0000] {logging_mixin.py:188} INFO - [2024-03-28T17:27:37.799+0000] {dag.py:3834} INFO - Setting next_dagrun for example_external_task_marker_child to None, run_after=None
[2024-03-28T17:27:37.826+0000] {logging_mixin.py:188} INFO - [2024-03-28T17:27:37.824+0000] {dag.py:3834} INFO - Setting next_dagrun for example_external_task_marker_parent to None, run_after=None
[2024-03-28T17:27:37.916+0000] {processor.py:183} INFO - Processing /home/airflow/.local/lib/python3.8/site-packages/airflow/example_dags/example_external_task_marker_dag.py took 0.465 seconds
[2024-03-28T17:28:08.683+0000] {processor.py:161} INFO - Started process (PID=1910) to work on /home/airflow/.local/lib/python3.8/site-packages/airflow/example_dags/example_external_task_marker_dag.py
[2024-03-28T17:28:08.688+0000] {processor.py:830} INFO - Processing file /home/airflow/.local/lib/python3.8/site-packages/airflow/example_dags/example_external_task_marker_dag.py for tasks to queue
[2024-03-28T17:28:08.701+0000] {logging_mixin.py:188} INFO - [2024-03-28T17:28:08.696+0000] {dagbag.py:540} INFO - Filling up the DagBag from /home/airflow/.local/lib/python3.8/site-packages/airflow/example_dags/example_external_task_marker_dag.py
[2024-03-28T17:28:08.726+0000] {processor.py:840} INFO - DAG(s) 'example_external_task_marker_child', 'example_external_task_marker_parent' retrieved from /home/airflow/.local/lib/python3.8/site-packages/airflow/example_dags/example_external_task_marker_dag.py
[2024-03-28T17:28:08.838+0000] {logging_mixin.py:188} INFO - [2024-03-28T17:28:08.835+0000] {dag.py:3047} INFO - Sync 2 DAGs
[2024-03-28T17:28:09.029+0000] {logging_mixin.py:188} INFO - [2024-03-28T17:28:09.027+0000] {dag.py:3834} INFO - Setting next_dagrun for example_external_task_marker_child to None, run_after=None
[2024-03-28T17:28:09.041+0000] {logging_mixin.py:188} INFO - [2024-03-28T17:28:09.041+0000] {dag.py:3834} INFO - Setting next_dagrun for example_external_task_marker_parent to None, run_after=None
[2024-03-28T17:28:09.119+0000] {processor.py:183} INFO - Processing /home/airflow/.local/lib/python3.8/site-packages/airflow/example_dags/example_external_task_marker_dag.py took 0.457 seconds
[2024-03-28T17:28:47.207+0000] {processor.py:161} INFO - Started process (PID=1966) to work on /home/airflow/.local/lib/python3.8/site-packages/airflow/example_dags/example_external_task_marker_dag.py
[2024-03-28T17:28:47.212+0000] {processor.py:830} INFO - Processing file /home/airflow/.local/lib/python3.8/site-packages/airflow/example_dags/example_external_task_marker_dag.py for tasks to queue
[2024-03-28T17:28:47.221+0000] {logging_mixin.py:188} INFO - [2024-03-28T17:28:47.219+0000] {dagbag.py:540} INFO - Filling up the DagBag from /home/airflow/.local/lib/python3.8/site-packages/airflow/example_dags/example_external_task_marker_dag.py
[2024-03-28T17:28:47.238+0000] {processor.py:840} INFO - DAG(s) 'example_external_task_marker_parent', 'example_external_task_marker_child' retrieved from /home/airflow/.local/lib/python3.8/site-packages/airflow/example_dags/example_external_task_marker_dag.py
[2024-03-28T17:28:47.342+0000] {logging_mixin.py:188} INFO - [2024-03-28T17:28:47.342+0000] {dag.py:3047} INFO - Sync 2 DAGs
[2024-03-28T17:28:47.420+0000] {logging_mixin.py:188} INFO - [2024-03-28T17:28:47.419+0000] {dag.py:3834} INFO - Setting next_dagrun for example_external_task_marker_child to None, run_after=None
[2024-03-28T17:28:47.432+0000] {logging_mixin.py:188} INFO - [2024-03-28T17:28:47.432+0000] {dag.py:3834} INFO - Setting next_dagrun for example_external_task_marker_parent to None, run_after=None
[2024-03-28T17:28:47.516+0000] {processor.py:183} INFO - Processing /home/airflow/.local/lib/python3.8/site-packages/airflow/example_dags/example_external_task_marker_dag.py took 0.320 seconds
[2024-03-28T17:29:19.055+0000] {processor.py:161} INFO - Started process (PID=2021) to work on /home/airflow/.local/lib/python3.8/site-packages/airflow/example_dags/example_external_task_marker_dag.py
[2024-03-28T17:29:19.060+0000] {processor.py:830} INFO - Processing file /home/airflow/.local/lib/python3.8/site-packages/airflow/example_dags/example_external_task_marker_dag.py for tasks to queue
[2024-03-28T17:29:19.079+0000] {logging_mixin.py:188} INFO - [2024-03-28T17:29:19.079+0000] {dagbag.py:540} INFO - Filling up the DagBag from /home/airflow/.local/lib/python3.8/site-packages/airflow/example_dags/example_external_task_marker_dag.py
[2024-03-28T17:29:19.102+0000] {processor.py:840} INFO - DAG(s) 'example_external_task_marker_parent', 'example_external_task_marker_child' retrieved from /home/airflow/.local/lib/python3.8/site-packages/airflow/example_dags/example_external_task_marker_dag.py
[2024-03-28T17:29:19.278+0000] {logging_mixin.py:188} INFO - [2024-03-28T17:29:19.277+0000] {dag.py:3047} INFO - Sync 2 DAGs
[2024-03-28T17:29:19.398+0000] {logging_mixin.py:188} INFO - [2024-03-28T17:29:19.397+0000] {dag.py:3834} INFO - Setting next_dagrun for example_external_task_marker_child to None, run_after=None
[2024-03-28T17:29:19.423+0000] {logging_mixin.py:188} INFO - [2024-03-28T17:29:19.423+0000] {dag.py:3834} INFO - Setting next_dagrun for example_external_task_marker_parent to None, run_after=None
[2024-03-28T17:29:19.617+0000] {processor.py:183} INFO - Processing /home/airflow/.local/lib/python3.8/site-packages/airflow/example_dags/example_external_task_marker_dag.py took 0.596 seconds
[2024-03-28T17:29:50.123+0000] {processor.py:161} INFO - Started process (PID=2076) to work on /home/airflow/.local/lib/python3.8/site-packages/airflow/example_dags/example_external_task_marker_dag.py
[2024-03-28T17:29:50.130+0000] {processor.py:830} INFO - Processing file /home/airflow/.local/lib/python3.8/site-packages/airflow/example_dags/example_external_task_marker_dag.py for tasks to queue
[2024-03-28T17:29:50.152+0000] {logging_mixin.py:188} INFO - [2024-03-28T17:29:50.145+0000] {dagbag.py:540} INFO - Filling up the DagBag from /home/airflow/.local/lib/python3.8/site-packages/airflow/example_dags/example_external_task_marker_dag.py
[2024-03-28T17:29:50.207+0000] {processor.py:840} INFO - DAG(s) 'example_external_task_marker_parent', 'example_external_task_marker_child' retrieved from /home/airflow/.local/lib/python3.8/site-packages/airflow/example_dags/example_external_task_marker_dag.py
[2024-03-28T17:29:50.355+0000] {logging_mixin.py:188} INFO - [2024-03-28T17:29:50.355+0000] {dag.py:3047} INFO - Sync 2 DAGs
[2024-03-28T17:29:50.430+0000] {logging_mixin.py:188} INFO - [2024-03-28T17:29:50.424+0000] {dag.py:3834} INFO - Setting next_dagrun for example_external_task_marker_child to None, run_after=None
[2024-03-28T17:29:50.452+0000] {logging_mixin.py:188} INFO - [2024-03-28T17:29:50.452+0000] {dag.py:3834} INFO - Setting next_dagrun for example_external_task_marker_parent to None, run_after=None
[2024-03-28T17:29:50.554+0000] {processor.py:183} INFO - Processing /home/airflow/.local/lib/python3.8/site-packages/airflow/example_dags/example_external_task_marker_dag.py took 0.456 seconds
[2024-03-28T17:30:20.970+0000] {processor.py:161} INFO - Started process (PID=2131) to work on /home/airflow/.local/lib/python3.8/site-packages/airflow/example_dags/example_external_task_marker_dag.py
[2024-03-28T17:30:20.985+0000] {processor.py:830} INFO - Processing file /home/airflow/.local/lib/python3.8/site-packages/airflow/example_dags/example_external_task_marker_dag.py for tasks to queue
[2024-03-28T17:30:21.012+0000] {logging_mixin.py:188} INFO - [2024-03-28T17:30:21.001+0000] {dagbag.py:540} INFO - Filling up the DagBag from /home/airflow/.local/lib/python3.8/site-packages/airflow/example_dags/example_external_task_marker_dag.py
[2024-03-28T17:30:21.050+0000] {processor.py:840} INFO - DAG(s) 'example_external_task_marker_child', 'example_external_task_marker_parent' retrieved from /home/airflow/.local/lib/python3.8/site-packages/airflow/example_dags/example_external_task_marker_dag.py
[2024-03-28T17:30:21.649+0000] {logging_mixin.py:188} INFO - [2024-03-28T17:30:21.647+0000] {dag.py:3047} INFO - Sync 2 DAGs
[2024-03-28T17:30:21.711+0000] {logging_mixin.py:188} INFO - [2024-03-28T17:30:21.710+0000] {dag.py:3834} INFO - Setting next_dagrun for example_external_task_marker_child to None, run_after=None
[2024-03-28T17:30:21.734+0000] {logging_mixin.py:188} INFO - [2024-03-28T17:30:21.731+0000] {dag.py:3834} INFO - Setting next_dagrun for example_external_task_marker_parent to None, run_after=None
[2024-03-28T17:30:21.863+0000] {processor.py:183} INFO - Processing /home/airflow/.local/lib/python3.8/site-packages/airflow/example_dags/example_external_task_marker_dag.py took 0.928 seconds
[2024-03-28T17:31:01.627+0000] {processor.py:161} INFO - Started process (PID=2189) to work on /home/airflow/.local/lib/python3.8/site-packages/airflow/example_dags/example_external_task_marker_dag.py
[2024-03-28T17:31:01.632+0000] {processor.py:830} INFO - Processing file /home/airflow/.local/lib/python3.8/site-packages/airflow/example_dags/example_external_task_marker_dag.py for tasks to queue
[2024-03-28T17:31:01.645+0000] {logging_mixin.py:188} INFO - [2024-03-28T17:31:01.643+0000] {dagbag.py:540} INFO - Filling up the DagBag from /home/airflow/.local/lib/python3.8/site-packages/airflow/example_dags/example_external_task_marker_dag.py
[2024-03-28T17:31:01.669+0000] {processor.py:840} INFO - DAG(s) 'example_external_task_marker_parent', 'example_external_task_marker_child' retrieved from /home/airflow/.local/lib/python3.8/site-packages/airflow/example_dags/example_external_task_marker_dag.py
[2024-03-28T17:31:01.802+0000] {logging_mixin.py:188} INFO - [2024-03-28T17:31:01.799+0000] {dag.py:3047} INFO - Sync 2 DAGs
[2024-03-28T17:31:01.879+0000] {logging_mixin.py:188} INFO - [2024-03-28T17:31:01.878+0000] {dag.py:3834} INFO - Setting next_dagrun for example_external_task_marker_child to None, run_after=None
[2024-03-28T17:31:01.893+0000] {logging_mixin.py:188} INFO - [2024-03-28T17:31:01.892+0000] {dag.py:3834} INFO - Setting next_dagrun for example_external_task_marker_parent to None, run_after=None
[2024-03-28T17:31:02.019+0000] {processor.py:183} INFO - Processing /home/airflow/.local/lib/python3.8/site-packages/airflow/example_dags/example_external_task_marker_dag.py took 0.409 seconds
[2024-03-28T17:31:34.984+0000] {processor.py:161} INFO - Started process (PID=2243) to work on /home/airflow/.local/lib/python3.8/site-packages/airflow/example_dags/example_external_task_marker_dag.py
[2024-03-28T17:31:34.992+0000] {processor.py:830} INFO - Processing file /home/airflow/.local/lib/python3.8/site-packages/airflow/example_dags/example_external_task_marker_dag.py for tasks to queue
[2024-03-28T17:31:35.007+0000] {logging_mixin.py:188} INFO - [2024-03-28T17:31:35.003+0000] {dagbag.py:540} INFO - Filling up the DagBag from /home/airflow/.local/lib/python3.8/site-packages/airflow/example_dags/example_external_task_marker_dag.py
[2024-03-28T17:31:35.042+0000] {processor.py:840} INFO - DAG(s) 'example_external_task_marker_child', 'example_external_task_marker_parent' retrieved from /home/airflow/.local/lib/python3.8/site-packages/airflow/example_dags/example_external_task_marker_dag.py
[2024-03-28T17:31:35.152+0000] {logging_mixin.py:188} INFO - [2024-03-28T17:31:35.147+0000] {dag.py:3047} INFO - Sync 2 DAGs
[2024-03-28T17:31:35.193+0000] {logging_mixin.py:188} INFO - [2024-03-28T17:31:35.193+0000] {dag.py:3834} INFO - Setting next_dagrun for example_external_task_marker_child to None, run_after=None
[2024-03-28T17:31:35.241+0000] {logging_mixin.py:188} INFO - [2024-03-28T17:31:35.241+0000] {dag.py:3834} INFO - Setting next_dagrun for example_external_task_marker_parent to None, run_after=None
[2024-03-28T17:31:35.303+0000] {processor.py:183} INFO - Processing /home/airflow/.local/lib/python3.8/site-packages/airflow/example_dags/example_external_task_marker_dag.py took 0.330 seconds
[2024-03-28T17:32:14.275+0000] {processor.py:161} INFO - Started process (PID=2297) to work on /home/airflow/.local/lib/python3.8/site-packages/airflow/example_dags/example_external_task_marker_dag.py
[2024-03-28T17:32:14.279+0000] {processor.py:830} INFO - Processing file /home/airflow/.local/lib/python3.8/site-packages/airflow/example_dags/example_external_task_marker_dag.py for tasks to queue
[2024-03-28T17:32:14.288+0000] {logging_mixin.py:188} INFO - [2024-03-28T17:32:14.287+0000] {dagbag.py:540} INFO - Filling up the DagBag from /home/airflow/.local/lib/python3.8/site-packages/airflow/example_dags/example_external_task_marker_dag.py
[2024-03-28T17:32:14.313+0000] {processor.py:840} INFO - DAG(s) 'example_external_task_marker_child', 'example_external_task_marker_parent' retrieved from /home/airflow/.local/lib/python3.8/site-packages/airflow/example_dags/example_external_task_marker_dag.py
[2024-03-28T17:32:14.396+0000] {logging_mixin.py:188} INFO - [2024-03-28T17:32:14.395+0000] {dag.py:3047} INFO - Sync 2 DAGs
[2024-03-28T17:32:14.434+0000] {logging_mixin.py:188} INFO - [2024-03-28T17:32:14.430+0000] {dag.py:3834} INFO - Setting next_dagrun for example_external_task_marker_child to None, run_after=None
[2024-03-28T17:32:14.453+0000] {logging_mixin.py:188} INFO - [2024-03-28T17:32:14.452+0000] {dag.py:3834} INFO - Setting next_dagrun for example_external_task_marker_parent to None, run_after=None
[2024-03-28T17:32:14.531+0000] {processor.py:183} INFO - Processing /home/airflow/.local/lib/python3.8/site-packages/airflow/example_dags/example_external_task_marker_dag.py took 0.266 seconds
[2024-03-28T17:32:51.668+0000] {processor.py:161} INFO - Started process (PID=2357) to work on /home/airflow/.local/lib/python3.8/site-packages/airflow/example_dags/example_external_task_marker_dag.py
[2024-03-28T17:32:51.672+0000] {processor.py:830} INFO - Processing file /home/airflow/.local/lib/python3.8/site-packages/airflow/example_dags/example_external_task_marker_dag.py for tasks to queue
[2024-03-28T17:32:51.678+0000] {logging_mixin.py:188} INFO - [2024-03-28T17:32:51.677+0000] {dagbag.py:540} INFO - Filling up the DagBag from /home/airflow/.local/lib/python3.8/site-packages/airflow/example_dags/example_external_task_marker_dag.py
[2024-03-28T17:32:51.699+0000] {processor.py:840} INFO - DAG(s) 'example_external_task_marker_child', 'example_external_task_marker_parent' retrieved from /home/airflow/.local/lib/python3.8/site-packages/airflow/example_dags/example_external_task_marker_dag.py
[2024-03-28T17:32:51.788+0000] {logging_mixin.py:188} INFO - [2024-03-28T17:32:51.782+0000] {dag.py:3047} INFO - Sync 2 DAGs
[2024-03-28T17:32:51.920+0000] {logging_mixin.py:188} INFO - [2024-03-28T17:32:51.919+0000] {dag.py:3834} INFO - Setting next_dagrun for example_external_task_marker_child to None, run_after=None
[2024-03-28T17:32:51.947+0000] {logging_mixin.py:188} INFO - [2024-03-28T17:32:51.946+0000] {dag.py:3834} INFO - Setting next_dagrun for example_external_task_marker_parent to None, run_after=None
[2024-03-28T17:32:52.086+0000] {processor.py:183} INFO - Processing /home/airflow/.local/lib/python3.8/site-packages/airflow/example_dags/example_external_task_marker_dag.py took 0.425 seconds
[2024-03-28T17:33:25.304+0000] {processor.py:161} INFO - Started process (PID=2412) to work on /home/airflow/.local/lib/python3.8/site-packages/airflow/example_dags/example_external_task_marker_dag.py
[2024-03-28T17:33:25.321+0000] {processor.py:830} INFO - Processing file /home/airflow/.local/lib/python3.8/site-packages/airflow/example_dags/example_external_task_marker_dag.py for tasks to queue
[2024-03-28T17:33:25.337+0000] {logging_mixin.py:188} INFO - [2024-03-28T17:33:25.336+0000] {dagbag.py:540} INFO - Filling up the DagBag from /home/airflow/.local/lib/python3.8/site-packages/airflow/example_dags/example_external_task_marker_dag.py
[2024-03-28T17:33:25.385+0000] {processor.py:840} INFO - DAG(s) 'example_external_task_marker_parent', 'example_external_task_marker_child' retrieved from /home/airflow/.local/lib/python3.8/site-packages/airflow/example_dags/example_external_task_marker_dag.py
[2024-03-28T17:33:25.514+0000] {logging_mixin.py:188} INFO - [2024-03-28T17:33:25.513+0000] {dag.py:3047} INFO - Sync 2 DAGs
[2024-03-28T17:33:25.614+0000] {logging_mixin.py:188} INFO - [2024-03-28T17:33:25.613+0000] {dag.py:3834} INFO - Setting next_dagrun for example_external_task_marker_child to None, run_after=None
[2024-03-28T17:33:25.666+0000] {logging_mixin.py:188} INFO - [2024-03-28T17:33:25.666+0000] {dag.py:3834} INFO - Setting next_dagrun for example_external_task_marker_parent to None, run_after=None
[2024-03-28T17:33:25.767+0000] {processor.py:183} INFO - Processing /home/airflow/.local/lib/python3.8/site-packages/airflow/example_dags/example_external_task_marker_dag.py took 0.597 seconds
