[2024-03-28T16:32:59.410+0000] {processor.py:161} INFO - Started process (PID=157) to work on /home/airflow/.local/lib/python3.8/site-packages/airflow/example_dags/example_complex.py
[2024-03-28T16:32:59.443+0000] {processor.py:830} INFO - Processing file /home/airflow/.local/lib/python3.8/site-packages/airflow/example_dags/example_complex.py for tasks to queue
[2024-03-28T16:32:59.495+0000] {logging_mixin.py:188} INFO - [2024-03-28T16:32:59.485+0000] {dagbag.py:540} INFO - Filling up the DagBag from /home/airflow/.local/lib/python3.8/site-packages/airflow/example_dags/example_complex.py
[2024-03-28T16:33:00.675+0000] {processor.py:840} INFO - DAG(s) 'example_complex' retrieved from /home/airflow/.local/lib/python3.8/site-packages/airflow/example_dags/example_complex.py
[2024-03-28T16:33:07.699+0000] {logging_mixin.py:188} INFO - [2024-03-28T16:33:07.694+0000] {override.py:1769} INFO - Created Permission View: can edit on DAG:example_complex
[2024-03-28T16:33:08.128+0000] {logging_mixin.py:188} INFO - [2024-03-28T16:33:08.127+0000] {override.py:1769} INFO - Created Permission View: can read on DAG:example_complex
[2024-03-28T16:33:08.636+0000] {logging_mixin.py:188} INFO - [2024-03-28T16:33:08.634+0000] {override.py:1769} INFO - Created Permission View: can delete on DAG:example_complex
[2024-03-28T16:33:08.669+0000] {logging_mixin.py:188} INFO - [2024-03-28T16:33:08.668+0000] {dag.py:3047} INFO - Sync 1 DAGs
[2024-03-28T16:33:09.204+0000] {logging_mixin.py:188} INFO - [2024-03-28T16:33:09.193+0000] {dag.py:3069} INFO - Creating ORM DAG for example_complex
[2024-03-28T16:33:09.277+0000] {logging_mixin.py:188} INFO - [2024-03-28T16:33:09.276+0000] {dag.py:3834} INFO - Setting next_dagrun for example_complex to None, run_after=None
[2024-03-28T16:33:09.883+0000] {processor.py:183} INFO - Processing /home/airflow/.local/lib/python3.8/site-packages/airflow/example_dags/example_complex.py took 10.720 seconds
[2024-03-28T16:36:45.437+0000] {processor.py:161} INFO - Started process (PID=247) to work on /home/airflow/.local/lib/python3.8/site-packages/airflow/example_dags/example_complex.py
[2024-03-28T16:36:45.495+0000] {processor.py:830} INFO - Processing file /home/airflow/.local/lib/python3.8/site-packages/airflow/example_dags/example_complex.py for tasks to queue
[2024-03-28T16:36:45.591+0000] {logging_mixin.py:188} INFO - [2024-03-28T16:36:45.589+0000] {dagbag.py:540} INFO - Filling up the DagBag from /home/airflow/.local/lib/python3.8/site-packages/airflow/example_dags/example_complex.py
[2024-03-28T16:36:46.214+0000] {processor.py:840} INFO - DAG(s) 'example_complex' retrieved from /home/airflow/.local/lib/python3.8/site-packages/airflow/example_dags/example_complex.py
[2024-03-28T16:36:48.959+0000] {logging_mixin.py:188} INFO - [2024-03-28T16:36:48.959+0000] {dag.py:3047} INFO - Sync 1 DAGs
[2024-03-28T16:36:50.930+0000] {logging_mixin.py:188} INFO - [2024-03-28T16:36:50.929+0000] {dag.py:3834} INFO - Setting next_dagrun for example_complex to None, run_after=None
[2024-03-28T16:36:52.904+0000] {processor.py:183} INFO - Processing /home/airflow/.local/lib/python3.8/site-packages/airflow/example_dags/example_complex.py took 7.601 seconds
[2024-03-28T16:42:02.044+0000] {processor.py:161} INFO - Started process (PID=382) to work on /home/airflow/.local/lib/python3.8/site-packages/airflow/example_dags/example_complex.py
[2024-03-28T16:42:02.059+0000] {processor.py:830} INFO - Processing file /home/airflow/.local/lib/python3.8/site-packages/airflow/example_dags/example_complex.py for tasks to queue
[2024-03-28T16:42:02.093+0000] {logging_mixin.py:188} INFO - [2024-03-28T16:42:02.092+0000] {dagbag.py:540} INFO - Filling up the DagBag from /home/airflow/.local/lib/python3.8/site-packages/airflow/example_dags/example_complex.py
[2024-03-28T16:42:03.219+0000] {processor.py:840} INFO - DAG(s) 'example_complex' retrieved from /home/airflow/.local/lib/python3.8/site-packages/airflow/example_dags/example_complex.py
[2024-03-28T16:42:06.993+0000] {logging_mixin.py:188} INFO - [2024-03-28T16:42:06.992+0000] {dag.py:3047} INFO - Sync 1 DAGs
[2024-03-28T16:42:08.647+0000] {logging_mixin.py:188} INFO - [2024-03-28T16:42:08.647+0000] {dag.py:3834} INFO - Setting next_dagrun for example_complex to None, run_after=None
[2024-03-28T16:42:09.313+0000] {processor.py:183} INFO - Processing /home/airflow/.local/lib/python3.8/site-packages/airflow/example_dags/example_complex.py took 7.488 seconds
[2024-03-28T16:45:19.761+0000] {processor.py:161} INFO - Started process (PID=459) to work on /home/airflow/.local/lib/python3.8/site-packages/airflow/example_dags/example_complex.py
[2024-03-28T16:45:20.131+0000] {processor.py:830} INFO - Processing file /home/airflow/.local/lib/python3.8/site-packages/airflow/example_dags/example_complex.py for tasks to queue
[2024-03-28T16:45:20.225+0000] {logging_mixin.py:188} INFO - [2024-03-28T16:45:20.224+0000] {dagbag.py:540} INFO - Filling up the DagBag from /home/airflow/.local/lib/python3.8/site-packages/airflow/example_dags/example_complex.py
[2024-03-28T16:45:21.549+0000] {processor.py:840} INFO - DAG(s) 'example_complex' retrieved from /home/airflow/.local/lib/python3.8/site-packages/airflow/example_dags/example_complex.py
[2024-03-28T16:45:24.935+0000] {logging_mixin.py:188} INFO - [2024-03-28T16:45:24.925+0000] {dag.py:3047} INFO - Sync 1 DAGs
[2024-03-28T16:45:26.500+0000] {logging_mixin.py:188} INFO - [2024-03-28T16:45:26.498+0000] {dag.py:3834} INFO - Setting next_dagrun for example_complex to None, run_after=None
[2024-03-28T16:45:33.313+0000] {processor.py:183} INFO - Processing /home/airflow/.local/lib/python3.8/site-packages/airflow/example_dags/example_complex.py took 14.076 seconds
[2024-03-28T17:06:14.918+0000] {processor.py:161} INFO - Started process (PID=80) to work on /home/airflow/.local/lib/python3.8/site-packages/airflow/example_dags/example_complex.py
[2024-03-28T17:06:14.945+0000] {processor.py:830} INFO - Processing file /home/airflow/.local/lib/python3.8/site-packages/airflow/example_dags/example_complex.py for tasks to queue
[2024-03-28T17:06:14.974+0000] {logging_mixin.py:188} INFO - [2024-03-28T17:06:14.966+0000] {dagbag.py:540} INFO - Filling up the DagBag from /home/airflow/.local/lib/python3.8/site-packages/airflow/example_dags/example_complex.py
[2024-03-28T17:06:15.111+0000] {processor.py:840} INFO - DAG(s) 'example_complex' retrieved from /home/airflow/.local/lib/python3.8/site-packages/airflow/example_dags/example_complex.py
[2024-03-28T17:06:16.679+0000] {logging_mixin.py:188} INFO - [2024-03-28T17:06:16.678+0000] {dag.py:3047} INFO - Sync 1 DAGs
[2024-03-28T17:06:17.008+0000] {logging_mixin.py:188} INFO - [2024-03-28T17:06:17.007+0000] {dag.py:3834} INFO - Setting next_dagrun for example_complex to None, run_after=None
[2024-03-28T17:06:17.199+0000] {processor.py:183} INFO - Processing /home/airflow/.local/lib/python3.8/site-packages/airflow/example_dags/example_complex.py took 2.303 seconds
[2024-03-28T17:07:44.033+0000] {processor.py:161} INFO - Started process (PID=147) to work on /home/airflow/.local/lib/python3.8/site-packages/airflow/example_dags/example_complex.py
[2024-03-28T17:07:44.048+0000] {processor.py:830} INFO - Processing file /home/airflow/.local/lib/python3.8/site-packages/airflow/example_dags/example_complex.py for tasks to queue
[2024-03-28T17:07:44.108+0000] {logging_mixin.py:188} INFO - [2024-03-28T17:07:44.107+0000] {dagbag.py:540} INFO - Filling up the DagBag from /home/airflow/.local/lib/python3.8/site-packages/airflow/example_dags/example_complex.py
[2024-03-28T17:07:44.243+0000] {processor.py:840} INFO - DAG(s) 'example_complex' retrieved from /home/airflow/.local/lib/python3.8/site-packages/airflow/example_dags/example_complex.py
[2024-03-28T17:07:44.392+0000] {logging_mixin.py:188} INFO - [2024-03-28T17:07:44.391+0000] {dag.py:3047} INFO - Sync 1 DAGs
[2024-03-28T17:07:44.581+0000] {logging_mixin.py:188} INFO - [2024-03-28T17:07:44.571+0000] {dag.py:3834} INFO - Setting next_dagrun for example_complex to None, run_after=None
[2024-03-28T17:07:44.836+0000] {processor.py:183} INFO - Processing /home/airflow/.local/lib/python3.8/site-packages/airflow/example_dags/example_complex.py took 0.866 seconds
[2024-03-28T17:08:25.030+0000] {processor.py:161} INFO - Started process (PID=202) to work on /home/airflow/.local/lib/python3.8/site-packages/airflow/example_dags/example_complex.py
[2024-03-28T17:08:25.058+0000] {processor.py:830} INFO - Processing file /home/airflow/.local/lib/python3.8/site-packages/airflow/example_dags/example_complex.py for tasks to queue
[2024-03-28T17:08:25.068+0000] {logging_mixin.py:188} INFO - [2024-03-28T17:08:25.065+0000] {dagbag.py:540} INFO - Filling up the DagBag from /home/airflow/.local/lib/python3.8/site-packages/airflow/example_dags/example_complex.py
[2024-03-28T17:08:25.202+0000] {processor.py:840} INFO - DAG(s) 'example_complex' retrieved from /home/airflow/.local/lib/python3.8/site-packages/airflow/example_dags/example_complex.py
[2024-03-28T17:08:25.360+0000] {logging_mixin.py:188} INFO - [2024-03-28T17:08:25.359+0000] {dag.py:3047} INFO - Sync 1 DAGs
[2024-03-28T17:08:25.445+0000] {logging_mixin.py:188} INFO - [2024-03-28T17:08:25.445+0000] {dag.py:3834} INFO - Setting next_dagrun for example_complex to None, run_after=None
[2024-03-28T17:08:25.654+0000] {processor.py:183} INFO - Processing /home/airflow/.local/lib/python3.8/site-packages/airflow/example_dags/example_complex.py took 0.668 seconds
[2024-03-28T17:09:23.128+0000] {processor.py:161} INFO - Started process (PID=262) to work on /home/airflow/.local/lib/python3.8/site-packages/airflow/example_dags/example_complex.py
[2024-03-28T17:09:23.138+0000] {processor.py:830} INFO - Processing file /home/airflow/.local/lib/python3.8/site-packages/airflow/example_dags/example_complex.py for tasks to queue
[2024-03-28T17:09:23.162+0000] {logging_mixin.py:188} INFO - [2024-03-28T17:09:23.161+0000] {dagbag.py:540} INFO - Filling up the DagBag from /home/airflow/.local/lib/python3.8/site-packages/airflow/example_dags/example_complex.py
[2024-03-28T17:09:23.390+0000] {processor.py:840} INFO - DAG(s) 'example_complex' retrieved from /home/airflow/.local/lib/python3.8/site-packages/airflow/example_dags/example_complex.py
[2024-03-28T17:09:26.404+0000] {logging_mixin.py:188} INFO - [2024-03-28T17:09:26.397+0000] {dag.py:3047} INFO - Sync 1 DAGs
[2024-03-28T17:09:26.983+0000] {logging_mixin.py:188} INFO - [2024-03-28T17:09:26.982+0000] {dag.py:3834} INFO - Setting next_dagrun for example_complex to None, run_after=None
[2024-03-28T17:09:27.450+0000] {processor.py:183} INFO - Processing /home/airflow/.local/lib/python3.8/site-packages/airflow/example_dags/example_complex.py took 4.372 seconds
[2024-03-28T17:11:05.912+0000] {processor.py:161} INFO - Started process (PID=338) to work on /home/airflow/.local/lib/python3.8/site-packages/airflow/example_dags/example_complex.py
[2024-03-28T17:11:05.921+0000] {processor.py:830} INFO - Processing file /home/airflow/.local/lib/python3.8/site-packages/airflow/example_dags/example_complex.py for tasks to queue
[2024-03-28T17:11:06.065+0000] {logging_mixin.py:188} INFO - [2024-03-28T17:11:06.048+0000] {dagbag.py:540} INFO - Filling up the DagBag from /home/airflow/.local/lib/python3.8/site-packages/airflow/example_dags/example_complex.py
[2024-03-28T17:11:06.640+0000] {processor.py:840} INFO - DAG(s) 'example_complex' retrieved from /home/airflow/.local/lib/python3.8/site-packages/airflow/example_dags/example_complex.py
[2024-03-28T17:11:07.099+0000] {logging_mixin.py:188} INFO - [2024-03-28T17:11:07.098+0000] {dag.py:3047} INFO - Sync 1 DAGs
[2024-03-28T17:11:07.272+0000] {logging_mixin.py:188} INFO - [2024-03-28T17:11:07.261+0000] {dag.py:3834} INFO - Setting next_dagrun for example_complex to None, run_after=None
[2024-03-28T17:11:07.492+0000] {processor.py:183} INFO - Processing /home/airflow/.local/lib/python3.8/site-packages/airflow/example_dags/example_complex.py took 1.623 seconds
[2024-03-28T17:12:03.070+0000] {processor.py:161} INFO - Started process (PID=401) to work on /home/airflow/.local/lib/python3.8/site-packages/airflow/example_dags/example_complex.py
[2024-03-28T17:12:03.083+0000] {processor.py:830} INFO - Processing file /home/airflow/.local/lib/python3.8/site-packages/airflow/example_dags/example_complex.py for tasks to queue
[2024-03-28T17:12:03.099+0000] {logging_mixin.py:188} INFO - [2024-03-28T17:12:03.098+0000] {dagbag.py:540} INFO - Filling up the DagBag from /home/airflow/.local/lib/python3.8/site-packages/airflow/example_dags/example_complex.py
[2024-03-28T17:12:03.247+0000] {processor.py:840} INFO - DAG(s) 'example_complex' retrieved from /home/airflow/.local/lib/python3.8/site-packages/airflow/example_dags/example_complex.py
[2024-03-28T17:12:03.585+0000] {logging_mixin.py:188} INFO - [2024-03-28T17:12:03.579+0000] {dag.py:3047} INFO - Sync 1 DAGs
[2024-03-28T17:12:03.703+0000] {logging_mixin.py:188} INFO - [2024-03-28T17:12:03.702+0000] {dag.py:3834} INFO - Setting next_dagrun for example_complex to None, run_after=None
[2024-03-28T17:12:04.033+0000] {processor.py:183} INFO - Processing /home/airflow/.local/lib/python3.8/site-packages/airflow/example_dags/example_complex.py took 1.000 seconds
[2024-03-28T17:12:40.766+0000] {processor.py:161} INFO - Started process (PID=455) to work on /home/airflow/.local/lib/python3.8/site-packages/airflow/example_dags/example_complex.py
[2024-03-28T17:12:40.773+0000] {processor.py:830} INFO - Processing file /home/airflow/.local/lib/python3.8/site-packages/airflow/example_dags/example_complex.py for tasks to queue
[2024-03-28T17:12:40.795+0000] {logging_mixin.py:188} INFO - [2024-03-28T17:12:40.794+0000] {dagbag.py:540} INFO - Filling up the DagBag from /home/airflow/.local/lib/python3.8/site-packages/airflow/example_dags/example_complex.py
[2024-03-28T17:12:40.981+0000] {processor.py:840} INFO - DAG(s) 'example_complex' retrieved from /home/airflow/.local/lib/python3.8/site-packages/airflow/example_dags/example_complex.py
[2024-03-28T17:12:41.316+0000] {logging_mixin.py:188} INFO - [2024-03-28T17:12:41.315+0000] {dag.py:3047} INFO - Sync 1 DAGs
[2024-03-28T17:12:41.500+0000] {logging_mixin.py:188} INFO - [2024-03-28T17:12:41.499+0000] {dag.py:3834} INFO - Setting next_dagrun for example_complex to None, run_after=None
[2024-03-28T17:12:43.962+0000] {processor.py:183} INFO - Processing /home/airflow/.local/lib/python3.8/site-packages/airflow/example_dags/example_complex.py took 3.240 seconds
[2024-03-28T17:13:15.781+0000] {processor.py:161} INFO - Started process (PID=511) to work on /home/airflow/.local/lib/python3.8/site-packages/airflow/example_dags/example_complex.py
[2024-03-28T17:13:15.798+0000] {processor.py:830} INFO - Processing file /home/airflow/.local/lib/python3.8/site-packages/airflow/example_dags/example_complex.py for tasks to queue
[2024-03-28T17:13:15.883+0000] {logging_mixin.py:188} INFO - [2024-03-28T17:13:15.882+0000] {dagbag.py:540} INFO - Filling up the DagBag from /home/airflow/.local/lib/python3.8/site-packages/airflow/example_dags/example_complex.py
[2024-03-28T17:13:16.113+0000] {processor.py:840} INFO - DAG(s) 'example_complex' retrieved from /home/airflow/.local/lib/python3.8/site-packages/airflow/example_dags/example_complex.py
[2024-03-28T17:13:16.248+0000] {logging_mixin.py:188} INFO - [2024-03-28T17:13:16.248+0000] {dag.py:3047} INFO - Sync 1 DAGs
[2024-03-28T17:13:16.299+0000] {logging_mixin.py:188} INFO - [2024-03-28T17:13:16.298+0000] {dag.py:3834} INFO - Setting next_dagrun for example_complex to None, run_after=None
[2024-03-28T17:13:16.412+0000] {processor.py:183} INFO - Processing /home/airflow/.local/lib/python3.8/site-packages/airflow/example_dags/example_complex.py took 0.723 seconds
[2024-03-28T17:13:46.922+0000] {processor.py:161} INFO - Started process (PID=566) to work on /home/airflow/.local/lib/python3.8/site-packages/airflow/example_dags/example_complex.py
[2024-03-28T17:13:46.957+0000] {processor.py:830} INFO - Processing file /home/airflow/.local/lib/python3.8/site-packages/airflow/example_dags/example_complex.py for tasks to queue
[2024-03-28T17:13:47.007+0000] {logging_mixin.py:188} INFO - [2024-03-28T17:13:46.994+0000] {dagbag.py:540} INFO - Filling up the DagBag from /home/airflow/.local/lib/python3.8/site-packages/airflow/example_dags/example_complex.py
[2024-03-28T17:13:47.231+0000] {processor.py:840} INFO - DAG(s) 'example_complex' retrieved from /home/airflow/.local/lib/python3.8/site-packages/airflow/example_dags/example_complex.py
[2024-03-28T17:13:47.743+0000] {logging_mixin.py:188} INFO - [2024-03-28T17:13:47.740+0000] {dag.py:3047} INFO - Sync 1 DAGs
[2024-03-28T17:13:47.870+0000] {logging_mixin.py:188} INFO - [2024-03-28T17:13:47.870+0000] {dag.py:3834} INFO - Setting next_dagrun for example_complex to None, run_after=None
[2024-03-28T17:13:47.939+0000] {processor.py:183} INFO - Processing /home/airflow/.local/lib/python3.8/site-packages/airflow/example_dags/example_complex.py took 1.085 seconds
[2024-03-28T17:14:23.915+0000] {processor.py:161} INFO - Started process (PID=621) to work on /home/airflow/.local/lib/python3.8/site-packages/airflow/example_dags/example_complex.py
[2024-03-28T17:14:23.918+0000] {processor.py:830} INFO - Processing file /home/airflow/.local/lib/python3.8/site-packages/airflow/example_dags/example_complex.py for tasks to queue
[2024-03-28T17:14:23.928+0000] {logging_mixin.py:188} INFO - [2024-03-28T17:14:23.927+0000] {dagbag.py:540} INFO - Filling up the DagBag from /home/airflow/.local/lib/python3.8/site-packages/airflow/example_dags/example_complex.py
[2024-03-28T17:14:23.957+0000] {processor.py:840} INFO - DAG(s) 'example_complex' retrieved from /home/airflow/.local/lib/python3.8/site-packages/airflow/example_dags/example_complex.py
[2024-03-28T17:14:24.050+0000] {logging_mixin.py:188} INFO - [2024-03-28T17:14:24.049+0000] {dag.py:3047} INFO - Sync 1 DAGs
[2024-03-28T17:14:24.122+0000] {logging_mixin.py:188} INFO - [2024-03-28T17:14:24.121+0000] {dag.py:3834} INFO - Setting next_dagrun for example_complex to None, run_after=None
[2024-03-28T17:14:24.209+0000] {processor.py:183} INFO - Processing /home/airflow/.local/lib/python3.8/site-packages/airflow/example_dags/example_complex.py took 0.303 seconds
[2024-03-28T17:14:56.600+0000] {processor.py:161} INFO - Started process (PID=672) to work on /home/airflow/.local/lib/python3.8/site-packages/airflow/example_dags/example_complex.py
[2024-03-28T17:14:56.605+0000] {processor.py:830} INFO - Processing file /home/airflow/.local/lib/python3.8/site-packages/airflow/example_dags/example_complex.py for tasks to queue
[2024-03-28T17:14:56.615+0000] {logging_mixin.py:188} INFO - [2024-03-28T17:14:56.614+0000] {dagbag.py:540} INFO - Filling up the DagBag from /home/airflow/.local/lib/python3.8/site-packages/airflow/example_dags/example_complex.py
[2024-03-28T17:14:56.658+0000] {processor.py:840} INFO - DAG(s) 'example_complex' retrieved from /home/airflow/.local/lib/python3.8/site-packages/airflow/example_dags/example_complex.py
[2024-03-28T17:14:56.761+0000] {logging_mixin.py:188} INFO - [2024-03-28T17:14:56.760+0000] {dag.py:3047} INFO - Sync 1 DAGs
[2024-03-28T17:14:56.801+0000] {logging_mixin.py:188} INFO - [2024-03-28T17:14:56.800+0000] {dag.py:3834} INFO - Setting next_dagrun for example_complex to None, run_after=None
[2024-03-28T17:14:56.905+0000] {processor.py:183} INFO - Processing /home/airflow/.local/lib/python3.8/site-packages/airflow/example_dags/example_complex.py took 0.315 seconds
[2024-03-28T17:15:40.110+0000] {processor.py:161} INFO - Started process (PID=737) to work on /home/airflow/.local/lib/python3.8/site-packages/airflow/example_dags/example_complex.py
[2024-03-28T17:15:40.113+0000] {processor.py:830} INFO - Processing file /home/airflow/.local/lib/python3.8/site-packages/airflow/example_dags/example_complex.py for tasks to queue
[2024-03-28T17:15:40.119+0000] {logging_mixin.py:188} INFO - [2024-03-28T17:15:40.118+0000] {dagbag.py:540} INFO - Filling up the DagBag from /home/airflow/.local/lib/python3.8/site-packages/airflow/example_dags/example_complex.py
[2024-03-28T17:15:40.149+0000] {processor.py:840} INFO - DAG(s) 'example_complex' retrieved from /home/airflow/.local/lib/python3.8/site-packages/airflow/example_dags/example_complex.py
[2024-03-28T17:15:40.280+0000] {logging_mixin.py:188} INFO - [2024-03-28T17:15:40.277+0000] {dag.py:3047} INFO - Sync 1 DAGs
[2024-03-28T17:15:40.360+0000] {logging_mixin.py:188} INFO - [2024-03-28T17:15:40.358+0000] {dag.py:3834} INFO - Setting next_dagrun for example_complex to None, run_after=None
[2024-03-28T17:15:40.447+0000] {processor.py:183} INFO - Processing /home/airflow/.local/lib/python3.8/site-packages/airflow/example_dags/example_complex.py took 0.345 seconds
[2024-03-28T17:16:11.323+0000] {processor.py:161} INFO - Started process (PID=792) to work on /home/airflow/.local/lib/python3.8/site-packages/airflow/example_dags/example_complex.py
[2024-03-28T17:16:11.330+0000] {processor.py:830} INFO - Processing file /home/airflow/.local/lib/python3.8/site-packages/airflow/example_dags/example_complex.py for tasks to queue
[2024-03-28T17:16:11.359+0000] {logging_mixin.py:188} INFO - [2024-03-28T17:16:11.356+0000] {dagbag.py:540} INFO - Filling up the DagBag from /home/airflow/.local/lib/python3.8/site-packages/airflow/example_dags/example_complex.py
[2024-03-28T17:16:11.434+0000] {processor.py:840} INFO - DAG(s) 'example_complex' retrieved from /home/airflow/.local/lib/python3.8/site-packages/airflow/example_dags/example_complex.py
[2024-03-28T17:16:11.525+0000] {logging_mixin.py:188} INFO - [2024-03-28T17:16:11.524+0000] {dag.py:3047} INFO - Sync 1 DAGs
[2024-03-28T17:16:11.560+0000] {logging_mixin.py:188} INFO - [2024-03-28T17:16:11.559+0000] {dag.py:3834} INFO - Setting next_dagrun for example_complex to None, run_after=None
[2024-03-28T17:16:11.636+0000] {processor.py:183} INFO - Processing /home/airflow/.local/lib/python3.8/site-packages/airflow/example_dags/example_complex.py took 0.327 seconds
[2024-03-28T17:16:51.370+0000] {processor.py:161} INFO - Started process (PID=844) to work on /home/airflow/.local/lib/python3.8/site-packages/airflow/example_dags/example_complex.py
[2024-03-28T17:16:51.377+0000] {processor.py:830} INFO - Processing file /home/airflow/.local/lib/python3.8/site-packages/airflow/example_dags/example_complex.py for tasks to queue
[2024-03-28T17:16:51.393+0000] {logging_mixin.py:188} INFO - [2024-03-28T17:16:51.392+0000] {dagbag.py:540} INFO - Filling up the DagBag from /home/airflow/.local/lib/python3.8/site-packages/airflow/example_dags/example_complex.py
[2024-03-28T17:16:51.500+0000] {processor.py:840} INFO - DAG(s) 'example_complex' retrieved from /home/airflow/.local/lib/python3.8/site-packages/airflow/example_dags/example_complex.py
[2024-03-28T17:16:51.878+0000] {logging_mixin.py:188} INFO - [2024-03-28T17:16:51.877+0000] {dag.py:3047} INFO - Sync 1 DAGs
[2024-03-28T17:16:52.000+0000] {logging_mixin.py:188} INFO - [2024-03-28T17:16:51.995+0000] {dag.py:3834} INFO - Setting next_dagrun for example_complex to None, run_after=None
[2024-03-28T17:16:52.177+0000] {processor.py:183} INFO - Processing /home/airflow/.local/lib/python3.8/site-packages/airflow/example_dags/example_complex.py took 0.827 seconds
[2024-03-28T17:17:32.163+0000] {processor.py:161} INFO - Started process (PID=904) to work on /home/airflow/.local/lib/python3.8/site-packages/airflow/example_dags/example_complex.py
[2024-03-28T17:17:32.174+0000] {processor.py:830} INFO - Processing file /home/airflow/.local/lib/python3.8/site-packages/airflow/example_dags/example_complex.py for tasks to queue
[2024-03-28T17:17:32.198+0000] {logging_mixin.py:188} INFO - [2024-03-28T17:17:32.194+0000] {dagbag.py:540} INFO - Filling up the DagBag from /home/airflow/.local/lib/python3.8/site-packages/airflow/example_dags/example_complex.py
[2024-03-28T17:17:32.578+0000] {processor.py:840} INFO - DAG(s) 'example_complex' retrieved from /home/airflow/.local/lib/python3.8/site-packages/airflow/example_dags/example_complex.py
[2024-03-28T17:17:33.724+0000] {logging_mixin.py:188} INFO - [2024-03-28T17:17:33.695+0000] {dag.py:3047} INFO - Sync 1 DAGs
[2024-03-28T17:17:34.275+0000] {logging_mixin.py:188} INFO - [2024-03-28T17:17:34.274+0000] {dag.py:3834} INFO - Setting next_dagrun for example_complex to None, run_after=None
[2024-03-28T17:17:35.147+0000] {processor.py:183} INFO - Processing /home/airflow/.local/lib/python3.8/site-packages/airflow/example_dags/example_complex.py took 3.020 seconds
[2024-03-28T17:18:48.450+0000] {processor.py:161} INFO - Started process (PID=977) to work on /home/airflow/.local/lib/python3.8/site-packages/airflow/example_dags/example_complex.py
[2024-03-28T17:18:48.457+0000] {processor.py:830} INFO - Processing file /home/airflow/.local/lib/python3.8/site-packages/airflow/example_dags/example_complex.py for tasks to queue
[2024-03-28T17:18:48.483+0000] {logging_mixin.py:188} INFO - [2024-03-28T17:18:48.478+0000] {dagbag.py:540} INFO - Filling up the DagBag from /home/airflow/.local/lib/python3.8/site-packages/airflow/example_dags/example_complex.py
[2024-03-28T17:18:48.591+0000] {processor.py:840} INFO - DAG(s) 'example_complex' retrieved from /home/airflow/.local/lib/python3.8/site-packages/airflow/example_dags/example_complex.py
[2024-03-28T17:18:48.786+0000] {logging_mixin.py:188} INFO - [2024-03-28T17:18:48.786+0000] {dag.py:3047} INFO - Sync 1 DAGs
[2024-03-28T17:18:48.879+0000] {logging_mixin.py:188} INFO - [2024-03-28T17:18:48.879+0000] {dag.py:3834} INFO - Setting next_dagrun for example_complex to None, run_after=None
[2024-03-28T17:18:49.023+0000] {processor.py:183} INFO - Processing /home/airflow/.local/lib/python3.8/site-packages/airflow/example_dags/example_complex.py took 0.600 seconds
[2024-03-28T17:19:20.172+0000] {processor.py:161} INFO - Started process (PID=1032) to work on /home/airflow/.local/lib/python3.8/site-packages/airflow/example_dags/example_complex.py
[2024-03-28T17:19:20.187+0000] {processor.py:830} INFO - Processing file /home/airflow/.local/lib/python3.8/site-packages/airflow/example_dags/example_complex.py for tasks to queue
[2024-03-28T17:19:20.216+0000] {logging_mixin.py:188} INFO - [2024-03-28T17:19:20.209+0000] {dagbag.py:540} INFO - Filling up the DagBag from /home/airflow/.local/lib/python3.8/site-packages/airflow/example_dags/example_complex.py
[2024-03-28T17:19:20.397+0000] {processor.py:840} INFO - DAG(s) 'example_complex' retrieved from /home/airflow/.local/lib/python3.8/site-packages/airflow/example_dags/example_complex.py
[2024-03-28T17:19:20.934+0000] {logging_mixin.py:188} INFO - [2024-03-28T17:19:20.933+0000] {dag.py:3047} INFO - Sync 1 DAGs
[2024-03-28T17:19:21.041+0000] {logging_mixin.py:188} INFO - [2024-03-28T17:19:21.040+0000] {dag.py:3834} INFO - Setting next_dagrun for example_complex to None, run_after=None
[2024-03-28T17:19:21.383+0000] {processor.py:183} INFO - Processing /home/airflow/.local/lib/python3.8/site-packages/airflow/example_dags/example_complex.py took 1.215 seconds
[2024-03-28T17:19:52.475+0000] {processor.py:161} INFO - Started process (PID=1088) to work on /home/airflow/.local/lib/python3.8/site-packages/airflow/example_dags/example_complex.py
[2024-03-28T17:19:52.486+0000] {processor.py:830} INFO - Processing file /home/airflow/.local/lib/python3.8/site-packages/airflow/example_dags/example_complex.py for tasks to queue
[2024-03-28T17:19:52.517+0000] {logging_mixin.py:188} INFO - [2024-03-28T17:19:52.516+0000] {dagbag.py:540} INFO - Filling up the DagBag from /home/airflow/.local/lib/python3.8/site-packages/airflow/example_dags/example_complex.py
[2024-03-28T17:19:52.712+0000] {processor.py:840} INFO - DAG(s) 'example_complex' retrieved from /home/airflow/.local/lib/python3.8/site-packages/airflow/example_dags/example_complex.py
[2024-03-28T17:19:53.096+0000] {logging_mixin.py:188} INFO - [2024-03-28T17:19:53.095+0000] {dag.py:3047} INFO - Sync 1 DAGs
[2024-03-28T17:19:53.289+0000] {logging_mixin.py:188} INFO - [2024-03-28T17:19:53.288+0000] {dag.py:3834} INFO - Setting next_dagrun for example_complex to None, run_after=None
[2024-03-28T17:19:53.500+0000] {processor.py:183} INFO - Processing /home/airflow/.local/lib/python3.8/site-packages/airflow/example_dags/example_complex.py took 1.037 seconds
[2024-03-28T17:20:24.153+0000] {processor.py:161} INFO - Started process (PID=1143) to work on /home/airflow/.local/lib/python3.8/site-packages/airflow/example_dags/example_complex.py
[2024-03-28T17:20:24.159+0000] {processor.py:830} INFO - Processing file /home/airflow/.local/lib/python3.8/site-packages/airflow/example_dags/example_complex.py for tasks to queue
[2024-03-28T17:20:24.176+0000] {logging_mixin.py:188} INFO - [2024-03-28T17:20:24.175+0000] {dagbag.py:540} INFO - Filling up the DagBag from /home/airflow/.local/lib/python3.8/site-packages/airflow/example_dags/example_complex.py
[2024-03-28T17:20:24.226+0000] {processor.py:840} INFO - DAG(s) 'example_complex' retrieved from /home/airflow/.local/lib/python3.8/site-packages/airflow/example_dags/example_complex.py
[2024-03-28T17:20:24.331+0000] {logging_mixin.py:188} INFO - [2024-03-28T17:20:24.330+0000] {dag.py:3047} INFO - Sync 1 DAGs
[2024-03-28T17:20:24.404+0000] {logging_mixin.py:188} INFO - [2024-03-28T17:20:24.404+0000] {dag.py:3834} INFO - Setting next_dagrun for example_complex to None, run_after=None
[2024-03-28T17:20:24.471+0000] {processor.py:183} INFO - Processing /home/airflow/.local/lib/python3.8/site-packages/airflow/example_dags/example_complex.py took 0.328 seconds
[2024-03-28T17:20:55.022+0000] {processor.py:161} INFO - Started process (PID=1197) to work on /home/airflow/.local/lib/python3.8/site-packages/airflow/example_dags/example_complex.py
[2024-03-28T17:20:55.027+0000] {processor.py:830} INFO - Processing file /home/airflow/.local/lib/python3.8/site-packages/airflow/example_dags/example_complex.py for tasks to queue
[2024-03-28T17:20:55.035+0000] {logging_mixin.py:188} INFO - [2024-03-28T17:20:55.034+0000] {dagbag.py:540} INFO - Filling up the DagBag from /home/airflow/.local/lib/python3.8/site-packages/airflow/example_dags/example_complex.py
[2024-03-28T17:20:55.115+0000] {processor.py:840} INFO - DAG(s) 'example_complex' retrieved from /home/airflow/.local/lib/python3.8/site-packages/airflow/example_dags/example_complex.py
[2024-03-28T17:20:55.217+0000] {logging_mixin.py:188} INFO - [2024-03-28T17:20:55.217+0000] {dag.py:3047} INFO - Sync 1 DAGs
[2024-03-28T17:20:55.273+0000] {logging_mixin.py:188} INFO - [2024-03-28T17:20:55.272+0000] {dag.py:3834} INFO - Setting next_dagrun for example_complex to None, run_after=None
[2024-03-28T17:20:55.341+0000] {processor.py:183} INFO - Processing /home/airflow/.local/lib/python3.8/site-packages/airflow/example_dags/example_complex.py took 0.353 seconds
[2024-03-28T17:21:27.961+0000] {processor.py:161} INFO - Started process (PID=1252) to work on /home/airflow/.local/lib/python3.8/site-packages/airflow/example_dags/example_complex.py
[2024-03-28T17:21:27.967+0000] {processor.py:830} INFO - Processing file /home/airflow/.local/lib/python3.8/site-packages/airflow/example_dags/example_complex.py for tasks to queue
[2024-03-28T17:21:27.976+0000] {logging_mixin.py:188} INFO - [2024-03-28T17:21:27.975+0000] {dagbag.py:540} INFO - Filling up the DagBag from /home/airflow/.local/lib/python3.8/site-packages/airflow/example_dags/example_complex.py
[2024-03-28T17:21:28.041+0000] {processor.py:840} INFO - DAG(s) 'example_complex' retrieved from /home/airflow/.local/lib/python3.8/site-packages/airflow/example_dags/example_complex.py
[2024-03-28T17:21:28.147+0000] {logging_mixin.py:188} INFO - [2024-03-28T17:21:28.147+0000] {dag.py:3047} INFO - Sync 1 DAGs
[2024-03-28T17:21:28.194+0000] {logging_mixin.py:188} INFO - [2024-03-28T17:21:28.193+0000] {dag.py:3834} INFO - Setting next_dagrun for example_complex to None, run_after=None
[2024-03-28T17:21:28.267+0000] {processor.py:183} INFO - Processing /home/airflow/.local/lib/python3.8/site-packages/airflow/example_dags/example_complex.py took 0.318 seconds
[2024-03-28T17:22:02.408+0000] {processor.py:161} INFO - Started process (PID=1307) to work on /home/airflow/.local/lib/python3.8/site-packages/airflow/example_dags/example_complex.py
[2024-03-28T17:22:02.426+0000] {processor.py:830} INFO - Processing file /home/airflow/.local/lib/python3.8/site-packages/airflow/example_dags/example_complex.py for tasks to queue
[2024-03-28T17:22:02.447+0000] {logging_mixin.py:188} INFO - [2024-03-28T17:22:02.442+0000] {dagbag.py:540} INFO - Filling up the DagBag from /home/airflow/.local/lib/python3.8/site-packages/airflow/example_dags/example_complex.py
[2024-03-28T17:22:02.553+0000] {processor.py:840} INFO - DAG(s) 'example_complex' retrieved from /home/airflow/.local/lib/python3.8/site-packages/airflow/example_dags/example_complex.py
[2024-03-28T17:22:02.998+0000] {logging_mixin.py:188} INFO - [2024-03-28T17:22:02.998+0000] {dag.py:3047} INFO - Sync 1 DAGs
[2024-03-28T17:22:03.420+0000] {logging_mixin.py:188} INFO - [2024-03-28T17:22:03.420+0000] {dag.py:3834} INFO - Setting next_dagrun for example_complex to None, run_after=None
[2024-03-28T17:22:03.642+0000] {processor.py:183} INFO - Processing /home/airflow/.local/lib/python3.8/site-packages/airflow/example_dags/example_complex.py took 1.268 seconds
[2024-03-28T17:22:36.332+0000] {processor.py:161} INFO - Started process (PID=1361) to work on /home/airflow/.local/lib/python3.8/site-packages/airflow/example_dags/example_complex.py
[2024-03-28T17:22:36.354+0000] {processor.py:830} INFO - Processing file /home/airflow/.local/lib/python3.8/site-packages/airflow/example_dags/example_complex.py for tasks to queue
[2024-03-28T17:22:36.586+0000] {logging_mixin.py:188} INFO - [2024-03-28T17:22:36.546+0000] {dagbag.py:540} INFO - Filling up the DagBag from /home/airflow/.local/lib/python3.8/site-packages/airflow/example_dags/example_complex.py
[2024-03-28T17:22:36.818+0000] {processor.py:840} INFO - DAG(s) 'example_complex' retrieved from /home/airflow/.local/lib/python3.8/site-packages/airflow/example_dags/example_complex.py
[2024-03-28T17:22:37.804+0000] {logging_mixin.py:188} INFO - [2024-03-28T17:22:37.803+0000] {dag.py:3047} INFO - Sync 1 DAGs
[2024-03-28T17:22:38.502+0000] {logging_mixin.py:188} INFO - [2024-03-28T17:22:38.502+0000] {dag.py:3834} INFO - Setting next_dagrun for example_complex to None, run_after=None
[2024-03-28T17:22:38.660+0000] {processor.py:183} INFO - Processing /home/airflow/.local/lib/python3.8/site-packages/airflow/example_dags/example_complex.py took 2.493 seconds
[2024-03-28T17:23:08.853+0000] {processor.py:161} INFO - Started process (PID=1422) to work on /home/airflow/.local/lib/python3.8/site-packages/airflow/example_dags/example_complex.py
[2024-03-28T17:23:08.858+0000] {processor.py:830} INFO - Processing file /home/airflow/.local/lib/python3.8/site-packages/airflow/example_dags/example_complex.py for tasks to queue
[2024-03-28T17:23:08.869+0000] {logging_mixin.py:188} INFO - [2024-03-28T17:23:08.869+0000] {dagbag.py:540} INFO - Filling up the DagBag from /home/airflow/.local/lib/python3.8/site-packages/airflow/example_dags/example_complex.py
[2024-03-28T17:23:08.904+0000] {processor.py:840} INFO - DAG(s) 'example_complex' retrieved from /home/airflow/.local/lib/python3.8/site-packages/airflow/example_dags/example_complex.py
[2024-03-28T17:23:09.003+0000] {logging_mixin.py:188} INFO - [2024-03-28T17:23:09.003+0000] {dag.py:3047} INFO - Sync 1 DAGs
[2024-03-28T17:23:09.041+0000] {logging_mixin.py:188} INFO - [2024-03-28T17:23:09.041+0000] {dag.py:3834} INFO - Setting next_dagrun for example_complex to None, run_after=None
[2024-03-28T17:23:09.093+0000] {processor.py:183} INFO - Processing /home/airflow/.local/lib/python3.8/site-packages/airflow/example_dags/example_complex.py took 0.251 seconds
[2024-03-28T17:23:39.251+0000] {processor.py:161} INFO - Started process (PID=1477) to work on /home/airflow/.local/lib/python3.8/site-packages/airflow/example_dags/example_complex.py
[2024-03-28T17:23:39.256+0000] {processor.py:830} INFO - Processing file /home/airflow/.local/lib/python3.8/site-packages/airflow/example_dags/example_complex.py for tasks to queue
[2024-03-28T17:23:39.263+0000] {logging_mixin.py:188} INFO - [2024-03-28T17:23:39.262+0000] {dagbag.py:540} INFO - Filling up the DagBag from /home/airflow/.local/lib/python3.8/site-packages/airflow/example_dags/example_complex.py
[2024-03-28T17:23:39.751+0000] {processor.py:840} INFO - DAG(s) 'example_complex' retrieved from /home/airflow/.local/lib/python3.8/site-packages/airflow/example_dags/example_complex.py
[2024-03-28T17:23:39.929+0000] {logging_mixin.py:188} INFO - [2024-03-28T17:23:39.929+0000] {dag.py:3047} INFO - Sync 1 DAGs
[2024-03-28T17:23:40.019+0000] {logging_mixin.py:188} INFO - [2024-03-28T17:23:40.018+0000] {dag.py:3834} INFO - Setting next_dagrun for example_complex to None, run_after=None
[2024-03-28T17:23:40.070+0000] {processor.py:183} INFO - Processing /home/airflow/.local/lib/python3.8/site-packages/airflow/example_dags/example_complex.py took 0.838 seconds
[2024-03-28T17:24:15.452+0000] {processor.py:161} INFO - Started process (PID=1532) to work on /home/airflow/.local/lib/python3.8/site-packages/airflow/example_dags/example_complex.py
[2024-03-28T17:24:15.456+0000] {processor.py:830} INFO - Processing file /home/airflow/.local/lib/python3.8/site-packages/airflow/example_dags/example_complex.py for tasks to queue
[2024-03-28T17:24:15.465+0000] {logging_mixin.py:188} INFO - [2024-03-28T17:24:15.464+0000] {dagbag.py:540} INFO - Filling up the DagBag from /home/airflow/.local/lib/python3.8/site-packages/airflow/example_dags/example_complex.py
[2024-03-28T17:24:15.537+0000] {processor.py:840} INFO - DAG(s) 'example_complex' retrieved from /home/airflow/.local/lib/python3.8/site-packages/airflow/example_dags/example_complex.py
[2024-03-28T17:24:15.664+0000] {logging_mixin.py:188} INFO - [2024-03-28T17:24:15.663+0000] {dag.py:3047} INFO - Sync 1 DAGs
[2024-03-28T17:24:15.716+0000] {logging_mixin.py:188} INFO - [2024-03-28T17:24:15.715+0000] {dag.py:3834} INFO - Setting next_dagrun for example_complex to None, run_after=None
[2024-03-28T17:24:15.808+0000] {processor.py:183} INFO - Processing /home/airflow/.local/lib/python3.8/site-packages/airflow/example_dags/example_complex.py took 0.544 seconds
[2024-03-28T17:24:50.553+0000] {processor.py:161} INFO - Started process (PID=1583) to work on /home/airflow/.local/lib/python3.8/site-packages/airflow/example_dags/example_complex.py
[2024-03-28T17:24:50.564+0000] {processor.py:830} INFO - Processing file /home/airflow/.local/lib/python3.8/site-packages/airflow/example_dags/example_complex.py for tasks to queue
[2024-03-28T17:24:50.593+0000] {logging_mixin.py:188} INFO - [2024-03-28T17:24:50.592+0000] {dagbag.py:540} INFO - Filling up the DagBag from /home/airflow/.local/lib/python3.8/site-packages/airflow/example_dags/example_complex.py
[2024-03-28T17:24:50.707+0000] {processor.py:840} INFO - DAG(s) 'example_complex' retrieved from /home/airflow/.local/lib/python3.8/site-packages/airflow/example_dags/example_complex.py
[2024-03-28T17:24:50.842+0000] {logging_mixin.py:188} INFO - [2024-03-28T17:24:50.841+0000] {dag.py:3047} INFO - Sync 1 DAGs
[2024-03-28T17:24:50.894+0000] {logging_mixin.py:188} INFO - [2024-03-28T17:24:50.893+0000] {dag.py:3834} INFO - Setting next_dagrun for example_complex to None, run_after=None
[2024-03-28T17:24:50.965+0000] {processor.py:183} INFO - Processing /home/airflow/.local/lib/python3.8/site-packages/airflow/example_dags/example_complex.py took 0.435 seconds
[2024-03-28T17:25:26.334+0000] {processor.py:161} INFO - Started process (PID=1634) to work on /home/airflow/.local/lib/python3.8/site-packages/airflow/example_dags/example_complex.py
[2024-03-28T17:25:26.338+0000] {processor.py:830} INFO - Processing file /home/airflow/.local/lib/python3.8/site-packages/airflow/example_dags/example_complex.py for tasks to queue
[2024-03-28T17:25:26.346+0000] {logging_mixin.py:188} INFO - [2024-03-28T17:25:26.344+0000] {dagbag.py:540} INFO - Filling up the DagBag from /home/airflow/.local/lib/python3.8/site-packages/airflow/example_dags/example_complex.py
[2024-03-28T17:25:26.404+0000] {processor.py:840} INFO - DAG(s) 'example_complex' retrieved from /home/airflow/.local/lib/python3.8/site-packages/airflow/example_dags/example_complex.py
[2024-03-28T17:25:26.495+0000] {logging_mixin.py:188} INFO - [2024-03-28T17:25:26.494+0000] {dag.py:3047} INFO - Sync 1 DAGs
[2024-03-28T17:25:26.555+0000] {logging_mixin.py:188} INFO - [2024-03-28T17:25:26.554+0000] {dag.py:3834} INFO - Setting next_dagrun for example_complex to None, run_after=None
[2024-03-28T17:25:26.609+0000] {processor.py:183} INFO - Processing /home/airflow/.local/lib/python3.8/site-packages/airflow/example_dags/example_complex.py took 0.289 seconds
[2024-03-28T17:25:59.560+0000] {processor.py:161} INFO - Started process (PID=1689) to work on /home/airflow/.local/lib/python3.8/site-packages/airflow/example_dags/example_complex.py
[2024-03-28T17:25:59.576+0000] {processor.py:830} INFO - Processing file /home/airflow/.local/lib/python3.8/site-packages/airflow/example_dags/example_complex.py for tasks to queue
[2024-03-28T17:25:59.620+0000] {logging_mixin.py:188} INFO - [2024-03-28T17:25:59.617+0000] {dagbag.py:540} INFO - Filling up the DagBag from /home/airflow/.local/lib/python3.8/site-packages/airflow/example_dags/example_complex.py
[2024-03-28T17:25:59.860+0000] {processor.py:840} INFO - DAG(s) 'example_complex' retrieved from /home/airflow/.local/lib/python3.8/site-packages/airflow/example_dags/example_complex.py
[2024-03-28T17:26:00.120+0000] {logging_mixin.py:188} INFO - [2024-03-28T17:26:00.118+0000] {dag.py:3047} INFO - Sync 1 DAGs
[2024-03-28T17:26:00.264+0000] {logging_mixin.py:188} INFO - [2024-03-28T17:26:00.263+0000] {dag.py:3834} INFO - Setting next_dagrun for example_complex to None, run_after=None
[2024-03-28T17:26:00.460+0000] {processor.py:183} INFO - Processing /home/airflow/.local/lib/python3.8/site-packages/airflow/example_dags/example_complex.py took 1.027 seconds
[2024-03-28T17:26:31.064+0000] {processor.py:161} INFO - Started process (PID=1744) to work on /home/airflow/.local/lib/python3.8/site-packages/airflow/example_dags/example_complex.py
[2024-03-28T17:26:31.076+0000] {processor.py:830} INFO - Processing file /home/airflow/.local/lib/python3.8/site-packages/airflow/example_dags/example_complex.py for tasks to queue
[2024-03-28T17:26:31.099+0000] {logging_mixin.py:188} INFO - [2024-03-28T17:26:31.094+0000] {dagbag.py:540} INFO - Filling up the DagBag from /home/airflow/.local/lib/python3.8/site-packages/airflow/example_dags/example_complex.py
[2024-03-28T17:26:31.291+0000] {processor.py:840} INFO - DAG(s) 'example_complex' retrieved from /home/airflow/.local/lib/python3.8/site-packages/airflow/example_dags/example_complex.py
[2024-03-28T17:26:31.638+0000] {logging_mixin.py:188} INFO - [2024-03-28T17:26:31.637+0000] {dag.py:3047} INFO - Sync 1 DAGs
[2024-03-28T17:26:31.815+0000] {logging_mixin.py:188} INFO - [2024-03-28T17:26:31.814+0000] {dag.py:3834} INFO - Setting next_dagrun for example_complex to None, run_after=None
[2024-03-28T17:26:32.192+0000] {processor.py:183} INFO - Processing /home/airflow/.local/lib/python3.8/site-packages/airflow/example_dags/example_complex.py took 1.168 seconds
[2024-03-28T17:27:02.417+0000] {processor.py:161} INFO - Started process (PID=1798) to work on /home/airflow/.local/lib/python3.8/site-packages/airflow/example_dags/example_complex.py
[2024-03-28T17:27:02.425+0000] {processor.py:830} INFO - Processing file /home/airflow/.local/lib/python3.8/site-packages/airflow/example_dags/example_complex.py for tasks to queue
[2024-03-28T17:27:02.433+0000] {logging_mixin.py:188} INFO - [2024-03-28T17:27:02.432+0000] {dagbag.py:540} INFO - Filling up the DagBag from /home/airflow/.local/lib/python3.8/site-packages/airflow/example_dags/example_complex.py
[2024-03-28T17:27:02.523+0000] {processor.py:840} INFO - DAG(s) 'example_complex' retrieved from /home/airflow/.local/lib/python3.8/site-packages/airflow/example_dags/example_complex.py
[2024-03-28T17:27:02.848+0000] {logging_mixin.py:188} INFO - [2024-03-28T17:27:02.847+0000] {dag.py:3047} INFO - Sync 1 DAGs
[2024-03-28T17:27:02.912+0000] {logging_mixin.py:188} INFO - [2024-03-28T17:27:02.911+0000] {dag.py:3834} INFO - Setting next_dagrun for example_complex to None, run_after=None
[2024-03-28T17:27:02.990+0000] {processor.py:183} INFO - Processing /home/airflow/.local/lib/python3.8/site-packages/airflow/example_dags/example_complex.py took 0.595 seconds
[2024-03-28T17:27:37.147+0000] {processor.py:161} INFO - Started process (PID=1854) to work on /home/airflow/.local/lib/python3.8/site-packages/airflow/example_dags/example_complex.py
[2024-03-28T17:27:37.171+0000] {processor.py:830} INFO - Processing file /home/airflow/.local/lib/python3.8/site-packages/airflow/example_dags/example_complex.py for tasks to queue
[2024-03-28T17:27:37.312+0000] {logging_mixin.py:188} INFO - [2024-03-28T17:27:37.310+0000] {dagbag.py:540} INFO - Filling up the DagBag from /home/airflow/.local/lib/python3.8/site-packages/airflow/example_dags/example_complex.py
[2024-03-28T17:27:37.375+0000] {processor.py:840} INFO - DAG(s) 'example_complex' retrieved from /home/airflow/.local/lib/python3.8/site-packages/airflow/example_dags/example_complex.py
[2024-03-28T17:27:37.605+0000] {logging_mixin.py:188} INFO - [2024-03-28T17:27:37.603+0000] {dag.py:3047} INFO - Sync 1 DAGs
[2024-03-28T17:27:37.663+0000] {logging_mixin.py:188} INFO - [2024-03-28T17:27:37.663+0000] {dag.py:3834} INFO - Setting next_dagrun for example_complex to None, run_after=None
[2024-03-28T17:27:37.833+0000] {processor.py:183} INFO - Processing /home/airflow/.local/lib/python3.8/site-packages/airflow/example_dags/example_complex.py took 0.904 seconds
[2024-03-28T17:28:08.291+0000] {processor.py:161} INFO - Started process (PID=1909) to work on /home/airflow/.local/lib/python3.8/site-packages/airflow/example_dags/example_complex.py
[2024-03-28T17:28:08.296+0000] {processor.py:830} INFO - Processing file /home/airflow/.local/lib/python3.8/site-packages/airflow/example_dags/example_complex.py for tasks to queue
[2024-03-28T17:28:08.317+0000] {logging_mixin.py:188} INFO - [2024-03-28T17:28:08.311+0000] {dagbag.py:540} INFO - Filling up the DagBag from /home/airflow/.local/lib/python3.8/site-packages/airflow/example_dags/example_complex.py
[2024-03-28T17:28:08.357+0000] {processor.py:840} INFO - DAG(s) 'example_complex' retrieved from /home/airflow/.local/lib/python3.8/site-packages/airflow/example_dags/example_complex.py
[2024-03-28T17:28:08.451+0000] {logging_mixin.py:188} INFO - [2024-03-28T17:28:08.450+0000] {dag.py:3047} INFO - Sync 1 DAGs
[2024-03-28T17:28:08.509+0000] {logging_mixin.py:188} INFO - [2024-03-28T17:28:08.507+0000] {dag.py:3834} INFO - Setting next_dagrun for example_complex to None, run_after=None
[2024-03-28T17:28:08.575+0000] {processor.py:183} INFO - Processing /home/airflow/.local/lib/python3.8/site-packages/airflow/example_dags/example_complex.py took 0.295 seconds
[2024-03-28T17:28:46.534+0000] {processor.py:161} INFO - Started process (PID=1965) to work on /home/airflow/.local/lib/python3.8/site-packages/airflow/example_dags/example_complex.py
[2024-03-28T17:28:46.566+0000] {processor.py:830} INFO - Processing file /home/airflow/.local/lib/python3.8/site-packages/airflow/example_dags/example_complex.py for tasks to queue
[2024-03-28T17:28:46.586+0000] {logging_mixin.py:188} INFO - [2024-03-28T17:28:46.585+0000] {dagbag.py:540} INFO - Filling up the DagBag from /home/airflow/.local/lib/python3.8/site-packages/airflow/example_dags/example_complex.py
[2024-03-28T17:28:46.822+0000] {processor.py:840} INFO - DAG(s) 'example_complex' retrieved from /home/airflow/.local/lib/python3.8/site-packages/airflow/example_dags/example_complex.py
[2024-03-28T17:28:47.087+0000] {logging_mixin.py:188} INFO - [2024-03-28T17:28:47.087+0000] {dag.py:3047} INFO - Sync 1 DAGs
[2024-03-28T17:28:47.133+0000] {logging_mixin.py:188} INFO - [2024-03-28T17:28:47.133+0000] {dag.py:3834} INFO - Setting next_dagrun for example_complex to None, run_after=None
[2024-03-28T17:28:47.286+0000] {processor.py:183} INFO - Processing /home/airflow/.local/lib/python3.8/site-packages/airflow/example_dags/example_complex.py took 0.786 seconds
[2024-03-28T17:29:18.364+0000] {processor.py:161} INFO - Started process (PID=2020) to work on /home/airflow/.local/lib/python3.8/site-packages/airflow/example_dags/example_complex.py
[2024-03-28T17:29:18.377+0000] {processor.py:830} INFO - Processing file /home/airflow/.local/lib/python3.8/site-packages/airflow/example_dags/example_complex.py for tasks to queue
[2024-03-28T17:29:18.383+0000] {logging_mixin.py:188} INFO - [2024-03-28T17:29:18.382+0000] {dagbag.py:540} INFO - Filling up the DagBag from /home/airflow/.local/lib/python3.8/site-packages/airflow/example_dags/example_complex.py
[2024-03-28T17:29:18.472+0000] {processor.py:840} INFO - DAG(s) 'example_complex' retrieved from /home/airflow/.local/lib/python3.8/site-packages/airflow/example_dags/example_complex.py
[2024-03-28T17:29:18.676+0000] {logging_mixin.py:188} INFO - [2024-03-28T17:29:18.672+0000] {dag.py:3047} INFO - Sync 1 DAGs
[2024-03-28T17:29:18.723+0000] {logging_mixin.py:188} INFO - [2024-03-28T17:29:18.722+0000] {dag.py:3834} INFO - Setting next_dagrun for example_complex to None, run_after=None
[2024-03-28T17:29:18.880+0000] {processor.py:183} INFO - Processing /home/airflow/.local/lib/python3.8/site-packages/airflow/example_dags/example_complex.py took 0.536 seconds
[2024-03-28T17:29:49.954+0000] {processor.py:161} INFO - Started process (PID=2075) to work on /home/airflow/.local/lib/python3.8/site-packages/airflow/example_dags/example_complex.py
[2024-03-28T17:29:49.958+0000] {processor.py:830} INFO - Processing file /home/airflow/.local/lib/python3.8/site-packages/airflow/example_dags/example_complex.py for tasks to queue
[2024-03-28T17:29:49.972+0000] {logging_mixin.py:188} INFO - [2024-03-28T17:29:49.971+0000] {dagbag.py:540} INFO - Filling up the DagBag from /home/airflow/.local/lib/python3.8/site-packages/airflow/example_dags/example_complex.py
[2024-03-28T17:29:50.013+0000] {processor.py:840} INFO - DAG(s) 'example_complex' retrieved from /home/airflow/.local/lib/python3.8/site-packages/airflow/example_dags/example_complex.py
[2024-03-28T17:29:50.247+0000] {logging_mixin.py:188} INFO - [2024-03-28T17:29:50.247+0000] {dag.py:3047} INFO - Sync 1 DAGs
[2024-03-28T17:29:50.365+0000] {logging_mixin.py:188} INFO - [2024-03-28T17:29:50.364+0000] {dag.py:3834} INFO - Setting next_dagrun for example_complex to None, run_after=None
[2024-03-28T17:29:50.462+0000] {processor.py:183} INFO - Processing /home/airflow/.local/lib/python3.8/site-packages/airflow/example_dags/example_complex.py took 0.528 seconds
[2024-03-28T17:30:20.660+0000] {processor.py:161} INFO - Started process (PID=2130) to work on /home/airflow/.local/lib/python3.8/site-packages/airflow/example_dags/example_complex.py
[2024-03-28T17:30:20.673+0000] {processor.py:830} INFO - Processing file /home/airflow/.local/lib/python3.8/site-packages/airflow/example_dags/example_complex.py for tasks to queue
[2024-03-28T17:30:20.707+0000] {logging_mixin.py:188} INFO - [2024-03-28T17:30:20.705+0000] {dagbag.py:540} INFO - Filling up the DagBag from /home/airflow/.local/lib/python3.8/site-packages/airflow/example_dags/example_complex.py
[2024-03-28T17:30:20.834+0000] {processor.py:840} INFO - DAG(s) 'example_complex' retrieved from /home/airflow/.local/lib/python3.8/site-packages/airflow/example_dags/example_complex.py
[2024-03-28T17:30:20.970+0000] {logging_mixin.py:188} INFO - [2024-03-28T17:30:20.970+0000] {dag.py:3047} INFO - Sync 1 DAGs
[2024-03-28T17:30:21.047+0000] {logging_mixin.py:188} INFO - [2024-03-28T17:30:21.047+0000] {dag.py:3834} INFO - Setting next_dagrun for example_complex to None, run_after=None
[2024-03-28T17:30:21.542+0000] {processor.py:183} INFO - Processing /home/airflow/.local/lib/python3.8/site-packages/airflow/example_dags/example_complex.py took 0.919 seconds
[2024-03-28T17:31:01.397+0000] {processor.py:161} INFO - Started process (PID=2188) to work on /home/airflow/.local/lib/python3.8/site-packages/airflow/example_dags/example_complex.py
[2024-03-28T17:31:01.406+0000] {processor.py:830} INFO - Processing file /home/airflow/.local/lib/python3.8/site-packages/airflow/example_dags/example_complex.py for tasks to queue
[2024-03-28T17:31:01.418+0000] {logging_mixin.py:188} INFO - [2024-03-28T17:31:01.416+0000] {dagbag.py:540} INFO - Filling up the DagBag from /home/airflow/.local/lib/python3.8/site-packages/airflow/example_dags/example_complex.py
[2024-03-28T17:31:01.487+0000] {processor.py:840} INFO - DAG(s) 'example_complex' retrieved from /home/airflow/.local/lib/python3.8/site-packages/airflow/example_dags/example_complex.py
[2024-03-28T17:31:01.661+0000] {logging_mixin.py:188} INFO - [2024-03-28T17:31:01.661+0000] {dag.py:3047} INFO - Sync 1 DAGs
[2024-03-28T17:31:01.704+0000] {logging_mixin.py:188} INFO - [2024-03-28T17:31:01.704+0000] {dag.py:3834} INFO - Setting next_dagrun for example_complex to None, run_after=None
[2024-03-28T17:31:01.768+0000] {processor.py:183} INFO - Processing /home/airflow/.local/lib/python3.8/site-packages/airflow/example_dags/example_complex.py took 0.382 seconds
[2024-03-28T17:31:34.594+0000] {processor.py:161} INFO - Started process (PID=2242) to work on /home/airflow/.local/lib/python3.8/site-packages/airflow/example_dags/example_complex.py
[2024-03-28T17:31:34.609+0000] {processor.py:830} INFO - Processing file /home/airflow/.local/lib/python3.8/site-packages/airflow/example_dags/example_complex.py for tasks to queue
[2024-03-28T17:31:34.636+0000] {logging_mixin.py:188} INFO - [2024-03-28T17:31:34.632+0000] {dagbag.py:540} INFO - Filling up the DagBag from /home/airflow/.local/lib/python3.8/site-packages/airflow/example_dags/example_complex.py
[2024-03-28T17:31:34.738+0000] {processor.py:840} INFO - DAG(s) 'example_complex' retrieved from /home/airflow/.local/lib/python3.8/site-packages/airflow/example_dags/example_complex.py
[2024-03-28T17:31:34.890+0000] {logging_mixin.py:188} INFO - [2024-03-28T17:31:34.889+0000] {dag.py:3047} INFO - Sync 1 DAGs
[2024-03-28T17:31:34.942+0000] {logging_mixin.py:188} INFO - [2024-03-28T17:31:34.941+0000] {dag.py:3834} INFO - Setting next_dagrun for example_complex to None, run_after=None
[2024-03-28T17:31:35.016+0000] {processor.py:183} INFO - Processing /home/airflow/.local/lib/python3.8/site-packages/airflow/example_dags/example_complex.py took 0.447 seconds
[2024-03-28T17:32:14.133+0000] {processor.py:161} INFO - Started process (PID=2296) to work on /home/airflow/.local/lib/python3.8/site-packages/airflow/example_dags/example_complex.py
[2024-03-28T17:32:14.139+0000] {processor.py:830} INFO - Processing file /home/airflow/.local/lib/python3.8/site-packages/airflow/example_dags/example_complex.py for tasks to queue
[2024-03-28T17:32:14.151+0000] {logging_mixin.py:188} INFO - [2024-03-28T17:32:14.150+0000] {dagbag.py:540} INFO - Filling up the DagBag from /home/airflow/.local/lib/python3.8/site-packages/airflow/example_dags/example_complex.py
[2024-03-28T17:32:14.194+0000] {processor.py:840} INFO - DAG(s) 'example_complex' retrieved from /home/airflow/.local/lib/python3.8/site-packages/airflow/example_dags/example_complex.py
[2024-03-28T17:32:14.321+0000] {logging_mixin.py:188} INFO - [2024-03-28T17:32:14.321+0000] {dag.py:3047} INFO - Sync 1 DAGs
[2024-03-28T17:32:14.378+0000] {logging_mixin.py:188} INFO - [2024-03-28T17:32:14.377+0000] {dag.py:3834} INFO - Setting next_dagrun for example_complex to None, run_after=None
[2024-03-28T17:32:14.441+0000] {processor.py:183} INFO - Processing /home/airflow/.local/lib/python3.8/site-packages/airflow/example_dags/example_complex.py took 0.326 seconds
[2024-03-28T17:32:51.476+0000] {processor.py:161} INFO - Started process (PID=2356) to work on /home/airflow/.local/lib/python3.8/site-packages/airflow/example_dags/example_complex.py
[2024-03-28T17:32:51.481+0000] {processor.py:830} INFO - Processing file /home/airflow/.local/lib/python3.8/site-packages/airflow/example_dags/example_complex.py for tasks to queue
[2024-03-28T17:32:51.492+0000] {logging_mixin.py:188} INFO - [2024-03-28T17:32:51.490+0000] {dagbag.py:540} INFO - Filling up the DagBag from /home/airflow/.local/lib/python3.8/site-packages/airflow/example_dags/example_complex.py
[2024-03-28T17:32:51.564+0000] {processor.py:840} INFO - DAG(s) 'example_complex' retrieved from /home/airflow/.local/lib/python3.8/site-packages/airflow/example_dags/example_complex.py
[2024-03-28T17:32:51.665+0000] {logging_mixin.py:188} INFO - [2024-03-28T17:32:51.664+0000] {dag.py:3047} INFO - Sync 1 DAGs
[2024-03-28T17:32:51.717+0000] {logging_mixin.py:188} INFO - [2024-03-28T17:32:51.711+0000] {dag.py:3834} INFO - Setting next_dagrun for example_complex to None, run_after=None
[2024-03-28T17:32:51.773+0000] {processor.py:183} INFO - Processing /home/airflow/.local/lib/python3.8/site-packages/airflow/example_dags/example_complex.py took 0.314 seconds
[2024-03-28T17:33:24.790+0000] {processor.py:161} INFO - Started process (PID=2411) to work on /home/airflow/.local/lib/python3.8/site-packages/airflow/example_dags/example_complex.py
[2024-03-28T17:33:24.853+0000] {processor.py:830} INFO - Processing file /home/airflow/.local/lib/python3.8/site-packages/airflow/example_dags/example_complex.py for tasks to queue
[2024-03-28T17:33:24.952+0000] {logging_mixin.py:188} INFO - [2024-03-28T17:33:24.950+0000] {dagbag.py:540} INFO - Filling up the DagBag from /home/airflow/.local/lib/python3.8/site-packages/airflow/example_dags/example_complex.py
[2024-03-28T17:33:25.154+0000] {processor.py:840} INFO - DAG(s) 'example_complex' retrieved from /home/airflow/.local/lib/python3.8/site-packages/airflow/example_dags/example_complex.py
[2024-03-28T17:33:25.501+0000] {logging_mixin.py:188} INFO - [2024-03-28T17:33:25.500+0000] {dag.py:3047} INFO - Sync 1 DAGs
[2024-03-28T17:33:25.567+0000] {logging_mixin.py:188} INFO - [2024-03-28T17:33:25.566+0000] {dag.py:3834} INFO - Setting next_dagrun for example_complex to None, run_after=None
[2024-03-28T17:33:25.722+0000] {processor.py:183} INFO - Processing /home/airflow/.local/lib/python3.8/site-packages/airflow/example_dags/example_complex.py took 1.033 seconds
