[2024-03-28T16:33:53.806+0000] {processor.py:161} INFO - Started process (PID=177) to work on /home/airflow/.local/lib/python3.8/site-packages/airflow/example_dags/example_sla_dag.py
[2024-03-28T16:33:53.877+0000] {processor.py:830} INFO - Processing file /home/airflow/.local/lib/python3.8/site-packages/airflow/example_dags/example_sla_dag.py for tasks to queue
[2024-03-28T16:33:53.947+0000] {logging_mixin.py:188} INFO - [2024-03-28T16:33:53.945+0000] {dagbag.py:540} INFO - Filling up the DagBag from /home/airflow/.local/lib/python3.8/site-packages/airflow/example_dags/example_sla_dag.py
[2024-03-28T16:33:55.221+0000] {processor.py:840} INFO - DAG(s) 'example_sla_dag' retrieved from /home/airflow/.local/lib/python3.8/site-packages/airflow/example_dags/example_sla_dag.py
[2024-03-28T16:34:02.076+0000] {logging_mixin.py:188} INFO - [2024-03-28T16:34:01.992+0000] {override.py:1769} INFO - Created Permission View: can edit on DAG:example_sla_dag
[2024-03-28T16:34:02.966+0000] {logging_mixin.py:188} INFO - [2024-03-28T16:34:02.946+0000] {override.py:1769} INFO - Created Permission View: can read on DAG:example_sla_dag
[2024-03-28T16:34:03.193+0000] {logging_mixin.py:188} INFO - [2024-03-28T16:34:03.192+0000] {override.py:1769} INFO - Created Permission View: can delete on DAG:example_sla_dag
[2024-03-28T16:34:03.227+0000] {logging_mixin.py:188} INFO - [2024-03-28T16:34:03.227+0000] {dag.py:3047} INFO - Sync 1 DAGs
[2024-03-28T16:34:03.809+0000] {logging_mixin.py:188} INFO - [2024-03-28T16:34:03.807+0000] {dag.py:3069} INFO - Creating ORM DAG for example_sla_dag
[2024-03-28T16:34:04.410+0000] {logging_mixin.py:188} INFO - [2024-03-28T16:34:04.410+0000] {dag.py:3834} INFO - Setting next_dagrun for example_sla_dag to 2024-03-28 16:32:00+00:00, run_after=2024-03-28 16:34:00+00:00
[2024-03-28T16:34:05.531+0000] {processor.py:183} INFO - Processing /home/airflow/.local/lib/python3.8/site-packages/airflow/example_dags/example_sla_dag.py took 11.846 seconds
[2024-03-28T16:37:14.298+0000] {processor.py:161} INFO - Started process (PID=263) to work on /home/airflow/.local/lib/python3.8/site-packages/airflow/example_dags/example_sla_dag.py
[2024-03-28T16:37:14.391+0000] {processor.py:830} INFO - Processing file /home/airflow/.local/lib/python3.8/site-packages/airflow/example_dags/example_sla_dag.py for tasks to queue
[2024-03-28T16:37:14.587+0000] {logging_mixin.py:188} INFO - [2024-03-28T16:37:14.586+0000] {dagbag.py:540} INFO - Filling up the DagBag from /home/airflow/.local/lib/python3.8/site-packages/airflow/example_dags/example_sla_dag.py
[2024-03-28T16:37:15.251+0000] {processor.py:840} INFO - DAG(s) 'example_sla_dag' retrieved from /home/airflow/.local/lib/python3.8/site-packages/airflow/example_dags/example_sla_dag.py
[2024-03-28T16:37:15.916+0000] {logging_mixin.py:188} INFO - [2024-03-28T16:37:15.915+0000] {dag.py:3047} INFO - Sync 1 DAGs
[2024-03-28T16:37:17.677+0000] {logging_mixin.py:188} INFO - [2024-03-28T16:37:17.676+0000] {dag.py:3834} INFO - Setting next_dagrun for example_sla_dag to 2024-03-28 16:34:00+00:00, run_after=2024-03-28 16:36:00+00:00
[2024-03-28T16:37:18.273+0000] {processor.py:183} INFO - Processing /home/airflow/.local/lib/python3.8/site-packages/airflow/example_dags/example_sla_dag.py took 4.607 seconds
[2024-03-28T16:42:40.684+0000] {processor.py:161} INFO - Started process (PID=403) to work on /home/airflow/.local/lib/python3.8/site-packages/airflow/example_dags/example_sla_dag.py
[2024-03-28T16:42:40.710+0000] {processor.py:830} INFO - Processing file /home/airflow/.local/lib/python3.8/site-packages/airflow/example_dags/example_sla_dag.py for tasks to queue
[2024-03-28T16:42:40.755+0000] {logging_mixin.py:188} INFO - [2024-03-28T16:42:40.754+0000] {dagbag.py:540} INFO - Filling up the DagBag from /home/airflow/.local/lib/python3.8/site-packages/airflow/example_dags/example_sla_dag.py
[2024-03-28T16:42:41.618+0000] {processor.py:840} INFO - DAG(s) 'example_sla_dag' retrieved from /home/airflow/.local/lib/python3.8/site-packages/airflow/example_dags/example_sla_dag.py
[2024-03-28T16:42:43.186+0000] {logging_mixin.py:188} INFO - [2024-03-28T16:42:43.186+0000] {dag.py:3047} INFO - Sync 1 DAGs
[2024-03-28T16:42:45.315+0000] {logging_mixin.py:188} INFO - [2024-03-28T16:42:45.303+0000] {dag.py:3834} INFO - Setting next_dagrun for example_sla_dag to 2024-03-28 16:40:00+00:00, run_after=2024-03-28 16:42:00+00:00
[2024-03-28T16:42:46.434+0000] {processor.py:183} INFO - Processing /home/airflow/.local/lib/python3.8/site-packages/airflow/example_dags/example_sla_dag.py took 6.007 seconds
[2024-03-28T17:06:27.919+0000] {processor.py:161} INFO - Started process (PID=89) to work on /home/airflow/.local/lib/python3.8/site-packages/airflow/example_dags/example_sla_dag.py
[2024-03-28T17:06:27.923+0000] {processor.py:830} INFO - Processing file /home/airflow/.local/lib/python3.8/site-packages/airflow/example_dags/example_sla_dag.py for tasks to queue
[2024-03-28T17:06:27.937+0000] {logging_mixin.py:188} INFO - [2024-03-28T17:06:27.936+0000] {dagbag.py:540} INFO - Filling up the DagBag from /home/airflow/.local/lib/python3.8/site-packages/airflow/example_dags/example_sla_dag.py
[2024-03-28T17:06:28.011+0000] {processor.py:840} INFO - DAG(s) 'example_sla_dag' retrieved from /home/airflow/.local/lib/python3.8/site-packages/airflow/example_dags/example_sla_dag.py
[2024-03-28T17:06:30.426+0000] {logging_mixin.py:188} INFO - [2024-03-28T17:06:30.417+0000] {dag.py:3047} INFO - Sync 1 DAGs
[2024-03-28T17:06:30.805+0000] {logging_mixin.py:188} INFO - [2024-03-28T17:06:30.804+0000] {dag.py:3834} INFO - Setting next_dagrun for example_sla_dag to 2024-03-28 17:04:00+00:00, run_after=2024-03-28 17:06:00+00:00
[2024-03-28T17:06:31.061+0000] {processor.py:183} INFO - Processing /home/airflow/.local/lib/python3.8/site-packages/airflow/example_dags/example_sla_dag.py took 3.184 seconds
[2024-03-28T17:07:47.599+0000] {processor.py:161} INFO - Started process (PID=156) to work on /home/airflow/.local/lib/python3.8/site-packages/airflow/example_dags/example_sla_dag.py
[2024-03-28T17:07:47.609+0000] {processor.py:830} INFO - Processing file /home/airflow/.local/lib/python3.8/site-packages/airflow/example_dags/example_sla_dag.py for tasks to queue
[2024-03-28T17:07:47.639+0000] {logging_mixin.py:188} INFO - [2024-03-28T17:07:47.630+0000] {dagbag.py:540} INFO - Filling up the DagBag from /home/airflow/.local/lib/python3.8/site-packages/airflow/example_dags/example_sla_dag.py
[2024-03-28T17:07:47.725+0000] {processor.py:840} INFO - DAG(s) 'example_sla_dag' retrieved from /home/airflow/.local/lib/python3.8/site-packages/airflow/example_dags/example_sla_dag.py
[2024-03-28T17:07:47.811+0000] {logging_mixin.py:188} INFO - [2024-03-28T17:07:47.810+0000] {dag.py:3047} INFO - Sync 1 DAGs
[2024-03-28T17:07:47.924+0000] {logging_mixin.py:188} INFO - [2024-03-28T17:07:47.921+0000] {dag.py:3834} INFO - Setting next_dagrun for example_sla_dag to 2024-03-28 17:04:00+00:00, run_after=2024-03-28 17:06:00+00:00
[2024-03-28T17:07:48.022+0000] {processor.py:183} INFO - Processing /home/airflow/.local/lib/python3.8/site-packages/airflow/example_dags/example_sla_dag.py took 0.446 seconds
[2024-03-28T17:08:41.319+0000] {processor.py:161} INFO - Started process (PID=225) to work on /home/airflow/.local/lib/python3.8/site-packages/airflow/example_dags/example_sla_dag.py
[2024-03-28T17:08:41.326+0000] {processor.py:830} INFO - Processing file /home/airflow/.local/lib/python3.8/site-packages/airflow/example_dags/example_sla_dag.py for tasks to queue
[2024-03-28T17:08:41.352+0000] {logging_mixin.py:188} INFO - [2024-03-28T17:08:41.351+0000] {dagbag.py:540} INFO - Filling up the DagBag from /home/airflow/.local/lib/python3.8/site-packages/airflow/example_dags/example_sla_dag.py
[2024-03-28T17:08:41.480+0000] {processor.py:840} INFO - DAG(s) 'example_sla_dag' retrieved from /home/airflow/.local/lib/python3.8/site-packages/airflow/example_dags/example_sla_dag.py
[2024-03-28T17:08:41.644+0000] {logging_mixin.py:188} INFO - [2024-03-28T17:08:41.644+0000] {dag.py:3047} INFO - Sync 1 DAGs
[2024-03-28T17:08:42.166+0000] {logging_mixin.py:188} INFO - [2024-03-28T17:08:42.165+0000] {dag.py:3834} INFO - Setting next_dagrun for example_sla_dag to 2024-03-28 17:06:00+00:00, run_after=2024-03-28 17:08:00+00:00
[2024-03-28T17:08:42.323+0000] {processor.py:183} INFO - Processing /home/airflow/.local/lib/python3.8/site-packages/airflow/example_dags/example_sla_dag.py took 1.028 seconds
[2024-03-28T17:10:29.979+0000] {processor.py:161} INFO - Started process (PID=300) to work on /home/airflow/.local/lib/python3.8/site-packages/airflow/example_dags/example_sla_dag.py
[2024-03-28T17:10:30.015+0000] {processor.py:830} INFO - Processing file /home/airflow/.local/lib/python3.8/site-packages/airflow/example_dags/example_sla_dag.py for tasks to queue
[2024-03-28T17:10:30.089+0000] {logging_mixin.py:188} INFO - [2024-03-28T17:10:30.085+0000] {dagbag.py:540} INFO - Filling up the DagBag from /home/airflow/.local/lib/python3.8/site-packages/airflow/example_dags/example_sla_dag.py
[2024-03-28T17:10:30.272+0000] {processor.py:840} INFO - DAG(s) 'example_sla_dag' retrieved from /home/airflow/.local/lib/python3.8/site-packages/airflow/example_dags/example_sla_dag.py
[2024-03-28T17:10:30.476+0000] {logging_mixin.py:188} INFO - [2024-03-28T17:10:30.476+0000] {dag.py:3047} INFO - Sync 1 DAGs
[2024-03-28T17:10:30.666+0000] {logging_mixin.py:188} INFO - [2024-03-28T17:10:30.666+0000] {dag.py:3834} INFO - Setting next_dagrun for example_sla_dag to 2024-03-28 17:08:00+00:00, run_after=2024-03-28 17:10:00+00:00
[2024-03-28T17:10:31.109+0000] {processor.py:183} INFO - Processing /home/airflow/.local/lib/python3.8/site-packages/airflow/example_dags/example_sla_dag.py took 1.167 seconds
[2024-03-28T17:11:17.240+0000] {processor.py:161} INFO - Started process (PID=356) to work on /home/airflow/.local/lib/python3.8/site-packages/airflow/example_dags/example_sla_dag.py
[2024-03-28T17:11:17.257+0000] {processor.py:830} INFO - Processing file /home/airflow/.local/lib/python3.8/site-packages/airflow/example_dags/example_sla_dag.py for tasks to queue
[2024-03-28T17:11:17.285+0000] {logging_mixin.py:188} INFO - [2024-03-28T17:11:17.284+0000] {dagbag.py:540} INFO - Filling up the DagBag from /home/airflow/.local/lib/python3.8/site-packages/airflow/example_dags/example_sla_dag.py
[2024-03-28T17:11:17.364+0000] {processor.py:840} INFO - DAG(s) 'example_sla_dag' retrieved from /home/airflow/.local/lib/python3.8/site-packages/airflow/example_dags/example_sla_dag.py
[2024-03-28T17:11:17.495+0000] {logging_mixin.py:188} INFO - [2024-03-28T17:11:17.494+0000] {dag.py:3047} INFO - Sync 1 DAGs
[2024-03-28T17:11:17.738+0000] {logging_mixin.py:188} INFO - [2024-03-28T17:11:17.737+0000] {dag.py:3834} INFO - Setting next_dagrun for example_sla_dag to 2024-03-28 17:08:00+00:00, run_after=2024-03-28 17:10:00+00:00
[2024-03-28T17:11:17.867+0000] {processor.py:183} INFO - Processing /home/airflow/.local/lib/python3.8/site-packages/airflow/example_dags/example_sla_dag.py took 0.659 seconds
[2024-03-28T17:12:18.392+0000] {processor.py:161} INFO - Started process (PID=419) to work on /home/airflow/.local/lib/python3.8/site-packages/airflow/example_dags/example_sla_dag.py
[2024-03-28T17:12:18.409+0000] {processor.py:830} INFO - Processing file /home/airflow/.local/lib/python3.8/site-packages/airflow/example_dags/example_sla_dag.py for tasks to queue
[2024-03-28T17:12:18.430+0000] {logging_mixin.py:188} INFO - [2024-03-28T17:12:18.427+0000] {dagbag.py:540} INFO - Filling up the DagBag from /home/airflow/.local/lib/python3.8/site-packages/airflow/example_dags/example_sla_dag.py
[2024-03-28T17:12:18.476+0000] {processor.py:840} INFO - DAG(s) 'example_sla_dag' retrieved from /home/airflow/.local/lib/python3.8/site-packages/airflow/example_dags/example_sla_dag.py
[2024-03-28T17:12:18.662+0000] {logging_mixin.py:188} INFO - [2024-03-28T17:12:18.660+0000] {dag.py:3047} INFO - Sync 1 DAGs
[2024-03-28T17:12:19.546+0000] {logging_mixin.py:188} INFO - [2024-03-28T17:12:19.524+0000] {dag.py:3834} INFO - Setting next_dagrun for example_sla_dag to 2024-03-28 17:10:00+00:00, run_after=2024-03-28 17:12:00+00:00
[2024-03-28T17:12:20.858+0000] {processor.py:183} INFO - Processing /home/airflow/.local/lib/python3.8/site-packages/airflow/example_dags/example_sla_dag.py took 2.492 seconds
[2024-03-28T17:12:55.996+0000] {processor.py:161} INFO - Started process (PID=481) to work on /home/airflow/.local/lib/python3.8/site-packages/airflow/example_dags/example_sla_dag.py
[2024-03-28T17:12:56.009+0000] {processor.py:830} INFO - Processing file /home/airflow/.local/lib/python3.8/site-packages/airflow/example_dags/example_sla_dag.py for tasks to queue
[2024-03-28T17:12:56.022+0000] {logging_mixin.py:188} INFO - [2024-03-28T17:12:56.019+0000] {dagbag.py:540} INFO - Filling up the DagBag from /home/airflow/.local/lib/python3.8/site-packages/airflow/example_dags/example_sla_dag.py
[2024-03-28T17:12:56.058+0000] {processor.py:840} INFO - DAG(s) 'example_sla_dag' retrieved from /home/airflow/.local/lib/python3.8/site-packages/airflow/example_dags/example_sla_dag.py
[2024-03-28T17:12:56.159+0000] {logging_mixin.py:188} INFO - [2024-03-28T17:12:56.158+0000] {dag.py:3047} INFO - Sync 1 DAGs
[2024-03-28T17:12:56.243+0000] {logging_mixin.py:188} INFO - [2024-03-28T17:12:56.242+0000] {dag.py:3834} INFO - Setting next_dagrun for example_sla_dag to 2024-03-28 17:10:00+00:00, run_after=2024-03-28 17:12:00+00:00
[2024-03-28T17:12:56.308+0000] {processor.py:183} INFO - Processing /home/airflow/.local/lib/python3.8/site-packages/airflow/example_dags/example_sla_dag.py took 0.323 seconds
[2024-03-28T17:13:34.471+0000] {processor.py:161} INFO - Started process (PID=537) to work on /home/airflow/.local/lib/python3.8/site-packages/airflow/example_dags/example_sla_dag.py
[2024-03-28T17:13:34.477+0000] {processor.py:830} INFO - Processing file /home/airflow/.local/lib/python3.8/site-packages/airflow/example_dags/example_sla_dag.py for tasks to queue
[2024-03-28T17:13:34.486+0000] {logging_mixin.py:188} INFO - [2024-03-28T17:13:34.485+0000] {dagbag.py:540} INFO - Filling up the DagBag from /home/airflow/.local/lib/python3.8/site-packages/airflow/example_dags/example_sla_dag.py
[2024-03-28T17:13:34.553+0000] {processor.py:840} INFO - DAG(s) 'example_sla_dag' retrieved from /home/airflow/.local/lib/python3.8/site-packages/airflow/example_dags/example_sla_dag.py
[2024-03-28T17:13:34.701+0000] {logging_mixin.py:188} INFO - [2024-03-28T17:13:34.700+0000] {dag.py:3047} INFO - Sync 1 DAGs
[2024-03-28T17:13:34.924+0000] {logging_mixin.py:188} INFO - [2024-03-28T17:13:34.924+0000] {dag.py:3834} INFO - Setting next_dagrun for example_sla_dag to 2024-03-28 17:10:00+00:00, run_after=2024-03-28 17:12:00+00:00
[2024-03-28T17:13:35.101+0000] {processor.py:183} INFO - Processing /home/airflow/.local/lib/python3.8/site-packages/airflow/example_dags/example_sla_dag.py took 0.773 seconds
[2024-03-28T17:14:16.889+0000] {processor.py:161} INFO - Started process (PID=597) to work on /home/airflow/.local/lib/python3.8/site-packages/airflow/example_dags/example_sla_dag.py
[2024-03-28T17:14:16.905+0000] {processor.py:830} INFO - Processing file /home/airflow/.local/lib/python3.8/site-packages/airflow/example_dags/example_sla_dag.py for tasks to queue
[2024-03-28T17:14:16.934+0000] {logging_mixin.py:188} INFO - [2024-03-28T17:14:16.932+0000] {dagbag.py:540} INFO - Filling up the DagBag from /home/airflow/.local/lib/python3.8/site-packages/airflow/example_dags/example_sla_dag.py
[2024-03-28T17:14:17.031+0000] {processor.py:840} INFO - DAG(s) 'example_sla_dag' retrieved from /home/airflow/.local/lib/python3.8/site-packages/airflow/example_dags/example_sla_dag.py
[2024-03-28T17:14:17.373+0000] {logging_mixin.py:188} INFO - [2024-03-28T17:14:17.373+0000] {dag.py:3047} INFO - Sync 1 DAGs
[2024-03-28T17:14:17.533+0000] {logging_mixin.py:188} INFO - [2024-03-28T17:14:17.532+0000] {dag.py:3834} INFO - Setting next_dagrun for example_sla_dag to 2024-03-28 17:12:00+00:00, run_after=2024-03-28 17:14:00+00:00
[2024-03-28T17:14:17.610+0000] {processor.py:183} INFO - Processing /home/airflow/.local/lib/python3.8/site-packages/airflow/example_dags/example_sla_dag.py took 0.776 seconds
[2024-03-28T17:14:48.588+0000] {processor.py:161} INFO - Started process (PID=651) to work on /home/airflow/.local/lib/python3.8/site-packages/airflow/example_dags/example_sla_dag.py
[2024-03-28T17:14:48.596+0000] {processor.py:830} INFO - Processing file /home/airflow/.local/lib/python3.8/site-packages/airflow/example_dags/example_sla_dag.py for tasks to queue
[2024-03-28T17:14:48.615+0000] {logging_mixin.py:188} INFO - [2024-03-28T17:14:48.611+0000] {dagbag.py:540} INFO - Filling up the DagBag from /home/airflow/.local/lib/python3.8/site-packages/airflow/example_dags/example_sla_dag.py
[2024-03-28T17:14:48.667+0000] {processor.py:840} INFO - DAG(s) 'example_sla_dag' retrieved from /home/airflow/.local/lib/python3.8/site-packages/airflow/example_dags/example_sla_dag.py
[2024-03-28T17:14:48.794+0000] {logging_mixin.py:188} INFO - [2024-03-28T17:14:48.793+0000] {dag.py:3047} INFO - Sync 1 DAGs
[2024-03-28T17:14:49.031+0000] {logging_mixin.py:188} INFO - [2024-03-28T17:14:49.030+0000] {dag.py:3834} INFO - Setting next_dagrun for example_sla_dag to 2024-03-28 17:12:00+00:00, run_after=2024-03-28 17:14:00+00:00
[2024-03-28T17:14:49.132+0000] {processor.py:183} INFO - Processing /home/airflow/.local/lib/python3.8/site-packages/airflow/example_dags/example_sla_dag.py took 0.558 seconds
[2024-03-28T17:15:34.366+0000] {processor.py:161} INFO - Started process (PID=721) to work on /home/airflow/.local/lib/python3.8/site-packages/airflow/example_dags/example_sla_dag.py
[2024-03-28T17:15:34.378+0000] {processor.py:830} INFO - Processing file /home/airflow/.local/lib/python3.8/site-packages/airflow/example_dags/example_sla_dag.py for tasks to queue
[2024-03-28T17:15:34.395+0000] {logging_mixin.py:188} INFO - [2024-03-28T17:15:34.394+0000] {dagbag.py:540} INFO - Filling up the DagBag from /home/airflow/.local/lib/python3.8/site-packages/airflow/example_dags/example_sla_dag.py
[2024-03-28T17:15:34.516+0000] {processor.py:840} INFO - DAG(s) 'example_sla_dag' retrieved from /home/airflow/.local/lib/python3.8/site-packages/airflow/example_dags/example_sla_dag.py
[2024-03-28T17:15:34.662+0000] {logging_mixin.py:188} INFO - [2024-03-28T17:15:34.662+0000] {dag.py:3047} INFO - Sync 1 DAGs
[2024-03-28T17:15:34.838+0000] {logging_mixin.py:188} INFO - [2024-03-28T17:15:34.819+0000] {dag.py:3834} INFO - Setting next_dagrun for example_sla_dag to 2024-03-28 17:12:00+00:00, run_after=2024-03-28 17:14:00+00:00
[2024-03-28T17:15:35.035+0000] {processor.py:183} INFO - Processing /home/airflow/.local/lib/python3.8/site-packages/airflow/example_dags/example_sla_dag.py took 0.729 seconds
[2024-03-28T17:16:06.037+0000] {processor.py:161} INFO - Started process (PID=776) to work on /home/airflow/.local/lib/python3.8/site-packages/airflow/example_dags/example_sla_dag.py
[2024-03-28T17:16:06.048+0000] {processor.py:830} INFO - Processing file /home/airflow/.local/lib/python3.8/site-packages/airflow/example_dags/example_sla_dag.py for tasks to queue
[2024-03-28T17:16:06.067+0000] {logging_mixin.py:188} INFO - [2024-03-28T17:16:06.065+0000] {dagbag.py:540} INFO - Filling up the DagBag from /home/airflow/.local/lib/python3.8/site-packages/airflow/example_dags/example_sla_dag.py
[2024-03-28T17:16:06.172+0000] {processor.py:840} INFO - DAG(s) 'example_sla_dag' retrieved from /home/airflow/.local/lib/python3.8/site-packages/airflow/example_dags/example_sla_dag.py
[2024-03-28T17:16:06.480+0000] {logging_mixin.py:188} INFO - [2024-03-28T17:16:06.478+0000] {dag.py:3047} INFO - Sync 1 DAGs
[2024-03-28T17:16:06.657+0000] {logging_mixin.py:188} INFO - [2024-03-28T17:16:06.655+0000] {dag.py:3834} INFO - Setting next_dagrun for example_sla_dag to 2024-03-28 17:14:00+00:00, run_after=2024-03-28 17:16:00+00:00
[2024-03-28T17:16:06.750+0000] {processor.py:183} INFO - Processing /home/airflow/.local/lib/python3.8/site-packages/airflow/example_dags/example_sla_dag.py took 0.731 seconds
[2024-03-28T17:16:51.768+0000] {processor.py:161} INFO - Started process (PID=845) to work on /home/airflow/.local/lib/python3.8/site-packages/airflow/example_dags/example_sla_dag.py
[2024-03-28T17:16:51.775+0000] {processor.py:830} INFO - Processing file /home/airflow/.local/lib/python3.8/site-packages/airflow/example_dags/example_sla_dag.py for tasks to queue
[2024-03-28T17:16:51.792+0000] {logging_mixin.py:188} INFO - [2024-03-28T17:16:51.791+0000] {dagbag.py:540} INFO - Filling up the DagBag from /home/airflow/.local/lib/python3.8/site-packages/airflow/example_dags/example_sla_dag.py
[2024-03-28T17:16:51.873+0000] {processor.py:840} INFO - DAG(s) 'example_sla_dag' retrieved from /home/airflow/.local/lib/python3.8/site-packages/airflow/example_dags/example_sla_dag.py
[2024-03-28T17:16:52.077+0000] {logging_mixin.py:188} INFO - [2024-03-28T17:16:52.076+0000] {dag.py:3047} INFO - Sync 1 DAGs
[2024-03-28T17:16:52.344+0000] {logging_mixin.py:188} INFO - [2024-03-28T17:16:52.344+0000] {dag.py:3834} INFO - Setting next_dagrun for example_sla_dag to 2024-03-28 17:14:00+00:00, run_after=2024-03-28 17:16:00+00:00
[2024-03-28T17:16:52.870+0000] {processor.py:183} INFO - Processing /home/airflow/.local/lib/python3.8/site-packages/airflow/example_dags/example_sla_dag.py took 1.121 seconds
[2024-03-28T17:17:35.030+0000] {processor.py:161} INFO - Started process (PID=905) to work on /home/airflow/.local/lib/python3.8/site-packages/airflow/example_dags/example_sla_dag.py
[2024-03-28T17:17:35.048+0000] {processor.py:830} INFO - Processing file /home/airflow/.local/lib/python3.8/site-packages/airflow/example_dags/example_sla_dag.py for tasks to queue
[2024-03-28T17:17:35.098+0000] {logging_mixin.py:188} INFO - [2024-03-28T17:17:35.096+0000] {dagbag.py:540} INFO - Filling up the DagBag from /home/airflow/.local/lib/python3.8/site-packages/airflow/example_dags/example_sla_dag.py
[2024-03-28T17:17:35.550+0000] {processor.py:840} INFO - DAG(s) 'example_sla_dag' retrieved from /home/airflow/.local/lib/python3.8/site-packages/airflow/example_dags/example_sla_dag.py
[2024-03-28T17:17:36.324+0000] {logging_mixin.py:188} INFO - [2024-03-28T17:17:36.312+0000] {dag.py:3047} INFO - Sync 1 DAGs
[2024-03-28T17:17:37.470+0000] {logging_mixin.py:188} INFO - [2024-03-28T17:17:37.388+0000] {dag.py:3834} INFO - Setting next_dagrun for example_sla_dag to 2024-03-28 17:14:00+00:00, run_after=2024-03-28 17:16:00+00:00
[2024-03-28T17:17:38.200+0000] {processor.py:183} INFO - Processing /home/airflow/.local/lib/python3.8/site-packages/airflow/example_dags/example_sla_dag.py took 3.300 seconds
[2024-03-28T17:18:52.544+0000] {processor.py:161} INFO - Started process (PID=985) to work on /home/airflow/.local/lib/python3.8/site-packages/airflow/example_dags/example_sla_dag.py
[2024-03-28T17:18:52.557+0000] {processor.py:830} INFO - Processing file /home/airflow/.local/lib/python3.8/site-packages/airflow/example_dags/example_sla_dag.py for tasks to queue
[2024-03-28T17:18:52.574+0000] {logging_mixin.py:188} INFO - [2024-03-28T17:18:52.573+0000] {dagbag.py:540} INFO - Filling up the DagBag from /home/airflow/.local/lib/python3.8/site-packages/airflow/example_dags/example_sla_dag.py
[2024-03-28T17:18:52.742+0000] {processor.py:840} INFO - DAG(s) 'example_sla_dag' retrieved from /home/airflow/.local/lib/python3.8/site-packages/airflow/example_dags/example_sla_dag.py
[2024-03-28T17:18:53.179+0000] {logging_mixin.py:188} INFO - [2024-03-28T17:18:53.178+0000] {dag.py:3047} INFO - Sync 1 DAGs
[2024-03-28T17:18:53.673+0000] {logging_mixin.py:188} INFO - [2024-03-28T17:18:53.671+0000] {dag.py:3834} INFO - Setting next_dagrun for example_sla_dag to 2024-03-28 17:16:00+00:00, run_after=2024-03-28 17:18:00+00:00
[2024-03-28T17:18:53.744+0000] {processor.py:183} INFO - Processing /home/airflow/.local/lib/python3.8/site-packages/airflow/example_dags/example_sla_dag.py took 1.240 seconds
[2024-03-28T17:19:25.442+0000] {processor.py:161} INFO - Started process (PID=1040) to work on /home/airflow/.local/lib/python3.8/site-packages/airflow/example_dags/example_sla_dag.py
[2024-03-28T17:19:25.479+0000] {processor.py:830} INFO - Processing file /home/airflow/.local/lib/python3.8/site-packages/airflow/example_dags/example_sla_dag.py for tasks to queue
[2024-03-28T17:19:25.488+0000] {logging_mixin.py:188} INFO - [2024-03-28T17:19:25.487+0000] {dagbag.py:540} INFO - Filling up the DagBag from /home/airflow/.local/lib/python3.8/site-packages/airflow/example_dags/example_sla_dag.py
[2024-03-28T17:19:25.555+0000] {processor.py:840} INFO - DAG(s) 'example_sla_dag' retrieved from /home/airflow/.local/lib/python3.8/site-packages/airflow/example_dags/example_sla_dag.py
[2024-03-28T17:19:25.711+0000] {logging_mixin.py:188} INFO - [2024-03-28T17:19:25.705+0000] {dag.py:3047} INFO - Sync 1 DAGs
[2024-03-28T17:19:25.972+0000] {logging_mixin.py:188} INFO - [2024-03-28T17:19:25.971+0000] {dag.py:3834} INFO - Setting next_dagrun for example_sla_dag to 2024-03-28 17:16:00+00:00, run_after=2024-03-28 17:18:00+00:00
[2024-03-28T17:19:26.126+0000] {processor.py:183} INFO - Processing /home/airflow/.local/lib/python3.8/site-packages/airflow/example_dags/example_sla_dag.py took 0.697 seconds
[2024-03-28T17:19:59.329+0000] {processor.py:161} INFO - Started process (PID=1099) to work on /home/airflow/.local/lib/python3.8/site-packages/airflow/example_dags/example_sla_dag.py
[2024-03-28T17:19:59.342+0000] {processor.py:830} INFO - Processing file /home/airflow/.local/lib/python3.8/site-packages/airflow/example_dags/example_sla_dag.py for tasks to queue
[2024-03-28T17:19:59.395+0000] {logging_mixin.py:188} INFO - [2024-03-28T17:19:59.394+0000] {dagbag.py:540} INFO - Filling up the DagBag from /home/airflow/.local/lib/python3.8/site-packages/airflow/example_dags/example_sla_dag.py
[2024-03-28T17:19:59.500+0000] {processor.py:840} INFO - DAG(s) 'example_sla_dag' retrieved from /home/airflow/.local/lib/python3.8/site-packages/airflow/example_dags/example_sla_dag.py
[2024-03-28T17:19:59.717+0000] {logging_mixin.py:188} INFO - [2024-03-28T17:19:59.713+0000] {dag.py:3047} INFO - Sync 1 DAGs
[2024-03-28T17:20:00.064+0000] {logging_mixin.py:188} INFO - [2024-03-28T17:20:00.062+0000] {dag.py:3834} INFO - Setting next_dagrun for example_sla_dag to 2024-03-28 17:16:00+00:00, run_after=2024-03-28 17:18:00+00:00
[2024-03-28T17:20:00.238+0000] {processor.py:183} INFO - Processing /home/airflow/.local/lib/python3.8/site-packages/airflow/example_dags/example_sla_dag.py took 0.956 seconds
[2024-03-28T17:20:30.743+0000] {processor.py:161} INFO - Started process (PID=1154) to work on /home/airflow/.local/lib/python3.8/site-packages/airflow/example_dags/example_sla_dag.py
[2024-03-28T17:20:30.762+0000] {processor.py:830} INFO - Processing file /home/airflow/.local/lib/python3.8/site-packages/airflow/example_dags/example_sla_dag.py for tasks to queue
[2024-03-28T17:20:30.803+0000] {logging_mixin.py:188} INFO - [2024-03-28T17:20:30.789+0000] {dagbag.py:540} INFO - Filling up the DagBag from /home/airflow/.local/lib/python3.8/site-packages/airflow/example_dags/example_sla_dag.py
[2024-03-28T17:20:30.931+0000] {processor.py:840} INFO - DAG(s) 'example_sla_dag' retrieved from /home/airflow/.local/lib/python3.8/site-packages/airflow/example_dags/example_sla_dag.py
[2024-03-28T17:20:31.182+0000] {logging_mixin.py:188} INFO - [2024-03-28T17:20:31.180+0000] {dag.py:3047} INFO - Sync 1 DAGs
[2024-03-28T17:20:31.557+0000] {logging_mixin.py:188} INFO - [2024-03-28T17:20:31.557+0000] {dag.py:3834} INFO - Setting next_dagrun for example_sla_dag to 2024-03-28 17:18:00+00:00, run_after=2024-03-28 17:20:00+00:00
[2024-03-28T17:20:31.727+0000] {processor.py:183} INFO - Processing /home/airflow/.local/lib/python3.8/site-packages/airflow/example_dags/example_sla_dag.py took 0.999 seconds
[2024-03-28T17:21:02.067+0000] {processor.py:161} INFO - Started process (PID=1208) to work on /home/airflow/.local/lib/python3.8/site-packages/airflow/example_dags/example_sla_dag.py
[2024-03-28T17:21:02.072+0000] {processor.py:830} INFO - Processing file /home/airflow/.local/lib/python3.8/site-packages/airflow/example_dags/example_sla_dag.py for tasks to queue
[2024-03-28T17:21:02.087+0000] {logging_mixin.py:188} INFO - [2024-03-28T17:21:02.085+0000] {dagbag.py:540} INFO - Filling up the DagBag from /home/airflow/.local/lib/python3.8/site-packages/airflow/example_dags/example_sla_dag.py
[2024-03-28T17:21:02.121+0000] {processor.py:840} INFO - DAG(s) 'example_sla_dag' retrieved from /home/airflow/.local/lib/python3.8/site-packages/airflow/example_dags/example_sla_dag.py
[2024-03-28T17:21:02.192+0000] {logging_mixin.py:188} INFO - [2024-03-28T17:21:02.192+0000] {dag.py:3047} INFO - Sync 1 DAGs
[2024-03-28T17:21:02.315+0000] {logging_mixin.py:188} INFO - [2024-03-28T17:21:02.311+0000] {dag.py:3834} INFO - Setting next_dagrun for example_sla_dag to 2024-03-28 17:18:00+00:00, run_after=2024-03-28 17:20:00+00:00
[2024-03-28T17:21:02.398+0000] {processor.py:183} INFO - Processing /home/airflow/.local/lib/python3.8/site-packages/airflow/example_dags/example_sla_dag.py took 0.343 seconds
[2024-03-28T17:21:32.895+0000] {processor.py:161} INFO - Started process (PID=1263) to work on /home/airflow/.local/lib/python3.8/site-packages/airflow/example_dags/example_sla_dag.py
[2024-03-28T17:21:32.900+0000] {processor.py:830} INFO - Processing file /home/airflow/.local/lib/python3.8/site-packages/airflow/example_dags/example_sla_dag.py for tasks to queue
[2024-03-28T17:21:32.916+0000] {logging_mixin.py:188} INFO - [2024-03-28T17:21:32.913+0000] {dagbag.py:540} INFO - Filling up the DagBag from /home/airflow/.local/lib/python3.8/site-packages/airflow/example_dags/example_sla_dag.py
[2024-03-28T17:21:32.950+0000] {processor.py:840} INFO - DAG(s) 'example_sla_dag' retrieved from /home/airflow/.local/lib/python3.8/site-packages/airflow/example_dags/example_sla_dag.py
[2024-03-28T17:21:33.069+0000] {logging_mixin.py:188} INFO - [2024-03-28T17:21:33.068+0000] {dag.py:3047} INFO - Sync 1 DAGs
[2024-03-28T17:21:33.160+0000] {logging_mixin.py:188} INFO - [2024-03-28T17:21:33.159+0000] {dag.py:3834} INFO - Setting next_dagrun for example_sla_dag to 2024-03-28 17:18:00+00:00, run_after=2024-03-28 17:20:00+00:00
[2024-03-28T17:21:33.230+0000] {processor.py:183} INFO - Processing /home/airflow/.local/lib/python3.8/site-packages/airflow/example_dags/example_sla_dag.py took 0.349 seconds
[2024-03-28T17:22:06.430+0000] {processor.py:161} INFO - Started process (PID=1318) to work on /home/airflow/.local/lib/python3.8/site-packages/airflow/example_dags/example_sla_dag.py
[2024-03-28T17:22:06.434+0000] {processor.py:830} INFO - Processing file /home/airflow/.local/lib/python3.8/site-packages/airflow/example_dags/example_sla_dag.py for tasks to queue
[2024-03-28T17:22:06.441+0000] {logging_mixin.py:188} INFO - [2024-03-28T17:22:06.440+0000] {dagbag.py:540} INFO - Filling up the DagBag from /home/airflow/.local/lib/python3.8/site-packages/airflow/example_dags/example_sla_dag.py
[2024-03-28T17:22:06.473+0000] {processor.py:840} INFO - DAG(s) 'example_sla_dag' retrieved from /home/airflow/.local/lib/python3.8/site-packages/airflow/example_dags/example_sla_dag.py
[2024-03-28T17:22:06.558+0000] {logging_mixin.py:188} INFO - [2024-03-28T17:22:06.557+0000] {dag.py:3047} INFO - Sync 1 DAGs
[2024-03-28T17:22:06.771+0000] {logging_mixin.py:188} INFO - [2024-03-28T17:22:06.768+0000] {dag.py:3834} INFO - Setting next_dagrun for example_sla_dag to 2024-03-28 17:20:00+00:00, run_after=2024-03-28 17:22:00+00:00
[2024-03-28T17:22:06.975+0000] {processor.py:183} INFO - Processing /home/airflow/.local/lib/python3.8/site-packages/airflow/example_dags/example_sla_dag.py took 0.555 seconds
[2024-03-28T17:22:58.733+0000] {processor.py:161} INFO - Started process (PID=1386) to work on /home/airflow/.local/lib/python3.8/site-packages/airflow/example_dags/example_sla_dag.py
[2024-03-28T17:22:58.737+0000] {processor.py:830} INFO - Processing file /home/airflow/.local/lib/python3.8/site-packages/airflow/example_dags/example_sla_dag.py for tasks to queue
[2024-03-28T17:22:58.752+0000] {logging_mixin.py:188} INFO - [2024-03-28T17:22:58.751+0000] {dagbag.py:540} INFO - Filling up the DagBag from /home/airflow/.local/lib/python3.8/site-packages/airflow/example_dags/example_sla_dag.py
[2024-03-28T17:22:58.792+0000] {processor.py:840} INFO - DAG(s) 'example_sla_dag' retrieved from /home/airflow/.local/lib/python3.8/site-packages/airflow/example_dags/example_sla_dag.py
[2024-03-28T17:22:58.907+0000] {logging_mixin.py:188} INFO - [2024-03-28T17:22:58.905+0000] {dag.py:3047} INFO - Sync 1 DAGs
[2024-03-28T17:22:59.025+0000] {logging_mixin.py:188} INFO - [2024-03-28T17:22:59.024+0000] {dag.py:3834} INFO - Setting next_dagrun for example_sla_dag to 2024-03-28 17:20:00+00:00, run_after=2024-03-28 17:22:00+00:00
[2024-03-28T17:22:59.081+0000] {processor.py:183} INFO - Processing /home/airflow/.local/lib/python3.8/site-packages/airflow/example_dags/example_sla_dag.py took 0.372 seconds
[2024-03-28T17:23:29.488+0000] {processor.py:161} INFO - Started process (PID=1441) to work on /home/airflow/.local/lib/python3.8/site-packages/airflow/example_dags/example_sla_dag.py
[2024-03-28T17:23:29.492+0000] {processor.py:830} INFO - Processing file /home/airflow/.local/lib/python3.8/site-packages/airflow/example_dags/example_sla_dag.py for tasks to queue
[2024-03-28T17:23:29.500+0000] {logging_mixin.py:188} INFO - [2024-03-28T17:23:29.499+0000] {dagbag.py:540} INFO - Filling up the DagBag from /home/airflow/.local/lib/python3.8/site-packages/airflow/example_dags/example_sla_dag.py
[2024-03-28T17:23:29.531+0000] {processor.py:840} INFO - DAG(s) 'example_sla_dag' retrieved from /home/airflow/.local/lib/python3.8/site-packages/airflow/example_dags/example_sla_dag.py
[2024-03-28T17:23:29.610+0000] {logging_mixin.py:188} INFO - [2024-03-28T17:23:29.609+0000] {dag.py:3047} INFO - Sync 1 DAGs
[2024-03-28T17:23:29.727+0000] {logging_mixin.py:188} INFO - [2024-03-28T17:23:29.727+0000] {dag.py:3834} INFO - Setting next_dagrun for example_sla_dag to 2024-03-28 17:20:00+00:00, run_after=2024-03-28 17:22:00+00:00
[2024-03-28T17:23:29.796+0000] {processor.py:183} INFO - Processing /home/airflow/.local/lib/python3.8/site-packages/airflow/example_dags/example_sla_dag.py took 0.330 seconds
[2024-03-28T17:24:06.332+0000] {processor.py:161} INFO - Started process (PID=1500) to work on /home/airflow/.local/lib/python3.8/site-packages/airflow/example_dags/example_sla_dag.py
[2024-03-28T17:24:06.340+0000] {processor.py:830} INFO - Processing file /home/airflow/.local/lib/python3.8/site-packages/airflow/example_dags/example_sla_dag.py for tasks to queue
[2024-03-28T17:24:06.350+0000] {logging_mixin.py:188} INFO - [2024-03-28T17:24:06.349+0000] {dagbag.py:540} INFO - Filling up the DagBag from /home/airflow/.local/lib/python3.8/site-packages/airflow/example_dags/example_sla_dag.py
[2024-03-28T17:24:06.887+0000] {processor.py:840} INFO - DAG(s) 'example_sla_dag' retrieved from /home/airflow/.local/lib/python3.8/site-packages/airflow/example_dags/example_sla_dag.py
[2024-03-28T17:24:07.190+0000] {logging_mixin.py:188} INFO - [2024-03-28T17:24:07.190+0000] {dag.py:3047} INFO - Sync 1 DAGs
[2024-03-28T17:24:07.334+0000] {logging_mixin.py:188} INFO - [2024-03-28T17:24:07.334+0000] {dag.py:3834} INFO - Setting next_dagrun for example_sla_dag to 2024-03-28 17:22:00+00:00, run_after=2024-03-28 17:24:00+00:00
[2024-03-28T17:24:07.535+0000] {processor.py:183} INFO - Processing /home/airflow/.local/lib/python3.8/site-packages/airflow/example_dags/example_sla_dag.py took 1.217 seconds
[2024-03-28T17:24:49.903+0000] {processor.py:161} INFO - Started process (PID=1580) to work on /home/airflow/.local/lib/python3.8/site-packages/airflow/example_dags/example_sla_dag.py
[2024-03-28T17:24:49.907+0000] {processor.py:830} INFO - Processing file /home/airflow/.local/lib/python3.8/site-packages/airflow/example_dags/example_sla_dag.py for tasks to queue
[2024-03-28T17:24:49.924+0000] {logging_mixin.py:188} INFO - [2024-03-28T17:24:49.913+0000] {dagbag.py:540} INFO - Filling up the DagBag from /home/airflow/.local/lib/python3.8/site-packages/airflow/example_dags/example_sla_dag.py
[2024-03-28T17:24:49.959+0000] {processor.py:840} INFO - DAG(s) 'example_sla_dag' retrieved from /home/airflow/.local/lib/python3.8/site-packages/airflow/example_dags/example_sla_dag.py
[2024-03-28T17:24:50.029+0000] {logging_mixin.py:188} INFO - [2024-03-28T17:24:50.027+0000] {dag.py:3047} INFO - Sync 1 DAGs
[2024-03-28T17:24:50.127+0000] {logging_mixin.py:188} INFO - [2024-03-28T17:24:50.125+0000] {dag.py:3834} INFO - Setting next_dagrun for example_sla_dag to 2024-03-28 17:22:00+00:00, run_after=2024-03-28 17:24:00+00:00
[2024-03-28T17:24:50.196+0000] {processor.py:183} INFO - Processing /home/airflow/.local/lib/python3.8/site-packages/airflow/example_dags/example_sla_dag.py took 0.303 seconds
[2024-03-28T17:25:27.401+0000] {processor.py:161} INFO - Started process (PID=1639) to work on /home/airflow/.local/lib/python3.8/site-packages/airflow/example_dags/example_sla_dag.py
[2024-03-28T17:25:27.405+0000] {processor.py:830} INFO - Processing file /home/airflow/.local/lib/python3.8/site-packages/airflow/example_dags/example_sla_dag.py for tasks to queue
[2024-03-28T17:25:27.412+0000] {logging_mixin.py:188} INFO - [2024-03-28T17:25:27.411+0000] {dagbag.py:540} INFO - Filling up the DagBag from /home/airflow/.local/lib/python3.8/site-packages/airflow/example_dags/example_sla_dag.py
[2024-03-28T17:25:27.438+0000] {processor.py:840} INFO - DAG(s) 'example_sla_dag' retrieved from /home/airflow/.local/lib/python3.8/site-packages/airflow/example_dags/example_sla_dag.py
[2024-03-28T17:25:27.488+0000] {logging_mixin.py:188} INFO - [2024-03-28T17:25:27.488+0000] {dag.py:3047} INFO - Sync 1 DAGs
[2024-03-28T17:25:27.558+0000] {logging_mixin.py:188} INFO - [2024-03-28T17:25:27.558+0000] {dag.py:3834} INFO - Setting next_dagrun for example_sla_dag to 2024-03-28 17:22:00+00:00, run_after=2024-03-28 17:24:00+00:00
[2024-03-28T17:25:27.619+0000] {processor.py:183} INFO - Processing /home/airflow/.local/lib/python3.8/site-packages/airflow/example_dags/example_sla_dag.py took 0.230 seconds
[2024-03-28T17:26:02.637+0000] {processor.py:161} INFO - Started process (PID=1694) to work on /home/airflow/.local/lib/python3.8/site-packages/airflow/example_dags/example_sla_dag.py
[2024-03-28T17:26:02.644+0000] {processor.py:830} INFO - Processing file /home/airflow/.local/lib/python3.8/site-packages/airflow/example_dags/example_sla_dag.py for tasks to queue
[2024-03-28T17:26:02.663+0000] {logging_mixin.py:188} INFO - [2024-03-28T17:26:02.661+0000] {dagbag.py:540} INFO - Filling up the DagBag from /home/airflow/.local/lib/python3.8/site-packages/airflow/example_dags/example_sla_dag.py
[2024-03-28T17:26:02.732+0000] {processor.py:840} INFO - DAG(s) 'example_sla_dag' retrieved from /home/airflow/.local/lib/python3.8/site-packages/airflow/example_dags/example_sla_dag.py
[2024-03-28T17:26:02.935+0000] {logging_mixin.py:188} INFO - [2024-03-28T17:26:02.935+0000] {dag.py:3047} INFO - Sync 1 DAGs
[2024-03-28T17:26:03.097+0000] {logging_mixin.py:188} INFO - [2024-03-28T17:26:03.096+0000] {dag.py:3834} INFO - Setting next_dagrun for example_sla_dag to 2024-03-28 17:24:00+00:00, run_after=2024-03-28 17:26:00+00:00
[2024-03-28T17:26:03.268+0000] {processor.py:183} INFO - Processing /home/airflow/.local/lib/python3.8/site-packages/airflow/example_dags/example_sla_dag.py took 0.695 seconds
[2024-03-28T17:26:34.555+0000] {processor.py:161} INFO - Started process (PID=1749) to work on /home/airflow/.local/lib/python3.8/site-packages/airflow/example_dags/example_sla_dag.py
[2024-03-28T17:26:34.580+0000] {processor.py:830} INFO - Processing file /home/airflow/.local/lib/python3.8/site-packages/airflow/example_dags/example_sla_dag.py for tasks to queue
[2024-03-28T17:26:34.599+0000] {logging_mixin.py:188} INFO - [2024-03-28T17:26:34.598+0000] {dagbag.py:540} INFO - Filling up the DagBag from /home/airflow/.local/lib/python3.8/site-packages/airflow/example_dags/example_sla_dag.py
[2024-03-28T17:26:34.664+0000] {processor.py:840} INFO - DAG(s) 'example_sla_dag' retrieved from /home/airflow/.local/lib/python3.8/site-packages/airflow/example_dags/example_sla_dag.py
[2024-03-28T17:26:34.874+0000] {logging_mixin.py:188} INFO - [2024-03-28T17:26:34.874+0000] {dag.py:3047} INFO - Sync 1 DAGs
[2024-03-28T17:26:35.273+0000] {logging_mixin.py:188} INFO - [2024-03-28T17:26:35.272+0000] {dag.py:3834} INFO - Setting next_dagrun for example_sla_dag to 2024-03-28 17:24:00+00:00, run_after=2024-03-28 17:26:00+00:00
[2024-03-28T17:26:35.511+0000] {processor.py:183} INFO - Processing /home/airflow/.local/lib/python3.8/site-packages/airflow/example_dags/example_sla_dag.py took 0.999 seconds
[2024-03-28T17:27:06.011+0000] {processor.py:161} INFO - Started process (PID=1803) to work on /home/airflow/.local/lib/python3.8/site-packages/airflow/example_dags/example_sla_dag.py
[2024-03-28T17:27:06.016+0000] {processor.py:830} INFO - Processing file /home/airflow/.local/lib/python3.8/site-packages/airflow/example_dags/example_sla_dag.py for tasks to queue
[2024-03-28T17:27:06.027+0000] {logging_mixin.py:188} INFO - [2024-03-28T17:27:06.024+0000] {dagbag.py:540} INFO - Filling up the DagBag from /home/airflow/.local/lib/python3.8/site-packages/airflow/example_dags/example_sla_dag.py
[2024-03-28T17:27:06.061+0000] {processor.py:840} INFO - DAG(s) 'example_sla_dag' retrieved from /home/airflow/.local/lib/python3.8/site-packages/airflow/example_dags/example_sla_dag.py
[2024-03-28T17:27:06.122+0000] {logging_mixin.py:188} INFO - [2024-03-28T17:27:06.121+0000] {dag.py:3047} INFO - Sync 1 DAGs
[2024-03-28T17:27:06.249+0000] {logging_mixin.py:188} INFO - [2024-03-28T17:27:06.247+0000] {dag.py:3834} INFO - Setting next_dagrun for example_sla_dag to 2024-03-28 17:24:00+00:00, run_after=2024-03-28 17:26:00+00:00
[2024-03-28T17:27:06.328+0000] {processor.py:183} INFO - Processing /home/airflow/.local/lib/python3.8/site-packages/airflow/example_dags/example_sla_dag.py took 0.333 seconds
[2024-03-28T17:27:38.502+0000] {processor.py:161} INFO - Started process (PID=1859) to work on /home/airflow/.local/lib/python3.8/site-packages/airflow/example_dags/example_sla_dag.py
[2024-03-28T17:27:38.513+0000] {processor.py:830} INFO - Processing file /home/airflow/.local/lib/python3.8/site-packages/airflow/example_dags/example_sla_dag.py for tasks to queue
[2024-03-28T17:27:38.523+0000] {logging_mixin.py:188} INFO - [2024-03-28T17:27:38.522+0000] {dagbag.py:540} INFO - Filling up the DagBag from /home/airflow/.local/lib/python3.8/site-packages/airflow/example_dags/example_sla_dag.py
[2024-03-28T17:27:38.552+0000] {processor.py:840} INFO - DAG(s) 'example_sla_dag' retrieved from /home/airflow/.local/lib/python3.8/site-packages/airflow/example_dags/example_sla_dag.py
[2024-03-28T17:27:38.632+0000] {logging_mixin.py:188} INFO - [2024-03-28T17:27:38.631+0000] {dag.py:3047} INFO - Sync 1 DAGs
[2024-03-28T17:27:38.750+0000] {logging_mixin.py:188} INFO - [2024-03-28T17:27:38.749+0000] {dag.py:3834} INFO - Setting next_dagrun for example_sla_dag to 2024-03-28 17:24:00+00:00, run_after=2024-03-28 17:26:00+00:00
[2024-03-28T17:27:38.822+0000] {processor.py:183} INFO - Processing /home/airflow/.local/lib/python3.8/site-packages/airflow/example_dags/example_sla_dag.py took 0.336 seconds
[2024-03-28T17:28:10.051+0000] {processor.py:161} INFO - Started process (PID=1914) to work on /home/airflow/.local/lib/python3.8/site-packages/airflow/example_dags/example_sla_dag.py
[2024-03-28T17:28:10.057+0000] {processor.py:830} INFO - Processing file /home/airflow/.local/lib/python3.8/site-packages/airflow/example_dags/example_sla_dag.py for tasks to queue
[2024-03-28T17:28:10.066+0000] {logging_mixin.py:188} INFO - [2024-03-28T17:28:10.065+0000] {dagbag.py:540} INFO - Filling up the DagBag from /home/airflow/.local/lib/python3.8/site-packages/airflow/example_dags/example_sla_dag.py
[2024-03-28T17:28:10.099+0000] {processor.py:840} INFO - DAG(s) 'example_sla_dag' retrieved from /home/airflow/.local/lib/python3.8/site-packages/airflow/example_dags/example_sla_dag.py
[2024-03-28T17:28:10.161+0000] {logging_mixin.py:188} INFO - [2024-03-28T17:28:10.160+0000] {dag.py:3047} INFO - Sync 1 DAGs
[2024-03-28T17:28:10.237+0000] {logging_mixin.py:188} INFO - [2024-03-28T17:28:10.236+0000] {dag.py:3834} INFO - Setting next_dagrun for example_sla_dag to 2024-03-28 17:26:00+00:00, run_after=2024-03-28 17:28:00+00:00
[2024-03-28T17:28:10.390+0000] {processor.py:183} INFO - Processing /home/airflow/.local/lib/python3.8/site-packages/airflow/example_dags/example_sla_dag.py took 0.357 seconds
[2024-03-28T17:28:49.467+0000] {processor.py:161} INFO - Started process (PID=1974) to work on /home/airflow/.local/lib/python3.8/site-packages/airflow/example_dags/example_sla_dag.py
[2024-03-28T17:28:49.474+0000] {processor.py:830} INFO - Processing file /home/airflow/.local/lib/python3.8/site-packages/airflow/example_dags/example_sla_dag.py for tasks to queue
[2024-03-28T17:28:49.496+0000] {logging_mixin.py:188} INFO - [2024-03-28T17:28:49.492+0000] {dagbag.py:540} INFO - Filling up the DagBag from /home/airflow/.local/lib/python3.8/site-packages/airflow/example_dags/example_sla_dag.py
[2024-03-28T17:28:49.554+0000] {processor.py:840} INFO - DAG(s) 'example_sla_dag' retrieved from /home/airflow/.local/lib/python3.8/site-packages/airflow/example_dags/example_sla_dag.py
[2024-03-28T17:28:49.651+0000] {logging_mixin.py:188} INFO - [2024-03-28T17:28:49.650+0000] {dag.py:3047} INFO - Sync 1 DAGs
[2024-03-28T17:28:49.806+0000] {logging_mixin.py:188} INFO - [2024-03-28T17:28:49.804+0000] {dag.py:3834} INFO - Setting next_dagrun for example_sla_dag to 2024-03-28 17:26:00+00:00, run_after=2024-03-28 17:28:00+00:00
[2024-03-28T17:28:49.900+0000] {processor.py:183} INFO - Processing /home/airflow/.local/lib/python3.8/site-packages/airflow/example_dags/example_sla_dag.py took 0.449 seconds
[2024-03-28T17:29:26.922+0000] {processor.py:161} INFO - Started process (PID=2035) to work on /home/airflow/.local/lib/python3.8/site-packages/airflow/example_dags/example_sla_dag.py
[2024-03-28T17:29:26.925+0000] {processor.py:830} INFO - Processing file /home/airflow/.local/lib/python3.8/site-packages/airflow/example_dags/example_sla_dag.py for tasks to queue
[2024-03-28T17:29:26.934+0000] {logging_mixin.py:188} INFO - [2024-03-28T17:29:26.933+0000] {dagbag.py:540} INFO - Filling up the DagBag from /home/airflow/.local/lib/python3.8/site-packages/airflow/example_dags/example_sla_dag.py
[2024-03-28T17:29:26.957+0000] {processor.py:840} INFO - DAG(s) 'example_sla_dag' retrieved from /home/airflow/.local/lib/python3.8/site-packages/airflow/example_dags/example_sla_dag.py
[2024-03-28T17:29:27.011+0000] {logging_mixin.py:188} INFO - [2024-03-28T17:29:27.011+0000] {dag.py:3047} INFO - Sync 1 DAGs
[2024-03-28T17:29:27.076+0000] {logging_mixin.py:188} INFO - [2024-03-28T17:29:27.076+0000] {dag.py:3834} INFO - Setting next_dagrun for example_sla_dag to 2024-03-28 17:26:00+00:00, run_after=2024-03-28 17:28:00+00:00
[2024-03-28T17:29:27.126+0000] {processor.py:183} INFO - Processing /home/airflow/.local/lib/python3.8/site-packages/airflow/example_dags/example_sla_dag.py took 0.211 seconds
[2024-03-28T17:29:59.952+0000] {processor.py:161} INFO - Started process (PID=2090) to work on /home/airflow/.local/lib/python3.8/site-packages/airflow/example_dags/example_sla_dag.py
[2024-03-28T17:29:59.956+0000] {processor.py:830} INFO - Processing file /home/airflow/.local/lib/python3.8/site-packages/airflow/example_dags/example_sla_dag.py for tasks to queue
[2024-03-28T17:30:00.028+0000] {logging_mixin.py:188} INFO - [2024-03-28T17:30:00.020+0000] {dagbag.py:540} INFO - Filling up the DagBag from /home/airflow/.local/lib/python3.8/site-packages/airflow/example_dags/example_sla_dag.py
[2024-03-28T17:30:00.108+0000] {processor.py:840} INFO - DAG(s) 'example_sla_dag' retrieved from /home/airflow/.local/lib/python3.8/site-packages/airflow/example_dags/example_sla_dag.py
[2024-03-28T17:30:00.380+0000] {logging_mixin.py:188} INFO - [2024-03-28T17:30:00.378+0000] {dag.py:3047} INFO - Sync 1 DAGs
[2024-03-28T17:30:00.780+0000] {logging_mixin.py:188} INFO - [2024-03-28T17:30:00.775+0000] {dag.py:3834} INFO - Setting next_dagrun for example_sla_dag to 2024-03-28 17:28:00+00:00, run_after=2024-03-28 17:30:00+00:00
[2024-03-28T17:30:00.941+0000] {processor.py:183} INFO - Processing /home/airflow/.local/lib/python3.8/site-packages/airflow/example_dags/example_sla_dag.py took 1.043 seconds
[2024-03-28T17:30:31.331+0000] {processor.py:161} INFO - Started process (PID=2145) to work on /home/airflow/.local/lib/python3.8/site-packages/airflow/example_dags/example_sla_dag.py
[2024-03-28T17:30:31.339+0000] {processor.py:830} INFO - Processing file /home/airflow/.local/lib/python3.8/site-packages/airflow/example_dags/example_sla_dag.py for tasks to queue
[2024-03-28T17:30:31.363+0000] {logging_mixin.py:188} INFO - [2024-03-28T17:30:31.360+0000] {dagbag.py:540} INFO - Filling up the DagBag from /home/airflow/.local/lib/python3.8/site-packages/airflow/example_dags/example_sla_dag.py
[2024-03-28T17:30:31.487+0000] {processor.py:840} INFO - DAG(s) 'example_sla_dag' retrieved from /home/airflow/.local/lib/python3.8/site-packages/airflow/example_dags/example_sla_dag.py
[2024-03-28T17:30:31.669+0000] {logging_mixin.py:188} INFO - [2024-03-28T17:30:31.669+0000] {dag.py:3047} INFO - Sync 1 DAGs
[2024-03-28T17:30:32.502+0000] {logging_mixin.py:188} INFO - [2024-03-28T17:30:32.474+0000] {dag.py:3834} INFO - Setting next_dagrun for example_sla_dag to 2024-03-28 17:28:00+00:00, run_after=2024-03-28 17:30:00+00:00
[2024-03-28T17:30:32.957+0000] {processor.py:183} INFO - Processing /home/airflow/.local/lib/python3.8/site-packages/airflow/example_dags/example_sla_dag.py took 1.668 seconds
[2024-03-28T17:31:09.657+0000] {processor.py:161} INFO - Started process (PID=2200) to work on /home/airflow/.local/lib/python3.8/site-packages/airflow/example_dags/example_sla_dag.py
[2024-03-28T17:31:09.671+0000] {processor.py:830} INFO - Processing file /home/airflow/.local/lib/python3.8/site-packages/airflow/example_dags/example_sla_dag.py for tasks to queue
[2024-03-28T17:31:09.706+0000] {logging_mixin.py:188} INFO - [2024-03-28T17:31:09.705+0000] {dagbag.py:540} INFO - Filling up the DagBag from /home/airflow/.local/lib/python3.8/site-packages/airflow/example_dags/example_sla_dag.py
[2024-03-28T17:31:09.757+0000] {processor.py:840} INFO - DAG(s) 'example_sla_dag' retrieved from /home/airflow/.local/lib/python3.8/site-packages/airflow/example_dags/example_sla_dag.py
[2024-03-28T17:31:09.838+0000] {logging_mixin.py:188} INFO - [2024-03-28T17:31:09.838+0000] {dag.py:3047} INFO - Sync 1 DAGs
[2024-03-28T17:31:10.036+0000] {logging_mixin.py:188} INFO - [2024-03-28T17:31:10.036+0000] {dag.py:3834} INFO - Setting next_dagrun for example_sla_dag to 2024-03-28 17:28:00+00:00, run_after=2024-03-28 17:30:00+00:00
[2024-03-28T17:31:10.225+0000] {processor.py:183} INFO - Processing /home/airflow/.local/lib/python3.8/site-packages/airflow/example_dags/example_sla_dag.py took 0.636 seconds
[2024-03-28T17:31:40.351+0000] {processor.py:161} INFO - Started process (PID=2254) to work on /home/airflow/.local/lib/python3.8/site-packages/airflow/example_dags/example_sla_dag.py
[2024-03-28T17:31:40.357+0000] {processor.py:830} INFO - Processing file /home/airflow/.local/lib/python3.8/site-packages/airflow/example_dags/example_sla_dag.py for tasks to queue
[2024-03-28T17:31:40.363+0000] {logging_mixin.py:188} INFO - [2024-03-28T17:31:40.363+0000] {dagbag.py:540} INFO - Filling up the DagBag from /home/airflow/.local/lib/python3.8/site-packages/airflow/example_dags/example_sla_dag.py
[2024-03-28T17:31:40.385+0000] {processor.py:840} INFO - DAG(s) 'example_sla_dag' retrieved from /home/airflow/.local/lib/python3.8/site-packages/airflow/example_dags/example_sla_dag.py
[2024-03-28T17:31:40.445+0000] {logging_mixin.py:188} INFO - [2024-03-28T17:31:40.444+0000] {dag.py:3047} INFO - Sync 1 DAGs
[2024-03-28T17:31:40.516+0000] {logging_mixin.py:188} INFO - [2024-03-28T17:31:40.516+0000] {dag.py:3834} INFO - Setting next_dagrun for example_sla_dag to 2024-03-28 17:28:00+00:00, run_after=2024-03-28 17:30:00+00:00
[2024-03-28T17:31:40.580+0000] {processor.py:183} INFO - Processing /home/airflow/.local/lib/python3.8/site-packages/airflow/example_dags/example_sla_dag.py took 0.237 seconds
[2024-03-28T17:32:19.646+0000] {processor.py:161} INFO - Started process (PID=2319) to work on /home/airflow/.local/lib/python3.8/site-packages/airflow/example_dags/example_sla_dag.py
[2024-03-28T17:32:19.659+0000] {processor.py:830} INFO - Processing file /home/airflow/.local/lib/python3.8/site-packages/airflow/example_dags/example_sla_dag.py for tasks to queue
[2024-03-28T17:32:19.671+0000] {logging_mixin.py:188} INFO - [2024-03-28T17:32:19.670+0000] {dagbag.py:540} INFO - Filling up the DagBag from /home/airflow/.local/lib/python3.8/site-packages/airflow/example_dags/example_sla_dag.py
[2024-03-28T17:32:19.726+0000] {processor.py:840} INFO - DAG(s) 'example_sla_dag' retrieved from /home/airflow/.local/lib/python3.8/site-packages/airflow/example_dags/example_sla_dag.py
[2024-03-28T17:32:19.832+0000] {logging_mixin.py:188} INFO - [2024-03-28T17:32:19.831+0000] {dag.py:3047} INFO - Sync 1 DAGs
[2024-03-28T17:32:19.975+0000] {logging_mixin.py:188} INFO - [2024-03-28T17:32:19.974+0000] {dag.py:3834} INFO - Setting next_dagrun for example_sla_dag to 2024-03-28 17:30:00+00:00, run_after=2024-03-28 17:32:00+00:00
[2024-03-28T17:32:20.050+0000] {processor.py:183} INFO - Processing /home/airflow/.local/lib/python3.8/site-packages/airflow/example_dags/example_sla_dag.py took 0.428 seconds
[2024-03-28T17:32:57.138+0000] {processor.py:161} INFO - Started process (PID=2373) to work on /home/airflow/.local/lib/python3.8/site-packages/airflow/example_dags/example_sla_dag.py
[2024-03-28T17:32:57.148+0000] {processor.py:830} INFO - Processing file /home/airflow/.local/lib/python3.8/site-packages/airflow/example_dags/example_sla_dag.py for tasks to queue
[2024-03-28T17:32:57.159+0000] {logging_mixin.py:188} INFO - [2024-03-28T17:32:57.157+0000] {dagbag.py:540} INFO - Filling up the DagBag from /home/airflow/.local/lib/python3.8/site-packages/airflow/example_dags/example_sla_dag.py
[2024-03-28T17:32:57.203+0000] {processor.py:840} INFO - DAG(s) 'example_sla_dag' retrieved from /home/airflow/.local/lib/python3.8/site-packages/airflow/example_dags/example_sla_dag.py
[2024-03-28T17:32:57.259+0000] {logging_mixin.py:188} INFO - [2024-03-28T17:32:57.258+0000] {dag.py:3047} INFO - Sync 1 DAGs
[2024-03-28T17:32:57.350+0000] {logging_mixin.py:188} INFO - [2024-03-28T17:32:57.350+0000] {dag.py:3834} INFO - Setting next_dagrun for example_sla_dag to 2024-03-28 17:30:00+00:00, run_after=2024-03-28 17:32:00+00:00
[2024-03-28T17:32:57.404+0000] {processor.py:183} INFO - Processing /home/airflow/.local/lib/python3.8/site-packages/airflow/example_dags/example_sla_dag.py took 0.278 seconds
