[2024-03-28T16:30:57.190+0000] {processor.py:161} INFO - Started process (PID=112) to work on /home/airflow/.local/lib/python3.8/site-packages/airflow/example_dags/example_params_trigger_ui.py
[2024-03-28T16:30:57.360+0000] {processor.py:830} INFO - Processing file /home/airflow/.local/lib/python3.8/site-packages/airflow/example_dags/example_params_trigger_ui.py for tasks to queue
[2024-03-28T16:30:57.491+0000] {logging_mixin.py:188} INFO - [2024-03-28T16:30:57.490+0000] {dagbag.py:540} INFO - Filling up the DagBag from /home/airflow/.local/lib/python3.8/site-packages/airflow/example_dags/example_params_trigger_ui.py
[2024-03-28T16:30:58.148+0000] {processor.py:840} INFO - DAG(s) 'example_params_trigger_ui' retrieved from /home/airflow/.local/lib/python3.8/site-packages/airflow/example_dags/example_params_trigger_ui.py
[2024-03-28T16:31:09.500+0000] {logging_mixin.py:188} INFO - [2024-03-28T16:31:09.440+0000] {override.py:1769} INFO - Created Permission View: can edit on DAG:example_params_trigger_ui
[2024-03-28T16:31:09.856+0000] {logging_mixin.py:188} INFO - [2024-03-28T16:31:09.854+0000] {override.py:1769} INFO - Created Permission View: can read on DAG:example_params_trigger_ui
[2024-03-28T16:31:10.153+0000] {logging_mixin.py:188} INFO - [2024-03-28T16:31:10.139+0000] {override.py:1769} INFO - Created Permission View: can delete on DAG:example_params_trigger_ui
[2024-03-28T16:31:10.164+0000] {logging_mixin.py:188} INFO - [2024-03-28T16:31:10.163+0000] {dag.py:3047} INFO - Sync 1 DAGs
[2024-03-28T16:31:10.423+0000] {logging_mixin.py:188} INFO - [2024-03-28T16:31:10.421+0000] {dag.py:3069} INFO - Creating ORM DAG for example_params_trigger_ui
[2024-03-28T16:31:10.438+0000] {logging_mixin.py:188} INFO - [2024-03-28T16:31:10.437+0000] {dag.py:3834} INFO - Setting next_dagrun for example_params_trigger_ui to None, run_after=None
[2024-03-28T16:31:11.483+0000] {processor.py:183} INFO - Processing /home/airflow/.local/lib/python3.8/site-packages/airflow/example_dags/example_params_trigger_ui.py took 14.546 seconds
[2024-03-28T16:35:18.860+0000] {processor.py:161} INFO - Started process (PID=207) to work on /home/airflow/.local/lib/python3.8/site-packages/airflow/example_dags/example_params_trigger_ui.py
[2024-03-28T16:35:18.876+0000] {processor.py:830} INFO - Processing file /home/airflow/.local/lib/python3.8/site-packages/airflow/example_dags/example_params_trigger_ui.py for tasks to queue
[2024-03-28T16:35:19.152+0000] {logging_mixin.py:188} INFO - [2024-03-28T16:35:19.150+0000] {dagbag.py:540} INFO - Filling up the DagBag from /home/airflow/.local/lib/python3.8/site-packages/airflow/example_dags/example_params_trigger_ui.py
[2024-03-28T16:35:21.360+0000] {processor.py:840} INFO - DAG(s) 'example_params_trigger_ui' retrieved from /home/airflow/.local/lib/python3.8/site-packages/airflow/example_dags/example_params_trigger_ui.py
[2024-03-28T16:35:26.174+0000] {logging_mixin.py:188} INFO - [2024-03-28T16:35:26.173+0000] {dag.py:3047} INFO - Sync 1 DAGs
[2024-03-28T16:35:26.904+0000] {logging_mixin.py:188} INFO - [2024-03-28T16:35:26.855+0000] {dag.py:3834} INFO - Setting next_dagrun for example_params_trigger_ui to None, run_after=None
[2024-03-28T16:35:27.726+0000] {processor.py:183} INFO - Processing /home/airflow/.local/lib/python3.8/site-packages/airflow/example_dags/example_params_trigger_ui.py took 9.098 seconds
[2024-03-28T16:37:56.330+0000] {processor.py:161} INFO - Started process (PID=281) to work on /home/airflow/.local/lib/python3.8/site-packages/airflow/example_dags/example_params_trigger_ui.py
[2024-03-28T16:37:56.535+0000] {processor.py:830} INFO - Processing file /home/airflow/.local/lib/python3.8/site-packages/airflow/example_dags/example_params_trigger_ui.py for tasks to queue
[2024-03-28T16:37:56.638+0000] {logging_mixin.py:188} INFO - [2024-03-28T16:37:56.619+0000] {dagbag.py:540} INFO - Filling up the DagBag from /home/airflow/.local/lib/python3.8/site-packages/airflow/example_dags/example_params_trigger_ui.py
[2024-03-28T16:37:57.636+0000] {processor.py:840} INFO - DAG(s) 'example_params_trigger_ui' retrieved from /home/airflow/.local/lib/python3.8/site-packages/airflow/example_dags/example_params_trigger_ui.py
[2024-03-28T16:38:00.921+0000] {logging_mixin.py:188} INFO - [2024-03-28T16:38:00.883+0000] {dag.py:3047} INFO - Sync 1 DAGs
[2024-03-28T16:38:01.551+0000] {logging_mixin.py:188} INFO - [2024-03-28T16:38:01.547+0000] {dag.py:3834} INFO - Setting next_dagrun for example_params_trigger_ui to None, run_after=None
[2024-03-28T16:38:01.932+0000] {processor.py:183} INFO - Processing /home/airflow/.local/lib/python3.8/site-packages/airflow/example_dags/example_params_trigger_ui.py took 6.062 seconds
[2024-03-28T16:40:17.228+0000] {processor.py:161} INFO - Started process (PID=343) to work on /home/airflow/.local/lib/python3.8/site-packages/airflow/example_dags/example_params_trigger_ui.py
[2024-03-28T16:40:17.289+0000] {processor.py:830} INFO - Processing file /home/airflow/.local/lib/python3.8/site-packages/airflow/example_dags/example_params_trigger_ui.py for tasks to queue
[2024-03-28T16:40:17.436+0000] {logging_mixin.py:188} INFO - [2024-03-28T16:40:17.386+0000] {dagbag.py:540} INFO - Filling up the DagBag from /home/airflow/.local/lib/python3.8/site-packages/airflow/example_dags/example_params_trigger_ui.py
[2024-03-28T16:40:19.140+0000] {processor.py:840} INFO - DAG(s) 'example_params_trigger_ui' retrieved from /home/airflow/.local/lib/python3.8/site-packages/airflow/example_dags/example_params_trigger_ui.py
[2024-03-28T16:40:23.662+0000] {logging_mixin.py:188} INFO - [2024-03-28T16:40:23.595+0000] {dag.py:3047} INFO - Sync 1 DAGs
[2024-03-28T16:40:24.666+0000] {logging_mixin.py:188} INFO - [2024-03-28T16:40:24.665+0000] {dag.py:3834} INFO - Setting next_dagrun for example_params_trigger_ui to None, run_after=None
[2024-03-28T16:40:26.359+0000] {processor.py:183} INFO - Processing /home/airflow/.local/lib/python3.8/site-packages/airflow/example_dags/example_params_trigger_ui.py took 9.370 seconds
[2024-03-28T16:43:30.298+0000] {processor.py:161} INFO - Started process (PID=421) to work on /home/airflow/.local/lib/python3.8/site-packages/airflow/example_dags/example_params_trigger_ui.py
[2024-03-28T16:43:30.466+0000] {processor.py:830} INFO - Processing file /home/airflow/.local/lib/python3.8/site-packages/airflow/example_dags/example_params_trigger_ui.py for tasks to queue
[2024-03-28T16:43:31.083+0000] {logging_mixin.py:188} INFO - [2024-03-28T16:43:31.082+0000] {dagbag.py:540} INFO - Filling up the DagBag from /home/airflow/.local/lib/python3.8/site-packages/airflow/example_dags/example_params_trigger_ui.py
[2024-03-28T16:43:33.328+0000] {processor.py:840} INFO - DAG(s) 'example_params_trigger_ui' retrieved from /home/airflow/.local/lib/python3.8/site-packages/airflow/example_dags/example_params_trigger_ui.py
[2024-03-28T16:43:37.780+0000] {logging_mixin.py:188} INFO - [2024-03-28T16:43:37.779+0000] {dag.py:3047} INFO - Sync 1 DAGs
[2024-03-28T16:43:38.370+0000] {logging_mixin.py:188} INFO - [2024-03-28T16:43:38.368+0000] {dag.py:3834} INFO - Setting next_dagrun for example_params_trigger_ui to None, run_after=None
[2024-03-28T16:43:38.980+0000] {processor.py:183} INFO - Processing /home/airflow/.local/lib/python3.8/site-packages/airflow/example_dags/example_params_trigger_ui.py took 9.063 seconds
[2024-03-28T16:50:47.836+0000] {processor.py:161} INFO - Started process (PID=528) to work on /home/airflow/.local/lib/python3.8/site-packages/airflow/example_dags/example_params_trigger_ui.py
[2024-03-28T16:50:47.900+0000] {processor.py:830} INFO - Processing file /home/airflow/.local/lib/python3.8/site-packages/airflow/example_dags/example_params_trigger_ui.py for tasks to queue
[2024-03-28T16:50:48.015+0000] {logging_mixin.py:188} INFO - [2024-03-28T16:50:47.949+0000] {dagbag.py:540} INFO - Filling up the DagBag from /home/airflow/.local/lib/python3.8/site-packages/airflow/example_dags/example_params_trigger_ui.py
[2024-03-28T16:50:52.298+0000] {processor.py:840} INFO - DAG(s) 'example_params_trigger_ui' retrieved from /home/airflow/.local/lib/python3.8/site-packages/airflow/example_dags/example_params_trigger_ui.py
[2024-03-28T16:51:33.004+0000] {logging_mixin.py:188} INFO - [2024-03-28T16:51:31.560+0000] {dag.py:3047} INFO - Sync 1 DAGs
[2024-03-28T17:05:47.123+0000] {processor.py:161} INFO - Started process (PID=53) to work on /home/airflow/.local/lib/python3.8/site-packages/airflow/example_dags/example_params_trigger_ui.py
[2024-03-28T17:05:47.136+0000] {processor.py:830} INFO - Processing file /home/airflow/.local/lib/python3.8/site-packages/airflow/example_dags/example_params_trigger_ui.py for tasks to queue
[2024-03-28T17:05:47.155+0000] {logging_mixin.py:188} INFO - [2024-03-28T17:05:47.149+0000] {dagbag.py:540} INFO - Filling up the DagBag from /home/airflow/.local/lib/python3.8/site-packages/airflow/example_dags/example_params_trigger_ui.py
[2024-03-28T17:05:47.302+0000] {processor.py:840} INFO - DAG(s) 'example_params_trigger_ui' retrieved from /home/airflow/.local/lib/python3.8/site-packages/airflow/example_dags/example_params_trigger_ui.py
[2024-03-28T17:05:48.755+0000] {logging_mixin.py:188} INFO - [2024-03-28T17:05:48.748+0000] {dag.py:3047} INFO - Sync 1 DAGs
[2024-03-28T17:05:48.887+0000] {logging_mixin.py:188} INFO - [2024-03-28T17:05:48.874+0000] {dag.py:3834} INFO - Setting next_dagrun for example_params_trigger_ui to None, run_after=None
[2024-03-28T17:05:49.048+0000] {processor.py:183} INFO - Processing /home/airflow/.local/lib/python3.8/site-packages/airflow/example_dags/example_params_trigger_ui.py took 1.952 seconds
[2024-03-28T17:07:18.116+0000] {processor.py:161} INFO - Started process (PID=120) to work on /home/airflow/.local/lib/python3.8/site-packages/airflow/example_dags/example_params_trigger_ui.py
[2024-03-28T17:07:18.133+0000] {processor.py:830} INFO - Processing file /home/airflow/.local/lib/python3.8/site-packages/airflow/example_dags/example_params_trigger_ui.py for tasks to queue
[2024-03-28T17:07:18.185+0000] {logging_mixin.py:188} INFO - [2024-03-28T17:07:18.184+0000] {dagbag.py:540} INFO - Filling up the DagBag from /home/airflow/.local/lib/python3.8/site-packages/airflow/example_dags/example_params_trigger_ui.py
[2024-03-28T17:07:18.336+0000] {processor.py:840} INFO - DAG(s) 'example_params_trigger_ui' retrieved from /home/airflow/.local/lib/python3.8/site-packages/airflow/example_dags/example_params_trigger_ui.py
[2024-03-28T17:07:20.035+0000] {logging_mixin.py:188} INFO - [2024-03-28T17:07:20.034+0000] {dag.py:3047} INFO - Sync 1 DAGs
[2024-03-28T17:07:20.169+0000] {logging_mixin.py:188} INFO - [2024-03-28T17:07:20.165+0000] {dag.py:3834} INFO - Setting next_dagrun for example_params_trigger_ui to None, run_after=None
[2024-03-28T17:07:20.380+0000] {processor.py:183} INFO - Processing /home/airflow/.local/lib/python3.8/site-packages/airflow/example_dags/example_params_trigger_ui.py took 2.317 seconds
[2024-03-28T17:08:02.601+0000] {processor.py:161} INFO - Started process (PID=175) to work on /home/airflow/.local/lib/python3.8/site-packages/airflow/example_dags/example_params_trigger_ui.py
[2024-03-28T17:08:02.608+0000] {processor.py:830} INFO - Processing file /home/airflow/.local/lib/python3.8/site-packages/airflow/example_dags/example_params_trigger_ui.py for tasks to queue
[2024-03-28T17:08:02.635+0000] {logging_mixin.py:188} INFO - [2024-03-28T17:08:02.634+0000] {dagbag.py:540} INFO - Filling up the DagBag from /home/airflow/.local/lib/python3.8/site-packages/airflow/example_dags/example_params_trigger_ui.py
[2024-03-28T17:08:02.837+0000] {processor.py:840} INFO - DAG(s) 'example_params_trigger_ui' retrieved from /home/airflow/.local/lib/python3.8/site-packages/airflow/example_dags/example_params_trigger_ui.py
[2024-03-28T17:08:04.027+0000] {logging_mixin.py:188} INFO - [2024-03-28T17:08:04.027+0000] {dag.py:3047} INFO - Sync 1 DAGs
[2024-03-28T17:08:04.725+0000] {logging_mixin.py:188} INFO - [2024-03-28T17:08:04.724+0000] {dag.py:3834} INFO - Setting next_dagrun for example_params_trigger_ui to None, run_after=None
[2024-03-28T17:08:05.106+0000] {processor.py:183} INFO - Processing /home/airflow/.local/lib/python3.8/site-packages/airflow/example_dags/example_params_trigger_ui.py took 2.552 seconds
[2024-03-28T17:08:48.576+0000] {processor.py:161} INFO - Started process (PID=233) to work on /home/airflow/.local/lib/python3.8/site-packages/airflow/example_dags/example_params_trigger_ui.py
[2024-03-28T17:08:48.580+0000] {processor.py:830} INFO - Processing file /home/airflow/.local/lib/python3.8/site-packages/airflow/example_dags/example_params_trigger_ui.py for tasks to queue
[2024-03-28T17:08:48.606+0000] {logging_mixin.py:188} INFO - [2024-03-28T17:08:48.606+0000] {dagbag.py:540} INFO - Filling up the DagBag from /home/airflow/.local/lib/python3.8/site-packages/airflow/example_dags/example_params_trigger_ui.py
[2024-03-28T17:08:48.787+0000] {processor.py:840} INFO - DAG(s) 'example_params_trigger_ui' retrieved from /home/airflow/.local/lib/python3.8/site-packages/airflow/example_dags/example_params_trigger_ui.py
[2024-03-28T17:08:50.827+0000] {logging_mixin.py:188} INFO - [2024-03-28T17:08:50.819+0000] {dag.py:3047} INFO - Sync 1 DAGs
[2024-03-28T17:08:54.403+0000] {logging_mixin.py:188} INFO - [2024-03-28T17:08:54.402+0000] {dag.py:3834} INFO - Setting next_dagrun for example_params_trigger_ui to None, run_after=None
[2024-03-28T17:08:56.295+0000] {processor.py:183} INFO - Processing /home/airflow/.local/lib/python3.8/site-packages/airflow/example_dags/example_params_trigger_ui.py took 7.773 seconds
[2024-03-28T17:10:18.911+0000] {processor.py:161} INFO - Started process (PID=291) to work on /home/airflow/.local/lib/python3.8/site-packages/airflow/example_dags/example_params_trigger_ui.py
[2024-03-28T17:10:18.943+0000] {processor.py:830} INFO - Processing file /home/airflow/.local/lib/python3.8/site-packages/airflow/example_dags/example_params_trigger_ui.py for tasks to queue
[2024-03-28T17:10:19.035+0000] {logging_mixin.py:188} INFO - [2024-03-28T17:10:18.986+0000] {dagbag.py:540} INFO - Filling up the DagBag from /home/airflow/.local/lib/python3.8/site-packages/airflow/example_dags/example_params_trigger_ui.py
[2024-03-28T17:10:20.832+0000] {processor.py:840} INFO - DAG(s) 'example_params_trigger_ui' retrieved from /home/airflow/.local/lib/python3.8/site-packages/airflow/example_dags/example_params_trigger_ui.py
[2024-03-28T17:10:22.987+0000] {logging_mixin.py:188} INFO - [2024-03-28T17:10:22.986+0000] {dag.py:3047} INFO - Sync 1 DAGs
[2024-03-28T17:10:23.197+0000] {logging_mixin.py:188} INFO - [2024-03-28T17:10:23.196+0000] {dag.py:3834} INFO - Setting next_dagrun for example_params_trigger_ui to None, run_after=None
[2024-03-28T17:10:23.460+0000] {processor.py:183} INFO - Processing /home/airflow/.local/lib/python3.8/site-packages/airflow/example_dags/example_params_trigger_ui.py took 4.668 seconds
[2024-03-28T17:11:12.450+0000] {processor.py:161} INFO - Started process (PID=347) to work on /home/airflow/.local/lib/python3.8/site-packages/airflow/example_dags/example_params_trigger_ui.py
[2024-03-28T17:11:12.456+0000] {processor.py:830} INFO - Processing file /home/airflow/.local/lib/python3.8/site-packages/airflow/example_dags/example_params_trigger_ui.py for tasks to queue
[2024-03-28T17:11:12.468+0000] {logging_mixin.py:188} INFO - [2024-03-28T17:11:12.467+0000] {dagbag.py:540} INFO - Filling up the DagBag from /home/airflow/.local/lib/python3.8/site-packages/airflow/example_dags/example_params_trigger_ui.py
[2024-03-28T17:11:12.558+0000] {processor.py:840} INFO - DAG(s) 'example_params_trigger_ui' retrieved from /home/airflow/.local/lib/python3.8/site-packages/airflow/example_dags/example_params_trigger_ui.py
[2024-03-28T17:11:12.840+0000] {logging_mixin.py:188} INFO - [2024-03-28T17:11:12.840+0000] {dag.py:3047} INFO - Sync 1 DAGs
[2024-03-28T17:11:12.931+0000] {logging_mixin.py:188} INFO - [2024-03-28T17:11:12.930+0000] {dag.py:3834} INFO - Setting next_dagrun for example_params_trigger_ui to None, run_after=None
[2024-03-28T17:11:13.035+0000] {processor.py:183} INFO - Processing /home/airflow/.local/lib/python3.8/site-packages/airflow/example_dags/example_params_trigger_ui.py took 0.609 seconds
[2024-03-28T17:12:09.796+0000] {processor.py:161} INFO - Started process (PID=410) to work on /home/airflow/.local/lib/python3.8/site-packages/airflow/example_dags/example_params_trigger_ui.py
[2024-03-28T17:12:09.808+0000] {processor.py:830} INFO - Processing file /home/airflow/.local/lib/python3.8/site-packages/airflow/example_dags/example_params_trigger_ui.py for tasks to queue
[2024-03-28T17:12:09.820+0000] {logging_mixin.py:188} INFO - [2024-03-28T17:12:09.820+0000] {dagbag.py:540} INFO - Filling up the DagBag from /home/airflow/.local/lib/python3.8/site-packages/airflow/example_dags/example_params_trigger_ui.py
[2024-03-28T17:12:09.947+0000] {processor.py:840} INFO - DAG(s) 'example_params_trigger_ui' retrieved from /home/airflow/.local/lib/python3.8/site-packages/airflow/example_dags/example_params_trigger_ui.py
[2024-03-28T17:12:10.484+0000] {logging_mixin.py:188} INFO - [2024-03-28T17:12:10.483+0000] {dag.py:3047} INFO - Sync 1 DAGs
[2024-03-28T17:12:10.570+0000] {logging_mixin.py:188} INFO - [2024-03-28T17:12:10.570+0000] {dag.py:3834} INFO - Setting next_dagrun for example_params_trigger_ui to None, run_after=None
[2024-03-28T17:12:10.798+0000] {processor.py:183} INFO - Processing /home/airflow/.local/lib/python3.8/site-packages/airflow/example_dags/example_params_trigger_ui.py took 1.020 seconds
[2024-03-28T17:12:48.840+0000] {processor.py:161} INFO - Started process (PID=461) to work on /home/airflow/.local/lib/python3.8/site-packages/airflow/example_dags/example_params_trigger_ui.py
[2024-03-28T17:12:48.905+0000] {processor.py:830} INFO - Processing file /home/airflow/.local/lib/python3.8/site-packages/airflow/example_dags/example_params_trigger_ui.py for tasks to queue
[2024-03-28T17:12:48.939+0000] {logging_mixin.py:188} INFO - [2024-03-28T17:12:48.938+0000] {dagbag.py:540} INFO - Filling up the DagBag from /home/airflow/.local/lib/python3.8/site-packages/airflow/example_dags/example_params_trigger_ui.py
[2024-03-28T17:12:49.007+0000] {processor.py:840} INFO - DAG(s) 'example_params_trigger_ui' retrieved from /home/airflow/.local/lib/python3.8/site-packages/airflow/example_dags/example_params_trigger_ui.py
[2024-03-28T17:12:49.223+0000] {logging_mixin.py:188} INFO - [2024-03-28T17:12:49.222+0000] {dag.py:3047} INFO - Sync 1 DAGs
[2024-03-28T17:12:49.259+0000] {logging_mixin.py:188} INFO - [2024-03-28T17:12:49.259+0000] {dag.py:3834} INFO - Setting next_dagrun for example_params_trigger_ui to None, run_after=None
[2024-03-28T17:12:49.499+0000] {processor.py:183} INFO - Processing /home/airflow/.local/lib/python3.8/site-packages/airflow/example_dags/example_params_trigger_ui.py took 0.691 seconds
[2024-03-28T17:13:21.739+0000] {processor.py:161} INFO - Started process (PID=517) to work on /home/airflow/.local/lib/python3.8/site-packages/airflow/example_dags/example_params_trigger_ui.py
[2024-03-28T17:13:21.749+0000] {processor.py:830} INFO - Processing file /home/airflow/.local/lib/python3.8/site-packages/airflow/example_dags/example_params_trigger_ui.py for tasks to queue
[2024-03-28T17:13:21.767+0000] {logging_mixin.py:188} INFO - [2024-03-28T17:13:21.761+0000] {dagbag.py:540} INFO - Filling up the DagBag from /home/airflow/.local/lib/python3.8/site-packages/airflow/example_dags/example_params_trigger_ui.py
[2024-03-28T17:13:21.944+0000] {processor.py:840} INFO - DAG(s) 'example_params_trigger_ui' retrieved from /home/airflow/.local/lib/python3.8/site-packages/airflow/example_dags/example_params_trigger_ui.py
[2024-03-28T17:13:22.591+0000] {logging_mixin.py:188} INFO - [2024-03-28T17:13:22.590+0000] {dag.py:3047} INFO - Sync 1 DAGs
[2024-03-28T17:13:22.725+0000] {logging_mixin.py:188} INFO - [2024-03-28T17:13:22.724+0000] {dag.py:3834} INFO - Setting next_dagrun for example_params_trigger_ui to None, run_after=None
[2024-03-28T17:13:22.849+0000] {processor.py:183} INFO - Processing /home/airflow/.local/lib/python3.8/site-packages/airflow/example_dags/example_params_trigger_ui.py took 1.133 seconds
[2024-03-28T17:13:55.891+0000] {processor.py:161} INFO - Started process (PID=572) to work on /home/airflow/.local/lib/python3.8/site-packages/airflow/example_dags/example_params_trigger_ui.py
[2024-03-28T17:13:55.916+0000] {processor.py:830} INFO - Processing file /home/airflow/.local/lib/python3.8/site-packages/airflow/example_dags/example_params_trigger_ui.py for tasks to queue
[2024-03-28T17:13:55.956+0000] {logging_mixin.py:188} INFO - [2024-03-28T17:13:55.955+0000] {dagbag.py:540} INFO - Filling up the DagBag from /home/airflow/.local/lib/python3.8/site-packages/airflow/example_dags/example_params_trigger_ui.py
[2024-03-28T17:13:56.429+0000] {processor.py:840} INFO - DAG(s) 'example_params_trigger_ui' retrieved from /home/airflow/.local/lib/python3.8/site-packages/airflow/example_dags/example_params_trigger_ui.py
[2024-03-28T17:13:57.503+0000] {logging_mixin.py:188} INFO - [2024-03-28T17:13:57.503+0000] {dag.py:3047} INFO - Sync 1 DAGs
[2024-03-28T17:13:57.645+0000] {logging_mixin.py:188} INFO - [2024-03-28T17:13:57.644+0000] {dag.py:3834} INFO - Setting next_dagrun for example_params_trigger_ui to None, run_after=None
[2024-03-28T17:13:57.819+0000] {processor.py:183} INFO - Processing /home/airflow/.local/lib/python3.8/site-packages/airflow/example_dags/example_params_trigger_ui.py took 2.038 seconds
[2024-03-28T17:14:28.188+0000] {processor.py:161} INFO - Started process (PID=632) to work on /home/airflow/.local/lib/python3.8/site-packages/airflow/example_dags/example_params_trigger_ui.py
[2024-03-28T17:14:28.194+0000] {processor.py:830} INFO - Processing file /home/airflow/.local/lib/python3.8/site-packages/airflow/example_dags/example_params_trigger_ui.py for tasks to queue
[2024-03-28T17:14:28.209+0000] {logging_mixin.py:188} INFO - [2024-03-28T17:14:28.205+0000] {dagbag.py:540} INFO - Filling up the DagBag from /home/airflow/.local/lib/python3.8/site-packages/airflow/example_dags/example_params_trigger_ui.py
[2024-03-28T17:14:28.245+0000] {processor.py:840} INFO - DAG(s) 'example_params_trigger_ui' retrieved from /home/airflow/.local/lib/python3.8/site-packages/airflow/example_dags/example_params_trigger_ui.py
[2024-03-28T17:14:28.492+0000] {logging_mixin.py:188} INFO - [2024-03-28T17:14:28.490+0000] {dag.py:3047} INFO - Sync 1 DAGs
[2024-03-28T17:14:28.560+0000] {logging_mixin.py:188} INFO - [2024-03-28T17:14:28.560+0000] {dag.py:3834} INFO - Setting next_dagrun for example_params_trigger_ui to None, run_after=None
[2024-03-28T17:14:28.756+0000] {processor.py:183} INFO - Processing /home/airflow/.local/lib/python3.8/site-packages/airflow/example_dags/example_params_trigger_ui.py took 0.580 seconds
[2024-03-28T17:14:59.012+0000] {processor.py:161} INFO - Started process (PID=686) to work on /home/airflow/.local/lib/python3.8/site-packages/airflow/example_dags/example_params_trigger_ui.py
[2024-03-28T17:14:59.016+0000] {processor.py:830} INFO - Processing file /home/airflow/.local/lib/python3.8/site-packages/airflow/example_dags/example_params_trigger_ui.py for tasks to queue
[2024-03-28T17:14:59.024+0000] {logging_mixin.py:188} INFO - [2024-03-28T17:14:59.022+0000] {dagbag.py:540} INFO - Filling up the DagBag from /home/airflow/.local/lib/python3.8/site-packages/airflow/example_dags/example_params_trigger_ui.py
[2024-03-28T17:14:59.058+0000] {processor.py:840} INFO - DAG(s) 'example_params_trigger_ui' retrieved from /home/airflow/.local/lib/python3.8/site-packages/airflow/example_dags/example_params_trigger_ui.py
[2024-03-28T17:14:59.184+0000] {logging_mixin.py:188} INFO - [2024-03-28T17:14:59.184+0000] {dag.py:3047} INFO - Sync 1 DAGs
[2024-03-28T17:14:59.201+0000] {logging_mixin.py:188} INFO - [2024-03-28T17:14:59.199+0000] {dag.py:3834} INFO - Setting next_dagrun for example_params_trigger_ui to None, run_after=None
[2024-03-28T17:14:59.245+0000] {processor.py:183} INFO - Processing /home/airflow/.local/lib/python3.8/site-packages/airflow/example_dags/example_params_trigger_ui.py took 0.264 seconds
[2024-03-28T17:15:37.172+0000] {processor.py:161} INFO - Started process (PID=727) to work on /home/airflow/.local/lib/python3.8/site-packages/airflow/example_dags/example_params_trigger_ui.py
[2024-03-28T17:15:37.185+0000] {processor.py:830} INFO - Processing file /home/airflow/.local/lib/python3.8/site-packages/airflow/example_dags/example_params_trigger_ui.py for tasks to queue
[2024-03-28T17:15:37.202+0000] {logging_mixin.py:188} INFO - [2024-03-28T17:15:37.199+0000] {dagbag.py:540} INFO - Filling up the DagBag from /home/airflow/.local/lib/python3.8/site-packages/airflow/example_dags/example_params_trigger_ui.py
[2024-03-28T17:15:37.259+0000] {processor.py:840} INFO - DAG(s) 'example_params_trigger_ui' retrieved from /home/airflow/.local/lib/python3.8/site-packages/airflow/example_dags/example_params_trigger_ui.py
[2024-03-28T17:15:37.471+0000] {logging_mixin.py:188} INFO - [2024-03-28T17:15:37.471+0000] {dag.py:3047} INFO - Sync 1 DAGs
[2024-03-28T17:15:37.505+0000] {logging_mixin.py:188} INFO - [2024-03-28T17:15:37.505+0000] {dag.py:3834} INFO - Setting next_dagrun for example_params_trigger_ui to None, run_after=None
[2024-03-28T17:15:37.551+0000] {processor.py:183} INFO - Processing /home/airflow/.local/lib/python3.8/site-packages/airflow/example_dags/example_params_trigger_ui.py took 0.392 seconds
[2024-03-28T17:16:07.933+0000] {processor.py:161} INFO - Started process (PID=782) to work on /home/airflow/.local/lib/python3.8/site-packages/airflow/example_dags/example_params_trigger_ui.py
[2024-03-28T17:16:07.940+0000] {processor.py:830} INFO - Processing file /home/airflow/.local/lib/python3.8/site-packages/airflow/example_dags/example_params_trigger_ui.py for tasks to queue
[2024-03-28T17:16:07.956+0000] {logging_mixin.py:188} INFO - [2024-03-28T17:16:07.952+0000] {dagbag.py:540} INFO - Filling up the DagBag from /home/airflow/.local/lib/python3.8/site-packages/airflow/example_dags/example_params_trigger_ui.py
[2024-03-28T17:16:08.035+0000] {processor.py:840} INFO - DAG(s) 'example_params_trigger_ui' retrieved from /home/airflow/.local/lib/python3.8/site-packages/airflow/example_dags/example_params_trigger_ui.py
[2024-03-28T17:16:08.308+0000] {logging_mixin.py:188} INFO - [2024-03-28T17:16:08.308+0000] {dag.py:3047} INFO - Sync 1 DAGs
[2024-03-28T17:16:08.361+0000] {logging_mixin.py:188} INFO - [2024-03-28T17:16:08.360+0000] {dag.py:3834} INFO - Setting next_dagrun for example_params_trigger_ui to None, run_after=None
[2024-03-28T17:16:08.441+0000] {processor.py:183} INFO - Processing /home/airflow/.local/lib/python3.8/site-packages/airflow/example_dags/example_params_trigger_ui.py took 0.524 seconds
[2024-03-28T17:16:44.194+0000] {processor.py:161} INFO - Started process (PID=834) to work on /home/airflow/.local/lib/python3.8/site-packages/airflow/example_dags/example_params_trigger_ui.py
[2024-03-28T17:16:44.200+0000] {processor.py:830} INFO - Processing file /home/airflow/.local/lib/python3.8/site-packages/airflow/example_dags/example_params_trigger_ui.py for tasks to queue
[2024-03-28T17:16:44.274+0000] {logging_mixin.py:188} INFO - [2024-03-28T17:16:44.258+0000] {dagbag.py:540} INFO - Filling up the DagBag from /home/airflow/.local/lib/python3.8/site-packages/airflow/example_dags/example_params_trigger_ui.py
[2024-03-28T17:16:44.889+0000] {processor.py:840} INFO - DAG(s) 'example_params_trigger_ui' retrieved from /home/airflow/.local/lib/python3.8/site-packages/airflow/example_dags/example_params_trigger_ui.py
[2024-03-28T17:16:46.032+0000] {logging_mixin.py:188} INFO - [2024-03-28T17:16:46.030+0000] {dag.py:3047} INFO - Sync 1 DAGs
[2024-03-28T17:16:46.405+0000] {logging_mixin.py:188} INFO - [2024-03-28T17:16:46.405+0000] {dag.py:3834} INFO - Setting next_dagrun for example_params_trigger_ui to None, run_after=None
[2024-03-28T17:16:47.076+0000] {processor.py:183} INFO - Processing /home/airflow/.local/lib/python3.8/site-packages/airflow/example_dags/example_params_trigger_ui.py took 3.008 seconds
[2024-03-28T17:17:20.930+0000] {processor.py:161} INFO - Started process (PID=889) to work on /home/airflow/.local/lib/python3.8/site-packages/airflow/example_dags/example_params_trigger_ui.py
[2024-03-28T17:17:20.937+0000] {processor.py:830} INFO - Processing file /home/airflow/.local/lib/python3.8/site-packages/airflow/example_dags/example_params_trigger_ui.py for tasks to queue
[2024-03-28T17:17:20.966+0000] {logging_mixin.py:188} INFO - [2024-03-28T17:17:20.965+0000] {dagbag.py:540} INFO - Filling up the DagBag from /home/airflow/.local/lib/python3.8/site-packages/airflow/example_dags/example_params_trigger_ui.py
[2024-03-28T17:17:21.245+0000] {processor.py:840} INFO - DAG(s) 'example_params_trigger_ui' retrieved from /home/airflow/.local/lib/python3.8/site-packages/airflow/example_dags/example_params_trigger_ui.py
[2024-03-28T17:17:22.078+0000] {logging_mixin.py:188} INFO - [2024-03-28T17:17:22.056+0000] {dag.py:3047} INFO - Sync 1 DAGs
[2024-03-28T17:17:22.273+0000] {logging_mixin.py:188} INFO - [2024-03-28T17:17:22.266+0000] {dag.py:3834} INFO - Setting next_dagrun for example_params_trigger_ui to None, run_after=None
[2024-03-28T17:17:22.669+0000] {processor.py:183} INFO - Processing /home/airflow/.local/lib/python3.8/site-packages/airflow/example_dags/example_params_trigger_ui.py took 1.786 seconds
[2024-03-28T17:18:11.361+0000] {processor.py:161} INFO - Started process (PID=943) to work on /home/airflow/.local/lib/python3.8/site-packages/airflow/example_dags/example_params_trigger_ui.py
[2024-03-28T17:18:11.422+0000] {processor.py:830} INFO - Processing file /home/airflow/.local/lib/python3.8/site-packages/airflow/example_dags/example_params_trigger_ui.py for tasks to queue
[2024-03-28T17:18:11.531+0000] {logging_mixin.py:188} INFO - [2024-03-28T17:18:11.530+0000] {dagbag.py:540} INFO - Filling up the DagBag from /home/airflow/.local/lib/python3.8/site-packages/airflow/example_dags/example_params_trigger_ui.py
[2024-03-28T17:18:11.792+0000] {processor.py:840} INFO - DAG(s) 'example_params_trigger_ui' retrieved from /home/airflow/.local/lib/python3.8/site-packages/airflow/example_dags/example_params_trigger_ui.py
[2024-03-28T17:18:12.944+0000] {logging_mixin.py:188} INFO - [2024-03-28T17:18:12.943+0000] {dag.py:3047} INFO - Sync 1 DAGs
[2024-03-28T17:18:13.273+0000] {logging_mixin.py:188} INFO - [2024-03-28T17:18:13.272+0000] {dag.py:3834} INFO - Setting next_dagrun for example_params_trigger_ui to None, run_after=None
[2024-03-28T17:18:13.607+0000] {processor.py:183} INFO - Processing /home/airflow/.local/lib/python3.8/site-packages/airflow/example_dags/example_params_trigger_ui.py took 2.343 seconds
[2024-03-28T17:18:54.794+0000] {processor.py:161} INFO - Started process (PID=991) to work on /home/airflow/.local/lib/python3.8/site-packages/airflow/example_dags/example_params_trigger_ui.py
[2024-03-28T17:18:54.805+0000] {processor.py:830} INFO - Processing file /home/airflow/.local/lib/python3.8/site-packages/airflow/example_dags/example_params_trigger_ui.py for tasks to queue
[2024-03-28T17:18:54.813+0000] {logging_mixin.py:188} INFO - [2024-03-28T17:18:54.812+0000] {dagbag.py:540} INFO - Filling up the DagBag from /home/airflow/.local/lib/python3.8/site-packages/airflow/example_dags/example_params_trigger_ui.py
[2024-03-28T17:18:54.891+0000] {processor.py:840} INFO - DAG(s) 'example_params_trigger_ui' retrieved from /home/airflow/.local/lib/python3.8/site-packages/airflow/example_dags/example_params_trigger_ui.py
[2024-03-28T17:18:55.117+0000] {logging_mixin.py:188} INFO - [2024-03-28T17:18:55.117+0000] {dag.py:3047} INFO - Sync 1 DAGs
[2024-03-28T17:18:55.159+0000] {logging_mixin.py:188} INFO - [2024-03-28T17:18:55.158+0000] {dag.py:3834} INFO - Setting next_dagrun for example_params_trigger_ui to None, run_after=None
[2024-03-28T17:18:55.217+0000] {processor.py:183} INFO - Processing /home/airflow/.local/lib/python3.8/site-packages/airflow/example_dags/example_params_trigger_ui.py took 0.439 seconds
[2024-03-28T17:19:26.989+0000] {processor.py:161} INFO - Started process (PID=1045) to work on /home/airflow/.local/lib/python3.8/site-packages/airflow/example_dags/example_params_trigger_ui.py
[2024-03-28T17:19:26.992+0000] {processor.py:830} INFO - Processing file /home/airflow/.local/lib/python3.8/site-packages/airflow/example_dags/example_params_trigger_ui.py for tasks to queue
[2024-03-28T17:19:27.003+0000] {logging_mixin.py:188} INFO - [2024-03-28T17:19:27.002+0000] {dagbag.py:540} INFO - Filling up the DagBag from /home/airflow/.local/lib/python3.8/site-packages/airflow/example_dags/example_params_trigger_ui.py
[2024-03-28T17:19:27.052+0000] {processor.py:840} INFO - DAG(s) 'example_params_trigger_ui' retrieved from /home/airflow/.local/lib/python3.8/site-packages/airflow/example_dags/example_params_trigger_ui.py
[2024-03-28T17:19:27.278+0000] {logging_mixin.py:188} INFO - [2024-03-28T17:19:27.277+0000] {dag.py:3047} INFO - Sync 1 DAGs
[2024-03-28T17:19:27.315+0000] {logging_mixin.py:188} INFO - [2024-03-28T17:19:27.314+0000] {dag.py:3834} INFO - Setting next_dagrun for example_params_trigger_ui to None, run_after=None
[2024-03-28T17:19:27.400+0000] {processor.py:183} INFO - Processing /home/airflow/.local/lib/python3.8/site-packages/airflow/example_dags/example_params_trigger_ui.py took 0.422 seconds
[2024-03-28T17:20:00.655+0000] {processor.py:161} INFO - Started process (PID=1101) to work on /home/airflow/.local/lib/python3.8/site-packages/airflow/example_dags/example_params_trigger_ui.py
[2024-03-28T17:20:00.693+0000] {processor.py:830} INFO - Processing file /home/airflow/.local/lib/python3.8/site-packages/airflow/example_dags/example_params_trigger_ui.py for tasks to queue
[2024-03-28T17:20:00.712+0000] {logging_mixin.py:188} INFO - [2024-03-28T17:20:00.711+0000] {dagbag.py:540} INFO - Filling up the DagBag from /home/airflow/.local/lib/python3.8/site-packages/airflow/example_dags/example_params_trigger_ui.py
[2024-03-28T17:20:01.022+0000] {processor.py:840} INFO - DAG(s) 'example_params_trigger_ui' retrieved from /home/airflow/.local/lib/python3.8/site-packages/airflow/example_dags/example_params_trigger_ui.py
[2024-03-28T17:20:02.133+0000] {logging_mixin.py:188} INFO - [2024-03-28T17:20:02.131+0000] {dag.py:3047} INFO - Sync 1 DAGs
[2024-03-28T17:20:02.201+0000] {logging_mixin.py:188} INFO - [2024-03-28T17:20:02.201+0000] {dag.py:3834} INFO - Setting next_dagrun for example_params_trigger_ui to None, run_after=None
[2024-03-28T17:20:02.442+0000] {processor.py:183} INFO - Processing /home/airflow/.local/lib/python3.8/site-packages/airflow/example_dags/example_params_trigger_ui.py took 1.916 seconds
[2024-03-28T17:20:33.207+0000] {processor.py:161} INFO - Started process (PID=1156) to work on /home/airflow/.local/lib/python3.8/site-packages/airflow/example_dags/example_params_trigger_ui.py
[2024-03-28T17:20:33.259+0000] {processor.py:830} INFO - Processing file /home/airflow/.local/lib/python3.8/site-packages/airflow/example_dags/example_params_trigger_ui.py for tasks to queue
[2024-03-28T17:20:33.343+0000] {logging_mixin.py:188} INFO - [2024-03-28T17:20:33.342+0000] {dagbag.py:540} INFO - Filling up the DagBag from /home/airflow/.local/lib/python3.8/site-packages/airflow/example_dags/example_params_trigger_ui.py
[2024-03-28T17:20:33.387+0000] {processor.py:840} INFO - DAG(s) 'example_params_trigger_ui' retrieved from /home/airflow/.local/lib/python3.8/site-packages/airflow/example_dags/example_params_trigger_ui.py
[2024-03-28T17:20:34.096+0000] {logging_mixin.py:188} INFO - [2024-03-28T17:20:34.095+0000] {dag.py:3047} INFO - Sync 1 DAGs
[2024-03-28T17:20:34.304+0000] {logging_mixin.py:188} INFO - [2024-03-28T17:20:34.295+0000] {dag.py:3834} INFO - Setting next_dagrun for example_params_trigger_ui to None, run_after=None
[2024-03-28T17:20:34.806+0000] {processor.py:183} INFO - Processing /home/airflow/.local/lib/python3.8/site-packages/airflow/example_dags/example_params_trigger_ui.py took 1.723 seconds
[2024-03-28T17:21:05.619+0000] {processor.py:161} INFO - Started process (PID=1211) to work on /home/airflow/.local/lib/python3.8/site-packages/airflow/example_dags/example_params_trigger_ui.py
[2024-03-28T17:21:05.622+0000] {processor.py:830} INFO - Processing file /home/airflow/.local/lib/python3.8/site-packages/airflow/example_dags/example_params_trigger_ui.py for tasks to queue
[2024-03-28T17:21:05.630+0000] {logging_mixin.py:188} INFO - [2024-03-28T17:21:05.629+0000] {dagbag.py:540} INFO - Filling up the DagBag from /home/airflow/.local/lib/python3.8/site-packages/airflow/example_dags/example_params_trigger_ui.py
[2024-03-28T17:21:05.677+0000] {processor.py:840} INFO - DAG(s) 'example_params_trigger_ui' retrieved from /home/airflow/.local/lib/python3.8/site-packages/airflow/example_dags/example_params_trigger_ui.py
[2024-03-28T17:21:05.815+0000] {logging_mixin.py:188} INFO - [2024-03-28T17:21:05.815+0000] {dag.py:3047} INFO - Sync 1 DAGs
[2024-03-28T17:21:05.853+0000] {logging_mixin.py:188} INFO - [2024-03-28T17:21:05.853+0000] {dag.py:3834} INFO - Setting next_dagrun for example_params_trigger_ui to None, run_after=None
[2024-03-28T17:21:05.910+0000] {processor.py:183} INFO - Processing /home/airflow/.local/lib/python3.8/site-packages/airflow/example_dags/example_params_trigger_ui.py took 0.301 seconds
[2024-03-28T17:21:36.025+0000] {processor.py:161} INFO - Started process (PID=1266) to work on /home/airflow/.local/lib/python3.8/site-packages/airflow/example_dags/example_params_trigger_ui.py
[2024-03-28T17:21:36.029+0000] {processor.py:830} INFO - Processing file /home/airflow/.local/lib/python3.8/site-packages/airflow/example_dags/example_params_trigger_ui.py for tasks to queue
[2024-03-28T17:21:36.040+0000] {logging_mixin.py:188} INFO - [2024-03-28T17:21:36.038+0000] {dagbag.py:540} INFO - Filling up the DagBag from /home/airflow/.local/lib/python3.8/site-packages/airflow/example_dags/example_params_trigger_ui.py
[2024-03-28T17:21:36.076+0000] {processor.py:840} INFO - DAG(s) 'example_params_trigger_ui' retrieved from /home/airflow/.local/lib/python3.8/site-packages/airflow/example_dags/example_params_trigger_ui.py
[2024-03-28T17:21:36.285+0000] {logging_mixin.py:188} INFO - [2024-03-28T17:21:36.281+0000] {dag.py:3047} INFO - Sync 1 DAGs
[2024-03-28T17:21:36.493+0000] {logging_mixin.py:188} INFO - [2024-03-28T17:21:36.492+0000] {dag.py:3834} INFO - Setting next_dagrun for example_params_trigger_ui to None, run_after=None
[2024-03-28T17:21:36.585+0000] {processor.py:183} INFO - Processing /home/airflow/.local/lib/python3.8/site-packages/airflow/example_dags/example_params_trigger_ui.py took 0.570 seconds
[2024-03-28T17:22:07.125+0000] {processor.py:161} INFO - Started process (PID=1327) to work on /home/airflow/.local/lib/python3.8/site-packages/airflow/example_dags/example_params_trigger_ui.py
[2024-03-28T17:22:07.129+0000] {processor.py:830} INFO - Processing file /home/airflow/.local/lib/python3.8/site-packages/airflow/example_dags/example_params_trigger_ui.py for tasks to queue
[2024-03-28T17:22:07.142+0000] {logging_mixin.py:188} INFO - [2024-03-28T17:22:07.141+0000] {dagbag.py:540} INFO - Filling up the DagBag from /home/airflow/.local/lib/python3.8/site-packages/airflow/example_dags/example_params_trigger_ui.py
[2024-03-28T17:22:07.232+0000] {processor.py:840} INFO - DAG(s) 'example_params_trigger_ui' retrieved from /home/airflow/.local/lib/python3.8/site-packages/airflow/example_dags/example_params_trigger_ui.py
[2024-03-28T17:22:07.408+0000] {logging_mixin.py:188} INFO - [2024-03-28T17:22:07.408+0000] {dag.py:3047} INFO - Sync 1 DAGs
[2024-03-28T17:22:07.448+0000] {logging_mixin.py:188} INFO - [2024-03-28T17:22:07.447+0000] {dag.py:3834} INFO - Setting next_dagrun for example_params_trigger_ui to None, run_after=None
[2024-03-28T17:22:07.504+0000] {processor.py:183} INFO - Processing /home/airflow/.local/lib/python3.8/site-packages/airflow/example_dags/example_params_trigger_ui.py took 0.402 seconds
[2024-03-28T17:22:51.517+0000] {processor.py:161} INFO - Started process (PID=1375) to work on /home/airflow/.local/lib/python3.8/site-packages/airflow/example_dags/example_params_trigger_ui.py
[2024-03-28T17:22:51.537+0000] {processor.py:830} INFO - Processing file /home/airflow/.local/lib/python3.8/site-packages/airflow/example_dags/example_params_trigger_ui.py for tasks to queue
[2024-03-28T17:22:51.570+0000] {logging_mixin.py:188} INFO - [2024-03-28T17:22:51.561+0000] {dagbag.py:540} INFO - Filling up the DagBag from /home/airflow/.local/lib/python3.8/site-packages/airflow/example_dags/example_params_trigger_ui.py
[2024-03-28T17:22:51.732+0000] {processor.py:840} INFO - DAG(s) 'example_params_trigger_ui' retrieved from /home/airflow/.local/lib/python3.8/site-packages/airflow/example_dags/example_params_trigger_ui.py
[2024-03-28T17:22:53.894+0000] {logging_mixin.py:188} INFO - [2024-03-28T17:22:53.893+0000] {dag.py:3047} INFO - Sync 1 DAGs
[2024-03-28T17:22:54.320+0000] {logging_mixin.py:188} INFO - [2024-03-28T17:22:54.236+0000] {dag.py:3834} INFO - Setting next_dagrun for example_params_trigger_ui to None, run_after=None
[2024-03-28T17:22:54.652+0000] {processor.py:183} INFO - Processing /home/airflow/.local/lib/python3.8/site-packages/airflow/example_dags/example_params_trigger_ui.py took 3.193 seconds
[2024-03-28T17:23:25.362+0000] {processor.py:161} INFO - Started process (PID=1430) to work on /home/airflow/.local/lib/python3.8/site-packages/airflow/example_dags/example_params_trigger_ui.py
[2024-03-28T17:23:25.369+0000] {processor.py:830} INFO - Processing file /home/airflow/.local/lib/python3.8/site-packages/airflow/example_dags/example_params_trigger_ui.py for tasks to queue
[2024-03-28T17:23:25.381+0000] {logging_mixin.py:188} INFO - [2024-03-28T17:23:25.378+0000] {dagbag.py:540} INFO - Filling up the DagBag from /home/airflow/.local/lib/python3.8/site-packages/airflow/example_dags/example_params_trigger_ui.py
[2024-03-28T17:23:25.432+0000] {processor.py:840} INFO - DAG(s) 'example_params_trigger_ui' retrieved from /home/airflow/.local/lib/python3.8/site-packages/airflow/example_dags/example_params_trigger_ui.py
[2024-03-28T17:23:25.645+0000] {logging_mixin.py:188} INFO - [2024-03-28T17:23:25.644+0000] {dag.py:3047} INFO - Sync 1 DAGs
[2024-03-28T17:23:25.703+0000] {logging_mixin.py:188} INFO - [2024-03-28T17:23:25.702+0000] {dag.py:3834} INFO - Setting next_dagrun for example_params_trigger_ui to None, run_after=None
[2024-03-28T17:23:25.774+0000] {processor.py:183} INFO - Processing /home/airflow/.local/lib/python3.8/site-packages/airflow/example_dags/example_params_trigger_ui.py took 0.427 seconds
[2024-03-28T17:23:56.031+0000] {processor.py:161} INFO - Started process (PID=1483) to work on /home/airflow/.local/lib/python3.8/site-packages/airflow/example_dags/example_params_trigger_ui.py
[2024-03-28T17:23:56.063+0000] {processor.py:830} INFO - Processing file /home/airflow/.local/lib/python3.8/site-packages/airflow/example_dags/example_params_trigger_ui.py for tasks to queue
[2024-03-28T17:23:56.101+0000] {logging_mixin.py:188} INFO - [2024-03-28T17:23:56.093+0000] {dagbag.py:540} INFO - Filling up the DagBag from /home/airflow/.local/lib/python3.8/site-packages/airflow/example_dags/example_params_trigger_ui.py
[2024-03-28T17:23:56.170+0000] {processor.py:840} INFO - DAG(s) 'example_params_trigger_ui' retrieved from /home/airflow/.local/lib/python3.8/site-packages/airflow/example_dags/example_params_trigger_ui.py
[2024-03-28T17:23:56.629+0000] {logging_mixin.py:188} INFO - [2024-03-28T17:23:56.629+0000] {dag.py:3047} INFO - Sync 1 DAGs
[2024-03-28T17:23:56.773+0000] {logging_mixin.py:188} INFO - [2024-03-28T17:23:56.772+0000] {dag.py:3834} INFO - Setting next_dagrun for example_params_trigger_ui to None, run_after=None
[2024-03-28T17:23:56.925+0000] {processor.py:183} INFO - Processing /home/airflow/.local/lib/python3.8/site-packages/airflow/example_dags/example_params_trigger_ui.py took 0.917 seconds
[2024-03-28T17:24:27.692+0000] {processor.py:161} INFO - Started process (PID=1538) to work on /home/airflow/.local/lib/python3.8/site-packages/airflow/example_dags/example_params_trigger_ui.py
[2024-03-28T17:24:27.707+0000] {processor.py:830} INFO - Processing file /home/airflow/.local/lib/python3.8/site-packages/airflow/example_dags/example_params_trigger_ui.py for tasks to queue
[2024-03-28T17:24:27.724+0000] {logging_mixin.py:188} INFO - [2024-03-28T17:24:27.717+0000] {dagbag.py:540} INFO - Filling up the DagBag from /home/airflow/.local/lib/python3.8/site-packages/airflow/example_dags/example_params_trigger_ui.py
[2024-03-28T17:24:27.795+0000] {processor.py:840} INFO - DAG(s) 'example_params_trigger_ui' retrieved from /home/airflow/.local/lib/python3.8/site-packages/airflow/example_dags/example_params_trigger_ui.py
[2024-03-28T17:24:28.007+0000] {logging_mixin.py:188} INFO - [2024-03-28T17:24:28.006+0000] {dag.py:3047} INFO - Sync 1 DAGs
[2024-03-28T17:24:28.047+0000] {logging_mixin.py:188} INFO - [2024-03-28T17:24:28.047+0000] {dag.py:3834} INFO - Setting next_dagrun for example_params_trigger_ui to None, run_after=None
[2024-03-28T17:24:28.104+0000] {processor.py:183} INFO - Processing /home/airflow/.local/lib/python3.8/site-packages/airflow/example_dags/example_params_trigger_ui.py took 0.421 seconds
[2024-03-28T17:24:58.441+0000] {processor.py:161} INFO - Started process (PID=1595) to work on /home/airflow/.local/lib/python3.8/site-packages/airflow/example_dags/example_params_trigger_ui.py
[2024-03-28T17:24:58.482+0000] {processor.py:830} INFO - Processing file /home/airflow/.local/lib/python3.8/site-packages/airflow/example_dags/example_params_trigger_ui.py for tasks to queue
[2024-03-28T17:24:58.497+0000] {logging_mixin.py:188} INFO - [2024-03-28T17:24:58.495+0000] {dagbag.py:540} INFO - Filling up the DagBag from /home/airflow/.local/lib/python3.8/site-packages/airflow/example_dags/example_params_trigger_ui.py
[2024-03-28T17:24:58.556+0000] {processor.py:840} INFO - DAG(s) 'example_params_trigger_ui' retrieved from /home/airflow/.local/lib/python3.8/site-packages/airflow/example_dags/example_params_trigger_ui.py
[2024-03-28T17:24:58.711+0000] {logging_mixin.py:188} INFO - [2024-03-28T17:24:58.711+0000] {dag.py:3047} INFO - Sync 1 DAGs
[2024-03-28T17:24:58.750+0000] {logging_mixin.py:188} INFO - [2024-03-28T17:24:58.750+0000] {dag.py:3834} INFO - Setting next_dagrun for example_params_trigger_ui to None, run_after=None
[2024-03-28T17:24:58.861+0000] {processor.py:183} INFO - Processing /home/airflow/.local/lib/python3.8/site-packages/airflow/example_dags/example_params_trigger_ui.py took 0.434 seconds
[2024-03-28T17:25:29.616+0000] {processor.py:161} INFO - Started process (PID=1649) to work on /home/airflow/.local/lib/python3.8/site-packages/airflow/example_dags/example_params_trigger_ui.py
[2024-03-28T17:25:29.621+0000] {processor.py:830} INFO - Processing file /home/airflow/.local/lib/python3.8/site-packages/airflow/example_dags/example_params_trigger_ui.py for tasks to queue
[2024-03-28T17:25:29.627+0000] {logging_mixin.py:188} INFO - [2024-03-28T17:25:29.626+0000] {dagbag.py:540} INFO - Filling up the DagBag from /home/airflow/.local/lib/python3.8/site-packages/airflow/example_dags/example_params_trigger_ui.py
[2024-03-28T17:25:29.667+0000] {processor.py:840} INFO - DAG(s) 'example_params_trigger_ui' retrieved from /home/airflow/.local/lib/python3.8/site-packages/airflow/example_dags/example_params_trigger_ui.py
[2024-03-28T17:25:29.864+0000] {logging_mixin.py:188} INFO - [2024-03-28T17:25:29.863+0000] {dag.py:3047} INFO - Sync 1 DAGs
[2024-03-28T17:25:29.912+0000] {logging_mixin.py:188} INFO - [2024-03-28T17:25:29.911+0000] {dag.py:3834} INFO - Setting next_dagrun for example_params_trigger_ui to None, run_after=None
[2024-03-28T17:25:29.998+0000] {processor.py:183} INFO - Processing /home/airflow/.local/lib/python3.8/site-packages/airflow/example_dags/example_params_trigger_ui.py took 0.391 seconds
[2024-03-28T17:26:06.425+0000] {processor.py:161} INFO - Started process (PID=1701) to work on /home/airflow/.local/lib/python3.8/site-packages/airflow/example_dags/example_params_trigger_ui.py
[2024-03-28T17:26:06.427+0000] {processor.py:830} INFO - Processing file /home/airflow/.local/lib/python3.8/site-packages/airflow/example_dags/example_params_trigger_ui.py for tasks to queue
[2024-03-28T17:26:06.433+0000] {logging_mixin.py:188} INFO - [2024-03-28T17:26:06.432+0000] {dagbag.py:540} INFO - Filling up the DagBag from /home/airflow/.local/lib/python3.8/site-packages/airflow/example_dags/example_params_trigger_ui.py
[2024-03-28T17:26:06.488+0000] {processor.py:840} INFO - DAG(s) 'example_params_trigger_ui' retrieved from /home/airflow/.local/lib/python3.8/site-packages/airflow/example_dags/example_params_trigger_ui.py
[2024-03-28T17:26:06.665+0000] {logging_mixin.py:188} INFO - [2024-03-28T17:26:06.664+0000] {dag.py:3047} INFO - Sync 1 DAGs
[2024-03-28T17:26:06.723+0000] {logging_mixin.py:188} INFO - [2024-03-28T17:26:06.723+0000] {dag.py:3834} INFO - Setting next_dagrun for example_params_trigger_ui to None, run_after=None
[2024-03-28T17:26:06.783+0000] {processor.py:183} INFO - Processing /home/airflow/.local/lib/python3.8/site-packages/airflow/example_dags/example_params_trigger_ui.py took 0.372 seconds
[2024-03-28T17:26:39.402+0000] {processor.py:161} INFO - Started process (PID=1755) to work on /home/airflow/.local/lib/python3.8/site-packages/airflow/example_dags/example_params_trigger_ui.py
[2024-03-28T17:26:39.417+0000] {processor.py:830} INFO - Processing file /home/airflow/.local/lib/python3.8/site-packages/airflow/example_dags/example_params_trigger_ui.py for tasks to queue
[2024-03-28T17:26:39.433+0000] {logging_mixin.py:188} INFO - [2024-03-28T17:26:39.433+0000] {dagbag.py:540} INFO - Filling up the DagBag from /home/airflow/.local/lib/python3.8/site-packages/airflow/example_dags/example_params_trigger_ui.py
[2024-03-28T17:26:39.738+0000] {processor.py:840} INFO - DAG(s) 'example_params_trigger_ui' retrieved from /home/airflow/.local/lib/python3.8/site-packages/airflow/example_dags/example_params_trigger_ui.py
[2024-03-28T17:26:41.085+0000] {logging_mixin.py:188} INFO - [2024-03-28T17:26:41.084+0000] {dag.py:3047} INFO - Sync 1 DAGs
[2024-03-28T17:26:41.594+0000] {logging_mixin.py:188} INFO - [2024-03-28T17:26:41.594+0000] {dag.py:3834} INFO - Setting next_dagrun for example_params_trigger_ui to None, run_after=None
[2024-03-28T17:26:42.028+0000] {processor.py:183} INFO - Processing /home/airflow/.local/lib/python3.8/site-packages/airflow/example_dags/example_params_trigger_ui.py took 2.760 seconds
[2024-03-28T17:27:12.613+0000] {processor.py:161} INFO - Started process (PID=1817) to work on /home/airflow/.local/lib/python3.8/site-packages/airflow/example_dags/example_params_trigger_ui.py
[2024-03-28T17:27:12.630+0000] {processor.py:830} INFO - Processing file /home/airflow/.local/lib/python3.8/site-packages/airflow/example_dags/example_params_trigger_ui.py for tasks to queue
[2024-03-28T17:27:12.655+0000] {logging_mixin.py:188} INFO - [2024-03-28T17:27:12.654+0000] {dagbag.py:540} INFO - Filling up the DagBag from /home/airflow/.local/lib/python3.8/site-packages/airflow/example_dags/example_params_trigger_ui.py
[2024-03-28T17:27:12.796+0000] {processor.py:840} INFO - DAG(s) 'example_params_trigger_ui' retrieved from /home/airflow/.local/lib/python3.8/site-packages/airflow/example_dags/example_params_trigger_ui.py
[2024-03-28T17:27:13.168+0000] {logging_mixin.py:188} INFO - [2024-03-28T17:27:13.167+0000] {dag.py:3047} INFO - Sync 1 DAGs
[2024-03-28T17:27:13.311+0000] {logging_mixin.py:188} INFO - [2024-03-28T17:27:13.310+0000] {dag.py:3834} INFO - Setting next_dagrun for example_params_trigger_ui to None, run_after=None
[2024-03-28T17:27:13.939+0000] {processor.py:183} INFO - Processing /home/airflow/.local/lib/python3.8/site-packages/airflow/example_dags/example_params_trigger_ui.py took 1.354 seconds
[2024-03-28T17:27:44.263+0000] {processor.py:161} INFO - Started process (PID=1872) to work on /home/airflow/.local/lib/python3.8/site-packages/airflow/example_dags/example_params_trigger_ui.py
[2024-03-28T17:27:44.267+0000] {processor.py:830} INFO - Processing file /home/airflow/.local/lib/python3.8/site-packages/airflow/example_dags/example_params_trigger_ui.py for tasks to queue
[2024-03-28T17:27:44.273+0000] {logging_mixin.py:188} INFO - [2024-03-28T17:27:44.271+0000] {dagbag.py:540} INFO - Filling up the DagBag from /home/airflow/.local/lib/python3.8/site-packages/airflow/example_dags/example_params_trigger_ui.py
[2024-03-28T17:27:44.312+0000] {processor.py:840} INFO - DAG(s) 'example_params_trigger_ui' retrieved from /home/airflow/.local/lib/python3.8/site-packages/airflow/example_dags/example_params_trigger_ui.py
[2024-03-28T17:27:44.498+0000] {logging_mixin.py:188} INFO - [2024-03-28T17:27:44.497+0000] {dag.py:3047} INFO - Sync 1 DAGs
[2024-03-28T17:27:44.587+0000] {logging_mixin.py:188} INFO - [2024-03-28T17:27:44.585+0000] {dag.py:3834} INFO - Setting next_dagrun for example_params_trigger_ui to None, run_after=None
[2024-03-28T17:27:44.683+0000] {processor.py:183} INFO - Processing /home/airflow/.local/lib/python3.8/site-packages/airflow/example_dags/example_params_trigger_ui.py took 0.431 seconds
[2024-03-28T17:28:15.686+0000] {processor.py:161} INFO - Started process (PID=1928) to work on /home/airflow/.local/lib/python3.8/site-packages/airflow/example_dags/example_params_trigger_ui.py
[2024-03-28T17:28:15.691+0000] {processor.py:830} INFO - Processing file /home/airflow/.local/lib/python3.8/site-packages/airflow/example_dags/example_params_trigger_ui.py for tasks to queue
[2024-03-28T17:28:15.708+0000] {logging_mixin.py:188} INFO - [2024-03-28T17:28:15.702+0000] {dagbag.py:540} INFO - Filling up the DagBag from /home/airflow/.local/lib/python3.8/site-packages/airflow/example_dags/example_params_trigger_ui.py
[2024-03-28T17:28:15.749+0000] {processor.py:840} INFO - DAG(s) 'example_params_trigger_ui' retrieved from /home/airflow/.local/lib/python3.8/site-packages/airflow/example_dags/example_params_trigger_ui.py
[2024-03-28T17:28:15.924+0000] {logging_mixin.py:188} INFO - [2024-03-28T17:28:15.924+0000] {dag.py:3047} INFO - Sync 1 DAGs
[2024-03-28T17:28:15.969+0000] {logging_mixin.py:188} INFO - [2024-03-28T17:28:15.969+0000] {dag.py:3834} INFO - Setting next_dagrun for example_params_trigger_ui to None, run_after=None
[2024-03-28T17:28:16.032+0000] {processor.py:183} INFO - Processing /home/airflow/.local/lib/python3.8/site-packages/airflow/example_dags/example_params_trigger_ui.py took 0.358 seconds
[2024-03-28T17:28:52.331+0000] {processor.py:161} INFO - Started process (PID=1984) to work on /home/airflow/.local/lib/python3.8/site-packages/airflow/example_dags/example_params_trigger_ui.py
[2024-03-28T17:28:52.338+0000] {processor.py:830} INFO - Processing file /home/airflow/.local/lib/python3.8/site-packages/airflow/example_dags/example_params_trigger_ui.py for tasks to queue
[2024-03-28T17:28:52.351+0000] {logging_mixin.py:188} INFO - [2024-03-28T17:28:52.350+0000] {dagbag.py:540} INFO - Filling up the DagBag from /home/airflow/.local/lib/python3.8/site-packages/airflow/example_dags/example_params_trigger_ui.py
[2024-03-28T17:28:52.415+0000] {processor.py:840} INFO - DAG(s) 'example_params_trigger_ui' retrieved from /home/airflow/.local/lib/python3.8/site-packages/airflow/example_dags/example_params_trigger_ui.py
[2024-03-28T17:28:52.746+0000] {logging_mixin.py:188} INFO - [2024-03-28T17:28:52.745+0000] {dag.py:3047} INFO - Sync 1 DAGs
[2024-03-28T17:28:52.835+0000] {logging_mixin.py:188} INFO - [2024-03-28T17:28:52.835+0000] {dag.py:3834} INFO - Setting next_dagrun for example_params_trigger_ui to None, run_after=None
[2024-03-28T17:28:52.917+0000] {processor.py:183} INFO - Processing /home/airflow/.local/lib/python3.8/site-packages/airflow/example_dags/example_params_trigger_ui.py took 0.599 seconds
[2024-03-28T17:29:29.298+0000] {processor.py:161} INFO - Started process (PID=2042) to work on /home/airflow/.local/lib/python3.8/site-packages/airflow/example_dags/example_params_trigger_ui.py
[2024-03-28T17:29:29.311+0000] {processor.py:830} INFO - Processing file /home/airflow/.local/lib/python3.8/site-packages/airflow/example_dags/example_params_trigger_ui.py for tasks to queue
[2024-03-28T17:29:29.347+0000] {logging_mixin.py:188} INFO - [2024-03-28T17:29:29.346+0000] {dagbag.py:540} INFO - Filling up the DagBag from /home/airflow/.local/lib/python3.8/site-packages/airflow/example_dags/example_params_trigger_ui.py
[2024-03-28T17:29:29.515+0000] {processor.py:840} INFO - DAG(s) 'example_params_trigger_ui' retrieved from /home/airflow/.local/lib/python3.8/site-packages/airflow/example_dags/example_params_trigger_ui.py
[2024-03-28T17:29:29.824+0000] {logging_mixin.py:188} INFO - [2024-03-28T17:29:29.823+0000] {dag.py:3047} INFO - Sync 1 DAGs
[2024-03-28T17:29:29.922+0000] {logging_mixin.py:188} INFO - [2024-03-28T17:29:29.922+0000] {dag.py:3834} INFO - Setting next_dagrun for example_params_trigger_ui to None, run_after=None
[2024-03-28T17:29:30.014+0000] {processor.py:183} INFO - Processing /home/airflow/.local/lib/python3.8/site-packages/airflow/example_dags/example_params_trigger_ui.py took 0.736 seconds
[2024-03-28T17:30:04.512+0000] {processor.py:161} INFO - Started process (PID=2096) to work on /home/airflow/.local/lib/python3.8/site-packages/airflow/example_dags/example_params_trigger_ui.py
[2024-03-28T17:30:04.518+0000] {processor.py:830} INFO - Processing file /home/airflow/.local/lib/python3.8/site-packages/airflow/example_dags/example_params_trigger_ui.py for tasks to queue
[2024-03-28T17:30:04.529+0000] {logging_mixin.py:188} INFO - [2024-03-28T17:30:04.527+0000] {dagbag.py:540} INFO - Filling up the DagBag from /home/airflow/.local/lib/python3.8/site-packages/airflow/example_dags/example_params_trigger_ui.py
[2024-03-28T17:30:04.665+0000] {processor.py:840} INFO - DAG(s) 'example_params_trigger_ui' retrieved from /home/airflow/.local/lib/python3.8/site-packages/airflow/example_dags/example_params_trigger_ui.py
[2024-03-28T17:30:05.074+0000] {logging_mixin.py:188} INFO - [2024-03-28T17:30:05.073+0000] {dag.py:3047} INFO - Sync 1 DAGs
[2024-03-28T17:30:05.138+0000] {logging_mixin.py:188} INFO - [2024-03-28T17:30:05.137+0000] {dag.py:3834} INFO - Setting next_dagrun for example_params_trigger_ui to None, run_after=None
[2024-03-28T17:30:05.245+0000] {processor.py:183} INFO - Processing /home/airflow/.local/lib/python3.8/site-packages/airflow/example_dags/example_params_trigger_ui.py took 0.752 seconds
[2024-03-28T17:30:38.117+0000] {processor.py:161} INFO - Started process (PID=2151) to work on /home/airflow/.local/lib/python3.8/site-packages/airflow/example_dags/example_params_trigger_ui.py
[2024-03-28T17:30:38.132+0000] {processor.py:830} INFO - Processing file /home/airflow/.local/lib/python3.8/site-packages/airflow/example_dags/example_params_trigger_ui.py for tasks to queue
[2024-03-28T17:30:38.175+0000] {logging_mixin.py:188} INFO - [2024-03-28T17:30:38.169+0000] {dagbag.py:540} INFO - Filling up the DagBag from /home/airflow/.local/lib/python3.8/site-packages/airflow/example_dags/example_params_trigger_ui.py
[2024-03-28T17:30:38.546+0000] {processor.py:840} INFO - DAG(s) 'example_params_trigger_ui' retrieved from /home/airflow/.local/lib/python3.8/site-packages/airflow/example_dags/example_params_trigger_ui.py
[2024-03-28T17:30:39.621+0000] {logging_mixin.py:188} INFO - [2024-03-28T17:30:39.621+0000] {dag.py:3047} INFO - Sync 1 DAGs
[2024-03-28T17:30:39.907+0000] {logging_mixin.py:188} INFO - [2024-03-28T17:30:39.906+0000] {dag.py:3834} INFO - Setting next_dagrun for example_params_trigger_ui to None, run_after=None
[2024-03-28T17:30:40.515+0000] {processor.py:183} INFO - Processing /home/airflow/.local/lib/python3.8/site-packages/airflow/example_dags/example_params_trigger_ui.py took 2.391 seconds
[2024-03-28T17:31:14.716+0000] {processor.py:161} INFO - Started process (PID=2207) to work on /home/airflow/.local/lib/python3.8/site-packages/airflow/example_dags/example_params_trigger_ui.py
[2024-03-28T17:31:14.794+0000] {processor.py:830} INFO - Processing file /home/airflow/.local/lib/python3.8/site-packages/airflow/example_dags/example_params_trigger_ui.py for tasks to queue
[2024-03-28T17:31:14.831+0000] {logging_mixin.py:188} INFO - [2024-03-28T17:31:14.828+0000] {dagbag.py:540} INFO - Filling up the DagBag from /home/airflow/.local/lib/python3.8/site-packages/airflow/example_dags/example_params_trigger_ui.py
[2024-03-28T17:31:15.128+0000] {processor.py:840} INFO - DAG(s) 'example_params_trigger_ui' retrieved from /home/airflow/.local/lib/python3.8/site-packages/airflow/example_dags/example_params_trigger_ui.py
[2024-03-28T17:31:15.978+0000] {logging_mixin.py:188} INFO - [2024-03-28T17:31:15.977+0000] {dag.py:3047} INFO - Sync 1 DAGs
[2024-03-28T17:31:16.080+0000] {logging_mixin.py:188} INFO - [2024-03-28T17:31:16.080+0000] {dag.py:3834} INFO - Setting next_dagrun for example_params_trigger_ui to None, run_after=None
[2024-03-28T17:31:16.265+0000] {processor.py:183} INFO - Processing /home/airflow/.local/lib/python3.8/site-packages/airflow/example_dags/example_params_trigger_ui.py took 1.632 seconds
[2024-03-28T17:31:46.570+0000] {processor.py:161} INFO - Started process (PID=2261) to work on /home/airflow/.local/lib/python3.8/site-packages/airflow/example_dags/example_params_trigger_ui.py
[2024-03-28T17:31:46.574+0000] {processor.py:830} INFO - Processing file /home/airflow/.local/lib/python3.8/site-packages/airflow/example_dags/example_params_trigger_ui.py for tasks to queue
[2024-03-28T17:31:46.582+0000] {logging_mixin.py:188} INFO - [2024-03-28T17:31:46.581+0000] {dagbag.py:540} INFO - Filling up the DagBag from /home/airflow/.local/lib/python3.8/site-packages/airflow/example_dags/example_params_trigger_ui.py
[2024-03-28T17:31:46.610+0000] {processor.py:840} INFO - DAG(s) 'example_params_trigger_ui' retrieved from /home/airflow/.local/lib/python3.8/site-packages/airflow/example_dags/example_params_trigger_ui.py
[2024-03-28T17:31:46.745+0000] {logging_mixin.py:188} INFO - [2024-03-28T17:31:46.744+0000] {dag.py:3047} INFO - Sync 1 DAGs
[2024-03-28T17:31:46.818+0000] {logging_mixin.py:188} INFO - [2024-03-28T17:31:46.817+0000] {dag.py:3834} INFO - Setting next_dagrun for example_params_trigger_ui to None, run_after=None
[2024-03-28T17:31:46.926+0000] {processor.py:183} INFO - Processing /home/airflow/.local/lib/python3.8/site-packages/airflow/example_dags/example_params_trigger_ui.py took 0.367 seconds
[2024-03-28T17:32:19.105+0000] {processor.py:161} INFO - Started process (PID=2311) to work on /home/airflow/.local/lib/python3.8/site-packages/airflow/example_dags/example_params_trigger_ui.py
[2024-03-28T17:32:19.122+0000] {processor.py:830} INFO - Processing file /home/airflow/.local/lib/python3.8/site-packages/airflow/example_dags/example_params_trigger_ui.py for tasks to queue
[2024-03-28T17:32:19.127+0000] {logging_mixin.py:188} INFO - [2024-03-28T17:32:19.126+0000] {dagbag.py:540} INFO - Filling up the DagBag from /home/airflow/.local/lib/python3.8/site-packages/airflow/example_dags/example_params_trigger_ui.py
[2024-03-28T17:32:19.227+0000] {processor.py:840} INFO - DAG(s) 'example_params_trigger_ui' retrieved from /home/airflow/.local/lib/python3.8/site-packages/airflow/example_dags/example_params_trigger_ui.py
[2024-03-28T17:32:19.419+0000] {logging_mixin.py:188} INFO - [2024-03-28T17:32:19.419+0000] {dag.py:3047} INFO - Sync 1 DAGs
[2024-03-28T17:32:19.478+0000] {logging_mixin.py:188} INFO - [2024-03-28T17:32:19.477+0000] {dag.py:3834} INFO - Setting next_dagrun for example_params_trigger_ui to None, run_after=None
[2024-03-28T17:32:19.528+0000] {processor.py:183} INFO - Processing /home/airflow/.local/lib/python3.8/site-packages/airflow/example_dags/example_params_trigger_ui.py took 0.456 seconds
[2024-03-28T17:32:55.930+0000] {processor.py:161} INFO - Started process (PID=2368) to work on /home/airflow/.local/lib/python3.8/site-packages/airflow/example_dags/example_params_trigger_ui.py
[2024-03-28T17:32:55.936+0000] {processor.py:830} INFO - Processing file /home/airflow/.local/lib/python3.8/site-packages/airflow/example_dags/example_params_trigger_ui.py for tasks to queue
[2024-03-28T17:32:55.947+0000] {logging_mixin.py:188} INFO - [2024-03-28T17:32:55.946+0000] {dagbag.py:540} INFO - Filling up the DagBag from /home/airflow/.local/lib/python3.8/site-packages/airflow/example_dags/example_params_trigger_ui.py
[2024-03-28T17:32:56.010+0000] {processor.py:840} INFO - DAG(s) 'example_params_trigger_ui' retrieved from /home/airflow/.local/lib/python3.8/site-packages/airflow/example_dags/example_params_trigger_ui.py
[2024-03-28T17:32:56.299+0000] {logging_mixin.py:188} INFO - [2024-03-28T17:32:56.299+0000] {dag.py:3047} INFO - Sync 1 DAGs
[2024-03-28T17:32:56.345+0000] {logging_mixin.py:188} INFO - [2024-03-28T17:32:56.345+0000] {dag.py:3834} INFO - Setting next_dagrun for example_params_trigger_ui to None, run_after=None
[2024-03-28T17:32:56.424+0000] {processor.py:183} INFO - Processing /home/airflow/.local/lib/python3.8/site-packages/airflow/example_dags/example_params_trigger_ui.py took 0.505 seconds
[2024-03-28T17:33:27.836+0000] {processor.py:161} INFO - Started process (PID=2423) to work on /home/airflow/.local/lib/python3.8/site-packages/airflow/example_dags/example_params_trigger_ui.py
[2024-03-28T17:33:27.846+0000] {processor.py:830} INFO - Processing file /home/airflow/.local/lib/python3.8/site-packages/airflow/example_dags/example_params_trigger_ui.py for tasks to queue
[2024-03-28T17:33:27.854+0000] {logging_mixin.py:188} INFO - [2024-03-28T17:33:27.853+0000] {dagbag.py:540} INFO - Filling up the DagBag from /home/airflow/.local/lib/python3.8/site-packages/airflow/example_dags/example_params_trigger_ui.py
[2024-03-28T17:33:27.896+0000] {processor.py:840} INFO - DAG(s) 'example_params_trigger_ui' retrieved from /home/airflow/.local/lib/python3.8/site-packages/airflow/example_dags/example_params_trigger_ui.py
[2024-03-28T17:33:28.061+0000] {logging_mixin.py:188} INFO - [2024-03-28T17:33:28.061+0000] {dag.py:3047} INFO - Sync 1 DAGs
[2024-03-28T17:33:28.099+0000] {logging_mixin.py:188} INFO - [2024-03-28T17:33:28.099+0000] {dag.py:3834} INFO - Setting next_dagrun for example_params_trigger_ui to None, run_after=None
[2024-03-28T17:33:28.205+0000] {processor.py:183} INFO - Processing /home/airflow/.local/lib/python3.8/site-packages/airflow/example_dags/example_params_trigger_ui.py took 0.376 seconds
