[2024-03-28T16:31:53.420+0000] {processor.py:161} INFO - Started process (PID=131) to work on /home/airflow/.local/lib/python3.8/site-packages/airflow/example_dags/example_task_group_decorator.py
[2024-03-28T16:31:53.480+0000] {processor.py:830} INFO - Processing file /home/airflow/.local/lib/python3.8/site-packages/airflow/example_dags/example_task_group_decorator.py for tasks to queue
[2024-03-28T16:31:53.572+0000] {logging_mixin.py:188} INFO - [2024-03-28T16:31:53.540+0000] {dagbag.py:540} INFO - Filling up the DagBag from /home/airflow/.local/lib/python3.8/site-packages/airflow/example_dags/example_task_group_decorator.py
[2024-03-28T16:31:54.891+0000] {processor.py:840} INFO - DAG(s) 'example_task_group_decorator' retrieved from /home/airflow/.local/lib/python3.8/site-packages/airflow/example_dags/example_task_group_decorator.py
[2024-03-28T16:32:01.849+0000] {logging_mixin.py:188} INFO - [2024-03-28T16:32:01.844+0000] {override.py:1769} INFO - Created Permission View: can edit on DAG:example_task_group_decorator
[2024-03-28T16:32:02.554+0000] {logging_mixin.py:188} INFO - [2024-03-28T16:32:02.553+0000] {override.py:1769} INFO - Created Permission View: can read on DAG:example_task_group_decorator
[2024-03-28T16:32:02.777+0000] {logging_mixin.py:188} INFO - [2024-03-28T16:32:02.775+0000] {override.py:1769} INFO - Created Permission View: can delete on DAG:example_task_group_decorator
[2024-03-28T16:32:02.840+0000] {logging_mixin.py:188} INFO - [2024-03-28T16:32:02.830+0000] {dag.py:3047} INFO - Sync 1 DAGs
[2024-03-28T16:32:03.736+0000] {logging_mixin.py:188} INFO - [2024-03-28T16:32:03.734+0000] {dag.py:3069} INFO - Creating ORM DAG for example_task_group_decorator
[2024-03-28T16:32:04.287+0000] {logging_mixin.py:188} INFO - [2024-03-28T16:32:04.286+0000] {dag.py:3834} INFO - Setting next_dagrun for example_task_group_decorator to 2024-03-27 00:00:00+00:00, run_after=2024-03-28 00:00:00+00:00
[2024-03-28T16:32:06.225+0000] {processor.py:183} INFO - Processing /home/airflow/.local/lib/python3.8/site-packages/airflow/example_dags/example_task_group_decorator.py took 13.123 seconds
[2024-03-28T16:35:57.543+0000] {processor.py:161} INFO - Started process (PID=226) to work on /home/airflow/.local/lib/python3.8/site-packages/airflow/example_dags/example_task_group_decorator.py
[2024-03-28T16:35:57.582+0000] {processor.py:830} INFO - Processing file /home/airflow/.local/lib/python3.8/site-packages/airflow/example_dags/example_task_group_decorator.py for tasks to queue
[2024-03-28T16:35:57.674+0000] {logging_mixin.py:188} INFO - [2024-03-28T16:35:57.665+0000] {dagbag.py:540} INFO - Filling up the DagBag from /home/airflow/.local/lib/python3.8/site-packages/airflow/example_dags/example_task_group_decorator.py
[2024-03-28T16:35:58.992+0000] {processor.py:840} INFO - DAG(s) 'example_task_group_decorator' retrieved from /home/airflow/.local/lib/python3.8/site-packages/airflow/example_dags/example_task_group_decorator.py
[2024-03-28T16:36:01.604+0000] {logging_mixin.py:188} INFO - [2024-03-28T16:36:01.603+0000] {dag.py:3047} INFO - Sync 1 DAGs
[2024-03-28T16:36:03.530+0000] {logging_mixin.py:188} INFO - [2024-03-28T16:36:03.520+0000] {dag.py:3834} INFO - Setting next_dagrun for example_task_group_decorator to 2024-03-27 00:00:00+00:00, run_after=2024-03-28 00:00:00+00:00
[2024-03-28T16:36:05.576+0000] {processor.py:183} INFO - Processing /home/airflow/.local/lib/python3.8/site-packages/airflow/example_dags/example_task_group_decorator.py took 8.253 seconds
[2024-03-28T16:38:20.021+0000] {processor.py:161} INFO - Started process (PID=294) to work on /home/airflow/.local/lib/python3.8/site-packages/airflow/example_dags/example_task_group_decorator.py
[2024-03-28T16:38:20.117+0000] {processor.py:830} INFO - Processing file /home/airflow/.local/lib/python3.8/site-packages/airflow/example_dags/example_task_group_decorator.py for tasks to queue
[2024-03-28T16:38:20.188+0000] {logging_mixin.py:188} INFO - [2024-03-28T16:38:20.187+0000] {dagbag.py:540} INFO - Filling up the DagBag from /home/airflow/.local/lib/python3.8/site-packages/airflow/example_dags/example_task_group_decorator.py
[2024-03-28T16:38:20.930+0000] {processor.py:840} INFO - DAG(s) 'example_task_group_decorator' retrieved from /home/airflow/.local/lib/python3.8/site-packages/airflow/example_dags/example_task_group_decorator.py
[2024-03-28T16:38:22.170+0000] {logging_mixin.py:188} INFO - [2024-03-28T16:38:22.168+0000] {dag.py:3047} INFO - Sync 1 DAGs
[2024-03-28T16:38:22.819+0000] {logging_mixin.py:188} INFO - [2024-03-28T16:38:22.809+0000] {dag.py:3834} INFO - Setting next_dagrun for example_task_group_decorator to 2024-03-27 00:00:00+00:00, run_after=2024-03-28 00:00:00+00:00
[2024-03-28T16:38:24.035+0000] {processor.py:183} INFO - Processing /home/airflow/.local/lib/python3.8/site-packages/airflow/example_dags/example_task_group_decorator.py took 4.134 seconds
[2024-03-28T16:41:00.824+0000] {processor.py:161} INFO - Started process (PID=362) to work on /home/airflow/.local/lib/python3.8/site-packages/airflow/example_dags/example_task_group_decorator.py
[2024-03-28T16:41:01.066+0000] {processor.py:830} INFO - Processing file /home/airflow/.local/lib/python3.8/site-packages/airflow/example_dags/example_task_group_decorator.py for tasks to queue
[2024-03-28T16:41:01.284+0000] {logging_mixin.py:188} INFO - [2024-03-28T16:41:01.270+0000] {dagbag.py:540} INFO - Filling up the DagBag from /home/airflow/.local/lib/python3.8/site-packages/airflow/example_dags/example_task_group_decorator.py
[2024-03-28T16:41:02.887+0000] {processor.py:840} INFO - DAG(s) 'example_task_group_decorator' retrieved from /home/airflow/.local/lib/python3.8/site-packages/airflow/example_dags/example_task_group_decorator.py
[2024-03-28T16:41:05.672+0000] {logging_mixin.py:188} INFO - [2024-03-28T16:41:05.573+0000] {dag.py:3047} INFO - Sync 1 DAGs
[2024-03-28T16:41:09.725+0000] {logging_mixin.py:188} INFO - [2024-03-28T16:41:09.711+0000] {dag.py:3834} INFO - Setting next_dagrun for example_task_group_decorator to 2024-03-27 00:00:00+00:00, run_after=2024-03-28 00:00:00+00:00
[2024-03-28T16:41:11.463+0000] {processor.py:183} INFO - Processing /home/airflow/.local/lib/python3.8/site-packages/airflow/example_dags/example_task_group_decorator.py took 10.611 seconds
[2024-03-28T16:44:09.389+0000] {processor.py:161} INFO - Started process (PID=434) to work on /home/airflow/.local/lib/python3.8/site-packages/airflow/example_dags/example_task_group_decorator.py
[2024-03-28T16:44:09.851+0000] {processor.py:830} INFO - Processing file /home/airflow/.local/lib/python3.8/site-packages/airflow/example_dags/example_task_group_decorator.py for tasks to queue
[2024-03-28T16:44:10.004+0000] {logging_mixin.py:188} INFO - [2024-03-28T16:44:09.953+0000] {dagbag.py:540} INFO - Filling up the DagBag from /home/airflow/.local/lib/python3.8/site-packages/airflow/example_dags/example_task_group_decorator.py
[2024-03-28T16:44:11.595+0000] {processor.py:840} INFO - DAG(s) 'example_task_group_decorator' retrieved from /home/airflow/.local/lib/python3.8/site-packages/airflow/example_dags/example_task_group_decorator.py
[2024-03-28T16:44:13.498+0000] {logging_mixin.py:188} INFO - [2024-03-28T16:44:13.497+0000] {dag.py:3047} INFO - Sync 1 DAGs
[2024-03-28T16:44:15.322+0000] {logging_mixin.py:188} INFO - [2024-03-28T16:44:15.312+0000] {dag.py:3834} INFO - Setting next_dagrun for example_task_group_decorator to 2024-03-27 00:00:00+00:00, run_after=2024-03-28 00:00:00+00:00
[2024-03-28T16:44:17.234+0000] {processor.py:183} INFO - Processing /home/airflow/.local/lib/python3.8/site-packages/airflow/example_dags/example_task_group_decorator.py took 8.032 seconds
[2024-03-28T17:05:57.160+0000] {processor.py:161} INFO - Started process (PID=60) to work on /home/airflow/.local/lib/python3.8/site-packages/airflow/example_dags/example_task_group_decorator.py
[2024-03-28T17:05:57.174+0000] {processor.py:830} INFO - Processing file /home/airflow/.local/lib/python3.8/site-packages/airflow/example_dags/example_task_group_decorator.py for tasks to queue
[2024-03-28T17:05:57.186+0000] {logging_mixin.py:188} INFO - [2024-03-28T17:05:57.182+0000] {dagbag.py:540} INFO - Filling up the DagBag from /home/airflow/.local/lib/python3.8/site-packages/airflow/example_dags/example_task_group_decorator.py
[2024-03-28T17:05:57.364+0000] {processor.py:840} INFO - DAG(s) 'example_task_group_decorator' retrieved from /home/airflow/.local/lib/python3.8/site-packages/airflow/example_dags/example_task_group_decorator.py
[2024-03-28T17:05:58.962+0000] {logging_mixin.py:188} INFO - [2024-03-28T17:05:58.957+0000] {dag.py:3047} INFO - Sync 1 DAGs
[2024-03-28T17:05:59.290+0000] {logging_mixin.py:188} INFO - [2024-03-28T17:05:59.289+0000] {dag.py:3834} INFO - Setting next_dagrun for example_task_group_decorator to 2024-03-27 00:00:00+00:00, run_after=2024-03-28 00:00:00+00:00
[2024-03-28T17:05:59.553+0000] {processor.py:183} INFO - Processing /home/airflow/.local/lib/python3.8/site-packages/airflow/example_dags/example_task_group_decorator.py took 2.464 seconds
[2024-03-28T17:07:27.039+0000] {processor.py:161} INFO - Started process (PID=127) to work on /home/airflow/.local/lib/python3.8/site-packages/airflow/example_dags/example_task_group_decorator.py
[2024-03-28T17:07:27.048+0000] {processor.py:830} INFO - Processing file /home/airflow/.local/lib/python3.8/site-packages/airflow/example_dags/example_task_group_decorator.py for tasks to queue
[2024-03-28T17:07:27.058+0000] {logging_mixin.py:188} INFO - [2024-03-28T17:07:27.057+0000] {dagbag.py:540} INFO - Filling up the DagBag from /home/airflow/.local/lib/python3.8/site-packages/airflow/example_dags/example_task_group_decorator.py
[2024-03-28T17:07:27.191+0000] {processor.py:840} INFO - DAG(s) 'example_task_group_decorator' retrieved from /home/airflow/.local/lib/python3.8/site-packages/airflow/example_dags/example_task_group_decorator.py
[2024-03-28T17:07:27.406+0000] {logging_mixin.py:188} INFO - [2024-03-28T17:07:27.400+0000] {dag.py:3047} INFO - Sync 1 DAGs
[2024-03-28T17:07:27.627+0000] {logging_mixin.py:188} INFO - [2024-03-28T17:07:27.626+0000] {dag.py:3834} INFO - Setting next_dagrun for example_task_group_decorator to 2024-03-27 00:00:00+00:00, run_after=2024-03-28 00:00:00+00:00
[2024-03-28T17:07:27.741+0000] {processor.py:183} INFO - Processing /home/airflow/.local/lib/python3.8/site-packages/airflow/example_dags/example_task_group_decorator.py took 0.734 seconds
[2024-03-28T17:08:16.505+0000] {processor.py:161} INFO - Started process (PID=188) to work on /home/airflow/.local/lib/python3.8/site-packages/airflow/example_dags/example_task_group_decorator.py
[2024-03-28T17:08:16.523+0000] {processor.py:830} INFO - Processing file /home/airflow/.local/lib/python3.8/site-packages/airflow/example_dags/example_task_group_decorator.py for tasks to queue
[2024-03-28T17:08:16.544+0000] {logging_mixin.py:188} INFO - [2024-03-28T17:08:16.544+0000] {dagbag.py:540} INFO - Filling up the DagBag from /home/airflow/.local/lib/python3.8/site-packages/airflow/example_dags/example_task_group_decorator.py
[2024-03-28T17:08:16.663+0000] {processor.py:840} INFO - DAG(s) 'example_task_group_decorator' retrieved from /home/airflow/.local/lib/python3.8/site-packages/airflow/example_dags/example_task_group_decorator.py
[2024-03-28T17:08:16.776+0000] {logging_mixin.py:188} INFO - [2024-03-28T17:08:16.775+0000] {dag.py:3047} INFO - Sync 1 DAGs
[2024-03-28T17:08:16.946+0000] {logging_mixin.py:188} INFO - [2024-03-28T17:08:16.945+0000] {dag.py:3834} INFO - Setting next_dagrun for example_task_group_decorator to 2024-03-27 00:00:00+00:00, run_after=2024-03-28 00:00:00+00:00
[2024-03-28T17:08:17.077+0000] {processor.py:183} INFO - Processing /home/airflow/.local/lib/python3.8/site-packages/airflow/example_dags/example_task_group_decorator.py took 0.606 seconds
[2024-03-28T17:09:04.065+0000] {processor.py:161} INFO - Started process (PID=243) to work on /home/airflow/.local/lib/python3.8/site-packages/airflow/example_dags/example_task_group_decorator.py
[2024-03-28T17:09:04.071+0000] {processor.py:830} INFO - Processing file /home/airflow/.local/lib/python3.8/site-packages/airflow/example_dags/example_task_group_decorator.py for tasks to queue
[2024-03-28T17:09:04.082+0000] {logging_mixin.py:188} INFO - [2024-03-28T17:09:04.079+0000] {dagbag.py:540} INFO - Filling up the DagBag from /home/airflow/.local/lib/python3.8/site-packages/airflow/example_dags/example_task_group_decorator.py
[2024-03-28T17:09:04.179+0000] {processor.py:840} INFO - DAG(s) 'example_task_group_decorator' retrieved from /home/airflow/.local/lib/python3.8/site-packages/airflow/example_dags/example_task_group_decorator.py
[2024-03-28T17:09:04.443+0000] {logging_mixin.py:188} INFO - [2024-03-28T17:09:04.442+0000] {dag.py:3047} INFO - Sync 1 DAGs
[2024-03-28T17:09:06.711+0000] {logging_mixin.py:188} INFO - [2024-03-28T17:09:06.684+0000] {dag.py:3834} INFO - Setting next_dagrun for example_task_group_decorator to 2024-03-27 00:00:00+00:00, run_after=2024-03-28 00:00:00+00:00
[2024-03-28T17:09:07.222+0000] {processor.py:183} INFO - Processing /home/airflow/.local/lib/python3.8/site-packages/airflow/example_dags/example_task_group_decorator.py took 3.174 seconds
[2024-03-28T17:10:53.848+0000] {processor.py:161} INFO - Started process (PID=324) to work on /home/airflow/.local/lib/python3.8/site-packages/airflow/example_dags/example_task_group_decorator.py
[2024-03-28T17:10:53.858+0000] {processor.py:830} INFO - Processing file /home/airflow/.local/lib/python3.8/site-packages/airflow/example_dags/example_task_group_decorator.py for tasks to queue
[2024-03-28T17:10:53.872+0000] {logging_mixin.py:188} INFO - [2024-03-28T17:10:53.871+0000] {dagbag.py:540} INFO - Filling up the DagBag from /home/airflow/.local/lib/python3.8/site-packages/airflow/example_dags/example_task_group_decorator.py
[2024-03-28T17:10:53.978+0000] {processor.py:840} INFO - DAG(s) 'example_task_group_decorator' retrieved from /home/airflow/.local/lib/python3.8/site-packages/airflow/example_dags/example_task_group_decorator.py
[2024-03-28T17:10:54.167+0000] {logging_mixin.py:188} INFO - [2024-03-28T17:10:54.166+0000] {dag.py:3047} INFO - Sync 1 DAGs
[2024-03-28T17:10:54.989+0000] {logging_mixin.py:188} INFO - [2024-03-28T17:10:54.989+0000] {dag.py:3834} INFO - Setting next_dagrun for example_task_group_decorator to 2024-03-27 00:00:00+00:00, run_after=2024-03-28 00:00:00+00:00
[2024-03-28T17:10:55.231+0000] {processor.py:183} INFO - Processing /home/airflow/.local/lib/python3.8/site-packages/airflow/example_dags/example_task_group_decorator.py took 1.402 seconds
[2024-03-28T17:11:48.099+0000] {processor.py:161} INFO - Started process (PID=381) to work on /home/airflow/.local/lib/python3.8/site-packages/airflow/example_dags/example_task_group_decorator.py
[2024-03-28T17:11:48.104+0000] {processor.py:830} INFO - Processing file /home/airflow/.local/lib/python3.8/site-packages/airflow/example_dags/example_task_group_decorator.py for tasks to queue
[2024-03-28T17:11:48.112+0000] {logging_mixin.py:188} INFO - [2024-03-28T17:11:48.111+0000] {dagbag.py:540} INFO - Filling up the DagBag from /home/airflow/.local/lib/python3.8/site-packages/airflow/example_dags/example_task_group_decorator.py
[2024-03-28T17:11:48.245+0000] {processor.py:840} INFO - DAG(s) 'example_task_group_decorator' retrieved from /home/airflow/.local/lib/python3.8/site-packages/airflow/example_dags/example_task_group_decorator.py
[2024-03-28T17:11:48.372+0000] {logging_mixin.py:188} INFO - [2024-03-28T17:11:48.372+0000] {dag.py:3047} INFO - Sync 1 DAGs
[2024-03-28T17:11:48.750+0000] {logging_mixin.py:188} INFO - [2024-03-28T17:11:48.749+0000] {dag.py:3834} INFO - Setting next_dagrun for example_task_group_decorator to 2024-03-27 00:00:00+00:00, run_after=2024-03-28 00:00:00+00:00
[2024-03-28T17:11:48.924+0000] {processor.py:183} INFO - Processing /home/airflow/.local/lib/python3.8/site-packages/airflow/example_dags/example_task_group_decorator.py took 0.835 seconds
[2024-03-28T17:12:28.084+0000] {processor.py:161} INFO - Started process (PID=435) to work on /home/airflow/.local/lib/python3.8/site-packages/airflow/example_dags/example_task_group_decorator.py
[2024-03-28T17:12:28.102+0000] {processor.py:830} INFO - Processing file /home/airflow/.local/lib/python3.8/site-packages/airflow/example_dags/example_task_group_decorator.py for tasks to queue
[2024-03-28T17:12:28.128+0000] {logging_mixin.py:188} INFO - [2024-03-28T17:12:28.126+0000] {dagbag.py:540} INFO - Filling up the DagBag from /home/airflow/.local/lib/python3.8/site-packages/airflow/example_dags/example_task_group_decorator.py
[2024-03-28T17:12:28.453+0000] {processor.py:840} INFO - DAG(s) 'example_task_group_decorator' retrieved from /home/airflow/.local/lib/python3.8/site-packages/airflow/example_dags/example_task_group_decorator.py
[2024-03-28T17:12:28.973+0000] {logging_mixin.py:188} INFO - [2024-03-28T17:12:28.972+0000] {dag.py:3047} INFO - Sync 1 DAGs
[2024-03-28T17:12:29.171+0000] {logging_mixin.py:188} INFO - [2024-03-28T17:12:29.171+0000] {dag.py:3834} INFO - Setting next_dagrun for example_task_group_decorator to 2024-03-27 00:00:00+00:00, run_after=2024-03-28 00:00:00+00:00
[2024-03-28T17:12:29.296+0000] {processor.py:183} INFO - Processing /home/airflow/.local/lib/python3.8/site-packages/airflow/example_dags/example_task_group_decorator.py took 1.299 seconds
[2024-03-28T17:12:59.808+0000] {processor.py:161} INFO - Started process (PID=491) to work on /home/airflow/.local/lib/python3.8/site-packages/airflow/example_dags/example_task_group_decorator.py
[2024-03-28T17:12:59.867+0000] {processor.py:830} INFO - Processing file /home/airflow/.local/lib/python3.8/site-packages/airflow/example_dags/example_task_group_decorator.py for tasks to queue
[2024-03-28T17:12:59.919+0000] {logging_mixin.py:188} INFO - [2024-03-28T17:12:59.904+0000] {dagbag.py:540} INFO - Filling up the DagBag from /home/airflow/.local/lib/python3.8/site-packages/airflow/example_dags/example_task_group_decorator.py
[2024-03-28T17:13:00.247+0000] {processor.py:840} INFO - DAG(s) 'example_task_group_decorator' retrieved from /home/airflow/.local/lib/python3.8/site-packages/airflow/example_dags/example_task_group_decorator.py
[2024-03-28T17:13:00.354+0000] {logging_mixin.py:188} INFO - [2024-03-28T17:13:00.353+0000] {dag.py:3047} INFO - Sync 1 DAGs
[2024-03-28T17:13:00.534+0000] {logging_mixin.py:188} INFO - [2024-03-28T17:13:00.533+0000] {dag.py:3834} INFO - Setting next_dagrun for example_task_group_decorator to 2024-03-27 00:00:00+00:00, run_after=2024-03-28 00:00:00+00:00
[2024-03-28T17:13:00.857+0000] {processor.py:183} INFO - Processing /home/airflow/.local/lib/python3.8/site-packages/airflow/example_dags/example_task_group_decorator.py took 1.373 seconds
[2024-03-28T17:13:37.059+0000] {processor.py:161} INFO - Started process (PID=546) to work on /home/airflow/.local/lib/python3.8/site-packages/airflow/example_dags/example_task_group_decorator.py
[2024-03-28T17:13:37.079+0000] {processor.py:830} INFO - Processing file /home/airflow/.local/lib/python3.8/site-packages/airflow/example_dags/example_task_group_decorator.py for tasks to queue
[2024-03-28T17:13:37.111+0000] {logging_mixin.py:188} INFO - [2024-03-28T17:13:37.110+0000] {dagbag.py:540} INFO - Filling up the DagBag from /home/airflow/.local/lib/python3.8/site-packages/airflow/example_dags/example_task_group_decorator.py
[2024-03-28T17:13:37.196+0000] {processor.py:840} INFO - DAG(s) 'example_task_group_decorator' retrieved from /home/airflow/.local/lib/python3.8/site-packages/airflow/example_dags/example_task_group_decorator.py
[2024-03-28T17:13:37.306+0000] {logging_mixin.py:188} INFO - [2024-03-28T17:13:37.306+0000] {dag.py:3047} INFO - Sync 1 DAGs
[2024-03-28T17:13:37.387+0000] {logging_mixin.py:188} INFO - [2024-03-28T17:13:37.385+0000] {dag.py:3834} INFO - Setting next_dagrun for example_task_group_decorator to 2024-03-27 00:00:00+00:00, run_after=2024-03-28 00:00:00+00:00
[2024-03-28T17:13:37.441+0000] {processor.py:183} INFO - Processing /home/airflow/.local/lib/python3.8/site-packages/airflow/example_dags/example_task_group_decorator.py took 0.396 seconds
[2024-03-28T17:14:18.193+0000] {processor.py:161} INFO - Started process (PID=601) to work on /home/airflow/.local/lib/python3.8/site-packages/airflow/example_dags/example_task_group_decorator.py
[2024-03-28T17:14:18.199+0000] {processor.py:830} INFO - Processing file /home/airflow/.local/lib/python3.8/site-packages/airflow/example_dags/example_task_group_decorator.py for tasks to queue
[2024-03-28T17:14:18.210+0000] {logging_mixin.py:188} INFO - [2024-03-28T17:14:18.209+0000] {dagbag.py:540} INFO - Filling up the DagBag from /home/airflow/.local/lib/python3.8/site-packages/airflow/example_dags/example_task_group_decorator.py
[2024-03-28T17:14:18.253+0000] {processor.py:840} INFO - DAG(s) 'example_task_group_decorator' retrieved from /home/airflow/.local/lib/python3.8/site-packages/airflow/example_dags/example_task_group_decorator.py
[2024-03-28T17:14:18.361+0000] {logging_mixin.py:188} INFO - [2024-03-28T17:14:18.360+0000] {dag.py:3047} INFO - Sync 1 DAGs
[2024-03-28T17:14:18.484+0000] {logging_mixin.py:188} INFO - [2024-03-28T17:14:18.484+0000] {dag.py:3834} INFO - Setting next_dagrun for example_task_group_decorator to 2024-03-27 00:00:00+00:00, run_after=2024-03-28 00:00:00+00:00
[2024-03-28T17:14:18.534+0000] {processor.py:183} INFO - Processing /home/airflow/.local/lib/python3.8/site-packages/airflow/example_dags/example_task_group_decorator.py took 0.355 seconds
[2024-03-28T17:14:50.256+0000] {processor.py:161} INFO - Started process (PID=655) to work on /home/airflow/.local/lib/python3.8/site-packages/airflow/example_dags/example_task_group_decorator.py
[2024-03-28T17:14:50.261+0000] {processor.py:830} INFO - Processing file /home/airflow/.local/lib/python3.8/site-packages/airflow/example_dags/example_task_group_decorator.py for tasks to queue
[2024-03-28T17:14:50.270+0000] {logging_mixin.py:188} INFO - [2024-03-28T17:14:50.269+0000] {dagbag.py:540} INFO - Filling up the DagBag from /home/airflow/.local/lib/python3.8/site-packages/airflow/example_dags/example_task_group_decorator.py
[2024-03-28T17:14:50.377+0000] {processor.py:840} INFO - DAG(s) 'example_task_group_decorator' retrieved from /home/airflow/.local/lib/python3.8/site-packages/airflow/example_dags/example_task_group_decorator.py
[2024-03-28T17:14:50.617+0000] {logging_mixin.py:188} INFO - [2024-03-28T17:14:50.616+0000] {dag.py:3047} INFO - Sync 1 DAGs
[2024-03-28T17:14:50.783+0000] {logging_mixin.py:188} INFO - [2024-03-28T17:14:50.782+0000] {dag.py:3834} INFO - Setting next_dagrun for example_task_group_decorator to 2024-03-27 00:00:00+00:00, run_after=2024-03-28 00:00:00+00:00
[2024-03-28T17:14:50.875+0000] {processor.py:183} INFO - Processing /home/airflow/.local/lib/python3.8/site-packages/airflow/example_dags/example_task_group_decorator.py took 0.637 seconds
[2024-03-28T17:15:29.229+0000] {processor.py:161} INFO - Started process (PID=711) to work on /home/airflow/.local/lib/python3.8/site-packages/airflow/example_dags/example_task_group_decorator.py
[2024-03-28T17:15:29.253+0000] {processor.py:830} INFO - Processing file /home/airflow/.local/lib/python3.8/site-packages/airflow/example_dags/example_task_group_decorator.py for tasks to queue
[2024-03-28T17:15:29.284+0000] {logging_mixin.py:188} INFO - [2024-03-28T17:15:29.276+0000] {dagbag.py:540} INFO - Filling up the DagBag from /home/airflow/.local/lib/python3.8/site-packages/airflow/example_dags/example_task_group_decorator.py
[2024-03-28T17:15:29.433+0000] {processor.py:840} INFO - DAG(s) 'example_task_group_decorator' retrieved from /home/airflow/.local/lib/python3.8/site-packages/airflow/example_dags/example_task_group_decorator.py
[2024-03-28T17:15:29.687+0000] {logging_mixin.py:188} INFO - [2024-03-28T17:15:29.686+0000] {dag.py:3047} INFO - Sync 1 DAGs
[2024-03-28T17:15:30.114+0000] {logging_mixin.py:188} INFO - [2024-03-28T17:15:30.113+0000] {dag.py:3834} INFO - Setting next_dagrun for example_task_group_decorator to 2024-03-27 00:00:00+00:00, run_after=2024-03-28 00:00:00+00:00
[2024-03-28T17:15:30.244+0000] {processor.py:183} INFO - Processing /home/airflow/.local/lib/python3.8/site-packages/airflow/example_dags/example_task_group_decorator.py took 1.101 seconds
[2024-03-28T17:16:00.542+0000] {processor.py:161} INFO - Started process (PID=766) to work on /home/airflow/.local/lib/python3.8/site-packages/airflow/example_dags/example_task_group_decorator.py
[2024-03-28T17:16:00.553+0000] {processor.py:830} INFO - Processing file /home/airflow/.local/lib/python3.8/site-packages/airflow/example_dags/example_task_group_decorator.py for tasks to queue
[2024-03-28T17:16:00.563+0000] {logging_mixin.py:188} INFO - [2024-03-28T17:16:00.561+0000] {dagbag.py:540} INFO - Filling up the DagBag from /home/airflow/.local/lib/python3.8/site-packages/airflow/example_dags/example_task_group_decorator.py
[2024-03-28T17:16:00.681+0000] {processor.py:840} INFO - DAG(s) 'example_task_group_decorator' retrieved from /home/airflow/.local/lib/python3.8/site-packages/airflow/example_dags/example_task_group_decorator.py
[2024-03-28T17:16:00.779+0000] {logging_mixin.py:188} INFO - [2024-03-28T17:16:00.778+0000] {dag.py:3047} INFO - Sync 1 DAGs
[2024-03-28T17:16:00.890+0000] {logging_mixin.py:188} INFO - [2024-03-28T17:16:00.889+0000] {dag.py:3834} INFO - Setting next_dagrun for example_task_group_decorator to 2024-03-27 00:00:00+00:00, run_after=2024-03-28 00:00:00+00:00
[2024-03-28T17:16:01.008+0000] {processor.py:183} INFO - Processing /home/airflow/.local/lib/python3.8/site-packages/airflow/example_dags/example_task_group_decorator.py took 0.494 seconds
[2024-03-28T17:16:31.571+0000] {processor.py:161} INFO - Started process (PID=821) to work on /home/airflow/.local/lib/python3.8/site-packages/airflow/example_dags/example_task_group_decorator.py
[2024-03-28T17:16:31.590+0000] {processor.py:830} INFO - Processing file /home/airflow/.local/lib/python3.8/site-packages/airflow/example_dags/example_task_group_decorator.py for tasks to queue
[2024-03-28T17:16:31.603+0000] {logging_mixin.py:188} INFO - [2024-03-28T17:16:31.603+0000] {dagbag.py:540} INFO - Filling up the DagBag from /home/airflow/.local/lib/python3.8/site-packages/airflow/example_dags/example_task_group_decorator.py
[2024-03-28T17:16:31.845+0000] {processor.py:840} INFO - DAG(s) 'example_task_group_decorator' retrieved from /home/airflow/.local/lib/python3.8/site-packages/airflow/example_dags/example_task_group_decorator.py
[2024-03-28T17:16:32.096+0000] {logging_mixin.py:188} INFO - [2024-03-28T17:16:32.095+0000] {dag.py:3047} INFO - Sync 1 DAGs
[2024-03-28T17:16:32.400+0000] {logging_mixin.py:188} INFO - [2024-03-28T17:16:32.400+0000] {dag.py:3834} INFO - Setting next_dagrun for example_task_group_decorator to 2024-03-27 00:00:00+00:00, run_after=2024-03-28 00:00:00+00:00
[2024-03-28T17:16:33.077+0000] {processor.py:183} INFO - Processing /home/airflow/.local/lib/python3.8/site-packages/airflow/example_dags/example_task_group_decorator.py took 1.534 seconds
[2024-03-28T17:17:04.108+0000] {processor.py:161} INFO - Started process (PID=876) to work on /home/airflow/.local/lib/python3.8/site-packages/airflow/example_dags/example_task_group_decorator.py
[2024-03-28T17:17:04.113+0000] {processor.py:830} INFO - Processing file /home/airflow/.local/lib/python3.8/site-packages/airflow/example_dags/example_task_group_decorator.py for tasks to queue
[2024-03-28T17:17:04.121+0000] {logging_mixin.py:188} INFO - [2024-03-28T17:17:04.120+0000] {dagbag.py:540} INFO - Filling up the DagBag from /home/airflow/.local/lib/python3.8/site-packages/airflow/example_dags/example_task_group_decorator.py
[2024-03-28T17:17:04.161+0000] {processor.py:840} INFO - DAG(s) 'example_task_group_decorator' retrieved from /home/airflow/.local/lib/python3.8/site-packages/airflow/example_dags/example_task_group_decorator.py
[2024-03-28T17:17:04.267+0000] {logging_mixin.py:188} INFO - [2024-03-28T17:17:04.266+0000] {dag.py:3047} INFO - Sync 1 DAGs
[2024-03-28T17:17:04.412+0000] {logging_mixin.py:188} INFO - [2024-03-28T17:17:04.411+0000] {dag.py:3834} INFO - Setting next_dagrun for example_task_group_decorator to 2024-03-27 00:00:00+00:00, run_after=2024-03-28 00:00:00+00:00
[2024-03-28T17:17:04.560+0000] {processor.py:183} INFO - Processing /home/airflow/.local/lib/python3.8/site-packages/airflow/example_dags/example_task_group_decorator.py took 0.463 seconds
[2024-03-28T17:17:46.909+0000] {processor.py:161} INFO - Started process (PID=917) to work on /home/airflow/.local/lib/python3.8/site-packages/airflow/example_dags/example_task_group_decorator.py
[2024-03-28T17:17:46.933+0000] {processor.py:830} INFO - Processing file /home/airflow/.local/lib/python3.8/site-packages/airflow/example_dags/example_task_group_decorator.py for tasks to queue
[2024-03-28T17:17:46.963+0000] {logging_mixin.py:188} INFO - [2024-03-28T17:17:46.961+0000] {dagbag.py:540} INFO - Filling up the DagBag from /home/airflow/.local/lib/python3.8/site-packages/airflow/example_dags/example_task_group_decorator.py
[2024-03-28T17:17:47.178+0000] {processor.py:840} INFO - DAG(s) 'example_task_group_decorator' retrieved from /home/airflow/.local/lib/python3.8/site-packages/airflow/example_dags/example_task_group_decorator.py
[2024-03-28T17:17:47.529+0000] {logging_mixin.py:188} INFO - [2024-03-28T17:17:47.527+0000] {dag.py:3047} INFO - Sync 1 DAGs
[2024-03-28T17:17:47.896+0000] {logging_mixin.py:188} INFO - [2024-03-28T17:17:47.894+0000] {dag.py:3834} INFO - Setting next_dagrun for example_task_group_decorator to 2024-03-27 00:00:00+00:00, run_after=2024-03-28 00:00:00+00:00
[2024-03-28T17:17:48.426+0000] {processor.py:183} INFO - Processing /home/airflow/.local/lib/python3.8/site-packages/airflow/example_dags/example_task_group_decorator.py took 1.584 seconds
[2024-03-28T17:18:45.322+0000] {processor.py:161} INFO - Started process (PID=972) to work on /home/airflow/.local/lib/python3.8/site-packages/airflow/example_dags/example_task_group_decorator.py
[2024-03-28T17:18:45.355+0000] {processor.py:830} INFO - Processing file /home/airflow/.local/lib/python3.8/site-packages/airflow/example_dags/example_task_group_decorator.py for tasks to queue
[2024-03-28T17:18:45.380+0000] {logging_mixin.py:188} INFO - [2024-03-28T17:18:45.379+0000] {dagbag.py:540} INFO - Filling up the DagBag from /home/airflow/.local/lib/python3.8/site-packages/airflow/example_dags/example_task_group_decorator.py
[2024-03-28T17:18:45.575+0000] {processor.py:840} INFO - DAG(s) 'example_task_group_decorator' retrieved from /home/airflow/.local/lib/python3.8/site-packages/airflow/example_dags/example_task_group_decorator.py
[2024-03-28T17:18:45.817+0000] {logging_mixin.py:188} INFO - [2024-03-28T17:18:45.812+0000] {dag.py:3047} INFO - Sync 1 DAGs
[2024-03-28T17:18:46.232+0000] {logging_mixin.py:188} INFO - [2024-03-28T17:18:46.228+0000] {dag.py:3834} INFO - Setting next_dagrun for example_task_group_decorator to 2024-03-27 00:00:00+00:00, run_after=2024-03-28 00:00:00+00:00
[2024-03-28T17:18:46.406+0000] {processor.py:183} INFO - Processing /home/airflow/.local/lib/python3.8/site-packages/airflow/example_dags/example_task_group_decorator.py took 1.144 seconds
[2024-03-28T17:19:17.592+0000] {processor.py:161} INFO - Started process (PID=1027) to work on /home/airflow/.local/lib/python3.8/site-packages/airflow/example_dags/example_task_group_decorator.py
[2024-03-28T17:19:17.600+0000] {processor.py:830} INFO - Processing file /home/airflow/.local/lib/python3.8/site-packages/airflow/example_dags/example_task_group_decorator.py for tasks to queue
[2024-03-28T17:19:17.616+0000] {logging_mixin.py:188} INFO - [2024-03-28T17:19:17.615+0000] {dagbag.py:540} INFO - Filling up the DagBag from /home/airflow/.local/lib/python3.8/site-packages/airflow/example_dags/example_task_group_decorator.py
[2024-03-28T17:19:17.808+0000] {processor.py:840} INFO - DAG(s) 'example_task_group_decorator' retrieved from /home/airflow/.local/lib/python3.8/site-packages/airflow/example_dags/example_task_group_decorator.py
[2024-03-28T17:19:18.034+0000] {logging_mixin.py:188} INFO - [2024-03-28T17:19:18.033+0000] {dag.py:3047} INFO - Sync 1 DAGs
[2024-03-28T17:19:18.381+0000] {logging_mixin.py:188} INFO - [2024-03-28T17:19:18.380+0000] {dag.py:3834} INFO - Setting next_dagrun for example_task_group_decorator to 2024-03-27 00:00:00+00:00, run_after=2024-03-28 00:00:00+00:00
[2024-03-28T17:19:18.598+0000] {processor.py:183} INFO - Processing /home/airflow/.local/lib/python3.8/site-packages/airflow/example_dags/example_task_group_decorator.py took 1.035 seconds
[2024-03-28T17:19:49.131+0000] {processor.py:161} INFO - Started process (PID=1083) to work on /home/airflow/.local/lib/python3.8/site-packages/airflow/example_dags/example_task_group_decorator.py
[2024-03-28T17:19:49.142+0000] {processor.py:830} INFO - Processing file /home/airflow/.local/lib/python3.8/site-packages/airflow/example_dags/example_task_group_decorator.py for tasks to queue
[2024-03-28T17:19:49.156+0000] {logging_mixin.py:188} INFO - [2024-03-28T17:19:49.155+0000] {dagbag.py:540} INFO - Filling up the DagBag from /home/airflow/.local/lib/python3.8/site-packages/airflow/example_dags/example_task_group_decorator.py
[2024-03-28T17:19:49.262+0000] {processor.py:840} INFO - DAG(s) 'example_task_group_decorator' retrieved from /home/airflow/.local/lib/python3.8/site-packages/airflow/example_dags/example_task_group_decorator.py
[2024-03-28T17:19:49.613+0000] {logging_mixin.py:188} INFO - [2024-03-28T17:19:49.612+0000] {dag.py:3047} INFO - Sync 1 DAGs
[2024-03-28T17:19:49.711+0000] {logging_mixin.py:188} INFO - [2024-03-28T17:19:49.711+0000] {dag.py:3834} INFO - Setting next_dagrun for example_task_group_decorator to 2024-03-27 00:00:00+00:00, run_after=2024-03-28 00:00:00+00:00
[2024-03-28T17:19:49.835+0000] {processor.py:183} INFO - Processing /home/airflow/.local/lib/python3.8/site-packages/airflow/example_dags/example_task_group_decorator.py took 0.728 seconds
[2024-03-28T17:20:20.170+0000] {processor.py:161} INFO - Started process (PID=1138) to work on /home/airflow/.local/lib/python3.8/site-packages/airflow/example_dags/example_task_group_decorator.py
[2024-03-28T17:20:20.175+0000] {processor.py:830} INFO - Processing file /home/airflow/.local/lib/python3.8/site-packages/airflow/example_dags/example_task_group_decorator.py for tasks to queue
[2024-03-28T17:20:20.181+0000] {logging_mixin.py:188} INFO - [2024-03-28T17:20:20.180+0000] {dagbag.py:540} INFO - Filling up the DagBag from /home/airflow/.local/lib/python3.8/site-packages/airflow/example_dags/example_task_group_decorator.py
[2024-03-28T17:20:20.234+0000] {processor.py:840} INFO - DAG(s) 'example_task_group_decorator' retrieved from /home/airflow/.local/lib/python3.8/site-packages/airflow/example_dags/example_task_group_decorator.py
[2024-03-28T17:20:20.324+0000] {logging_mixin.py:188} INFO - [2024-03-28T17:20:20.323+0000] {dag.py:3047} INFO - Sync 1 DAGs
[2024-03-28T17:20:20.399+0000] {logging_mixin.py:188} INFO - [2024-03-28T17:20:20.399+0000] {dag.py:3834} INFO - Setting next_dagrun for example_task_group_decorator to 2024-03-27 00:00:00+00:00, run_after=2024-03-28 00:00:00+00:00
[2024-03-28T17:20:20.463+0000] {processor.py:183} INFO - Processing /home/airflow/.local/lib/python3.8/site-packages/airflow/example_dags/example_task_group_decorator.py took 0.309 seconds
[2024-03-28T17:20:50.702+0000] {processor.py:161} INFO - Started process (PID=1192) to work on /home/airflow/.local/lib/python3.8/site-packages/airflow/example_dags/example_task_group_decorator.py
[2024-03-28T17:20:50.706+0000] {processor.py:830} INFO - Processing file /home/airflow/.local/lib/python3.8/site-packages/airflow/example_dags/example_task_group_decorator.py for tasks to queue
[2024-03-28T17:20:50.713+0000] {logging_mixin.py:188} INFO - [2024-03-28T17:20:50.712+0000] {dagbag.py:540} INFO - Filling up the DagBag from /home/airflow/.local/lib/python3.8/site-packages/airflow/example_dags/example_task_group_decorator.py
[2024-03-28T17:20:50.762+0000] {processor.py:840} INFO - DAG(s) 'example_task_group_decorator' retrieved from /home/airflow/.local/lib/python3.8/site-packages/airflow/example_dags/example_task_group_decorator.py
[2024-03-28T17:20:50.852+0000] {logging_mixin.py:188} INFO - [2024-03-28T17:20:50.851+0000] {dag.py:3047} INFO - Sync 1 DAGs
[2024-03-28T17:20:50.922+0000] {logging_mixin.py:188} INFO - [2024-03-28T17:20:50.922+0000] {dag.py:3834} INFO - Setting next_dagrun for example_task_group_decorator to 2024-03-27 00:00:00+00:00, run_after=2024-03-28 00:00:00+00:00
[2024-03-28T17:20:50.990+0000] {processor.py:183} INFO - Processing /home/airflow/.local/lib/python3.8/site-packages/airflow/example_dags/example_task_group_decorator.py took 0.303 seconds
[2024-03-28T17:21:25.946+0000] {processor.py:161} INFO - Started process (PID=1247) to work on /home/airflow/.local/lib/python3.8/site-packages/airflow/example_dags/example_task_group_decorator.py
[2024-03-28T17:21:25.950+0000] {processor.py:830} INFO - Processing file /home/airflow/.local/lib/python3.8/site-packages/airflow/example_dags/example_task_group_decorator.py for tasks to queue
[2024-03-28T17:21:25.965+0000] {logging_mixin.py:188} INFO - [2024-03-28T17:21:25.961+0000] {dagbag.py:540} INFO - Filling up the DagBag from /home/airflow/.local/lib/python3.8/site-packages/airflow/example_dags/example_task_group_decorator.py
[2024-03-28T17:21:26.035+0000] {processor.py:840} INFO - DAG(s) 'example_task_group_decorator' retrieved from /home/airflow/.local/lib/python3.8/site-packages/airflow/example_dags/example_task_group_decorator.py
[2024-03-28T17:21:26.127+0000] {logging_mixin.py:188} INFO - [2024-03-28T17:21:26.127+0000] {dag.py:3047} INFO - Sync 1 DAGs
[2024-03-28T17:21:26.227+0000] {logging_mixin.py:188} INFO - [2024-03-28T17:21:26.227+0000] {dag.py:3834} INFO - Setting next_dagrun for example_task_group_decorator to 2024-03-27 00:00:00+00:00, run_after=2024-03-28 00:00:00+00:00
[2024-03-28T17:21:26.283+0000] {processor.py:183} INFO - Processing /home/airflow/.local/lib/python3.8/site-packages/airflow/example_dags/example_task_group_decorator.py took 0.346 seconds
[2024-03-28T17:21:57.130+0000] {processor.py:161} INFO - Started process (PID=1300) to work on /home/airflow/.local/lib/python3.8/site-packages/airflow/example_dags/example_task_group_decorator.py
[2024-03-28T17:21:57.137+0000] {processor.py:830} INFO - Processing file /home/airflow/.local/lib/python3.8/site-packages/airflow/example_dags/example_task_group_decorator.py for tasks to queue
[2024-03-28T17:21:57.151+0000] {logging_mixin.py:188} INFO - [2024-03-28T17:21:57.149+0000] {dagbag.py:540} INFO - Filling up the DagBag from /home/airflow/.local/lib/python3.8/site-packages/airflow/example_dags/example_task_group_decorator.py
[2024-03-28T17:21:57.244+0000] {processor.py:840} INFO - DAG(s) 'example_task_group_decorator' retrieved from /home/airflow/.local/lib/python3.8/site-packages/airflow/example_dags/example_task_group_decorator.py
[2024-03-28T17:21:57.413+0000] {logging_mixin.py:188} INFO - [2024-03-28T17:21:57.412+0000] {dag.py:3047} INFO - Sync 1 DAGs
[2024-03-28T17:21:57.607+0000] {logging_mixin.py:188} INFO - [2024-03-28T17:21:57.607+0000] {dag.py:3834} INFO - Setting next_dagrun for example_task_group_decorator to 2024-03-27 00:00:00+00:00, run_after=2024-03-28 00:00:00+00:00
[2024-03-28T17:21:57.874+0000] {processor.py:183} INFO - Processing /home/airflow/.local/lib/python3.8/site-packages/airflow/example_dags/example_task_group_decorator.py took 0.761 seconds
[2024-03-28T17:22:28.165+0000] {processor.py:161} INFO - Started process (PID=1356) to work on /home/airflow/.local/lib/python3.8/site-packages/airflow/example_dags/example_task_group_decorator.py
[2024-03-28T17:22:28.169+0000] {processor.py:830} INFO - Processing file /home/airflow/.local/lib/python3.8/site-packages/airflow/example_dags/example_task_group_decorator.py for tasks to queue
[2024-03-28T17:22:28.176+0000] {logging_mixin.py:188} INFO - [2024-03-28T17:22:28.175+0000] {dagbag.py:540} INFO - Filling up the DagBag from /home/airflow/.local/lib/python3.8/site-packages/airflow/example_dags/example_task_group_decorator.py
[2024-03-28T17:22:28.268+0000] {processor.py:840} INFO - DAG(s) 'example_task_group_decorator' retrieved from /home/airflow/.local/lib/python3.8/site-packages/airflow/example_dags/example_task_group_decorator.py
[2024-03-28T17:22:28.366+0000] {logging_mixin.py:188} INFO - [2024-03-28T17:22:28.366+0000] {dag.py:3047} INFO - Sync 1 DAGs
[2024-03-28T17:22:28.423+0000] {logging_mixin.py:188} INFO - [2024-03-28T17:22:28.423+0000] {dag.py:3834} INFO - Setting next_dagrun for example_task_group_decorator to 2024-03-27 00:00:00+00:00, run_after=2024-03-28 00:00:00+00:00
[2024-03-28T17:22:28.486+0000] {processor.py:183} INFO - Processing /home/airflow/.local/lib/python3.8/site-packages/airflow/example_dags/example_task_group_decorator.py took 0.331 seconds
[2024-03-28T17:23:01.472+0000] {processor.py:161} INFO - Started process (PID=1397) to work on /home/airflow/.local/lib/python3.8/site-packages/airflow/example_dags/example_task_group_decorator.py
[2024-03-28T17:23:01.480+0000] {processor.py:830} INFO - Processing file /home/airflow/.local/lib/python3.8/site-packages/airflow/example_dags/example_task_group_decorator.py for tasks to queue
[2024-03-28T17:23:01.505+0000] {logging_mixin.py:188} INFO - [2024-03-28T17:23:01.502+0000] {dagbag.py:540} INFO - Filling up the DagBag from /home/airflow/.local/lib/python3.8/site-packages/airflow/example_dags/example_task_group_decorator.py
[2024-03-28T17:23:01.600+0000] {processor.py:840} INFO - DAG(s) 'example_task_group_decorator' retrieved from /home/airflow/.local/lib/python3.8/site-packages/airflow/example_dags/example_task_group_decorator.py
[2024-03-28T17:23:01.739+0000] {logging_mixin.py:188} INFO - [2024-03-28T17:23:01.738+0000] {dag.py:3047} INFO - Sync 1 DAGs
[2024-03-28T17:23:01.838+0000] {logging_mixin.py:188} INFO - [2024-03-28T17:23:01.837+0000] {dag.py:3834} INFO - Setting next_dagrun for example_task_group_decorator to 2024-03-27 00:00:00+00:00, run_after=2024-03-28 00:00:00+00:00
[2024-03-28T17:23:02.018+0000] {processor.py:183} INFO - Processing /home/airflow/.local/lib/python3.8/site-packages/airflow/example_dags/example_task_group_decorator.py took 0.570 seconds
[2024-03-28T17:23:32.262+0000] {processor.py:161} INFO - Started process (PID=1452) to work on /home/airflow/.local/lib/python3.8/site-packages/airflow/example_dags/example_task_group_decorator.py
[2024-03-28T17:23:32.268+0000] {processor.py:830} INFO - Processing file /home/airflow/.local/lib/python3.8/site-packages/airflow/example_dags/example_task_group_decorator.py for tasks to queue
[2024-03-28T17:23:32.281+0000] {logging_mixin.py:188} INFO - [2024-03-28T17:23:32.280+0000] {dagbag.py:540} INFO - Filling up the DagBag from /home/airflow/.local/lib/python3.8/site-packages/airflow/example_dags/example_task_group_decorator.py
[2024-03-28T17:23:32.344+0000] {processor.py:840} INFO - DAG(s) 'example_task_group_decorator' retrieved from /home/airflow/.local/lib/python3.8/site-packages/airflow/example_dags/example_task_group_decorator.py
[2024-03-28T17:23:32.446+0000] {logging_mixin.py:188} INFO - [2024-03-28T17:23:32.445+0000] {dag.py:3047} INFO - Sync 1 DAGs
[2024-03-28T17:23:32.535+0000] {logging_mixin.py:188} INFO - [2024-03-28T17:23:32.534+0000] {dag.py:3834} INFO - Setting next_dagrun for example_task_group_decorator to 2024-03-27 00:00:00+00:00, run_after=2024-03-28 00:00:00+00:00
[2024-03-28T17:23:32.643+0000] {processor.py:183} INFO - Processing /home/airflow/.local/lib/python3.8/site-packages/airflow/example_dags/example_task_group_decorator.py took 0.399 seconds
[2024-03-28T17:24:09.471+0000] {processor.py:161} INFO - Started process (PID=1513) to work on /home/airflow/.local/lib/python3.8/site-packages/airflow/example_dags/example_task_group_decorator.py
[2024-03-28T17:24:09.481+0000] {processor.py:830} INFO - Processing file /home/airflow/.local/lib/python3.8/site-packages/airflow/example_dags/example_task_group_decorator.py for tasks to queue
[2024-03-28T17:24:09.496+0000] {logging_mixin.py:188} INFO - [2024-03-28T17:24:09.496+0000] {dagbag.py:540} INFO - Filling up the DagBag from /home/airflow/.local/lib/python3.8/site-packages/airflow/example_dags/example_task_group_decorator.py
[2024-03-28T17:24:09.569+0000] {processor.py:840} INFO - DAG(s) 'example_task_group_decorator' retrieved from /home/airflow/.local/lib/python3.8/site-packages/airflow/example_dags/example_task_group_decorator.py
[2024-03-28T17:24:09.671+0000] {logging_mixin.py:188} INFO - [2024-03-28T17:24:09.670+0000] {dag.py:3047} INFO - Sync 1 DAGs
[2024-03-28T17:24:09.751+0000] {logging_mixin.py:188} INFO - [2024-03-28T17:24:09.751+0000] {dag.py:3834} INFO - Setting next_dagrun for example_task_group_decorator to 2024-03-27 00:00:00+00:00, run_after=2024-03-28 00:00:00+00:00
[2024-03-28T17:24:09.802+0000] {processor.py:183} INFO - Processing /home/airflow/.local/lib/python3.8/site-packages/airflow/example_dags/example_task_group_decorator.py took 0.350 seconds
[2024-03-28T17:24:46.226+0000] {processor.py:161} INFO - Started process (PID=1566) to work on /home/airflow/.local/lib/python3.8/site-packages/airflow/example_dags/example_task_group_decorator.py
[2024-03-28T17:24:46.232+0000] {processor.py:830} INFO - Processing file /home/airflow/.local/lib/python3.8/site-packages/airflow/example_dags/example_task_group_decorator.py for tasks to queue
[2024-03-28T17:24:46.260+0000] {logging_mixin.py:188} INFO - [2024-03-28T17:24:46.257+0000] {dagbag.py:540} INFO - Filling up the DagBag from /home/airflow/.local/lib/python3.8/site-packages/airflow/example_dags/example_task_group_decorator.py
[2024-03-28T17:24:46.337+0000] {processor.py:840} INFO - DAG(s) 'example_task_group_decorator' retrieved from /home/airflow/.local/lib/python3.8/site-packages/airflow/example_dags/example_task_group_decorator.py
[2024-03-28T17:24:46.535+0000] {logging_mixin.py:188} INFO - [2024-03-28T17:24:46.533+0000] {dag.py:3047} INFO - Sync 1 DAGs
[2024-03-28T17:24:46.704+0000] {logging_mixin.py:188} INFO - [2024-03-28T17:24:46.703+0000] {dag.py:3834} INFO - Setting next_dagrun for example_task_group_decorator to 2024-03-27 00:00:00+00:00, run_after=2024-03-28 00:00:00+00:00
[2024-03-28T17:24:46.809+0000] {processor.py:183} INFO - Processing /home/airflow/.local/lib/python3.8/site-packages/airflow/example_dags/example_task_group_decorator.py took 0.601 seconds
[2024-03-28T17:25:18.804+0000] {processor.py:161} INFO - Started process (PID=1621) to work on /home/airflow/.local/lib/python3.8/site-packages/airflow/example_dags/example_task_group_decorator.py
[2024-03-28T17:25:18.815+0000] {processor.py:830} INFO - Processing file /home/airflow/.local/lib/python3.8/site-packages/airflow/example_dags/example_task_group_decorator.py for tasks to queue
[2024-03-28T17:25:18.852+0000] {logging_mixin.py:188} INFO - [2024-03-28T17:25:18.836+0000] {dagbag.py:540} INFO - Filling up the DagBag from /home/airflow/.local/lib/python3.8/site-packages/airflow/example_dags/example_task_group_decorator.py
[2024-03-28T17:25:19.162+0000] {processor.py:840} INFO - DAG(s) 'example_task_group_decorator' retrieved from /home/airflow/.local/lib/python3.8/site-packages/airflow/example_dags/example_task_group_decorator.py
[2024-03-28T17:25:19.360+0000] {logging_mixin.py:188} INFO - [2024-03-28T17:25:19.359+0000] {dag.py:3047} INFO - Sync 1 DAGs
[2024-03-28T17:25:19.607+0000] {logging_mixin.py:188} INFO - [2024-03-28T17:25:19.604+0000] {dag.py:3834} INFO - Setting next_dagrun for example_task_group_decorator to 2024-03-27 00:00:00+00:00, run_after=2024-03-28 00:00:00+00:00
[2024-03-28T17:25:19.822+0000] {processor.py:183} INFO - Processing /home/airflow/.local/lib/python3.8/site-packages/airflow/example_dags/example_task_group_decorator.py took 1.062 seconds
[2024-03-28T17:25:50.336+0000] {processor.py:161} INFO - Started process (PID=1677) to work on /home/airflow/.local/lib/python3.8/site-packages/airflow/example_dags/example_task_group_decorator.py
[2024-03-28T17:25:50.348+0000] {processor.py:830} INFO - Processing file /home/airflow/.local/lib/python3.8/site-packages/airflow/example_dags/example_task_group_decorator.py for tasks to queue
[2024-03-28T17:25:50.356+0000] {logging_mixin.py:188} INFO - [2024-03-28T17:25:50.356+0000] {dagbag.py:540} INFO - Filling up the DagBag from /home/airflow/.local/lib/python3.8/site-packages/airflow/example_dags/example_task_group_decorator.py
[2024-03-28T17:25:50.453+0000] {processor.py:840} INFO - DAG(s) 'example_task_group_decorator' retrieved from /home/airflow/.local/lib/python3.8/site-packages/airflow/example_dags/example_task_group_decorator.py
[2024-03-28T17:25:50.530+0000] {logging_mixin.py:188} INFO - [2024-03-28T17:25:50.530+0000] {dag.py:3047} INFO - Sync 1 DAGs
[2024-03-28T17:25:50.626+0000] {logging_mixin.py:188} INFO - [2024-03-28T17:25:50.626+0000] {dag.py:3834} INFO - Setting next_dagrun for example_task_group_decorator to 2024-03-27 00:00:00+00:00, run_after=2024-03-28 00:00:00+00:00
[2024-03-28T17:25:50.755+0000] {processor.py:183} INFO - Processing /home/airflow/.local/lib/python3.8/site-packages/airflow/example_dags/example_task_group_decorator.py took 0.450 seconds
[2024-03-28T17:26:21.224+0000] {processor.py:161} INFO - Started process (PID=1732) to work on /home/airflow/.local/lib/python3.8/site-packages/airflow/example_dags/example_task_group_decorator.py
[2024-03-28T17:26:21.229+0000] {processor.py:830} INFO - Processing file /home/airflow/.local/lib/python3.8/site-packages/airflow/example_dags/example_task_group_decorator.py for tasks to queue
[2024-03-28T17:26:21.238+0000] {logging_mixin.py:188} INFO - [2024-03-28T17:26:21.237+0000] {dagbag.py:540} INFO - Filling up the DagBag from /home/airflow/.local/lib/python3.8/site-packages/airflow/example_dags/example_task_group_decorator.py
[2024-03-28T17:26:21.277+0000] {processor.py:840} INFO - DAG(s) 'example_task_group_decorator' retrieved from /home/airflow/.local/lib/python3.8/site-packages/airflow/example_dags/example_task_group_decorator.py
[2024-03-28T17:26:21.344+0000] {logging_mixin.py:188} INFO - [2024-03-28T17:26:21.344+0000] {dag.py:3047} INFO - Sync 1 DAGs
[2024-03-28T17:26:21.404+0000] {logging_mixin.py:188} INFO - [2024-03-28T17:26:21.404+0000] {dag.py:3834} INFO - Setting next_dagrun for example_task_group_decorator to 2024-03-27 00:00:00+00:00, run_after=2024-03-28 00:00:00+00:00
[2024-03-28T17:26:21.454+0000] {processor.py:183} INFO - Processing /home/airflow/.local/lib/python3.8/site-packages/airflow/example_dags/example_task_group_decorator.py took 0.244 seconds
[2024-03-28T17:26:53.428+0000] {processor.py:161} INFO - Started process (PID=1785) to work on /home/airflow/.local/lib/python3.8/site-packages/airflow/example_dags/example_task_group_decorator.py
[2024-03-28T17:26:53.432+0000] {processor.py:830} INFO - Processing file /home/airflow/.local/lib/python3.8/site-packages/airflow/example_dags/example_task_group_decorator.py for tasks to queue
[2024-03-28T17:26:53.444+0000] {logging_mixin.py:188} INFO - [2024-03-28T17:26:53.443+0000] {dagbag.py:540} INFO - Filling up the DagBag from /home/airflow/.local/lib/python3.8/site-packages/airflow/example_dags/example_task_group_decorator.py
[2024-03-28T17:26:53.522+0000] {processor.py:840} INFO - DAG(s) 'example_task_group_decorator' retrieved from /home/airflow/.local/lib/python3.8/site-packages/airflow/example_dags/example_task_group_decorator.py
[2024-03-28T17:26:53.636+0000] {logging_mixin.py:188} INFO - [2024-03-28T17:26:53.635+0000] {dag.py:3047} INFO - Sync 1 DAGs
[2024-03-28T17:26:53.761+0000] {logging_mixin.py:188} INFO - [2024-03-28T17:26:53.760+0000] {dag.py:3834} INFO - Setting next_dagrun for example_task_group_decorator to 2024-03-27 00:00:00+00:00, run_after=2024-03-28 00:00:00+00:00
[2024-03-28T17:26:53.886+0000] {processor.py:183} INFO - Processing /home/airflow/.local/lib/python3.8/site-packages/airflow/example_dags/example_task_group_decorator.py took 0.467 seconds
[2024-03-28T17:27:30.557+0000] {processor.py:161} INFO - Started process (PID=1835) to work on /home/airflow/.local/lib/python3.8/site-packages/airflow/example_dags/example_task_group_decorator.py
[2024-03-28T17:27:30.574+0000] {processor.py:830} INFO - Processing file /home/airflow/.local/lib/python3.8/site-packages/airflow/example_dags/example_task_group_decorator.py for tasks to queue
[2024-03-28T17:27:30.804+0000] {logging_mixin.py:188} INFO - [2024-03-28T17:27:30.799+0000] {dagbag.py:540} INFO - Filling up the DagBag from /home/airflow/.local/lib/python3.8/site-packages/airflow/example_dags/example_task_group_decorator.py
[2024-03-28T17:27:31.040+0000] {processor.py:840} INFO - DAG(s) 'example_task_group_decorator' retrieved from /home/airflow/.local/lib/python3.8/site-packages/airflow/example_dags/example_task_group_decorator.py
[2024-03-28T17:27:31.279+0000] {logging_mixin.py:188} INFO - [2024-03-28T17:27:31.278+0000] {dag.py:3047} INFO - Sync 1 DAGs
[2024-03-28T17:27:31.877+0000] {logging_mixin.py:188} INFO - [2024-03-28T17:27:31.877+0000] {dag.py:3834} INFO - Setting next_dagrun for example_task_group_decorator to 2024-03-27 00:00:00+00:00, run_after=2024-03-28 00:00:00+00:00
[2024-03-28T17:27:31.971+0000] {processor.py:183} INFO - Processing /home/airflow/.local/lib/python3.8/site-packages/airflow/example_dags/example_task_group_decorator.py took 1.496 seconds
[2024-03-28T17:28:03.396+0000] {processor.py:161} INFO - Started process (PID=1890) to work on /home/airflow/.local/lib/python3.8/site-packages/airflow/example_dags/example_task_group_decorator.py
[2024-03-28T17:28:03.421+0000] {processor.py:830} INFO - Processing file /home/airflow/.local/lib/python3.8/site-packages/airflow/example_dags/example_task_group_decorator.py for tasks to queue
[2024-03-28T17:28:03.445+0000] {logging_mixin.py:188} INFO - [2024-03-28T17:28:03.439+0000] {dagbag.py:540} INFO - Filling up the DagBag from /home/airflow/.local/lib/python3.8/site-packages/airflow/example_dags/example_task_group_decorator.py
[2024-03-28T17:28:03.514+0000] {processor.py:840} INFO - DAG(s) 'example_task_group_decorator' retrieved from /home/airflow/.local/lib/python3.8/site-packages/airflow/example_dags/example_task_group_decorator.py
[2024-03-28T17:28:03.738+0000] {logging_mixin.py:188} INFO - [2024-03-28T17:28:03.738+0000] {dag.py:3047} INFO - Sync 1 DAGs
[2024-03-28T17:28:04.068+0000] {logging_mixin.py:188} INFO - [2024-03-28T17:28:04.062+0000] {dag.py:3834} INFO - Setting next_dagrun for example_task_group_decorator to 2024-03-27 00:00:00+00:00, run_after=2024-03-28 00:00:00+00:00
[2024-03-28T17:28:04.276+0000] {processor.py:183} INFO - Processing /home/airflow/.local/lib/python3.8/site-packages/airflow/example_dags/example_task_group_decorator.py took 0.923 seconds
[2024-03-28T17:28:36.894+0000] {processor.py:161} INFO - Started process (PID=1946) to work on /home/airflow/.local/lib/python3.8/site-packages/airflow/example_dags/example_task_group_decorator.py
[2024-03-28T17:28:36.919+0000] {processor.py:830} INFO - Processing file /home/airflow/.local/lib/python3.8/site-packages/airflow/example_dags/example_task_group_decorator.py for tasks to queue
[2024-03-28T17:28:36.955+0000] {logging_mixin.py:188} INFO - [2024-03-28T17:28:36.953+0000] {dagbag.py:540} INFO - Filling up the DagBag from /home/airflow/.local/lib/python3.8/site-packages/airflow/example_dags/example_task_group_decorator.py
[2024-03-28T17:28:37.440+0000] {processor.py:840} INFO - DAG(s) 'example_task_group_decorator' retrieved from /home/airflow/.local/lib/python3.8/site-packages/airflow/example_dags/example_task_group_decorator.py
[2024-03-28T17:28:37.907+0000] {logging_mixin.py:188} INFO - [2024-03-28T17:28:37.906+0000] {dag.py:3047} INFO - Sync 1 DAGs
[2024-03-28T17:28:38.181+0000] {logging_mixin.py:188} INFO - [2024-03-28T17:28:38.181+0000] {dag.py:3834} INFO - Setting next_dagrun for example_task_group_decorator to 2024-03-27 00:00:00+00:00, run_after=2024-03-28 00:00:00+00:00
[2024-03-28T17:28:38.388+0000] {processor.py:183} INFO - Processing /home/airflow/.local/lib/python3.8/site-packages/airflow/example_dags/example_task_group_decorator.py took 1.542 seconds
[2024-03-28T17:29:08.794+0000] {processor.py:161} INFO - Started process (PID=2001) to work on /home/airflow/.local/lib/python3.8/site-packages/airflow/example_dags/example_task_group_decorator.py
[2024-03-28T17:29:08.797+0000] {processor.py:830} INFO - Processing file /home/airflow/.local/lib/python3.8/site-packages/airflow/example_dags/example_task_group_decorator.py for tasks to queue
[2024-03-28T17:29:08.805+0000] {logging_mixin.py:188} INFO - [2024-03-28T17:29:08.804+0000] {dagbag.py:540} INFO - Filling up the DagBag from /home/airflow/.local/lib/python3.8/site-packages/airflow/example_dags/example_task_group_decorator.py
[2024-03-28T17:29:08.918+0000] {processor.py:840} INFO - DAG(s) 'example_task_group_decorator' retrieved from /home/airflow/.local/lib/python3.8/site-packages/airflow/example_dags/example_task_group_decorator.py
[2024-03-28T17:29:09.226+0000] {logging_mixin.py:188} INFO - [2024-03-28T17:29:09.225+0000] {dag.py:3047} INFO - Sync 1 DAGs
[2024-03-28T17:29:09.469+0000] {logging_mixin.py:188} INFO - [2024-03-28T17:29:09.466+0000] {dag.py:3834} INFO - Setting next_dagrun for example_task_group_decorator to 2024-03-27 00:00:00+00:00, run_after=2024-03-28 00:00:00+00:00
[2024-03-28T17:29:09.634+0000] {processor.py:183} INFO - Processing /home/airflow/.local/lib/python3.8/site-packages/airflow/example_dags/example_task_group_decorator.py took 0.853 seconds
[2024-03-28T17:29:40.059+0000] {processor.py:161} INFO - Started process (PID=2057) to work on /home/airflow/.local/lib/python3.8/site-packages/airflow/example_dags/example_task_group_decorator.py
[2024-03-28T17:29:40.063+0000] {processor.py:830} INFO - Processing file /home/airflow/.local/lib/python3.8/site-packages/airflow/example_dags/example_task_group_decorator.py for tasks to queue
[2024-03-28T17:29:40.072+0000] {logging_mixin.py:188} INFO - [2024-03-28T17:29:40.071+0000] {dagbag.py:540} INFO - Filling up the DagBag from /home/airflow/.local/lib/python3.8/site-packages/airflow/example_dags/example_task_group_decorator.py
[2024-03-28T17:29:40.114+0000] {processor.py:840} INFO - DAG(s) 'example_task_group_decorator' retrieved from /home/airflow/.local/lib/python3.8/site-packages/airflow/example_dags/example_task_group_decorator.py
[2024-03-28T17:29:40.177+0000] {logging_mixin.py:188} INFO - [2024-03-28T17:29:40.176+0000] {dag.py:3047} INFO - Sync 1 DAGs
[2024-03-28T17:29:40.236+0000] {logging_mixin.py:188} INFO - [2024-03-28T17:29:40.235+0000] {dag.py:3834} INFO - Setting next_dagrun for example_task_group_decorator to 2024-03-27 00:00:00+00:00, run_after=2024-03-28 00:00:00+00:00
[2024-03-28T17:29:40.297+0000] {processor.py:183} INFO - Processing /home/airflow/.local/lib/python3.8/site-packages/airflow/example_dags/example_task_group_decorator.py took 0.247 seconds
[2024-03-28T17:30:10.445+0000] {processor.py:161} INFO - Started process (PID=2112) to work on /home/airflow/.local/lib/python3.8/site-packages/airflow/example_dags/example_task_group_decorator.py
[2024-03-28T17:30:10.450+0000] {processor.py:830} INFO - Processing file /home/airflow/.local/lib/python3.8/site-packages/airflow/example_dags/example_task_group_decorator.py for tasks to queue
[2024-03-28T17:30:10.460+0000] {logging_mixin.py:188} INFO - [2024-03-28T17:30:10.458+0000] {dagbag.py:540} INFO - Filling up the DagBag from /home/airflow/.local/lib/python3.8/site-packages/airflow/example_dags/example_task_group_decorator.py
[2024-03-28T17:30:10.512+0000] {processor.py:840} INFO - DAG(s) 'example_task_group_decorator' retrieved from /home/airflow/.local/lib/python3.8/site-packages/airflow/example_dags/example_task_group_decorator.py
[2024-03-28T17:30:10.596+0000] {logging_mixin.py:188} INFO - [2024-03-28T17:30:10.596+0000] {dag.py:3047} INFO - Sync 1 DAGs
[2024-03-28T17:30:10.687+0000] {logging_mixin.py:188} INFO - [2024-03-28T17:30:10.686+0000] {dag.py:3834} INFO - Setting next_dagrun for example_task_group_decorator to 2024-03-27 00:00:00+00:00, run_after=2024-03-28 00:00:00+00:00
[2024-03-28T17:30:10.792+0000] {processor.py:183} INFO - Processing /home/airflow/.local/lib/python3.8/site-packages/airflow/example_dags/example_task_group_decorator.py took 0.363 seconds
[2024-03-28T17:30:54.438+0000] {processor.py:161} INFO - Started process (PID=2169) to work on /home/airflow/.local/lib/python3.8/site-packages/airflow/example_dags/example_task_group_decorator.py
[2024-03-28T17:30:54.695+0000] {processor.py:830} INFO - Processing file /home/airflow/.local/lib/python3.8/site-packages/airflow/example_dags/example_task_group_decorator.py for tasks to queue
[2024-03-28T17:30:54.895+0000] {logging_mixin.py:188} INFO - [2024-03-28T17:30:54.893+0000] {dagbag.py:540} INFO - Filling up the DagBag from /home/airflow/.local/lib/python3.8/site-packages/airflow/example_dags/example_task_group_decorator.py
[2024-03-28T17:30:55.283+0000] {processor.py:840} INFO - DAG(s) 'example_task_group_decorator' retrieved from /home/airflow/.local/lib/python3.8/site-packages/airflow/example_dags/example_task_group_decorator.py
[2024-03-28T17:30:55.609+0000] {logging_mixin.py:188} INFO - [2024-03-28T17:30:55.608+0000] {dag.py:3047} INFO - Sync 1 DAGs
[2024-03-28T17:30:55.975+0000] {logging_mixin.py:188} INFO - [2024-03-28T17:30:55.975+0000] {dag.py:3834} INFO - Setting next_dagrun for example_task_group_decorator to 2024-03-27 00:00:00+00:00, run_after=2024-03-28 00:00:00+00:00
[2024-03-28T17:30:56.098+0000] {processor.py:183} INFO - Processing /home/airflow/.local/lib/python3.8/site-packages/airflow/example_dags/example_task_group_decorator.py took 1.738 seconds
[2024-03-28T17:31:27.242+0000] {processor.py:161} INFO - Started process (PID=2223) to work on /home/airflow/.local/lib/python3.8/site-packages/airflow/example_dags/example_task_group_decorator.py
[2024-03-28T17:31:27.257+0000] {processor.py:830} INFO - Processing file /home/airflow/.local/lib/python3.8/site-packages/airflow/example_dags/example_task_group_decorator.py for tasks to queue
[2024-03-28T17:31:27.276+0000] {logging_mixin.py:188} INFO - [2024-03-28T17:31:27.274+0000] {dagbag.py:540} INFO - Filling up the DagBag from /home/airflow/.local/lib/python3.8/site-packages/airflow/example_dags/example_task_group_decorator.py
[2024-03-28T17:31:27.572+0000] {processor.py:840} INFO - DAG(s) 'example_task_group_decorator' retrieved from /home/airflow/.local/lib/python3.8/site-packages/airflow/example_dags/example_task_group_decorator.py
[2024-03-28T17:31:28.057+0000] {logging_mixin.py:188} INFO - [2024-03-28T17:31:28.057+0000] {dag.py:3047} INFO - Sync 1 DAGs
[2024-03-28T17:31:28.841+0000] {logging_mixin.py:188} INFO - [2024-03-28T17:31:28.840+0000] {dag.py:3834} INFO - Setting next_dagrun for example_task_group_decorator to 2024-03-27 00:00:00+00:00, run_after=2024-03-28 00:00:00+00:00
[2024-03-28T17:31:29.047+0000] {processor.py:183} INFO - Processing /home/airflow/.local/lib/python3.8/site-packages/airflow/example_dags/example_task_group_decorator.py took 1.913 seconds
[2024-03-28T17:32:00.021+0000] {processor.py:161} INFO - Started process (PID=2277) to work on /home/airflow/.local/lib/python3.8/site-packages/airflow/example_dags/example_task_group_decorator.py
[2024-03-28T17:32:00.309+0000] {processor.py:830} INFO - Processing file /home/airflow/.local/lib/python3.8/site-packages/airflow/example_dags/example_task_group_decorator.py for tasks to queue
[2024-03-28T17:32:01.324+0000] {logging_mixin.py:188} INFO - [2024-03-28T17:32:01.322+0000] {dagbag.py:540} INFO - Filling up the DagBag from /home/airflow/.local/lib/python3.8/site-packages/airflow/example_dags/example_task_group_decorator.py
[2024-03-28T17:32:02.162+0000] {processor.py:840} INFO - DAG(s) 'example_task_group_decorator' retrieved from /home/airflow/.local/lib/python3.8/site-packages/airflow/example_dags/example_task_group_decorator.py
[2024-03-28T17:32:02.777+0000] {logging_mixin.py:188} INFO - [2024-03-28T17:32:02.776+0000] {dag.py:3047} INFO - Sync 1 DAGs
[2024-03-28T17:32:03.022+0000] {logging_mixin.py:188} INFO - [2024-03-28T17:32:03.021+0000] {dag.py:3834} INFO - Setting next_dagrun for example_task_group_decorator to 2024-03-27 00:00:00+00:00, run_after=2024-03-28 00:00:00+00:00
[2024-03-28T17:32:03.137+0000] {processor.py:183} INFO - Processing /home/airflow/.local/lib/python3.8/site-packages/airflow/example_dags/example_task_group_decorator.py took 3.350 seconds
[2024-03-28T17:32:33.787+0000] {processor.py:161} INFO - Started process (PID=2332) to work on /home/airflow/.local/lib/python3.8/site-packages/airflow/example_dags/example_task_group_decorator.py
[2024-03-28T17:32:33.826+0000] {processor.py:830} INFO - Processing file /home/airflow/.local/lib/python3.8/site-packages/airflow/example_dags/example_task_group_decorator.py for tasks to queue
[2024-03-28T17:32:33.869+0000] {logging_mixin.py:188} INFO - [2024-03-28T17:32:33.855+0000] {dagbag.py:540} INFO - Filling up the DagBag from /home/airflow/.local/lib/python3.8/site-packages/airflow/example_dags/example_task_group_decorator.py
[2024-03-28T17:32:34.078+0000] {processor.py:840} INFO - DAG(s) 'example_task_group_decorator' retrieved from /home/airflow/.local/lib/python3.8/site-packages/airflow/example_dags/example_task_group_decorator.py
[2024-03-28T17:32:34.210+0000] {logging_mixin.py:188} INFO - [2024-03-28T17:32:34.210+0000] {dag.py:3047} INFO - Sync 1 DAGs
[2024-03-28T17:32:34.337+0000] {logging_mixin.py:188} INFO - [2024-03-28T17:32:34.336+0000] {dag.py:3834} INFO - Setting next_dagrun for example_task_group_decorator to 2024-03-27 00:00:00+00:00, run_after=2024-03-28 00:00:00+00:00
[2024-03-28T17:32:34.490+0000] {processor.py:183} INFO - Processing /home/airflow/.local/lib/python3.8/site-packages/airflow/example_dags/example_task_group_decorator.py took 0.720 seconds
[2024-03-28T17:33:04.680+0000] {processor.py:161} INFO - Started process (PID=2386) to work on /home/airflow/.local/lib/python3.8/site-packages/airflow/example_dags/example_task_group_decorator.py
[2024-03-28T17:33:04.683+0000] {processor.py:830} INFO - Processing file /home/airflow/.local/lib/python3.8/site-packages/airflow/example_dags/example_task_group_decorator.py for tasks to queue
[2024-03-28T17:33:04.689+0000] {logging_mixin.py:188} INFO - [2024-03-28T17:33:04.688+0000] {dagbag.py:540} INFO - Filling up the DagBag from /home/airflow/.local/lib/python3.8/site-packages/airflow/example_dags/example_task_group_decorator.py
[2024-03-28T17:33:04.750+0000] {processor.py:840} INFO - DAG(s) 'example_task_group_decorator' retrieved from /home/airflow/.local/lib/python3.8/site-packages/airflow/example_dags/example_task_group_decorator.py
[2024-03-28T17:33:04.833+0000] {logging_mixin.py:188} INFO - [2024-03-28T17:33:04.832+0000] {dag.py:3047} INFO - Sync 1 DAGs
[2024-03-28T17:33:04.994+0000] {logging_mixin.py:188} INFO - [2024-03-28T17:33:04.988+0000] {dag.py:3834} INFO - Setting next_dagrun for example_task_group_decorator to 2024-03-27 00:00:00+00:00, run_after=2024-03-28 00:00:00+00:00
[2024-03-28T17:33:05.066+0000] {processor.py:183} INFO - Processing /home/airflow/.local/lib/python3.8/site-packages/airflow/example_dags/example_task_group_decorator.py took 0.396 seconds
