[2024-03-28T16:31:44.633+0000] {processor.py:161} INFO - Started process (PID=130) to work on /home/airflow/.local/lib/python3.8/site-packages/airflow/example_dags/example_python_decorator.py
[2024-03-28T16:31:44.828+0000] {processor.py:830} INFO - Processing file /home/airflow/.local/lib/python3.8/site-packages/airflow/example_dags/example_python_decorator.py for tasks to queue
[2024-03-28T16:31:44.895+0000] {logging_mixin.py:188} INFO - [2024-03-28T16:31:44.838+0000] {dagbag.py:540} INFO - Filling up the DagBag from /home/airflow/.local/lib/python3.8/site-packages/airflow/example_dags/example_python_decorator.py
[2024-03-28T16:31:45.401+0000] {processor.py:840} INFO - DAG(s) 'example_python_decorator' retrieved from /home/airflow/.local/lib/python3.8/site-packages/airflow/example_dags/example_python_decorator.py
[2024-03-28T16:31:50.395+0000] {logging_mixin.py:188} INFO - [2024-03-28T16:31:50.392+0000] {override.py:1769} INFO - Created Permission View: can edit on DAG:example_python_decorator
[2024-03-28T16:31:50.804+0000] {logging_mixin.py:188} INFO - [2024-03-28T16:31:50.803+0000] {override.py:1769} INFO - Created Permission View: can read on DAG:example_python_decorator
[2024-03-28T16:31:51.059+0000] {logging_mixin.py:188} INFO - [2024-03-28T16:31:51.057+0000] {override.py:1769} INFO - Created Permission View: can delete on DAG:example_python_decorator
[2024-03-28T16:31:51.091+0000] {logging_mixin.py:188} INFO - [2024-03-28T16:31:51.091+0000] {dag.py:3047} INFO - Sync 1 DAGs
[2024-03-28T16:31:51.692+0000] {logging_mixin.py:188} INFO - [2024-03-28T16:31:51.692+0000] {dag.py:3069} INFO - Creating ORM DAG for example_python_decorator
[2024-03-28T16:31:51.714+0000] {logging_mixin.py:188} INFO - [2024-03-28T16:31:51.707+0000] {dag.py:3834} INFO - Setting next_dagrun for example_python_decorator to None, run_after=None
[2024-03-28T16:31:52.292+0000] {processor.py:183} INFO - Processing /home/airflow/.local/lib/python3.8/site-packages/airflow/example_dags/example_python_decorator.py took 8.163 seconds
[2024-03-28T16:35:47.420+0000] {processor.py:161} INFO - Started process (PID=219) to work on /home/airflow/.local/lib/python3.8/site-packages/airflow/example_dags/example_python_decorator.py
[2024-03-28T16:35:47.466+0000] {processor.py:830} INFO - Processing file /home/airflow/.local/lib/python3.8/site-packages/airflow/example_dags/example_python_decorator.py for tasks to queue
[2024-03-28T16:35:47.682+0000] {logging_mixin.py:188} INFO - [2024-03-28T16:35:47.666+0000] {dagbag.py:540} INFO - Filling up the DagBag from /home/airflow/.local/lib/python3.8/site-packages/airflow/example_dags/example_python_decorator.py
[2024-03-28T16:35:50.852+0000] {processor.py:840} INFO - DAG(s) 'example_python_decorator' retrieved from /home/airflow/.local/lib/python3.8/site-packages/airflow/example_dags/example_python_decorator.py
[2024-03-28T16:35:54.403+0000] {logging_mixin.py:188} INFO - [2024-03-28T16:35:54.400+0000] {dag.py:3047} INFO - Sync 1 DAGs
[2024-03-28T16:35:55.228+0000] {logging_mixin.py:188} INFO - [2024-03-28T16:35:55.227+0000] {dag.py:3834} INFO - Setting next_dagrun for example_python_decorator to None, run_after=None
[2024-03-28T16:35:55.963+0000] {processor.py:183} INFO - Processing /home/airflow/.local/lib/python3.8/site-packages/airflow/example_dags/example_python_decorator.py took 8.980 seconds
[2024-03-28T16:38:15.198+0000] {processor.py:161} INFO - Started process (PID=293) to work on /home/airflow/.local/lib/python3.8/site-packages/airflow/example_dags/example_python_decorator.py
[2024-03-28T16:38:15.233+0000] {processor.py:830} INFO - Processing file /home/airflow/.local/lib/python3.8/site-packages/airflow/example_dags/example_python_decorator.py for tasks to queue
[2024-03-28T16:38:15.381+0000] {logging_mixin.py:188} INFO - [2024-03-28T16:38:15.379+0000] {dagbag.py:540} INFO - Filling up the DagBag from /home/airflow/.local/lib/python3.8/site-packages/airflow/example_dags/example_python_decorator.py
[2024-03-28T16:38:16.588+0000] {processor.py:840} INFO - DAG(s) 'example_python_decorator' retrieved from /home/airflow/.local/lib/python3.8/site-packages/airflow/example_dags/example_python_decorator.py
[2024-03-28T16:38:17.357+0000] {logging_mixin.py:188} INFO - [2024-03-28T16:38:17.347+0000] {dag.py:3047} INFO - Sync 1 DAGs
[2024-03-28T16:38:18.067+0000] {logging_mixin.py:188} INFO - [2024-03-28T16:38:18.000+0000] {dag.py:3834} INFO - Setting next_dagrun for example_python_decorator to None, run_after=None
[2024-03-28T16:38:19.069+0000] {processor.py:183} INFO - Processing /home/airflow/.local/lib/python3.8/site-packages/airflow/example_dags/example_python_decorator.py took 4.023 seconds
[2024-03-28T16:40:48.986+0000] {processor.py:161} INFO - Started process (PID=355) to work on /home/airflow/.local/lib/python3.8/site-packages/airflow/example_dags/example_python_decorator.py
[2024-03-28T16:40:48.999+0000] {processor.py:830} INFO - Processing file /home/airflow/.local/lib/python3.8/site-packages/airflow/example_dags/example_python_decorator.py for tasks to queue
[2024-03-28T16:40:49.495+0000] {logging_mixin.py:188} INFO - [2024-03-28T16:40:49.490+0000] {dagbag.py:540} INFO - Filling up the DagBag from /home/airflow/.local/lib/python3.8/site-packages/airflow/example_dags/example_python_decorator.py
[2024-03-28T16:40:53.975+0000] {processor.py:840} INFO - DAG(s) 'example_python_decorator' retrieved from /home/airflow/.local/lib/python3.8/site-packages/airflow/example_dags/example_python_decorator.py
[2024-03-28T16:40:59.453+0000] {logging_mixin.py:188} INFO - [2024-03-28T16:40:59.151+0000] {dag.py:3047} INFO - Sync 1 DAGs
[2024-03-28T16:41:01.595+0000] {logging_mixin.py:188} INFO - [2024-03-28T16:41:01.550+0000] {dag.py:3834} INFO - Setting next_dagrun for example_python_decorator to None, run_after=None
[2024-03-28T16:41:03.114+0000] {processor.py:183} INFO - Processing /home/airflow/.local/lib/python3.8/site-packages/airflow/example_dags/example_python_decorator.py took 15.077 seconds
[2024-03-28T16:44:00.424+0000] {processor.py:161} INFO - Started process (PID=433) to work on /home/airflow/.local/lib/python3.8/site-packages/airflow/example_dags/example_python_decorator.py
[2024-03-28T16:44:00.455+0000] {processor.py:830} INFO - Processing file /home/airflow/.local/lib/python3.8/site-packages/airflow/example_dags/example_python_decorator.py for tasks to queue
[2024-03-28T16:44:00.579+0000] {logging_mixin.py:188} INFO - [2024-03-28T16:44:00.565+0000] {dagbag.py:540} INFO - Filling up the DagBag from /home/airflow/.local/lib/python3.8/site-packages/airflow/example_dags/example_python_decorator.py
[2024-03-28T16:44:01.858+0000] {processor.py:840} INFO - DAG(s) 'example_python_decorator' retrieved from /home/airflow/.local/lib/python3.8/site-packages/airflow/example_dags/example_python_decorator.py
[2024-03-28T16:44:05.855+0000] {logging_mixin.py:188} INFO - [2024-03-28T16:44:05.853+0000] {dag.py:3047} INFO - Sync 1 DAGs
[2024-03-28T16:44:07.582+0000] {logging_mixin.py:188} INFO - [2024-03-28T16:44:07.581+0000] {dag.py:3834} INFO - Setting next_dagrun for example_python_decorator to None, run_after=None
[2024-03-28T16:44:08.829+0000] {processor.py:183} INFO - Processing /home/airflow/.local/lib/python3.8/site-packages/airflow/example_dags/example_python_decorator.py took 8.674 seconds
[2024-03-28T17:05:54.436+0000] {processor.py:161} INFO - Started process (PID=59) to work on /home/airflow/.local/lib/python3.8/site-packages/airflow/example_dags/example_python_decorator.py
[2024-03-28T17:05:54.470+0000] {processor.py:830} INFO - Processing file /home/airflow/.local/lib/python3.8/site-packages/airflow/example_dags/example_python_decorator.py for tasks to queue
[2024-03-28T17:05:54.524+0000] {logging_mixin.py:188} INFO - [2024-03-28T17:05:54.523+0000] {dagbag.py:540} INFO - Filling up the DagBag from /home/airflow/.local/lib/python3.8/site-packages/airflow/example_dags/example_python_decorator.py
[2024-03-28T17:05:54.926+0000] {processor.py:840} INFO - DAG(s) 'example_python_decorator' retrieved from /home/airflow/.local/lib/python3.8/site-packages/airflow/example_dags/example_python_decorator.py
[2024-03-28T17:05:56.617+0000] {logging_mixin.py:188} INFO - [2024-03-28T17:05:56.617+0000] {dag.py:3047} INFO - Sync 1 DAGs
[2024-03-28T17:05:56.754+0000] {logging_mixin.py:188} INFO - [2024-03-28T17:05:56.754+0000] {dag.py:3834} INFO - Setting next_dagrun for example_python_decorator to None, run_after=None
[2024-03-28T17:05:57.130+0000] {processor.py:183} INFO - Processing /home/airflow/.local/lib/python3.8/site-packages/airflow/example_dags/example_python_decorator.py took 2.782 seconds
[2024-03-28T17:07:25.440+0000] {processor.py:161} INFO - Started process (PID=126) to work on /home/airflow/.local/lib/python3.8/site-packages/airflow/example_dags/example_python_decorator.py
[2024-03-28T17:07:25.447+0000] {processor.py:830} INFO - Processing file /home/airflow/.local/lib/python3.8/site-packages/airflow/example_dags/example_python_decorator.py for tasks to queue
[2024-03-28T17:07:25.471+0000] {logging_mixin.py:188} INFO - [2024-03-28T17:07:25.466+0000] {dagbag.py:540} INFO - Filling up the DagBag from /home/airflow/.local/lib/python3.8/site-packages/airflow/example_dags/example_python_decorator.py
[2024-03-28T17:07:25.635+0000] {processor.py:840} INFO - DAG(s) 'example_python_decorator' retrieved from /home/airflow/.local/lib/python3.8/site-packages/airflow/example_dags/example_python_decorator.py
[2024-03-28T17:07:25.780+0000] {logging_mixin.py:188} INFO - [2024-03-28T17:07:25.779+0000] {dag.py:3047} INFO - Sync 1 DAGs
[2024-03-28T17:07:26.061+0000] {logging_mixin.py:188} INFO - [2024-03-28T17:07:26.033+0000] {dag.py:3834} INFO - Setting next_dagrun for example_python_decorator to None, run_after=None
[2024-03-28T17:07:26.714+0000] {processor.py:183} INFO - Processing /home/airflow/.local/lib/python3.8/site-packages/airflow/example_dags/example_python_decorator.py took 1.307 seconds
[2024-03-28T17:08:16.218+0000] {processor.py:161} INFO - Started process (PID=187) to work on /home/airflow/.local/lib/python3.8/site-packages/airflow/example_dags/example_python_decorator.py
[2024-03-28T17:08:16.255+0000] {processor.py:830} INFO - Processing file /home/airflow/.local/lib/python3.8/site-packages/airflow/example_dags/example_python_decorator.py for tasks to queue
[2024-03-28T17:08:16.288+0000] {logging_mixin.py:188} INFO - [2024-03-28T17:08:16.283+0000] {dagbag.py:540} INFO - Filling up the DagBag from /home/airflow/.local/lib/python3.8/site-packages/airflow/example_dags/example_python_decorator.py
[2024-03-28T17:08:16.388+0000] {processor.py:840} INFO - DAG(s) 'example_python_decorator' retrieved from /home/airflow/.local/lib/python3.8/site-packages/airflow/example_dags/example_python_decorator.py
[2024-03-28T17:08:16.544+0000] {logging_mixin.py:188} INFO - [2024-03-28T17:08:16.540+0000] {dag.py:3047} INFO - Sync 1 DAGs
[2024-03-28T17:08:16.611+0000] {logging_mixin.py:188} INFO - [2024-03-28T17:08:16.610+0000] {dag.py:3834} INFO - Setting next_dagrun for example_python_decorator to None, run_after=None
[2024-03-28T17:08:16.719+0000] {processor.py:183} INFO - Processing /home/airflow/.local/lib/python3.8/site-packages/airflow/example_dags/example_python_decorator.py took 0.651 seconds
[2024-03-28T17:09:00.667+0000] {processor.py:161} INFO - Started process (PID=242) to work on /home/airflow/.local/lib/python3.8/site-packages/airflow/example_dags/example_python_decorator.py
[2024-03-28T17:09:00.708+0000] {processor.py:830} INFO - Processing file /home/airflow/.local/lib/python3.8/site-packages/airflow/example_dags/example_python_decorator.py for tasks to queue
[2024-03-28T17:09:00.715+0000] {logging_mixin.py:188} INFO - [2024-03-28T17:09:00.714+0000] {dagbag.py:540} INFO - Filling up the DagBag from /home/airflow/.local/lib/python3.8/site-packages/airflow/example_dags/example_python_decorator.py
[2024-03-28T17:09:00.771+0000] {processor.py:840} INFO - DAG(s) 'example_python_decorator' retrieved from /home/airflow/.local/lib/python3.8/site-packages/airflow/example_dags/example_python_decorator.py
[2024-03-28T17:09:01.367+0000] {logging_mixin.py:188} INFO - [2024-03-28T17:09:01.366+0000] {dag.py:3047} INFO - Sync 1 DAGs
[2024-03-28T17:09:01.539+0000] {logging_mixin.py:188} INFO - [2024-03-28T17:09:01.539+0000] {dag.py:3834} INFO - Setting next_dagrun for example_python_decorator to None, run_after=None
[2024-03-28T17:09:02.902+0000] {processor.py:183} INFO - Processing /home/airflow/.local/lib/python3.8/site-packages/airflow/example_dags/example_python_decorator.py took 2.248 seconds
[2024-03-28T17:10:27.782+0000] {processor.py:161} INFO - Started process (PID=297) to work on /home/airflow/.local/lib/python3.8/site-packages/airflow/example_dags/example_python_decorator.py
[2024-03-28T17:10:27.818+0000] {processor.py:830} INFO - Processing file /home/airflow/.local/lib/python3.8/site-packages/airflow/example_dags/example_python_decorator.py for tasks to queue
[2024-03-28T17:10:27.852+0000] {logging_mixin.py:188} INFO - [2024-03-28T17:10:27.851+0000] {dagbag.py:540} INFO - Filling up the DagBag from /home/airflow/.local/lib/python3.8/site-packages/airflow/example_dags/example_python_decorator.py
[2024-03-28T17:10:28.053+0000] {processor.py:840} INFO - DAG(s) 'example_python_decorator' retrieved from /home/airflow/.local/lib/python3.8/site-packages/airflow/example_dags/example_python_decorator.py
[2024-03-28T17:10:28.192+0000] {logging_mixin.py:188} INFO - [2024-03-28T17:10:28.192+0000] {dag.py:3047} INFO - Sync 1 DAGs
[2024-03-28T17:10:28.304+0000] {logging_mixin.py:188} INFO - [2024-03-28T17:10:28.303+0000] {dag.py:3834} INFO - Setting next_dagrun for example_python_decorator to None, run_after=None
[2024-03-28T17:10:28.590+0000] {processor.py:183} INFO - Processing /home/airflow/.local/lib/python3.8/site-packages/airflow/example_dags/example_python_decorator.py took 0.888 seconds
[2024-03-28T17:11:15.571+0000] {processor.py:161} INFO - Started process (PID=353) to work on /home/airflow/.local/lib/python3.8/site-packages/airflow/example_dags/example_python_decorator.py
[2024-03-28T17:11:15.581+0000] {processor.py:830} INFO - Processing file /home/airflow/.local/lib/python3.8/site-packages/airflow/example_dags/example_python_decorator.py for tasks to queue
[2024-03-28T17:11:15.603+0000] {logging_mixin.py:188} INFO - [2024-03-28T17:11:15.599+0000] {dagbag.py:540} INFO - Filling up the DagBag from /home/airflow/.local/lib/python3.8/site-packages/airflow/example_dags/example_python_decorator.py
[2024-03-28T17:11:15.776+0000] {processor.py:840} INFO - DAG(s) 'example_python_decorator' retrieved from /home/airflow/.local/lib/python3.8/site-packages/airflow/example_dags/example_python_decorator.py
[2024-03-28T17:11:15.982+0000] {logging_mixin.py:188} INFO - [2024-03-28T17:11:15.980+0000] {dag.py:3047} INFO - Sync 1 DAGs
[2024-03-28T17:11:16.393+0000] {logging_mixin.py:188} INFO - [2024-03-28T17:11:16.393+0000] {dag.py:3834} INFO - Setting next_dagrun for example_python_decorator to None, run_after=None
[2024-03-28T17:11:16.666+0000] {processor.py:183} INFO - Processing /home/airflow/.local/lib/python3.8/site-packages/airflow/example_dags/example_python_decorator.py took 1.124 seconds
[2024-03-28T17:12:15.244+0000] {processor.py:161} INFO - Started process (PID=416) to work on /home/airflow/.local/lib/python3.8/site-packages/airflow/example_dags/example_python_decorator.py
[2024-03-28T17:12:15.287+0000] {processor.py:830} INFO - Processing file /home/airflow/.local/lib/python3.8/site-packages/airflow/example_dags/example_python_decorator.py for tasks to queue
[2024-03-28T17:12:15.361+0000] {logging_mixin.py:188} INFO - [2024-03-28T17:12:15.360+0000] {dagbag.py:540} INFO - Filling up the DagBag from /home/airflow/.local/lib/python3.8/site-packages/airflow/example_dags/example_python_decorator.py
[2024-03-28T17:12:16.174+0000] {processor.py:840} INFO - DAG(s) 'example_python_decorator' retrieved from /home/airflow/.local/lib/python3.8/site-packages/airflow/example_dags/example_python_decorator.py
[2024-03-28T17:12:16.341+0000] {logging_mixin.py:188} INFO - [2024-03-28T17:12:16.340+0000] {dag.py:3047} INFO - Sync 1 DAGs
[2024-03-28T17:12:16.449+0000] {logging_mixin.py:188} INFO - [2024-03-28T17:12:16.445+0000] {dag.py:3834} INFO - Setting next_dagrun for example_python_decorator to None, run_after=None
[2024-03-28T17:12:16.546+0000] {processor.py:183} INFO - Processing /home/airflow/.local/lib/python3.8/site-packages/airflow/example_dags/example_python_decorator.py took 1.318 seconds
[2024-03-28T17:12:51.869+0000] {processor.py:161} INFO - Started process (PID=467) to work on /home/airflow/.local/lib/python3.8/site-packages/airflow/example_dags/example_python_decorator.py
[2024-03-28T17:12:51.874+0000] {processor.py:830} INFO - Processing file /home/airflow/.local/lib/python3.8/site-packages/airflow/example_dags/example_python_decorator.py for tasks to queue
[2024-03-28T17:12:51.891+0000] {logging_mixin.py:188} INFO - [2024-03-28T17:12:51.888+0000] {dagbag.py:540} INFO - Filling up the DagBag from /home/airflow/.local/lib/python3.8/site-packages/airflow/example_dags/example_python_decorator.py
[2024-03-28T17:12:51.993+0000] {processor.py:840} INFO - DAG(s) 'example_python_decorator' retrieved from /home/airflow/.local/lib/python3.8/site-packages/airflow/example_dags/example_python_decorator.py
[2024-03-28T17:12:52.113+0000] {logging_mixin.py:188} INFO - [2024-03-28T17:12:52.113+0000] {dag.py:3047} INFO - Sync 1 DAGs
[2024-03-28T17:12:52.164+0000] {logging_mixin.py:188} INFO - [2024-03-28T17:12:52.164+0000] {dag.py:3834} INFO - Setting next_dagrun for example_python_decorator to None, run_after=None
[2024-03-28T17:12:52.292+0000] {processor.py:183} INFO - Processing /home/airflow/.local/lib/python3.8/site-packages/airflow/example_dags/example_python_decorator.py took 0.444 seconds
[2024-03-28T17:13:26.611+0000] {processor.py:161} INFO - Started process (PID=529) to work on /home/airflow/.local/lib/python3.8/site-packages/airflow/example_dags/example_python_decorator.py
[2024-03-28T17:13:26.630+0000] {processor.py:830} INFO - Processing file /home/airflow/.local/lib/python3.8/site-packages/airflow/example_dags/example_python_decorator.py for tasks to queue
[2024-03-28T17:13:26.644+0000] {logging_mixin.py:188} INFO - [2024-03-28T17:13:26.643+0000] {dagbag.py:540} INFO - Filling up the DagBag from /home/airflow/.local/lib/python3.8/site-packages/airflow/example_dags/example_python_decorator.py
[2024-03-28T17:13:26.787+0000] {processor.py:840} INFO - DAG(s) 'example_python_decorator' retrieved from /home/airflow/.local/lib/python3.8/site-packages/airflow/example_dags/example_python_decorator.py
[2024-03-28T17:13:27.983+0000] {logging_mixin.py:188} INFO - [2024-03-28T17:13:27.982+0000] {dag.py:3047} INFO - Sync 1 DAGs
[2024-03-28T17:13:28.052+0000] {logging_mixin.py:188} INFO - [2024-03-28T17:13:28.051+0000] {dag.py:3834} INFO - Setting next_dagrun for example_python_decorator to None, run_after=None
[2024-03-28T17:13:28.243+0000] {processor.py:183} INFO - Processing /home/airflow/.local/lib/python3.8/site-packages/airflow/example_dags/example_python_decorator.py took 1.699 seconds
[2024-03-28T17:14:01.295+0000] {processor.py:161} INFO - Started process (PID=585) to work on /home/airflow/.local/lib/python3.8/site-packages/airflow/example_dags/example_python_decorator.py
[2024-03-28T17:14:01.317+0000] {processor.py:830} INFO - Processing file /home/airflow/.local/lib/python3.8/site-packages/airflow/example_dags/example_python_decorator.py for tasks to queue
[2024-03-28T17:14:01.343+0000] {logging_mixin.py:188} INFO - [2024-03-28T17:14:01.341+0000] {dagbag.py:540} INFO - Filling up the DagBag from /home/airflow/.local/lib/python3.8/site-packages/airflow/example_dags/example_python_decorator.py
[2024-03-28T17:14:01.423+0000] {processor.py:840} INFO - DAG(s) 'example_python_decorator' retrieved from /home/airflow/.local/lib/python3.8/site-packages/airflow/example_dags/example_python_decorator.py
[2024-03-28T17:14:01.619+0000] {logging_mixin.py:188} INFO - [2024-03-28T17:14:01.619+0000] {dag.py:3047} INFO - Sync 1 DAGs
[2024-03-28T17:14:01.655+0000] {logging_mixin.py:188} INFO - [2024-03-28T17:14:01.654+0000] {dag.py:3834} INFO - Setting next_dagrun for example_python_decorator to None, run_after=None
[2024-03-28T17:14:01.906+0000] {processor.py:183} INFO - Processing /home/airflow/.local/lib/python3.8/site-packages/airflow/example_dags/example_python_decorator.py took 0.652 seconds
[2024-03-28T17:14:33.464+0000] {processor.py:161} INFO - Started process (PID=639) to work on /home/airflow/.local/lib/python3.8/site-packages/airflow/example_dags/example_python_decorator.py
[2024-03-28T17:14:33.498+0000] {processor.py:830} INFO - Processing file /home/airflow/.local/lib/python3.8/site-packages/airflow/example_dags/example_python_decorator.py for tasks to queue
[2024-03-28T17:14:33.532+0000] {logging_mixin.py:188} INFO - [2024-03-28T17:14:33.526+0000] {dagbag.py:540} INFO - Filling up the DagBag from /home/airflow/.local/lib/python3.8/site-packages/airflow/example_dags/example_python_decorator.py
[2024-03-28T17:14:33.800+0000] {processor.py:840} INFO - DAG(s) 'example_python_decorator' retrieved from /home/airflow/.local/lib/python3.8/site-packages/airflow/example_dags/example_python_decorator.py
[2024-03-28T17:14:34.038+0000] {logging_mixin.py:188} INFO - [2024-03-28T17:14:34.032+0000] {dag.py:3047} INFO - Sync 1 DAGs
[2024-03-28T17:14:34.229+0000] {logging_mixin.py:188} INFO - [2024-03-28T17:14:34.228+0000] {dag.py:3834} INFO - Setting next_dagrun for example_python_decorator to None, run_after=None
[2024-03-28T17:14:34.612+0000] {processor.py:183} INFO - Processing /home/airflow/.local/lib/python3.8/site-packages/airflow/example_dags/example_python_decorator.py took 1.187 seconds
[2024-03-28T17:15:05.304+0000] {processor.py:161} INFO - Started process (PID=693) to work on /home/airflow/.local/lib/python3.8/site-packages/airflow/example_dags/example_python_decorator.py
[2024-03-28T17:15:05.344+0000] {processor.py:830} INFO - Processing file /home/airflow/.local/lib/python3.8/site-packages/airflow/example_dags/example_python_decorator.py for tasks to queue
[2024-03-28T17:15:05.384+0000] {logging_mixin.py:188} INFO - [2024-03-28T17:15:05.376+0000] {dagbag.py:540} INFO - Filling up the DagBag from /home/airflow/.local/lib/python3.8/site-packages/airflow/example_dags/example_python_decorator.py
[2024-03-28T17:15:05.565+0000] {processor.py:840} INFO - DAG(s) 'example_python_decorator' retrieved from /home/airflow/.local/lib/python3.8/site-packages/airflow/example_dags/example_python_decorator.py
[2024-03-28T17:15:05.692+0000] {logging_mixin.py:188} INFO - [2024-03-28T17:15:05.690+0000] {dag.py:3047} INFO - Sync 1 DAGs
[2024-03-28T17:15:05.746+0000] {logging_mixin.py:188} INFO - [2024-03-28T17:15:05.745+0000] {dag.py:3834} INFO - Setting next_dagrun for example_python_decorator to None, run_after=None
[2024-03-28T17:15:05.816+0000] {processor.py:183} INFO - Processing /home/airflow/.local/lib/python3.8/site-packages/airflow/example_dags/example_python_decorator.py took 0.618 seconds
[2024-03-28T17:15:43.494+0000] {processor.py:161} INFO - Started process (PID=749) to work on /home/airflow/.local/lib/python3.8/site-packages/airflow/example_dags/example_python_decorator.py
[2024-03-28T17:15:43.498+0000] {processor.py:830} INFO - Processing file /home/airflow/.local/lib/python3.8/site-packages/airflow/example_dags/example_python_decorator.py for tasks to queue
[2024-03-28T17:15:43.512+0000] {logging_mixin.py:188} INFO - [2024-03-28T17:15:43.511+0000] {dagbag.py:540} INFO - Filling up the DagBag from /home/airflow/.local/lib/python3.8/site-packages/airflow/example_dags/example_python_decorator.py
[2024-03-28T17:15:43.574+0000] {processor.py:840} INFO - DAG(s) 'example_python_decorator' retrieved from /home/airflow/.local/lib/python3.8/site-packages/airflow/example_dags/example_python_decorator.py
[2024-03-28T17:15:43.664+0000] {logging_mixin.py:188} INFO - [2024-03-28T17:15:43.663+0000] {dag.py:3047} INFO - Sync 1 DAGs
[2024-03-28T17:15:43.773+0000] {logging_mixin.py:188} INFO - [2024-03-28T17:15:43.768+0000] {dag.py:3834} INFO - Setting next_dagrun for example_python_decorator to None, run_after=None
[2024-03-28T17:15:44.027+0000] {processor.py:183} INFO - Processing /home/airflow/.local/lib/python3.8/site-packages/airflow/example_dags/example_python_decorator.py took 0.545 seconds
[2024-03-28T17:16:14.767+0000] {processor.py:161} INFO - Started process (PID=804) to work on /home/airflow/.local/lib/python3.8/site-packages/airflow/example_dags/example_python_decorator.py
[2024-03-28T17:16:14.822+0000] {processor.py:830} INFO - Processing file /home/airflow/.local/lib/python3.8/site-packages/airflow/example_dags/example_python_decorator.py for tasks to queue
[2024-03-28T17:16:14.843+0000] {logging_mixin.py:188} INFO - [2024-03-28T17:16:14.839+0000] {dagbag.py:540} INFO - Filling up the DagBag from /home/airflow/.local/lib/python3.8/site-packages/airflow/example_dags/example_python_decorator.py
[2024-03-28T17:16:14.887+0000] {processor.py:840} INFO - DAG(s) 'example_python_decorator' retrieved from /home/airflow/.local/lib/python3.8/site-packages/airflow/example_dags/example_python_decorator.py
[2024-03-28T17:16:14.936+0000] {logging_mixin.py:188} INFO - [2024-03-28T17:16:14.936+0000] {dag.py:3047} INFO - Sync 1 DAGs
[2024-03-28T17:16:14.995+0000] {logging_mixin.py:188} INFO - [2024-03-28T17:16:14.994+0000] {dag.py:3834} INFO - Setting next_dagrun for example_python_decorator to None, run_after=None
[2024-03-28T17:16:15.046+0000] {processor.py:183} INFO - Processing /home/airflow/.local/lib/python3.8/site-packages/airflow/example_dags/example_python_decorator.py took 0.288 seconds
[2024-03-28T17:16:58.436+0000] {processor.py:161} INFO - Started process (PID=850) to work on /home/airflow/.local/lib/python3.8/site-packages/airflow/example_dags/example_python_decorator.py
[2024-03-28T17:16:58.478+0000] {processor.py:830} INFO - Processing file /home/airflow/.local/lib/python3.8/site-packages/airflow/example_dags/example_python_decorator.py for tasks to queue
[2024-03-28T17:16:58.559+0000] {logging_mixin.py:188} INFO - [2024-03-28T17:16:58.544+0000] {dagbag.py:540} INFO - Filling up the DagBag from /home/airflow/.local/lib/python3.8/site-packages/airflow/example_dags/example_python_decorator.py
[2024-03-28T17:16:58.661+0000] {processor.py:840} INFO - DAG(s) 'example_python_decorator' retrieved from /home/airflow/.local/lib/python3.8/site-packages/airflow/example_dags/example_python_decorator.py
[2024-03-28T17:16:58.916+0000] {logging_mixin.py:188} INFO - [2024-03-28T17:16:58.916+0000] {dag.py:3047} INFO - Sync 1 DAGs
[2024-03-28T17:16:58.991+0000] {logging_mixin.py:188} INFO - [2024-03-28T17:16:58.990+0000] {dag.py:3834} INFO - Setting next_dagrun for example_python_decorator to None, run_after=None
[2024-03-28T17:16:59.044+0000] {processor.py:183} INFO - Processing /home/airflow/.local/lib/python3.8/site-packages/airflow/example_dags/example_python_decorator.py took 0.644 seconds
[2024-03-28T17:17:45.436+0000] {processor.py:161} INFO - Started process (PID=916) to work on /home/airflow/.local/lib/python3.8/site-packages/airflow/example_dags/example_python_decorator.py
[2024-03-28T17:17:45.476+0000] {processor.py:830} INFO - Processing file /home/airflow/.local/lib/python3.8/site-packages/airflow/example_dags/example_python_decorator.py for tasks to queue
[2024-03-28T17:17:45.506+0000] {logging_mixin.py:188} INFO - [2024-03-28T17:17:45.504+0000] {dagbag.py:540} INFO - Filling up the DagBag from /home/airflow/.local/lib/python3.8/site-packages/airflow/example_dags/example_python_decorator.py
[2024-03-28T17:17:45.643+0000] {processor.py:840} INFO - DAG(s) 'example_python_decorator' retrieved from /home/airflow/.local/lib/python3.8/site-packages/airflow/example_dags/example_python_decorator.py
[2024-03-28T17:17:46.154+0000] {logging_mixin.py:188} INFO - [2024-03-28T17:17:46.105+0000] {dag.py:3047} INFO - Sync 1 DAGs
[2024-03-28T17:17:46.479+0000] {logging_mixin.py:188} INFO - [2024-03-28T17:17:46.472+0000] {dag.py:3834} INFO - Setting next_dagrun for example_python_decorator to None, run_after=None
[2024-03-28T17:17:46.978+0000] {processor.py:183} INFO - Processing /home/airflow/.local/lib/python3.8/site-packages/airflow/example_dags/example_python_decorator.py took 1.593 seconds
[2024-03-28T17:18:44.855+0000] {processor.py:161} INFO - Started process (PID=971) to work on /home/airflow/.local/lib/python3.8/site-packages/airflow/example_dags/example_python_decorator.py
[2024-03-28T17:18:44.898+0000] {processor.py:830} INFO - Processing file /home/airflow/.local/lib/python3.8/site-packages/airflow/example_dags/example_python_decorator.py for tasks to queue
[2024-03-28T17:18:44.944+0000] {logging_mixin.py:188} INFO - [2024-03-28T17:18:44.942+0000] {dagbag.py:540} INFO - Filling up the DagBag from /home/airflow/.local/lib/python3.8/site-packages/airflow/example_dags/example_python_decorator.py
[2024-03-28T17:18:45.114+0000] {processor.py:840} INFO - DAG(s) 'example_python_decorator' retrieved from /home/airflow/.local/lib/python3.8/site-packages/airflow/example_dags/example_python_decorator.py
[2024-03-28T17:18:45.427+0000] {logging_mixin.py:188} INFO - [2024-03-28T17:18:45.426+0000] {dag.py:3047} INFO - Sync 1 DAGs
[2024-03-28T17:18:45.539+0000] {logging_mixin.py:188} INFO - [2024-03-28T17:18:45.538+0000] {dag.py:3834} INFO - Setting next_dagrun for example_python_decorator to None, run_after=None
[2024-03-28T17:18:45.710+0000] {processor.py:183} INFO - Processing /home/airflow/.local/lib/python3.8/site-packages/airflow/example_dags/example_python_decorator.py took 0.929 seconds
[2024-03-28T17:19:16.990+0000] {processor.py:161} INFO - Started process (PID=1026) to work on /home/airflow/.local/lib/python3.8/site-packages/airflow/example_dags/example_python_decorator.py
[2024-03-28T17:19:17.004+0000] {processor.py:830} INFO - Processing file /home/airflow/.local/lib/python3.8/site-packages/airflow/example_dags/example_python_decorator.py for tasks to queue
[2024-03-28T17:19:17.031+0000] {logging_mixin.py:188} INFO - [2024-03-28T17:19:17.027+0000] {dagbag.py:540} INFO - Filling up the DagBag from /home/airflow/.local/lib/python3.8/site-packages/airflow/example_dags/example_python_decorator.py
[2024-03-28T17:19:17.119+0000] {processor.py:840} INFO - DAG(s) 'example_python_decorator' retrieved from /home/airflow/.local/lib/python3.8/site-packages/airflow/example_dags/example_python_decorator.py
[2024-03-28T17:19:17.278+0000] {logging_mixin.py:188} INFO - [2024-03-28T17:19:17.277+0000] {dag.py:3047} INFO - Sync 1 DAGs
[2024-03-28T17:19:17.350+0000] {logging_mixin.py:188} INFO - [2024-03-28T17:19:17.349+0000] {dag.py:3834} INFO - Setting next_dagrun for example_python_decorator to None, run_after=None
[2024-03-28T17:19:17.465+0000] {processor.py:183} INFO - Processing /home/airflow/.local/lib/python3.8/site-packages/airflow/example_dags/example_python_decorator.py took 0.493 seconds
[2024-03-28T17:19:47.973+0000] {processor.py:161} INFO - Started process (PID=1082) to work on /home/airflow/.local/lib/python3.8/site-packages/airflow/example_dags/example_python_decorator.py
[2024-03-28T17:19:47.982+0000] {processor.py:830} INFO - Processing file /home/airflow/.local/lib/python3.8/site-packages/airflow/example_dags/example_python_decorator.py for tasks to queue
[2024-03-28T17:19:47.995+0000] {logging_mixin.py:188} INFO - [2024-03-28T17:19:47.993+0000] {dagbag.py:540} INFO - Filling up the DagBag from /home/airflow/.local/lib/python3.8/site-packages/airflow/example_dags/example_python_decorator.py
[2024-03-28T17:19:48.053+0000] {processor.py:840} INFO - DAG(s) 'example_python_decorator' retrieved from /home/airflow/.local/lib/python3.8/site-packages/airflow/example_dags/example_python_decorator.py
[2024-03-28T17:19:48.107+0000] {logging_mixin.py:188} INFO - [2024-03-28T17:19:48.106+0000] {dag.py:3047} INFO - Sync 1 DAGs
[2024-03-28T17:19:48.137+0000] {logging_mixin.py:188} INFO - [2024-03-28T17:19:48.137+0000] {dag.py:3834} INFO - Setting next_dagrun for example_python_decorator to None, run_after=None
[2024-03-28T17:19:48.195+0000] {processor.py:183} INFO - Processing /home/airflow/.local/lib/python3.8/site-packages/airflow/example_dags/example_python_decorator.py took 0.271 seconds
[2024-03-28T17:20:18.850+0000] {processor.py:161} INFO - Started process (PID=1137) to work on /home/airflow/.local/lib/python3.8/site-packages/airflow/example_dags/example_python_decorator.py
[2024-03-28T17:20:18.854+0000] {processor.py:830} INFO - Processing file /home/airflow/.local/lib/python3.8/site-packages/airflow/example_dags/example_python_decorator.py for tasks to queue
[2024-03-28T17:20:18.862+0000] {logging_mixin.py:188} INFO - [2024-03-28T17:20:18.861+0000] {dagbag.py:540} INFO - Filling up the DagBag from /home/airflow/.local/lib/python3.8/site-packages/airflow/example_dags/example_python_decorator.py
[2024-03-28T17:20:18.899+0000] {processor.py:840} INFO - DAG(s) 'example_python_decorator' retrieved from /home/airflow/.local/lib/python3.8/site-packages/airflow/example_dags/example_python_decorator.py
[2024-03-28T17:20:18.957+0000] {logging_mixin.py:188} INFO - [2024-03-28T17:20:18.956+0000] {dag.py:3047} INFO - Sync 1 DAGs
[2024-03-28T17:20:18.992+0000] {logging_mixin.py:188} INFO - [2024-03-28T17:20:18.992+0000] {dag.py:3834} INFO - Setting next_dagrun for example_python_decorator to None, run_after=None
[2024-03-28T17:20:19.063+0000] {processor.py:183} INFO - Processing /home/airflow/.local/lib/python3.8/site-packages/airflow/example_dags/example_python_decorator.py took 0.224 seconds
[2024-03-28T17:20:49.606+0000] {processor.py:161} INFO - Started process (PID=1191) to work on /home/airflow/.local/lib/python3.8/site-packages/airflow/example_dags/example_python_decorator.py
[2024-03-28T17:20:49.612+0000] {processor.py:830} INFO - Processing file /home/airflow/.local/lib/python3.8/site-packages/airflow/example_dags/example_python_decorator.py for tasks to queue
[2024-03-28T17:20:49.620+0000] {logging_mixin.py:188} INFO - [2024-03-28T17:20:49.618+0000] {dagbag.py:540} INFO - Filling up the DagBag from /home/airflow/.local/lib/python3.8/site-packages/airflow/example_dags/example_python_decorator.py
[2024-03-28T17:20:49.665+0000] {processor.py:840} INFO - DAG(s) 'example_python_decorator' retrieved from /home/airflow/.local/lib/python3.8/site-packages/airflow/example_dags/example_python_decorator.py
[2024-03-28T17:20:49.716+0000] {logging_mixin.py:188} INFO - [2024-03-28T17:20:49.715+0000] {dag.py:3047} INFO - Sync 1 DAGs
[2024-03-28T17:20:49.751+0000] {logging_mixin.py:188} INFO - [2024-03-28T17:20:49.751+0000] {dag.py:3834} INFO - Setting next_dagrun for example_python_decorator to None, run_after=None
[2024-03-28T17:20:49.806+0000] {processor.py:183} INFO - Processing /home/airflow/.local/lib/python3.8/site-packages/airflow/example_dags/example_python_decorator.py took 0.207 seconds
[2024-03-28T17:21:24.252+0000] {processor.py:161} INFO - Started process (PID=1242) to work on /home/airflow/.local/lib/python3.8/site-packages/airflow/example_dags/example_python_decorator.py
[2024-03-28T17:21:24.257+0000] {processor.py:830} INFO - Processing file /home/airflow/.local/lib/python3.8/site-packages/airflow/example_dags/example_python_decorator.py for tasks to queue
[2024-03-28T17:21:24.309+0000] {logging_mixin.py:188} INFO - [2024-03-28T17:21:24.308+0000] {dagbag.py:540} INFO - Filling up the DagBag from /home/airflow/.local/lib/python3.8/site-packages/airflow/example_dags/example_python_decorator.py
[2024-03-28T17:21:24.513+0000] {processor.py:840} INFO - DAG(s) 'example_python_decorator' retrieved from /home/airflow/.local/lib/python3.8/site-packages/airflow/example_dags/example_python_decorator.py
[2024-03-28T17:21:24.797+0000] {logging_mixin.py:188} INFO - [2024-03-28T17:21:24.796+0000] {dag.py:3047} INFO - Sync 1 DAGs
[2024-03-28T17:21:25.071+0000] {logging_mixin.py:188} INFO - [2024-03-28T17:21:25.070+0000] {dag.py:3834} INFO - Setting next_dagrun for example_python_decorator to None, run_after=None
[2024-03-28T17:21:25.339+0000] {processor.py:183} INFO - Processing /home/airflow/.local/lib/python3.8/site-packages/airflow/example_dags/example_python_decorator.py took 1.146 seconds
[2024-03-28T17:21:55.781+0000] {processor.py:161} INFO - Started process (PID=1297) to work on /home/airflow/.local/lib/python3.8/site-packages/airflow/example_dags/example_python_decorator.py
[2024-03-28T17:21:55.803+0000] {processor.py:830} INFO - Processing file /home/airflow/.local/lib/python3.8/site-packages/airflow/example_dags/example_python_decorator.py for tasks to queue
[2024-03-28T17:21:55.824+0000] {logging_mixin.py:188} INFO - [2024-03-28T17:21:55.810+0000] {dagbag.py:540} INFO - Filling up the DagBag from /home/airflow/.local/lib/python3.8/site-packages/airflow/example_dags/example_python_decorator.py
[2024-03-28T17:21:56.092+0000] {processor.py:840} INFO - DAG(s) 'example_python_decorator' retrieved from /home/airflow/.local/lib/python3.8/site-packages/airflow/example_dags/example_python_decorator.py
[2024-03-28T17:21:56.359+0000] {logging_mixin.py:188} INFO - [2024-03-28T17:21:56.358+0000] {dag.py:3047} INFO - Sync 1 DAGs
[2024-03-28T17:21:56.542+0000] {logging_mixin.py:188} INFO - [2024-03-28T17:21:56.540+0000] {dag.py:3834} INFO - Setting next_dagrun for example_python_decorator to None, run_after=None
[2024-03-28T17:21:56.856+0000] {processor.py:183} INFO - Processing /home/airflow/.local/lib/python3.8/site-packages/airflow/example_dags/example_python_decorator.py took 1.094 seconds
[2024-03-28T17:22:27.828+0000] {processor.py:161} INFO - Started process (PID=1354) to work on /home/airflow/.local/lib/python3.8/site-packages/airflow/example_dags/example_python_decorator.py
[2024-03-28T17:22:27.833+0000] {processor.py:830} INFO - Processing file /home/airflow/.local/lib/python3.8/site-packages/airflow/example_dags/example_python_decorator.py for tasks to queue
[2024-03-28T17:22:27.849+0000] {logging_mixin.py:188} INFO - [2024-03-28T17:22:27.846+0000] {dagbag.py:540} INFO - Filling up the DagBag from /home/airflow/.local/lib/python3.8/site-packages/airflow/example_dags/example_python_decorator.py
[2024-03-28T17:22:27.948+0000] {processor.py:840} INFO - DAG(s) 'example_python_decorator' retrieved from /home/airflow/.local/lib/python3.8/site-packages/airflow/example_dags/example_python_decorator.py
[2024-03-28T17:22:28.130+0000] {logging_mixin.py:188} INFO - [2024-03-28T17:22:28.130+0000] {dag.py:3047} INFO - Sync 1 DAGs
[2024-03-28T17:22:28.218+0000] {logging_mixin.py:188} INFO - [2024-03-28T17:22:28.217+0000] {dag.py:3834} INFO - Setting next_dagrun for example_python_decorator to None, run_after=None
[2024-03-28T17:22:28.296+0000] {processor.py:183} INFO - Processing /home/airflow/.local/lib/python3.8/site-packages/airflow/example_dags/example_python_decorator.py took 0.491 seconds
[2024-03-28T17:23:01.346+0000] {processor.py:161} INFO - Started process (PID=1396) to work on /home/airflow/.local/lib/python3.8/site-packages/airflow/example_dags/example_python_decorator.py
[2024-03-28T17:23:01.350+0000] {processor.py:830} INFO - Processing file /home/airflow/.local/lib/python3.8/site-packages/airflow/example_dags/example_python_decorator.py for tasks to queue
[2024-03-28T17:23:01.385+0000] {logging_mixin.py:188} INFO - [2024-03-28T17:23:01.383+0000] {dagbag.py:540} INFO - Filling up the DagBag from /home/airflow/.local/lib/python3.8/site-packages/airflow/example_dags/example_python_decorator.py
[2024-03-28T17:23:01.445+0000] {processor.py:840} INFO - DAG(s) 'example_python_decorator' retrieved from /home/airflow/.local/lib/python3.8/site-packages/airflow/example_dags/example_python_decorator.py
[2024-03-28T17:23:01.556+0000] {logging_mixin.py:188} INFO - [2024-03-28T17:23:01.555+0000] {dag.py:3047} INFO - Sync 1 DAGs
[2024-03-28T17:23:01.658+0000] {logging_mixin.py:188} INFO - [2024-03-28T17:23:01.657+0000] {dag.py:3834} INFO - Setting next_dagrun for example_python_decorator to None, run_after=None
[2024-03-28T17:23:01.752+0000] {processor.py:183} INFO - Processing /home/airflow/.local/lib/python3.8/site-packages/airflow/example_dags/example_python_decorator.py took 0.416 seconds
[2024-03-28T17:23:32.208+0000] {processor.py:161} INFO - Started process (PID=1451) to work on /home/airflow/.local/lib/python3.8/site-packages/airflow/example_dags/example_python_decorator.py
[2024-03-28T17:23:32.212+0000] {processor.py:830} INFO - Processing file /home/airflow/.local/lib/python3.8/site-packages/airflow/example_dags/example_python_decorator.py for tasks to queue
[2024-03-28T17:23:32.246+0000] {logging_mixin.py:188} INFO - [2024-03-28T17:23:32.233+0000] {dagbag.py:540} INFO - Filling up the DagBag from /home/airflow/.local/lib/python3.8/site-packages/airflow/example_dags/example_python_decorator.py
[2024-03-28T17:23:32.320+0000] {processor.py:840} INFO - DAG(s) 'example_python_decorator' retrieved from /home/airflow/.local/lib/python3.8/site-packages/airflow/example_dags/example_python_decorator.py
[2024-03-28T17:23:32.409+0000] {logging_mixin.py:188} INFO - [2024-03-28T17:23:32.408+0000] {dag.py:3047} INFO - Sync 1 DAGs
[2024-03-28T17:23:32.476+0000] {logging_mixin.py:188} INFO - [2024-03-28T17:23:32.475+0000] {dag.py:3834} INFO - Setting next_dagrun for example_python_decorator to None, run_after=None
[2024-03-28T17:23:32.593+0000] {processor.py:183} INFO - Processing /home/airflow/.local/lib/python3.8/site-packages/airflow/example_dags/example_python_decorator.py took 0.399 seconds
[2024-03-28T17:24:09.225+0000] {processor.py:161} INFO - Started process (PID=1512) to work on /home/airflow/.local/lib/python3.8/site-packages/airflow/example_dags/example_python_decorator.py
[2024-03-28T17:24:09.230+0000] {processor.py:830} INFO - Processing file /home/airflow/.local/lib/python3.8/site-packages/airflow/example_dags/example_python_decorator.py for tasks to queue
[2024-03-28T17:24:09.248+0000] {logging_mixin.py:188} INFO - [2024-03-28T17:24:09.245+0000] {dagbag.py:540} INFO - Filling up the DagBag from /home/airflow/.local/lib/python3.8/site-packages/airflow/example_dags/example_python_decorator.py
[2024-03-28T17:24:09.353+0000] {processor.py:840} INFO - DAG(s) 'example_python_decorator' retrieved from /home/airflow/.local/lib/python3.8/site-packages/airflow/example_dags/example_python_decorator.py
[2024-03-28T17:24:09.439+0000] {logging_mixin.py:188} INFO - [2024-03-28T17:24:09.438+0000] {dag.py:3047} INFO - Sync 1 DAGs
[2024-03-28T17:24:09.491+0000] {logging_mixin.py:188} INFO - [2024-03-28T17:24:09.491+0000] {dag.py:3834} INFO - Setting next_dagrun for example_python_decorator to None, run_after=None
[2024-03-28T17:24:09.550+0000] {processor.py:183} INFO - Processing /home/airflow/.local/lib/python3.8/site-packages/airflow/example_dags/example_python_decorator.py took 0.341 seconds
[2024-03-28T17:24:45.736+0000] {processor.py:161} INFO - Started process (PID=1565) to work on /home/airflow/.local/lib/python3.8/site-packages/airflow/example_dags/example_python_decorator.py
[2024-03-28T17:24:45.740+0000] {processor.py:830} INFO - Processing file /home/airflow/.local/lib/python3.8/site-packages/airflow/example_dags/example_python_decorator.py for tasks to queue
[2024-03-28T17:24:45.750+0000] {logging_mixin.py:188} INFO - [2024-03-28T17:24:45.749+0000] {dagbag.py:540} INFO - Filling up the DagBag from /home/airflow/.local/lib/python3.8/site-packages/airflow/example_dags/example_python_decorator.py
[2024-03-28T17:24:45.787+0000] {processor.py:840} INFO - DAG(s) 'example_python_decorator' retrieved from /home/airflow/.local/lib/python3.8/site-packages/airflow/example_dags/example_python_decorator.py
[2024-03-28T17:24:45.846+0000] {logging_mixin.py:188} INFO - [2024-03-28T17:24:45.846+0000] {dag.py:3047} INFO - Sync 1 DAGs
[2024-03-28T17:24:45.876+0000] {logging_mixin.py:188} INFO - [2024-03-28T17:24:45.875+0000] {dag.py:3834} INFO - Setting next_dagrun for example_python_decorator to None, run_after=None
[2024-03-28T17:24:45.934+0000] {processor.py:183} INFO - Processing /home/airflow/.local/lib/python3.8/site-packages/airflow/example_dags/example_python_decorator.py took 0.208 seconds
[2024-03-28T17:25:18.108+0000] {processor.py:161} INFO - Started process (PID=1620) to work on /home/airflow/.local/lib/python3.8/site-packages/airflow/example_dags/example_python_decorator.py
[2024-03-28T17:25:18.125+0000] {processor.py:830} INFO - Processing file /home/airflow/.local/lib/python3.8/site-packages/airflow/example_dags/example_python_decorator.py for tasks to queue
[2024-03-28T17:25:18.150+0000] {logging_mixin.py:188} INFO - [2024-03-28T17:25:18.141+0000] {dagbag.py:540} INFO - Filling up the DagBag from /home/airflow/.local/lib/python3.8/site-packages/airflow/example_dags/example_python_decorator.py
[2024-03-28T17:25:18.357+0000] {processor.py:840} INFO - DAG(s) 'example_python_decorator' retrieved from /home/airflow/.local/lib/python3.8/site-packages/airflow/example_dags/example_python_decorator.py
[2024-03-28T17:25:18.507+0000] {logging_mixin.py:188} INFO - [2024-03-28T17:25:18.506+0000] {dag.py:3047} INFO - Sync 1 DAGs
[2024-03-28T17:25:18.564+0000] {logging_mixin.py:188} INFO - [2024-03-28T17:25:18.563+0000] {dag.py:3834} INFO - Setting next_dagrun for example_python_decorator to None, run_after=None
[2024-03-28T17:25:18.622+0000] {processor.py:183} INFO - Processing /home/airflow/.local/lib/python3.8/site-packages/airflow/example_dags/example_python_decorator.py took 0.539 seconds
[2024-03-28T17:25:49.030+0000] {processor.py:161} INFO - Started process (PID=1675) to work on /home/airflow/.local/lib/python3.8/site-packages/airflow/example_dags/example_python_decorator.py
[2024-03-28T17:25:49.042+0000] {processor.py:830} INFO - Processing file /home/airflow/.local/lib/python3.8/site-packages/airflow/example_dags/example_python_decorator.py for tasks to queue
[2024-03-28T17:25:49.066+0000] {logging_mixin.py:188} INFO - [2024-03-28T17:25:49.053+0000] {dagbag.py:540} INFO - Filling up the DagBag from /home/airflow/.local/lib/python3.8/site-packages/airflow/example_dags/example_python_decorator.py
[2024-03-28T17:25:49.415+0000] {processor.py:840} INFO - DAG(s) 'example_python_decorator' retrieved from /home/airflow/.local/lib/python3.8/site-packages/airflow/example_dags/example_python_decorator.py
[2024-03-28T17:25:49.586+0000] {logging_mixin.py:188} INFO - [2024-03-28T17:25:49.586+0000] {dag.py:3047} INFO - Sync 1 DAGs
[2024-03-28T17:25:49.652+0000] {logging_mixin.py:188} INFO - [2024-03-28T17:25:49.652+0000] {dag.py:3834} INFO - Setting next_dagrun for example_python_decorator to None, run_after=None
[2024-03-28T17:25:49.811+0000] {processor.py:183} INFO - Processing /home/airflow/.local/lib/python3.8/site-packages/airflow/example_dags/example_python_decorator.py took 0.800 seconds
[2024-03-28T17:26:20.409+0000] {processor.py:161} INFO - Started process (PID=1730) to work on /home/airflow/.local/lib/python3.8/site-packages/airflow/example_dags/example_python_decorator.py
[2024-03-28T17:26:20.415+0000] {processor.py:830} INFO - Processing file /home/airflow/.local/lib/python3.8/site-packages/airflow/example_dags/example_python_decorator.py for tasks to queue
[2024-03-28T17:26:20.426+0000] {logging_mixin.py:188} INFO - [2024-03-28T17:26:20.425+0000] {dagbag.py:540} INFO - Filling up the DagBag from /home/airflow/.local/lib/python3.8/site-packages/airflow/example_dags/example_python_decorator.py
[2024-03-28T17:26:20.490+0000] {processor.py:840} INFO - DAG(s) 'example_python_decorator' retrieved from /home/airflow/.local/lib/python3.8/site-packages/airflow/example_dags/example_python_decorator.py
[2024-03-28T17:26:20.555+0000] {logging_mixin.py:188} INFO - [2024-03-28T17:26:20.550+0000] {dag.py:3047} INFO - Sync 1 DAGs
[2024-03-28T17:26:20.611+0000] {logging_mixin.py:188} INFO - [2024-03-28T17:26:20.610+0000] {dag.py:3834} INFO - Setting next_dagrun for example_python_decorator to None, run_after=None
[2024-03-28T17:26:20.723+0000] {processor.py:183} INFO - Processing /home/airflow/.local/lib/python3.8/site-packages/airflow/example_dags/example_python_decorator.py took 0.322 seconds
[2024-03-28T17:26:53.330+0000] {processor.py:161} INFO - Started process (PID=1784) to work on /home/airflow/.local/lib/python3.8/site-packages/airflow/example_dags/example_python_decorator.py
[2024-03-28T17:26:53.338+0000] {processor.py:830} INFO - Processing file /home/airflow/.local/lib/python3.8/site-packages/airflow/example_dags/example_python_decorator.py for tasks to queue
[2024-03-28T17:26:53.363+0000] {logging_mixin.py:188} INFO - [2024-03-28T17:26:53.363+0000] {dagbag.py:540} INFO - Filling up the DagBag from /home/airflow/.local/lib/python3.8/site-packages/airflow/example_dags/example_python_decorator.py
[2024-03-28T17:26:53.438+0000] {processor.py:840} INFO - DAG(s) 'example_python_decorator' retrieved from /home/airflow/.local/lib/python3.8/site-packages/airflow/example_dags/example_python_decorator.py
[2024-03-28T17:26:53.533+0000] {logging_mixin.py:188} INFO - [2024-03-28T17:26:53.530+0000] {dag.py:3047} INFO - Sync 1 DAGs
[2024-03-28T17:26:53.591+0000] {logging_mixin.py:188} INFO - [2024-03-28T17:26:53.590+0000] {dag.py:3834} INFO - Setting next_dagrun for example_python_decorator to None, run_after=None
[2024-03-28T17:26:53.667+0000] {processor.py:183} INFO - Processing /home/airflow/.local/lib/python3.8/site-packages/airflow/example_dags/example_python_decorator.py took 0.353 seconds
[2024-03-28T17:27:30.250+0000] {processor.py:161} INFO - Started process (PID=1834) to work on /home/airflow/.local/lib/python3.8/site-packages/airflow/example_dags/example_python_decorator.py
[2024-03-28T17:27:30.256+0000] {processor.py:830} INFO - Processing file /home/airflow/.local/lib/python3.8/site-packages/airflow/example_dags/example_python_decorator.py for tasks to queue
[2024-03-28T17:27:30.295+0000] {logging_mixin.py:188} INFO - [2024-03-28T17:27:30.293+0000] {dagbag.py:540} INFO - Filling up the DagBag from /home/airflow/.local/lib/python3.8/site-packages/airflow/example_dags/example_python_decorator.py
[2024-03-28T17:27:30.588+0000] {processor.py:840} INFO - DAG(s) 'example_python_decorator' retrieved from /home/airflow/.local/lib/python3.8/site-packages/airflow/example_dags/example_python_decorator.py
[2024-03-28T17:27:30.981+0000] {logging_mixin.py:188} INFO - [2024-03-28T17:27:30.981+0000] {dag.py:3047} INFO - Sync 1 DAGs
[2024-03-28T17:27:31.072+0000] {logging_mixin.py:188} INFO - [2024-03-28T17:27:31.072+0000] {dag.py:3834} INFO - Setting next_dagrun for example_python_decorator to None, run_after=None
[2024-03-28T17:27:31.186+0000] {processor.py:183} INFO - Processing /home/airflow/.local/lib/python3.8/site-packages/airflow/example_dags/example_python_decorator.py took 0.996 seconds
[2024-03-28T17:28:02.502+0000] {processor.py:161} INFO - Started process (PID=1889) to work on /home/airflow/.local/lib/python3.8/site-packages/airflow/example_dags/example_python_decorator.py
[2024-03-28T17:28:02.515+0000] {processor.py:830} INFO - Processing file /home/airflow/.local/lib/python3.8/site-packages/airflow/example_dags/example_python_decorator.py for tasks to queue
[2024-03-28T17:28:02.537+0000] {logging_mixin.py:188} INFO - [2024-03-28T17:28:02.536+0000] {dagbag.py:540} INFO - Filling up the DagBag from /home/airflow/.local/lib/python3.8/site-packages/airflow/example_dags/example_python_decorator.py
[2024-03-28T17:28:02.739+0000] {processor.py:840} INFO - DAG(s) 'example_python_decorator' retrieved from /home/airflow/.local/lib/python3.8/site-packages/airflow/example_dags/example_python_decorator.py
[2024-03-28T17:28:02.955+0000] {logging_mixin.py:188} INFO - [2024-03-28T17:28:02.953+0000] {dag.py:3047} INFO - Sync 1 DAGs
[2024-03-28T17:28:03.041+0000] {logging_mixin.py:188} INFO - [2024-03-28T17:28:03.040+0000] {dag.py:3834} INFO - Setting next_dagrun for example_python_decorator to None, run_after=None
[2024-03-28T17:28:03.284+0000] {processor.py:183} INFO - Processing /home/airflow/.local/lib/python3.8/site-packages/airflow/example_dags/example_python_decorator.py took 0.823 seconds
[2024-03-28T17:28:35.726+0000] {processor.py:161} INFO - Started process (PID=1945) to work on /home/airflow/.local/lib/python3.8/site-packages/airflow/example_dags/example_python_decorator.py
[2024-03-28T17:28:35.743+0000] {processor.py:830} INFO - Processing file /home/airflow/.local/lib/python3.8/site-packages/airflow/example_dags/example_python_decorator.py for tasks to queue
[2024-03-28T17:28:35.770+0000] {logging_mixin.py:188} INFO - [2024-03-28T17:28:35.769+0000] {dagbag.py:540} INFO - Filling up the DagBag from /home/airflow/.local/lib/python3.8/site-packages/airflow/example_dags/example_python_decorator.py
[2024-03-28T17:28:36.022+0000] {processor.py:840} INFO - DAG(s) 'example_python_decorator' retrieved from /home/airflow/.local/lib/python3.8/site-packages/airflow/example_dags/example_python_decorator.py
[2024-03-28T17:28:36.247+0000] {logging_mixin.py:188} INFO - [2024-03-28T17:28:36.246+0000] {dag.py:3047} INFO - Sync 1 DAGs
[2024-03-28T17:28:36.396+0000] {logging_mixin.py:188} INFO - [2024-03-28T17:28:36.395+0000] {dag.py:3834} INFO - Setting next_dagrun for example_python_decorator to None, run_after=None
[2024-03-28T17:28:36.758+0000] {processor.py:183} INFO - Processing /home/airflow/.local/lib/python3.8/site-packages/airflow/example_dags/example_python_decorator.py took 1.135 seconds
[2024-03-28T17:29:07.128+0000] {processor.py:161} INFO - Started process (PID=2000) to work on /home/airflow/.local/lib/python3.8/site-packages/airflow/example_dags/example_python_decorator.py
[2024-03-28T17:29:07.133+0000] {processor.py:830} INFO - Processing file /home/airflow/.local/lib/python3.8/site-packages/airflow/example_dags/example_python_decorator.py for tasks to queue
[2024-03-28T17:29:07.151+0000] {logging_mixin.py:188} INFO - [2024-03-28T17:29:07.146+0000] {dagbag.py:540} INFO - Filling up the DagBag from /home/airflow/.local/lib/python3.8/site-packages/airflow/example_dags/example_python_decorator.py
[2024-03-28T17:29:07.321+0000] {processor.py:840} INFO - DAG(s) 'example_python_decorator' retrieved from /home/airflow/.local/lib/python3.8/site-packages/airflow/example_dags/example_python_decorator.py
[2024-03-28T17:29:07.469+0000] {logging_mixin.py:188} INFO - [2024-03-28T17:29:07.468+0000] {dag.py:3047} INFO - Sync 1 DAGs
[2024-03-28T17:29:07.532+0000] {logging_mixin.py:188} INFO - [2024-03-28T17:29:07.524+0000] {dag.py:3834} INFO - Setting next_dagrun for example_python_decorator to None, run_after=None
[2024-03-28T17:29:07.681+0000] {processor.py:183} INFO - Processing /home/airflow/.local/lib/python3.8/site-packages/airflow/example_dags/example_python_decorator.py took 0.579 seconds
[2024-03-28T17:29:38.186+0000] {processor.py:161} INFO - Started process (PID=2055) to work on /home/airflow/.local/lib/python3.8/site-packages/airflow/example_dags/example_python_decorator.py
[2024-03-28T17:29:38.195+0000] {processor.py:830} INFO - Processing file /home/airflow/.local/lib/python3.8/site-packages/airflow/example_dags/example_python_decorator.py for tasks to queue
[2024-03-28T17:29:38.213+0000] {logging_mixin.py:188} INFO - [2024-03-28T17:29:38.206+0000] {dagbag.py:540} INFO - Filling up the DagBag from /home/airflow/.local/lib/python3.8/site-packages/airflow/example_dags/example_python_decorator.py
[2024-03-28T17:29:38.258+0000] {processor.py:840} INFO - DAG(s) 'example_python_decorator' retrieved from /home/airflow/.local/lib/python3.8/site-packages/airflow/example_dags/example_python_decorator.py
[2024-03-28T17:29:38.342+0000] {logging_mixin.py:188} INFO - [2024-03-28T17:29:38.341+0000] {dag.py:3047} INFO - Sync 1 DAGs
[2024-03-28T17:29:38.398+0000] {logging_mixin.py:188} INFO - [2024-03-28T17:29:38.398+0000] {dag.py:3834} INFO - Setting next_dagrun for example_python_decorator to None, run_after=None
[2024-03-28T17:29:38.575+0000] {processor.py:183} INFO - Processing /home/airflow/.local/lib/python3.8/site-packages/airflow/example_dags/example_python_decorator.py took 0.399 seconds
[2024-03-28T17:30:09.073+0000] {processor.py:161} INFO - Started process (PID=2110) to work on /home/airflow/.local/lib/python3.8/site-packages/airflow/example_dags/example_python_decorator.py
[2024-03-28T17:30:09.080+0000] {processor.py:830} INFO - Processing file /home/airflow/.local/lib/python3.8/site-packages/airflow/example_dags/example_python_decorator.py for tasks to queue
[2024-03-28T17:30:09.088+0000] {logging_mixin.py:188} INFO - [2024-03-28T17:30:09.085+0000] {dagbag.py:540} INFO - Filling up the DagBag from /home/airflow/.local/lib/python3.8/site-packages/airflow/example_dags/example_python_decorator.py
[2024-03-28T17:30:09.132+0000] {processor.py:840} INFO - DAG(s) 'example_python_decorator' retrieved from /home/airflow/.local/lib/python3.8/site-packages/airflow/example_dags/example_python_decorator.py
[2024-03-28T17:30:09.207+0000] {logging_mixin.py:188} INFO - [2024-03-28T17:30:09.207+0000] {dag.py:3047} INFO - Sync 1 DAGs
[2024-03-28T17:30:09.257+0000] {logging_mixin.py:188} INFO - [2024-03-28T17:30:09.254+0000] {dag.py:3834} INFO - Setting next_dagrun for example_python_decorator to None, run_after=None
[2024-03-28T17:30:09.316+0000] {processor.py:183} INFO - Processing /home/airflow/.local/lib/python3.8/site-packages/airflow/example_dags/example_python_decorator.py took 0.250 seconds
[2024-03-28T17:30:53.003+0000] {processor.py:161} INFO - Started process (PID=2168) to work on /home/airflow/.local/lib/python3.8/site-packages/airflow/example_dags/example_python_decorator.py
[2024-03-28T17:30:53.025+0000] {processor.py:830} INFO - Processing file /home/airflow/.local/lib/python3.8/site-packages/airflow/example_dags/example_python_decorator.py for tasks to queue
[2024-03-28T17:30:53.053+0000] {logging_mixin.py:188} INFO - [2024-03-28T17:30:53.052+0000] {dagbag.py:540} INFO - Filling up the DagBag from /home/airflow/.local/lib/python3.8/site-packages/airflow/example_dags/example_python_decorator.py
[2024-03-28T17:30:53.336+0000] {processor.py:840} INFO - DAG(s) 'example_python_decorator' retrieved from /home/airflow/.local/lib/python3.8/site-packages/airflow/example_dags/example_python_decorator.py
[2024-03-28T17:30:53.720+0000] {logging_mixin.py:188} INFO - [2024-03-28T17:30:53.717+0000] {dag.py:3047} INFO - Sync 1 DAGs
[2024-03-28T17:30:54.081+0000] {logging_mixin.py:188} INFO - [2024-03-28T17:30:54.079+0000] {dag.py:3834} INFO - Setting next_dagrun for example_python_decorator to None, run_after=None
[2024-03-28T17:30:54.873+0000] {processor.py:183} INFO - Processing /home/airflow/.local/lib/python3.8/site-packages/airflow/example_dags/example_python_decorator.py took 1.910 seconds
[2024-03-28T17:31:26.393+0000] {processor.py:161} INFO - Started process (PID=2222) to work on /home/airflow/.local/lib/python3.8/site-packages/airflow/example_dags/example_python_decorator.py
[2024-03-28T17:31:26.452+0000] {processor.py:830} INFO - Processing file /home/airflow/.local/lib/python3.8/site-packages/airflow/example_dags/example_python_decorator.py for tasks to queue
[2024-03-28T17:31:26.485+0000] {logging_mixin.py:188} INFO - [2024-03-28T17:31:26.482+0000] {dagbag.py:540} INFO - Filling up the DagBag from /home/airflow/.local/lib/python3.8/site-packages/airflow/example_dags/example_python_decorator.py
[2024-03-28T17:31:26.769+0000] {processor.py:840} INFO - DAG(s) 'example_python_decorator' retrieved from /home/airflow/.local/lib/python3.8/site-packages/airflow/example_dags/example_python_decorator.py
[2024-03-28T17:31:27.110+0000] {logging_mixin.py:188} INFO - [2024-03-28T17:31:27.109+0000] {dag.py:3047} INFO - Sync 1 DAGs
[2024-03-28T17:31:27.336+0000] {logging_mixin.py:188} INFO - [2024-03-28T17:31:27.334+0000] {dag.py:3834} INFO - Setting next_dagrun for example_python_decorator to None, run_after=None
[2024-03-28T17:31:27.691+0000] {processor.py:183} INFO - Processing /home/airflow/.local/lib/python3.8/site-packages/airflow/example_dags/example_python_decorator.py took 1.356 seconds
[2024-03-28T17:31:58.350+0000] {processor.py:161} INFO - Started process (PID=2276) to work on /home/airflow/.local/lib/python3.8/site-packages/airflow/example_dags/example_python_decorator.py
[2024-03-28T17:31:58.370+0000] {processor.py:830} INFO - Processing file /home/airflow/.local/lib/python3.8/site-packages/airflow/example_dags/example_python_decorator.py for tasks to queue
[2024-03-28T17:31:58.386+0000] {logging_mixin.py:188} INFO - [2024-03-28T17:31:58.378+0000] {dagbag.py:540} INFO - Filling up the DagBag from /home/airflow/.local/lib/python3.8/site-packages/airflow/example_dags/example_python_decorator.py
[2024-03-28T17:31:58.463+0000] {processor.py:840} INFO - DAG(s) 'example_python_decorator' retrieved from /home/airflow/.local/lib/python3.8/site-packages/airflow/example_dags/example_python_decorator.py
[2024-03-28T17:31:58.599+0000] {logging_mixin.py:188} INFO - [2024-03-28T17:31:58.598+0000] {dag.py:3047} INFO - Sync 1 DAGs
[2024-03-28T17:31:58.692+0000] {logging_mixin.py:188} INFO - [2024-03-28T17:31:58.692+0000] {dag.py:3834} INFO - Setting next_dagrun for example_python_decorator to None, run_after=None
[2024-03-28T17:31:58.765+0000] {processor.py:183} INFO - Processing /home/airflow/.local/lib/python3.8/site-packages/airflow/example_dags/example_python_decorator.py took 0.431 seconds
[2024-03-28T17:32:29.643+0000] {processor.py:161} INFO - Started process (PID=2331) to work on /home/airflow/.local/lib/python3.8/site-packages/airflow/example_dags/example_python_decorator.py
[2024-03-28T17:32:29.648+0000] {processor.py:830} INFO - Processing file /home/airflow/.local/lib/python3.8/site-packages/airflow/example_dags/example_python_decorator.py for tasks to queue
[2024-03-28T17:32:29.663+0000] {logging_mixin.py:188} INFO - [2024-03-28T17:32:29.662+0000] {dagbag.py:540} INFO - Filling up the DagBag from /home/airflow/.local/lib/python3.8/site-packages/airflow/example_dags/example_python_decorator.py
[2024-03-28T17:32:29.711+0000] {processor.py:840} INFO - DAG(s) 'example_python_decorator' retrieved from /home/airflow/.local/lib/python3.8/site-packages/airflow/example_dags/example_python_decorator.py
[2024-03-28T17:32:29.767+0000] {logging_mixin.py:188} INFO - [2024-03-28T17:32:29.766+0000] {dag.py:3047} INFO - Sync 1 DAGs
[2024-03-28T17:32:29.811+0000] {logging_mixin.py:188} INFO - [2024-03-28T17:32:29.810+0000] {dag.py:3834} INFO - Setting next_dagrun for example_python_decorator to None, run_after=None
[2024-03-28T17:32:29.872+0000] {processor.py:183} INFO - Processing /home/airflow/.local/lib/python3.8/site-packages/airflow/example_dags/example_python_decorator.py took 0.247 seconds
[2024-03-28T17:33:00.630+0000] {processor.py:161} INFO - Started process (PID=2385) to work on /home/airflow/.local/lib/python3.8/site-packages/airflow/example_dags/example_python_decorator.py
[2024-03-28T17:33:00.636+0000] {processor.py:830} INFO - Processing file /home/airflow/.local/lib/python3.8/site-packages/airflow/example_dags/example_python_decorator.py for tasks to queue
[2024-03-28T17:33:00.646+0000] {logging_mixin.py:188} INFO - [2024-03-28T17:33:00.644+0000] {dagbag.py:540} INFO - Filling up the DagBag from /home/airflow/.local/lib/python3.8/site-packages/airflow/example_dags/example_python_decorator.py
[2024-03-28T17:33:00.680+0000] {processor.py:840} INFO - DAG(s) 'example_python_decorator' retrieved from /home/airflow/.local/lib/python3.8/site-packages/airflow/example_dags/example_python_decorator.py
[2024-03-28T17:33:00.739+0000] {logging_mixin.py:188} INFO - [2024-03-28T17:33:00.738+0000] {dag.py:3047} INFO - Sync 1 DAGs
[2024-03-28T17:33:00.770+0000] {logging_mixin.py:188} INFO - [2024-03-28T17:33:00.770+0000] {dag.py:3834} INFO - Setting next_dagrun for example_python_decorator to None, run_after=None
[2024-03-28T17:33:00.823+0000] {processor.py:183} INFO - Processing /home/airflow/.local/lib/python3.8/site-packages/airflow/example_dags/example_python_decorator.py took 0.202 seconds
