[2024-03-28T16:34:00.420+0000] {processor.py:161} INFO - Started process (PID=178) to work on /home/airflow/.local/lib/python3.8/site-packages/airflow/example_dags/example_sensors.py
[2024-03-28T16:34:00.576+0000] {processor.py:830} INFO - Processing file /home/airflow/.local/lib/python3.8/site-packages/airflow/example_dags/example_sensors.py for tasks to queue
[2024-03-28T16:34:00.876+0000] {logging_mixin.py:188} INFO - [2024-03-28T16:34:00.873+0000] {dagbag.py:540} INFO - Filling up the DagBag from /home/airflow/.local/lib/python3.8/site-packages/airflow/example_dags/example_sensors.py
[2024-03-28T16:34:01.197+0000] {processor.py:840} INFO - DAG(s) 'example_sensors' retrieved from /home/airflow/.local/lib/python3.8/site-packages/airflow/example_dags/example_sensors.py
[2024-03-28T16:34:06.262+0000] {logging_mixin.py:188} INFO - [2024-03-28T16:34:06.193+0000] {override.py:1769} INFO - Created Permission View: can edit on DAG:example_sensors
[2024-03-28T16:34:07.556+0000] {logging_mixin.py:188} INFO - [2024-03-28T16:34:07.555+0000] {override.py:1769} INFO - Created Permission View: can read on DAG:example_sensors
[2024-03-28T16:34:07.629+0000] {logging_mixin.py:188} INFO - [2024-03-28T16:34:07.628+0000] {override.py:1769} INFO - Created Permission View: can delete on DAG:example_sensors
[2024-03-28T16:34:07.674+0000] {logging_mixin.py:188} INFO - [2024-03-28T16:34:07.645+0000] {dag.py:3047} INFO - Sync 1 DAGs
[2024-03-28T16:34:08.176+0000] {logging_mixin.py:188} INFO - [2024-03-28T16:34:08.175+0000] {dag.py:3069} INFO - Creating ORM DAG for example_sensors
[2024-03-28T16:34:08.201+0000] {logging_mixin.py:188} INFO - [2024-03-28T16:34:08.200+0000] {dag.py:3834} INFO - Setting next_dagrun for example_sensors to None, run_after=None
[2024-03-28T16:34:08.861+0000] {processor.py:183} INFO - Processing /home/airflow/.local/lib/python3.8/site-packages/airflow/example_dags/example_sensors.py took 8.658 seconds
[2024-03-28T16:39:02.908+0000] {processor.py:161} INFO - Started process (PID=313) to work on /home/airflow/.local/lib/python3.8/site-packages/airflow/example_dags/example_sensors.py
[2024-03-28T16:39:03.085+0000] {processor.py:830} INFO - Processing file /home/airflow/.local/lib/python3.8/site-packages/airflow/example_dags/example_sensors.py for tasks to queue
[2024-03-28T16:39:03.124+0000] {logging_mixin.py:188} INFO - [2024-03-28T16:39:03.122+0000] {dagbag.py:540} INFO - Filling up the DagBag from /home/airflow/.local/lib/python3.8/site-packages/airflow/example_dags/example_sensors.py
[2024-03-28T16:39:04.352+0000] {processor.py:840} INFO - DAG(s) 'example_sensors' retrieved from /home/airflow/.local/lib/python3.8/site-packages/airflow/example_dags/example_sensors.py
[2024-03-28T16:39:05.579+0000] {logging_mixin.py:188} INFO - [2024-03-28T16:39:05.499+0000] {dag.py:3047} INFO - Sync 1 DAGs
[2024-03-28T16:39:06.533+0000] {logging_mixin.py:188} INFO - [2024-03-28T16:39:06.531+0000] {dag.py:3834} INFO - Setting next_dagrun for example_sensors to None, run_after=None
[2024-03-28T16:39:06.969+0000] {processor.py:183} INFO - Processing /home/airflow/.local/lib/python3.8/site-packages/airflow/example_dags/example_sensors.py took 4.362 seconds
[2024-03-28T16:42:44.362+0000] {processor.py:161} INFO - Started process (PID=404) to work on /home/airflow/.local/lib/python3.8/site-packages/airflow/example_dags/example_sensors.py
[2024-03-28T16:42:44.423+0000] {processor.py:830} INFO - Processing file /home/airflow/.local/lib/python3.8/site-packages/airflow/example_dags/example_sensors.py for tasks to queue
[2024-03-28T16:42:44.669+0000] {logging_mixin.py:188} INFO - [2024-03-28T16:42:44.668+0000] {dagbag.py:540} INFO - Filling up the DagBag from /home/airflow/.local/lib/python3.8/site-packages/airflow/example_dags/example_sensors.py
[2024-03-28T16:42:45.514+0000] {processor.py:840} INFO - DAG(s) 'example_sensors' retrieved from /home/airflow/.local/lib/python3.8/site-packages/airflow/example_dags/example_sensors.py
[2024-03-28T16:42:46.752+0000] {logging_mixin.py:188} INFO - [2024-03-28T16:42:46.752+0000] {dag.py:3047} INFO - Sync 1 DAGs
[2024-03-28T16:42:48.329+0000] {logging_mixin.py:188} INFO - [2024-03-28T16:42:48.233+0000] {dag.py:3834} INFO - Setting next_dagrun for example_sensors to None, run_after=None
[2024-03-28T16:42:49.220+0000] {processor.py:183} INFO - Processing /home/airflow/.local/lib/python3.8/site-packages/airflow/example_dags/example_sensors.py took 5.031 seconds
[2024-03-28T17:06:31.016+0000] {processor.py:161} INFO - Started process (PID=90) to work on /home/airflow/.local/lib/python3.8/site-packages/airflow/example_dags/example_sensors.py
[2024-03-28T17:06:31.029+0000] {processor.py:830} INFO - Processing file /home/airflow/.local/lib/python3.8/site-packages/airflow/example_dags/example_sensors.py for tasks to queue
[2024-03-28T17:06:31.052+0000] {logging_mixin.py:188} INFO - [2024-03-28T17:06:31.048+0000] {dagbag.py:540} INFO - Filling up the DagBag from /home/airflow/.local/lib/python3.8/site-packages/airflow/example_dags/example_sensors.py
[2024-03-28T17:06:31.108+0000] {processor.py:840} INFO - DAG(s) 'example_sensors' retrieved from /home/airflow/.local/lib/python3.8/site-packages/airflow/example_dags/example_sensors.py
[2024-03-28T17:06:33.306+0000] {logging_mixin.py:188} INFO - [2024-03-28T17:06:33.292+0000] {dag.py:3047} INFO - Sync 1 DAGs
[2024-03-28T17:06:35.178+0000] {logging_mixin.py:188} INFO - [2024-03-28T17:06:35.157+0000] {dag.py:3834} INFO - Setting next_dagrun for example_sensors to None, run_after=None
[2024-03-28T17:06:36.275+0000] {processor.py:183} INFO - Processing /home/airflow/.local/lib/python3.8/site-packages/airflow/example_dags/example_sensors.py took 5.305 seconds
[2024-03-28T17:07:54.875+0000] {processor.py:161} INFO - Started process (PID=165) to work on /home/airflow/.local/lib/python3.8/site-packages/airflow/example_dags/example_sensors.py
[2024-03-28T17:07:54.884+0000] {processor.py:830} INFO - Processing file /home/airflow/.local/lib/python3.8/site-packages/airflow/example_dags/example_sensors.py for tasks to queue
[2024-03-28T17:07:54.932+0000] {logging_mixin.py:188} INFO - [2024-03-28T17:07:54.928+0000] {dagbag.py:540} INFO - Filling up the DagBag from /home/airflow/.local/lib/python3.8/site-packages/airflow/example_dags/example_sensors.py
[2024-03-28T17:07:55.018+0000] {processor.py:840} INFO - DAG(s) 'example_sensors' retrieved from /home/airflow/.local/lib/python3.8/site-packages/airflow/example_dags/example_sensors.py
[2024-03-28T17:07:55.241+0000] {logging_mixin.py:188} INFO - [2024-03-28T17:07:55.240+0000] {dag.py:3047} INFO - Sync 1 DAGs
[2024-03-28T17:07:55.335+0000] {logging_mixin.py:188} INFO - [2024-03-28T17:07:55.334+0000] {dag.py:3834} INFO - Setting next_dagrun for example_sensors to None, run_after=None
[2024-03-28T17:07:55.464+0000] {processor.py:183} INFO - Processing /home/airflow/.local/lib/python3.8/site-packages/airflow/example_dags/example_sensors.py took 0.613 seconds
[2024-03-28T17:08:41.606+0000] {processor.py:161} INFO - Started process (PID=226) to work on /home/airflow/.local/lib/python3.8/site-packages/airflow/example_dags/example_sensors.py
[2024-03-28T17:08:41.610+0000] {processor.py:830} INFO - Processing file /home/airflow/.local/lib/python3.8/site-packages/airflow/example_dags/example_sensors.py for tasks to queue
[2024-03-28T17:08:41.630+0000] {logging_mixin.py:188} INFO - [2024-03-28T17:08:41.622+0000] {dagbag.py:540} INFO - Filling up the DagBag from /home/airflow/.local/lib/python3.8/site-packages/airflow/example_dags/example_sensors.py
[2024-03-28T17:08:41.704+0000] {processor.py:840} INFO - DAG(s) 'example_sensors' retrieved from /home/airflow/.local/lib/python3.8/site-packages/airflow/example_dags/example_sensors.py
[2024-03-28T17:08:42.257+0000] {logging_mixin.py:188} INFO - [2024-03-28T17:08:42.256+0000] {dag.py:3047} INFO - Sync 1 DAGs
[2024-03-28T17:08:42.628+0000] {logging_mixin.py:188} INFO - [2024-03-28T17:08:42.615+0000] {dag.py:3834} INFO - Setting next_dagrun for example_sensors to None, run_after=None
[2024-03-28T17:08:42.884+0000] {processor.py:183} INFO - Processing /home/airflow/.local/lib/python3.8/site-packages/airflow/example_dags/example_sensors.py took 1.300 seconds
[2024-03-28T17:10:30.428+0000] {processor.py:161} INFO - Started process (PID=301) to work on /home/airflow/.local/lib/python3.8/site-packages/airflow/example_dags/example_sensors.py
[2024-03-28T17:10:30.441+0000] {processor.py:830} INFO - Processing file /home/airflow/.local/lib/python3.8/site-packages/airflow/example_dags/example_sensors.py for tasks to queue
[2024-03-28T17:10:30.460+0000] {logging_mixin.py:188} INFO - [2024-03-28T17:10:30.453+0000] {dagbag.py:540} INFO - Filling up the DagBag from /home/airflow/.local/lib/python3.8/site-packages/airflow/example_dags/example_sensors.py
[2024-03-28T17:10:30.542+0000] {processor.py:840} INFO - DAG(s) 'example_sensors' retrieved from /home/airflow/.local/lib/python3.8/site-packages/airflow/example_dags/example_sensors.py
[2024-03-28T17:10:31.002+0000] {logging_mixin.py:188} INFO - [2024-03-28T17:10:31.001+0000] {dag.py:3047} INFO - Sync 1 DAGs
[2024-03-28T17:10:31.170+0000] {logging_mixin.py:188} INFO - [2024-03-28T17:10:31.169+0000] {dag.py:3834} INFO - Setting next_dagrun for example_sensors to None, run_after=None
[2024-03-28T17:10:31.390+0000] {processor.py:183} INFO - Processing /home/airflow/.local/lib/python3.8/site-packages/airflow/example_dags/example_sensors.py took 0.986 seconds
[2024-03-28T17:11:17.643+0000] {processor.py:161} INFO - Started process (PID=357) to work on /home/airflow/.local/lib/python3.8/site-packages/airflow/example_dags/example_sensors.py
[2024-03-28T17:11:17.661+0000] {processor.py:830} INFO - Processing file /home/airflow/.local/lib/python3.8/site-packages/airflow/example_dags/example_sensors.py for tasks to queue
[2024-03-28T17:11:17.686+0000] {logging_mixin.py:188} INFO - [2024-03-28T17:11:17.685+0000] {dagbag.py:540} INFO - Filling up the DagBag from /home/airflow/.local/lib/python3.8/site-packages/airflow/example_dags/example_sensors.py
[2024-03-28T17:11:17.757+0000] {processor.py:840} INFO - DAG(s) 'example_sensors' retrieved from /home/airflow/.local/lib/python3.8/site-packages/airflow/example_dags/example_sensors.py
[2024-03-28T17:11:17.920+0000] {logging_mixin.py:188} INFO - [2024-03-28T17:11:17.918+0000] {dag.py:3047} INFO - Sync 1 DAGs
[2024-03-28T17:11:17.968+0000] {logging_mixin.py:188} INFO - [2024-03-28T17:11:17.968+0000] {dag.py:3834} INFO - Setting next_dagrun for example_sensors to None, run_after=None
[2024-03-28T17:11:18.191+0000] {processor.py:183} INFO - Processing /home/airflow/.local/lib/python3.8/site-packages/airflow/example_dags/example_sensors.py took 0.581 seconds
[2024-03-28T17:12:18.602+0000] {processor.py:161} INFO - Started process (PID=420) to work on /home/airflow/.local/lib/python3.8/site-packages/airflow/example_dags/example_sensors.py
[2024-03-28T17:12:18.648+0000] {processor.py:830} INFO - Processing file /home/airflow/.local/lib/python3.8/site-packages/airflow/example_dags/example_sensors.py for tasks to queue
[2024-03-28T17:12:18.699+0000] {logging_mixin.py:188} INFO - [2024-03-28T17:12:18.694+0000] {dagbag.py:540} INFO - Filling up the DagBag from /home/airflow/.local/lib/python3.8/site-packages/airflow/example_dags/example_sensors.py
[2024-03-28T17:12:18.765+0000] {processor.py:840} INFO - DAG(s) 'example_sensors' retrieved from /home/airflow/.local/lib/python3.8/site-packages/airflow/example_dags/example_sensors.py
[2024-03-28T17:12:19.222+0000] {logging_mixin.py:188} INFO - [2024-03-28T17:12:19.221+0000] {dag.py:3047} INFO - Sync 1 DAGs
[2024-03-28T17:12:19.850+0000] {logging_mixin.py:188} INFO - [2024-03-28T17:12:19.845+0000] {dag.py:3834} INFO - Setting next_dagrun for example_sensors to None, run_after=None
[2024-03-28T17:12:20.983+0000] {processor.py:183} INFO - Processing /home/airflow/.local/lib/python3.8/site-packages/airflow/example_dags/example_sensors.py took 2.440 seconds
[2024-03-28T17:12:56.125+0000] {processor.py:161} INFO - Started process (PID=482) to work on /home/airflow/.local/lib/python3.8/site-packages/airflow/example_dags/example_sensors.py
[2024-03-28T17:12:56.128+0000] {processor.py:830} INFO - Processing file /home/airflow/.local/lib/python3.8/site-packages/airflow/example_dags/example_sensors.py for tasks to queue
[2024-03-28T17:12:56.135+0000] {logging_mixin.py:188} INFO - [2024-03-28T17:12:56.134+0000] {dagbag.py:540} INFO - Filling up the DagBag from /home/airflow/.local/lib/python3.8/site-packages/airflow/example_dags/example_sensors.py
[2024-03-28T17:12:56.162+0000] {processor.py:840} INFO - DAG(s) 'example_sensors' retrieved from /home/airflow/.local/lib/python3.8/site-packages/airflow/example_dags/example_sensors.py
[2024-03-28T17:12:56.267+0000] {logging_mixin.py:188} INFO - [2024-03-28T17:12:56.266+0000] {dag.py:3047} INFO - Sync 1 DAGs
[2024-03-28T17:12:56.332+0000] {logging_mixin.py:188} INFO - [2024-03-28T17:12:56.331+0000] {dag.py:3834} INFO - Setting next_dagrun for example_sensors to None, run_after=None
[2024-03-28T17:12:56.415+0000] {processor.py:183} INFO - Processing /home/airflow/.local/lib/python3.8/site-packages/airflow/example_dags/example_sensors.py took 0.311 seconds
[2024-03-28T17:13:34.998+0000] {processor.py:161} INFO - Started process (PID=538) to work on /home/airflow/.local/lib/python3.8/site-packages/airflow/example_dags/example_sensors.py
[2024-03-28T17:13:35.009+0000] {processor.py:830} INFO - Processing file /home/airflow/.local/lib/python3.8/site-packages/airflow/example_dags/example_sensors.py for tasks to queue
[2024-03-28T17:13:35.027+0000] {logging_mixin.py:188} INFO - [2024-03-28T17:13:35.026+0000] {dagbag.py:540} INFO - Filling up the DagBag from /home/airflow/.local/lib/python3.8/site-packages/airflow/example_dags/example_sensors.py
[2024-03-28T17:13:35.134+0000] {processor.py:840} INFO - DAG(s) 'example_sensors' retrieved from /home/airflow/.local/lib/python3.8/site-packages/airflow/example_dags/example_sensors.py
[2024-03-28T17:13:35.292+0000] {logging_mixin.py:188} INFO - [2024-03-28T17:13:35.290+0000] {dag.py:3047} INFO - Sync 1 DAGs
[2024-03-28T17:13:35.330+0000] {logging_mixin.py:188} INFO - [2024-03-28T17:13:35.330+0000] {dag.py:3834} INFO - Setting next_dagrun for example_sensors to None, run_after=None
[2024-03-28T17:13:35.423+0000] {processor.py:183} INFO - Processing /home/airflow/.local/lib/python3.8/site-packages/airflow/example_dags/example_sensors.py took 0.456 seconds
[2024-03-28T17:14:17.553+0000] {processor.py:161} INFO - Started process (PID=598) to work on /home/airflow/.local/lib/python3.8/site-packages/airflow/example_dags/example_sensors.py
[2024-03-28T17:14:17.558+0000] {processor.py:830} INFO - Processing file /home/airflow/.local/lib/python3.8/site-packages/airflow/example_dags/example_sensors.py for tasks to queue
[2024-03-28T17:14:17.564+0000] {logging_mixin.py:188} INFO - [2024-03-28T17:14:17.563+0000] {dagbag.py:540} INFO - Filling up the DagBag from /home/airflow/.local/lib/python3.8/site-packages/airflow/example_dags/example_sensors.py
[2024-03-28T17:14:17.606+0000] {processor.py:840} INFO - DAG(s) 'example_sensors' retrieved from /home/airflow/.local/lib/python3.8/site-packages/airflow/example_dags/example_sensors.py
[2024-03-28T17:14:17.728+0000] {logging_mixin.py:188} INFO - [2024-03-28T17:14:17.724+0000] {dag.py:3047} INFO - Sync 1 DAGs
[2024-03-28T17:14:17.792+0000] {logging_mixin.py:188} INFO - [2024-03-28T17:14:17.792+0000] {dag.py:3834} INFO - Setting next_dagrun for example_sensors to None, run_after=None
[2024-03-28T17:14:17.930+0000] {processor.py:183} INFO - Processing /home/airflow/.local/lib/python3.8/site-packages/airflow/example_dags/example_sensors.py took 0.396 seconds
[2024-03-28T17:14:48.623+0000] {processor.py:161} INFO - Started process (PID=652) to work on /home/airflow/.local/lib/python3.8/site-packages/airflow/example_dags/example_sensors.py
[2024-03-28T17:14:48.629+0000] {processor.py:830} INFO - Processing file /home/airflow/.local/lib/python3.8/site-packages/airflow/example_dags/example_sensors.py for tasks to queue
[2024-03-28T17:14:48.638+0000] {logging_mixin.py:188} INFO - [2024-03-28T17:14:48.637+0000] {dagbag.py:540} INFO - Filling up the DagBag from /home/airflow/.local/lib/python3.8/site-packages/airflow/example_dags/example_sensors.py
[2024-03-28T17:14:48.688+0000] {processor.py:840} INFO - DAG(s) 'example_sensors' retrieved from /home/airflow/.local/lib/python3.8/site-packages/airflow/example_dags/example_sensors.py
[2024-03-28T17:14:48.873+0000] {logging_mixin.py:188} INFO - [2024-03-28T17:14:48.872+0000] {dag.py:3047} INFO - Sync 1 DAGs
[2024-03-28T17:14:48.970+0000] {logging_mixin.py:188} INFO - [2024-03-28T17:14:48.970+0000] {dag.py:3834} INFO - Setting next_dagrun for example_sensors to None, run_after=None
[2024-03-28T17:14:49.064+0000] {processor.py:183} INFO - Processing /home/airflow/.local/lib/python3.8/site-packages/airflow/example_dags/example_sensors.py took 0.459 seconds
[2024-03-28T17:15:34.582+0000] {processor.py:161} INFO - Started process (PID=722) to work on /home/airflow/.local/lib/python3.8/site-packages/airflow/example_dags/example_sensors.py
[2024-03-28T17:15:34.598+0000] {processor.py:830} INFO - Processing file /home/airflow/.local/lib/python3.8/site-packages/airflow/example_dags/example_sensors.py for tasks to queue
[2024-03-28T17:15:34.612+0000] {logging_mixin.py:188} INFO - [2024-03-28T17:15:34.609+0000] {dagbag.py:540} INFO - Filling up the DagBag from /home/airflow/.local/lib/python3.8/site-packages/airflow/example_dags/example_sensors.py
[2024-03-28T17:15:34.675+0000] {processor.py:840} INFO - DAG(s) 'example_sensors' retrieved from /home/airflow/.local/lib/python3.8/site-packages/airflow/example_dags/example_sensors.py
[2024-03-28T17:15:34.822+0000] {logging_mixin.py:188} INFO - [2024-03-28T17:15:34.822+0000] {dag.py:3047} INFO - Sync 1 DAGs
[2024-03-28T17:15:34.990+0000] {logging_mixin.py:188} INFO - [2024-03-28T17:15:34.989+0000] {dag.py:3834} INFO - Setting next_dagrun for example_sensors to None, run_after=None
[2024-03-28T17:15:35.121+0000] {processor.py:183} INFO - Processing /home/airflow/.local/lib/python3.8/site-packages/airflow/example_dags/example_sensors.py took 0.558 seconds
[2024-03-28T17:16:06.328+0000] {processor.py:161} INFO - Started process (PID=777) to work on /home/airflow/.local/lib/python3.8/site-packages/airflow/example_dags/example_sensors.py
[2024-03-28T17:16:06.355+0000] {processor.py:830} INFO - Processing file /home/airflow/.local/lib/python3.8/site-packages/airflow/example_dags/example_sensors.py for tasks to queue
[2024-03-28T17:16:06.450+0000] {logging_mixin.py:188} INFO - [2024-03-28T17:16:06.449+0000] {dagbag.py:540} INFO - Filling up the DagBag from /home/airflow/.local/lib/python3.8/site-packages/airflow/example_dags/example_sensors.py
[2024-03-28T17:16:06.498+0000] {processor.py:840} INFO - DAG(s) 'example_sensors' retrieved from /home/airflow/.local/lib/python3.8/site-packages/airflow/example_dags/example_sensors.py
[2024-03-28T17:16:06.665+0000] {logging_mixin.py:188} INFO - [2024-03-28T17:16:06.664+0000] {dag.py:3047} INFO - Sync 1 DAGs
[2024-03-28T17:16:06.723+0000] {logging_mixin.py:188} INFO - [2024-03-28T17:16:06.722+0000] {dag.py:3834} INFO - Setting next_dagrun for example_sensors to None, run_after=None
[2024-03-28T17:16:06.848+0000] {processor.py:183} INFO - Processing /home/airflow/.local/lib/python3.8/site-packages/airflow/example_dags/example_sensors.py took 0.658 seconds
[2024-03-28T17:16:52.790+0000] {processor.py:161} INFO - Started process (PID=846) to work on /home/airflow/.local/lib/python3.8/site-packages/airflow/example_dags/example_sensors.py
[2024-03-28T17:16:53.019+0000] {processor.py:830} INFO - Processing file /home/airflow/.local/lib/python3.8/site-packages/airflow/example_dags/example_sensors.py for tasks to queue
[2024-03-28T17:16:53.029+0000] {logging_mixin.py:188} INFO - [2024-03-28T17:16:53.027+0000] {dagbag.py:540} INFO - Filling up the DagBag from /home/airflow/.local/lib/python3.8/site-packages/airflow/example_dags/example_sensors.py
[2024-03-28T17:16:53.439+0000] {processor.py:840} INFO - DAG(s) 'example_sensors' retrieved from /home/airflow/.local/lib/python3.8/site-packages/airflow/example_dags/example_sensors.py
[2024-03-28T17:16:54.405+0000] {logging_mixin.py:188} INFO - [2024-03-28T17:16:54.402+0000] {dag.py:3047} INFO - Sync 1 DAGs
[2024-03-28T17:16:54.640+0000] {logging_mixin.py:188} INFO - [2024-03-28T17:16:54.638+0000] {dag.py:3834} INFO - Setting next_dagrun for example_sensors to None, run_after=None
[2024-03-28T17:16:55.116+0000] {processor.py:183} INFO - Processing /home/airflow/.local/lib/python3.8/site-packages/airflow/example_dags/example_sensors.py took 2.563 seconds
[2024-03-28T17:17:36.137+0000] {processor.py:161} INFO - Started process (PID=906) to work on /home/airflow/.local/lib/python3.8/site-packages/airflow/example_dags/example_sensors.py
[2024-03-28T17:17:36.171+0000] {processor.py:830} INFO - Processing file /home/airflow/.local/lib/python3.8/site-packages/airflow/example_dags/example_sensors.py for tasks to queue
[2024-03-28T17:17:36.311+0000] {logging_mixin.py:188} INFO - [2024-03-28T17:17:36.261+0000] {dagbag.py:540} INFO - Filling up the DagBag from /home/airflow/.local/lib/python3.8/site-packages/airflow/example_dags/example_sensors.py
[2024-03-28T17:17:36.780+0000] {processor.py:840} INFO - DAG(s) 'example_sensors' retrieved from /home/airflow/.local/lib/python3.8/site-packages/airflow/example_dags/example_sensors.py
[2024-03-28T17:17:38.150+0000] {logging_mixin.py:188} INFO - [2024-03-28T17:17:38.149+0000] {dag.py:3047} INFO - Sync 1 DAGs
[2024-03-28T17:17:38.275+0000] {logging_mixin.py:188} INFO - [2024-03-28T17:17:38.274+0000] {dag.py:3834} INFO - Setting next_dagrun for example_sensors to None, run_after=None
[2024-03-28T17:17:38.702+0000] {processor.py:183} INFO - Processing /home/airflow/.local/lib/python3.8/site-packages/airflow/example_dags/example_sensors.py took 2.613 seconds
[2024-03-28T17:18:53.712+0000] {processor.py:161} INFO - Started process (PID=986) to work on /home/airflow/.local/lib/python3.8/site-packages/airflow/example_dags/example_sensors.py
[2024-03-28T17:18:53.724+0000] {processor.py:830} INFO - Processing file /home/airflow/.local/lib/python3.8/site-packages/airflow/example_dags/example_sensors.py for tasks to queue
[2024-03-28T17:18:53.740+0000] {logging_mixin.py:188} INFO - [2024-03-28T17:18:53.739+0000] {dagbag.py:540} INFO - Filling up the DagBag from /home/airflow/.local/lib/python3.8/site-packages/airflow/example_dags/example_sensors.py
[2024-03-28T17:18:53.823+0000] {processor.py:840} INFO - DAG(s) 'example_sensors' retrieved from /home/airflow/.local/lib/python3.8/site-packages/airflow/example_dags/example_sensors.py
[2024-03-28T17:18:54.059+0000] {logging_mixin.py:188} INFO - [2024-03-28T17:18:54.056+0000] {dag.py:3047} INFO - Sync 1 DAGs
[2024-03-28T17:18:54.104+0000] {logging_mixin.py:188} INFO - [2024-03-28T17:18:54.104+0000] {dag.py:3834} INFO - Setting next_dagrun for example_sensors to None, run_after=None
[2024-03-28T17:18:54.174+0000] {processor.py:183} INFO - Processing /home/airflow/.local/lib/python3.8/site-packages/airflow/example_dags/example_sensors.py took 0.494 seconds
[2024-03-28T17:19:25.696+0000] {processor.py:161} INFO - Started process (PID=1041) to work on /home/airflow/.local/lib/python3.8/site-packages/airflow/example_dags/example_sensors.py
[2024-03-28T17:19:25.705+0000] {processor.py:830} INFO - Processing file /home/airflow/.local/lib/python3.8/site-packages/airflow/example_dags/example_sensors.py for tasks to queue
[2024-03-28T17:19:25.718+0000] {logging_mixin.py:188} INFO - [2024-03-28T17:19:25.716+0000] {dagbag.py:540} INFO - Filling up the DagBag from /home/airflow/.local/lib/python3.8/site-packages/airflow/example_dags/example_sensors.py
[2024-03-28T17:19:25.804+0000] {processor.py:840} INFO - DAG(s) 'example_sensors' retrieved from /home/airflow/.local/lib/python3.8/site-packages/airflow/example_dags/example_sensors.py
[2024-03-28T17:19:26.146+0000] {logging_mixin.py:188} INFO - [2024-03-28T17:19:26.146+0000] {dag.py:3047} INFO - Sync 1 DAGs
[2024-03-28T17:19:26.200+0000] {logging_mixin.py:188} INFO - [2024-03-28T17:19:26.196+0000] {dag.py:3834} INFO - Setting next_dagrun for example_sensors to None, run_after=None
[2024-03-28T17:19:26.327+0000] {processor.py:183} INFO - Processing /home/airflow/.local/lib/python3.8/site-packages/airflow/example_dags/example_sensors.py took 0.670 seconds
[2024-03-28T17:19:59.587+0000] {processor.py:161} INFO - Started process (PID=1100) to work on /home/airflow/.local/lib/python3.8/site-packages/airflow/example_dags/example_sensors.py
[2024-03-28T17:19:59.597+0000] {processor.py:830} INFO - Processing file /home/airflow/.local/lib/python3.8/site-packages/airflow/example_dags/example_sensors.py for tasks to queue
[2024-03-28T17:19:59.625+0000] {logging_mixin.py:188} INFO - [2024-03-28T17:19:59.624+0000] {dagbag.py:540} INFO - Filling up the DagBag from /home/airflow/.local/lib/python3.8/site-packages/airflow/example_dags/example_sensors.py
[2024-03-28T17:19:59.734+0000] {processor.py:840} INFO - DAG(s) 'example_sensors' retrieved from /home/airflow/.local/lib/python3.8/site-packages/airflow/example_dags/example_sensors.py
[2024-03-28T17:20:00.049+0000] {logging_mixin.py:188} INFO - [2024-03-28T17:20:00.048+0000] {dag.py:3047} INFO - Sync 1 DAGs
[2024-03-28T17:20:00.182+0000] {logging_mixin.py:188} INFO - [2024-03-28T17:20:00.182+0000] {dag.py:3834} INFO - Setting next_dagrun for example_sensors to None, run_after=None
[2024-03-28T17:20:00.389+0000] {processor.py:183} INFO - Processing /home/airflow/.local/lib/python3.8/site-packages/airflow/example_dags/example_sensors.py took 0.828 seconds
[2024-03-28T17:20:30.823+0000] {processor.py:161} INFO - Started process (PID=1155) to work on /home/airflow/.local/lib/python3.8/site-packages/airflow/example_dags/example_sensors.py
[2024-03-28T17:20:30.833+0000] {processor.py:830} INFO - Processing file /home/airflow/.local/lib/python3.8/site-packages/airflow/example_dags/example_sensors.py for tasks to queue
[2024-03-28T17:20:30.862+0000] {logging_mixin.py:188} INFO - [2024-03-28T17:20:30.861+0000] {dagbag.py:540} INFO - Filling up the DagBag from /home/airflow/.local/lib/python3.8/site-packages/airflow/example_dags/example_sensors.py
[2024-03-28T17:20:31.018+0000] {processor.py:840} INFO - DAG(s) 'example_sensors' retrieved from /home/airflow/.local/lib/python3.8/site-packages/airflow/example_dags/example_sensors.py
[2024-03-28T17:20:31.440+0000] {logging_mixin.py:188} INFO - [2024-03-28T17:20:31.439+0000] {dag.py:3047} INFO - Sync 1 DAGs
[2024-03-28T17:20:31.530+0000] {logging_mixin.py:188} INFO - [2024-03-28T17:20:31.529+0000] {dag.py:3834} INFO - Setting next_dagrun for example_sensors to None, run_after=None
[2024-03-28T17:20:31.762+0000] {processor.py:183} INFO - Processing /home/airflow/.local/lib/python3.8/site-packages/airflow/example_dags/example_sensors.py took 0.966 seconds
[2024-03-28T17:21:02.102+0000] {processor.py:161} INFO - Started process (PID=1209) to work on /home/airflow/.local/lib/python3.8/site-packages/airflow/example_dags/example_sensors.py
[2024-03-28T17:21:02.106+0000] {processor.py:830} INFO - Processing file /home/airflow/.local/lib/python3.8/site-packages/airflow/example_dags/example_sensors.py for tasks to queue
[2024-03-28T17:21:02.110+0000] {logging_mixin.py:188} INFO - [2024-03-28T17:21:02.110+0000] {dagbag.py:540} INFO - Filling up the DagBag from /home/airflow/.local/lib/python3.8/site-packages/airflow/example_dags/example_sensors.py
[2024-03-28T17:21:02.150+0000] {processor.py:840} INFO - DAG(s) 'example_sensors' retrieved from /home/airflow/.local/lib/python3.8/site-packages/airflow/example_dags/example_sensors.py
[2024-03-28T17:21:02.250+0000] {logging_mixin.py:188} INFO - [2024-03-28T17:21:02.249+0000] {dag.py:3047} INFO - Sync 1 DAGs
[2024-03-28T17:21:02.304+0000] {logging_mixin.py:188} INFO - [2024-03-28T17:21:02.304+0000] {dag.py:3834} INFO - Setting next_dagrun for example_sensors to None, run_after=None
[2024-03-28T17:21:02.400+0000] {processor.py:183} INFO - Processing /home/airflow/.local/lib/python3.8/site-packages/airflow/example_dags/example_sensors.py took 0.307 seconds
[2024-03-28T17:21:32.942+0000] {processor.py:161} INFO - Started process (PID=1264) to work on /home/airflow/.local/lib/python3.8/site-packages/airflow/example_dags/example_sensors.py
[2024-03-28T17:21:32.957+0000] {processor.py:830} INFO - Processing file /home/airflow/.local/lib/python3.8/site-packages/airflow/example_dags/example_sensors.py for tasks to queue
[2024-03-28T17:21:32.987+0000] {logging_mixin.py:188} INFO - [2024-03-28T17:21:32.983+0000] {dagbag.py:540} INFO - Filling up the DagBag from /home/airflow/.local/lib/python3.8/site-packages/airflow/example_dags/example_sensors.py
[2024-03-28T17:21:33.032+0000] {processor.py:840} INFO - DAG(s) 'example_sensors' retrieved from /home/airflow/.local/lib/python3.8/site-packages/airflow/example_dags/example_sensors.py
[2024-03-28T17:21:33.113+0000] {logging_mixin.py:188} INFO - [2024-03-28T17:21:33.113+0000] {dag.py:3047} INFO - Sync 1 DAGs
[2024-03-28T17:21:33.161+0000] {logging_mixin.py:188} INFO - [2024-03-28T17:21:33.160+0000] {dag.py:3834} INFO - Setting next_dagrun for example_sensors to None, run_after=None
[2024-03-28T17:21:33.231+0000] {processor.py:183} INFO - Processing /home/airflow/.local/lib/python3.8/site-packages/airflow/example_dags/example_sensors.py took 0.316 seconds
[2024-03-28T17:22:06.574+0000] {processor.py:161} INFO - Started process (PID=1319) to work on /home/airflow/.local/lib/python3.8/site-packages/airflow/example_dags/example_sensors.py
[2024-03-28T17:22:06.585+0000] {processor.py:830} INFO - Processing file /home/airflow/.local/lib/python3.8/site-packages/airflow/example_dags/example_sensors.py for tasks to queue
[2024-03-28T17:22:06.606+0000] {logging_mixin.py:188} INFO - [2024-03-28T17:22:06.604+0000] {dagbag.py:540} INFO - Filling up the DagBag from /home/airflow/.local/lib/python3.8/site-packages/airflow/example_dags/example_sensors.py
[2024-03-28T17:22:06.688+0000] {processor.py:840} INFO - DAG(s) 'example_sensors' retrieved from /home/airflow/.local/lib/python3.8/site-packages/airflow/example_dags/example_sensors.py
[2024-03-28T17:22:06.808+0000] {logging_mixin.py:188} INFO - [2024-03-28T17:22:06.807+0000] {dag.py:3047} INFO - Sync 1 DAGs
[2024-03-28T17:22:06.885+0000] {logging_mixin.py:188} INFO - [2024-03-28T17:22:06.884+0000] {dag.py:3834} INFO - Setting next_dagrun for example_sensors to None, run_after=None
[2024-03-28T17:22:07.031+0000] {processor.py:183} INFO - Processing /home/airflow/.local/lib/python3.8/site-packages/airflow/example_dags/example_sensors.py took 0.480 seconds
[2024-03-28T17:22:58.899+0000] {processor.py:161} INFO - Started process (PID=1387) to work on /home/airflow/.local/lib/python3.8/site-packages/airflow/example_dags/example_sensors.py
[2024-03-28T17:22:58.903+0000] {processor.py:830} INFO - Processing file /home/airflow/.local/lib/python3.8/site-packages/airflow/example_dags/example_sensors.py for tasks to queue
[2024-03-28T17:22:58.928+0000] {logging_mixin.py:188} INFO - [2024-03-28T17:22:58.924+0000] {dagbag.py:540} INFO - Filling up the DagBag from /home/airflow/.local/lib/python3.8/site-packages/airflow/example_dags/example_sensors.py
[2024-03-28T17:22:58.984+0000] {processor.py:840} INFO - DAG(s) 'example_sensors' retrieved from /home/airflow/.local/lib/python3.8/site-packages/airflow/example_dags/example_sensors.py
[2024-03-28T17:22:59.095+0000] {logging_mixin.py:188} INFO - [2024-03-28T17:22:59.094+0000] {dag.py:3047} INFO - Sync 1 DAGs
[2024-03-28T17:22:59.167+0000] {logging_mixin.py:188} INFO - [2024-03-28T17:22:59.167+0000] {dag.py:3834} INFO - Setting next_dagrun for example_sensors to None, run_after=None
[2024-03-28T17:22:59.258+0000] {processor.py:183} INFO - Processing /home/airflow/.local/lib/python3.8/site-packages/airflow/example_dags/example_sensors.py took 0.399 seconds
[2024-03-28T17:23:29.730+0000] {processor.py:161} INFO - Started process (PID=1442) to work on /home/airflow/.local/lib/python3.8/site-packages/airflow/example_dags/example_sensors.py
[2024-03-28T17:23:29.737+0000] {processor.py:830} INFO - Processing file /home/airflow/.local/lib/python3.8/site-packages/airflow/example_dags/example_sensors.py for tasks to queue
[2024-03-28T17:23:29.752+0000] {logging_mixin.py:188} INFO - [2024-03-28T17:23:29.751+0000] {dagbag.py:540} INFO - Filling up the DagBag from /home/airflow/.local/lib/python3.8/site-packages/airflow/example_dags/example_sensors.py
[2024-03-28T17:23:29.786+0000] {processor.py:840} INFO - DAG(s) 'example_sensors' retrieved from /home/airflow/.local/lib/python3.8/site-packages/airflow/example_dags/example_sensors.py
[2024-03-28T17:23:29.893+0000] {logging_mixin.py:188} INFO - [2024-03-28T17:23:29.892+0000] {dag.py:3047} INFO - Sync 1 DAGs
[2024-03-28T17:23:29.943+0000] {logging_mixin.py:188} INFO - [2024-03-28T17:23:29.942+0000] {dag.py:3834} INFO - Setting next_dagrun for example_sensors to None, run_after=None
[2024-03-28T17:23:30.016+0000] {processor.py:183} INFO - Processing /home/airflow/.local/lib/python3.8/site-packages/airflow/example_dags/example_sensors.py took 0.301 seconds
[2024-03-28T17:24:07.730+0000] {processor.py:161} INFO - Started process (PID=1501) to work on /home/airflow/.local/lib/python3.8/site-packages/airflow/example_dags/example_sensors.py
[2024-03-28T17:24:07.749+0000] {processor.py:830} INFO - Processing file /home/airflow/.local/lib/python3.8/site-packages/airflow/example_dags/example_sensors.py for tasks to queue
[2024-03-28T17:24:07.785+0000] {logging_mixin.py:188} INFO - [2024-03-28T17:24:07.767+0000] {dagbag.py:540} INFO - Filling up the DagBag from /home/airflow/.local/lib/python3.8/site-packages/airflow/example_dags/example_sensors.py
[2024-03-28T17:24:07.912+0000] {processor.py:840} INFO - DAG(s) 'example_sensors' retrieved from /home/airflow/.local/lib/python3.8/site-packages/airflow/example_dags/example_sensors.py
[2024-03-28T17:24:08.015+0000] {logging_mixin.py:188} INFO - [2024-03-28T17:24:08.014+0000] {dag.py:3047} INFO - Sync 1 DAGs
[2024-03-28T17:24:08.058+0000] {logging_mixin.py:188} INFO - [2024-03-28T17:24:08.058+0000] {dag.py:3834} INFO - Setting next_dagrun for example_sensors to None, run_after=None
[2024-03-28T17:24:08.119+0000] {processor.py:183} INFO - Processing /home/airflow/.local/lib/python3.8/site-packages/airflow/example_dags/example_sensors.py took 0.409 seconds
[2024-03-28T17:24:50.084+0000] {processor.py:161} INFO - Started process (PID=1581) to work on /home/airflow/.local/lib/python3.8/site-packages/airflow/example_dags/example_sensors.py
[2024-03-28T17:24:50.089+0000] {processor.py:830} INFO - Processing file /home/airflow/.local/lib/python3.8/site-packages/airflow/example_dags/example_sensors.py for tasks to queue
[2024-03-28T17:24:50.105+0000] {logging_mixin.py:188} INFO - [2024-03-28T17:24:50.102+0000] {dagbag.py:540} INFO - Filling up the DagBag from /home/airflow/.local/lib/python3.8/site-packages/airflow/example_dags/example_sensors.py
[2024-03-28T17:24:50.151+0000] {processor.py:840} INFO - DAG(s) 'example_sensors' retrieved from /home/airflow/.local/lib/python3.8/site-packages/airflow/example_dags/example_sensors.py
[2024-03-28T17:24:50.272+0000] {logging_mixin.py:188} INFO - [2024-03-28T17:24:50.272+0000] {dag.py:3047} INFO - Sync 1 DAGs
[2024-03-28T17:24:50.335+0000] {logging_mixin.py:188} INFO - [2024-03-28T17:24:50.334+0000] {dag.py:3834} INFO - Setting next_dagrun for example_sensors to None, run_after=None
[2024-03-28T17:24:50.402+0000] {processor.py:183} INFO - Processing /home/airflow/.local/lib/python3.8/site-packages/airflow/example_dags/example_sensors.py took 0.331 seconds
[2024-03-28T17:25:27.705+0000] {processor.py:161} INFO - Started process (PID=1640) to work on /home/airflow/.local/lib/python3.8/site-packages/airflow/example_dags/example_sensors.py
[2024-03-28T17:25:27.715+0000] {processor.py:830} INFO - Processing file /home/airflow/.local/lib/python3.8/site-packages/airflow/example_dags/example_sensors.py for tasks to queue
[2024-03-28T17:25:27.729+0000] {logging_mixin.py:188} INFO - [2024-03-28T17:25:27.727+0000] {dagbag.py:540} INFO - Filling up the DagBag from /home/airflow/.local/lib/python3.8/site-packages/airflow/example_dags/example_sensors.py
[2024-03-28T17:25:27.804+0000] {processor.py:840} INFO - DAG(s) 'example_sensors' retrieved from /home/airflow/.local/lib/python3.8/site-packages/airflow/example_dags/example_sensors.py
[2024-03-28T17:25:27.983+0000] {logging_mixin.py:188} INFO - [2024-03-28T17:25:27.983+0000] {dag.py:3047} INFO - Sync 1 DAGs
[2024-03-28T17:25:28.043+0000] {logging_mixin.py:188} INFO - [2024-03-28T17:25:28.042+0000] {dag.py:3834} INFO - Setting next_dagrun for example_sensors to None, run_after=None
[2024-03-28T17:25:28.103+0000] {processor.py:183} INFO - Processing /home/airflow/.local/lib/python3.8/site-packages/airflow/example_dags/example_sensors.py took 0.422 seconds
[2024-03-28T17:26:03.433+0000] {processor.py:161} INFO - Started process (PID=1695) to work on /home/airflow/.local/lib/python3.8/site-packages/airflow/example_dags/example_sensors.py
[2024-03-28T17:26:03.464+0000] {processor.py:830} INFO - Processing file /home/airflow/.local/lib/python3.8/site-packages/airflow/example_dags/example_sensors.py for tasks to queue
[2024-03-28T17:26:03.518+0000] {logging_mixin.py:188} INFO - [2024-03-28T17:26:03.508+0000] {dagbag.py:540} INFO - Filling up the DagBag from /home/airflow/.local/lib/python3.8/site-packages/airflow/example_dags/example_sensors.py
[2024-03-28T17:26:03.663+0000] {processor.py:840} INFO - DAG(s) 'example_sensors' retrieved from /home/airflow/.local/lib/python3.8/site-packages/airflow/example_dags/example_sensors.py
[2024-03-28T17:26:03.981+0000] {logging_mixin.py:188} INFO - [2024-03-28T17:26:03.973+0000] {dag.py:3047} INFO - Sync 1 DAGs
[2024-03-28T17:26:04.114+0000] {logging_mixin.py:188} INFO - [2024-03-28T17:26:04.108+0000] {dag.py:3834} INFO - Setting next_dagrun for example_sensors to None, run_after=None
[2024-03-28T17:26:04.339+0000] {processor.py:183} INFO - Processing /home/airflow/.local/lib/python3.8/site-packages/airflow/example_dags/example_sensors.py took 0.947 seconds
[2024-03-28T17:26:34.831+0000] {processor.py:161} INFO - Started process (PID=1750) to work on /home/airflow/.local/lib/python3.8/site-packages/airflow/example_dags/example_sensors.py
[2024-03-28T17:26:34.843+0000] {processor.py:830} INFO - Processing file /home/airflow/.local/lib/python3.8/site-packages/airflow/example_dags/example_sensors.py for tasks to queue
[2024-03-28T17:26:34.875+0000] {logging_mixin.py:188} INFO - [2024-03-28T17:26:34.874+0000] {dagbag.py:540} INFO - Filling up the DagBag from /home/airflow/.local/lib/python3.8/site-packages/airflow/example_dags/example_sensors.py
[2024-03-28T17:26:35.016+0000] {processor.py:840} INFO - DAG(s) 'example_sensors' retrieved from /home/airflow/.local/lib/python3.8/site-packages/airflow/example_dags/example_sensors.py
[2024-03-28T17:26:35.341+0000] {logging_mixin.py:188} INFO - [2024-03-28T17:26:35.328+0000] {dag.py:3047} INFO - Sync 1 DAGs
[2024-03-28T17:26:35.659+0000] {logging_mixin.py:188} INFO - [2024-03-28T17:26:35.658+0000] {dag.py:3834} INFO - Setting next_dagrun for example_sensors to None, run_after=None
[2024-03-28T17:26:35.924+0000] {processor.py:183} INFO - Processing /home/airflow/.local/lib/python3.8/site-packages/airflow/example_dags/example_sensors.py took 1.140 seconds
[2024-03-28T17:27:06.215+0000] {processor.py:161} INFO - Started process (PID=1804) to work on /home/airflow/.local/lib/python3.8/site-packages/airflow/example_dags/example_sensors.py
[2024-03-28T17:27:06.221+0000] {processor.py:830} INFO - Processing file /home/airflow/.local/lib/python3.8/site-packages/airflow/example_dags/example_sensors.py for tasks to queue
[2024-03-28T17:27:06.238+0000] {logging_mixin.py:188} INFO - [2024-03-28T17:27:06.235+0000] {dagbag.py:540} INFO - Filling up the DagBag from /home/airflow/.local/lib/python3.8/site-packages/airflow/example_dags/example_sensors.py
[2024-03-28T17:27:06.303+0000] {processor.py:840} INFO - DAG(s) 'example_sensors' retrieved from /home/airflow/.local/lib/python3.8/site-packages/airflow/example_dags/example_sensors.py
[2024-03-28T17:27:06.434+0000] {logging_mixin.py:188} INFO - [2024-03-28T17:27:06.433+0000] {dag.py:3047} INFO - Sync 1 DAGs
[2024-03-28T17:27:06.484+0000] {logging_mixin.py:188} INFO - [2024-03-28T17:27:06.483+0000] {dag.py:3834} INFO - Setting next_dagrun for example_sensors to None, run_after=None
[2024-03-28T17:27:06.559+0000] {processor.py:183} INFO - Processing /home/airflow/.local/lib/python3.8/site-packages/airflow/example_dags/example_sensors.py took 0.363 seconds
[2024-03-28T17:27:38.874+0000] {processor.py:161} INFO - Started process (PID=1860) to work on /home/airflow/.local/lib/python3.8/site-packages/airflow/example_dags/example_sensors.py
[2024-03-28T17:27:38.887+0000] {processor.py:830} INFO - Processing file /home/airflow/.local/lib/python3.8/site-packages/airflow/example_dags/example_sensors.py for tasks to queue
[2024-03-28T17:27:38.899+0000] {logging_mixin.py:188} INFO - [2024-03-28T17:27:38.895+0000] {dagbag.py:540} INFO - Filling up the DagBag from /home/airflow/.local/lib/python3.8/site-packages/airflow/example_dags/example_sensors.py
[2024-03-28T17:27:38.951+0000] {processor.py:840} INFO - DAG(s) 'example_sensors' retrieved from /home/airflow/.local/lib/python3.8/site-packages/airflow/example_dags/example_sensors.py
[2024-03-28T17:27:39.049+0000] {logging_mixin.py:188} INFO - [2024-03-28T17:27:39.048+0000] {dag.py:3047} INFO - Sync 1 DAGs
[2024-03-28T17:27:39.107+0000] {logging_mixin.py:188} INFO - [2024-03-28T17:27:39.107+0000] {dag.py:3834} INFO - Setting next_dagrun for example_sensors to None, run_after=None
[2024-03-28T17:27:39.245+0000] {processor.py:183} INFO - Processing /home/airflow/.local/lib/python3.8/site-packages/airflow/example_dags/example_sensors.py took 0.387 seconds
[2024-03-28T17:28:10.357+0000] {processor.py:161} INFO - Started process (PID=1915) to work on /home/airflow/.local/lib/python3.8/site-packages/airflow/example_dags/example_sensors.py
[2024-03-28T17:28:10.362+0000] {processor.py:830} INFO - Processing file /home/airflow/.local/lib/python3.8/site-packages/airflow/example_dags/example_sensors.py for tasks to queue
[2024-03-28T17:28:10.377+0000] {logging_mixin.py:188} INFO - [2024-03-28T17:28:10.376+0000] {dagbag.py:540} INFO - Filling up the DagBag from /home/airflow/.local/lib/python3.8/site-packages/airflow/example_dags/example_sensors.py
[2024-03-28T17:28:10.452+0000] {processor.py:840} INFO - DAG(s) 'example_sensors' retrieved from /home/airflow/.local/lib/python3.8/site-packages/airflow/example_dags/example_sensors.py
[2024-03-28T17:28:10.611+0000] {logging_mixin.py:188} INFO - [2024-03-28T17:28:10.611+0000] {dag.py:3047} INFO - Sync 1 DAGs
[2024-03-28T17:28:10.651+0000] {logging_mixin.py:188} INFO - [2024-03-28T17:28:10.650+0000] {dag.py:3834} INFO - Setting next_dagrun for example_sensors to None, run_after=None
[2024-03-28T17:28:10.716+0000] {processor.py:183} INFO - Processing /home/airflow/.local/lib/python3.8/site-packages/airflow/example_dags/example_sensors.py took 0.374 seconds
[2024-03-28T17:28:49.791+0000] {processor.py:161} INFO - Started process (PID=1975) to work on /home/airflow/.local/lib/python3.8/site-packages/airflow/example_dags/example_sensors.py
[2024-03-28T17:28:49.797+0000] {processor.py:830} INFO - Processing file /home/airflow/.local/lib/python3.8/site-packages/airflow/example_dags/example_sensors.py for tasks to queue
[2024-03-28T17:28:49.804+0000] {logging_mixin.py:188} INFO - [2024-03-28T17:28:49.803+0000] {dagbag.py:540} INFO - Filling up the DagBag from /home/airflow/.local/lib/python3.8/site-packages/airflow/example_dags/example_sensors.py
[2024-03-28T17:28:49.850+0000] {processor.py:840} INFO - DAG(s) 'example_sensors' retrieved from /home/airflow/.local/lib/python3.8/site-packages/airflow/example_dags/example_sensors.py
[2024-03-28T17:28:49.972+0000] {logging_mixin.py:188} INFO - [2024-03-28T17:28:49.971+0000] {dag.py:3047} INFO - Sync 1 DAGs
[2024-03-28T17:28:50.029+0000] {logging_mixin.py:188} INFO - [2024-03-28T17:28:50.028+0000] {dag.py:3834} INFO - Setting next_dagrun for example_sensors to None, run_after=None
[2024-03-28T17:28:50.103+0000] {processor.py:183} INFO - Processing /home/airflow/.local/lib/python3.8/site-packages/airflow/example_dags/example_sensors.py took 0.329 seconds
[2024-03-28T17:29:27.200+0000] {processor.py:161} INFO - Started process (PID=2036) to work on /home/airflow/.local/lib/python3.8/site-packages/airflow/example_dags/example_sensors.py
[2024-03-28T17:29:27.210+0000] {processor.py:830} INFO - Processing file /home/airflow/.local/lib/python3.8/site-packages/airflow/example_dags/example_sensors.py for tasks to queue
[2024-03-28T17:29:27.257+0000] {logging_mixin.py:188} INFO - [2024-03-28T17:29:27.256+0000] {dagbag.py:540} INFO - Filling up the DagBag from /home/airflow/.local/lib/python3.8/site-packages/airflow/example_dags/example_sensors.py
[2024-03-28T17:29:27.337+0000] {processor.py:840} INFO - DAG(s) 'example_sensors' retrieved from /home/airflow/.local/lib/python3.8/site-packages/airflow/example_dags/example_sensors.py
[2024-03-28T17:29:27.449+0000] {logging_mixin.py:188} INFO - [2024-03-28T17:29:27.448+0000] {dag.py:3047} INFO - Sync 1 DAGs
[2024-03-28T17:29:27.486+0000] {logging_mixin.py:188} INFO - [2024-03-28T17:29:27.486+0000] {dag.py:3834} INFO - Setting next_dagrun for example_sensors to None, run_after=None
[2024-03-28T17:29:27.554+0000] {processor.py:183} INFO - Processing /home/airflow/.local/lib/python3.8/site-packages/airflow/example_dags/example_sensors.py took 0.365 seconds
[2024-03-28T17:30:00.774+0000] {processor.py:161} INFO - Started process (PID=2091) to work on /home/airflow/.local/lib/python3.8/site-packages/airflow/example_dags/example_sensors.py
[2024-03-28T17:30:00.778+0000] {processor.py:830} INFO - Processing file /home/airflow/.local/lib/python3.8/site-packages/airflow/example_dags/example_sensors.py for tasks to queue
[2024-03-28T17:30:00.795+0000] {logging_mixin.py:188} INFO - [2024-03-28T17:30:00.794+0000] {dagbag.py:540} INFO - Filling up the DagBag from /home/airflow/.local/lib/python3.8/site-packages/airflow/example_dags/example_sensors.py
[2024-03-28T17:30:00.868+0000] {processor.py:840} INFO - DAG(s) 'example_sensors' retrieved from /home/airflow/.local/lib/python3.8/site-packages/airflow/example_dags/example_sensors.py
[2024-03-28T17:30:01.309+0000] {logging_mixin.py:188} INFO - [2024-03-28T17:30:01.308+0000] {dag.py:3047} INFO - Sync 1 DAGs
[2024-03-28T17:30:01.443+0000] {logging_mixin.py:188} INFO - [2024-03-28T17:30:01.442+0000] {dag.py:3834} INFO - Setting next_dagrun for example_sensors to None, run_after=None
[2024-03-28T17:30:01.644+0000] {processor.py:183} INFO - Processing /home/airflow/.local/lib/python3.8/site-packages/airflow/example_dags/example_sensors.py took 0.911 seconds
[2024-03-28T17:30:32.937+0000] {processor.py:161} INFO - Started process (PID=2146) to work on /home/airflow/.local/lib/python3.8/site-packages/airflow/example_dags/example_sensors.py
[2024-03-28T17:30:32.966+0000] {processor.py:830} INFO - Processing file /home/airflow/.local/lib/python3.8/site-packages/airflow/example_dags/example_sensors.py for tasks to queue
[2024-03-28T17:30:32.996+0000] {logging_mixin.py:188} INFO - [2024-03-28T17:30:32.995+0000] {dagbag.py:540} INFO - Filling up the DagBag from /home/airflow/.local/lib/python3.8/site-packages/airflow/example_dags/example_sensors.py
[2024-03-28T17:30:33.160+0000] {processor.py:840} INFO - DAG(s) 'example_sensors' retrieved from /home/airflow/.local/lib/python3.8/site-packages/airflow/example_dags/example_sensors.py
[2024-03-28T17:30:33.914+0000] {logging_mixin.py:188} INFO - [2024-03-28T17:30:33.913+0000] {dag.py:3047} INFO - Sync 1 DAGs
[2024-03-28T17:30:34.181+0000] {logging_mixin.py:188} INFO - [2024-03-28T17:30:34.170+0000] {dag.py:3834} INFO - Setting next_dagrun for example_sensors to None, run_after=None
[2024-03-28T17:30:34.377+0000] {processor.py:183} INFO - Processing /home/airflow/.local/lib/python3.8/site-packages/airflow/example_dags/example_sensors.py took 1.500 seconds
[2024-03-28T17:31:09.981+0000] {processor.py:161} INFO - Started process (PID=2201) to work on /home/airflow/.local/lib/python3.8/site-packages/airflow/example_dags/example_sensors.py
[2024-03-28T17:31:09.994+0000] {processor.py:830} INFO - Processing file /home/airflow/.local/lib/python3.8/site-packages/airflow/example_dags/example_sensors.py for tasks to queue
[2024-03-28T17:31:10.023+0000] {logging_mixin.py:188} INFO - [2024-03-28T17:31:10.022+0000] {dagbag.py:540} INFO - Filling up the DagBag from /home/airflow/.local/lib/python3.8/site-packages/airflow/example_dags/example_sensors.py
[2024-03-28T17:31:10.084+0000] {processor.py:840} INFO - DAG(s) 'example_sensors' retrieved from /home/airflow/.local/lib/python3.8/site-packages/airflow/example_dags/example_sensors.py
[2024-03-28T17:31:10.302+0000] {logging_mixin.py:188} INFO - [2024-03-28T17:31:10.301+0000] {dag.py:3047} INFO - Sync 1 DAGs
[2024-03-28T17:31:10.434+0000] {logging_mixin.py:188} INFO - [2024-03-28T17:31:10.422+0000] {dag.py:3834} INFO - Setting next_dagrun for example_sensors to None, run_after=None
[2024-03-28T17:31:10.657+0000] {processor.py:183} INFO - Processing /home/airflow/.local/lib/python3.8/site-packages/airflow/example_dags/example_sensors.py took 0.713 seconds
[2024-03-28T17:31:41.621+0000] {processor.py:161} INFO - Started process (PID=2255) to work on /home/airflow/.local/lib/python3.8/site-packages/airflow/example_dags/example_sensors.py
[2024-03-28T17:31:41.626+0000] {processor.py:830} INFO - Processing file /home/airflow/.local/lib/python3.8/site-packages/airflow/example_dags/example_sensors.py for tasks to queue
[2024-03-28T17:31:41.640+0000] {logging_mixin.py:188} INFO - [2024-03-28T17:31:41.639+0000] {dagbag.py:540} INFO - Filling up the DagBag from /home/airflow/.local/lib/python3.8/site-packages/airflow/example_dags/example_sensors.py
[2024-03-28T17:31:41.682+0000] {processor.py:840} INFO - DAG(s) 'example_sensors' retrieved from /home/airflow/.local/lib/python3.8/site-packages/airflow/example_dags/example_sensors.py
[2024-03-28T17:31:41.751+0000] {logging_mixin.py:188} INFO - [2024-03-28T17:31:41.751+0000] {dag.py:3047} INFO - Sync 1 DAGs
[2024-03-28T17:31:41.779+0000] {logging_mixin.py:188} INFO - [2024-03-28T17:31:41.779+0000] {dag.py:3834} INFO - Setting next_dagrun for example_sensors to None, run_after=None
[2024-03-28T17:31:41.817+0000] {processor.py:183} INFO - Processing /home/airflow/.local/lib/python3.8/site-packages/airflow/example_dags/example_sensors.py took 0.210 seconds
[2024-03-28T17:32:19.887+0000] {processor.py:161} INFO - Started process (PID=2320) to work on /home/airflow/.local/lib/python3.8/site-packages/airflow/example_dags/example_sensors.py
[2024-03-28T17:32:19.894+0000] {processor.py:830} INFO - Processing file /home/airflow/.local/lib/python3.8/site-packages/airflow/example_dags/example_sensors.py for tasks to queue
[2024-03-28T17:32:19.903+0000] {logging_mixin.py:188} INFO - [2024-03-28T17:32:19.900+0000] {dagbag.py:540} INFO - Filling up the DagBag from /home/airflow/.local/lib/python3.8/site-packages/airflow/example_dags/example_sensors.py
[2024-03-28T17:32:19.941+0000] {processor.py:840} INFO - DAG(s) 'example_sensors' retrieved from /home/airflow/.local/lib/python3.8/site-packages/airflow/example_dags/example_sensors.py
[2024-03-28T17:32:20.067+0000] {logging_mixin.py:188} INFO - [2024-03-28T17:32:20.066+0000] {dag.py:3047} INFO - Sync 1 DAGs
[2024-03-28T17:32:20.113+0000] {logging_mixin.py:188} INFO - [2024-03-28T17:32:20.113+0000] {dag.py:3834} INFO - Setting next_dagrun for example_sensors to None, run_after=None
[2024-03-28T17:32:20.169+0000] {processor.py:183} INFO - Processing /home/airflow/.local/lib/python3.8/site-packages/airflow/example_dags/example_sensors.py took 0.295 seconds
[2024-03-28T17:32:57.159+0000] {processor.py:161} INFO - Started process (PID=2374) to work on /home/airflow/.local/lib/python3.8/site-packages/airflow/example_dags/example_sensors.py
[2024-03-28T17:32:57.164+0000] {processor.py:830} INFO - Processing file /home/airflow/.local/lib/python3.8/site-packages/airflow/example_dags/example_sensors.py for tasks to queue
[2024-03-28T17:32:57.182+0000] {logging_mixin.py:188} INFO - [2024-03-28T17:32:57.180+0000] {dagbag.py:540} INFO - Filling up the DagBag from /home/airflow/.local/lib/python3.8/site-packages/airflow/example_dags/example_sensors.py
[2024-03-28T17:32:57.230+0000] {processor.py:840} INFO - DAG(s) 'example_sensors' retrieved from /home/airflow/.local/lib/python3.8/site-packages/airflow/example_dags/example_sensors.py
[2024-03-28T17:32:57.316+0000] {logging_mixin.py:188} INFO - [2024-03-28T17:32:57.315+0000] {dag.py:3047} INFO - Sync 1 DAGs
[2024-03-28T17:32:57.353+0000] {logging_mixin.py:188} INFO - [2024-03-28T17:32:57.352+0000] {dag.py:3834} INFO - Setting next_dagrun for example_sensors to None, run_after=None
[2024-03-28T17:32:57.428+0000] {processor.py:183} INFO - Processing /home/airflow/.local/lib/python3.8/site-packages/airflow/example_dags/example_sensors.py took 0.278 seconds
