[2024-03-28T16:32:38.958+0000] {processor.py:161} INFO - Started process (PID=146) to work on /home/airflow/.local/lib/python3.8/site-packages/airflow/example_dags/example_time_delta_sensor_async.py
[2024-03-28T16:32:38.964+0000] {processor.py:830} INFO - Processing file /home/airflow/.local/lib/python3.8/site-packages/airflow/example_dags/example_time_delta_sensor_async.py for tasks to queue
[2024-03-28T16:32:38.994+0000] {logging_mixin.py:188} INFO - [2024-03-28T16:32:38.991+0000] {dagbag.py:540} INFO - Filling up the DagBag from /home/airflow/.local/lib/python3.8/site-packages/airflow/example_dags/example_time_delta_sensor_async.py
[2024-03-28T16:32:39.074+0000] {processor.py:840} INFO - DAG(s) 'example_time_delta_sensor_async' retrieved from /home/airflow/.local/lib/python3.8/site-packages/airflow/example_dags/example_time_delta_sensor_async.py
[2024-03-28T16:32:42.994+0000] {logging_mixin.py:188} INFO - [2024-03-28T16:32:42.993+0000] {override.py:1769} INFO - Created Permission View: can edit on DAG:example_time_delta_sensor_async
[2024-03-28T16:32:43.136+0000] {logging_mixin.py:188} INFO - [2024-03-28T16:32:43.135+0000] {override.py:1769} INFO - Created Permission View: can read on DAG:example_time_delta_sensor_async
[2024-03-28T16:32:43.269+0000] {logging_mixin.py:188} INFO - [2024-03-28T16:32:43.269+0000] {override.py:1769} INFO - Created Permission View: can delete on DAG:example_time_delta_sensor_async
[2024-03-28T16:32:43.284+0000] {logging_mixin.py:188} INFO - [2024-03-28T16:32:43.284+0000] {dag.py:3047} INFO - Sync 1 DAGs
[2024-03-28T16:32:43.645+0000] {logging_mixin.py:188} INFO - [2024-03-28T16:32:43.643+0000] {dag.py:3069} INFO - Creating ORM DAG for example_time_delta_sensor_async
[2024-03-28T16:32:43.656+0000] {logging_mixin.py:188} INFO - [2024-03-28T16:32:43.655+0000] {dag.py:3834} INFO - Setting next_dagrun for example_time_delta_sensor_async to None, run_after=None
[2024-03-28T16:32:43.935+0000] {processor.py:183} INFO - Processing /home/airflow/.local/lib/python3.8/site-packages/airflow/example_dags/example_time_delta_sensor_async.py took 5.073 seconds
[2024-03-28T16:36:25.041+0000] {processor.py:161} INFO - Started process (PID=235) to work on /home/airflow/.local/lib/python3.8/site-packages/airflow/example_dags/example_time_delta_sensor_async.py
[2024-03-28T16:36:25.046+0000] {processor.py:830} INFO - Processing file /home/airflow/.local/lib/python3.8/site-packages/airflow/example_dags/example_time_delta_sensor_async.py for tasks to queue
[2024-03-28T16:36:25.078+0000] {logging_mixin.py:188} INFO - [2024-03-28T16:36:25.074+0000] {dagbag.py:540} INFO - Filling up the DagBag from /home/airflow/.local/lib/python3.8/site-packages/airflow/example_dags/example_time_delta_sensor_async.py
[2024-03-28T16:36:25.163+0000] {processor.py:840} INFO - DAG(s) 'example_time_delta_sensor_async' retrieved from /home/airflow/.local/lib/python3.8/site-packages/airflow/example_dags/example_time_delta_sensor_async.py
[2024-03-28T16:36:27.579+0000] {logging_mixin.py:188} INFO - [2024-03-28T16:36:27.578+0000] {dag.py:3047} INFO - Sync 1 DAGs
[2024-03-28T16:36:27.793+0000] {logging_mixin.py:188} INFO - [2024-03-28T16:36:27.792+0000] {dag.py:3834} INFO - Setting next_dagrun for example_time_delta_sensor_async to None, run_after=None
[2024-03-28T16:36:29.145+0000] {processor.py:183} INFO - Processing /home/airflow/.local/lib/python3.8/site-packages/airflow/example_dags/example_time_delta_sensor_async.py took 4.284 seconds
[2024-03-28T16:38:43.041+0000] {processor.py:161} INFO - Started process (PID=309) to work on /home/airflow/.local/lib/python3.8/site-packages/airflow/example_dags/example_time_delta_sensor_async.py
[2024-03-28T16:38:43.065+0000] {processor.py:830} INFO - Processing file /home/airflow/.local/lib/python3.8/site-packages/airflow/example_dags/example_time_delta_sensor_async.py for tasks to queue
[2024-03-28T16:38:43.268+0000] {logging_mixin.py:188} INFO - [2024-03-28T16:38:43.167+0000] {dagbag.py:540} INFO - Filling up the DagBag from /home/airflow/.local/lib/python3.8/site-packages/airflow/example_dags/example_time_delta_sensor_async.py
[2024-03-28T16:38:43.400+0000] {processor.py:840} INFO - DAG(s) 'example_time_delta_sensor_async' retrieved from /home/airflow/.local/lib/python3.8/site-packages/airflow/example_dags/example_time_delta_sensor_async.py
[2024-03-28T16:38:44.391+0000] {logging_mixin.py:188} INFO - [2024-03-28T16:38:44.390+0000] {dag.py:3047} INFO - Sync 1 DAGs
[2024-03-28T16:38:45.709+0000] {logging_mixin.py:188} INFO - [2024-03-28T16:38:45.704+0000] {dag.py:3834} INFO - Setting next_dagrun for example_time_delta_sensor_async to None, run_after=None
[2024-03-28T16:38:48.919+0000] {processor.py:183} INFO - Processing /home/airflow/.local/lib/python3.8/site-packages/airflow/example_dags/example_time_delta_sensor_async.py took 5.901 seconds
[2024-03-28T16:41:38.002+0000] {processor.py:161} INFO - Started process (PID=377) to work on /home/airflow/.local/lib/python3.8/site-packages/airflow/example_dags/example_time_delta_sensor_async.py
[2024-03-28T16:41:38.156+0000] {processor.py:830} INFO - Processing file /home/airflow/.local/lib/python3.8/site-packages/airflow/example_dags/example_time_delta_sensor_async.py for tasks to queue
[2024-03-28T16:41:38.208+0000] {logging_mixin.py:188} INFO - [2024-03-28T16:41:38.207+0000] {dagbag.py:540} INFO - Filling up the DagBag from /home/airflow/.local/lib/python3.8/site-packages/airflow/example_dags/example_time_delta_sensor_async.py
[2024-03-28T16:41:38.314+0000] {processor.py:840} INFO - DAG(s) 'example_time_delta_sensor_async' retrieved from /home/airflow/.local/lib/python3.8/site-packages/airflow/example_dags/example_time_delta_sensor_async.py
[2024-03-28T16:41:40.601+0000] {logging_mixin.py:188} INFO - [2024-03-28T16:41:40.600+0000] {dag.py:3047} INFO - Sync 1 DAGs
[2024-03-28T16:41:41.677+0000] {logging_mixin.py:188} INFO - [2024-03-28T16:41:41.637+0000] {dag.py:3834} INFO - Setting next_dagrun for example_time_delta_sensor_async to None, run_after=None
[2024-03-28T16:41:42.296+0000] {processor.py:183} INFO - Processing /home/airflow/.local/lib/python3.8/site-packages/airflow/example_dags/example_time_delta_sensor_async.py took 4.476 seconds
[2024-03-28T16:45:01.427+0000] {processor.py:161} INFO - Started process (PID=454) to work on /home/airflow/.local/lib/python3.8/site-packages/airflow/example_dags/example_time_delta_sensor_async.py
[2024-03-28T16:45:01.483+0000] {processor.py:830} INFO - Processing file /home/airflow/.local/lib/python3.8/site-packages/airflow/example_dags/example_time_delta_sensor_async.py for tasks to queue
[2024-03-28T16:45:01.560+0000] {logging_mixin.py:188} INFO - [2024-03-28T16:45:01.559+0000] {dagbag.py:540} INFO - Filling up the DagBag from /home/airflow/.local/lib/python3.8/site-packages/airflow/example_dags/example_time_delta_sensor_async.py
[2024-03-28T16:45:01.737+0000] {processor.py:840} INFO - DAG(s) 'example_time_delta_sensor_async' retrieved from /home/airflow/.local/lib/python3.8/site-packages/airflow/example_dags/example_time_delta_sensor_async.py
[2024-03-28T16:45:02.721+0000] {logging_mixin.py:188} INFO - [2024-03-28T16:45:02.719+0000] {dag.py:3047} INFO - Sync 1 DAGs
[2024-03-28T16:45:04.176+0000] {logging_mixin.py:188} INFO - [2024-03-28T16:45:04.176+0000] {dag.py:3834} INFO - Setting next_dagrun for example_time_delta_sensor_async to None, run_after=None
[2024-03-28T16:45:06.194+0000] {processor.py:183} INFO - Processing /home/airflow/.local/lib/python3.8/site-packages/airflow/example_dags/example_time_delta_sensor_async.py took 4.758 seconds
[2024-03-28T17:06:09.828+0000] {processor.py:161} INFO - Started process (PID=75) to work on /home/airflow/.local/lib/python3.8/site-packages/airflow/example_dags/example_time_delta_sensor_async.py
[2024-03-28T17:06:09.839+0000] {processor.py:830} INFO - Processing file /home/airflow/.local/lib/python3.8/site-packages/airflow/example_dags/example_time_delta_sensor_async.py for tasks to queue
[2024-03-28T17:06:09.872+0000] {logging_mixin.py:188} INFO - [2024-03-28T17:06:09.866+0000] {dagbag.py:540} INFO - Filling up the DagBag from /home/airflow/.local/lib/python3.8/site-packages/airflow/example_dags/example_time_delta_sensor_async.py
[2024-03-28T17:06:09.929+0000] {processor.py:840} INFO - DAG(s) 'example_time_delta_sensor_async' retrieved from /home/airflow/.local/lib/python3.8/site-packages/airflow/example_dags/example_time_delta_sensor_async.py
[2024-03-28T17:06:10.937+0000] {logging_mixin.py:188} INFO - [2024-03-28T17:06:10.937+0000] {dag.py:3047} INFO - Sync 1 DAGs
[2024-03-28T17:06:11.027+0000] {logging_mixin.py:188} INFO - [2024-03-28T17:06:11.027+0000] {dag.py:3834} INFO - Setting next_dagrun for example_time_delta_sensor_async to None, run_after=None
[2024-03-28T17:06:11.252+0000] {processor.py:183} INFO - Processing /home/airflow/.local/lib/python3.8/site-packages/airflow/example_dags/example_time_delta_sensor_async.py took 1.445 seconds
[2024-03-28T17:07:41.240+0000] {processor.py:161} INFO - Started process (PID=142) to work on /home/airflow/.local/lib/python3.8/site-packages/airflow/example_dags/example_time_delta_sensor_async.py
[2024-03-28T17:07:41.299+0000] {processor.py:830} INFO - Processing file /home/airflow/.local/lib/python3.8/site-packages/airflow/example_dags/example_time_delta_sensor_async.py for tasks to queue
[2024-03-28T17:07:41.351+0000] {logging_mixin.py:188} INFO - [2024-03-28T17:07:41.349+0000] {dagbag.py:540} INFO - Filling up the DagBag from /home/airflow/.local/lib/python3.8/site-packages/airflow/example_dags/example_time_delta_sensor_async.py
[2024-03-28T17:07:41.392+0000] {processor.py:840} INFO - DAG(s) 'example_time_delta_sensor_async' retrieved from /home/airflow/.local/lib/python3.8/site-packages/airflow/example_dags/example_time_delta_sensor_async.py
[2024-03-28T17:07:41.544+0000] {logging_mixin.py:188} INFO - [2024-03-28T17:07:41.543+0000] {dag.py:3047} INFO - Sync 1 DAGs
[2024-03-28T17:07:41.674+0000] {logging_mixin.py:188} INFO - [2024-03-28T17:07:41.673+0000] {dag.py:3834} INFO - Setting next_dagrun for example_time_delta_sensor_async to None, run_after=None
[2024-03-28T17:07:41.887+0000] {processor.py:183} INFO - Processing /home/airflow/.local/lib/python3.8/site-packages/airflow/example_dags/example_time_delta_sensor_async.py took 0.720 seconds
[2024-03-28T17:08:22.798+0000] {processor.py:161} INFO - Started process (PID=197) to work on /home/airflow/.local/lib/python3.8/site-packages/airflow/example_dags/example_time_delta_sensor_async.py
[2024-03-28T17:08:22.802+0000] {processor.py:830} INFO - Processing file /home/airflow/.local/lib/python3.8/site-packages/airflow/example_dags/example_time_delta_sensor_async.py for tasks to queue
[2024-03-28T17:08:22.811+0000] {logging_mixin.py:188} INFO - [2024-03-28T17:08:22.810+0000] {dagbag.py:540} INFO - Filling up the DagBag from /home/airflow/.local/lib/python3.8/site-packages/airflow/example_dags/example_time_delta_sensor_async.py
[2024-03-28T17:08:22.841+0000] {processor.py:840} INFO - DAG(s) 'example_time_delta_sensor_async' retrieved from /home/airflow/.local/lib/python3.8/site-packages/airflow/example_dags/example_time_delta_sensor_async.py
[2024-03-28T17:08:22.942+0000] {logging_mixin.py:188} INFO - [2024-03-28T17:08:22.941+0000] {dag.py:3047} INFO - Sync 1 DAGs
[2024-03-28T17:08:23.021+0000] {logging_mixin.py:188} INFO - [2024-03-28T17:08:23.010+0000] {dag.py:3834} INFO - Setting next_dagrun for example_time_delta_sensor_async to None, run_after=None
[2024-03-28T17:08:23.188+0000] {processor.py:183} INFO - Processing /home/airflow/.local/lib/python3.8/site-packages/airflow/example_dags/example_time_delta_sensor_async.py took 0.407 seconds
[2024-03-28T17:09:18.686+0000] {processor.py:161} INFO - Started process (PID=257) to work on /home/airflow/.local/lib/python3.8/site-packages/airflow/example_dags/example_time_delta_sensor_async.py
[2024-03-28T17:09:18.698+0000] {processor.py:830} INFO - Processing file /home/airflow/.local/lib/python3.8/site-packages/airflow/example_dags/example_time_delta_sensor_async.py for tasks to queue
[2024-03-28T17:09:18.739+0000] {logging_mixin.py:188} INFO - [2024-03-28T17:09:18.731+0000] {dagbag.py:540} INFO - Filling up the DagBag from /home/airflow/.local/lib/python3.8/site-packages/airflow/example_dags/example_time_delta_sensor_async.py
[2024-03-28T17:09:18.839+0000] {processor.py:840} INFO - DAG(s) 'example_time_delta_sensor_async' retrieved from /home/airflow/.local/lib/python3.8/site-packages/airflow/example_dags/example_time_delta_sensor_async.py
[2024-03-28T17:09:19.290+0000] {logging_mixin.py:188} INFO - [2024-03-28T17:09:19.289+0000] {dag.py:3047} INFO - Sync 1 DAGs
[2024-03-28T17:09:19.505+0000] {logging_mixin.py:188} INFO - [2024-03-28T17:09:19.504+0000] {dag.py:3834} INFO - Setting next_dagrun for example_time_delta_sensor_async to None, run_after=None
[2024-03-28T17:09:20.280+0000] {processor.py:183} INFO - Processing /home/airflow/.local/lib/python3.8/site-packages/airflow/example_dags/example_time_delta_sensor_async.py took 1.670 seconds
[2024-03-28T17:11:02.010+0000] {processor.py:161} INFO - Started process (PID=333) to work on /home/airflow/.local/lib/python3.8/site-packages/airflow/example_dags/example_time_delta_sensor_async.py
[2024-03-28T17:11:02.021+0000] {processor.py:830} INFO - Processing file /home/airflow/.local/lib/python3.8/site-packages/airflow/example_dags/example_time_delta_sensor_async.py for tasks to queue
[2024-03-28T17:11:02.032+0000] {logging_mixin.py:188} INFO - [2024-03-28T17:11:02.031+0000] {dagbag.py:540} INFO - Filling up the DagBag from /home/airflow/.local/lib/python3.8/site-packages/airflow/example_dags/example_time_delta_sensor_async.py
[2024-03-28T17:11:02.075+0000] {processor.py:840} INFO - DAG(s) 'example_time_delta_sensor_async' retrieved from /home/airflow/.local/lib/python3.8/site-packages/airflow/example_dags/example_time_delta_sensor_async.py
[2024-03-28T17:11:02.457+0000] {logging_mixin.py:188} INFO - [2024-03-28T17:11:02.456+0000] {dag.py:3047} INFO - Sync 1 DAGs
[2024-03-28T17:11:02.522+0000] {logging_mixin.py:188} INFO - [2024-03-28T17:11:02.521+0000] {dag.py:3834} INFO - Setting next_dagrun for example_time_delta_sensor_async to None, run_after=None
[2024-03-28T17:11:02.703+0000] {processor.py:183} INFO - Processing /home/airflow/.local/lib/python3.8/site-packages/airflow/example_dags/example_time_delta_sensor_async.py took 0.759 seconds
[2024-03-28T17:11:58.894+0000] {processor.py:161} INFO - Started process (PID=396) to work on /home/airflow/.local/lib/python3.8/site-packages/airflow/example_dags/example_time_delta_sensor_async.py
[2024-03-28T17:11:58.903+0000] {processor.py:830} INFO - Processing file /home/airflow/.local/lib/python3.8/site-packages/airflow/example_dags/example_time_delta_sensor_async.py for tasks to queue
[2024-03-28T17:11:58.953+0000] {logging_mixin.py:188} INFO - [2024-03-28T17:11:58.942+0000] {dagbag.py:540} INFO - Filling up the DagBag from /home/airflow/.local/lib/python3.8/site-packages/airflow/example_dags/example_time_delta_sensor_async.py
[2024-03-28T17:11:58.990+0000] {processor.py:840} INFO - DAG(s) 'example_time_delta_sensor_async' retrieved from /home/airflow/.local/lib/python3.8/site-packages/airflow/example_dags/example_time_delta_sensor_async.py
[2024-03-28T17:11:59.094+0000] {logging_mixin.py:188} INFO - [2024-03-28T17:11:59.093+0000] {dag.py:3047} INFO - Sync 1 DAGs
[2024-03-28T17:11:59.182+0000] {logging_mixin.py:188} INFO - [2024-03-28T17:11:59.181+0000] {dag.py:3834} INFO - Setting next_dagrun for example_time_delta_sensor_async to None, run_after=None
[2024-03-28T17:11:59.722+0000] {processor.py:183} INFO - Processing /home/airflow/.local/lib/python3.8/site-packages/airflow/example_dags/example_time_delta_sensor_async.py took 0.869 seconds
[2024-03-28T17:12:38.346+0000] {processor.py:161} INFO - Started process (PID=450) to work on /home/airflow/.local/lib/python3.8/site-packages/airflow/example_dags/example_time_delta_sensor_async.py
[2024-03-28T17:12:38.358+0000] {processor.py:830} INFO - Processing file /home/airflow/.local/lib/python3.8/site-packages/airflow/example_dags/example_time_delta_sensor_async.py for tasks to queue
[2024-03-28T17:12:38.393+0000] {logging_mixin.py:188} INFO - [2024-03-28T17:12:38.384+0000] {dagbag.py:540} INFO - Filling up the DagBag from /home/airflow/.local/lib/python3.8/site-packages/airflow/example_dags/example_time_delta_sensor_async.py
[2024-03-28T17:12:38.454+0000] {processor.py:840} INFO - DAG(s) 'example_time_delta_sensor_async' retrieved from /home/airflow/.local/lib/python3.8/site-packages/airflow/example_dags/example_time_delta_sensor_async.py
[2024-03-28T17:12:38.609+0000] {logging_mixin.py:188} INFO - [2024-03-28T17:12:38.608+0000] {dag.py:3047} INFO - Sync 1 DAGs
[2024-03-28T17:12:38.734+0000] {logging_mixin.py:188} INFO - [2024-03-28T17:12:38.734+0000] {dag.py:3834} INFO - Setting next_dagrun for example_time_delta_sensor_async to None, run_after=None
[2024-03-28T17:12:39.082+0000] {processor.py:183} INFO - Processing /home/airflow/.local/lib/python3.8/site-packages/airflow/example_dags/example_time_delta_sensor_async.py took 0.764 seconds
[2024-03-28T17:13:09.498+0000] {processor.py:161} INFO - Started process (PID=506) to work on /home/airflow/.local/lib/python3.8/site-packages/airflow/example_dags/example_time_delta_sensor_async.py
[2024-03-28T17:13:09.502+0000] {processor.py:830} INFO - Processing file /home/airflow/.local/lib/python3.8/site-packages/airflow/example_dags/example_time_delta_sensor_async.py for tasks to queue
[2024-03-28T17:13:09.509+0000] {logging_mixin.py:188} INFO - [2024-03-28T17:13:09.508+0000] {dagbag.py:540} INFO - Filling up the DagBag from /home/airflow/.local/lib/python3.8/site-packages/airflow/example_dags/example_time_delta_sensor_async.py
[2024-03-28T17:13:09.542+0000] {processor.py:840} INFO - DAG(s) 'example_time_delta_sensor_async' retrieved from /home/airflow/.local/lib/python3.8/site-packages/airflow/example_dags/example_time_delta_sensor_async.py
[2024-03-28T17:13:09.653+0000] {logging_mixin.py:188} INFO - [2024-03-28T17:13:09.648+0000] {dag.py:3047} INFO - Sync 1 DAGs
[2024-03-28T17:13:09.714+0000] {logging_mixin.py:188} INFO - [2024-03-28T17:13:09.714+0000] {dag.py:3834} INFO - Setting next_dagrun for example_time_delta_sensor_async to None, run_after=None
[2024-03-28T17:13:09.799+0000] {processor.py:183} INFO - Processing /home/airflow/.local/lib/python3.8/site-packages/airflow/example_dags/example_time_delta_sensor_async.py took 0.324 seconds
[2024-03-28T17:13:43.491+0000] {processor.py:161} INFO - Started process (PID=561) to work on /home/airflow/.local/lib/python3.8/site-packages/airflow/example_dags/example_time_delta_sensor_async.py
[2024-03-28T17:13:43.495+0000] {processor.py:830} INFO - Processing file /home/airflow/.local/lib/python3.8/site-packages/airflow/example_dags/example_time_delta_sensor_async.py for tasks to queue
[2024-03-28T17:13:43.507+0000] {logging_mixin.py:188} INFO - [2024-03-28T17:13:43.505+0000] {dagbag.py:540} INFO - Filling up the DagBag from /home/airflow/.local/lib/python3.8/site-packages/airflow/example_dags/example_time_delta_sensor_async.py
[2024-03-28T17:13:43.593+0000] {processor.py:840} INFO - DAG(s) 'example_time_delta_sensor_async' retrieved from /home/airflow/.local/lib/python3.8/site-packages/airflow/example_dags/example_time_delta_sensor_async.py
[2024-03-28T17:13:43.671+0000] {logging_mixin.py:188} INFO - [2024-03-28T17:13:43.670+0000] {dag.py:3047} INFO - Sync 1 DAGs
[2024-03-28T17:13:43.709+0000] {logging_mixin.py:188} INFO - [2024-03-28T17:13:43.709+0000] {dag.py:3834} INFO - Setting next_dagrun for example_time_delta_sensor_async to None, run_after=None
[2024-03-28T17:13:43.766+0000] {processor.py:183} INFO - Processing /home/airflow/.local/lib/python3.8/site-packages/airflow/example_dags/example_time_delta_sensor_async.py took 0.286 seconds
[2024-03-28T17:14:21.045+0000] {processor.py:161} INFO - Started process (PID=610) to work on /home/airflow/.local/lib/python3.8/site-packages/airflow/example_dags/example_time_delta_sensor_async.py
[2024-03-28T17:14:21.057+0000] {processor.py:830} INFO - Processing file /home/airflow/.local/lib/python3.8/site-packages/airflow/example_dags/example_time_delta_sensor_async.py for tasks to queue
[2024-03-28T17:14:21.073+0000] {logging_mixin.py:188} INFO - [2024-03-28T17:14:21.072+0000] {dagbag.py:540} INFO - Filling up the DagBag from /home/airflow/.local/lib/python3.8/site-packages/airflow/example_dags/example_time_delta_sensor_async.py
[2024-03-28T17:14:21.111+0000] {processor.py:840} INFO - DAG(s) 'example_time_delta_sensor_async' retrieved from /home/airflow/.local/lib/python3.8/site-packages/airflow/example_dags/example_time_delta_sensor_async.py
[2024-03-28T17:14:21.180+0000] {logging_mixin.py:188} INFO - [2024-03-28T17:14:21.179+0000] {dag.py:3047} INFO - Sync 1 DAGs
[2024-03-28T17:14:21.259+0000] {logging_mixin.py:188} INFO - [2024-03-28T17:14:21.259+0000] {dag.py:3834} INFO - Setting next_dagrun for example_time_delta_sensor_async to None, run_after=None
[2024-03-28T17:14:21.346+0000] {processor.py:183} INFO - Processing /home/airflow/.local/lib/python3.8/site-packages/airflow/example_dags/example_time_delta_sensor_async.py took 0.335 seconds
[2024-03-28T17:14:54.232+0000] {processor.py:161} INFO - Started process (PID=664) to work on /home/airflow/.local/lib/python3.8/site-packages/airflow/example_dags/example_time_delta_sensor_async.py
[2024-03-28T17:14:54.242+0000] {processor.py:830} INFO - Processing file /home/airflow/.local/lib/python3.8/site-packages/airflow/example_dags/example_time_delta_sensor_async.py for tasks to queue
[2024-03-28T17:14:54.251+0000] {logging_mixin.py:188} INFO - [2024-03-28T17:14:54.250+0000] {dagbag.py:540} INFO - Filling up the DagBag from /home/airflow/.local/lib/python3.8/site-packages/airflow/example_dags/example_time_delta_sensor_async.py
[2024-03-28T17:14:54.273+0000] {processor.py:840} INFO - DAG(s) 'example_time_delta_sensor_async' retrieved from /home/airflow/.local/lib/python3.8/site-packages/airflow/example_dags/example_time_delta_sensor_async.py
[2024-03-28T17:14:54.422+0000] {logging_mixin.py:188} INFO - [2024-03-28T17:14:54.421+0000] {dag.py:3047} INFO - Sync 1 DAGs
[2024-03-28T17:14:54.490+0000] {logging_mixin.py:188} INFO - [2024-03-28T17:14:54.489+0000] {dag.py:3834} INFO - Setting next_dagrun for example_time_delta_sensor_async to None, run_after=None
[2024-03-28T17:14:54.834+0000] {processor.py:183} INFO - Processing /home/airflow/.local/lib/python3.8/site-packages/airflow/example_dags/example_time_delta_sensor_async.py took 0.614 seconds
[2024-03-28T17:15:33.523+0000] {processor.py:161} INFO - Started process (PID=719) to work on /home/airflow/.local/lib/python3.8/site-packages/airflow/example_dags/example_time_delta_sensor_async.py
[2024-03-28T17:15:33.536+0000] {processor.py:830} INFO - Processing file /home/airflow/.local/lib/python3.8/site-packages/airflow/example_dags/example_time_delta_sensor_async.py for tasks to queue
[2024-03-28T17:15:33.558+0000] {logging_mixin.py:188} INFO - [2024-03-28T17:15:33.558+0000] {dagbag.py:540} INFO - Filling up the DagBag from /home/airflow/.local/lib/python3.8/site-packages/airflow/example_dags/example_time_delta_sensor_async.py
[2024-03-28T17:15:33.613+0000] {processor.py:840} INFO - DAG(s) 'example_time_delta_sensor_async' retrieved from /home/airflow/.local/lib/python3.8/site-packages/airflow/example_dags/example_time_delta_sensor_async.py
[2024-03-28T17:15:33.849+0000] {logging_mixin.py:188} INFO - [2024-03-28T17:15:33.849+0000] {dag.py:3047} INFO - Sync 1 DAGs
[2024-03-28T17:15:33.955+0000] {logging_mixin.py:188} INFO - [2024-03-28T17:15:33.945+0000] {dag.py:3834} INFO - Setting next_dagrun for example_time_delta_sensor_async to None, run_after=None
[2024-03-28T17:15:34.123+0000] {processor.py:183} INFO - Processing /home/airflow/.local/lib/python3.8/site-packages/airflow/example_dags/example_time_delta_sensor_async.py took 0.625 seconds
[2024-03-28T17:16:04.841+0000] {processor.py:161} INFO - Started process (PID=774) to work on /home/airflow/.local/lib/python3.8/site-packages/airflow/example_dags/example_time_delta_sensor_async.py
[2024-03-28T17:16:04.849+0000] {processor.py:830} INFO - Processing file /home/airflow/.local/lib/python3.8/site-packages/airflow/example_dags/example_time_delta_sensor_async.py for tasks to queue
[2024-03-28T17:16:04.858+0000] {logging_mixin.py:188} INFO - [2024-03-28T17:16:04.856+0000] {dagbag.py:540} INFO - Filling up the DagBag from /home/airflow/.local/lib/python3.8/site-packages/airflow/example_dags/example_time_delta_sensor_async.py
[2024-03-28T17:16:04.917+0000] {processor.py:840} INFO - DAG(s) 'example_time_delta_sensor_async' retrieved from /home/airflow/.local/lib/python3.8/site-packages/airflow/example_dags/example_time_delta_sensor_async.py
[2024-03-28T17:16:05.161+0000] {logging_mixin.py:188} INFO - [2024-03-28T17:16:05.160+0000] {dag.py:3047} INFO - Sync 1 DAGs
[2024-03-28T17:16:05.385+0000] {logging_mixin.py:188} INFO - [2024-03-28T17:16:05.384+0000] {dag.py:3834} INFO - Setting next_dagrun for example_time_delta_sensor_async to None, run_after=None
[2024-03-28T17:16:05.831+0000] {processor.py:183} INFO - Processing /home/airflow/.local/lib/python3.8/site-packages/airflow/example_dags/example_time_delta_sensor_async.py took 1.013 seconds
[2024-03-28T17:16:41.139+0000] {processor.py:161} INFO - Started process (PID=829) to work on /home/airflow/.local/lib/python3.8/site-packages/airflow/example_dags/example_time_delta_sensor_async.py
[2024-03-28T17:16:41.157+0000] {processor.py:830} INFO - Processing file /home/airflow/.local/lib/python3.8/site-packages/airflow/example_dags/example_time_delta_sensor_async.py for tasks to queue
[2024-03-28T17:16:41.197+0000] {logging_mixin.py:188} INFO - [2024-03-28T17:16:41.196+0000] {dagbag.py:540} INFO - Filling up the DagBag from /home/airflow/.local/lib/python3.8/site-packages/airflow/example_dags/example_time_delta_sensor_async.py
[2024-03-28T17:16:41.213+0000] {processor.py:840} INFO - DAG(s) 'example_time_delta_sensor_async' retrieved from /home/airflow/.local/lib/python3.8/site-packages/airflow/example_dags/example_time_delta_sensor_async.py
[2024-03-28T17:16:41.289+0000] {logging_mixin.py:188} INFO - [2024-03-28T17:16:41.288+0000] {dag.py:3047} INFO - Sync 1 DAGs
[2024-03-28T17:16:41.327+0000] {logging_mixin.py:188} INFO - [2024-03-28T17:16:41.327+0000] {dag.py:3834} INFO - Setting next_dagrun for example_time_delta_sensor_async to None, run_after=None
[2024-03-28T17:16:41.422+0000] {processor.py:183} INFO - Processing /home/airflow/.local/lib/python3.8/site-packages/airflow/example_dags/example_time_delta_sensor_async.py took 0.322 seconds
[2024-03-28T17:17:18.470+0000] {processor.py:161} INFO - Started process (PID=886) to work on /home/airflow/.local/lib/python3.8/site-packages/airflow/example_dags/example_time_delta_sensor_async.py
[2024-03-28T17:17:18.526+0000] {processor.py:830} INFO - Processing file /home/airflow/.local/lib/python3.8/site-packages/airflow/example_dags/example_time_delta_sensor_async.py for tasks to queue
[2024-03-28T17:17:18.625+0000] {logging_mixin.py:188} INFO - [2024-03-28T17:17:18.596+0000] {dagbag.py:540} INFO - Filling up the DagBag from /home/airflow/.local/lib/python3.8/site-packages/airflow/example_dags/example_time_delta_sensor_async.py
[2024-03-28T17:17:18.676+0000] {processor.py:840} INFO - DAG(s) 'example_time_delta_sensor_async' retrieved from /home/airflow/.local/lib/python3.8/site-packages/airflow/example_dags/example_time_delta_sensor_async.py
[2024-03-28T17:17:19.134+0000] {logging_mixin.py:188} INFO - [2024-03-28T17:17:19.134+0000] {dag.py:3047} INFO - Sync 1 DAGs
[2024-03-28T17:17:19.335+0000] {logging_mixin.py:188} INFO - [2024-03-28T17:17:19.335+0000] {dag.py:3834} INFO - Setting next_dagrun for example_time_delta_sensor_async to None, run_after=None
[2024-03-28T17:17:19.628+0000] {processor.py:183} INFO - Processing /home/airflow/.local/lib/python3.8/site-packages/airflow/example_dags/example_time_delta_sensor_async.py took 1.237 seconds
[2024-03-28T17:18:23.038+0000] {processor.py:161} INFO - Started process (PID=953) to work on /home/airflow/.local/lib/python3.8/site-packages/airflow/example_dags/example_time_delta_sensor_async.py
[2024-03-28T17:18:23.049+0000] {processor.py:830} INFO - Processing file /home/airflow/.local/lib/python3.8/site-packages/airflow/example_dags/example_time_delta_sensor_async.py for tasks to queue
[2024-03-28T17:18:23.082+0000] {logging_mixin.py:188} INFO - [2024-03-28T17:18:23.081+0000] {dagbag.py:540} INFO - Filling up the DagBag from /home/airflow/.local/lib/python3.8/site-packages/airflow/example_dags/example_time_delta_sensor_async.py
[2024-03-28T17:18:23.132+0000] {processor.py:840} INFO - DAG(s) 'example_time_delta_sensor_async' retrieved from /home/airflow/.local/lib/python3.8/site-packages/airflow/example_dags/example_time_delta_sensor_async.py
[2024-03-28T17:18:23.271+0000] {logging_mixin.py:188} INFO - [2024-03-28T17:18:23.270+0000] {dag.py:3047} INFO - Sync 1 DAGs
[2024-03-28T17:18:23.389+0000] {logging_mixin.py:188} INFO - [2024-03-28T17:18:23.389+0000] {dag.py:3834} INFO - Setting next_dagrun for example_time_delta_sensor_async to None, run_after=None
[2024-03-28T17:18:23.600+0000] {processor.py:183} INFO - Processing /home/airflow/.local/lib/python3.8/site-packages/airflow/example_dags/example_time_delta_sensor_async.py took 0.579 seconds
[2024-03-28T17:18:57.141+0000] {processor.py:161} INFO - Started process (PID=1001) to work on /home/airflow/.local/lib/python3.8/site-packages/airflow/example_dags/example_time_delta_sensor_async.py
[2024-03-28T17:18:57.153+0000] {processor.py:830} INFO - Processing file /home/airflow/.local/lib/python3.8/site-packages/airflow/example_dags/example_time_delta_sensor_async.py for tasks to queue
[2024-03-28T17:18:57.161+0000] {logging_mixin.py:188} INFO - [2024-03-28T17:18:57.158+0000] {dagbag.py:540} INFO - Filling up the DagBag from /home/airflow/.local/lib/python3.8/site-packages/airflow/example_dags/example_time_delta_sensor_async.py
[2024-03-28T17:18:57.183+0000] {processor.py:840} INFO - DAG(s) 'example_time_delta_sensor_async' retrieved from /home/airflow/.local/lib/python3.8/site-packages/airflow/example_dags/example_time_delta_sensor_async.py
[2024-03-28T17:18:57.264+0000] {logging_mixin.py:188} INFO - [2024-03-28T17:18:57.262+0000] {dag.py:3047} INFO - Sync 1 DAGs
[2024-03-28T17:18:57.317+0000] {logging_mixin.py:188} INFO - [2024-03-28T17:18:57.316+0000] {dag.py:3834} INFO - Setting next_dagrun for example_time_delta_sensor_async to None, run_after=None
[2024-03-28T17:18:57.402+0000] {processor.py:183} INFO - Processing /home/airflow/.local/lib/python3.8/site-packages/airflow/example_dags/example_time_delta_sensor_async.py took 0.291 seconds
[2024-03-28T17:19:29.323+0000] {processor.py:161} INFO - Started process (PID=1056) to work on /home/airflow/.local/lib/python3.8/site-packages/airflow/example_dags/example_time_delta_sensor_async.py
[2024-03-28T17:19:29.328+0000] {processor.py:830} INFO - Processing file /home/airflow/.local/lib/python3.8/site-packages/airflow/example_dags/example_time_delta_sensor_async.py for tasks to queue
[2024-03-28T17:19:29.345+0000] {logging_mixin.py:188} INFO - [2024-03-28T17:19:29.343+0000] {dagbag.py:540} INFO - Filling up the DagBag from /home/airflow/.local/lib/python3.8/site-packages/airflow/example_dags/example_time_delta_sensor_async.py
[2024-03-28T17:19:29.362+0000] {processor.py:840} INFO - DAG(s) 'example_time_delta_sensor_async' retrieved from /home/airflow/.local/lib/python3.8/site-packages/airflow/example_dags/example_time_delta_sensor_async.py
[2024-03-28T17:19:29.457+0000] {logging_mixin.py:188} INFO - [2024-03-28T17:19:29.455+0000] {dag.py:3047} INFO - Sync 1 DAGs
[2024-03-28T17:19:29.555+0000] {logging_mixin.py:188} INFO - [2024-03-28T17:19:29.555+0000] {dag.py:3834} INFO - Setting next_dagrun for example_time_delta_sensor_async to None, run_after=None
[2024-03-28T17:19:29.609+0000] {processor.py:183} INFO - Processing /home/airflow/.local/lib/python3.8/site-packages/airflow/example_dags/example_time_delta_sensor_async.py took 0.294 seconds
[2024-03-28T17:20:06.373+0000] {processor.py:161} INFO - Started process (PID=1117) to work on /home/airflow/.local/lib/python3.8/site-packages/airflow/example_dags/example_time_delta_sensor_async.py
[2024-03-28T17:20:06.378+0000] {processor.py:830} INFO - Processing file /home/airflow/.local/lib/python3.8/site-packages/airflow/example_dags/example_time_delta_sensor_async.py for tasks to queue
[2024-03-28T17:20:06.391+0000] {logging_mixin.py:188} INFO - [2024-03-28T17:20:06.388+0000] {dagbag.py:540} INFO - Filling up the DagBag from /home/airflow/.local/lib/python3.8/site-packages/airflow/example_dags/example_time_delta_sensor_async.py
[2024-03-28T17:20:06.417+0000] {processor.py:840} INFO - DAG(s) 'example_time_delta_sensor_async' retrieved from /home/airflow/.local/lib/python3.8/site-packages/airflow/example_dags/example_time_delta_sensor_async.py
[2024-03-28T17:20:06.506+0000] {logging_mixin.py:188} INFO - [2024-03-28T17:20:06.505+0000] {dag.py:3047} INFO - Sync 1 DAGs
[2024-03-28T17:20:06.548+0000] {logging_mixin.py:188} INFO - [2024-03-28T17:20:06.547+0000] {dag.py:3834} INFO - Setting next_dagrun for example_time_delta_sensor_async to None, run_after=None
[2024-03-28T17:20:06.608+0000] {processor.py:183} INFO - Processing /home/airflow/.local/lib/python3.8/site-packages/airflow/example_dags/example_time_delta_sensor_async.py took 0.252 seconds
[2024-03-28T17:20:40.753+0000] {processor.py:161} INFO - Started process (PID=1172) to work on /home/airflow/.local/lib/python3.8/site-packages/airflow/example_dags/example_time_delta_sensor_async.py
[2024-03-28T17:20:40.765+0000] {processor.py:830} INFO - Processing file /home/airflow/.local/lib/python3.8/site-packages/airflow/example_dags/example_time_delta_sensor_async.py for tasks to queue
[2024-03-28T17:20:40.808+0000] {logging_mixin.py:188} INFO - [2024-03-28T17:20:40.799+0000] {dagbag.py:540} INFO - Filling up the DagBag from /home/airflow/.local/lib/python3.8/site-packages/airflow/example_dags/example_time_delta_sensor_async.py
[2024-03-28T17:20:40.869+0000] {processor.py:840} INFO - DAG(s) 'example_time_delta_sensor_async' retrieved from /home/airflow/.local/lib/python3.8/site-packages/airflow/example_dags/example_time_delta_sensor_async.py
[2024-03-28T17:20:41.160+0000] {logging_mixin.py:188} INFO - [2024-03-28T17:20:41.159+0000] {dag.py:3047} INFO - Sync 1 DAGs
[2024-03-28T17:20:41.433+0000] {logging_mixin.py:188} INFO - [2024-03-28T17:20:41.423+0000] {dag.py:3834} INFO - Setting next_dagrun for example_time_delta_sensor_async to None, run_after=None
[2024-03-28T17:20:41.567+0000] {processor.py:183} INFO - Processing /home/airflow/.local/lib/python3.8/site-packages/airflow/example_dags/example_time_delta_sensor_async.py took 0.878 seconds
[2024-03-28T17:21:12.438+0000] {processor.py:161} INFO - Started process (PID=1227) to work on /home/airflow/.local/lib/python3.8/site-packages/airflow/example_dags/example_time_delta_sensor_async.py
[2024-03-28T17:21:12.451+0000] {processor.py:830} INFO - Processing file /home/airflow/.local/lib/python3.8/site-packages/airflow/example_dags/example_time_delta_sensor_async.py for tasks to queue
[2024-03-28T17:21:12.465+0000] {logging_mixin.py:188} INFO - [2024-03-28T17:21:12.463+0000] {dagbag.py:540} INFO - Filling up the DagBag from /home/airflow/.local/lib/python3.8/site-packages/airflow/example_dags/example_time_delta_sensor_async.py
[2024-03-28T17:21:12.513+0000] {processor.py:840} INFO - DAG(s) 'example_time_delta_sensor_async' retrieved from /home/airflow/.local/lib/python3.8/site-packages/airflow/example_dags/example_time_delta_sensor_async.py
[2024-03-28T17:21:12.691+0000] {logging_mixin.py:188} INFO - [2024-03-28T17:21:12.691+0000] {dag.py:3047} INFO - Sync 1 DAGs
[2024-03-28T17:21:12.842+0000] {logging_mixin.py:188} INFO - [2024-03-28T17:21:12.841+0000] {dag.py:3834} INFO - Setting next_dagrun for example_time_delta_sensor_async to None, run_after=None
[2024-03-28T17:21:13.106+0000] {processor.py:183} INFO - Processing /home/airflow/.local/lib/python3.8/site-packages/airflow/example_dags/example_time_delta_sensor_async.py took 0.707 seconds
[2024-03-28T17:21:43.318+0000] {processor.py:161} INFO - Started process (PID=1281) to work on /home/airflow/.local/lib/python3.8/site-packages/airflow/example_dags/example_time_delta_sensor_async.py
[2024-03-28T17:21:43.322+0000] {processor.py:830} INFO - Processing file /home/airflow/.local/lib/python3.8/site-packages/airflow/example_dags/example_time_delta_sensor_async.py for tasks to queue
[2024-03-28T17:21:43.329+0000] {logging_mixin.py:188} INFO - [2024-03-28T17:21:43.328+0000] {dagbag.py:540} INFO - Filling up the DagBag from /home/airflow/.local/lib/python3.8/site-packages/airflow/example_dags/example_time_delta_sensor_async.py
[2024-03-28T17:21:43.346+0000] {processor.py:840} INFO - DAG(s) 'example_time_delta_sensor_async' retrieved from /home/airflow/.local/lib/python3.8/site-packages/airflow/example_dags/example_time_delta_sensor_async.py
[2024-03-28T17:21:43.394+0000] {logging_mixin.py:188} INFO - [2024-03-28T17:21:43.393+0000] {dag.py:3047} INFO - Sync 1 DAGs
[2024-03-28T17:21:43.431+0000] {logging_mixin.py:188} INFO - [2024-03-28T17:21:43.431+0000] {dag.py:3834} INFO - Setting next_dagrun for example_time_delta_sensor_async to None, run_after=None
[2024-03-28T17:21:43.491+0000] {processor.py:183} INFO - Processing /home/airflow/.local/lib/python3.8/site-packages/airflow/example_dags/example_time_delta_sensor_async.py took 0.186 seconds
[2024-03-28T17:22:13.879+0000] {processor.py:161} INFO - Started process (PID=1337) to work on /home/airflow/.local/lib/python3.8/site-packages/airflow/example_dags/example_time_delta_sensor_async.py
[2024-03-28T17:22:13.887+0000] {processor.py:830} INFO - Processing file /home/airflow/.local/lib/python3.8/site-packages/airflow/example_dags/example_time_delta_sensor_async.py for tasks to queue
[2024-03-28T17:22:13.894+0000] {logging_mixin.py:188} INFO - [2024-03-28T17:22:13.893+0000] {dagbag.py:540} INFO - Filling up the DagBag from /home/airflow/.local/lib/python3.8/site-packages/airflow/example_dags/example_time_delta_sensor_async.py
[2024-03-28T17:22:13.919+0000] {processor.py:840} INFO - DAG(s) 'example_time_delta_sensor_async' retrieved from /home/airflow/.local/lib/python3.8/site-packages/airflow/example_dags/example_time_delta_sensor_async.py
[2024-03-28T17:22:13.988+0000] {logging_mixin.py:188} INFO - [2024-03-28T17:22:13.988+0000] {dag.py:3047} INFO - Sync 1 DAGs
[2024-03-28T17:22:14.030+0000] {logging_mixin.py:188} INFO - [2024-03-28T17:22:14.030+0000] {dag.py:3834} INFO - Setting next_dagrun for example_time_delta_sensor_async to None, run_after=None
[2024-03-28T17:22:14.111+0000] {processor.py:183} INFO - Processing /home/airflow/.local/lib/python3.8/site-packages/airflow/example_dags/example_time_delta_sensor_async.py took 0.243 seconds
[2024-03-28T17:23:02.793+0000] {processor.py:161} INFO - Started process (PID=1402) to work on /home/airflow/.local/lib/python3.8/site-packages/airflow/example_dags/example_time_delta_sensor_async.py
[2024-03-28T17:23:02.798+0000] {processor.py:830} INFO - Processing file /home/airflow/.local/lib/python3.8/site-packages/airflow/example_dags/example_time_delta_sensor_async.py for tasks to queue
[2024-03-28T17:23:02.810+0000] {logging_mixin.py:188} INFO - [2024-03-28T17:23:02.806+0000] {dagbag.py:540} INFO - Filling up the DagBag from /home/airflow/.local/lib/python3.8/site-packages/airflow/example_dags/example_time_delta_sensor_async.py
[2024-03-28T17:23:02.841+0000] {processor.py:840} INFO - DAG(s) 'example_time_delta_sensor_async' retrieved from /home/airflow/.local/lib/python3.8/site-packages/airflow/example_dags/example_time_delta_sensor_async.py
[2024-03-28T17:23:02.907+0000] {logging_mixin.py:188} INFO - [2024-03-28T17:23:02.907+0000] {dag.py:3047} INFO - Sync 1 DAGs
[2024-03-28T17:23:02.948+0000] {logging_mixin.py:188} INFO - [2024-03-28T17:23:02.948+0000] {dag.py:3834} INFO - Setting next_dagrun for example_time_delta_sensor_async to None, run_after=None
[2024-03-28T17:23:03.015+0000] {processor.py:183} INFO - Processing /home/airflow/.local/lib/python3.8/site-packages/airflow/example_dags/example_time_delta_sensor_async.py took 0.235 seconds
[2024-03-28T17:23:34.010+0000] {processor.py:161} INFO - Started process (PID=1457) to work on /home/airflow/.local/lib/python3.8/site-packages/airflow/example_dags/example_time_delta_sensor_async.py
[2024-03-28T17:23:34.015+0000] {processor.py:830} INFO - Processing file /home/airflow/.local/lib/python3.8/site-packages/airflow/example_dags/example_time_delta_sensor_async.py for tasks to queue
[2024-03-28T17:23:34.022+0000] {logging_mixin.py:188} INFO - [2024-03-28T17:23:34.021+0000] {dagbag.py:540} INFO - Filling up the DagBag from /home/airflow/.local/lib/python3.8/site-packages/airflow/example_dags/example_time_delta_sensor_async.py
[2024-03-28T17:23:34.041+0000] {processor.py:840} INFO - DAG(s) 'example_time_delta_sensor_async' retrieved from /home/airflow/.local/lib/python3.8/site-packages/airflow/example_dags/example_time_delta_sensor_async.py
[2024-03-28T17:23:34.119+0000] {logging_mixin.py:188} INFO - [2024-03-28T17:23:34.115+0000] {dag.py:3047} INFO - Sync 1 DAGs
[2024-03-28T17:23:34.172+0000] {logging_mixin.py:188} INFO - [2024-03-28T17:23:34.171+0000] {dag.py:3834} INFO - Setting next_dagrun for example_time_delta_sensor_async to None, run_after=None
[2024-03-28T17:23:34.256+0000] {processor.py:183} INFO - Processing /home/airflow/.local/lib/python3.8/site-packages/airflow/example_dags/example_time_delta_sensor_async.py took 0.259 seconds
[2024-03-28T17:24:11.538+0000] {processor.py:161} INFO - Started process (PID=1521) to work on /home/airflow/.local/lib/python3.8/site-packages/airflow/example_dags/example_time_delta_sensor_async.py
[2024-03-28T17:24:11.552+0000] {processor.py:830} INFO - Processing file /home/airflow/.local/lib/python3.8/site-packages/airflow/example_dags/example_time_delta_sensor_async.py for tasks to queue
[2024-03-28T17:24:11.559+0000] {logging_mixin.py:188} INFO - [2024-03-28T17:24:11.557+0000] {dagbag.py:540} INFO - Filling up the DagBag from /home/airflow/.local/lib/python3.8/site-packages/airflow/example_dags/example_time_delta_sensor_async.py
[2024-03-28T17:24:11.605+0000] {processor.py:840} INFO - DAG(s) 'example_time_delta_sensor_async' retrieved from /home/airflow/.local/lib/python3.8/site-packages/airflow/example_dags/example_time_delta_sensor_async.py
[2024-03-28T17:24:11.698+0000] {logging_mixin.py:188} INFO - [2024-03-28T17:24:11.697+0000] {dag.py:3047} INFO - Sync 1 DAGs
[2024-03-28T17:24:11.759+0000] {logging_mixin.py:188} INFO - [2024-03-28T17:24:11.758+0000] {dag.py:3834} INFO - Setting next_dagrun for example_time_delta_sensor_async to None, run_after=None
[2024-03-28T17:24:11.826+0000] {processor.py:183} INFO - Processing /home/airflow/.local/lib/python3.8/site-packages/airflow/example_dags/example_time_delta_sensor_async.py took 0.300 seconds
[2024-03-28T17:24:48.276+0000] {processor.py:161} INFO - Started process (PID=1574) to work on /home/airflow/.local/lib/python3.8/site-packages/airflow/example_dags/example_time_delta_sensor_async.py
[2024-03-28T17:24:48.296+0000] {processor.py:830} INFO - Processing file /home/airflow/.local/lib/python3.8/site-packages/airflow/example_dags/example_time_delta_sensor_async.py for tasks to queue
[2024-03-28T17:24:48.315+0000] {logging_mixin.py:188} INFO - [2024-03-28T17:24:48.310+0000] {dagbag.py:540} INFO - Filling up the DagBag from /home/airflow/.local/lib/python3.8/site-packages/airflow/example_dags/example_time_delta_sensor_async.py
[2024-03-28T17:24:48.436+0000] {processor.py:840} INFO - DAG(s) 'example_time_delta_sensor_async' retrieved from /home/airflow/.local/lib/python3.8/site-packages/airflow/example_dags/example_time_delta_sensor_async.py
[2024-03-28T17:24:48.613+0000] {logging_mixin.py:188} INFO - [2024-03-28T17:24:48.611+0000] {dag.py:3047} INFO - Sync 1 DAGs
[2024-03-28T17:24:48.724+0000] {logging_mixin.py:188} INFO - [2024-03-28T17:24:48.713+0000] {dag.py:3834} INFO - Setting next_dagrun for example_time_delta_sensor_async to None, run_after=None
[2024-03-28T17:24:48.879+0000] {processor.py:183} INFO - Processing /home/airflow/.local/lib/python3.8/site-packages/airflow/example_dags/example_time_delta_sensor_async.py took 0.620 seconds
[2024-03-28T17:25:23.356+0000] {processor.py:161} INFO - Started process (PID=1629) to work on /home/airflow/.local/lib/python3.8/site-packages/airflow/example_dags/example_time_delta_sensor_async.py
[2024-03-28T17:25:23.372+0000] {processor.py:830} INFO - Processing file /home/airflow/.local/lib/python3.8/site-packages/airflow/example_dags/example_time_delta_sensor_async.py for tasks to queue
[2024-03-28T17:25:23.404+0000] {logging_mixin.py:188} INFO - [2024-03-28T17:25:23.397+0000] {dagbag.py:540} INFO - Filling up the DagBag from /home/airflow/.local/lib/python3.8/site-packages/airflow/example_dags/example_time_delta_sensor_async.py
[2024-03-28T17:25:23.523+0000] {processor.py:840} INFO - DAG(s) 'example_time_delta_sensor_async' retrieved from /home/airflow/.local/lib/python3.8/site-packages/airflow/example_dags/example_time_delta_sensor_async.py
[2024-03-28T17:25:23.717+0000] {logging_mixin.py:188} INFO - [2024-03-28T17:25:23.713+0000] {dag.py:3047} INFO - Sync 1 DAGs
[2024-03-28T17:25:23.923+0000] {logging_mixin.py:188} INFO - [2024-03-28T17:25:23.922+0000] {dag.py:3834} INFO - Setting next_dagrun for example_time_delta_sensor_async to None, run_after=None
[2024-03-28T17:25:24.260+0000] {processor.py:183} INFO - Processing /home/airflow/.local/lib/python3.8/site-packages/airflow/example_dags/example_time_delta_sensor_async.py took 0.952 seconds
[2024-03-28T17:25:54.751+0000] {processor.py:161} INFO - Started process (PID=1684) to work on /home/airflow/.local/lib/python3.8/site-packages/airflow/example_dags/example_time_delta_sensor_async.py
[2024-03-28T17:25:54.758+0000] {processor.py:830} INFO - Processing file /home/airflow/.local/lib/python3.8/site-packages/airflow/example_dags/example_time_delta_sensor_async.py for tasks to queue
[2024-03-28T17:25:54.780+0000] {logging_mixin.py:188} INFO - [2024-03-28T17:25:54.774+0000] {dagbag.py:540} INFO - Filling up the DagBag from /home/airflow/.local/lib/python3.8/site-packages/airflow/example_dags/example_time_delta_sensor_async.py
[2024-03-28T17:25:54.839+0000] {processor.py:840} INFO - DAG(s) 'example_time_delta_sensor_async' retrieved from /home/airflow/.local/lib/python3.8/site-packages/airflow/example_dags/example_time_delta_sensor_async.py
[2024-03-28T17:25:55.060+0000] {logging_mixin.py:188} INFO - [2024-03-28T17:25:55.060+0000] {dag.py:3047} INFO - Sync 1 DAGs
[2024-03-28T17:25:55.206+0000] {logging_mixin.py:188} INFO - [2024-03-28T17:25:55.205+0000] {dag.py:3834} INFO - Setting next_dagrun for example_time_delta_sensor_async to None, run_after=None
[2024-03-28T17:25:55.412+0000] {processor.py:183} INFO - Processing /home/airflow/.local/lib/python3.8/site-packages/airflow/example_dags/example_time_delta_sensor_async.py took 0.718 seconds
[2024-03-28T17:26:25.550+0000] {processor.py:161} INFO - Started process (PID=1738) to work on /home/airflow/.local/lib/python3.8/site-packages/airflow/example_dags/example_time_delta_sensor_async.py
[2024-03-28T17:26:25.555+0000] {processor.py:830} INFO - Processing file /home/airflow/.local/lib/python3.8/site-packages/airflow/example_dags/example_time_delta_sensor_async.py for tasks to queue
[2024-03-28T17:26:25.566+0000] {logging_mixin.py:188} INFO - [2024-03-28T17:26:25.564+0000] {dagbag.py:540} INFO - Filling up the DagBag from /home/airflow/.local/lib/python3.8/site-packages/airflow/example_dags/example_time_delta_sensor_async.py
[2024-03-28T17:26:25.580+0000] {processor.py:840} INFO - DAG(s) 'example_time_delta_sensor_async' retrieved from /home/airflow/.local/lib/python3.8/site-packages/airflow/example_dags/example_time_delta_sensor_async.py
[2024-03-28T17:26:25.639+0000] {logging_mixin.py:188} INFO - [2024-03-28T17:26:25.639+0000] {dag.py:3047} INFO - Sync 1 DAGs
[2024-03-28T17:26:25.674+0000] {logging_mixin.py:188} INFO - [2024-03-28T17:26:25.673+0000] {dag.py:3834} INFO - Setting next_dagrun for example_time_delta_sensor_async to None, run_after=None
[2024-03-28T17:26:25.763+0000] {processor.py:183} INFO - Processing /home/airflow/.local/lib/python3.8/site-packages/airflow/example_dags/example_time_delta_sensor_async.py took 0.226 seconds
[2024-03-28T17:26:55.940+0000] {processor.py:161} INFO - Started process (PID=1792) to work on /home/airflow/.local/lib/python3.8/site-packages/airflow/example_dags/example_time_delta_sensor_async.py
[2024-03-28T17:26:55.959+0000] {processor.py:830} INFO - Processing file /home/airflow/.local/lib/python3.8/site-packages/airflow/example_dags/example_time_delta_sensor_async.py for tasks to queue
[2024-03-28T17:26:55.995+0000] {logging_mixin.py:188} INFO - [2024-03-28T17:26:55.993+0000] {dagbag.py:540} INFO - Filling up the DagBag from /home/airflow/.local/lib/python3.8/site-packages/airflow/example_dags/example_time_delta_sensor_async.py
[2024-03-28T17:26:56.038+0000] {processor.py:840} INFO - DAG(s) 'example_time_delta_sensor_async' retrieved from /home/airflow/.local/lib/python3.8/site-packages/airflow/example_dags/example_time_delta_sensor_async.py
[2024-03-28T17:26:56.160+0000] {logging_mixin.py:188} INFO - [2024-03-28T17:26:56.159+0000] {dag.py:3047} INFO - Sync 1 DAGs
[2024-03-28T17:26:56.211+0000] {logging_mixin.py:188} INFO - [2024-03-28T17:26:56.210+0000] {dag.py:3834} INFO - Setting next_dagrun for example_time_delta_sensor_async to None, run_after=None
[2024-03-28T17:26:56.282+0000] {processor.py:183} INFO - Processing /home/airflow/.local/lib/python3.8/site-packages/airflow/example_dags/example_time_delta_sensor_async.py took 0.390 seconds
[2024-03-28T17:27:35.210+0000] {processor.py:161} INFO - Started process (PID=1849) to work on /home/airflow/.local/lib/python3.8/site-packages/airflow/example_dags/example_time_delta_sensor_async.py
[2024-03-28T17:27:35.215+0000] {processor.py:830} INFO - Processing file /home/airflow/.local/lib/python3.8/site-packages/airflow/example_dags/example_time_delta_sensor_async.py for tasks to queue
[2024-03-28T17:27:35.222+0000] {logging_mixin.py:188} INFO - [2024-03-28T17:27:35.220+0000] {dagbag.py:540} INFO - Filling up the DagBag from /home/airflow/.local/lib/python3.8/site-packages/airflow/example_dags/example_time_delta_sensor_async.py
[2024-03-28T17:27:35.242+0000] {processor.py:840} INFO - DAG(s) 'example_time_delta_sensor_async' retrieved from /home/airflow/.local/lib/python3.8/site-packages/airflow/example_dags/example_time_delta_sensor_async.py
[2024-03-28T17:27:35.308+0000] {logging_mixin.py:188} INFO - [2024-03-28T17:27:35.307+0000] {dag.py:3047} INFO - Sync 1 DAGs
[2024-03-28T17:27:35.356+0000] {logging_mixin.py:188} INFO - [2024-03-28T17:27:35.355+0000] {dag.py:3834} INFO - Setting next_dagrun for example_time_delta_sensor_async to None, run_after=None
[2024-03-28T17:27:35.412+0000] {processor.py:183} INFO - Processing /home/airflow/.local/lib/python3.8/site-packages/airflow/example_dags/example_time_delta_sensor_async.py took 0.210 seconds
[2024-03-28T17:28:06.726+0000] {processor.py:161} INFO - Started process (PID=1902) to work on /home/airflow/.local/lib/python3.8/site-packages/airflow/example_dags/example_time_delta_sensor_async.py
[2024-03-28T17:28:06.746+0000] {processor.py:830} INFO - Processing file /home/airflow/.local/lib/python3.8/site-packages/airflow/example_dags/example_time_delta_sensor_async.py for tasks to queue
[2024-03-28T17:28:06.756+0000] {logging_mixin.py:188} INFO - [2024-03-28T17:28:06.755+0000] {dagbag.py:540} INFO - Filling up the DagBag from /home/airflow/.local/lib/python3.8/site-packages/airflow/example_dags/example_time_delta_sensor_async.py
[2024-03-28T17:28:06.774+0000] {processor.py:840} INFO - DAG(s) 'example_time_delta_sensor_async' retrieved from /home/airflow/.local/lib/python3.8/site-packages/airflow/example_dags/example_time_delta_sensor_async.py
[2024-03-28T17:28:06.845+0000] {logging_mixin.py:188} INFO - [2024-03-28T17:28:06.845+0000] {dag.py:3047} INFO - Sync 1 DAGs
[2024-03-28T17:28:06.906+0000] {logging_mixin.py:188} INFO - [2024-03-28T17:28:06.905+0000] {dag.py:3834} INFO - Setting next_dagrun for example_time_delta_sensor_async to None, run_after=None
[2024-03-28T17:28:07.009+0000] {processor.py:183} INFO - Processing /home/airflow/.local/lib/python3.8/site-packages/airflow/example_dags/example_time_delta_sensor_async.py took 0.308 seconds
[2024-03-28T17:28:43.275+0000] {processor.py:161} INFO - Started process (PID=1960) to work on /home/airflow/.local/lib/python3.8/site-packages/airflow/example_dags/example_time_delta_sensor_async.py
[2024-03-28T17:28:43.327+0000] {processor.py:830} INFO - Processing file /home/airflow/.local/lib/python3.8/site-packages/airflow/example_dags/example_time_delta_sensor_async.py for tasks to queue
[2024-03-28T17:28:43.389+0000] {logging_mixin.py:188} INFO - [2024-03-28T17:28:43.385+0000] {dagbag.py:540} INFO - Filling up the DagBag from /home/airflow/.local/lib/python3.8/site-packages/airflow/example_dags/example_time_delta_sensor_async.py
[2024-03-28T17:28:43.518+0000] {processor.py:840} INFO - DAG(s) 'example_time_delta_sensor_async' retrieved from /home/airflow/.local/lib/python3.8/site-packages/airflow/example_dags/example_time_delta_sensor_async.py
[2024-03-28T17:28:43.601+0000] {logging_mixin.py:188} INFO - [2024-03-28T17:28:43.600+0000] {dag.py:3047} INFO - Sync 1 DAGs
[2024-03-28T17:28:43.666+0000] {logging_mixin.py:188} INFO - [2024-03-28T17:28:43.665+0000] {dag.py:3834} INFO - Setting next_dagrun for example_time_delta_sensor_async to None, run_after=None
[2024-03-28T17:28:44.076+0000] {processor.py:183} INFO - Processing /home/airflow/.local/lib/python3.8/site-packages/airflow/example_dags/example_time_delta_sensor_async.py took 0.848 seconds
[2024-03-28T17:29:14.653+0000] {processor.py:161} INFO - Started process (PID=2015) to work on /home/airflow/.local/lib/python3.8/site-packages/airflow/example_dags/example_time_delta_sensor_async.py
[2024-03-28T17:29:14.665+0000] {processor.py:830} INFO - Processing file /home/airflow/.local/lib/python3.8/site-packages/airflow/example_dags/example_time_delta_sensor_async.py for tasks to queue
[2024-03-28T17:29:14.679+0000] {logging_mixin.py:188} INFO - [2024-03-28T17:29:14.678+0000] {dagbag.py:540} INFO - Filling up the DagBag from /home/airflow/.local/lib/python3.8/site-packages/airflow/example_dags/example_time_delta_sensor_async.py
[2024-03-28T17:29:14.754+0000] {processor.py:840} INFO - DAG(s) 'example_time_delta_sensor_async' retrieved from /home/airflow/.local/lib/python3.8/site-packages/airflow/example_dags/example_time_delta_sensor_async.py
[2024-03-28T17:29:15.438+0000] {logging_mixin.py:188} INFO - [2024-03-28T17:29:15.437+0000] {dag.py:3047} INFO - Sync 1 DAGs
[2024-03-28T17:29:15.708+0000] {logging_mixin.py:188} INFO - [2024-03-28T17:29:15.708+0000] {dag.py:3834} INFO - Setting next_dagrun for example_time_delta_sensor_async to None, run_after=None
[2024-03-28T17:29:15.881+0000] {processor.py:183} INFO - Processing /home/airflow/.local/lib/python3.8/site-packages/airflow/example_dags/example_time_delta_sensor_async.py took 1.247 seconds
[2024-03-28T17:29:46.450+0000] {processor.py:161} INFO - Started process (PID=2070) to work on /home/airflow/.local/lib/python3.8/site-packages/airflow/example_dags/example_time_delta_sensor_async.py
[2024-03-28T17:29:46.522+0000] {processor.py:830} INFO - Processing file /home/airflow/.local/lib/python3.8/site-packages/airflow/example_dags/example_time_delta_sensor_async.py for tasks to queue
[2024-03-28T17:29:46.528+0000] {logging_mixin.py:188} INFO - [2024-03-28T17:29:46.527+0000] {dagbag.py:540} INFO - Filling up the DagBag from /home/airflow/.local/lib/python3.8/site-packages/airflow/example_dags/example_time_delta_sensor_async.py
[2024-03-28T17:29:46.546+0000] {processor.py:840} INFO - DAG(s) 'example_time_delta_sensor_async' retrieved from /home/airflow/.local/lib/python3.8/site-packages/airflow/example_dags/example_time_delta_sensor_async.py
[2024-03-28T17:29:46.603+0000] {logging_mixin.py:188} INFO - [2024-03-28T17:29:46.603+0000] {dag.py:3047} INFO - Sync 1 DAGs
[2024-03-28T17:29:46.657+0000] {logging_mixin.py:188} INFO - [2024-03-28T17:29:46.657+0000] {dag.py:3834} INFO - Setting next_dagrun for example_time_delta_sensor_async to None, run_after=None
[2024-03-28T17:29:46.712+0000] {processor.py:183} INFO - Processing /home/airflow/.local/lib/python3.8/site-packages/airflow/example_dags/example_time_delta_sensor_async.py took 0.275 seconds
[2024-03-28T17:30:17.169+0000] {processor.py:161} INFO - Started process (PID=2125) to work on /home/airflow/.local/lib/python3.8/site-packages/airflow/example_dags/example_time_delta_sensor_async.py
[2024-03-28T17:30:17.174+0000] {processor.py:830} INFO - Processing file /home/airflow/.local/lib/python3.8/site-packages/airflow/example_dags/example_time_delta_sensor_async.py for tasks to queue
[2024-03-28T17:30:17.187+0000] {logging_mixin.py:188} INFO - [2024-03-28T17:30:17.185+0000] {dagbag.py:540} INFO - Filling up the DagBag from /home/airflow/.local/lib/python3.8/site-packages/airflow/example_dags/example_time_delta_sensor_async.py
[2024-03-28T17:30:17.208+0000] {processor.py:840} INFO - DAG(s) 'example_time_delta_sensor_async' retrieved from /home/airflow/.local/lib/python3.8/site-packages/airflow/example_dags/example_time_delta_sensor_async.py
[2024-03-28T17:30:17.311+0000] {logging_mixin.py:188} INFO - [2024-03-28T17:30:17.310+0000] {dag.py:3047} INFO - Sync 1 DAGs
[2024-03-28T17:30:17.378+0000] {logging_mixin.py:188} INFO - [2024-03-28T17:30:17.377+0000] {dag.py:3834} INFO - Setting next_dagrun for example_time_delta_sensor_async to None, run_after=None
[2024-03-28T17:30:17.448+0000] {processor.py:183} INFO - Processing /home/airflow/.local/lib/python3.8/site-packages/airflow/example_dags/example_time_delta_sensor_async.py took 0.294 seconds
[2024-03-28T17:30:57.544+0000] {processor.py:161} INFO - Started process (PID=2177) to work on /home/airflow/.local/lib/python3.8/site-packages/airflow/example_dags/example_time_delta_sensor_async.py
[2024-03-28T17:30:57.551+0000] {processor.py:830} INFO - Processing file /home/airflow/.local/lib/python3.8/site-packages/airflow/example_dags/example_time_delta_sensor_async.py for tasks to queue
[2024-03-28T17:30:57.566+0000] {logging_mixin.py:188} INFO - [2024-03-28T17:30:57.565+0000] {dagbag.py:540} INFO - Filling up the DagBag from /home/airflow/.local/lib/python3.8/site-packages/airflow/example_dags/example_time_delta_sensor_async.py
[2024-03-28T17:30:57.604+0000] {processor.py:840} INFO - DAG(s) 'example_time_delta_sensor_async' retrieved from /home/airflow/.local/lib/python3.8/site-packages/airflow/example_dags/example_time_delta_sensor_async.py
[2024-03-28T17:30:57.678+0000] {logging_mixin.py:188} INFO - [2024-03-28T17:30:57.677+0000] {dag.py:3047} INFO - Sync 1 DAGs
[2024-03-28T17:30:57.715+0000] {logging_mixin.py:188} INFO - [2024-03-28T17:30:57.714+0000] {dag.py:3834} INFO - Setting next_dagrun for example_time_delta_sensor_async to None, run_after=None
[2024-03-28T17:30:57.790+0000] {processor.py:183} INFO - Processing /home/airflow/.local/lib/python3.8/site-packages/airflow/example_dags/example_time_delta_sensor_async.py took 0.257 seconds
[2024-03-28T17:31:30.580+0000] {processor.py:161} INFO - Started process (PID=2231) to work on /home/airflow/.local/lib/python3.8/site-packages/airflow/example_dags/example_time_delta_sensor_async.py
[2024-03-28T17:31:30.588+0000] {processor.py:830} INFO - Processing file /home/airflow/.local/lib/python3.8/site-packages/airflow/example_dags/example_time_delta_sensor_async.py for tasks to queue
[2024-03-28T17:31:30.600+0000] {logging_mixin.py:188} INFO - [2024-03-28T17:31:30.599+0000] {dagbag.py:540} INFO - Filling up the DagBag from /home/airflow/.local/lib/python3.8/site-packages/airflow/example_dags/example_time_delta_sensor_async.py
[2024-03-28T17:31:30.663+0000] {processor.py:840} INFO - DAG(s) 'example_time_delta_sensor_async' retrieved from /home/airflow/.local/lib/python3.8/site-packages/airflow/example_dags/example_time_delta_sensor_async.py
[2024-03-28T17:31:30.780+0000] {logging_mixin.py:188} INFO - [2024-03-28T17:31:30.779+0000] {dag.py:3047} INFO - Sync 1 DAGs
[2024-03-28T17:31:30.851+0000] {logging_mixin.py:188} INFO - [2024-03-28T17:31:30.850+0000] {dag.py:3834} INFO - Setting next_dagrun for example_time_delta_sensor_async to None, run_after=None
[2024-03-28T17:31:30.928+0000] {processor.py:183} INFO - Processing /home/airflow/.local/lib/python3.8/site-packages/airflow/example_dags/example_time_delta_sensor_async.py took 0.363 seconds
[2024-03-28T17:32:09.856+0000] {processor.py:161} INFO - Started process (PID=2286) to work on /home/airflow/.local/lib/python3.8/site-packages/airflow/example_dags/example_time_delta_sensor_async.py
[2024-03-28T17:32:09.869+0000] {processor.py:830} INFO - Processing file /home/airflow/.local/lib/python3.8/site-packages/airflow/example_dags/example_time_delta_sensor_async.py for tasks to queue
[2024-03-28T17:32:09.904+0000] {logging_mixin.py:188} INFO - [2024-03-28T17:32:09.903+0000] {dagbag.py:540} INFO - Filling up the DagBag from /home/airflow/.local/lib/python3.8/site-packages/airflow/example_dags/example_time_delta_sensor_async.py
[2024-03-28T17:32:09.980+0000] {processor.py:840} INFO - DAG(s) 'example_time_delta_sensor_async' retrieved from /home/airflow/.local/lib/python3.8/site-packages/airflow/example_dags/example_time_delta_sensor_async.py
[2024-03-28T17:32:10.207+0000] {logging_mixin.py:188} INFO - [2024-03-28T17:32:10.205+0000] {dag.py:3047} INFO - Sync 1 DAGs
[2024-03-28T17:32:10.317+0000] {logging_mixin.py:188} INFO - [2024-03-28T17:32:10.316+0000] {dag.py:3834} INFO - Setting next_dagrun for example_time_delta_sensor_async to None, run_after=None
[2024-03-28T17:32:10.392+0000] {processor.py:183} INFO - Processing /home/airflow/.local/lib/python3.8/site-packages/airflow/example_dags/example_time_delta_sensor_async.py took 0.616 seconds
[2024-03-28T17:32:41.586+0000] {processor.py:161} INFO - Started process (PID=2341) to work on /home/airflow/.local/lib/python3.8/site-packages/airflow/example_dags/example_time_delta_sensor_async.py
[2024-03-28T17:32:41.595+0000] {processor.py:830} INFO - Processing file /home/airflow/.local/lib/python3.8/site-packages/airflow/example_dags/example_time_delta_sensor_async.py for tasks to queue
[2024-03-28T17:32:41.628+0000] {logging_mixin.py:188} INFO - [2024-03-28T17:32:41.609+0000] {dagbag.py:540} INFO - Filling up the DagBag from /home/airflow/.local/lib/python3.8/site-packages/airflow/example_dags/example_time_delta_sensor_async.py
[2024-03-28T17:32:41.868+0000] {processor.py:840} INFO - DAG(s) 'example_time_delta_sensor_async' retrieved from /home/airflow/.local/lib/python3.8/site-packages/airflow/example_dags/example_time_delta_sensor_async.py
[2024-03-28T17:32:42.080+0000] {logging_mixin.py:188} INFO - [2024-03-28T17:32:42.079+0000] {dag.py:3047} INFO - Sync 1 DAGs
[2024-03-28T17:32:42.210+0000] {logging_mixin.py:188} INFO - [2024-03-28T17:32:42.210+0000] {dag.py:3834} INFO - Setting next_dagrun for example_time_delta_sensor_async to None, run_after=None
[2024-03-28T17:32:42.769+0000] {processor.py:183} INFO - Processing /home/airflow/.local/lib/python3.8/site-packages/airflow/example_dags/example_time_delta_sensor_async.py took 1.197 seconds
[2024-03-28T17:33:13.949+0000] {processor.py:161} INFO - Started process (PID=2395) to work on /home/airflow/.local/lib/python3.8/site-packages/airflow/example_dags/example_time_delta_sensor_async.py
[2024-03-28T17:33:13.959+0000] {processor.py:830} INFO - Processing file /home/airflow/.local/lib/python3.8/site-packages/airflow/example_dags/example_time_delta_sensor_async.py for tasks to queue
[2024-03-28T17:33:13.972+0000] {logging_mixin.py:188} INFO - [2024-03-28T17:33:13.968+0000] {dagbag.py:540} INFO - Filling up the DagBag from /home/airflow/.local/lib/python3.8/site-packages/airflow/example_dags/example_time_delta_sensor_async.py
[2024-03-28T17:33:14.016+0000] {processor.py:840} INFO - DAG(s) 'example_time_delta_sensor_async' retrieved from /home/airflow/.local/lib/python3.8/site-packages/airflow/example_dags/example_time_delta_sensor_async.py
[2024-03-28T17:33:14.312+0000] {logging_mixin.py:188} INFO - [2024-03-28T17:33:14.309+0000] {dag.py:3047} INFO - Sync 1 DAGs
[2024-03-28T17:33:14.474+0000] {logging_mixin.py:188} INFO - [2024-03-28T17:33:14.473+0000] {dag.py:3834} INFO - Setting next_dagrun for example_time_delta_sensor_async to None, run_after=None
[2024-03-28T17:33:14.694+0000] {processor.py:183} INFO - Processing /home/airflow/.local/lib/python3.8/site-packages/airflow/example_dags/example_time_delta_sensor_async.py took 0.804 seconds
