[2024-03-28T16:32:11.350+0000] {processor.py:161} INFO - Started process (PID=140) to work on /home/airflow/.local/lib/python3.8/site-packages/airflow/example_dags/example_latest_only_with_trigger.py
[2024-03-28T16:32:11.449+0000] {processor.py:830} INFO - Processing file /home/airflow/.local/lib/python3.8/site-packages/airflow/example_dags/example_latest_only_with_trigger.py for tasks to queue
[2024-03-28T16:32:11.629+0000] {logging_mixin.py:188} INFO - [2024-03-28T16:32:11.627+0000] {dagbag.py:540} INFO - Filling up the DagBag from /home/airflow/.local/lib/python3.8/site-packages/airflow/example_dags/example_latest_only_with_trigger.py
[2024-03-28T16:32:12.029+0000] {processor.py:840} INFO - DAG(s) 'latest_only_with_trigger' retrieved from /home/airflow/.local/lib/python3.8/site-packages/airflow/example_dags/example_latest_only_with_trigger.py
[2024-03-28T16:32:15.931+0000] {logging_mixin.py:188} INFO - [2024-03-28T16:32:15.928+0000] {override.py:1769} INFO - Created Permission View: can edit on DAG:latest_only_with_trigger
[2024-03-28T16:32:16.562+0000] {logging_mixin.py:188} INFO - [2024-03-28T16:32:16.539+0000] {override.py:1769} INFO - Created Permission View: can read on DAG:latest_only_with_trigger
[2024-03-28T16:32:16.648+0000] {logging_mixin.py:188} INFO - [2024-03-28T16:32:16.648+0000] {override.py:1769} INFO - Created Permission View: can delete on DAG:latest_only_with_trigger
[2024-03-28T16:32:16.719+0000] {logging_mixin.py:188} INFO - [2024-03-28T16:32:16.659+0000] {dag.py:3047} INFO - Sync 1 DAGs
[2024-03-28T16:32:16.961+0000] {logging_mixin.py:188} INFO - [2024-03-28T16:32:16.958+0000] {dag.py:3069} INFO - Creating ORM DAG for latest_only_with_trigger
[2024-03-28T16:32:17.292+0000] {logging_mixin.py:188} INFO - [2024-03-28T16:32:17.257+0000] {dag.py:3834} INFO - Setting next_dagrun for latest_only_with_trigger to 2024-03-28 12:00:00+00:00, run_after=2024-03-28 16:00:00+00:00
[2024-03-28T16:32:17.668+0000] {processor.py:183} INFO - Processing /home/airflow/.local/lib/python3.8/site-packages/airflow/example_dags/example_latest_only_with_trigger.py took 6.458 seconds
[2024-03-28T16:36:07.207+0000] {processor.py:161} INFO - Started process (PID=229) to work on /home/airflow/.local/lib/python3.8/site-packages/airflow/example_dags/example_latest_only_with_trigger.py
[2024-03-28T16:36:07.298+0000] {processor.py:830} INFO - Processing file /home/airflow/.local/lib/python3.8/site-packages/airflow/example_dags/example_latest_only_with_trigger.py for tasks to queue
[2024-03-28T16:36:07.380+0000] {logging_mixin.py:188} INFO - [2024-03-28T16:36:07.378+0000] {dagbag.py:540} INFO - Filling up the DagBag from /home/airflow/.local/lib/python3.8/site-packages/airflow/example_dags/example_latest_only_with_trigger.py
[2024-03-28T16:36:07.786+0000] {processor.py:840} INFO - DAG(s) 'latest_only_with_trigger' retrieved from /home/airflow/.local/lib/python3.8/site-packages/airflow/example_dags/example_latest_only_with_trigger.py
[2024-03-28T16:36:08.542+0000] {logging_mixin.py:188} INFO - [2024-03-28T16:36:08.538+0000] {dag.py:3047} INFO - Sync 1 DAGs
[2024-03-28T16:36:08.967+0000] {logging_mixin.py:188} INFO - [2024-03-28T16:36:08.966+0000] {dag.py:3834} INFO - Setting next_dagrun for latest_only_with_trigger to 2024-03-28 12:00:00+00:00, run_after=2024-03-28 16:00:00+00:00
[2024-03-28T16:36:09.854+0000] {processor.py:183} INFO - Processing /home/airflow/.local/lib/python3.8/site-packages/airflow/example_dags/example_latest_only_with_trigger.py took 3.026 seconds
[2024-03-28T16:38:25.587+0000] {processor.py:161} INFO - Started process (PID=297) to work on /home/airflow/.local/lib/python3.8/site-packages/airflow/example_dags/example_latest_only_with_trigger.py
[2024-03-28T16:38:25.680+0000] {processor.py:830} INFO - Processing file /home/airflow/.local/lib/python3.8/site-packages/airflow/example_dags/example_latest_only_with_trigger.py for tasks to queue
[2024-03-28T16:38:25.971+0000] {logging_mixin.py:188} INFO - [2024-03-28T16:38:25.955+0000] {dagbag.py:540} INFO - Filling up the DagBag from /home/airflow/.local/lib/python3.8/site-packages/airflow/example_dags/example_latest_only_with_trigger.py
[2024-03-28T16:38:26.167+0000] {processor.py:840} INFO - DAG(s) 'latest_only_with_trigger' retrieved from /home/airflow/.local/lib/python3.8/site-packages/airflow/example_dags/example_latest_only_with_trigger.py
[2024-03-28T16:38:26.981+0000] {logging_mixin.py:188} INFO - [2024-03-28T16:38:26.981+0000] {dag.py:3047} INFO - Sync 1 DAGs
[2024-03-28T16:38:27.610+0000] {logging_mixin.py:188} INFO - [2024-03-28T16:38:27.609+0000] {dag.py:3834} INFO - Setting next_dagrun for latest_only_with_trigger to 2024-03-28 12:00:00+00:00, run_after=2024-03-28 16:00:00+00:00
[2024-03-28T16:38:28.077+0000] {processor.py:183} INFO - Processing /home/airflow/.local/lib/python3.8/site-packages/airflow/example_dags/example_latest_only_with_trigger.py took 2.680 seconds
[2024-03-28T16:41:13.837+0000] {processor.py:161} INFO - Started process (PID=365) to work on /home/airflow/.local/lib/python3.8/site-packages/airflow/example_dags/example_latest_only_with_trigger.py
[2024-03-28T16:41:13.874+0000] {processor.py:830} INFO - Processing file /home/airflow/.local/lib/python3.8/site-packages/airflow/example_dags/example_latest_only_with_trigger.py for tasks to queue
[2024-03-28T16:41:14.147+0000] {logging_mixin.py:188} INFO - [2024-03-28T16:41:14.084+0000] {dagbag.py:540} INFO - Filling up the DagBag from /home/airflow/.local/lib/python3.8/site-packages/airflow/example_dags/example_latest_only_with_trigger.py
[2024-03-28T16:41:14.810+0000] {processor.py:840} INFO - DAG(s) 'latest_only_with_trigger' retrieved from /home/airflow/.local/lib/python3.8/site-packages/airflow/example_dags/example_latest_only_with_trigger.py
[2024-03-28T16:41:15.689+0000] {logging_mixin.py:188} INFO - [2024-03-28T16:41:15.688+0000] {dag.py:3047} INFO - Sync 1 DAGs
[2024-03-28T16:41:17.045+0000] {logging_mixin.py:188} INFO - [2024-03-28T16:41:17.045+0000] {dag.py:3834} INFO - Setting next_dagrun for latest_only_with_trigger to 2024-03-28 12:00:00+00:00, run_after=2024-03-28 16:00:00+00:00
[2024-03-28T16:41:17.931+0000] {processor.py:183} INFO - Processing /home/airflow/.local/lib/python3.8/site-packages/airflow/example_dags/example_latest_only_with_trigger.py took 4.682 seconds
[2024-03-28T16:44:19.107+0000] {processor.py:161} INFO - Started process (PID=437) to work on /home/airflow/.local/lib/python3.8/site-packages/airflow/example_dags/example_latest_only_with_trigger.py
[2024-03-28T16:44:19.197+0000] {processor.py:830} INFO - Processing file /home/airflow/.local/lib/python3.8/site-packages/airflow/example_dags/example_latest_only_with_trigger.py for tasks to queue
[2024-03-28T16:44:19.238+0000] {logging_mixin.py:188} INFO - [2024-03-28T16:44:19.236+0000] {dagbag.py:540} INFO - Filling up the DagBag from /home/airflow/.local/lib/python3.8/site-packages/airflow/example_dags/example_latest_only_with_trigger.py
[2024-03-28T16:44:20.553+0000] {processor.py:840} INFO - DAG(s) 'latest_only_with_trigger' retrieved from /home/airflow/.local/lib/python3.8/site-packages/airflow/example_dags/example_latest_only_with_trigger.py
[2024-03-28T16:44:22.262+0000] {logging_mixin.py:188} INFO - [2024-03-28T16:44:22.216+0000] {dag.py:3047} INFO - Sync 1 DAGs
[2024-03-28T16:44:24.120+0000] {logging_mixin.py:188} INFO - [2024-03-28T16:44:24.119+0000] {dag.py:3834} INFO - Setting next_dagrun for latest_only_with_trigger to 2024-03-28 12:00:00+00:00, run_after=2024-03-28 16:00:00+00:00
[2024-03-28T16:44:25.600+0000] {processor.py:183} INFO - Processing /home/airflow/.local/lib/python3.8/site-packages/airflow/example_dags/example_latest_only_with_trigger.py took 6.794 seconds
[2024-03-28T17:06:00.579+0000] {processor.py:161} INFO - Started process (PID=63) to work on /home/airflow/.local/lib/python3.8/site-packages/airflow/example_dags/example_latest_only_with_trigger.py
[2024-03-28T17:06:00.590+0000] {processor.py:830} INFO - Processing file /home/airflow/.local/lib/python3.8/site-packages/airflow/example_dags/example_latest_only_with_trigger.py for tasks to queue
[2024-03-28T17:06:00.610+0000] {logging_mixin.py:188} INFO - [2024-03-28T17:06:00.609+0000] {dagbag.py:540} INFO - Filling up the DagBag from /home/airflow/.local/lib/python3.8/site-packages/airflow/example_dags/example_latest_only_with_trigger.py
[2024-03-28T17:06:00.845+0000] {processor.py:840} INFO - DAG(s) 'latest_only_with_trigger' retrieved from /home/airflow/.local/lib/python3.8/site-packages/airflow/example_dags/example_latest_only_with_trigger.py
[2024-03-28T17:06:03.030+0000] {logging_mixin.py:188} INFO - [2024-03-28T17:06:03.030+0000] {dag.py:3047} INFO - Sync 1 DAGs
[2024-03-28T17:06:03.296+0000] {logging_mixin.py:188} INFO - [2024-03-28T17:06:03.296+0000] {dag.py:3834} INFO - Setting next_dagrun for latest_only_with_trigger to 2024-03-28 12:00:00+00:00, run_after=2024-03-28 16:00:00+00:00
[2024-03-28T17:06:03.595+0000] {processor.py:183} INFO - Processing /home/airflow/.local/lib/python3.8/site-packages/airflow/example_dags/example_latest_only_with_trigger.py took 3.033 seconds
[2024-03-28T17:07:28.151+0000] {processor.py:161} INFO - Started process (PID=130) to work on /home/airflow/.local/lib/python3.8/site-packages/airflow/example_dags/example_latest_only_with_trigger.py
[2024-03-28T17:07:28.165+0000] {processor.py:830} INFO - Processing file /home/airflow/.local/lib/python3.8/site-packages/airflow/example_dags/example_latest_only_with_trigger.py for tasks to queue
[2024-03-28T17:07:28.199+0000] {logging_mixin.py:188} INFO - [2024-03-28T17:07:28.188+0000] {dagbag.py:540} INFO - Filling up the DagBag from /home/airflow/.local/lib/python3.8/site-packages/airflow/example_dags/example_latest_only_with_trigger.py
[2024-03-28T17:07:28.250+0000] {processor.py:840} INFO - DAG(s) 'latest_only_with_trigger' retrieved from /home/airflow/.local/lib/python3.8/site-packages/airflow/example_dags/example_latest_only_with_trigger.py
[2024-03-28T17:07:28.460+0000] {logging_mixin.py:188} INFO - [2024-03-28T17:07:28.460+0000] {dag.py:3047} INFO - Sync 1 DAGs
[2024-03-28T17:07:28.661+0000] {logging_mixin.py:188} INFO - [2024-03-28T17:07:28.660+0000] {dag.py:3834} INFO - Setting next_dagrun for latest_only_with_trigger to 2024-03-28 12:00:00+00:00, run_after=2024-03-28 16:00:00+00:00
[2024-03-28T17:07:28.761+0000] {processor.py:183} INFO - Processing /home/airflow/.local/lib/python3.8/site-packages/airflow/example_dags/example_latest_only_with_trigger.py took 0.650 seconds
[2024-03-28T17:08:17.608+0000] {processor.py:161} INFO - Started process (PID=191) to work on /home/airflow/.local/lib/python3.8/site-packages/airflow/example_dags/example_latest_only_with_trigger.py
[2024-03-28T17:08:17.621+0000] {processor.py:830} INFO - Processing file /home/airflow/.local/lib/python3.8/site-packages/airflow/example_dags/example_latest_only_with_trigger.py for tasks to queue
[2024-03-28T17:08:17.662+0000] {logging_mixin.py:188} INFO - [2024-03-28T17:08:17.644+0000] {dagbag.py:540} INFO - Filling up the DagBag from /home/airflow/.local/lib/python3.8/site-packages/airflow/example_dags/example_latest_only_with_trigger.py
[2024-03-28T17:08:17.744+0000] {processor.py:840} INFO - DAG(s) 'latest_only_with_trigger' retrieved from /home/airflow/.local/lib/python3.8/site-packages/airflow/example_dags/example_latest_only_with_trigger.py
[2024-03-28T17:08:18.064+0000] {logging_mixin.py:188} INFO - [2024-03-28T17:08:18.063+0000] {dag.py:3047} INFO - Sync 1 DAGs
[2024-03-28T17:08:18.491+0000] {logging_mixin.py:188} INFO - [2024-03-28T17:08:18.481+0000] {dag.py:3834} INFO - Setting next_dagrun for latest_only_with_trigger to 2024-03-28 12:00:00+00:00, run_after=2024-03-28 16:00:00+00:00
[2024-03-28T17:08:18.760+0000] {processor.py:183} INFO - Processing /home/airflow/.local/lib/python3.8/site-packages/airflow/example_dags/example_latest_only_with_trigger.py took 1.186 seconds
[2024-03-28T17:09:07.534+0000] {processor.py:161} INFO - Started process (PID=246) to work on /home/airflow/.local/lib/python3.8/site-packages/airflow/example_dags/example_latest_only_with_trigger.py
[2024-03-28T17:09:07.542+0000] {processor.py:830} INFO - Processing file /home/airflow/.local/lib/python3.8/site-packages/airflow/example_dags/example_latest_only_with_trigger.py for tasks to queue
[2024-03-28T17:09:07.555+0000] {logging_mixin.py:188} INFO - [2024-03-28T17:09:07.551+0000] {dagbag.py:540} INFO - Filling up the DagBag from /home/airflow/.local/lib/python3.8/site-packages/airflow/example_dags/example_latest_only_with_trigger.py
[2024-03-28T17:09:07.600+0000] {processor.py:840} INFO - DAG(s) 'latest_only_with_trigger' retrieved from /home/airflow/.local/lib/python3.8/site-packages/airflow/example_dags/example_latest_only_with_trigger.py
[2024-03-28T17:09:07.751+0000] {logging_mixin.py:188} INFO - [2024-03-28T17:09:07.751+0000] {dag.py:3047} INFO - Sync 1 DAGs
[2024-03-28T17:09:07.837+0000] {logging_mixin.py:188} INFO - [2024-03-28T17:09:07.836+0000] {dag.py:3834} INFO - Setting next_dagrun for latest_only_with_trigger to 2024-03-28 12:00:00+00:00, run_after=2024-03-28 16:00:00+00:00
[2024-03-28T17:09:09.219+0000] {processor.py:183} INFO - Processing /home/airflow/.local/lib/python3.8/site-packages/airflow/example_dags/example_latest_only_with_trigger.py took 1.698 seconds
[2024-03-28T17:10:56.238+0000] {processor.py:161} INFO - Started process (PID=327) to work on /home/airflow/.local/lib/python3.8/site-packages/airflow/example_dags/example_latest_only_with_trigger.py
[2024-03-28T17:10:56.245+0000] {processor.py:830} INFO - Processing file /home/airflow/.local/lib/python3.8/site-packages/airflow/example_dags/example_latest_only_with_trigger.py for tasks to queue
[2024-03-28T17:10:56.266+0000] {logging_mixin.py:188} INFO - [2024-03-28T17:10:56.261+0000] {dagbag.py:540} INFO - Filling up the DagBag from /home/airflow/.local/lib/python3.8/site-packages/airflow/example_dags/example_latest_only_with_trigger.py
[2024-03-28T17:10:56.300+0000] {processor.py:840} INFO - DAG(s) 'latest_only_with_trigger' retrieved from /home/airflow/.local/lib/python3.8/site-packages/airflow/example_dags/example_latest_only_with_trigger.py
[2024-03-28T17:10:56.397+0000] {logging_mixin.py:188} INFO - [2024-03-28T17:10:56.397+0000] {dag.py:3047} INFO - Sync 1 DAGs
[2024-03-28T17:10:56.598+0000] {logging_mixin.py:188} INFO - [2024-03-28T17:10:56.591+0000] {dag.py:3834} INFO - Setting next_dagrun for latest_only_with_trigger to 2024-03-28 12:00:00+00:00, run_after=2024-03-28 16:00:00+00:00
[2024-03-28T17:10:56.819+0000] {processor.py:183} INFO - Processing /home/airflow/.local/lib/python3.8/site-packages/airflow/example_dags/example_latest_only_with_trigger.py took 0.601 seconds
[2024-03-28T17:11:51.905+0000] {processor.py:161} INFO - Started process (PID=390) to work on /home/airflow/.local/lib/python3.8/site-packages/airflow/example_dags/example_latest_only_with_trigger.py
[2024-03-28T17:11:51.913+0000] {processor.py:830} INFO - Processing file /home/airflow/.local/lib/python3.8/site-packages/airflow/example_dags/example_latest_only_with_trigger.py for tasks to queue
[2024-03-28T17:11:51.934+0000] {logging_mixin.py:188} INFO - [2024-03-28T17:11:51.931+0000] {dagbag.py:540} INFO - Filling up the DagBag from /home/airflow/.local/lib/python3.8/site-packages/airflow/example_dags/example_latest_only_with_trigger.py
[2024-03-28T17:11:51.987+0000] {processor.py:840} INFO - DAG(s) 'latest_only_with_trigger' retrieved from /home/airflow/.local/lib/python3.8/site-packages/airflow/example_dags/example_latest_only_with_trigger.py
[2024-03-28T17:11:52.153+0000] {logging_mixin.py:188} INFO - [2024-03-28T17:11:52.153+0000] {dag.py:3047} INFO - Sync 1 DAGs
[2024-03-28T17:11:52.296+0000] {logging_mixin.py:188} INFO - [2024-03-28T17:11:52.296+0000] {dag.py:3834} INFO - Setting next_dagrun for latest_only_with_trigger to 2024-03-28 12:00:00+00:00, run_after=2024-03-28 16:00:00+00:00
[2024-03-28T17:11:52.416+0000] {processor.py:183} INFO - Processing /home/airflow/.local/lib/python3.8/site-packages/airflow/example_dags/example_latest_only_with_trigger.py took 0.538 seconds
[2024-03-28T17:12:30.582+0000] {processor.py:161} INFO - Started process (PID=438) to work on /home/airflow/.local/lib/python3.8/site-packages/airflow/example_dags/example_latest_only_with_trigger.py
[2024-03-28T17:12:30.595+0000] {processor.py:830} INFO - Processing file /home/airflow/.local/lib/python3.8/site-packages/airflow/example_dags/example_latest_only_with_trigger.py for tasks to queue
[2024-03-28T17:12:30.673+0000] {logging_mixin.py:188} INFO - [2024-03-28T17:12:30.672+0000] {dagbag.py:540} INFO - Filling up the DagBag from /home/airflow/.local/lib/python3.8/site-packages/airflow/example_dags/example_latest_only_with_trigger.py
[2024-03-28T17:12:30.794+0000] {processor.py:840} INFO - DAG(s) 'latest_only_with_trigger' retrieved from /home/airflow/.local/lib/python3.8/site-packages/airflow/example_dags/example_latest_only_with_trigger.py
[2024-03-28T17:12:30.985+0000] {logging_mixin.py:188} INFO - [2024-03-28T17:12:30.984+0000] {dag.py:3047} INFO - Sync 1 DAGs
[2024-03-28T17:12:31.159+0000] {logging_mixin.py:188} INFO - [2024-03-28T17:12:31.156+0000] {dag.py:3834} INFO - Setting next_dagrun for latest_only_with_trigger to 2024-03-28 12:00:00+00:00, run_after=2024-03-28 16:00:00+00:00
[2024-03-28T17:12:31.296+0000] {processor.py:183} INFO - Processing /home/airflow/.local/lib/python3.8/site-packages/airflow/example_dags/example_latest_only_with_trigger.py took 0.737 seconds
[2024-03-28T17:13:01.645+0000] {processor.py:161} INFO - Started process (PID=494) to work on /home/airflow/.local/lib/python3.8/site-packages/airflow/example_dags/example_latest_only_with_trigger.py
[2024-03-28T17:13:01.649+0000] {processor.py:830} INFO - Processing file /home/airflow/.local/lib/python3.8/site-packages/airflow/example_dags/example_latest_only_with_trigger.py for tasks to queue
[2024-03-28T17:13:01.655+0000] {logging_mixin.py:188} INFO - [2024-03-28T17:13:01.654+0000] {dagbag.py:540} INFO - Filling up the DagBag from /home/airflow/.local/lib/python3.8/site-packages/airflow/example_dags/example_latest_only_with_trigger.py
[2024-03-28T17:13:01.678+0000] {processor.py:840} INFO - DAG(s) 'latest_only_with_trigger' retrieved from /home/airflow/.local/lib/python3.8/site-packages/airflow/example_dags/example_latest_only_with_trigger.py
[2024-03-28T17:13:01.737+0000] {logging_mixin.py:188} INFO - [2024-03-28T17:13:01.737+0000] {dag.py:3047} INFO - Sync 1 DAGs
[2024-03-28T17:13:01.794+0000] {logging_mixin.py:188} INFO - [2024-03-28T17:13:01.793+0000] {dag.py:3834} INFO - Setting next_dagrun for latest_only_with_trigger to 2024-03-28 12:00:00+00:00, run_after=2024-03-28 16:00:00+00:00
[2024-03-28T17:13:02.082+0000] {processor.py:183} INFO - Processing /home/airflow/.local/lib/python3.8/site-packages/airflow/example_dags/example_latest_only_with_trigger.py took 0.449 seconds
[2024-03-28T17:13:37.822+0000] {processor.py:161} INFO - Started process (PID=549) to work on /home/airflow/.local/lib/python3.8/site-packages/airflow/example_dags/example_latest_only_with_trigger.py
[2024-03-28T17:13:37.825+0000] {processor.py:830} INFO - Processing file /home/airflow/.local/lib/python3.8/site-packages/airflow/example_dags/example_latest_only_with_trigger.py for tasks to queue
[2024-03-28T17:13:37.834+0000] {logging_mixin.py:188} INFO - [2024-03-28T17:13:37.833+0000] {dagbag.py:540} INFO - Filling up the DagBag from /home/airflow/.local/lib/python3.8/site-packages/airflow/example_dags/example_latest_only_with_trigger.py
[2024-03-28T17:13:37.850+0000] {processor.py:840} INFO - DAG(s) 'latest_only_with_trigger' retrieved from /home/airflow/.local/lib/python3.8/site-packages/airflow/example_dags/example_latest_only_with_trigger.py
[2024-03-28T17:13:37.899+0000] {logging_mixin.py:188} INFO - [2024-03-28T17:13:37.899+0000] {dag.py:3047} INFO - Sync 1 DAGs
[2024-03-28T17:13:37.962+0000] {logging_mixin.py:188} INFO - [2024-03-28T17:13:37.962+0000] {dag.py:3834} INFO - Setting next_dagrun for latest_only_with_trigger to 2024-03-28 12:00:00+00:00, run_after=2024-03-28 16:00:00+00:00
[2024-03-28T17:13:38.011+0000] {processor.py:183} INFO - Processing /home/airflow/.local/lib/python3.8/site-packages/airflow/example_dags/example_latest_only_with_trigger.py took 0.199 seconds
[2024-03-28T17:14:19.117+0000] {processor.py:161} INFO - Started process (PID=604) to work on /home/airflow/.local/lib/python3.8/site-packages/airflow/example_dags/example_latest_only_with_trigger.py
[2024-03-28T17:14:19.124+0000] {processor.py:830} INFO - Processing file /home/airflow/.local/lib/python3.8/site-packages/airflow/example_dags/example_latest_only_with_trigger.py for tasks to queue
[2024-03-28T17:14:19.130+0000] {logging_mixin.py:188} INFO - [2024-03-28T17:14:19.129+0000] {dagbag.py:540} INFO - Filling up the DagBag from /home/airflow/.local/lib/python3.8/site-packages/airflow/example_dags/example_latest_only_with_trigger.py
[2024-03-28T17:14:19.146+0000] {processor.py:840} INFO - DAG(s) 'latest_only_with_trigger' retrieved from /home/airflow/.local/lib/python3.8/site-packages/airflow/example_dags/example_latest_only_with_trigger.py
[2024-03-28T17:14:19.224+0000] {logging_mixin.py:188} INFO - [2024-03-28T17:14:19.223+0000] {dag.py:3047} INFO - Sync 1 DAGs
[2024-03-28T17:14:19.313+0000] {logging_mixin.py:188} INFO - [2024-03-28T17:14:19.312+0000] {dag.py:3834} INFO - Setting next_dagrun for latest_only_with_trigger to 2024-03-28 12:00:00+00:00, run_after=2024-03-28 16:00:00+00:00
[2024-03-28T17:14:19.411+0000] {processor.py:183} INFO - Processing /home/airflow/.local/lib/python3.8/site-packages/airflow/example_dags/example_latest_only_with_trigger.py took 0.304 seconds
[2024-03-28T17:14:51.417+0000] {processor.py:161} INFO - Started process (PID=658) to work on /home/airflow/.local/lib/python3.8/site-packages/airflow/example_dags/example_latest_only_with_trigger.py
[2024-03-28T17:14:51.437+0000] {processor.py:830} INFO - Processing file /home/airflow/.local/lib/python3.8/site-packages/airflow/example_dags/example_latest_only_with_trigger.py for tasks to queue
[2024-03-28T17:14:51.457+0000] {logging_mixin.py:188} INFO - [2024-03-28T17:14:51.455+0000] {dagbag.py:540} INFO - Filling up the DagBag from /home/airflow/.local/lib/python3.8/site-packages/airflow/example_dags/example_latest_only_with_trigger.py
[2024-03-28T17:14:51.592+0000] {processor.py:840} INFO - DAG(s) 'latest_only_with_trigger' retrieved from /home/airflow/.local/lib/python3.8/site-packages/airflow/example_dags/example_latest_only_with_trigger.py
[2024-03-28T17:14:51.851+0000] {logging_mixin.py:188} INFO - [2024-03-28T17:14:51.850+0000] {dag.py:3047} INFO - Sync 1 DAGs
[2024-03-28T17:14:51.970+0000] {logging_mixin.py:188} INFO - [2024-03-28T17:14:51.968+0000] {dag.py:3834} INFO - Setting next_dagrun for latest_only_with_trigger to 2024-03-28 12:00:00+00:00, run_after=2024-03-28 16:00:00+00:00
[2024-03-28T17:14:52.052+0000] {processor.py:183} INFO - Processing /home/airflow/.local/lib/python3.8/site-packages/airflow/example_dags/example_latest_only_with_trigger.py took 0.680 seconds
[2024-03-28T17:15:30.964+0000] {processor.py:161} INFO - Started process (PID=714) to work on /home/airflow/.local/lib/python3.8/site-packages/airflow/example_dags/example_latest_only_with_trigger.py
[2024-03-28T17:15:30.977+0000] {processor.py:830} INFO - Processing file /home/airflow/.local/lib/python3.8/site-packages/airflow/example_dags/example_latest_only_with_trigger.py for tasks to queue
[2024-03-28T17:15:30.991+0000] {logging_mixin.py:188} INFO - [2024-03-28T17:15:30.990+0000] {dagbag.py:540} INFO - Filling up the DagBag from /home/airflow/.local/lib/python3.8/site-packages/airflow/example_dags/example_latest_only_with_trigger.py
[2024-03-28T17:15:31.032+0000] {processor.py:840} INFO - DAG(s) 'latest_only_with_trigger' retrieved from /home/airflow/.local/lib/python3.8/site-packages/airflow/example_dags/example_latest_only_with_trigger.py
[2024-03-28T17:15:31.170+0000] {logging_mixin.py:188} INFO - [2024-03-28T17:15:31.170+0000] {dag.py:3047} INFO - Sync 1 DAGs
[2024-03-28T17:15:31.251+0000] {logging_mixin.py:188} INFO - [2024-03-28T17:15:31.249+0000] {dag.py:3834} INFO - Setting next_dagrun for latest_only_with_trigger to 2024-03-28 12:00:00+00:00, run_after=2024-03-28 16:00:00+00:00
[2024-03-28T17:15:31.428+0000] {processor.py:183} INFO - Processing /home/airflow/.local/lib/python3.8/site-packages/airflow/example_dags/example_latest_only_with_trigger.py took 0.491 seconds
[2024-03-28T17:16:01.681+0000] {processor.py:161} INFO - Started process (PID=769) to work on /home/airflow/.local/lib/python3.8/site-packages/airflow/example_dags/example_latest_only_with_trigger.py
[2024-03-28T17:16:01.692+0000] {processor.py:830} INFO - Processing file /home/airflow/.local/lib/python3.8/site-packages/airflow/example_dags/example_latest_only_with_trigger.py for tasks to queue
[2024-03-28T17:16:01.709+0000] {logging_mixin.py:188} INFO - [2024-03-28T17:16:01.708+0000] {dagbag.py:540} INFO - Filling up the DagBag from /home/airflow/.local/lib/python3.8/site-packages/airflow/example_dags/example_latest_only_with_trigger.py
[2024-03-28T17:16:01.794+0000] {processor.py:840} INFO - DAG(s) 'latest_only_with_trigger' retrieved from /home/airflow/.local/lib/python3.8/site-packages/airflow/example_dags/example_latest_only_with_trigger.py
[2024-03-28T17:16:01.963+0000] {logging_mixin.py:188} INFO - [2024-03-28T17:16:01.962+0000] {dag.py:3047} INFO - Sync 1 DAGs
[2024-03-28T17:16:02.021+0000] {logging_mixin.py:188} INFO - [2024-03-28T17:16:02.020+0000] {dag.py:3834} INFO - Setting next_dagrun for latest_only_with_trigger to 2024-03-28 12:00:00+00:00, run_after=2024-03-28 16:00:00+00:00
[2024-03-28T17:16:02.068+0000] {processor.py:183} INFO - Processing /home/airflow/.local/lib/python3.8/site-packages/airflow/example_dags/example_latest_only_with_trigger.py took 0.409 seconds
[2024-03-28T17:16:35.841+0000] {processor.py:161} INFO - Started process (PID=824) to work on /home/airflow/.local/lib/python3.8/site-packages/airflow/example_dags/example_latest_only_with_trigger.py
[2024-03-28T17:16:35.883+0000] {processor.py:830} INFO - Processing file /home/airflow/.local/lib/python3.8/site-packages/airflow/example_dags/example_latest_only_with_trigger.py for tasks to queue
[2024-03-28T17:16:35.950+0000] {logging_mixin.py:188} INFO - [2024-03-28T17:16:35.939+0000] {dagbag.py:540} INFO - Filling up the DagBag from /home/airflow/.local/lib/python3.8/site-packages/airflow/example_dags/example_latest_only_with_trigger.py
[2024-03-28T17:16:36.157+0000] {processor.py:840} INFO - DAG(s) 'latest_only_with_trigger' retrieved from /home/airflow/.local/lib/python3.8/site-packages/airflow/example_dags/example_latest_only_with_trigger.py
[2024-03-28T17:16:36.268+0000] {logging_mixin.py:188} INFO - [2024-03-28T17:16:36.268+0000] {dag.py:3047} INFO - Sync 1 DAGs
[2024-03-28T17:16:36.498+0000] {logging_mixin.py:188} INFO - [2024-03-28T17:16:36.495+0000] {dag.py:3834} INFO - Setting next_dagrun for latest_only_with_trigger to 2024-03-28 12:00:00+00:00, run_after=2024-03-28 16:00:00+00:00
[2024-03-28T17:16:36.750+0000] {processor.py:183} INFO - Processing /home/airflow/.local/lib/python3.8/site-packages/airflow/example_dags/example_latest_only_with_trigger.py took 1.035 seconds
[2024-03-28T17:17:06.945+0000] {processor.py:161} INFO - Started process (PID=879) to work on /home/airflow/.local/lib/python3.8/site-packages/airflow/example_dags/example_latest_only_with_trigger.py
[2024-03-28T17:17:06.953+0000] {processor.py:830} INFO - Processing file /home/airflow/.local/lib/python3.8/site-packages/airflow/example_dags/example_latest_only_with_trigger.py for tasks to queue
[2024-03-28T17:17:06.964+0000] {logging_mixin.py:188} INFO - [2024-03-28T17:17:06.963+0000] {dagbag.py:540} INFO - Filling up the DagBag from /home/airflow/.local/lib/python3.8/site-packages/airflow/example_dags/example_latest_only_with_trigger.py
[2024-03-28T17:17:06.987+0000] {processor.py:840} INFO - DAG(s) 'latest_only_with_trigger' retrieved from /home/airflow/.local/lib/python3.8/site-packages/airflow/example_dags/example_latest_only_with_trigger.py
[2024-03-28T17:17:07.056+0000] {logging_mixin.py:188} INFO - [2024-03-28T17:17:07.053+0000] {dag.py:3047} INFO - Sync 1 DAGs
[2024-03-28T17:17:07.200+0000] {logging_mixin.py:188} INFO - [2024-03-28T17:17:07.199+0000] {dag.py:3834} INFO - Setting next_dagrun for latest_only_with_trigger to 2024-03-28 12:00:00+00:00, run_after=2024-03-28 16:00:00+00:00
[2024-03-28T17:17:07.452+0000] {processor.py:183} INFO - Processing /home/airflow/.local/lib/python3.8/site-packages/airflow/example_dags/example_latest_only_with_trigger.py took 0.520 seconds
[2024-03-28T17:17:48.744+0000] {processor.py:161} INFO - Started process (PID=920) to work on /home/airflow/.local/lib/python3.8/site-packages/airflow/example_dags/example_latest_only_with_trigger.py
[2024-03-28T17:17:48.760+0000] {processor.py:830} INFO - Processing file /home/airflow/.local/lib/python3.8/site-packages/airflow/example_dags/example_latest_only_with_trigger.py for tasks to queue
[2024-03-28T17:17:48.776+0000] {logging_mixin.py:188} INFO - [2024-03-28T17:17:48.775+0000] {dagbag.py:540} INFO - Filling up the DagBag from /home/airflow/.local/lib/python3.8/site-packages/airflow/example_dags/example_latest_only_with_trigger.py
[2024-03-28T17:17:48.797+0000] {processor.py:840} INFO - DAG(s) 'latest_only_with_trigger' retrieved from /home/airflow/.local/lib/python3.8/site-packages/airflow/example_dags/example_latest_only_with_trigger.py
[2024-03-28T17:17:48.848+0000] {logging_mixin.py:188} INFO - [2024-03-28T17:17:48.847+0000] {dag.py:3047} INFO - Sync 1 DAGs
[2024-03-28T17:17:48.926+0000] {logging_mixin.py:188} INFO - [2024-03-28T17:17:48.925+0000] {dag.py:3834} INFO - Setting next_dagrun for latest_only_with_trigger to 2024-03-28 12:00:00+00:00, run_after=2024-03-28 16:00:00+00:00
[2024-03-28T17:17:49.004+0000] {processor.py:183} INFO - Processing /home/airflow/.local/lib/python3.8/site-packages/airflow/example_dags/example_latest_only_with_trigger.py took 0.278 seconds
[2024-03-28T17:18:47.060+0000] {processor.py:161} INFO - Started process (PID=975) to work on /home/airflow/.local/lib/python3.8/site-packages/airflow/example_dags/example_latest_only_with_trigger.py
[2024-03-28T17:18:47.068+0000] {processor.py:830} INFO - Processing file /home/airflow/.local/lib/python3.8/site-packages/airflow/example_dags/example_latest_only_with_trigger.py for tasks to queue
[2024-03-28T17:18:47.087+0000] {logging_mixin.py:188} INFO - [2024-03-28T17:18:47.086+0000] {dagbag.py:540} INFO - Filling up the DagBag from /home/airflow/.local/lib/python3.8/site-packages/airflow/example_dags/example_latest_only_with_trigger.py
[2024-03-28T17:18:47.164+0000] {processor.py:840} INFO - DAG(s) 'latest_only_with_trigger' retrieved from /home/airflow/.local/lib/python3.8/site-packages/airflow/example_dags/example_latest_only_with_trigger.py
[2024-03-28T17:18:47.340+0000] {logging_mixin.py:188} INFO - [2024-03-28T17:18:47.340+0000] {dag.py:3047} INFO - Sync 1 DAGs
[2024-03-28T17:18:47.687+0000] {logging_mixin.py:188} INFO - [2024-03-28T17:18:47.674+0000] {dag.py:3834} INFO - Setting next_dagrun for latest_only_with_trigger to 2024-03-28 12:00:00+00:00, run_after=2024-03-28 16:00:00+00:00
[2024-03-28T17:18:48.108+0000] {processor.py:183} INFO - Processing /home/airflow/.local/lib/python3.8/site-packages/airflow/example_dags/example_latest_only_with_trigger.py took 1.080 seconds
[2024-03-28T17:19:19.241+0000] {processor.py:161} INFO - Started process (PID=1030) to work on /home/airflow/.local/lib/python3.8/site-packages/airflow/example_dags/example_latest_only_with_trigger.py
[2024-03-28T17:19:19.258+0000] {processor.py:830} INFO - Processing file /home/airflow/.local/lib/python3.8/site-packages/airflow/example_dags/example_latest_only_with_trigger.py for tasks to queue
[2024-03-28T17:19:19.286+0000] {logging_mixin.py:188} INFO - [2024-03-28T17:19:19.279+0000] {dagbag.py:540} INFO - Filling up the DagBag from /home/airflow/.local/lib/python3.8/site-packages/airflow/example_dags/example_latest_only_with_trigger.py
[2024-03-28T17:19:19.333+0000] {processor.py:840} INFO - DAG(s) 'latest_only_with_trigger' retrieved from /home/airflow/.local/lib/python3.8/site-packages/airflow/example_dags/example_latest_only_with_trigger.py
[2024-03-28T17:19:19.447+0000] {logging_mixin.py:188} INFO - [2024-03-28T17:19:19.446+0000] {dag.py:3047} INFO - Sync 1 DAGs
[2024-03-28T17:19:19.690+0000] {logging_mixin.py:188} INFO - [2024-03-28T17:19:19.687+0000] {dag.py:3834} INFO - Setting next_dagrun for latest_only_with_trigger to 2024-03-28 12:00:00+00:00, run_after=2024-03-28 16:00:00+00:00
[2024-03-28T17:19:19.894+0000] {processor.py:183} INFO - Processing /home/airflow/.local/lib/python3.8/site-packages/airflow/example_dags/example_latest_only_with_trigger.py took 0.709 seconds
[2024-03-28T17:19:50.367+0000] {processor.py:161} INFO - Started process (PID=1086) to work on /home/airflow/.local/lib/python3.8/site-packages/airflow/example_dags/example_latest_only_with_trigger.py
[2024-03-28T17:19:50.371+0000] {processor.py:830} INFO - Processing file /home/airflow/.local/lib/python3.8/site-packages/airflow/example_dags/example_latest_only_with_trigger.py for tasks to queue
[2024-03-28T17:19:50.384+0000] {logging_mixin.py:188} INFO - [2024-03-28T17:19:50.378+0000] {dagbag.py:540} INFO - Filling up the DagBag from /home/airflow/.local/lib/python3.8/site-packages/airflow/example_dags/example_latest_only_with_trigger.py
[2024-03-28T17:19:50.405+0000] {processor.py:840} INFO - DAG(s) 'latest_only_with_trigger' retrieved from /home/airflow/.local/lib/python3.8/site-packages/airflow/example_dags/example_latest_only_with_trigger.py
[2024-03-28T17:19:50.487+0000] {logging_mixin.py:188} INFO - [2024-03-28T17:19:50.486+0000] {dag.py:3047} INFO - Sync 1 DAGs
[2024-03-28T17:19:50.693+0000] {logging_mixin.py:188} INFO - [2024-03-28T17:19:50.691+0000] {dag.py:3834} INFO - Setting next_dagrun for latest_only_with_trigger to 2024-03-28 12:00:00+00:00, run_after=2024-03-28 16:00:00+00:00
[2024-03-28T17:19:50.810+0000] {processor.py:183} INFO - Processing /home/airflow/.local/lib/python3.8/site-packages/airflow/example_dags/example_latest_only_with_trigger.py took 0.455 seconds
[2024-03-28T17:20:21.596+0000] {processor.py:161} INFO - Started process (PID=1141) to work on /home/airflow/.local/lib/python3.8/site-packages/airflow/example_dags/example_latest_only_with_trigger.py
[2024-03-28T17:20:21.602+0000] {processor.py:830} INFO - Processing file /home/airflow/.local/lib/python3.8/site-packages/airflow/example_dags/example_latest_only_with_trigger.py for tasks to queue
[2024-03-28T17:20:21.610+0000] {logging_mixin.py:188} INFO - [2024-03-28T17:20:21.609+0000] {dagbag.py:540} INFO - Filling up the DagBag from /home/airflow/.local/lib/python3.8/site-packages/airflow/example_dags/example_latest_only_with_trigger.py
[2024-03-28T17:20:21.644+0000] {processor.py:840} INFO - DAG(s) 'latest_only_with_trigger' retrieved from /home/airflow/.local/lib/python3.8/site-packages/airflow/example_dags/example_latest_only_with_trigger.py
[2024-03-28T17:20:21.737+0000] {logging_mixin.py:188} INFO - [2024-03-28T17:20:21.734+0000] {dag.py:3047} INFO - Sync 1 DAGs
[2024-03-28T17:20:21.861+0000] {logging_mixin.py:188} INFO - [2024-03-28T17:20:21.861+0000] {dag.py:3834} INFO - Setting next_dagrun for latest_only_with_trigger to 2024-03-28 12:00:00+00:00, run_after=2024-03-28 16:00:00+00:00
[2024-03-28T17:20:21.993+0000] {processor.py:183} INFO - Processing /home/airflow/.local/lib/python3.8/site-packages/airflow/example_dags/example_latest_only_with_trigger.py took 0.421 seconds
[2024-03-28T17:20:52.555+0000] {processor.py:161} INFO - Started process (PID=1195) to work on /home/airflow/.local/lib/python3.8/site-packages/airflow/example_dags/example_latest_only_with_trigger.py
[2024-03-28T17:20:52.577+0000] {processor.py:830} INFO - Processing file /home/airflow/.local/lib/python3.8/site-packages/airflow/example_dags/example_latest_only_with_trigger.py for tasks to queue
[2024-03-28T17:20:52.611+0000] {logging_mixin.py:188} INFO - [2024-03-28T17:20:52.609+0000] {dagbag.py:540} INFO - Filling up the DagBag from /home/airflow/.local/lib/python3.8/site-packages/airflow/example_dags/example_latest_only_with_trigger.py
[2024-03-28T17:20:52.646+0000] {processor.py:840} INFO - DAG(s) 'latest_only_with_trigger' retrieved from /home/airflow/.local/lib/python3.8/site-packages/airflow/example_dags/example_latest_only_with_trigger.py
[2024-03-28T17:20:52.728+0000] {logging_mixin.py:188} INFO - [2024-03-28T17:20:52.727+0000] {dag.py:3047} INFO - Sync 1 DAGs
[2024-03-28T17:20:52.827+0000] {logging_mixin.py:188} INFO - [2024-03-28T17:20:52.826+0000] {dag.py:3834} INFO - Setting next_dagrun for latest_only_with_trigger to 2024-03-28 12:00:00+00:00, run_after=2024-03-28 16:00:00+00:00
[2024-03-28T17:20:52.925+0000] {processor.py:183} INFO - Processing /home/airflow/.local/lib/python3.8/site-packages/airflow/example_dags/example_latest_only_with_trigger.py took 0.434 seconds
[2024-03-28T17:21:26.950+0000] {processor.py:161} INFO - Started process (PID=1250) to work on /home/airflow/.local/lib/python3.8/site-packages/airflow/example_dags/example_latest_only_with_trigger.py
[2024-03-28T17:21:26.958+0000] {processor.py:830} INFO - Processing file /home/airflow/.local/lib/python3.8/site-packages/airflow/example_dags/example_latest_only_with_trigger.py for tasks to queue
[2024-03-28T17:21:26.971+0000] {logging_mixin.py:188} INFO - [2024-03-28T17:21:26.969+0000] {dagbag.py:540} INFO - Filling up the DagBag from /home/airflow/.local/lib/python3.8/site-packages/airflow/example_dags/example_latest_only_with_trigger.py
[2024-03-28T17:21:27.007+0000] {processor.py:840} INFO - DAG(s) 'latest_only_with_trigger' retrieved from /home/airflow/.local/lib/python3.8/site-packages/airflow/example_dags/example_latest_only_with_trigger.py
[2024-03-28T17:21:27.192+0000] {logging_mixin.py:188} INFO - [2024-03-28T17:21:27.192+0000] {dag.py:3047} INFO - Sync 1 DAGs
[2024-03-28T17:21:27.537+0000] {logging_mixin.py:188} INFO - [2024-03-28T17:21:27.536+0000] {dag.py:3834} INFO - Setting next_dagrun for latest_only_with_trigger to 2024-03-28 12:00:00+00:00, run_after=2024-03-28 16:00:00+00:00
[2024-03-28T17:21:27.758+0000] {processor.py:183} INFO - Processing /home/airflow/.local/lib/python3.8/site-packages/airflow/example_dags/example_latest_only_with_trigger.py took 0.819 seconds
[2024-03-28T17:22:00.042+0000] {processor.py:161} INFO - Started process (PID=1305) to work on /home/airflow/.local/lib/python3.8/site-packages/airflow/example_dags/example_latest_only_with_trigger.py
[2024-03-28T17:22:00.046+0000] {processor.py:830} INFO - Processing file /home/airflow/.local/lib/python3.8/site-packages/airflow/example_dags/example_latest_only_with_trigger.py for tasks to queue
[2024-03-28T17:22:00.053+0000] {logging_mixin.py:188} INFO - [2024-03-28T17:22:00.052+0000] {dagbag.py:540} INFO - Filling up the DagBag from /home/airflow/.local/lib/python3.8/site-packages/airflow/example_dags/example_latest_only_with_trigger.py
[2024-03-28T17:22:00.083+0000] {processor.py:840} INFO - DAG(s) 'latest_only_with_trigger' retrieved from /home/airflow/.local/lib/python3.8/site-packages/airflow/example_dags/example_latest_only_with_trigger.py
[2024-03-28T17:22:00.217+0000] {logging_mixin.py:188} INFO - [2024-03-28T17:22:00.216+0000] {dag.py:3047} INFO - Sync 1 DAGs
[2024-03-28T17:22:00.486+0000] {logging_mixin.py:188} INFO - [2024-03-28T17:22:00.486+0000] {dag.py:3834} INFO - Setting next_dagrun for latest_only_with_trigger to 2024-03-28 12:00:00+00:00, run_after=2024-03-28 16:00:00+00:00
[2024-03-28T17:22:00.736+0000] {processor.py:183} INFO - Processing /home/airflow/.local/lib/python3.8/site-packages/airflow/example_dags/example_latest_only_with_trigger.py took 0.738 seconds
[2024-03-28T17:22:31.393+0000] {processor.py:161} INFO - Started process (PID=1359) to work on /home/airflow/.local/lib/python3.8/site-packages/airflow/example_dags/example_latest_only_with_trigger.py
[2024-03-28T17:22:31.400+0000] {processor.py:830} INFO - Processing file /home/airflow/.local/lib/python3.8/site-packages/airflow/example_dags/example_latest_only_with_trigger.py for tasks to queue
[2024-03-28T17:22:31.417+0000] {logging_mixin.py:188} INFO - [2024-03-28T17:22:31.413+0000] {dagbag.py:540} INFO - Filling up the DagBag from /home/airflow/.local/lib/python3.8/site-packages/airflow/example_dags/example_latest_only_with_trigger.py
[2024-03-28T17:22:31.465+0000] {processor.py:840} INFO - DAG(s) 'latest_only_with_trigger' retrieved from /home/airflow/.local/lib/python3.8/site-packages/airflow/example_dags/example_latest_only_with_trigger.py
[2024-03-28T17:22:31.607+0000] {logging_mixin.py:188} INFO - [2024-03-28T17:22:31.598+0000] {dag.py:3047} INFO - Sync 1 DAGs
[2024-03-28T17:22:31.837+0000] {logging_mixin.py:188} INFO - [2024-03-28T17:22:31.836+0000] {dag.py:3834} INFO - Setting next_dagrun for latest_only_with_trigger to 2024-03-28 12:00:00+00:00, run_after=2024-03-28 16:00:00+00:00
[2024-03-28T17:22:31.912+0000] {processor.py:183} INFO - Processing /home/airflow/.local/lib/python3.8/site-packages/airflow/example_dags/example_latest_only_with_trigger.py took 0.547 seconds
[2024-03-28T17:23:06.048+0000] {processor.py:161} INFO - Started process (PID=1414) to work on /home/airflow/.local/lib/python3.8/site-packages/airflow/example_dags/example_latest_only_with_trigger.py
[2024-03-28T17:23:06.065+0000] {processor.py:830} INFO - Processing file /home/airflow/.local/lib/python3.8/site-packages/airflow/example_dags/example_latest_only_with_trigger.py for tasks to queue
[2024-03-28T17:23:06.089+0000] {logging_mixin.py:188} INFO - [2024-03-28T17:23:06.087+0000] {dagbag.py:540} INFO - Filling up the DagBag from /home/airflow/.local/lib/python3.8/site-packages/airflow/example_dags/example_latest_only_with_trigger.py
[2024-03-28T17:23:06.111+0000] {processor.py:840} INFO - DAG(s) 'latest_only_with_trigger' retrieved from /home/airflow/.local/lib/python3.8/site-packages/airflow/example_dags/example_latest_only_with_trigger.py
[2024-03-28T17:23:06.184+0000] {logging_mixin.py:188} INFO - [2024-03-28T17:23:06.183+0000] {dag.py:3047} INFO - Sync 1 DAGs
[2024-03-28T17:23:06.265+0000] {logging_mixin.py:188} INFO - [2024-03-28T17:23:06.264+0000] {dag.py:3834} INFO - Setting next_dagrun for latest_only_with_trigger to 2024-03-28 12:00:00+00:00, run_after=2024-03-28 16:00:00+00:00
[2024-03-28T17:23:06.352+0000] {processor.py:183} INFO - Processing /home/airflow/.local/lib/python3.8/site-packages/airflow/example_dags/example_latest_only_with_trigger.py took 0.338 seconds
[2024-03-28T17:23:36.717+0000] {processor.py:161} INFO - Started process (PID=1469) to work on /home/airflow/.local/lib/python3.8/site-packages/airflow/example_dags/example_latest_only_with_trigger.py
[2024-03-28T17:23:36.721+0000] {processor.py:830} INFO - Processing file /home/airflow/.local/lib/python3.8/site-packages/airflow/example_dags/example_latest_only_with_trigger.py for tasks to queue
[2024-03-28T17:23:36.734+0000] {logging_mixin.py:188} INFO - [2024-03-28T17:23:36.733+0000] {dagbag.py:540} INFO - Filling up the DagBag from /home/airflow/.local/lib/python3.8/site-packages/airflow/example_dags/example_latest_only_with_trigger.py
[2024-03-28T17:23:36.760+0000] {processor.py:840} INFO - DAG(s) 'latest_only_with_trigger' retrieved from /home/airflow/.local/lib/python3.8/site-packages/airflow/example_dags/example_latest_only_with_trigger.py
[2024-03-28T17:23:36.963+0000] {logging_mixin.py:188} INFO - [2024-03-28T17:23:36.962+0000] {dag.py:3047} INFO - Sync 1 DAGs
[2024-03-28T17:23:37.086+0000] {logging_mixin.py:188} INFO - [2024-03-28T17:23:37.075+0000] {dag.py:3834} INFO - Setting next_dagrun for latest_only_with_trigger to 2024-03-28 12:00:00+00:00, run_after=2024-03-28 16:00:00+00:00
[2024-03-28T17:23:37.324+0000] {processor.py:183} INFO - Processing /home/airflow/.local/lib/python3.8/site-packages/airflow/example_dags/example_latest_only_with_trigger.py took 0.626 seconds
[2024-03-28T17:24:10.026+0000] {processor.py:161} INFO - Started process (PID=1516) to work on /home/airflow/.local/lib/python3.8/site-packages/airflow/example_dags/example_latest_only_with_trigger.py
[2024-03-28T17:24:10.034+0000] {processor.py:830} INFO - Processing file /home/airflow/.local/lib/python3.8/site-packages/airflow/example_dags/example_latest_only_with_trigger.py for tasks to queue
[2024-03-28T17:24:10.040+0000] {logging_mixin.py:188} INFO - [2024-03-28T17:24:10.040+0000] {dagbag.py:540} INFO - Filling up the DagBag from /home/airflow/.local/lib/python3.8/site-packages/airflow/example_dags/example_latest_only_with_trigger.py
[2024-03-28T17:24:10.066+0000] {processor.py:840} INFO - DAG(s) 'latest_only_with_trigger' retrieved from /home/airflow/.local/lib/python3.8/site-packages/airflow/example_dags/example_latest_only_with_trigger.py
[2024-03-28T17:24:10.148+0000] {logging_mixin.py:188} INFO - [2024-03-28T17:24:10.148+0000] {dag.py:3047} INFO - Sync 1 DAGs
[2024-03-28T17:24:10.227+0000] {logging_mixin.py:188} INFO - [2024-03-28T17:24:10.226+0000] {dag.py:3834} INFO - Setting next_dagrun for latest_only_with_trigger to 2024-03-28 12:00:00+00:00, run_after=2024-03-28 16:00:00+00:00
[2024-03-28T17:24:10.297+0000] {processor.py:183} INFO - Processing /home/airflow/.local/lib/python3.8/site-packages/airflow/example_dags/example_latest_only_with_trigger.py took 0.284 seconds
[2024-03-28T17:24:46.966+0000] {processor.py:161} INFO - Started process (PID=1569) to work on /home/airflow/.local/lib/python3.8/site-packages/airflow/example_dags/example_latest_only_with_trigger.py
[2024-03-28T17:24:46.971+0000] {processor.py:830} INFO - Processing file /home/airflow/.local/lib/python3.8/site-packages/airflow/example_dags/example_latest_only_with_trigger.py for tasks to queue
[2024-03-28T17:24:46.992+0000] {logging_mixin.py:188} INFO - [2024-03-28T17:24:46.991+0000] {dagbag.py:540} INFO - Filling up the DagBag from /home/airflow/.local/lib/python3.8/site-packages/airflow/example_dags/example_latest_only_with_trigger.py
[2024-03-28T17:24:47.028+0000] {processor.py:840} INFO - DAG(s) 'latest_only_with_trigger' retrieved from /home/airflow/.local/lib/python3.8/site-packages/airflow/example_dags/example_latest_only_with_trigger.py
[2024-03-28T17:24:47.097+0000] {logging_mixin.py:188} INFO - [2024-03-28T17:24:47.096+0000] {dag.py:3047} INFO - Sync 1 DAGs
[2024-03-28T17:24:47.170+0000] {logging_mixin.py:188} INFO - [2024-03-28T17:24:47.169+0000] {dag.py:3834} INFO - Setting next_dagrun for latest_only_with_trigger to 2024-03-28 12:00:00+00:00, run_after=2024-03-28 16:00:00+00:00
[2024-03-28T17:24:47.291+0000] {processor.py:183} INFO - Processing /home/airflow/.local/lib/python3.8/site-packages/airflow/example_dags/example_latest_only_with_trigger.py took 0.338 seconds
[2024-03-28T17:25:20.176+0000] {processor.py:161} INFO - Started process (PID=1624) to work on /home/airflow/.local/lib/python3.8/site-packages/airflow/example_dags/example_latest_only_with_trigger.py
[2024-03-28T17:25:20.185+0000] {processor.py:830} INFO - Processing file /home/airflow/.local/lib/python3.8/site-packages/airflow/example_dags/example_latest_only_with_trigger.py for tasks to queue
[2024-03-28T17:25:20.219+0000] {logging_mixin.py:188} INFO - [2024-03-28T17:25:20.208+0000] {dagbag.py:540} INFO - Filling up the DagBag from /home/airflow/.local/lib/python3.8/site-packages/airflow/example_dags/example_latest_only_with_trigger.py
[2024-03-28T17:25:20.294+0000] {processor.py:840} INFO - DAG(s) 'latest_only_with_trigger' retrieved from /home/airflow/.local/lib/python3.8/site-packages/airflow/example_dags/example_latest_only_with_trigger.py
[2024-03-28T17:25:20.497+0000] {logging_mixin.py:188} INFO - [2024-03-28T17:25:20.496+0000] {dag.py:3047} INFO - Sync 1 DAGs
[2024-03-28T17:25:20.778+0000] {logging_mixin.py:188} INFO - [2024-03-28T17:25:20.778+0000] {dag.py:3834} INFO - Setting next_dagrun for latest_only_with_trigger to 2024-03-28 12:00:00+00:00, run_after=2024-03-28 16:00:00+00:00
[2024-03-28T17:25:21.048+0000] {processor.py:183} INFO - Processing /home/airflow/.local/lib/python3.8/site-packages/airflow/example_dags/example_latest_only_with_trigger.py took 0.923 seconds
[2024-03-28T17:25:51.492+0000] {processor.py:161} INFO - Started process (PID=1679) to work on /home/airflow/.local/lib/python3.8/site-packages/airflow/example_dags/example_latest_only_with_trigger.py
[2024-03-28T17:25:51.503+0000] {processor.py:830} INFO - Processing file /home/airflow/.local/lib/python3.8/site-packages/airflow/example_dags/example_latest_only_with_trigger.py for tasks to queue
[2024-03-28T17:25:51.520+0000] {logging_mixin.py:188} INFO - [2024-03-28T17:25:51.516+0000] {dagbag.py:540} INFO - Filling up the DagBag from /home/airflow/.local/lib/python3.8/site-packages/airflow/example_dags/example_latest_only_with_trigger.py
[2024-03-28T17:25:51.549+0000] {processor.py:840} INFO - DAG(s) 'latest_only_with_trigger' retrieved from /home/airflow/.local/lib/python3.8/site-packages/airflow/example_dags/example_latest_only_with_trigger.py
[2024-03-28T17:25:51.643+0000] {logging_mixin.py:188} INFO - [2024-03-28T17:25:51.642+0000] {dag.py:3047} INFO - Sync 1 DAGs
[2024-03-28T17:25:51.796+0000] {logging_mixin.py:188} INFO - [2024-03-28T17:25:51.795+0000] {dag.py:3834} INFO - Setting next_dagrun for latest_only_with_trigger to 2024-03-28 12:00:00+00:00, run_after=2024-03-28 16:00:00+00:00
[2024-03-28T17:25:52.005+0000] {processor.py:183} INFO - Processing /home/airflow/.local/lib/python3.8/site-packages/airflow/example_dags/example_latest_only_with_trigger.py took 0.528 seconds
[2024-03-28T17:26:22.545+0000] {processor.py:161} INFO - Started process (PID=1734) to work on /home/airflow/.local/lib/python3.8/site-packages/airflow/example_dags/example_latest_only_with_trigger.py
[2024-03-28T17:26:22.550+0000] {processor.py:830} INFO - Processing file /home/airflow/.local/lib/python3.8/site-packages/airflow/example_dags/example_latest_only_with_trigger.py for tasks to queue
[2024-03-28T17:26:22.560+0000] {logging_mixin.py:188} INFO - [2024-03-28T17:26:22.557+0000] {dagbag.py:540} INFO - Filling up the DagBag from /home/airflow/.local/lib/python3.8/site-packages/airflow/example_dags/example_latest_only_with_trigger.py
[2024-03-28T17:26:22.577+0000] {processor.py:840} INFO - DAG(s) 'latest_only_with_trigger' retrieved from /home/airflow/.local/lib/python3.8/site-packages/airflow/example_dags/example_latest_only_with_trigger.py
[2024-03-28T17:26:22.631+0000] {logging_mixin.py:188} INFO - [2024-03-28T17:26:22.631+0000] {dag.py:3047} INFO - Sync 1 DAGs
[2024-03-28T17:26:22.686+0000] {logging_mixin.py:188} INFO - [2024-03-28T17:26:22.685+0000] {dag.py:3834} INFO - Setting next_dagrun for latest_only_with_trigger to 2024-03-28 12:00:00+00:00, run_after=2024-03-28 16:00:00+00:00
[2024-03-28T17:26:22.741+0000] {processor.py:183} INFO - Processing /home/airflow/.local/lib/python3.8/site-packages/airflow/example_dags/example_latest_only_with_trigger.py took 0.205 seconds
[2024-03-28T17:26:54.274+0000] {processor.py:161} INFO - Started process (PID=1788) to work on /home/airflow/.local/lib/python3.8/site-packages/airflow/example_dags/example_latest_only_with_trigger.py
[2024-03-28T17:26:54.278+0000] {processor.py:830} INFO - Processing file /home/airflow/.local/lib/python3.8/site-packages/airflow/example_dags/example_latest_only_with_trigger.py for tasks to queue
[2024-03-28T17:26:54.286+0000] {logging_mixin.py:188} INFO - [2024-03-28T17:26:54.285+0000] {dagbag.py:540} INFO - Filling up the DagBag from /home/airflow/.local/lib/python3.8/site-packages/airflow/example_dags/example_latest_only_with_trigger.py
[2024-03-28T17:26:54.313+0000] {processor.py:840} INFO - DAG(s) 'latest_only_with_trigger' retrieved from /home/airflow/.local/lib/python3.8/site-packages/airflow/example_dags/example_latest_only_with_trigger.py
[2024-03-28T17:26:54.409+0000] {logging_mixin.py:188} INFO - [2024-03-28T17:26:54.398+0000] {dag.py:3047} INFO - Sync 1 DAGs
[2024-03-28T17:26:54.563+0000] {logging_mixin.py:188} INFO - [2024-03-28T17:26:54.561+0000] {dag.py:3834} INFO - Setting next_dagrun for latest_only_with_trigger to 2024-03-28 12:00:00+00:00, run_after=2024-03-28 16:00:00+00:00
[2024-03-28T17:26:54.636+0000] {processor.py:183} INFO - Processing /home/airflow/.local/lib/python3.8/site-packages/airflow/example_dags/example_latest_only_with_trigger.py took 0.386 seconds
[2024-03-28T17:27:32.593+0000] {processor.py:161} INFO - Started process (PID=1838) to work on /home/airflow/.local/lib/python3.8/site-packages/airflow/example_dags/example_latest_only_with_trigger.py
[2024-03-28T17:27:32.596+0000] {processor.py:830} INFO - Processing file /home/airflow/.local/lib/python3.8/site-packages/airflow/example_dags/example_latest_only_with_trigger.py for tasks to queue
[2024-03-28T17:27:32.605+0000] {logging_mixin.py:188} INFO - [2024-03-28T17:27:32.604+0000] {dagbag.py:540} INFO - Filling up the DagBag from /home/airflow/.local/lib/python3.8/site-packages/airflow/example_dags/example_latest_only_with_trigger.py
[2024-03-28T17:27:32.622+0000] {processor.py:840} INFO - DAG(s) 'latest_only_with_trigger' retrieved from /home/airflow/.local/lib/python3.8/site-packages/airflow/example_dags/example_latest_only_with_trigger.py
[2024-03-28T17:27:32.681+0000] {logging_mixin.py:188} INFO - [2024-03-28T17:27:32.680+0000] {dag.py:3047} INFO - Sync 1 DAGs
[2024-03-28T17:27:32.750+0000] {logging_mixin.py:188} INFO - [2024-03-28T17:27:32.749+0000] {dag.py:3834} INFO - Setting next_dagrun for latest_only_with_trigger to 2024-03-28 12:00:00+00:00, run_after=2024-03-28 16:00:00+00:00
[2024-03-28T17:27:32.819+0000] {processor.py:183} INFO - Processing /home/airflow/.local/lib/python3.8/site-packages/airflow/example_dags/example_latest_only_with_trigger.py took 0.235 seconds
[2024-03-28T17:28:04.626+0000] {processor.py:161} INFO - Started process (PID=1893) to work on /home/airflow/.local/lib/python3.8/site-packages/airflow/example_dags/example_latest_only_with_trigger.py
[2024-03-28T17:28:04.654+0000] {processor.py:830} INFO - Processing file /home/airflow/.local/lib/python3.8/site-packages/airflow/example_dags/example_latest_only_with_trigger.py for tasks to queue
[2024-03-28T17:28:04.691+0000] {logging_mixin.py:188} INFO - [2024-03-28T17:28:04.688+0000] {dagbag.py:540} INFO - Filling up the DagBag from /home/airflow/.local/lib/python3.8/site-packages/airflow/example_dags/example_latest_only_with_trigger.py
[2024-03-28T17:28:04.725+0000] {processor.py:840} INFO - DAG(s) 'latest_only_with_trigger' retrieved from /home/airflow/.local/lib/python3.8/site-packages/airflow/example_dags/example_latest_only_with_trigger.py
[2024-03-28T17:28:04.846+0000] {logging_mixin.py:188} INFO - [2024-03-28T17:28:04.846+0000] {dag.py:3047} INFO - Sync 1 DAGs
[2024-03-28T17:28:04.928+0000] {logging_mixin.py:188} INFO - [2024-03-28T17:28:04.927+0000] {dag.py:3834} INFO - Setting next_dagrun for latest_only_with_trigger to 2024-03-28 12:00:00+00:00, run_after=2024-03-28 16:00:00+00:00
[2024-03-28T17:28:05.023+0000] {processor.py:183} INFO - Processing /home/airflow/.local/lib/python3.8/site-packages/airflow/example_dags/example_latest_only_with_trigger.py took 0.455 seconds
[2024-03-28T17:28:39.255+0000] {processor.py:161} INFO - Started process (PID=1949) to work on /home/airflow/.local/lib/python3.8/site-packages/airflow/example_dags/example_latest_only_with_trigger.py
[2024-03-28T17:28:39.267+0000] {processor.py:830} INFO - Processing file /home/airflow/.local/lib/python3.8/site-packages/airflow/example_dags/example_latest_only_with_trigger.py for tasks to queue
[2024-03-28T17:28:39.314+0000] {logging_mixin.py:188} INFO - [2024-03-28T17:28:39.314+0000] {dagbag.py:540} INFO - Filling up the DagBag from /home/airflow/.local/lib/python3.8/site-packages/airflow/example_dags/example_latest_only_with_trigger.py
[2024-03-28T17:28:39.451+0000] {processor.py:840} INFO - DAG(s) 'latest_only_with_trigger' retrieved from /home/airflow/.local/lib/python3.8/site-packages/airflow/example_dags/example_latest_only_with_trigger.py
[2024-03-28T17:28:39.668+0000] {logging_mixin.py:188} INFO - [2024-03-28T17:28:39.668+0000] {dag.py:3047} INFO - Sync 1 DAGs
[2024-03-28T17:28:39.995+0000] {logging_mixin.py:188} INFO - [2024-03-28T17:28:39.994+0000] {dag.py:3834} INFO - Setting next_dagrun for latest_only_with_trigger to 2024-03-28 12:00:00+00:00, run_after=2024-03-28 16:00:00+00:00
[2024-03-28T17:28:40.149+0000] {processor.py:183} INFO - Processing /home/airflow/.local/lib/python3.8/site-packages/airflow/example_dags/example_latest_only_with_trigger.py took 0.954 seconds
[2024-03-28T17:29:10.299+0000] {processor.py:161} INFO - Started process (PID=2004) to work on /home/airflow/.local/lib/python3.8/site-packages/airflow/example_dags/example_latest_only_with_trigger.py
[2024-03-28T17:29:10.306+0000] {processor.py:830} INFO - Processing file /home/airflow/.local/lib/python3.8/site-packages/airflow/example_dags/example_latest_only_with_trigger.py for tasks to queue
[2024-03-28T17:29:10.316+0000] {logging_mixin.py:188} INFO - [2024-03-28T17:29:10.315+0000] {dagbag.py:540} INFO - Filling up the DagBag from /home/airflow/.local/lib/python3.8/site-packages/airflow/example_dags/example_latest_only_with_trigger.py
[2024-03-28T17:29:10.342+0000] {processor.py:840} INFO - DAG(s) 'latest_only_with_trigger' retrieved from /home/airflow/.local/lib/python3.8/site-packages/airflow/example_dags/example_latest_only_with_trigger.py
[2024-03-28T17:29:10.409+0000] {logging_mixin.py:188} INFO - [2024-03-28T17:29:10.408+0000] {dag.py:3047} INFO - Sync 1 DAGs
[2024-03-28T17:29:10.517+0000] {logging_mixin.py:188} INFO - [2024-03-28T17:29:10.516+0000] {dag.py:3834} INFO - Setting next_dagrun for latest_only_with_trigger to 2024-03-28 12:00:00+00:00, run_after=2024-03-28 16:00:00+00:00
[2024-03-28T17:29:10.584+0000] {processor.py:183} INFO - Processing /home/airflow/.local/lib/python3.8/site-packages/airflow/example_dags/example_latest_only_with_trigger.py took 0.296 seconds
[2024-03-28T17:29:41.422+0000] {processor.py:161} INFO - Started process (PID=2059) to work on /home/airflow/.local/lib/python3.8/site-packages/airflow/example_dags/example_latest_only_with_trigger.py
[2024-03-28T17:29:41.427+0000] {processor.py:830} INFO - Processing file /home/airflow/.local/lib/python3.8/site-packages/airflow/example_dags/example_latest_only_with_trigger.py for tasks to queue
[2024-03-28T17:29:41.434+0000] {logging_mixin.py:188} INFO - [2024-03-28T17:29:41.433+0000] {dagbag.py:540} INFO - Filling up the DagBag from /home/airflow/.local/lib/python3.8/site-packages/airflow/example_dags/example_latest_only_with_trigger.py
[2024-03-28T17:29:41.451+0000] {processor.py:840} INFO - DAG(s) 'latest_only_with_trigger' retrieved from /home/airflow/.local/lib/python3.8/site-packages/airflow/example_dags/example_latest_only_with_trigger.py
[2024-03-28T17:29:41.505+0000] {logging_mixin.py:188} INFO - [2024-03-28T17:29:41.504+0000] {dag.py:3047} INFO - Sync 1 DAGs
[2024-03-28T17:29:41.568+0000] {logging_mixin.py:188} INFO - [2024-03-28T17:29:41.568+0000] {dag.py:3834} INFO - Setting next_dagrun for latest_only_with_trigger to 2024-03-28 12:00:00+00:00, run_after=2024-03-28 16:00:00+00:00
[2024-03-28T17:29:41.630+0000] {processor.py:183} INFO - Processing /home/airflow/.local/lib/python3.8/site-packages/airflow/example_dags/example_latest_only_with_trigger.py took 0.222 seconds
[2024-03-28T17:30:12.010+0000] {processor.py:161} INFO - Started process (PID=2114) to work on /home/airflow/.local/lib/python3.8/site-packages/airflow/example_dags/example_latest_only_with_trigger.py
[2024-03-28T17:30:12.023+0000] {processor.py:830} INFO - Processing file /home/airflow/.local/lib/python3.8/site-packages/airflow/example_dags/example_latest_only_with_trigger.py for tasks to queue
[2024-03-28T17:30:12.029+0000] {logging_mixin.py:188} INFO - [2024-03-28T17:30:12.028+0000] {dagbag.py:540} INFO - Filling up the DagBag from /home/airflow/.local/lib/python3.8/site-packages/airflow/example_dags/example_latest_only_with_trigger.py
[2024-03-28T17:30:12.061+0000] {processor.py:840} INFO - DAG(s) 'latest_only_with_trigger' retrieved from /home/airflow/.local/lib/python3.8/site-packages/airflow/example_dags/example_latest_only_with_trigger.py
[2024-03-28T17:30:12.153+0000] {logging_mixin.py:188} INFO - [2024-03-28T17:30:12.152+0000] {dag.py:3047} INFO - Sync 1 DAGs
[2024-03-28T17:30:12.219+0000] {logging_mixin.py:188} INFO - [2024-03-28T17:30:12.218+0000] {dag.py:3834} INFO - Setting next_dagrun for latest_only_with_trigger to 2024-03-28 12:00:00+00:00, run_after=2024-03-28 16:00:00+00:00
[2024-03-28T17:30:12.309+0000] {processor.py:183} INFO - Processing /home/airflow/.local/lib/python3.8/site-packages/airflow/example_dags/example_latest_only_with_trigger.py took 0.332 seconds
[2024-03-28T17:30:56.285+0000] {processor.py:161} INFO - Started process (PID=2172) to work on /home/airflow/.local/lib/python3.8/site-packages/airflow/example_dags/example_latest_only_with_trigger.py
[2024-03-28T17:30:56.291+0000] {processor.py:830} INFO - Processing file /home/airflow/.local/lib/python3.8/site-packages/airflow/example_dags/example_latest_only_with_trigger.py for tasks to queue
[2024-03-28T17:30:56.324+0000] {logging_mixin.py:188} INFO - [2024-03-28T17:30:56.323+0000] {dagbag.py:540} INFO - Filling up the DagBag from /home/airflow/.local/lib/python3.8/site-packages/airflow/example_dags/example_latest_only_with_trigger.py
[2024-03-28T17:30:56.397+0000] {processor.py:840} INFO - DAG(s) 'latest_only_with_trigger' retrieved from /home/airflow/.local/lib/python3.8/site-packages/airflow/example_dags/example_latest_only_with_trigger.py
[2024-03-28T17:30:56.493+0000] {logging_mixin.py:188} INFO - [2024-03-28T17:30:56.490+0000] {dag.py:3047} INFO - Sync 1 DAGs
[2024-03-28T17:30:56.582+0000] {logging_mixin.py:188} INFO - [2024-03-28T17:30:56.581+0000] {dag.py:3834} INFO - Setting next_dagrun for latest_only_with_trigger to 2024-03-28 12:00:00+00:00, run_after=2024-03-28 16:00:00+00:00
[2024-03-28T17:30:56.645+0000] {processor.py:183} INFO - Processing /home/airflow/.local/lib/python3.8/site-packages/airflow/example_dags/example_latest_only_with_trigger.py took 0.376 seconds
[2024-03-28T17:31:29.385+0000] {processor.py:161} INFO - Started process (PID=2226) to work on /home/airflow/.local/lib/python3.8/site-packages/airflow/example_dags/example_latest_only_with_trigger.py
[2024-03-28T17:31:29.391+0000] {processor.py:830} INFO - Processing file /home/airflow/.local/lib/python3.8/site-packages/airflow/example_dags/example_latest_only_with_trigger.py for tasks to queue
[2024-03-28T17:31:29.435+0000] {logging_mixin.py:188} INFO - [2024-03-28T17:31:29.401+0000] {dagbag.py:540} INFO - Filling up the DagBag from /home/airflow/.local/lib/python3.8/site-packages/airflow/example_dags/example_latest_only_with_trigger.py
[2024-03-28T17:31:29.475+0000] {processor.py:840} INFO - DAG(s) 'latest_only_with_trigger' retrieved from /home/airflow/.local/lib/python3.8/site-packages/airflow/example_dags/example_latest_only_with_trigger.py
[2024-03-28T17:31:29.575+0000] {logging_mixin.py:188} INFO - [2024-03-28T17:31:29.574+0000] {dag.py:3047} INFO - Sync 1 DAGs
[2024-03-28T17:31:29.683+0000] {logging_mixin.py:188} INFO - [2024-03-28T17:31:29.683+0000] {dag.py:3834} INFO - Setting next_dagrun for latest_only_with_trigger to 2024-03-28 12:00:00+00:00, run_after=2024-03-28 16:00:00+00:00
[2024-03-28T17:31:29.736+0000] {processor.py:183} INFO - Processing /home/airflow/.local/lib/python3.8/site-packages/airflow/example_dags/example_latest_only_with_trigger.py took 0.394 seconds
[2024-03-28T17:32:04.560+0000] {processor.py:161} INFO - Started process (PID=2281) to work on /home/airflow/.local/lib/python3.8/site-packages/airflow/example_dags/example_latest_only_with_trigger.py
[2024-03-28T17:32:04.570+0000] {processor.py:830} INFO - Processing file /home/airflow/.local/lib/python3.8/site-packages/airflow/example_dags/example_latest_only_with_trigger.py for tasks to queue
[2024-03-28T17:32:04.587+0000] {logging_mixin.py:188} INFO - [2024-03-28T17:32:04.584+0000] {dagbag.py:540} INFO - Filling up the DagBag from /home/airflow/.local/lib/python3.8/site-packages/airflow/example_dags/example_latest_only_with_trigger.py
[2024-03-28T17:32:04.629+0000] {processor.py:840} INFO - DAG(s) 'latest_only_with_trigger' retrieved from /home/airflow/.local/lib/python3.8/site-packages/airflow/example_dags/example_latest_only_with_trigger.py
[2024-03-28T17:32:04.832+0000] {logging_mixin.py:188} INFO - [2024-03-28T17:32:04.831+0000] {dag.py:3047} INFO - Sync 1 DAGs
[2024-03-28T17:32:05.117+0000] {logging_mixin.py:188} INFO - [2024-03-28T17:32:05.116+0000] {dag.py:3834} INFO - Setting next_dagrun for latest_only_with_trigger to 2024-03-28 12:00:00+00:00, run_after=2024-03-28 16:00:00+00:00
[2024-03-28T17:32:05.733+0000] {processor.py:183} INFO - Processing /home/airflow/.local/lib/python3.8/site-packages/airflow/example_dags/example_latest_only_with_trigger.py took 1.229 seconds
[2024-03-28T17:32:36.290+0000] {processor.py:161} INFO - Started process (PID=2336) to work on /home/airflow/.local/lib/python3.8/site-packages/airflow/example_dags/example_latest_only_with_trigger.py
[2024-03-28T17:32:36.307+0000] {processor.py:830} INFO - Processing file /home/airflow/.local/lib/python3.8/site-packages/airflow/example_dags/example_latest_only_with_trigger.py for tasks to queue
[2024-03-28T17:32:36.348+0000] {logging_mixin.py:188} INFO - [2024-03-28T17:32:36.344+0000] {dagbag.py:540} INFO - Filling up the DagBag from /home/airflow/.local/lib/python3.8/site-packages/airflow/example_dags/example_latest_only_with_trigger.py
[2024-03-28T17:32:36.414+0000] {processor.py:840} INFO - DAG(s) 'latest_only_with_trigger' retrieved from /home/airflow/.local/lib/python3.8/site-packages/airflow/example_dags/example_latest_only_with_trigger.py
[2024-03-28T17:32:36.948+0000] {logging_mixin.py:188} INFO - [2024-03-28T17:32:36.947+0000] {dag.py:3047} INFO - Sync 1 DAGs
[2024-03-28T17:32:37.260+0000] {logging_mixin.py:188} INFO - [2024-03-28T17:32:37.260+0000] {dag.py:3834} INFO - Setting next_dagrun for latest_only_with_trigger to 2024-03-28 12:00:00+00:00, run_after=2024-03-28 16:00:00+00:00
[2024-03-28T17:32:37.444+0000] {processor.py:183} INFO - Processing /home/airflow/.local/lib/python3.8/site-packages/airflow/example_dags/example_latest_only_with_trigger.py took 1.192 seconds
[2024-03-28T17:33:08.229+0000] {processor.py:161} INFO - Started process (PID=2390) to work on /home/airflow/.local/lib/python3.8/site-packages/airflow/example_dags/example_latest_only_with_trigger.py
[2024-03-28T17:33:08.235+0000] {processor.py:830} INFO - Processing file /home/airflow/.local/lib/python3.8/site-packages/airflow/example_dags/example_latest_only_with_trigger.py for tasks to queue
[2024-03-28T17:33:08.246+0000] {logging_mixin.py:188} INFO - [2024-03-28T17:33:08.245+0000] {dagbag.py:540} INFO - Filling up the DagBag from /home/airflow/.local/lib/python3.8/site-packages/airflow/example_dags/example_latest_only_with_trigger.py
[2024-03-28T17:33:08.264+0000] {processor.py:840} INFO - DAG(s) 'latest_only_with_trigger' retrieved from /home/airflow/.local/lib/python3.8/site-packages/airflow/example_dags/example_latest_only_with_trigger.py
[2024-03-28T17:33:08.347+0000] {logging_mixin.py:188} INFO - [2024-03-28T17:33:08.346+0000] {dag.py:3047} INFO - Sync 1 DAGs
[2024-03-28T17:33:08.462+0000] {logging_mixin.py:188} INFO - [2024-03-28T17:33:08.461+0000] {dag.py:3834} INFO - Setting next_dagrun for latest_only_with_trigger to 2024-03-28 12:00:00+00:00, run_after=2024-03-28 16:00:00+00:00
[2024-03-28T17:33:08.542+0000] {processor.py:183} INFO - Processing /home/airflow/.local/lib/python3.8/site-packages/airflow/example_dags/example_latest_only_with_trigger.py took 0.323 seconds
