[2024-03-28T16:31:13.856+0000] {processor.py:161} INFO - Started process (PID=119) to work on /home/airflow/.local/lib/python3.8/site-packages/airflow/example_dags/example_task_group.py
[2024-03-28T16:31:13.907+0000] {processor.py:830} INFO - Processing file /home/airflow/.local/lib/python3.8/site-packages/airflow/example_dags/example_task_group.py for tasks to queue
[2024-03-28T16:31:14.173+0000] {logging_mixin.py:188} INFO - [2024-03-28T16:31:14.172+0000] {dagbag.py:540} INFO - Filling up the DagBag from /home/airflow/.local/lib/python3.8/site-packages/airflow/example_dags/example_task_group.py
[2024-03-28T16:31:14.809+0000] {processor.py:840} INFO - DAG(s) 'example_task_group' retrieved from /home/airflow/.local/lib/python3.8/site-packages/airflow/example_dags/example_task_group.py
[2024-03-28T16:31:25.962+0000] {logging_mixin.py:188} INFO - [2024-03-28T16:31:25.928+0000] {override.py:1769} INFO - Created Permission View: can edit on DAG:example_task_group
[2024-03-28T16:31:26.498+0000] {logging_mixin.py:188} INFO - [2024-03-28T16:31:26.464+0000] {override.py:1769} INFO - Created Permission View: can read on DAG:example_task_group
[2024-03-28T16:31:27.061+0000] {logging_mixin.py:188} INFO - [2024-03-28T16:31:27.060+0000] {override.py:1769} INFO - Created Permission View: can delete on DAG:example_task_group
[2024-03-28T16:31:27.090+0000] {logging_mixin.py:188} INFO - [2024-03-28T16:31:27.089+0000] {dag.py:3047} INFO - Sync 1 DAGs
[2024-03-28T16:31:27.812+0000] {logging_mixin.py:188} INFO - [2024-03-28T16:31:27.787+0000] {dag.py:3069} INFO - Creating ORM DAG for example_task_group
[2024-03-28T16:31:28.332+0000] {logging_mixin.py:188} INFO - [2024-03-28T16:31:28.301+0000] {dag.py:3834} INFO - Setting next_dagrun for example_task_group to 2024-03-27 00:00:00+00:00, run_after=2024-03-28 00:00:00+00:00
[2024-03-28T16:31:29.197+0000] {processor.py:183} INFO - Processing /home/airflow/.local/lib/python3.8/site-packages/airflow/example_dags/example_task_group.py took 15.602 seconds
[2024-03-28T16:35:29.464+0000] {processor.py:161} INFO - Started process (PID=215) to work on /home/airflow/.local/lib/python3.8/site-packages/airflow/example_dags/example_task_group.py
[2024-03-28T16:35:29.475+0000] {processor.py:830} INFO - Processing file /home/airflow/.local/lib/python3.8/site-packages/airflow/example_dags/example_task_group.py for tasks to queue
[2024-03-28T16:35:29.819+0000] {logging_mixin.py:188} INFO - [2024-03-28T16:35:29.726+0000] {dagbag.py:540} INFO - Filling up the DagBag from /home/airflow/.local/lib/python3.8/site-packages/airflow/example_dags/example_task_group.py
[2024-03-28T16:35:31.529+0000] {processor.py:840} INFO - DAG(s) 'example_task_group' retrieved from /home/airflow/.local/lib/python3.8/site-packages/airflow/example_dags/example_task_group.py
[2024-03-28T16:35:32.749+0000] {logging_mixin.py:188} INFO - [2024-03-28T16:35:32.748+0000] {dag.py:3047} INFO - Sync 1 DAGs
[2024-03-28T16:35:37.831+0000] {logging_mixin.py:188} INFO - [2024-03-28T16:35:37.743+0000] {dag.py:3834} INFO - Setting next_dagrun for example_task_group to 2024-03-27 00:00:00+00:00, run_after=2024-03-28 00:00:00+00:00
[2024-03-28T16:35:41.930+0000] {processor.py:183} INFO - Processing /home/airflow/.local/lib/python3.8/site-packages/airflow/example_dags/example_task_group.py took 12.672 seconds
[2024-03-28T16:38:02.902+0000] {processor.py:161} INFO - Started process (PID=283) to work on /home/airflow/.local/lib/python3.8/site-packages/airflow/example_dags/example_task_group.py
[2024-03-28T16:38:03.041+0000] {processor.py:830} INFO - Processing file /home/airflow/.local/lib/python3.8/site-packages/airflow/example_dags/example_task_group.py for tasks to queue
[2024-03-28T16:38:03.115+0000] {logging_mixin.py:188} INFO - [2024-03-28T16:38:03.060+0000] {dagbag.py:540} INFO - Filling up the DagBag from /home/airflow/.local/lib/python3.8/site-packages/airflow/example_dags/example_task_group.py
[2024-03-28T16:38:03.480+0000] {processor.py:840} INFO - DAG(s) 'example_task_group' retrieved from /home/airflow/.local/lib/python3.8/site-packages/airflow/example_dags/example_task_group.py
[2024-03-28T16:38:04.674+0000] {logging_mixin.py:188} INFO - [2024-03-28T16:38:04.642+0000] {dag.py:3047} INFO - Sync 1 DAGs
[2024-03-28T16:38:06.082+0000] {logging_mixin.py:188} INFO - [2024-03-28T16:38:06.061+0000] {dag.py:3834} INFO - Setting next_dagrun for example_task_group to 2024-03-27 00:00:00+00:00, run_after=2024-03-28 00:00:00+00:00
[2024-03-28T16:38:08.015+0000] {processor.py:183} INFO - Processing /home/airflow/.local/lib/python3.8/site-packages/airflow/example_dags/example_task_group.py took 5.524 seconds
[2024-03-28T16:40:27.907+0000] {processor.py:161} INFO - Started process (PID=351) to work on /home/airflow/.local/lib/python3.8/site-packages/airflow/example_dags/example_task_group.py
[2024-03-28T16:40:27.964+0000] {processor.py:830} INFO - Processing file /home/airflow/.local/lib/python3.8/site-packages/airflow/example_dags/example_task_group.py for tasks to queue
[2024-03-28T16:40:28.206+0000] {logging_mixin.py:188} INFO - [2024-03-28T16:40:27.996+0000] {dagbag.py:540} INFO - Filling up the DagBag from /home/airflow/.local/lib/python3.8/site-packages/airflow/example_dags/example_task_group.py
[2024-03-28T16:40:29.255+0000] {processor.py:840} INFO - DAG(s) 'example_task_group' retrieved from /home/airflow/.local/lib/python3.8/site-packages/airflow/example_dags/example_task_group.py
[2024-03-28T16:40:31.843+0000] {logging_mixin.py:188} INFO - [2024-03-28T16:40:31.781+0000] {dag.py:3047} INFO - Sync 1 DAGs
[2024-03-28T16:40:32.980+0000] {logging_mixin.py:188} INFO - [2024-03-28T16:40:32.978+0000] {dag.py:3834} INFO - Setting next_dagrun for example_task_group to 2024-03-27 00:00:00+00:00, run_after=2024-03-28 00:00:00+00:00
[2024-03-28T16:40:41.160+0000] {processor.py:183} INFO - Processing /home/airflow/.local/lib/python3.8/site-packages/airflow/example_dags/example_task_group.py took 13.614 seconds
[2024-03-28T16:43:41.886+0000] {processor.py:161} INFO - Started process (PID=423) to work on /home/airflow/.local/lib/python3.8/site-packages/airflow/example_dags/example_task_group.py
[2024-03-28T16:43:42.021+0000] {processor.py:830} INFO - Processing file /home/airflow/.local/lib/python3.8/site-packages/airflow/example_dags/example_task_group.py for tasks to queue
[2024-03-28T16:43:42.706+0000] {logging_mixin.py:188} INFO - [2024-03-28T16:43:42.647+0000] {dagbag.py:540} INFO - Filling up the DagBag from /home/airflow/.local/lib/python3.8/site-packages/airflow/example_dags/example_task_group.py
[2024-03-28T16:43:43.733+0000] {processor.py:840} INFO - DAG(s) 'example_task_group' retrieved from /home/airflow/.local/lib/python3.8/site-packages/airflow/example_dags/example_task_group.py
[2024-03-28T16:43:46.527+0000] {logging_mixin.py:188} INFO - [2024-03-28T16:43:46.464+0000] {dag.py:3047} INFO - Sync 1 DAGs
[2024-03-28T16:43:49.528+0000] {logging_mixin.py:188} INFO - [2024-03-28T16:43:49.526+0000] {dag.py:3834} INFO - Setting next_dagrun for example_task_group to 2024-03-27 00:00:00+00:00, run_after=2024-03-28 00:00:00+00:00
[2024-03-28T16:43:50.504+0000] {processor.py:183} INFO - Processing /home/airflow/.local/lib/python3.8/site-packages/airflow/example_dags/example_task_group.py took 9.212 seconds
[2024-03-28T16:52:01.183+0000] {processor.py:161} INFO - Started process (PID=536) to work on /home/airflow/.local/lib/python3.8/site-packages/airflow/example_dags/example_task_group.py
[2024-03-28T16:52:01.194+0000] {processor.py:830} INFO - Processing file /home/airflow/.local/lib/python3.8/site-packages/airflow/example_dags/example_task_group.py for tasks to queue
[2024-03-28T16:52:01.413+0000] {logging_mixin.py:188} INFO - [2024-03-28T16:52:01.201+0000] {dagbag.py:540} INFO - Filling up the DagBag from /home/airflow/.local/lib/python3.8/site-packages/airflow/example_dags/example_task_group.py
[2024-03-28T16:52:27.818+0000] {processor.py:840} INFO - DAG(s) 'example_task_group' retrieved from /home/airflow/.local/lib/python3.8/site-packages/airflow/example_dags/example_task_group.py
[2024-03-28T17:05:49.252+0000] {processor.py:161} INFO - Started process (PID=55) to work on /home/airflow/.local/lib/python3.8/site-packages/airflow/example_dags/example_task_group.py
[2024-03-28T17:05:49.281+0000] {processor.py:830} INFO - Processing file /home/airflow/.local/lib/python3.8/site-packages/airflow/example_dags/example_task_group.py for tasks to queue
[2024-03-28T17:05:49.303+0000] {logging_mixin.py:188} INFO - [2024-03-28T17:05:49.302+0000] {dagbag.py:540} INFO - Filling up the DagBag from /home/airflow/.local/lib/python3.8/site-packages/airflow/example_dags/example_task_group.py
[2024-03-28T17:05:49.399+0000] {processor.py:840} INFO - DAG(s) 'example_task_group' retrieved from /home/airflow/.local/lib/python3.8/site-packages/airflow/example_dags/example_task_group.py
[2024-03-28T17:05:52.306+0000] {logging_mixin.py:188} INFO - [2024-03-28T17:05:52.306+0000] {dag.py:3047} INFO - Sync 1 DAGs
[2024-03-28T17:05:52.472+0000] {logging_mixin.py:188} INFO - [2024-03-28T17:05:52.471+0000] {dag.py:3834} INFO - Setting next_dagrun for example_task_group to 2024-03-27 00:00:00+00:00, run_after=2024-03-28 00:00:00+00:00
[2024-03-28T17:05:52.623+0000] {processor.py:183} INFO - Processing /home/airflow/.local/lib/python3.8/site-packages/airflow/example_dags/example_task_group.py took 3.385 seconds
[2024-03-28T17:07:21.209+0000] {processor.py:161} INFO - Started process (PID=122) to work on /home/airflow/.local/lib/python3.8/site-packages/airflow/example_dags/example_task_group.py
[2024-03-28T17:07:21.340+0000] {processor.py:830} INFO - Processing file /home/airflow/.local/lib/python3.8/site-packages/airflow/example_dags/example_task_group.py for tasks to queue
[2024-03-28T17:07:21.741+0000] {logging_mixin.py:188} INFO - [2024-03-28T17:07:21.726+0000] {dagbag.py:540} INFO - Filling up the DagBag from /home/airflow/.local/lib/python3.8/site-packages/airflow/example_dags/example_task_group.py
[2024-03-28T17:07:21.996+0000] {processor.py:840} INFO - DAG(s) 'example_task_group' retrieved from /home/airflow/.local/lib/python3.8/site-packages/airflow/example_dags/example_task_group.py
[2024-03-28T17:07:22.168+0000] {logging_mixin.py:188} INFO - [2024-03-28T17:07:22.157+0000] {dag.py:3047} INFO - Sync 1 DAGs
[2024-03-28T17:07:23.898+0000] {logging_mixin.py:188} INFO - [2024-03-28T17:07:23.711+0000] {dag.py:3834} INFO - Setting next_dagrun for example_task_group to 2024-03-27 00:00:00+00:00, run_after=2024-03-28 00:00:00+00:00
[2024-03-28T17:07:24.390+0000] {processor.py:183} INFO - Processing /home/airflow/.local/lib/python3.8/site-packages/airflow/example_dags/example_task_group.py took 3.284 seconds
[2024-03-28T17:08:05.919+0000] {processor.py:161} INFO - Started process (PID=177) to work on /home/airflow/.local/lib/python3.8/site-packages/airflow/example_dags/example_task_group.py
[2024-03-28T17:08:05.935+0000] {processor.py:830} INFO - Processing file /home/airflow/.local/lib/python3.8/site-packages/airflow/example_dags/example_task_group.py for tasks to queue
[2024-03-28T17:08:06.129+0000] {logging_mixin.py:188} INFO - [2024-03-28T17:08:06.047+0000] {dagbag.py:540} INFO - Filling up the DagBag from /home/airflow/.local/lib/python3.8/site-packages/airflow/example_dags/example_task_group.py
[2024-03-28T17:08:06.563+0000] {processor.py:840} INFO - DAG(s) 'example_task_group' retrieved from /home/airflow/.local/lib/python3.8/site-packages/airflow/example_dags/example_task_group.py
[2024-03-28T17:08:06.997+0000] {logging_mixin.py:188} INFO - [2024-03-28T17:08:06.996+0000] {dag.py:3047} INFO - Sync 1 DAGs
[2024-03-28T17:08:07.325+0000] {logging_mixin.py:188} INFO - [2024-03-28T17:08:07.325+0000] {dag.py:3834} INFO - Setting next_dagrun for example_task_group to 2024-03-27 00:00:00+00:00, run_after=2024-03-28 00:00:00+00:00
[2024-03-28T17:08:08.057+0000] {processor.py:183} INFO - Processing /home/airflow/.local/lib/python3.8/site-packages/airflow/example_dags/example_task_group.py took 2.312 seconds
[2024-03-28T17:08:56.586+0000] {processor.py:161} INFO - Started process (PID=235) to work on /home/airflow/.local/lib/python3.8/site-packages/airflow/example_dags/example_task_group.py
[2024-03-28T17:08:56.614+0000] {processor.py:830} INFO - Processing file /home/airflow/.local/lib/python3.8/site-packages/airflow/example_dags/example_task_group.py for tasks to queue
[2024-03-28T17:08:56.631+0000] {logging_mixin.py:188} INFO - [2024-03-28T17:08:56.630+0000] {dagbag.py:540} INFO - Filling up the DagBag from /home/airflow/.local/lib/python3.8/site-packages/airflow/example_dags/example_task_group.py
[2024-03-28T17:08:56.795+0000] {processor.py:840} INFO - DAG(s) 'example_task_group' retrieved from /home/airflow/.local/lib/python3.8/site-packages/airflow/example_dags/example_task_group.py
[2024-03-28T17:08:56.911+0000] {logging_mixin.py:188} INFO - [2024-03-28T17:08:56.911+0000] {dag.py:3047} INFO - Sync 1 DAGs
[2024-03-28T17:08:57.020+0000] {logging_mixin.py:188} INFO - [2024-03-28T17:08:57.020+0000] {dag.py:3834} INFO - Setting next_dagrun for example_task_group to 2024-03-27 00:00:00+00:00, run_after=2024-03-28 00:00:00+00:00
[2024-03-28T17:08:57.109+0000] {processor.py:183} INFO - Processing /home/airflow/.local/lib/python3.8/site-packages/airflow/example_dags/example_task_group.py took 0.553 seconds
[2024-03-28T17:10:23.667+0000] {processor.py:161} INFO - Started process (PID=293) to work on /home/airflow/.local/lib/python3.8/site-packages/airflow/example_dags/example_task_group.py
[2024-03-28T17:10:23.676+0000] {processor.py:830} INFO - Processing file /home/airflow/.local/lib/python3.8/site-packages/airflow/example_dags/example_task_group.py for tasks to queue
[2024-03-28T17:10:23.709+0000] {logging_mixin.py:188} INFO - [2024-03-28T17:10:23.707+0000] {dagbag.py:540} INFO - Filling up the DagBag from /home/airflow/.local/lib/python3.8/site-packages/airflow/example_dags/example_task_group.py
[2024-03-28T17:10:23.828+0000] {processor.py:840} INFO - DAG(s) 'example_task_group' retrieved from /home/airflow/.local/lib/python3.8/site-packages/airflow/example_dags/example_task_group.py
[2024-03-28T17:10:24.010+0000] {logging_mixin.py:188} INFO - [2024-03-28T17:10:24.009+0000] {dag.py:3047} INFO - Sync 1 DAGs
[2024-03-28T17:10:24.275+0000] {logging_mixin.py:188} INFO - [2024-03-28T17:10:24.267+0000] {dag.py:3834} INFO - Setting next_dagrun for example_task_group to 2024-03-27 00:00:00+00:00, run_after=2024-03-28 00:00:00+00:00
[2024-03-28T17:10:24.548+0000] {processor.py:183} INFO - Processing /home/airflow/.local/lib/python3.8/site-packages/airflow/example_dags/example_task_group.py took 0.908 seconds
[2024-03-28T17:11:13.371+0000] {processor.py:161} INFO - Started process (PID=349) to work on /home/airflow/.local/lib/python3.8/site-packages/airflow/example_dags/example_task_group.py
[2024-03-28T17:11:13.385+0000] {processor.py:830} INFO - Processing file /home/airflow/.local/lib/python3.8/site-packages/airflow/example_dags/example_task_group.py for tasks to queue
[2024-03-28T17:11:13.395+0000] {logging_mixin.py:188} INFO - [2024-03-28T17:11:13.394+0000] {dagbag.py:540} INFO - Filling up the DagBag from /home/airflow/.local/lib/python3.8/site-packages/airflow/example_dags/example_task_group.py
[2024-03-28T17:11:13.474+0000] {processor.py:840} INFO - DAG(s) 'example_task_group' retrieved from /home/airflow/.local/lib/python3.8/site-packages/airflow/example_dags/example_task_group.py
[2024-03-28T17:11:13.635+0000] {logging_mixin.py:188} INFO - [2024-03-28T17:11:13.635+0000] {dag.py:3047} INFO - Sync 1 DAGs
[2024-03-28T17:11:13.772+0000] {logging_mixin.py:188} INFO - [2024-03-28T17:11:13.771+0000] {dag.py:3834} INFO - Setting next_dagrun for example_task_group to 2024-03-27 00:00:00+00:00, run_after=2024-03-28 00:00:00+00:00
[2024-03-28T17:11:13.881+0000] {processor.py:183} INFO - Processing /home/airflow/.local/lib/python3.8/site-packages/airflow/example_dags/example_task_group.py took 0.560 seconds
[2024-03-28T17:12:11.060+0000] {processor.py:161} INFO - Started process (PID=412) to work on /home/airflow/.local/lib/python3.8/site-packages/airflow/example_dags/example_task_group.py
[2024-03-28T17:12:11.084+0000] {processor.py:830} INFO - Processing file /home/airflow/.local/lib/python3.8/site-packages/airflow/example_dags/example_task_group.py for tasks to queue
[2024-03-28T17:12:11.109+0000] {logging_mixin.py:188} INFO - [2024-03-28T17:12:11.107+0000] {dagbag.py:540} INFO - Filling up the DagBag from /home/airflow/.local/lib/python3.8/site-packages/airflow/example_dags/example_task_group.py
[2024-03-28T17:12:11.292+0000] {processor.py:840} INFO - DAG(s) 'example_task_group' retrieved from /home/airflow/.local/lib/python3.8/site-packages/airflow/example_dags/example_task_group.py
[2024-03-28T17:12:12.015+0000] {logging_mixin.py:188} INFO - [2024-03-28T17:12:11.967+0000] {dag.py:3047} INFO - Sync 1 DAGs
[2024-03-28T17:12:12.509+0000] {logging_mixin.py:188} INFO - [2024-03-28T17:12:12.506+0000] {dag.py:3834} INFO - Setting next_dagrun for example_task_group to 2024-03-27 00:00:00+00:00, run_after=2024-03-28 00:00:00+00:00
[2024-03-28T17:12:12.887+0000] {processor.py:183} INFO - Processing /home/airflow/.local/lib/python3.8/site-packages/airflow/example_dags/example_task_group.py took 1.863 seconds
[2024-03-28T17:12:49.765+0000] {processor.py:161} INFO - Started process (PID=463) to work on /home/airflow/.local/lib/python3.8/site-packages/airflow/example_dags/example_task_group.py
[2024-03-28T17:12:49.780+0000] {processor.py:830} INFO - Processing file /home/airflow/.local/lib/python3.8/site-packages/airflow/example_dags/example_task_group.py for tasks to queue
[2024-03-28T17:12:49.789+0000] {logging_mixin.py:188} INFO - [2024-03-28T17:12:49.787+0000] {dagbag.py:540} INFO - Filling up the DagBag from /home/airflow/.local/lib/python3.8/site-packages/airflow/example_dags/example_task_group.py
[2024-03-28T17:12:49.875+0000] {processor.py:840} INFO - DAG(s) 'example_task_group' retrieved from /home/airflow/.local/lib/python3.8/site-packages/airflow/example_dags/example_task_group.py
[2024-03-28T17:12:50.745+0000] {logging_mixin.py:188} INFO - [2024-03-28T17:12:50.744+0000] {dag.py:3047} INFO - Sync 1 DAGs
[2024-03-28T17:12:51.233+0000] {logging_mixin.py:188} INFO - [2024-03-28T17:12:51.233+0000] {dag.py:3834} INFO - Setting next_dagrun for example_task_group to 2024-03-27 00:00:00+00:00, run_after=2024-03-28 00:00:00+00:00
[2024-03-28T17:12:51.387+0000] {processor.py:183} INFO - Processing /home/airflow/.local/lib/python3.8/site-packages/airflow/example_dags/example_task_group.py took 1.715 seconds
[2024-03-28T17:13:23.193+0000] {processor.py:161} INFO - Started process (PID=519) to work on /home/airflow/.local/lib/python3.8/site-packages/airflow/example_dags/example_task_group.py
[2024-03-28T17:13:23.200+0000] {processor.py:830} INFO - Processing file /home/airflow/.local/lib/python3.8/site-packages/airflow/example_dags/example_task_group.py for tasks to queue
[2024-03-28T17:13:23.225+0000] {logging_mixin.py:188} INFO - [2024-03-28T17:13:23.215+0000] {dagbag.py:540} INFO - Filling up the DagBag from /home/airflow/.local/lib/python3.8/site-packages/airflow/example_dags/example_task_group.py
[2024-03-28T17:13:23.300+0000] {processor.py:840} INFO - DAG(s) 'example_task_group' retrieved from /home/airflow/.local/lib/python3.8/site-packages/airflow/example_dags/example_task_group.py
[2024-03-28T17:13:23.510+0000] {logging_mixin.py:188} INFO - [2024-03-28T17:13:23.509+0000] {dag.py:3047} INFO - Sync 1 DAGs
[2024-03-28T17:13:23.680+0000] {logging_mixin.py:188} INFO - [2024-03-28T17:13:23.680+0000] {dag.py:3834} INFO - Setting next_dagrun for example_task_group to 2024-03-27 00:00:00+00:00, run_after=2024-03-28 00:00:00+00:00
[2024-03-28T17:13:23.908+0000] {processor.py:183} INFO - Processing /home/airflow/.local/lib/python3.8/site-packages/airflow/example_dags/example_task_group.py took 0.781 seconds
[2024-03-28T17:13:58.124+0000] {processor.py:161} INFO - Started process (PID=580) to work on /home/airflow/.local/lib/python3.8/site-packages/airflow/example_dags/example_task_group.py
[2024-03-28T17:13:58.131+0000] {processor.py:830} INFO - Processing file /home/airflow/.local/lib/python3.8/site-packages/airflow/example_dags/example_task_group.py for tasks to queue
[2024-03-28T17:13:58.180+0000] {logging_mixin.py:188} INFO - [2024-03-28T17:13:58.168+0000] {dagbag.py:540} INFO - Filling up the DagBag from /home/airflow/.local/lib/python3.8/site-packages/airflow/example_dags/example_task_group.py
[2024-03-28T17:13:58.347+0000] {processor.py:840} INFO - DAG(s) 'example_task_group' retrieved from /home/airflow/.local/lib/python3.8/site-packages/airflow/example_dags/example_task_group.py
[2024-03-28T17:13:58.707+0000] {logging_mixin.py:188} INFO - [2024-03-28T17:13:58.706+0000] {dag.py:3047} INFO - Sync 1 DAGs
[2024-03-28T17:13:59.182+0000] {logging_mixin.py:188} INFO - [2024-03-28T17:13:59.181+0000] {dag.py:3834} INFO - Setting next_dagrun for example_task_group to 2024-03-27 00:00:00+00:00, run_after=2024-03-28 00:00:00+00:00
[2024-03-28T17:13:59.359+0000] {processor.py:183} INFO - Processing /home/airflow/.local/lib/python3.8/site-packages/airflow/example_dags/example_task_group.py took 1.280 seconds
[2024-03-28T17:14:30.238+0000] {processor.py:161} INFO - Started process (PID=634) to work on /home/airflow/.local/lib/python3.8/site-packages/airflow/example_dags/example_task_group.py
[2024-03-28T17:14:30.255+0000] {processor.py:830} INFO - Processing file /home/airflow/.local/lib/python3.8/site-packages/airflow/example_dags/example_task_group.py for tasks to queue
[2024-03-28T17:14:30.293+0000] {logging_mixin.py:188} INFO - [2024-03-28T17:14:30.292+0000] {dagbag.py:540} INFO - Filling up the DagBag from /home/airflow/.local/lib/python3.8/site-packages/airflow/example_dags/example_task_group.py
[2024-03-28T17:14:30.555+0000] {processor.py:840} INFO - DAG(s) 'example_task_group' retrieved from /home/airflow/.local/lib/python3.8/site-packages/airflow/example_dags/example_task_group.py
[2024-03-28T17:14:31.026+0000] {logging_mixin.py:188} INFO - [2024-03-28T17:14:31.007+0000] {dag.py:3047} INFO - Sync 1 DAGs
[2024-03-28T17:14:31.366+0000] {logging_mixin.py:188} INFO - [2024-03-28T17:14:31.351+0000] {dag.py:3834} INFO - Setting next_dagrun for example_task_group to 2024-03-27 00:00:00+00:00, run_after=2024-03-28 00:00:00+00:00
[2024-03-28T17:14:31.580+0000] {processor.py:183} INFO - Processing /home/airflow/.local/lib/python3.8/site-packages/airflow/example_dags/example_task_group.py took 1.382 seconds
[2024-03-28T17:15:02.017+0000] {processor.py:161} INFO - Started process (PID=689) to work on /home/airflow/.local/lib/python3.8/site-packages/airflow/example_dags/example_task_group.py
[2024-03-28T17:15:02.025+0000] {processor.py:830} INFO - Processing file /home/airflow/.local/lib/python3.8/site-packages/airflow/example_dags/example_task_group.py for tasks to queue
[2024-03-28T17:15:02.033+0000] {logging_mixin.py:188} INFO - [2024-03-28T17:15:02.032+0000] {dagbag.py:540} INFO - Filling up the DagBag from /home/airflow/.local/lib/python3.8/site-packages/airflow/example_dags/example_task_group.py
[2024-03-28T17:15:02.053+0000] {processor.py:840} INFO - DAG(s) 'example_task_group' retrieved from /home/airflow/.local/lib/python3.8/site-packages/airflow/example_dags/example_task_group.py
[2024-03-28T17:15:02.100+0000] {logging_mixin.py:188} INFO - [2024-03-28T17:15:02.100+0000] {dag.py:3047} INFO - Sync 1 DAGs
[2024-03-28T17:15:02.158+0000] {logging_mixin.py:188} INFO - [2024-03-28T17:15:02.157+0000] {dag.py:3834} INFO - Setting next_dagrun for example_task_group to 2024-03-27 00:00:00+00:00, run_after=2024-03-28 00:00:00+00:00
[2024-03-28T17:15:02.200+0000] {processor.py:183} INFO - Processing /home/airflow/.local/lib/python3.8/site-packages/airflow/example_dags/example_task_group.py took 0.194 seconds
[2024-03-28T17:15:37.686+0000] {processor.py:161} INFO - Started process (PID=729) to work on /home/airflow/.local/lib/python3.8/site-packages/airflow/example_dags/example_task_group.py
[2024-03-28T17:15:37.692+0000] {processor.py:830} INFO - Processing file /home/airflow/.local/lib/python3.8/site-packages/airflow/example_dags/example_task_group.py for tasks to queue
[2024-03-28T17:15:37.699+0000] {logging_mixin.py:188} INFO - [2024-03-28T17:15:37.698+0000] {dagbag.py:540} INFO - Filling up the DagBag from /home/airflow/.local/lib/python3.8/site-packages/airflow/example_dags/example_task_group.py
[2024-03-28T17:15:37.738+0000] {processor.py:840} INFO - DAG(s) 'example_task_group' retrieved from /home/airflow/.local/lib/python3.8/site-packages/airflow/example_dags/example_task_group.py
[2024-03-28T17:15:37.826+0000] {logging_mixin.py:188} INFO - [2024-03-28T17:15:37.825+0000] {dag.py:3047} INFO - Sync 1 DAGs
[2024-03-28T17:15:37.906+0000] {logging_mixin.py:188} INFO - [2024-03-28T17:15:37.906+0000] {dag.py:3834} INFO - Setting next_dagrun for example_task_group to 2024-03-27 00:00:00+00:00, run_after=2024-03-28 00:00:00+00:00
[2024-03-28T17:15:37.987+0000] {processor.py:183} INFO - Processing /home/airflow/.local/lib/python3.8/site-packages/airflow/example_dags/example_task_group.py took 0.314 seconds
[2024-03-28T17:16:08.810+0000] {processor.py:161} INFO - Started process (PID=784) to work on /home/airflow/.local/lib/python3.8/site-packages/airflow/example_dags/example_task_group.py
[2024-03-28T17:16:08.826+0000] {processor.py:830} INFO - Processing file /home/airflow/.local/lib/python3.8/site-packages/airflow/example_dags/example_task_group.py for tasks to queue
[2024-03-28T17:16:08.873+0000] {logging_mixin.py:188} INFO - [2024-03-28T17:16:08.865+0000] {dagbag.py:540} INFO - Filling up the DagBag from /home/airflow/.local/lib/python3.8/site-packages/airflow/example_dags/example_task_group.py
[2024-03-28T17:16:08.959+0000] {processor.py:840} INFO - DAG(s) 'example_task_group' retrieved from /home/airflow/.local/lib/python3.8/site-packages/airflow/example_dags/example_task_group.py
[2024-03-28T17:16:09.144+0000] {logging_mixin.py:188} INFO - [2024-03-28T17:16:09.143+0000] {dag.py:3047} INFO - Sync 1 DAGs
[2024-03-28T17:16:09.360+0000] {logging_mixin.py:188} INFO - [2024-03-28T17:16:09.359+0000] {dag.py:3834} INFO - Setting next_dagrun for example_task_group to 2024-03-27 00:00:00+00:00, run_after=2024-03-28 00:00:00+00:00
[2024-03-28T17:16:09.432+0000] {processor.py:183} INFO - Processing /home/airflow/.local/lib/python3.8/site-packages/airflow/example_dags/example_task_group.py took 0.645 seconds
[2024-03-28T17:16:47.533+0000] {processor.py:161} INFO - Started process (PID=836) to work on /home/airflow/.local/lib/python3.8/site-packages/airflow/example_dags/example_task_group.py
[2024-03-28T17:16:47.538+0000] {processor.py:830} INFO - Processing file /home/airflow/.local/lib/python3.8/site-packages/airflow/example_dags/example_task_group.py for tasks to queue
[2024-03-28T17:16:47.553+0000] {logging_mixin.py:188} INFO - [2024-03-28T17:16:47.548+0000] {dagbag.py:540} INFO - Filling up the DagBag from /home/airflow/.local/lib/python3.8/site-packages/airflow/example_dags/example_task_group.py
[2024-03-28T17:16:47.646+0000] {processor.py:840} INFO - DAG(s) 'example_task_group' retrieved from /home/airflow/.local/lib/python3.8/site-packages/airflow/example_dags/example_task_group.py
[2024-03-28T17:16:47.785+0000] {logging_mixin.py:188} INFO - [2024-03-28T17:16:47.784+0000] {dag.py:3047} INFO - Sync 1 DAGs
[2024-03-28T17:16:48.171+0000] {logging_mixin.py:188} INFO - [2024-03-28T17:16:48.170+0000] {dag.py:3834} INFO - Setting next_dagrun for example_task_group to 2024-03-27 00:00:00+00:00, run_after=2024-03-28 00:00:00+00:00
[2024-03-28T17:16:48.284+0000] {processor.py:183} INFO - Processing /home/airflow/.local/lib/python3.8/site-packages/airflow/example_dags/example_task_group.py took 0.772 seconds
[2024-03-28T17:17:22.647+0000] {processor.py:161} INFO - Started process (PID=891) to work on /home/airflow/.local/lib/python3.8/site-packages/airflow/example_dags/example_task_group.py
[2024-03-28T17:17:22.654+0000] {processor.py:830} INFO - Processing file /home/airflow/.local/lib/python3.8/site-packages/airflow/example_dags/example_task_group.py for tasks to queue
[2024-03-28T17:17:22.672+0000] {logging_mixin.py:188} INFO - [2024-03-28T17:17:22.671+0000] {dagbag.py:540} INFO - Filling up the DagBag from /home/airflow/.local/lib/python3.8/site-packages/airflow/example_dags/example_task_group.py
[2024-03-28T17:17:22.938+0000] {processor.py:840} INFO - DAG(s) 'example_task_group' retrieved from /home/airflow/.local/lib/python3.8/site-packages/airflow/example_dags/example_task_group.py
[2024-03-28T17:17:23.719+0000] {logging_mixin.py:188} INFO - [2024-03-28T17:17:23.719+0000] {dag.py:3047} INFO - Sync 1 DAGs
[2024-03-28T17:17:24.806+0000] {logging_mixin.py:188} INFO - [2024-03-28T17:17:24.805+0000] {dag.py:3834} INFO - Setting next_dagrun for example_task_group to 2024-03-27 00:00:00+00:00, run_after=2024-03-28 00:00:00+00:00
[2024-03-28T17:17:25.130+0000] {processor.py:183} INFO - Processing /home/airflow/.local/lib/python3.8/site-packages/airflow/example_dags/example_task_group.py took 2.557 seconds
[2024-03-28T17:18:13.410+0000] {processor.py:161} INFO - Started process (PID=945) to work on /home/airflow/.local/lib/python3.8/site-packages/airflow/example_dags/example_task_group.py
[2024-03-28T17:18:13.424+0000] {processor.py:830} INFO - Processing file /home/airflow/.local/lib/python3.8/site-packages/airflow/example_dags/example_task_group.py for tasks to queue
[2024-03-28T17:18:13.478+0000] {logging_mixin.py:188} INFO - [2024-03-28T17:18:13.477+0000] {dagbag.py:540} INFO - Filling up the DagBag from /home/airflow/.local/lib/python3.8/site-packages/airflow/example_dags/example_task_group.py
[2024-03-28T17:18:13.562+0000] {processor.py:840} INFO - DAG(s) 'example_task_group' retrieved from /home/airflow/.local/lib/python3.8/site-packages/airflow/example_dags/example_task_group.py
[2024-03-28T17:18:14.434+0000] {logging_mixin.py:188} INFO - [2024-03-28T17:18:14.433+0000] {dag.py:3047} INFO - Sync 1 DAGs
[2024-03-28T17:18:15.259+0000] {logging_mixin.py:188} INFO - [2024-03-28T17:18:15.230+0000] {dag.py:3834} INFO - Setting next_dagrun for example_task_group to 2024-03-27 00:00:00+00:00, run_after=2024-03-28 00:00:00+00:00
[2024-03-28T17:18:16.443+0000] {processor.py:183} INFO - Processing /home/airflow/.local/lib/python3.8/site-packages/airflow/example_dags/example_task_group.py took 3.068 seconds
[2024-03-28T17:18:55.326+0000] {processor.py:161} INFO - Started process (PID=993) to work on /home/airflow/.local/lib/python3.8/site-packages/airflow/example_dags/example_task_group.py
[2024-03-28T17:18:55.334+0000] {processor.py:830} INFO - Processing file /home/airflow/.local/lib/python3.8/site-packages/airflow/example_dags/example_task_group.py for tasks to queue
[2024-03-28T17:18:55.347+0000] {logging_mixin.py:188} INFO - [2024-03-28T17:18:55.343+0000] {dagbag.py:540} INFO - Filling up the DagBag from /home/airflow/.local/lib/python3.8/site-packages/airflow/example_dags/example_task_group.py
[2024-03-28T17:18:55.373+0000] {processor.py:840} INFO - DAG(s) 'example_task_group' retrieved from /home/airflow/.local/lib/python3.8/site-packages/airflow/example_dags/example_task_group.py
[2024-03-28T17:18:55.465+0000] {logging_mixin.py:188} INFO - [2024-03-28T17:18:55.464+0000] {dag.py:3047} INFO - Sync 1 DAGs
[2024-03-28T17:18:55.542+0000] {logging_mixin.py:188} INFO - [2024-03-28T17:18:55.541+0000] {dag.py:3834} INFO - Setting next_dagrun for example_task_group to 2024-03-27 00:00:00+00:00, run_after=2024-03-28 00:00:00+00:00
[2024-03-28T17:18:55.624+0000] {processor.py:183} INFO - Processing /home/airflow/.local/lib/python3.8/site-packages/airflow/example_dags/example_task_group.py took 0.319 seconds
[2024-03-28T17:19:27.514+0000] {processor.py:161} INFO - Started process (PID=1047) to work on /home/airflow/.local/lib/python3.8/site-packages/airflow/example_dags/example_task_group.py
[2024-03-28T17:19:27.524+0000] {processor.py:830} INFO - Processing file /home/airflow/.local/lib/python3.8/site-packages/airflow/example_dags/example_task_group.py for tasks to queue
[2024-03-28T17:19:27.541+0000] {logging_mixin.py:188} INFO - [2024-03-28T17:19:27.533+0000] {dagbag.py:540} INFO - Filling up the DagBag from /home/airflow/.local/lib/python3.8/site-packages/airflow/example_dags/example_task_group.py
[2024-03-28T17:19:27.578+0000] {processor.py:840} INFO - DAG(s) 'example_task_group' retrieved from /home/airflow/.local/lib/python3.8/site-packages/airflow/example_dags/example_task_group.py
[2024-03-28T17:19:27.659+0000] {logging_mixin.py:188} INFO - [2024-03-28T17:19:27.659+0000] {dag.py:3047} INFO - Sync 1 DAGs
[2024-03-28T17:19:27.766+0000] {logging_mixin.py:188} INFO - [2024-03-28T17:19:27.765+0000] {dag.py:3834} INFO - Setting next_dagrun for example_task_group to 2024-03-27 00:00:00+00:00, run_after=2024-03-28 00:00:00+00:00
[2024-03-28T17:19:27.830+0000] {processor.py:183} INFO - Processing /home/airflow/.local/lib/python3.8/site-packages/airflow/example_dags/example_task_group.py took 0.338 seconds
[2024-03-28T17:20:02.379+0000] {processor.py:161} INFO - Started process (PID=1103) to work on /home/airflow/.local/lib/python3.8/site-packages/airflow/example_dags/example_task_group.py
[2024-03-28T17:20:02.391+0000] {processor.py:830} INFO - Processing file /home/airflow/.local/lib/python3.8/site-packages/airflow/example_dags/example_task_group.py for tasks to queue
[2024-03-28T17:20:02.419+0000] {logging_mixin.py:188} INFO - [2024-03-28T17:20:02.413+0000] {dagbag.py:540} INFO - Filling up the DagBag from /home/airflow/.local/lib/python3.8/site-packages/airflow/example_dags/example_task_group.py
[2024-03-28T17:20:02.506+0000] {processor.py:840} INFO - DAG(s) 'example_task_group' retrieved from /home/airflow/.local/lib/python3.8/site-packages/airflow/example_dags/example_task_group.py
[2024-03-28T17:20:02.810+0000] {logging_mixin.py:188} INFO - [2024-03-28T17:20:02.807+0000] {dag.py:3047} INFO - Sync 1 DAGs
[2024-03-28T17:20:03.741+0000] {logging_mixin.py:188} INFO - [2024-03-28T17:20:03.740+0000] {dag.py:3834} INFO - Setting next_dagrun for example_task_group to 2024-03-27 00:00:00+00:00, run_after=2024-03-28 00:00:00+00:00
[2024-03-28T17:20:03.929+0000] {processor.py:183} INFO - Processing /home/airflow/.local/lib/python3.8/site-packages/airflow/example_dags/example_task_group.py took 1.579 seconds
[2024-03-28T17:20:34.732+0000] {processor.py:161} INFO - Started process (PID=1158) to work on /home/airflow/.local/lib/python3.8/site-packages/airflow/example_dags/example_task_group.py
[2024-03-28T17:20:34.754+0000] {processor.py:830} INFO - Processing file /home/airflow/.local/lib/python3.8/site-packages/airflow/example_dags/example_task_group.py for tasks to queue
[2024-03-28T17:20:34.786+0000] {logging_mixin.py:188} INFO - [2024-03-28T17:20:34.776+0000] {dagbag.py:540} INFO - Filling up the DagBag from /home/airflow/.local/lib/python3.8/site-packages/airflow/example_dags/example_task_group.py
[2024-03-28T17:20:34.844+0000] {processor.py:840} INFO - DAG(s) 'example_task_group' retrieved from /home/airflow/.local/lib/python3.8/site-packages/airflow/example_dags/example_task_group.py
[2024-03-28T17:20:35.089+0000] {logging_mixin.py:188} INFO - [2024-03-28T17:20:35.083+0000] {dag.py:3047} INFO - Sync 1 DAGs
[2024-03-28T17:20:35.362+0000] {logging_mixin.py:188} INFO - [2024-03-28T17:20:35.361+0000] {dag.py:3834} INFO - Setting next_dagrun for example_task_group to 2024-03-27 00:00:00+00:00, run_after=2024-03-28 00:00:00+00:00
[2024-03-28T17:20:35.828+0000] {processor.py:183} INFO - Processing /home/airflow/.local/lib/python3.8/site-packages/airflow/example_dags/example_task_group.py took 1.224 seconds
[2024-03-28T17:21:06.946+0000] {processor.py:161} INFO - Started process (PID=1218) to work on /home/airflow/.local/lib/python3.8/site-packages/airflow/example_dags/example_task_group.py
[2024-03-28T17:21:06.965+0000] {processor.py:830} INFO - Processing file /home/airflow/.local/lib/python3.8/site-packages/airflow/example_dags/example_task_group.py for tasks to queue
[2024-03-28T17:21:06.993+0000] {logging_mixin.py:188} INFO - [2024-03-28T17:21:06.992+0000] {dagbag.py:540} INFO - Filling up the DagBag from /home/airflow/.local/lib/python3.8/site-packages/airflow/example_dags/example_task_group.py
[2024-03-28T17:21:07.060+0000] {processor.py:840} INFO - DAG(s) 'example_task_group' retrieved from /home/airflow/.local/lib/python3.8/site-packages/airflow/example_dags/example_task_group.py
[2024-03-28T17:21:07.210+0000] {logging_mixin.py:188} INFO - [2024-03-28T17:21:07.210+0000] {dag.py:3047} INFO - Sync 1 DAGs
[2024-03-28T17:21:07.284+0000] {logging_mixin.py:188} INFO - [2024-03-28T17:21:07.283+0000] {dag.py:3834} INFO - Setting next_dagrun for example_task_group to 2024-03-27 00:00:00+00:00, run_after=2024-03-28 00:00:00+00:00
[2024-03-28T17:21:07.349+0000] {processor.py:183} INFO - Processing /home/airflow/.local/lib/python3.8/site-packages/airflow/example_dags/example_task_group.py took 0.448 seconds
[2024-03-28T17:21:37.470+0000] {processor.py:161} INFO - Started process (PID=1273) to work on /home/airflow/.local/lib/python3.8/site-packages/airflow/example_dags/example_task_group.py
[2024-03-28T17:21:37.478+0000] {processor.py:830} INFO - Processing file /home/airflow/.local/lib/python3.8/site-packages/airflow/example_dags/example_task_group.py for tasks to queue
[2024-03-28T17:21:37.495+0000] {logging_mixin.py:188} INFO - [2024-03-28T17:21:37.493+0000] {dagbag.py:540} INFO - Filling up the DagBag from /home/airflow/.local/lib/python3.8/site-packages/airflow/example_dags/example_task_group.py
[2024-03-28T17:21:37.518+0000] {processor.py:840} INFO - DAG(s) 'example_task_group' retrieved from /home/airflow/.local/lib/python3.8/site-packages/airflow/example_dags/example_task_group.py
[2024-03-28T17:21:37.585+0000] {logging_mixin.py:188} INFO - [2024-03-28T17:21:37.582+0000] {dag.py:3047} INFO - Sync 1 DAGs
[2024-03-28T17:21:37.654+0000] {logging_mixin.py:188} INFO - [2024-03-28T17:21:37.653+0000] {dag.py:3834} INFO - Setting next_dagrun for example_task_group to 2024-03-27 00:00:00+00:00, run_after=2024-03-28 00:00:00+00:00
[2024-03-28T17:21:37.738+0000] {processor.py:183} INFO - Processing /home/airflow/.local/lib/python3.8/site-packages/airflow/example_dags/example_task_group.py took 0.282 seconds
[2024-03-28T17:22:08.594+0000] {processor.py:161} INFO - Started process (PID=1329) to work on /home/airflow/.local/lib/python3.8/site-packages/airflow/example_dags/example_task_group.py
[2024-03-28T17:22:08.601+0000] {processor.py:830} INFO - Processing file /home/airflow/.local/lib/python3.8/site-packages/airflow/example_dags/example_task_group.py for tasks to queue
[2024-03-28T17:22:08.626+0000] {logging_mixin.py:188} INFO - [2024-03-28T17:22:08.624+0000] {dagbag.py:540} INFO - Filling up the DagBag from /home/airflow/.local/lib/python3.8/site-packages/airflow/example_dags/example_task_group.py
[2024-03-28T17:22:08.721+0000] {processor.py:840} INFO - DAG(s) 'example_task_group' retrieved from /home/airflow/.local/lib/python3.8/site-packages/airflow/example_dags/example_task_group.py
[2024-03-28T17:22:08.855+0000] {logging_mixin.py:188} INFO - [2024-03-28T17:22:08.855+0000] {dag.py:3047} INFO - Sync 1 DAGs
[2024-03-28T17:22:08.924+0000] {logging_mixin.py:188} INFO - [2024-03-28T17:22:08.922+0000] {dag.py:3834} INFO - Setting next_dagrun for example_task_group to 2024-03-27 00:00:00+00:00, run_after=2024-03-28 00:00:00+00:00
[2024-03-28T17:22:08.993+0000] {processor.py:183} INFO - Processing /home/airflow/.local/lib/python3.8/site-packages/airflow/example_dags/example_task_group.py took 0.412 seconds
[2024-03-28T17:22:55.138+0000] {processor.py:161} INFO - Started process (PID=1377) to work on /home/airflow/.local/lib/python3.8/site-packages/airflow/example_dags/example_task_group.py
[2024-03-28T17:22:55.155+0000] {processor.py:830} INFO - Processing file /home/airflow/.local/lib/python3.8/site-packages/airflow/example_dags/example_task_group.py for tasks to queue
[2024-03-28T17:22:55.186+0000] {logging_mixin.py:188} INFO - [2024-03-28T17:22:55.179+0000] {dagbag.py:540} INFO - Filling up the DagBag from /home/airflow/.local/lib/python3.8/site-packages/airflow/example_dags/example_task_group.py
[2024-03-28T17:22:55.286+0000] {processor.py:840} INFO - DAG(s) 'example_task_group' retrieved from /home/airflow/.local/lib/python3.8/site-packages/airflow/example_dags/example_task_group.py
[2024-03-28T17:22:55.513+0000] {logging_mixin.py:188} INFO - [2024-03-28T17:22:55.512+0000] {dag.py:3047} INFO - Sync 1 DAGs
[2024-03-28T17:22:55.820+0000] {logging_mixin.py:188} INFO - [2024-03-28T17:22:55.820+0000] {dag.py:3834} INFO - Setting next_dagrun for example_task_group to 2024-03-27 00:00:00+00:00, run_after=2024-03-28 00:00:00+00:00
[2024-03-28T17:22:55.917+0000] {processor.py:183} INFO - Processing /home/airflow/.local/lib/python3.8/site-packages/airflow/example_dags/example_task_group.py took 0.821 seconds
[2024-03-28T17:23:26.314+0000] {processor.py:161} INFO - Started process (PID=1432) to work on /home/airflow/.local/lib/python3.8/site-packages/airflow/example_dags/example_task_group.py
[2024-03-28T17:23:26.320+0000] {processor.py:830} INFO - Processing file /home/airflow/.local/lib/python3.8/site-packages/airflow/example_dags/example_task_group.py for tasks to queue
[2024-03-28T17:23:26.327+0000] {logging_mixin.py:188} INFO - [2024-03-28T17:23:26.326+0000] {dagbag.py:540} INFO - Filling up the DagBag from /home/airflow/.local/lib/python3.8/site-packages/airflow/example_dags/example_task_group.py
[2024-03-28T17:23:26.359+0000] {processor.py:840} INFO - DAG(s) 'example_task_group' retrieved from /home/airflow/.local/lib/python3.8/site-packages/airflow/example_dags/example_task_group.py
[2024-03-28T17:23:26.443+0000] {logging_mixin.py:188} INFO - [2024-03-28T17:23:26.443+0000] {dag.py:3047} INFO - Sync 1 DAGs
[2024-03-28T17:23:26.495+0000] {logging_mixin.py:188} INFO - [2024-03-28T17:23:26.495+0000] {dag.py:3834} INFO - Setting next_dagrun for example_task_group to 2024-03-27 00:00:00+00:00, run_after=2024-03-28 00:00:00+00:00
[2024-03-28T17:23:26.540+0000] {processor.py:183} INFO - Processing /home/airflow/.local/lib/python3.8/site-packages/airflow/example_dags/example_task_group.py took 0.238 seconds
[2024-03-28T17:23:58.157+0000] {processor.py:161} INFO - Started process (PID=1487) to work on /home/airflow/.local/lib/python3.8/site-packages/airflow/example_dags/example_task_group.py
[2024-03-28T17:23:58.164+0000] {processor.py:830} INFO - Processing file /home/airflow/.local/lib/python3.8/site-packages/airflow/example_dags/example_task_group.py for tasks to queue
[2024-03-28T17:23:58.181+0000] {logging_mixin.py:188} INFO - [2024-03-28T17:23:58.179+0000] {dagbag.py:540} INFO - Filling up the DagBag from /home/airflow/.local/lib/python3.8/site-packages/airflow/example_dags/example_task_group.py
[2024-03-28T17:23:58.287+0000] {processor.py:840} INFO - DAG(s) 'example_task_group' retrieved from /home/airflow/.local/lib/python3.8/site-packages/airflow/example_dags/example_task_group.py
[2024-03-28T17:23:58.572+0000] {logging_mixin.py:188} INFO - [2024-03-28T17:23:58.571+0000] {dag.py:3047} INFO - Sync 1 DAGs
[2024-03-28T17:23:58.911+0000] {logging_mixin.py:188} INFO - [2024-03-28T17:23:58.908+0000] {dag.py:3834} INFO - Setting next_dagrun for example_task_group to 2024-03-27 00:00:00+00:00, run_after=2024-03-28 00:00:00+00:00
[2024-03-28T17:23:59.123+0000] {processor.py:183} INFO - Processing /home/airflow/.local/lib/python3.8/site-packages/airflow/example_dags/example_task_group.py took 1.027 seconds
[2024-03-28T17:24:30.063+0000] {processor.py:161} INFO - Started process (PID=1540) to work on /home/airflow/.local/lib/python3.8/site-packages/airflow/example_dags/example_task_group.py
[2024-03-28T17:24:30.075+0000] {processor.py:830} INFO - Processing file /home/airflow/.local/lib/python3.8/site-packages/airflow/example_dags/example_task_group.py for tasks to queue
[2024-03-28T17:24:30.086+0000] {logging_mixin.py:188} INFO - [2024-03-28T17:24:30.085+0000] {dagbag.py:540} INFO - Filling up the DagBag from /home/airflow/.local/lib/python3.8/site-packages/airflow/example_dags/example_task_group.py
[2024-03-28T17:24:30.111+0000] {processor.py:840} INFO - DAG(s) 'example_task_group' retrieved from /home/airflow/.local/lib/python3.8/site-packages/airflow/example_dags/example_task_group.py
[2024-03-28T17:24:30.200+0000] {logging_mixin.py:188} INFO - [2024-03-28T17:24:30.199+0000] {dag.py:3047} INFO - Sync 1 DAGs
[2024-03-28T17:24:30.301+0000] {logging_mixin.py:188} INFO - [2024-03-28T17:24:30.299+0000] {dag.py:3834} INFO - Setting next_dagrun for example_task_group to 2024-03-27 00:00:00+00:00, run_after=2024-03-28 00:00:00+00:00
[2024-03-28T17:24:30.377+0000] {processor.py:183} INFO - Processing /home/airflow/.local/lib/python3.8/site-packages/airflow/example_dags/example_task_group.py took 0.334 seconds
[2024-03-28T17:25:00.561+0000] {processor.py:161} INFO - Started process (PID=1596) to work on /home/airflow/.local/lib/python3.8/site-packages/airflow/example_dags/example_task_group.py
[2024-03-28T17:25:00.567+0000] {processor.py:830} INFO - Processing file /home/airflow/.local/lib/python3.8/site-packages/airflow/example_dags/example_task_group.py for tasks to queue
[2024-03-28T17:25:00.576+0000] {logging_mixin.py:188} INFO - [2024-03-28T17:25:00.574+0000] {dagbag.py:540} INFO - Filling up the DagBag from /home/airflow/.local/lib/python3.8/site-packages/airflow/example_dags/example_task_group.py
[2024-03-28T17:25:00.603+0000] {processor.py:840} INFO - DAG(s) 'example_task_group' retrieved from /home/airflow/.local/lib/python3.8/site-packages/airflow/example_dags/example_task_group.py
[2024-03-28T17:25:00.697+0000] {logging_mixin.py:188} INFO - [2024-03-28T17:25:00.696+0000] {dag.py:3047} INFO - Sync 1 DAGs
[2024-03-28T17:25:00.852+0000] {logging_mixin.py:188} INFO - [2024-03-28T17:25:00.851+0000] {dag.py:3834} INFO - Setting next_dagrun for example_task_group to 2024-03-27 00:00:00+00:00, run_after=2024-03-28 00:00:00+00:00
[2024-03-28T17:25:00.956+0000] {processor.py:183} INFO - Processing /home/airflow/.local/lib/python3.8/site-packages/airflow/example_dags/example_task_group.py took 0.407 seconds
[2024-03-28T17:25:31.438+0000] {processor.py:161} INFO - Started process (PID=1651) to work on /home/airflow/.local/lib/python3.8/site-packages/airflow/example_dags/example_task_group.py
[2024-03-28T17:25:31.445+0000] {processor.py:830} INFO - Processing file /home/airflow/.local/lib/python3.8/site-packages/airflow/example_dags/example_task_group.py for tasks to queue
[2024-03-28T17:25:31.455+0000] {logging_mixin.py:188} INFO - [2024-03-28T17:25:31.454+0000] {dagbag.py:540} INFO - Filling up the DagBag from /home/airflow/.local/lib/python3.8/site-packages/airflow/example_dags/example_task_group.py
[2024-03-28T17:25:31.486+0000] {processor.py:840} INFO - DAG(s) 'example_task_group' retrieved from /home/airflow/.local/lib/python3.8/site-packages/airflow/example_dags/example_task_group.py
[2024-03-28T17:25:31.560+0000] {logging_mixin.py:188} INFO - [2024-03-28T17:25:31.559+0000] {dag.py:3047} INFO - Sync 1 DAGs
[2024-03-28T17:25:31.623+0000] {logging_mixin.py:188} INFO - [2024-03-28T17:25:31.622+0000] {dag.py:3834} INFO - Setting next_dagrun for example_task_group to 2024-03-27 00:00:00+00:00, run_after=2024-03-28 00:00:00+00:00
[2024-03-28T17:25:31.687+0000] {processor.py:183} INFO - Processing /home/airflow/.local/lib/python3.8/site-packages/airflow/example_dags/example_task_group.py took 0.261 seconds
[2024-03-28T17:26:06.881+0000] {processor.py:161} INFO - Started process (PID=1703) to work on /home/airflow/.local/lib/python3.8/site-packages/airflow/example_dags/example_task_group.py
[2024-03-28T17:26:06.886+0000] {processor.py:830} INFO - Processing file /home/airflow/.local/lib/python3.8/site-packages/airflow/example_dags/example_task_group.py for tasks to queue
[2024-03-28T17:26:06.900+0000] {logging_mixin.py:188} INFO - [2024-03-28T17:26:06.895+0000] {dagbag.py:540} INFO - Filling up the DagBag from /home/airflow/.local/lib/python3.8/site-packages/airflow/example_dags/example_task_group.py
[2024-03-28T17:26:06.926+0000] {processor.py:840} INFO - DAG(s) 'example_task_group' retrieved from /home/airflow/.local/lib/python3.8/site-packages/airflow/example_dags/example_task_group.py
[2024-03-28T17:26:07.020+0000] {logging_mixin.py:188} INFO - [2024-03-28T17:26:07.019+0000] {dag.py:3047} INFO - Sync 1 DAGs
[2024-03-28T17:26:07.094+0000] {logging_mixin.py:188} INFO - [2024-03-28T17:26:07.092+0000] {dag.py:3834} INFO - Setting next_dagrun for example_task_group to 2024-03-27 00:00:00+00:00, run_after=2024-03-28 00:00:00+00:00
[2024-03-28T17:26:07.221+0000] {processor.py:183} INFO - Processing /home/airflow/.local/lib/python3.8/site-packages/airflow/example_dags/example_task_group.py took 0.357 seconds
[2024-03-28T17:26:44.254+0000] {processor.py:161} INFO - Started process (PID=1765) to work on /home/airflow/.local/lib/python3.8/site-packages/airflow/example_dags/example_task_group.py
[2024-03-28T17:26:44.269+0000] {processor.py:830} INFO - Processing file /home/airflow/.local/lib/python3.8/site-packages/airflow/example_dags/example_task_group.py for tasks to queue
[2024-03-28T17:26:44.300+0000] {logging_mixin.py:188} INFO - [2024-03-28T17:26:44.298+0000] {dagbag.py:540} INFO - Filling up the DagBag from /home/airflow/.local/lib/python3.8/site-packages/airflow/example_dags/example_task_group.py
[2024-03-28T17:26:44.436+0000] {processor.py:840} INFO - DAG(s) 'example_task_group' retrieved from /home/airflow/.local/lib/python3.8/site-packages/airflow/example_dags/example_task_group.py
[2024-03-28T17:26:44.686+0000] {logging_mixin.py:188} INFO - [2024-03-28T17:26:44.685+0000] {dag.py:3047} INFO - Sync 1 DAGs
[2024-03-28T17:26:45.214+0000] {logging_mixin.py:188} INFO - [2024-03-28T17:26:45.201+0000] {dag.py:3834} INFO - Setting next_dagrun for example_task_group to 2024-03-27 00:00:00+00:00, run_after=2024-03-28 00:00:00+00:00
[2024-03-28T17:26:45.526+0000] {processor.py:183} INFO - Processing /home/airflow/.local/lib/python3.8/site-packages/airflow/example_dags/example_task_group.py took 1.317 seconds
[2024-03-28T17:27:16.471+0000] {processor.py:161} INFO - Started process (PID=1821) to work on /home/airflow/.local/lib/python3.8/site-packages/airflow/example_dags/example_task_group.py
[2024-03-28T17:27:16.500+0000] {processor.py:830} INFO - Processing file /home/airflow/.local/lib/python3.8/site-packages/airflow/example_dags/example_task_group.py for tasks to queue
[2024-03-28T17:27:16.541+0000] {logging_mixin.py:188} INFO - [2024-03-28T17:27:16.539+0000] {dagbag.py:540} INFO - Filling up the DagBag from /home/airflow/.local/lib/python3.8/site-packages/airflow/example_dags/example_task_group.py
[2024-03-28T17:27:16.737+0000] {processor.py:840} INFO - DAG(s) 'example_task_group' retrieved from /home/airflow/.local/lib/python3.8/site-packages/airflow/example_dags/example_task_group.py
[2024-03-28T17:27:17.011+0000] {logging_mixin.py:188} INFO - [2024-03-28T17:27:17.010+0000] {dag.py:3047} INFO - Sync 1 DAGs
[2024-03-28T17:27:17.390+0000] {logging_mixin.py:188} INFO - [2024-03-28T17:27:17.384+0000] {dag.py:3834} INFO - Setting next_dagrun for example_task_group to 2024-03-27 00:00:00+00:00, run_after=2024-03-28 00:00:00+00:00
[2024-03-28T17:27:17.602+0000] {processor.py:183} INFO - Processing /home/airflow/.local/lib/python3.8/site-packages/airflow/example_dags/example_task_group.py took 1.224 seconds
[2024-03-28T17:27:48.657+0000] {processor.py:161} INFO - Started process (PID=1876) to work on /home/airflow/.local/lib/python3.8/site-packages/airflow/example_dags/example_task_group.py
[2024-03-28T17:27:48.662+0000] {processor.py:830} INFO - Processing file /home/airflow/.local/lib/python3.8/site-packages/airflow/example_dags/example_task_group.py for tasks to queue
[2024-03-28T17:27:48.675+0000] {logging_mixin.py:188} INFO - [2024-03-28T17:27:48.671+0000] {dagbag.py:540} INFO - Filling up the DagBag from /home/airflow/.local/lib/python3.8/site-packages/airflow/example_dags/example_task_group.py
[2024-03-28T17:27:48.720+0000] {processor.py:840} INFO - DAG(s) 'example_task_group' retrieved from /home/airflow/.local/lib/python3.8/site-packages/airflow/example_dags/example_task_group.py
[2024-03-28T17:27:48.842+0000] {logging_mixin.py:188} INFO - [2024-03-28T17:27:48.842+0000] {dag.py:3047} INFO - Sync 1 DAGs
[2024-03-28T17:27:48.984+0000] {logging_mixin.py:188} INFO - [2024-03-28T17:27:48.964+0000] {dag.py:3834} INFO - Setting next_dagrun for example_task_group to 2024-03-27 00:00:00+00:00, run_after=2024-03-28 00:00:00+00:00
[2024-03-28T17:27:49.259+0000] {processor.py:183} INFO - Processing /home/airflow/.local/lib/python3.8/site-packages/airflow/example_dags/example_task_group.py took 0.613 seconds
[2024-03-28T17:28:19.510+0000] {processor.py:161} INFO - Started process (PID=1932) to work on /home/airflow/.local/lib/python3.8/site-packages/airflow/example_dags/example_task_group.py
[2024-03-28T17:28:19.514+0000] {processor.py:830} INFO - Processing file /home/airflow/.local/lib/python3.8/site-packages/airflow/example_dags/example_task_group.py for tasks to queue
[2024-03-28T17:28:19.532+0000] {logging_mixin.py:188} INFO - [2024-03-28T17:28:19.525+0000] {dagbag.py:540} INFO - Filling up the DagBag from /home/airflow/.local/lib/python3.8/site-packages/airflow/example_dags/example_task_group.py
[2024-03-28T17:28:19.572+0000] {processor.py:840} INFO - DAG(s) 'example_task_group' retrieved from /home/airflow/.local/lib/python3.8/site-packages/airflow/example_dags/example_task_group.py
[2024-03-28T17:28:19.673+0000] {logging_mixin.py:188} INFO - [2024-03-28T17:28:19.672+0000] {dag.py:3047} INFO - Sync 1 DAGs
[2024-03-28T17:28:19.788+0000] {logging_mixin.py:188} INFO - [2024-03-28T17:28:19.787+0000] {dag.py:3834} INFO - Setting next_dagrun for example_task_group to 2024-03-27 00:00:00+00:00, run_after=2024-03-28 00:00:00+00:00
[2024-03-28T17:28:19.891+0000] {processor.py:183} INFO - Processing /home/airflow/.local/lib/python3.8/site-packages/airflow/example_dags/example_task_group.py took 0.403 seconds
[2024-03-28T17:28:52.968+0000] {processor.py:161} INFO - Started process (PID=1986) to work on /home/airflow/.local/lib/python3.8/site-packages/airflow/example_dags/example_task_group.py
[2024-03-28T17:28:52.971+0000] {processor.py:830} INFO - Processing file /home/airflow/.local/lib/python3.8/site-packages/airflow/example_dags/example_task_group.py for tasks to queue
[2024-03-28T17:28:52.979+0000] {logging_mixin.py:188} INFO - [2024-03-28T17:28:52.978+0000] {dagbag.py:540} INFO - Filling up the DagBag from /home/airflow/.local/lib/python3.8/site-packages/airflow/example_dags/example_task_group.py
[2024-03-28T17:28:53.003+0000] {processor.py:840} INFO - DAG(s) 'example_task_group' retrieved from /home/airflow/.local/lib/python3.8/site-packages/airflow/example_dags/example_task_group.py
[2024-03-28T17:28:53.081+0000] {logging_mixin.py:188} INFO - [2024-03-28T17:28:53.080+0000] {dag.py:3047} INFO - Sync 1 DAGs
[2024-03-28T17:28:53.428+0000] {logging_mixin.py:188} INFO - [2024-03-28T17:28:53.428+0000] {dag.py:3834} INFO - Setting next_dagrun for example_task_group to 2024-03-27 00:00:00+00:00, run_after=2024-03-28 00:00:00+00:00
[2024-03-28T17:28:53.730+0000] {processor.py:183} INFO - Processing /home/airflow/.local/lib/python3.8/site-packages/airflow/example_dags/example_task_group.py took 0.777 seconds
[2024-03-28T17:29:29.993+0000] {processor.py:161} INFO - Started process (PID=2043) to work on /home/airflow/.local/lib/python3.8/site-packages/airflow/example_dags/example_task_group.py
[2024-03-28T17:29:29.997+0000] {processor.py:830} INFO - Processing file /home/airflow/.local/lib/python3.8/site-packages/airflow/example_dags/example_task_group.py for tasks to queue
[2024-03-28T17:29:30.009+0000] {logging_mixin.py:188} INFO - [2024-03-28T17:29:30.008+0000] {dagbag.py:540} INFO - Filling up the DagBag from /home/airflow/.local/lib/python3.8/site-packages/airflow/example_dags/example_task_group.py
[2024-03-28T17:29:30.043+0000] {processor.py:840} INFO - DAG(s) 'example_task_group' retrieved from /home/airflow/.local/lib/python3.8/site-packages/airflow/example_dags/example_task_group.py
[2024-03-28T17:29:30.124+0000] {logging_mixin.py:188} INFO - [2024-03-28T17:29:30.122+0000] {dag.py:3047} INFO - Sync 1 DAGs
[2024-03-28T17:29:30.207+0000] {logging_mixin.py:188} INFO - [2024-03-28T17:29:30.206+0000] {dag.py:3834} INFO - Setting next_dagrun for example_task_group to 2024-03-27 00:00:00+00:00, run_after=2024-03-28 00:00:00+00:00
[2024-03-28T17:29:30.287+0000] {processor.py:183} INFO - Processing /home/airflow/.local/lib/python3.8/site-packages/airflow/example_dags/example_task_group.py took 0.302 seconds
[2024-03-28T17:30:04.591+0000] {processor.py:161} INFO - Started process (PID=2097) to work on /home/airflow/.local/lib/python3.8/site-packages/airflow/example_dags/example_task_group.py
[2024-03-28T17:30:04.604+0000] {processor.py:830} INFO - Processing file /home/airflow/.local/lib/python3.8/site-packages/airflow/example_dags/example_task_group.py for tasks to queue
[2024-03-28T17:30:04.629+0000] {logging_mixin.py:188} INFO - [2024-03-28T17:30:04.627+0000] {dagbag.py:540} INFO - Filling up the DagBag from /home/airflow/.local/lib/python3.8/site-packages/airflow/example_dags/example_task_group.py
[2024-03-28T17:30:04.777+0000] {processor.py:840} INFO - DAG(s) 'example_task_group' retrieved from /home/airflow/.local/lib/python3.8/site-packages/airflow/example_dags/example_task_group.py
[2024-03-28T17:30:04.997+0000] {logging_mixin.py:188} INFO - [2024-03-28T17:30:04.996+0000] {dag.py:3047} INFO - Sync 1 DAGs
[2024-03-28T17:30:05.064+0000] {logging_mixin.py:188} INFO - [2024-03-28T17:30:05.064+0000] {dag.py:3834} INFO - Setting next_dagrun for example_task_group to 2024-03-27 00:00:00+00:00, run_after=2024-03-28 00:00:00+00:00
[2024-03-28T17:30:05.137+0000] {processor.py:183} INFO - Processing /home/airflow/.local/lib/python3.8/site-packages/airflow/example_dags/example_task_group.py took 0.575 seconds
[2024-03-28T17:30:38.702+0000] {processor.py:161} INFO - Started process (PID=2152) to work on /home/airflow/.local/lib/python3.8/site-packages/airflow/example_dags/example_task_group.py
[2024-03-28T17:30:38.720+0000] {processor.py:830} INFO - Processing file /home/airflow/.local/lib/python3.8/site-packages/airflow/example_dags/example_task_group.py for tasks to queue
[2024-03-28T17:30:38.742+0000] {logging_mixin.py:188} INFO - [2024-03-28T17:30:38.735+0000] {dagbag.py:540} INFO - Filling up the DagBag from /home/airflow/.local/lib/python3.8/site-packages/airflow/example_dags/example_task_group.py
[2024-03-28T17:30:38.903+0000] {processor.py:840} INFO - DAG(s) 'example_task_group' retrieved from /home/airflow/.local/lib/python3.8/site-packages/airflow/example_dags/example_task_group.py
[2024-03-28T17:30:39.237+0000] {logging_mixin.py:188} INFO - [2024-03-28T17:30:39.236+0000] {dag.py:3047} INFO - Sync 1 DAGs
[2024-03-28T17:30:39.677+0000] {logging_mixin.py:188} INFO - [2024-03-28T17:30:39.676+0000] {dag.py:3834} INFO - Setting next_dagrun for example_task_group to 2024-03-27 00:00:00+00:00, run_after=2024-03-28 00:00:00+00:00
[2024-03-28T17:30:39.975+0000] {processor.py:183} INFO - Processing /home/airflow/.local/lib/python3.8/site-packages/airflow/example_dags/example_task_group.py took 1.365 seconds
[2024-03-28T17:31:13.962+0000] {processor.py:161} INFO - Started process (PID=2206) to work on /home/airflow/.local/lib/python3.8/site-packages/airflow/example_dags/example_task_group.py
[2024-03-28T17:31:13.975+0000] {processor.py:830} INFO - Processing file /home/airflow/.local/lib/python3.8/site-packages/airflow/example_dags/example_task_group.py for tasks to queue
[2024-03-28T17:31:13.992+0000] {logging_mixin.py:188} INFO - [2024-03-28T17:31:13.991+0000] {dagbag.py:540} INFO - Filling up the DagBag from /home/airflow/.local/lib/python3.8/site-packages/airflow/example_dags/example_task_group.py
[2024-03-28T17:31:14.052+0000] {processor.py:840} INFO - DAG(s) 'example_task_group' retrieved from /home/airflow/.local/lib/python3.8/site-packages/airflow/example_dags/example_task_group.py
[2024-03-28T17:31:14.225+0000] {logging_mixin.py:188} INFO - [2024-03-28T17:31:14.225+0000] {dag.py:3047} INFO - Sync 1 DAGs
[2024-03-28T17:31:14.474+0000] {logging_mixin.py:188} INFO - [2024-03-28T17:31:14.473+0000] {dag.py:3834} INFO - Setting next_dagrun for example_task_group to 2024-03-27 00:00:00+00:00, run_after=2024-03-28 00:00:00+00:00
[2024-03-28T17:31:14.736+0000] {processor.py:183} INFO - Processing /home/airflow/.local/lib/python3.8/site-packages/airflow/example_dags/example_task_group.py took 0.796 seconds
[2024-03-28T17:31:45.549+0000] {processor.py:161} INFO - Started process (PID=2260) to work on /home/airflow/.local/lib/python3.8/site-packages/airflow/example_dags/example_task_group.py
[2024-03-28T17:31:45.553+0000] {processor.py:830} INFO - Processing file /home/airflow/.local/lib/python3.8/site-packages/airflow/example_dags/example_task_group.py for tasks to queue
[2024-03-28T17:31:45.564+0000] {logging_mixin.py:188} INFO - [2024-03-28T17:31:45.562+0000] {dagbag.py:540} INFO - Filling up the DagBag from /home/airflow/.local/lib/python3.8/site-packages/airflow/example_dags/example_task_group.py
[2024-03-28T17:31:45.586+0000] {processor.py:840} INFO - DAG(s) 'example_task_group' retrieved from /home/airflow/.local/lib/python3.8/site-packages/airflow/example_dags/example_task_group.py
[2024-03-28T17:31:45.637+0000] {logging_mixin.py:188} INFO - [2024-03-28T17:31:45.636+0000] {dag.py:3047} INFO - Sync 1 DAGs
[2024-03-28T17:31:45.693+0000] {logging_mixin.py:188} INFO - [2024-03-28T17:31:45.693+0000] {dag.py:3834} INFO - Setting next_dagrun for example_task_group to 2024-03-27 00:00:00+00:00, run_after=2024-03-28 00:00:00+00:00
[2024-03-28T17:31:45.780+0000] {processor.py:183} INFO - Processing /home/airflow/.local/lib/python3.8/site-packages/airflow/example_dags/example_task_group.py took 0.243 seconds
[2024-03-28T17:32:19.455+0000] {processor.py:161} INFO - Started process (PID=2318) to work on /home/airflow/.local/lib/python3.8/site-packages/airflow/example_dags/example_task_group.py
[2024-03-28T17:32:19.459+0000] {processor.py:830} INFO - Processing file /home/airflow/.local/lib/python3.8/site-packages/airflow/example_dags/example_task_group.py for tasks to queue
[2024-03-28T17:32:19.473+0000] {logging_mixin.py:188} INFO - [2024-03-28T17:32:19.472+0000] {dagbag.py:540} INFO - Filling up the DagBag from /home/airflow/.local/lib/python3.8/site-packages/airflow/example_dags/example_task_group.py
[2024-03-28T17:32:19.499+0000] {processor.py:840} INFO - DAG(s) 'example_task_group' retrieved from /home/airflow/.local/lib/python3.8/site-packages/airflow/example_dags/example_task_group.py
[2024-03-28T17:32:19.566+0000] {logging_mixin.py:188} INFO - [2024-03-28T17:32:19.565+0000] {dag.py:3047} INFO - Sync 1 DAGs
[2024-03-28T17:32:19.640+0000] {logging_mixin.py:188} INFO - [2024-03-28T17:32:19.638+0000] {dag.py:3834} INFO - Setting next_dagrun for example_task_group to 2024-03-27 00:00:00+00:00, run_after=2024-03-28 00:00:00+00:00
[2024-03-28T17:32:19.748+0000] {processor.py:183} INFO - Processing /home/airflow/.local/lib/python3.8/site-packages/airflow/example_dags/example_task_group.py took 0.306 seconds
[2024-03-28T17:32:56.224+0000] {processor.py:161} INFO - Started process (PID=2369) to work on /home/airflow/.local/lib/python3.8/site-packages/airflow/example_dags/example_task_group.py
[2024-03-28T17:32:56.231+0000] {processor.py:830} INFO - Processing file /home/airflow/.local/lib/python3.8/site-packages/airflow/example_dags/example_task_group.py for tasks to queue
[2024-03-28T17:32:56.250+0000] {logging_mixin.py:188} INFO - [2024-03-28T17:32:56.249+0000] {dagbag.py:540} INFO - Filling up the DagBag from /home/airflow/.local/lib/python3.8/site-packages/airflow/example_dags/example_task_group.py
[2024-03-28T17:32:56.289+0000] {processor.py:840} INFO - DAG(s) 'example_task_group' retrieved from /home/airflow/.local/lib/python3.8/site-packages/airflow/example_dags/example_task_group.py
[2024-03-28T17:32:56.370+0000] {logging_mixin.py:188} INFO - [2024-03-28T17:32:56.370+0000] {dag.py:3047} INFO - Sync 1 DAGs
[2024-03-28T17:32:56.443+0000] {logging_mixin.py:188} INFO - [2024-03-28T17:32:56.443+0000] {dag.py:3834} INFO - Setting next_dagrun for example_task_group to 2024-03-27 00:00:00+00:00, run_after=2024-03-28 00:00:00+00:00
[2024-03-28T17:32:56.503+0000] {processor.py:183} INFO - Processing /home/airflow/.local/lib/python3.8/site-packages/airflow/example_dags/example_task_group.py took 0.292 seconds
[2024-03-28T17:33:28.040+0000] {processor.py:161} INFO - Started process (PID=2424) to work on /home/airflow/.local/lib/python3.8/site-packages/airflow/example_dags/example_task_group.py
[2024-03-28T17:33:28.044+0000] {processor.py:830} INFO - Processing file /home/airflow/.local/lib/python3.8/site-packages/airflow/example_dags/example_task_group.py for tasks to queue
[2024-03-28T17:33:28.051+0000] {logging_mixin.py:188} INFO - [2024-03-28T17:33:28.049+0000] {dagbag.py:540} INFO - Filling up the DagBag from /home/airflow/.local/lib/python3.8/site-packages/airflow/example_dags/example_task_group.py
[2024-03-28T17:33:28.074+0000] {processor.py:840} INFO - DAG(s) 'example_task_group' retrieved from /home/airflow/.local/lib/python3.8/site-packages/airflow/example_dags/example_task_group.py
[2024-03-28T17:33:28.132+0000] {logging_mixin.py:188} INFO - [2024-03-28T17:33:28.132+0000] {dag.py:3047} INFO - Sync 1 DAGs
[2024-03-28T17:33:28.176+0000] {logging_mixin.py:188} INFO - [2024-03-28T17:33:28.175+0000] {dag.py:3834} INFO - Setting next_dagrun for example_task_group to 2024-03-27 00:00:00+00:00, run_after=2024-03-28 00:00:00+00:00
[2024-03-28T17:33:28.230+0000] {processor.py:183} INFO - Processing /home/airflow/.local/lib/python3.8/site-packages/airflow/example_dags/example_task_group.py took 0.197 seconds
