[2024-03-28T16:33:47.755+0000] {processor.py:161} INFO - Started process (PID=176) to work on /home/airflow/.local/lib/python3.8/site-packages/airflow/example_dags/example_skip_dag.py
[2024-03-28T16:33:47.795+0000] {processor.py:830} INFO - Processing file /home/airflow/.local/lib/python3.8/site-packages/airflow/example_dags/example_skip_dag.py for tasks to queue
[2024-03-28T16:33:48.060+0000] {logging_mixin.py:188} INFO - [2024-03-28T16:33:47.884+0000] {dagbag.py:540} INFO - Filling up the DagBag from /home/airflow/.local/lib/python3.8/site-packages/airflow/example_dags/example_skip_dag.py
[2024-03-28T16:33:48.588+0000] {processor.py:840} INFO - DAG(s) 'example_skip_dag' retrieved from /home/airflow/.local/lib/python3.8/site-packages/airflow/example_dags/example_skip_dag.py
[2024-03-28T16:33:54.914+0000] {logging_mixin.py:188} INFO - [2024-03-28T16:33:54.891+0000] {override.py:1769} INFO - Created Permission View: can edit on DAG:example_skip_dag
[2024-03-28T16:33:55.572+0000] {logging_mixin.py:188} INFO - [2024-03-28T16:33:55.544+0000] {override.py:1769} INFO - Created Permission View: can read on DAG:example_skip_dag
[2024-03-28T16:33:55.825+0000] {logging_mixin.py:188} INFO - [2024-03-28T16:33:55.823+0000] {override.py:1769} INFO - Created Permission View: can delete on DAG:example_skip_dag
[2024-03-28T16:33:55.918+0000] {logging_mixin.py:188} INFO - [2024-03-28T16:33:55.831+0000] {dag.py:3047} INFO - Sync 1 DAGs
[2024-03-28T16:33:56.423+0000] {logging_mixin.py:188} INFO - [2024-03-28T16:33:56.422+0000] {dag.py:3069} INFO - Creating ORM DAG for example_skip_dag
[2024-03-28T16:33:56.857+0000] {logging_mixin.py:188} INFO - [2024-03-28T16:33:56.785+0000] {dag.py:3834} INFO - Setting next_dagrun for example_skip_dag to 2024-03-27 00:00:00+00:00, run_after=2024-03-28 00:00:00+00:00
[2024-03-28T16:33:57.856+0000] {processor.py:183} INFO - Processing /home/airflow/.local/lib/python3.8/site-packages/airflow/example_dags/example_skip_dag.py took 10.272 seconds
[2024-03-28T16:37:12.025+0000] {processor.py:161} INFO - Started process (PID=262) to work on /home/airflow/.local/lib/python3.8/site-packages/airflow/example_dags/example_skip_dag.py
[2024-03-28T16:37:12.076+0000] {processor.py:830} INFO - Processing file /home/airflow/.local/lib/python3.8/site-packages/airflow/example_dags/example_skip_dag.py for tasks to queue
[2024-03-28T16:37:12.291+0000] {logging_mixin.py:188} INFO - [2024-03-28T16:37:12.290+0000] {dagbag.py:540} INFO - Filling up the DagBag from /home/airflow/.local/lib/python3.8/site-packages/airflow/example_dags/example_skip_dag.py
[2024-03-28T16:37:12.651+0000] {processor.py:840} INFO - DAG(s) 'example_skip_dag' retrieved from /home/airflow/.local/lib/python3.8/site-packages/airflow/example_dags/example_skip_dag.py
[2024-03-28T16:37:13.383+0000] {logging_mixin.py:188} INFO - [2024-03-28T16:37:13.382+0000] {dag.py:3047} INFO - Sync 1 DAGs
[2024-03-28T16:37:14.720+0000] {logging_mixin.py:188} INFO - [2024-03-28T16:37:14.719+0000] {dag.py:3834} INFO - Setting next_dagrun for example_skip_dag to 2024-03-27 00:00:00+00:00, run_after=2024-03-28 00:00:00+00:00
[2024-03-28T16:37:15.437+0000] {processor.py:183} INFO - Processing /home/airflow/.local/lib/python3.8/site-packages/airflow/example_dags/example_skip_dag.py took 3.694 seconds
[2024-03-28T16:42:35.297+0000] {processor.py:161} INFO - Started process (PID=396) to work on /home/airflow/.local/lib/python3.8/site-packages/airflow/example_dags/example_skip_dag.py
[2024-03-28T16:42:35.713+0000] {processor.py:830} INFO - Processing file /home/airflow/.local/lib/python3.8/site-packages/airflow/example_dags/example_skip_dag.py for tasks to queue
[2024-03-28T16:42:36.014+0000] {logging_mixin.py:188} INFO - [2024-03-28T16:42:35.999+0000] {dagbag.py:540} INFO - Filling up the DagBag from /home/airflow/.local/lib/python3.8/site-packages/airflow/example_dags/example_skip_dag.py
[2024-03-28T16:42:37.180+0000] {processor.py:840} INFO - DAG(s) 'example_skip_dag' retrieved from /home/airflow/.local/lib/python3.8/site-packages/airflow/example_dags/example_skip_dag.py
[2024-03-28T16:42:39.038+0000] {logging_mixin.py:188} INFO - [2024-03-28T16:42:38.991+0000] {dag.py:3047} INFO - Sync 1 DAGs
[2024-03-28T16:42:41.834+0000] {logging_mixin.py:188} INFO - [2024-03-28T16:42:41.833+0000] {dag.py:3834} INFO - Setting next_dagrun for example_skip_dag to 2024-03-27 00:00:00+00:00, run_after=2024-03-28 00:00:00+00:00
[2024-03-28T16:42:43.371+0000] {processor.py:183} INFO - Processing /home/airflow/.local/lib/python3.8/site-packages/airflow/example_dags/example_skip_dag.py took 8.238 seconds
[2024-03-28T17:06:27.297+0000] {processor.py:161} INFO - Started process (PID=88) to work on /home/airflow/.local/lib/python3.8/site-packages/airflow/example_dags/example_skip_dag.py
[2024-03-28T17:06:27.313+0000] {processor.py:830} INFO - Processing file /home/airflow/.local/lib/python3.8/site-packages/airflow/example_dags/example_skip_dag.py for tasks to queue
[2024-03-28T17:06:27.361+0000] {logging_mixin.py:188} INFO - [2024-03-28T17:06:27.354+0000] {dagbag.py:540} INFO - Filling up the DagBag from /home/airflow/.local/lib/python3.8/site-packages/airflow/example_dags/example_skip_dag.py
[2024-03-28T17:06:27.659+0000] {processor.py:840} INFO - DAG(s) 'example_skip_dag' retrieved from /home/airflow/.local/lib/python3.8/site-packages/airflow/example_dags/example_skip_dag.py
[2024-03-28T17:06:29.672+0000] {logging_mixin.py:188} INFO - [2024-03-28T17:06:29.654+0000] {dag.py:3047} INFO - Sync 1 DAGs
[2024-03-28T17:06:30.379+0000] {logging_mixin.py:188} INFO - [2024-03-28T17:06:30.379+0000] {dag.py:3834} INFO - Setting next_dagrun for example_skip_dag to 2024-03-27 00:00:00+00:00, run_after=2024-03-28 00:00:00+00:00
[2024-03-28T17:06:30.651+0000] {processor.py:183} INFO - Processing /home/airflow/.local/lib/python3.8/site-packages/airflow/example_dags/example_skip_dag.py took 3.389 seconds
[2024-03-28T17:07:46.692+0000] {processor.py:161} INFO - Started process (PID=155) to work on /home/airflow/.local/lib/python3.8/site-packages/airflow/example_dags/example_skip_dag.py
[2024-03-28T17:07:46.710+0000] {processor.py:830} INFO - Processing file /home/airflow/.local/lib/python3.8/site-packages/airflow/example_dags/example_skip_dag.py for tasks to queue
[2024-03-28T17:07:46.718+0000] {logging_mixin.py:188} INFO - [2024-03-28T17:07:46.717+0000] {dagbag.py:540} INFO - Filling up the DagBag from /home/airflow/.local/lib/python3.8/site-packages/airflow/example_dags/example_skip_dag.py
[2024-03-28T17:07:46.769+0000] {processor.py:840} INFO - DAG(s) 'example_skip_dag' retrieved from /home/airflow/.local/lib/python3.8/site-packages/airflow/example_dags/example_skip_dag.py
[2024-03-28T17:07:46.910+0000] {logging_mixin.py:188} INFO - [2024-03-28T17:07:46.909+0000] {dag.py:3047} INFO - Sync 1 DAGs
[2024-03-28T17:07:47.285+0000] {logging_mixin.py:188} INFO - [2024-03-28T17:07:47.285+0000] {dag.py:3834} INFO - Setting next_dagrun for example_skip_dag to 2024-03-27 00:00:00+00:00, run_after=2024-03-28 00:00:00+00:00
[2024-03-28T17:07:47.443+0000] {processor.py:183} INFO - Processing /home/airflow/.local/lib/python3.8/site-packages/airflow/example_dags/example_skip_dag.py took 0.759 seconds
[2024-03-28T17:08:31.167+0000] {processor.py:161} INFO - Started process (PID=210) to work on /home/airflow/.local/lib/python3.8/site-packages/airflow/example_dags/example_skip_dag.py
[2024-03-28T17:08:31.303+0000] {processor.py:830} INFO - Processing file /home/airflow/.local/lib/python3.8/site-packages/airflow/example_dags/example_skip_dag.py for tasks to queue
[2024-03-28T17:08:31.340+0000] {logging_mixin.py:188} INFO - [2024-03-28T17:08:31.322+0000] {dagbag.py:540} INFO - Filling up the DagBag from /home/airflow/.local/lib/python3.8/site-packages/airflow/example_dags/example_skip_dag.py
[2024-03-28T17:08:31.543+0000] {processor.py:840} INFO - DAG(s) 'example_skip_dag' retrieved from /home/airflow/.local/lib/python3.8/site-packages/airflow/example_dags/example_skip_dag.py
[2024-03-28T17:08:32.670+0000] {logging_mixin.py:188} INFO - [2024-03-28T17:08:32.669+0000] {dag.py:3047} INFO - Sync 1 DAGs
[2024-03-28T17:08:32.864+0000] {logging_mixin.py:188} INFO - [2024-03-28T17:08:32.863+0000] {dag.py:3834} INFO - Setting next_dagrun for example_skip_dag to 2024-03-27 00:00:00+00:00, run_after=2024-03-28 00:00:00+00:00
[2024-03-28T17:08:33.192+0000] {processor.py:183} INFO - Processing /home/airflow/.local/lib/python3.8/site-packages/airflow/example_dags/example_skip_dag.py took 2.197 seconds
[2024-03-28T17:10:28.954+0000] {processor.py:161} INFO - Started process (PID=299) to work on /home/airflow/.local/lib/python3.8/site-packages/airflow/example_dags/example_skip_dag.py
[2024-03-28T17:10:28.973+0000] {processor.py:830} INFO - Processing file /home/airflow/.local/lib/python3.8/site-packages/airflow/example_dags/example_skip_dag.py for tasks to queue
[2024-03-28T17:10:28.999+0000] {logging_mixin.py:188} INFO - [2024-03-28T17:10:28.998+0000] {dagbag.py:540} INFO - Filling up the DagBag from /home/airflow/.local/lib/python3.8/site-packages/airflow/example_dags/example_skip_dag.py
[2024-03-28T17:10:29.061+0000] {processor.py:840} INFO - DAG(s) 'example_skip_dag' retrieved from /home/airflow/.local/lib/python3.8/site-packages/airflow/example_dags/example_skip_dag.py
[2024-03-28T17:10:29.184+0000] {logging_mixin.py:188} INFO - [2024-03-28T17:10:29.184+0000] {dag.py:3047} INFO - Sync 1 DAGs
[2024-03-28T17:10:29.692+0000] {logging_mixin.py:188} INFO - [2024-03-28T17:10:29.691+0000] {dag.py:3834} INFO - Setting next_dagrun for example_skip_dag to 2024-03-27 00:00:00+00:00, run_after=2024-03-28 00:00:00+00:00
[2024-03-28T17:10:30.196+0000] {processor.py:183} INFO - Processing /home/airflow/.local/lib/python3.8/site-packages/airflow/example_dags/example_skip_dag.py took 1.300 seconds
[2024-03-28T17:11:16.863+0000] {processor.py:161} INFO - Started process (PID=355) to work on /home/airflow/.local/lib/python3.8/site-packages/airflow/example_dags/example_skip_dag.py
[2024-03-28T17:11:16.883+0000] {processor.py:830} INFO - Processing file /home/airflow/.local/lib/python3.8/site-packages/airflow/example_dags/example_skip_dag.py for tasks to queue
[2024-03-28T17:11:16.920+0000] {logging_mixin.py:188} INFO - [2024-03-28T17:11:16.914+0000] {dagbag.py:540} INFO - Filling up the DagBag from /home/airflow/.local/lib/python3.8/site-packages/airflow/example_dags/example_skip_dag.py
[2024-03-28T17:11:16.965+0000] {processor.py:840} INFO - DAG(s) 'example_skip_dag' retrieved from /home/airflow/.local/lib/python3.8/site-packages/airflow/example_dags/example_skip_dag.py
[2024-03-28T17:11:17.106+0000] {logging_mixin.py:188} INFO - [2024-03-28T17:11:17.105+0000] {dag.py:3047} INFO - Sync 1 DAGs
[2024-03-28T17:11:17.323+0000] {logging_mixin.py:188} INFO - [2024-03-28T17:11:17.323+0000] {dag.py:3834} INFO - Setting next_dagrun for example_skip_dag to 2024-03-27 00:00:00+00:00, run_after=2024-03-28 00:00:00+00:00
[2024-03-28T17:11:17.460+0000] {processor.py:183} INFO - Processing /home/airflow/.local/lib/python3.8/site-packages/airflow/example_dags/example_skip_dag.py took 0.617 seconds
[2024-03-28T17:12:16.745+0000] {processor.py:161} INFO - Started process (PID=418) to work on /home/airflow/.local/lib/python3.8/site-packages/airflow/example_dags/example_skip_dag.py
[2024-03-28T17:12:16.760+0000] {processor.py:830} INFO - Processing file /home/airflow/.local/lib/python3.8/site-packages/airflow/example_dags/example_skip_dag.py for tasks to queue
[2024-03-28T17:12:16.801+0000] {logging_mixin.py:188} INFO - [2024-03-28T17:12:16.789+0000] {dagbag.py:540} INFO - Filling up the DagBag from /home/airflow/.local/lib/python3.8/site-packages/airflow/example_dags/example_skip_dag.py
[2024-03-28T17:12:16.879+0000] {processor.py:840} INFO - DAG(s) 'example_skip_dag' retrieved from /home/airflow/.local/lib/python3.8/site-packages/airflow/example_dags/example_skip_dag.py
[2024-03-28T17:12:17.013+0000] {logging_mixin.py:188} INFO - [2024-03-28T17:12:17.011+0000] {dag.py:3047} INFO - Sync 1 DAGs
[2024-03-28T17:12:18.055+0000] {logging_mixin.py:188} INFO - [2024-03-28T17:12:18.051+0000] {dag.py:3834} INFO - Setting next_dagrun for example_skip_dag to 2024-03-27 00:00:00+00:00, run_after=2024-03-28 00:00:00+00:00
[2024-03-28T17:12:18.373+0000] {processor.py:183} INFO - Processing /home/airflow/.local/lib/python3.8/site-packages/airflow/example_dags/example_skip_dag.py took 1.657 seconds
[2024-03-28T17:12:55.635+0000] {processor.py:161} INFO - Started process (PID=480) to work on /home/airflow/.local/lib/python3.8/site-packages/airflow/example_dags/example_skip_dag.py
[2024-03-28T17:12:55.641+0000] {processor.py:830} INFO - Processing file /home/airflow/.local/lib/python3.8/site-packages/airflow/example_dags/example_skip_dag.py for tasks to queue
[2024-03-28T17:12:55.651+0000] {logging_mixin.py:188} INFO - [2024-03-28T17:12:55.649+0000] {dagbag.py:540} INFO - Filling up the DagBag from /home/airflow/.local/lib/python3.8/site-packages/airflow/example_dags/example_skip_dag.py
[2024-03-28T17:12:55.672+0000] {processor.py:840} INFO - DAG(s) 'example_skip_dag' retrieved from /home/airflow/.local/lib/python3.8/site-packages/airflow/example_dags/example_skip_dag.py
[2024-03-28T17:12:55.747+0000] {logging_mixin.py:188} INFO - [2024-03-28T17:12:55.746+0000] {dag.py:3047} INFO - Sync 1 DAGs
[2024-03-28T17:12:55.858+0000] {logging_mixin.py:188} INFO - [2024-03-28T17:12:55.857+0000] {dag.py:3834} INFO - Setting next_dagrun for example_skip_dag to 2024-03-27 00:00:00+00:00, run_after=2024-03-28 00:00:00+00:00
[2024-03-28T17:12:55.920+0000] {processor.py:183} INFO - Processing /home/airflow/.local/lib/python3.8/site-packages/airflow/example_dags/example_skip_dag.py took 0.294 seconds
[2024-03-28T17:13:33.806+0000] {processor.py:161} INFO - Started process (PID=536) to work on /home/airflow/.local/lib/python3.8/site-packages/airflow/example_dags/example_skip_dag.py
[2024-03-28T17:13:33.896+0000] {processor.py:830} INFO - Processing file /home/airflow/.local/lib/python3.8/site-packages/airflow/example_dags/example_skip_dag.py for tasks to queue
[2024-03-28T17:13:34.013+0000] {logging_mixin.py:188} INFO - [2024-03-28T17:13:33.998+0000] {dagbag.py:540} INFO - Filling up the DagBag from /home/airflow/.local/lib/python3.8/site-packages/airflow/example_dags/example_skip_dag.py
[2024-03-28T17:13:34.158+0000] {processor.py:840} INFO - DAG(s) 'example_skip_dag' retrieved from /home/airflow/.local/lib/python3.8/site-packages/airflow/example_dags/example_skip_dag.py
[2024-03-28T17:13:34.466+0000] {logging_mixin.py:188} INFO - [2024-03-28T17:13:34.465+0000] {dag.py:3047} INFO - Sync 1 DAGs
[2024-03-28T17:13:34.664+0000] {logging_mixin.py:188} INFO - [2024-03-28T17:13:34.663+0000] {dag.py:3834} INFO - Setting next_dagrun for example_skip_dag to 2024-03-27 00:00:00+00:00, run_after=2024-03-28 00:00:00+00:00
[2024-03-28T17:13:34.829+0000] {processor.py:183} INFO - Processing /home/airflow/.local/lib/python3.8/site-packages/airflow/example_dags/example_skip_dag.py took 1.779 seconds
[2024-03-28T17:14:16.533+0000] {processor.py:161} INFO - Started process (PID=596) to work on /home/airflow/.local/lib/python3.8/site-packages/airflow/example_dags/example_skip_dag.py
[2024-03-28T17:14:16.539+0000] {processor.py:830} INFO - Processing file /home/airflow/.local/lib/python3.8/site-packages/airflow/example_dags/example_skip_dag.py for tasks to queue
[2024-03-28T17:14:16.564+0000] {logging_mixin.py:188} INFO - [2024-03-28T17:14:16.563+0000] {dagbag.py:540} INFO - Filling up the DagBag from /home/airflow/.local/lib/python3.8/site-packages/airflow/example_dags/example_skip_dag.py
[2024-03-28T17:14:16.647+0000] {processor.py:840} INFO - DAG(s) 'example_skip_dag' retrieved from /home/airflow/.local/lib/python3.8/site-packages/airflow/example_dags/example_skip_dag.py
[2024-03-28T17:14:16.864+0000] {logging_mixin.py:188} INFO - [2024-03-28T17:14:16.863+0000] {dag.py:3047} INFO - Sync 1 DAGs
[2024-03-28T17:14:17.057+0000] {logging_mixin.py:188} INFO - [2024-03-28T17:14:17.057+0000] {dag.py:3834} INFO - Setting next_dagrun for example_skip_dag to 2024-03-27 00:00:00+00:00, run_after=2024-03-28 00:00:00+00:00
[2024-03-28T17:14:17.410+0000] {processor.py:183} INFO - Processing /home/airflow/.local/lib/python3.8/site-packages/airflow/example_dags/example_skip_dag.py took 0.906 seconds
[2024-03-28T17:14:48.225+0000] {processor.py:161} INFO - Started process (PID=650) to work on /home/airflow/.local/lib/python3.8/site-packages/airflow/example_dags/example_skip_dag.py
[2024-03-28T17:14:48.270+0000] {processor.py:830} INFO - Processing file /home/airflow/.local/lib/python3.8/site-packages/airflow/example_dags/example_skip_dag.py for tasks to queue
[2024-03-28T17:14:48.282+0000] {logging_mixin.py:188} INFO - [2024-03-28T17:14:48.281+0000] {dagbag.py:540} INFO - Filling up the DagBag from /home/airflow/.local/lib/python3.8/site-packages/airflow/example_dags/example_skip_dag.py
[2024-03-28T17:14:48.315+0000] {processor.py:840} INFO - DAG(s) 'example_skip_dag' retrieved from /home/airflow/.local/lib/python3.8/site-packages/airflow/example_dags/example_skip_dag.py
[2024-03-28T17:14:48.379+0000] {logging_mixin.py:188} INFO - [2024-03-28T17:14:48.379+0000] {dag.py:3047} INFO - Sync 1 DAGs
[2024-03-28T17:14:48.440+0000] {logging_mixin.py:188} INFO - [2024-03-28T17:14:48.439+0000] {dag.py:3834} INFO - Setting next_dagrun for example_skip_dag to 2024-03-27 00:00:00+00:00, run_after=2024-03-28 00:00:00+00:00
[2024-03-28T17:14:48.500+0000] {processor.py:183} INFO - Processing /home/airflow/.local/lib/python3.8/site-packages/airflow/example_dags/example_skip_dag.py took 0.294 seconds
[2024-03-28T17:15:33.584+0000] {processor.py:161} INFO - Started process (PID=720) to work on /home/airflow/.local/lib/python3.8/site-packages/airflow/example_dags/example_skip_dag.py
[2024-03-28T17:15:33.595+0000] {processor.py:830} INFO - Processing file /home/airflow/.local/lib/python3.8/site-packages/airflow/example_dags/example_skip_dag.py for tasks to queue
[2024-03-28T17:15:33.611+0000] {logging_mixin.py:188} INFO - [2024-03-28T17:15:33.611+0000] {dagbag.py:540} INFO - Filling up the DagBag from /home/airflow/.local/lib/python3.8/site-packages/airflow/example_dags/example_skip_dag.py
[2024-03-28T17:15:33.702+0000] {processor.py:840} INFO - DAG(s) 'example_skip_dag' retrieved from /home/airflow/.local/lib/python3.8/site-packages/airflow/example_dags/example_skip_dag.py
[2024-03-28T17:15:33.869+0000] {logging_mixin.py:188} INFO - [2024-03-28T17:15:33.869+0000] {dag.py:3047} INFO - Sync 1 DAGs
[2024-03-28T17:15:34.067+0000] {logging_mixin.py:188} INFO - [2024-03-28T17:15:34.067+0000] {dag.py:3834} INFO - Setting next_dagrun for example_skip_dag to 2024-03-27 00:00:00+00:00, run_after=2024-03-28 00:00:00+00:00
[2024-03-28T17:15:34.223+0000] {processor.py:183} INFO - Processing /home/airflow/.local/lib/python3.8/site-packages/airflow/example_dags/example_skip_dag.py took 0.671 seconds
[2024-03-28T17:16:04.871+0000] {processor.py:161} INFO - Started process (PID=775) to work on /home/airflow/.local/lib/python3.8/site-packages/airflow/example_dags/example_skip_dag.py
[2024-03-28T17:16:04.881+0000] {processor.py:830} INFO - Processing file /home/airflow/.local/lib/python3.8/site-packages/airflow/example_dags/example_skip_dag.py for tasks to queue
[2024-03-28T17:16:04.896+0000] {logging_mixin.py:188} INFO - [2024-03-28T17:16:04.894+0000] {dagbag.py:540} INFO - Filling up the DagBag from /home/airflow/.local/lib/python3.8/site-packages/airflow/example_dags/example_skip_dag.py
[2024-03-28T17:16:04.946+0000] {processor.py:840} INFO - DAG(s) 'example_skip_dag' retrieved from /home/airflow/.local/lib/python3.8/site-packages/airflow/example_dags/example_skip_dag.py
[2024-03-28T17:16:05.229+0000] {logging_mixin.py:188} INFO - [2024-03-28T17:16:05.228+0000] {dag.py:3047} INFO - Sync 1 DAGs
[2024-03-28T17:16:05.685+0000] {logging_mixin.py:188} INFO - [2024-03-28T17:16:05.684+0000] {dag.py:3834} INFO - Setting next_dagrun for example_skip_dag to 2024-03-27 00:00:00+00:00, run_after=2024-03-28 00:00:00+00:00
[2024-03-28T17:16:05.909+0000] {processor.py:183} INFO - Processing /home/airflow/.local/lib/python3.8/site-packages/airflow/example_dags/example_skip_dag.py took 1.068 seconds
[2024-03-28T17:16:41.507+0000] {processor.py:161} INFO - Started process (PID=830) to work on /home/airflow/.local/lib/python3.8/site-packages/airflow/example_dags/example_skip_dag.py
[2024-03-28T17:16:41.513+0000] {processor.py:830} INFO - Processing file /home/airflow/.local/lib/python3.8/site-packages/airflow/example_dags/example_skip_dag.py for tasks to queue
[2024-03-28T17:16:41.528+0000] {logging_mixin.py:188} INFO - [2024-03-28T17:16:41.527+0000] {dagbag.py:540} INFO - Filling up the DagBag from /home/airflow/.local/lib/python3.8/site-packages/airflow/example_dags/example_skip_dag.py
[2024-03-28T17:16:41.555+0000] {processor.py:840} INFO - DAG(s) 'example_skip_dag' retrieved from /home/airflow/.local/lib/python3.8/site-packages/airflow/example_dags/example_skip_dag.py
[2024-03-28T17:16:41.625+0000] {logging_mixin.py:188} INFO - [2024-03-28T17:16:41.625+0000] {dag.py:3047} INFO - Sync 1 DAGs
[2024-03-28T17:16:41.688+0000] {logging_mixin.py:188} INFO - [2024-03-28T17:16:41.688+0000] {dag.py:3834} INFO - Setting next_dagrun for example_skip_dag to 2024-03-27 00:00:00+00:00, run_after=2024-03-28 00:00:00+00:00
[2024-03-28T17:16:41.741+0000] {processor.py:183} INFO - Processing /home/airflow/.local/lib/python3.8/site-packages/airflow/example_dags/example_skip_dag.py took 0.247 seconds
[2024-03-28T17:17:19.613+0000] {processor.py:161} INFO - Started process (PID=887) to work on /home/airflow/.local/lib/python3.8/site-packages/airflow/example_dags/example_skip_dag.py
[2024-03-28T17:17:19.686+0000] {processor.py:830} INFO - Processing file /home/airflow/.local/lib/python3.8/site-packages/airflow/example_dags/example_skip_dag.py for tasks to queue
[2024-03-28T17:17:19.711+0000] {logging_mixin.py:188} INFO - [2024-03-28T17:17:19.703+0000] {dagbag.py:540} INFO - Filling up the DagBag from /home/airflow/.local/lib/python3.8/site-packages/airflow/example_dags/example_skip_dag.py
[2024-03-28T17:17:19.788+0000] {processor.py:840} INFO - DAG(s) 'example_skip_dag' retrieved from /home/airflow/.local/lib/python3.8/site-packages/airflow/example_dags/example_skip_dag.py
[2024-03-28T17:17:20.058+0000] {logging_mixin.py:188} INFO - [2024-03-28T17:17:20.058+0000] {dag.py:3047} INFO - Sync 1 DAGs
[2024-03-28T17:17:20.435+0000] {logging_mixin.py:188} INFO - [2024-03-28T17:17:20.434+0000] {dag.py:3834} INFO - Setting next_dagrun for example_skip_dag to 2024-03-27 00:00:00+00:00, run_after=2024-03-28 00:00:00+00:00
[2024-03-28T17:17:20.781+0000] {processor.py:183} INFO - Processing /home/airflow/.local/lib/python3.8/site-packages/airflow/example_dags/example_skip_dag.py took 1.207 seconds
[2024-03-28T17:18:28.907+0000] {processor.py:161} INFO - Started process (PID=957) to work on /home/airflow/.local/lib/python3.8/site-packages/airflow/example_dags/example_skip_dag.py
[2024-03-28T17:18:28.924+0000] {processor.py:830} INFO - Processing file /home/airflow/.local/lib/python3.8/site-packages/airflow/example_dags/example_skip_dag.py for tasks to queue
[2024-03-28T17:18:28.932+0000] {logging_mixin.py:188} INFO - [2024-03-28T17:18:28.930+0000] {dagbag.py:540} INFO - Filling up the DagBag from /home/airflow/.local/lib/python3.8/site-packages/airflow/example_dags/example_skip_dag.py
[2024-03-28T17:18:29.152+0000] {processor.py:840} INFO - DAG(s) 'example_skip_dag' retrieved from /home/airflow/.local/lib/python3.8/site-packages/airflow/example_dags/example_skip_dag.py
[2024-03-28T17:18:29.991+0000] {logging_mixin.py:188} INFO - [2024-03-28T17:18:29.989+0000] {dag.py:3047} INFO - Sync 1 DAGs
[2024-03-28T17:18:31.229+0000] {logging_mixin.py:188} INFO - [2024-03-28T17:18:31.228+0000] {dag.py:3834} INFO - Setting next_dagrun for example_skip_dag to 2024-03-27 00:00:00+00:00, run_after=2024-03-28 00:00:00+00:00
[2024-03-28T17:18:31.954+0000] {processor.py:183} INFO - Processing /home/airflow/.local/lib/python3.8/site-packages/airflow/example_dags/example_skip_dag.py took 3.098 seconds
[2024-03-28T17:19:02.976+0000] {processor.py:161} INFO - Started process (PID=1011) to work on /home/airflow/.local/lib/python3.8/site-packages/airflow/example_dags/example_skip_dag.py
[2024-03-28T17:19:02.981+0000] {processor.py:830} INFO - Processing file /home/airflow/.local/lib/python3.8/site-packages/airflow/example_dags/example_skip_dag.py for tasks to queue
[2024-03-28T17:19:02.997+0000] {logging_mixin.py:188} INFO - [2024-03-28T17:19:02.996+0000] {dagbag.py:540} INFO - Filling up the DagBag from /home/airflow/.local/lib/python3.8/site-packages/airflow/example_dags/example_skip_dag.py
[2024-03-28T17:19:03.023+0000] {processor.py:840} INFO - DAG(s) 'example_skip_dag' retrieved from /home/airflow/.local/lib/python3.8/site-packages/airflow/example_dags/example_skip_dag.py
[2024-03-28T17:19:03.074+0000] {logging_mixin.py:188} INFO - [2024-03-28T17:19:03.073+0000] {dag.py:3047} INFO - Sync 1 DAGs
[2024-03-28T17:19:03.137+0000] {logging_mixin.py:188} INFO - [2024-03-28T17:19:03.136+0000] {dag.py:3834} INFO - Setting next_dagrun for example_skip_dag to 2024-03-27 00:00:00+00:00, run_after=2024-03-28 00:00:00+00:00
[2024-03-28T17:19:03.211+0000] {processor.py:183} INFO - Processing /home/airflow/.local/lib/python3.8/site-packages/airflow/example_dags/example_skip_dag.py took 0.253 seconds
[2024-03-28T17:19:33.814+0000] {processor.py:161} INFO - Started process (PID=1066) to work on /home/airflow/.local/lib/python3.8/site-packages/airflow/example_dags/example_skip_dag.py
[2024-03-28T17:19:33.820+0000] {processor.py:830} INFO - Processing file /home/airflow/.local/lib/python3.8/site-packages/airflow/example_dags/example_skip_dag.py for tasks to queue
[2024-03-28T17:19:33.830+0000] {logging_mixin.py:188} INFO - [2024-03-28T17:19:33.829+0000] {dagbag.py:540} INFO - Filling up the DagBag from /home/airflow/.local/lib/python3.8/site-packages/airflow/example_dags/example_skip_dag.py
[2024-03-28T17:19:33.852+0000] {processor.py:840} INFO - DAG(s) 'example_skip_dag' retrieved from /home/airflow/.local/lib/python3.8/site-packages/airflow/example_dags/example_skip_dag.py
[2024-03-28T17:19:33.905+0000] {logging_mixin.py:188} INFO - [2024-03-28T17:19:33.904+0000] {dag.py:3047} INFO - Sync 1 DAGs
[2024-03-28T17:19:33.965+0000] {logging_mixin.py:188} INFO - [2024-03-28T17:19:33.964+0000] {dag.py:3834} INFO - Setting next_dagrun for example_skip_dag to 2024-03-27 00:00:00+00:00, run_after=2024-03-28 00:00:00+00:00
[2024-03-28T17:19:34.030+0000] {processor.py:183} INFO - Processing /home/airflow/.local/lib/python3.8/site-packages/airflow/example_dags/example_skip_dag.py took 0.230 seconds
[2024-03-28T17:20:07.836+0000] {processor.py:161} INFO - Started process (PID=1123) to work on /home/airflow/.local/lib/python3.8/site-packages/airflow/example_dags/example_skip_dag.py
[2024-03-28T17:20:07.841+0000] {processor.py:830} INFO - Processing file /home/airflow/.local/lib/python3.8/site-packages/airflow/example_dags/example_skip_dag.py for tasks to queue
[2024-03-28T17:20:07.853+0000] {logging_mixin.py:188} INFO - [2024-03-28T17:20:07.851+0000] {dagbag.py:540} INFO - Filling up the DagBag from /home/airflow/.local/lib/python3.8/site-packages/airflow/example_dags/example_skip_dag.py
[2024-03-28T17:20:07.889+0000] {processor.py:840} INFO - DAG(s) 'example_skip_dag' retrieved from /home/airflow/.local/lib/python3.8/site-packages/airflow/example_dags/example_skip_dag.py
[2024-03-28T17:20:08.062+0000] {logging_mixin.py:188} INFO - [2024-03-28T17:20:08.061+0000] {dag.py:3047} INFO - Sync 1 DAGs
[2024-03-28T17:20:08.198+0000] {logging_mixin.py:188} INFO - [2024-03-28T17:20:08.198+0000] {dag.py:3834} INFO - Setting next_dagrun for example_skip_dag to 2024-03-27 00:00:00+00:00, run_after=2024-03-28 00:00:00+00:00
[2024-03-28T17:20:08.252+0000] {processor.py:183} INFO - Processing /home/airflow/.local/lib/python3.8/site-packages/airflow/example_dags/example_skip_dag.py took 0.424 seconds
[2024-03-28T17:20:43.478+0000] {processor.py:161} INFO - Started process (PID=1176) to work on /home/airflow/.local/lib/python3.8/site-packages/airflow/example_dags/example_skip_dag.py
[2024-03-28T17:20:43.510+0000] {processor.py:830} INFO - Processing file /home/airflow/.local/lib/python3.8/site-packages/airflow/example_dags/example_skip_dag.py for tasks to queue
[2024-03-28T17:20:43.603+0000] {logging_mixin.py:188} INFO - [2024-03-28T17:20:43.603+0000] {dagbag.py:540} INFO - Filling up the DagBag from /home/airflow/.local/lib/python3.8/site-packages/airflow/example_dags/example_skip_dag.py
[2024-03-28T17:20:43.704+0000] {processor.py:840} INFO - DAG(s) 'example_skip_dag' retrieved from /home/airflow/.local/lib/python3.8/site-packages/airflow/example_dags/example_skip_dag.py
[2024-03-28T17:20:43.952+0000] {logging_mixin.py:188} INFO - [2024-03-28T17:20:43.951+0000] {dag.py:3047} INFO - Sync 1 DAGs
[2024-03-28T17:20:44.163+0000] {logging_mixin.py:188} INFO - [2024-03-28T17:20:44.162+0000] {dag.py:3834} INFO - Setting next_dagrun for example_skip_dag to 2024-03-27 00:00:00+00:00, run_after=2024-03-28 00:00:00+00:00
[2024-03-28T17:20:44.397+0000] {processor.py:183} INFO - Processing /home/airflow/.local/lib/python3.8/site-packages/airflow/example_dags/example_skip_dag.py took 0.976 seconds
[2024-03-28T17:21:15.061+0000] {processor.py:161} INFO - Started process (PID=1231) to work on /home/airflow/.local/lib/python3.8/site-packages/airflow/example_dags/example_skip_dag.py
[2024-03-28T17:21:15.068+0000] {processor.py:830} INFO - Processing file /home/airflow/.local/lib/python3.8/site-packages/airflow/example_dags/example_skip_dag.py for tasks to queue
[2024-03-28T17:21:15.088+0000] {logging_mixin.py:188} INFO - [2024-03-28T17:21:15.076+0000] {dagbag.py:540} INFO - Filling up the DagBag from /home/airflow/.local/lib/python3.8/site-packages/airflow/example_dags/example_skip_dag.py
[2024-03-28T17:21:15.169+0000] {processor.py:840} INFO - DAG(s) 'example_skip_dag' retrieved from /home/airflow/.local/lib/python3.8/site-packages/airflow/example_dags/example_skip_dag.py
[2024-03-28T17:21:15.491+0000] {logging_mixin.py:188} INFO - [2024-03-28T17:21:15.490+0000] {dag.py:3047} INFO - Sync 1 DAGs
[2024-03-28T17:21:15.815+0000] {logging_mixin.py:188} INFO - [2024-03-28T17:21:15.815+0000] {dag.py:3834} INFO - Setting next_dagrun for example_skip_dag to 2024-03-27 00:00:00+00:00, run_after=2024-03-28 00:00:00+00:00
[2024-03-28T17:21:15.986+0000] {processor.py:183} INFO - Processing /home/airflow/.local/lib/python3.8/site-packages/airflow/example_dags/example_skip_dag.py took 0.988 seconds
[2024-03-28T17:21:46.881+0000] {processor.py:161} INFO - Started process (PID=1286) to work on /home/airflow/.local/lib/python3.8/site-packages/airflow/example_dags/example_skip_dag.py
[2024-03-28T17:21:46.886+0000] {processor.py:830} INFO - Processing file /home/airflow/.local/lib/python3.8/site-packages/airflow/example_dags/example_skip_dag.py for tasks to queue
[2024-03-28T17:21:46.892+0000] {logging_mixin.py:188} INFO - [2024-03-28T17:21:46.891+0000] {dagbag.py:540} INFO - Filling up the DagBag from /home/airflow/.local/lib/python3.8/site-packages/airflow/example_dags/example_skip_dag.py
[2024-03-28T17:21:46.913+0000] {processor.py:840} INFO - DAG(s) 'example_skip_dag' retrieved from /home/airflow/.local/lib/python3.8/site-packages/airflow/example_dags/example_skip_dag.py
[2024-03-28T17:21:46.964+0000] {logging_mixin.py:188} INFO - [2024-03-28T17:21:46.963+0000] {dag.py:3047} INFO - Sync 1 DAGs
[2024-03-28T17:21:47.025+0000] {logging_mixin.py:188} INFO - [2024-03-28T17:21:47.024+0000] {dag.py:3834} INFO - Setting next_dagrun for example_skip_dag to 2024-03-27 00:00:00+00:00, run_after=2024-03-28 00:00:00+00:00
[2024-03-28T17:21:47.088+0000] {processor.py:183} INFO - Processing /home/airflow/.local/lib/python3.8/site-packages/airflow/example_dags/example_skip_dag.py took 0.217 seconds
[2024-03-28T17:22:17.270+0000] {processor.py:161} INFO - Started process (PID=1342) to work on /home/airflow/.local/lib/python3.8/site-packages/airflow/example_dags/example_skip_dag.py
[2024-03-28T17:22:17.274+0000] {processor.py:830} INFO - Processing file /home/airflow/.local/lib/python3.8/site-packages/airflow/example_dags/example_skip_dag.py for tasks to queue
[2024-03-28T17:22:17.284+0000] {logging_mixin.py:188} INFO - [2024-03-28T17:22:17.283+0000] {dagbag.py:540} INFO - Filling up the DagBag from /home/airflow/.local/lib/python3.8/site-packages/airflow/example_dags/example_skip_dag.py
[2024-03-28T17:22:17.306+0000] {processor.py:840} INFO - DAG(s) 'example_skip_dag' retrieved from /home/airflow/.local/lib/python3.8/site-packages/airflow/example_dags/example_skip_dag.py
[2024-03-28T17:22:17.363+0000] {logging_mixin.py:188} INFO - [2024-03-28T17:22:17.363+0000] {dag.py:3047} INFO - Sync 1 DAGs
[2024-03-28T17:22:17.423+0000] {logging_mixin.py:188} INFO - [2024-03-28T17:22:17.422+0000] {dag.py:3834} INFO - Setting next_dagrun for example_skip_dag to 2024-03-27 00:00:00+00:00, run_after=2024-03-28 00:00:00+00:00
[2024-03-28T17:22:17.475+0000] {processor.py:183} INFO - Processing /home/airflow/.local/lib/python3.8/site-packages/airflow/example_dags/example_skip_dag.py took 0.214 seconds
[2024-03-28T17:23:03.682+0000] {processor.py:161} INFO - Started process (PID=1406) to work on /home/airflow/.local/lib/python3.8/site-packages/airflow/example_dags/example_skip_dag.py
[2024-03-28T17:23:03.687+0000] {processor.py:830} INFO - Processing file /home/airflow/.local/lib/python3.8/site-packages/airflow/example_dags/example_skip_dag.py for tasks to queue
[2024-03-28T17:23:03.700+0000] {logging_mixin.py:188} INFO - [2024-03-28T17:23:03.693+0000] {dagbag.py:540} INFO - Filling up the DagBag from /home/airflow/.local/lib/python3.8/site-packages/airflow/example_dags/example_skip_dag.py
[2024-03-28T17:23:03.758+0000] {processor.py:840} INFO - DAG(s) 'example_skip_dag' retrieved from /home/airflow/.local/lib/python3.8/site-packages/airflow/example_dags/example_skip_dag.py
[2024-03-28T17:23:03.893+0000] {logging_mixin.py:188} INFO - [2024-03-28T17:23:03.892+0000] {dag.py:3047} INFO - Sync 1 DAGs
[2024-03-28T17:23:04.053+0000] {logging_mixin.py:188} INFO - [2024-03-28T17:23:04.050+0000] {dag.py:3834} INFO - Setting next_dagrun for example_skip_dag to 2024-03-27 00:00:00+00:00, run_after=2024-03-28 00:00:00+00:00
[2024-03-28T17:23:04.251+0000] {processor.py:183} INFO - Processing /home/airflow/.local/lib/python3.8/site-packages/airflow/example_dags/example_skip_dag.py took 0.587 seconds
[2024-03-28T17:23:34.836+0000] {processor.py:161} INFO - Started process (PID=1461) to work on /home/airflow/.local/lib/python3.8/site-packages/airflow/example_dags/example_skip_dag.py
[2024-03-28T17:23:34.840+0000] {processor.py:830} INFO - Processing file /home/airflow/.local/lib/python3.8/site-packages/airflow/example_dags/example_skip_dag.py for tasks to queue
[2024-03-28T17:23:34.857+0000] {logging_mixin.py:188} INFO - [2024-03-28T17:23:34.855+0000] {dagbag.py:540} INFO - Filling up the DagBag from /home/airflow/.local/lib/python3.8/site-packages/airflow/example_dags/example_skip_dag.py
[2024-03-28T17:23:34.897+0000] {processor.py:840} INFO - DAG(s) 'example_skip_dag' retrieved from /home/airflow/.local/lib/python3.8/site-packages/airflow/example_dags/example_skip_dag.py
[2024-03-28T17:23:35.020+0000] {logging_mixin.py:188} INFO - [2024-03-28T17:23:35.019+0000] {dag.py:3047} INFO - Sync 1 DAGs
[2024-03-28T17:23:35.155+0000] {logging_mixin.py:188} INFO - [2024-03-28T17:23:35.154+0000] {dag.py:3834} INFO - Setting next_dagrun for example_skip_dag to 2024-03-27 00:00:00+00:00, run_after=2024-03-28 00:00:00+00:00
[2024-03-28T17:23:35.227+0000] {processor.py:183} INFO - Processing /home/airflow/.local/lib/python3.8/site-packages/airflow/example_dags/example_skip_dag.py took 0.404 seconds
[2024-03-28T17:24:12.449+0000] {processor.py:161} INFO - Started process (PID=1525) to work on /home/airflow/.local/lib/python3.8/site-packages/airflow/example_dags/example_skip_dag.py
[2024-03-28T17:24:12.453+0000] {processor.py:830} INFO - Processing file /home/airflow/.local/lib/python3.8/site-packages/airflow/example_dags/example_skip_dag.py for tasks to queue
[2024-03-28T17:24:12.459+0000] {logging_mixin.py:188} INFO - [2024-03-28T17:24:12.458+0000] {dagbag.py:540} INFO - Filling up the DagBag from /home/airflow/.local/lib/python3.8/site-packages/airflow/example_dags/example_skip_dag.py
[2024-03-28T17:24:12.477+0000] {processor.py:840} INFO - DAG(s) 'example_skip_dag' retrieved from /home/airflow/.local/lib/python3.8/site-packages/airflow/example_dags/example_skip_dag.py
[2024-03-28T17:24:12.532+0000] {logging_mixin.py:188} INFO - [2024-03-28T17:24:12.532+0000] {dag.py:3047} INFO - Sync 1 DAGs
[2024-03-28T17:24:12.612+0000] {logging_mixin.py:188} INFO - [2024-03-28T17:24:12.612+0000] {dag.py:3834} INFO - Setting next_dagrun for example_skip_dag to 2024-03-27 00:00:00+00:00, run_after=2024-03-28 00:00:00+00:00
[2024-03-28T17:24:12.868+0000] {processor.py:183} INFO - Processing /home/airflow/.local/lib/python3.8/site-packages/airflow/example_dags/example_skip_dag.py took 0.429 seconds
[2024-03-28T17:24:49.710+0000] {processor.py:161} INFO - Started process (PID=1579) to work on /home/airflow/.local/lib/python3.8/site-packages/airflow/example_dags/example_skip_dag.py
[2024-03-28T17:24:49.713+0000] {processor.py:830} INFO - Processing file /home/airflow/.local/lib/python3.8/site-packages/airflow/example_dags/example_skip_dag.py for tasks to queue
[2024-03-28T17:24:49.723+0000] {logging_mixin.py:188} INFO - [2024-03-28T17:24:49.722+0000] {dagbag.py:540} INFO - Filling up the DagBag from /home/airflow/.local/lib/python3.8/site-packages/airflow/example_dags/example_skip_dag.py
[2024-03-28T17:24:49.743+0000] {processor.py:840} INFO - DAG(s) 'example_skip_dag' retrieved from /home/airflow/.local/lib/python3.8/site-packages/airflow/example_dags/example_skip_dag.py
[2024-03-28T17:24:49.820+0000] {logging_mixin.py:188} INFO - [2024-03-28T17:24:49.819+0000] {dag.py:3047} INFO - Sync 1 DAGs
[2024-03-28T17:24:49.904+0000] {logging_mixin.py:188} INFO - [2024-03-28T17:24:49.903+0000] {dag.py:3834} INFO - Setting next_dagrun for example_skip_dag to 2024-03-27 00:00:00+00:00, run_after=2024-03-28 00:00:00+00:00
[2024-03-28T17:24:49.976+0000] {processor.py:183} INFO - Processing /home/airflow/.local/lib/python3.8/site-packages/airflow/example_dags/example_skip_dag.py took 0.275 seconds
[2024-03-28T17:25:27.069+0000] {processor.py:161} INFO - Started process (PID=1638) to work on /home/airflow/.local/lib/python3.8/site-packages/airflow/example_dags/example_skip_dag.py
[2024-03-28T17:25:27.073+0000] {processor.py:830} INFO - Processing file /home/airflow/.local/lib/python3.8/site-packages/airflow/example_dags/example_skip_dag.py for tasks to queue
[2024-03-28T17:25:27.081+0000] {logging_mixin.py:188} INFO - [2024-03-28T17:25:27.081+0000] {dagbag.py:540} INFO - Filling up the DagBag from /home/airflow/.local/lib/python3.8/site-packages/airflow/example_dags/example_skip_dag.py
[2024-03-28T17:25:27.101+0000] {processor.py:840} INFO - DAG(s) 'example_skip_dag' retrieved from /home/airflow/.local/lib/python3.8/site-packages/airflow/example_dags/example_skip_dag.py
[2024-03-28T17:25:27.175+0000] {logging_mixin.py:188} INFO - [2024-03-28T17:25:27.175+0000] {dag.py:3047} INFO - Sync 1 DAGs
[2024-03-28T17:25:27.254+0000] {logging_mixin.py:188} INFO - [2024-03-28T17:25:27.253+0000] {dag.py:3834} INFO - Setting next_dagrun for example_skip_dag to 2024-03-27 00:00:00+00:00, run_after=2024-03-28 00:00:00+00:00
[2024-03-28T17:25:27.308+0000] {processor.py:183} INFO - Processing /home/airflow/.local/lib/python3.8/site-packages/airflow/example_dags/example_skip_dag.py took 0.275 seconds
[2024-03-28T17:26:01.900+0000] {processor.py:161} INFO - Started process (PID=1693) to work on /home/airflow/.local/lib/python3.8/site-packages/airflow/example_dags/example_skip_dag.py
[2024-03-28T17:26:01.909+0000] {processor.py:830} INFO - Processing file /home/airflow/.local/lib/python3.8/site-packages/airflow/example_dags/example_skip_dag.py for tasks to queue
[2024-03-28T17:26:01.931+0000] {logging_mixin.py:188} INFO - [2024-03-28T17:26:01.930+0000] {dagbag.py:540} INFO - Filling up the DagBag from /home/airflow/.local/lib/python3.8/site-packages/airflow/example_dags/example_skip_dag.py
[2024-03-28T17:26:01.995+0000] {processor.py:840} INFO - DAG(s) 'example_skip_dag' retrieved from /home/airflow/.local/lib/python3.8/site-packages/airflow/example_dags/example_skip_dag.py
[2024-03-28T17:26:02.302+0000] {logging_mixin.py:188} INFO - [2024-03-28T17:26:02.302+0000] {dag.py:3047} INFO - Sync 1 DAGs
[2024-03-28T17:26:02.576+0000] {logging_mixin.py:188} INFO - [2024-03-28T17:26:02.574+0000] {dag.py:3834} INFO - Setting next_dagrun for example_skip_dag to 2024-03-27 00:00:00+00:00, run_after=2024-03-28 00:00:00+00:00
[2024-03-28T17:26:02.771+0000] {processor.py:183} INFO - Processing /home/airflow/.local/lib/python3.8/site-packages/airflow/example_dags/example_skip_dag.py took 0.897 seconds
[2024-03-28T17:26:33.811+0000] {processor.py:161} INFO - Started process (PID=1748) to work on /home/airflow/.local/lib/python3.8/site-packages/airflow/example_dags/example_skip_dag.py
[2024-03-28T17:26:33.826+0000] {processor.py:830} INFO - Processing file /home/airflow/.local/lib/python3.8/site-packages/airflow/example_dags/example_skip_dag.py for tasks to queue
[2024-03-28T17:26:33.839+0000] {logging_mixin.py:188} INFO - [2024-03-28T17:26:33.836+0000] {dagbag.py:540} INFO - Filling up the DagBag from /home/airflow/.local/lib/python3.8/site-packages/airflow/example_dags/example_skip_dag.py
[2024-03-28T17:26:33.895+0000] {processor.py:840} INFO - DAG(s) 'example_skip_dag' retrieved from /home/airflow/.local/lib/python3.8/site-packages/airflow/example_dags/example_skip_dag.py
[2024-03-28T17:26:34.052+0000] {logging_mixin.py:188} INFO - [2024-03-28T17:26:34.050+0000] {dag.py:3047} INFO - Sync 1 DAGs
[2024-03-28T17:26:34.256+0000] {logging_mixin.py:188} INFO - [2024-03-28T17:26:34.255+0000] {dag.py:3834} INFO - Setting next_dagrun for example_skip_dag to 2024-03-27 00:00:00+00:00, run_after=2024-03-28 00:00:00+00:00
[2024-03-28T17:26:34.480+0000] {processor.py:183} INFO - Processing /home/airflow/.local/lib/python3.8/site-packages/airflow/example_dags/example_skip_dag.py took 0.683 seconds
[2024-03-28T17:27:04.827+0000] {processor.py:161} INFO - Started process (PID=1802) to work on /home/airflow/.local/lib/python3.8/site-packages/airflow/example_dags/example_skip_dag.py
[2024-03-28T17:27:04.839+0000] {processor.py:830} INFO - Processing file /home/airflow/.local/lib/python3.8/site-packages/airflow/example_dags/example_skip_dag.py for tasks to queue
[2024-03-28T17:27:04.859+0000] {logging_mixin.py:188} INFO - [2024-03-28T17:27:04.854+0000] {dagbag.py:540} INFO - Filling up the DagBag from /home/airflow/.local/lib/python3.8/site-packages/airflow/example_dags/example_skip_dag.py
[2024-03-28T17:27:04.916+0000] {processor.py:840} INFO - DAG(s) 'example_skip_dag' retrieved from /home/airflow/.local/lib/python3.8/site-packages/airflow/example_dags/example_skip_dag.py
[2024-03-28T17:27:04.980+0000] {logging_mixin.py:188} INFO - [2024-03-28T17:27:04.980+0000] {dag.py:3047} INFO - Sync 1 DAGs
[2024-03-28T17:27:05.045+0000] {logging_mixin.py:188} INFO - [2024-03-28T17:27:05.045+0000] {dag.py:3834} INFO - Setting next_dagrun for example_skip_dag to 2024-03-27 00:00:00+00:00, run_after=2024-03-28 00:00:00+00:00
[2024-03-28T17:27:05.103+0000] {processor.py:183} INFO - Processing /home/airflow/.local/lib/python3.8/site-packages/airflow/example_dags/example_skip_dag.py took 0.305 seconds
[2024-03-28T17:27:38.370+0000] {processor.py:161} INFO - Started process (PID=1858) to work on /home/airflow/.local/lib/python3.8/site-packages/airflow/example_dags/example_skip_dag.py
[2024-03-28T17:27:38.376+0000] {processor.py:830} INFO - Processing file /home/airflow/.local/lib/python3.8/site-packages/airflow/example_dags/example_skip_dag.py for tasks to queue
[2024-03-28T17:27:38.389+0000] {logging_mixin.py:188} INFO - [2024-03-28T17:27:38.387+0000] {dagbag.py:540} INFO - Filling up the DagBag from /home/airflow/.local/lib/python3.8/site-packages/airflow/example_dags/example_skip_dag.py
[2024-03-28T17:27:38.482+0000] {processor.py:840} INFO - DAG(s) 'example_skip_dag' retrieved from /home/airflow/.local/lib/python3.8/site-packages/airflow/example_dags/example_skip_dag.py
[2024-03-28T17:27:38.552+0000] {logging_mixin.py:188} INFO - [2024-03-28T17:27:38.552+0000] {dag.py:3047} INFO - Sync 1 DAGs
[2024-03-28T17:27:38.647+0000] {logging_mixin.py:188} INFO - [2024-03-28T17:27:38.646+0000] {dag.py:3834} INFO - Setting next_dagrun for example_skip_dag to 2024-03-27 00:00:00+00:00, run_after=2024-03-28 00:00:00+00:00
[2024-03-28T17:27:38.719+0000] {processor.py:183} INFO - Processing /home/airflow/.local/lib/python3.8/site-packages/airflow/example_dags/example_skip_dag.py took 0.361 seconds
[2024-03-28T17:28:09.844+0000] {processor.py:161} INFO - Started process (PID=1913) to work on /home/airflow/.local/lib/python3.8/site-packages/airflow/example_dags/example_skip_dag.py
[2024-03-28T17:28:09.863+0000] {processor.py:830} INFO - Processing file /home/airflow/.local/lib/python3.8/site-packages/airflow/example_dags/example_skip_dag.py for tasks to queue
[2024-03-28T17:28:09.891+0000] {logging_mixin.py:188} INFO - [2024-03-28T17:28:09.880+0000] {dagbag.py:540} INFO - Filling up the DagBag from /home/airflow/.local/lib/python3.8/site-packages/airflow/example_dags/example_skip_dag.py
[2024-03-28T17:28:09.940+0000] {processor.py:840} INFO - DAG(s) 'example_skip_dag' retrieved from /home/airflow/.local/lib/python3.8/site-packages/airflow/example_dags/example_skip_dag.py
[2024-03-28T17:28:10.083+0000] {logging_mixin.py:188} INFO - [2024-03-28T17:28:10.082+0000] {dag.py:3047} INFO - Sync 1 DAGs
[2024-03-28T17:28:10.167+0000] {logging_mixin.py:188} INFO - [2024-03-28T17:28:10.166+0000] {dag.py:3834} INFO - Setting next_dagrun for example_skip_dag to 2024-03-27 00:00:00+00:00, run_after=2024-03-28 00:00:00+00:00
[2024-03-28T17:28:10.219+0000] {processor.py:183} INFO - Processing /home/airflow/.local/lib/python3.8/site-packages/airflow/example_dags/example_skip_dag.py took 0.433 seconds
[2024-03-28T17:28:49.195+0000] {processor.py:161} INFO - Started process (PID=1973) to work on /home/airflow/.local/lib/python3.8/site-packages/airflow/example_dags/example_skip_dag.py
[2024-03-28T17:28:49.202+0000] {processor.py:830} INFO - Processing file /home/airflow/.local/lib/python3.8/site-packages/airflow/example_dags/example_skip_dag.py for tasks to queue
[2024-03-28T17:28:49.215+0000] {logging_mixin.py:188} INFO - [2024-03-28T17:28:49.213+0000] {dagbag.py:540} INFO - Filling up the DagBag from /home/airflow/.local/lib/python3.8/site-packages/airflow/example_dags/example_skip_dag.py
[2024-03-28T17:28:49.255+0000] {processor.py:840} INFO - DAG(s) 'example_skip_dag' retrieved from /home/airflow/.local/lib/python3.8/site-packages/airflow/example_dags/example_skip_dag.py
[2024-03-28T17:28:49.425+0000] {logging_mixin.py:188} INFO - [2024-03-28T17:28:49.424+0000] {dag.py:3047} INFO - Sync 1 DAGs
[2024-03-28T17:28:49.569+0000] {logging_mixin.py:188} INFO - [2024-03-28T17:28:49.569+0000] {dag.py:3834} INFO - Setting next_dagrun for example_skip_dag to 2024-03-27 00:00:00+00:00, run_after=2024-03-28 00:00:00+00:00
[2024-03-28T17:28:49.661+0000] {processor.py:183} INFO - Processing /home/airflow/.local/lib/python3.8/site-packages/airflow/example_dags/example_skip_dag.py took 0.495 seconds
[2024-03-28T17:29:26.452+0000] {processor.py:161} INFO - Started process (PID=2034) to work on /home/airflow/.local/lib/python3.8/site-packages/airflow/example_dags/example_skip_dag.py
[2024-03-28T17:29:26.458+0000] {processor.py:830} INFO - Processing file /home/airflow/.local/lib/python3.8/site-packages/airflow/example_dags/example_skip_dag.py for tasks to queue
[2024-03-28T17:29:26.468+0000] {logging_mixin.py:188} INFO - [2024-03-28T17:29:26.467+0000] {dagbag.py:540} INFO - Filling up the DagBag from /home/airflow/.local/lib/python3.8/site-packages/airflow/example_dags/example_skip_dag.py
[2024-03-28T17:29:26.504+0000] {processor.py:840} INFO - DAG(s) 'example_skip_dag' retrieved from /home/airflow/.local/lib/python3.8/site-packages/airflow/example_dags/example_skip_dag.py
[2024-03-28T17:29:26.583+0000] {logging_mixin.py:188} INFO - [2024-03-28T17:29:26.582+0000] {dag.py:3047} INFO - Sync 1 DAGs
[2024-03-28T17:29:26.710+0000] {logging_mixin.py:188} INFO - [2024-03-28T17:29:26.709+0000] {dag.py:3834} INFO - Setting next_dagrun for example_skip_dag to 2024-03-27 00:00:00+00:00, run_after=2024-03-28 00:00:00+00:00
[2024-03-28T17:29:26.835+0000] {processor.py:183} INFO - Processing /home/airflow/.local/lib/python3.8/site-packages/airflow/example_dags/example_skip_dag.py took 0.400 seconds
[2024-03-28T17:29:59.470+0000] {processor.py:161} INFO - Started process (PID=2089) to work on /home/airflow/.local/lib/python3.8/site-packages/airflow/example_dags/example_skip_dag.py
[2024-03-28T17:29:59.481+0000] {processor.py:830} INFO - Processing file /home/airflow/.local/lib/python3.8/site-packages/airflow/example_dags/example_skip_dag.py for tasks to queue
[2024-03-28T17:29:59.531+0000] {logging_mixin.py:188} INFO - [2024-03-28T17:29:59.512+0000] {dagbag.py:540} INFO - Filling up the DagBag from /home/airflow/.local/lib/python3.8/site-packages/airflow/example_dags/example_skip_dag.py
[2024-03-28T17:29:59.647+0000] {processor.py:840} INFO - DAG(s) 'example_skip_dag' retrieved from /home/airflow/.local/lib/python3.8/site-packages/airflow/example_dags/example_skip_dag.py
[2024-03-28T17:30:00.054+0000] {logging_mixin.py:188} INFO - [2024-03-28T17:30:00.054+0000] {dag.py:3047} INFO - Sync 1 DAGs
[2024-03-28T17:30:00.349+0000] {logging_mixin.py:188} INFO - [2024-03-28T17:30:00.349+0000] {dag.py:3834} INFO - Setting next_dagrun for example_skip_dag to 2024-03-27 00:00:00+00:00, run_after=2024-03-28 00:00:00+00:00
[2024-03-28T17:30:00.581+0000] {processor.py:183} INFO - Processing /home/airflow/.local/lib/python3.8/site-packages/airflow/example_dags/example_skip_dag.py took 1.167 seconds
[2024-03-28T17:30:31.222+0000] {processor.py:161} INFO - Started process (PID=2144) to work on /home/airflow/.local/lib/python3.8/site-packages/airflow/example_dags/example_skip_dag.py
[2024-03-28T17:30:31.229+0000] {processor.py:830} INFO - Processing file /home/airflow/.local/lib/python3.8/site-packages/airflow/example_dags/example_skip_dag.py for tasks to queue
[2024-03-28T17:30:31.256+0000] {logging_mixin.py:188} INFO - [2024-03-28T17:30:31.255+0000] {dagbag.py:540} INFO - Filling up the DagBag from /home/airflow/.local/lib/python3.8/site-packages/airflow/example_dags/example_skip_dag.py
[2024-03-28T17:30:31.433+0000] {processor.py:840} INFO - DAG(s) 'example_skip_dag' retrieved from /home/airflow/.local/lib/python3.8/site-packages/airflow/example_dags/example_skip_dag.py
[2024-03-28T17:30:31.697+0000] {logging_mixin.py:188} INFO - [2024-03-28T17:30:31.696+0000] {dag.py:3047} INFO - Sync 1 DAGs
[2024-03-28T17:30:32.140+0000] {logging_mixin.py:188} INFO - [2024-03-28T17:30:32.139+0000] {dag.py:3834} INFO - Setting next_dagrun for example_skip_dag to 2024-03-27 00:00:00+00:00, run_after=2024-03-28 00:00:00+00:00
[2024-03-28T17:30:32.738+0000] {processor.py:183} INFO - Processing /home/airflow/.local/lib/python3.8/site-packages/airflow/example_dags/example_skip_dag.py took 1.560 seconds
[2024-03-28T17:31:09.264+0000] {processor.py:161} INFO - Started process (PID=2199) to work on /home/airflow/.local/lib/python3.8/site-packages/airflow/example_dags/example_skip_dag.py
[2024-03-28T17:31:09.279+0000] {processor.py:830} INFO - Processing file /home/airflow/.local/lib/python3.8/site-packages/airflow/example_dags/example_skip_dag.py for tasks to queue
[2024-03-28T17:31:09.293+0000] {logging_mixin.py:188} INFO - [2024-03-28T17:31:09.292+0000] {dagbag.py:540} INFO - Filling up the DagBag from /home/airflow/.local/lib/python3.8/site-packages/airflow/example_dags/example_skip_dag.py
[2024-03-28T17:31:09.419+0000] {processor.py:840} INFO - DAG(s) 'example_skip_dag' retrieved from /home/airflow/.local/lib/python3.8/site-packages/airflow/example_dags/example_skip_dag.py
[2024-03-28T17:31:09.528+0000] {logging_mixin.py:188} INFO - [2024-03-28T17:31:09.527+0000] {dag.py:3047} INFO - Sync 1 DAGs
[2024-03-28T17:31:09.678+0000] {logging_mixin.py:188} INFO - [2024-03-28T17:31:09.677+0000] {dag.py:3834} INFO - Setting next_dagrun for example_skip_dag to 2024-03-27 00:00:00+00:00, run_after=2024-03-28 00:00:00+00:00
[2024-03-28T17:31:09.811+0000] {processor.py:183} INFO - Processing /home/airflow/.local/lib/python3.8/site-packages/airflow/example_dags/example_skip_dag.py took 0.580 seconds
[2024-03-28T17:31:40.227+0000] {processor.py:161} INFO - Started process (PID=2253) to work on /home/airflow/.local/lib/python3.8/site-packages/airflow/example_dags/example_skip_dag.py
[2024-03-28T17:31:40.231+0000] {processor.py:830} INFO - Processing file /home/airflow/.local/lib/python3.8/site-packages/airflow/example_dags/example_skip_dag.py for tasks to queue
[2024-03-28T17:31:40.242+0000] {logging_mixin.py:188} INFO - [2024-03-28T17:31:40.241+0000] {dagbag.py:540} INFO - Filling up the DagBag from /home/airflow/.local/lib/python3.8/site-packages/airflow/example_dags/example_skip_dag.py
[2024-03-28T17:31:40.269+0000] {processor.py:840} INFO - DAG(s) 'example_skip_dag' retrieved from /home/airflow/.local/lib/python3.8/site-packages/airflow/example_dags/example_skip_dag.py
[2024-03-28T17:31:40.352+0000] {logging_mixin.py:188} INFO - [2024-03-28T17:31:40.351+0000] {dag.py:3047} INFO - Sync 1 DAGs
[2024-03-28T17:31:40.433+0000] {logging_mixin.py:188} INFO - [2024-03-28T17:31:40.432+0000] {dag.py:3834} INFO - Setting next_dagrun for example_skip_dag to 2024-03-27 00:00:00+00:00, run_after=2024-03-28 00:00:00+00:00
[2024-03-28T17:31:40.508+0000] {processor.py:183} INFO - Processing /home/airflow/.local/lib/python3.8/site-packages/airflow/example_dags/example_skip_dag.py took 0.291 seconds
[2024-03-28T17:32:15.915+0000] {processor.py:161} INFO - Started process (PID=2304) to work on /home/airflow/.local/lib/python3.8/site-packages/airflow/example_dags/example_skip_dag.py
[2024-03-28T17:32:15.921+0000] {processor.py:830} INFO - Processing file /home/airflow/.local/lib/python3.8/site-packages/airflow/example_dags/example_skip_dag.py for tasks to queue
[2024-03-28T17:32:15.936+0000] {logging_mixin.py:188} INFO - [2024-03-28T17:32:15.934+0000] {dagbag.py:540} INFO - Filling up the DagBag from /home/airflow/.local/lib/python3.8/site-packages/airflow/example_dags/example_skip_dag.py
[2024-03-28T17:32:15.959+0000] {processor.py:840} INFO - DAG(s) 'example_skip_dag' retrieved from /home/airflow/.local/lib/python3.8/site-packages/airflow/example_dags/example_skip_dag.py
[2024-03-28T17:32:16.010+0000] {logging_mixin.py:188} INFO - [2024-03-28T17:32:16.009+0000] {dag.py:3047} INFO - Sync 1 DAGs
[2024-03-28T17:32:16.058+0000] {logging_mixin.py:188} INFO - [2024-03-28T17:32:16.058+0000] {dag.py:3834} INFO - Setting next_dagrun for example_skip_dag to 2024-03-27 00:00:00+00:00, run_after=2024-03-28 00:00:00+00:00
[2024-03-28T17:32:16.100+0000] {processor.py:183} INFO - Processing /home/airflow/.local/lib/python3.8/site-packages/airflow/example_dags/example_skip_dag.py took 0.202 seconds
[2024-03-28T17:32:54.167+0000] {processor.py:161} INFO - Started process (PID=2364) to work on /home/airflow/.local/lib/python3.8/site-packages/airflow/example_dags/example_skip_dag.py
[2024-03-28T17:32:54.172+0000] {processor.py:830} INFO - Processing file /home/airflow/.local/lib/python3.8/site-packages/airflow/example_dags/example_skip_dag.py for tasks to queue
[2024-03-28T17:32:54.268+0000] {logging_mixin.py:188} INFO - [2024-03-28T17:32:54.266+0000] {dagbag.py:540} INFO - Filling up the DagBag from /home/airflow/.local/lib/python3.8/site-packages/airflow/example_dags/example_skip_dag.py
[2024-03-28T17:32:54.377+0000] {processor.py:840} INFO - DAG(s) 'example_skip_dag' retrieved from /home/airflow/.local/lib/python3.8/site-packages/airflow/example_dags/example_skip_dag.py
[2024-03-28T17:32:54.514+0000] {logging_mixin.py:188} INFO - [2024-03-28T17:32:54.513+0000] {dag.py:3047} INFO - Sync 1 DAGs
[2024-03-28T17:32:54.801+0000] {logging_mixin.py:188} INFO - [2024-03-28T17:32:54.801+0000] {dag.py:3834} INFO - Setting next_dagrun for example_skip_dag to 2024-03-27 00:00:00+00:00, run_after=2024-03-28 00:00:00+00:00
[2024-03-28T17:32:54.947+0000] {processor.py:183} INFO - Processing /home/airflow/.local/lib/python3.8/site-packages/airflow/example_dags/example_skip_dag.py took 0.793 seconds
[2024-03-28T17:33:27.755+0000] {processor.py:161} INFO - Started process (PID=2422) to work on /home/airflow/.local/lib/python3.8/site-packages/airflow/example_dags/example_skip_dag.py
[2024-03-28T17:33:27.761+0000] {processor.py:830} INFO - Processing file /home/airflow/.local/lib/python3.8/site-packages/airflow/example_dags/example_skip_dag.py for tasks to queue
[2024-03-28T17:33:27.771+0000] {logging_mixin.py:188} INFO - [2024-03-28T17:33:27.770+0000] {dagbag.py:540} INFO - Filling up the DagBag from /home/airflow/.local/lib/python3.8/site-packages/airflow/example_dags/example_skip_dag.py
[2024-03-28T17:33:27.792+0000] {processor.py:840} INFO - DAG(s) 'example_skip_dag' retrieved from /home/airflow/.local/lib/python3.8/site-packages/airflow/example_dags/example_skip_dag.py
[2024-03-28T17:33:27.867+0000] {logging_mixin.py:188} INFO - [2024-03-28T17:33:27.867+0000] {dag.py:3047} INFO - Sync 1 DAGs
[2024-03-28T17:33:27.920+0000] {logging_mixin.py:188} INFO - [2024-03-28T17:33:27.919+0000] {dag.py:3834} INFO - Setting next_dagrun for example_skip_dag to 2024-03-27 00:00:00+00:00, run_after=2024-03-28 00:00:00+00:00
[2024-03-28T17:33:27.965+0000] {processor.py:183} INFO - Processing /home/airflow/.local/lib/python3.8/site-packages/airflow/example_dags/example_skip_dag.py took 0.220 seconds
