[2024-03-28T16:34:07.403+0000] {processor.py:161} INFO - Started process (PID=179) to work on /home/airflow/.local/lib/python3.8/site-packages/airflow/example_dags/example_dag_decorator.py
[2024-03-28T16:34:07.410+0000] {processor.py:830} INFO - Processing file /home/airflow/.local/lib/python3.8/site-packages/airflow/example_dags/example_dag_decorator.py for tasks to queue
[2024-03-28T16:34:07.511+0000] {logging_mixin.py:188} INFO - [2024-03-28T16:34:07.510+0000] {dagbag.py:540} INFO - Filling up the DagBag from /home/airflow/.local/lib/python3.8/site-packages/airflow/example_dags/example_dag_decorator.py
[2024-03-28T16:34:19.740+0000] {processor.py:840} INFO - DAG(s) 'example_dag_decorator' retrieved from /home/airflow/.local/lib/python3.8/site-packages/airflow/example_dags/example_dag_decorator.py
[2024-03-28T16:34:26.357+0000] {logging_mixin.py:188} INFO - [2024-03-28T16:34:26.355+0000] {override.py:1769} INFO - Created Permission View: can edit on DAG:example_dag_decorator
[2024-03-28T16:34:26.745+0000] {logging_mixin.py:188} INFO - [2024-03-28T16:34:26.744+0000] {override.py:1769} INFO - Created Permission View: can read on DAG:example_dag_decorator
[2024-03-28T16:34:27.056+0000] {logging_mixin.py:188} INFO - [2024-03-28T16:34:27.055+0000] {override.py:1769} INFO - Created Permission View: can delete on DAG:example_dag_decorator
[2024-03-28T16:34:27.063+0000] {logging_mixin.py:188} INFO - [2024-03-28T16:34:27.062+0000] {dag.py:3047} INFO - Sync 1 DAGs
[2024-03-28T16:34:27.524+0000] {logging_mixin.py:188} INFO - [2024-03-28T16:34:27.511+0000] {dag.py:3069} INFO - Creating ORM DAG for example_dag_decorator
[2024-03-28T16:34:27.574+0000] {logging_mixin.py:188} INFO - [2024-03-28T16:34:27.554+0000] {dag.py:3834} INFO - Setting next_dagrun for example_dag_decorator to None, run_after=None
[2024-03-28T16:34:28.074+0000] {processor.py:183} INFO - Processing /home/airflow/.local/lib/python3.8/site-packages/airflow/example_dags/example_dag_decorator.py took 20.852 seconds
[2024-03-28T16:39:07.278+0000] {processor.py:161} INFO - Started process (PID=314) to work on /home/airflow/.local/lib/python3.8/site-packages/airflow/example_dags/example_dag_decorator.py
[2024-03-28T16:39:07.310+0000] {processor.py:830} INFO - Processing file /home/airflow/.local/lib/python3.8/site-packages/airflow/example_dags/example_dag_decorator.py for tasks to queue
[2024-03-28T16:39:07.347+0000] {logging_mixin.py:188} INFO - [2024-03-28T16:39:07.345+0000] {dagbag.py:540} INFO - Filling up the DagBag from /home/airflow/.local/lib/python3.8/site-packages/airflow/example_dags/example_dag_decorator.py
[2024-03-28T16:39:13.468+0000] {processor.py:840} INFO - DAG(s) 'example_dag_decorator' retrieved from /home/airflow/.local/lib/python3.8/site-packages/airflow/example_dags/example_dag_decorator.py
[2024-03-28T16:39:25.785+0000] {logging_mixin.py:188} INFO - [2024-03-28T16:39:25.784+0000] {dag.py:3047} INFO - Sync 1 DAGs
[2024-03-28T16:39:27.185+0000] {logging_mixin.py:188} INFO - [2024-03-28T16:39:27.181+0000] {dag.py:3834} INFO - Setting next_dagrun for example_dag_decorator to None, run_after=None
[2024-03-28T16:39:28.235+0000] {processor.py:183} INFO - Processing /home/airflow/.local/lib/python3.8/site-packages/airflow/example_dags/example_dag_decorator.py took 21.082 seconds
[2024-03-28T16:45:36.317+0000] {processor.py:161} INFO - Started process (PID=468) to work on /home/airflow/.local/lib/python3.8/site-packages/airflow/example_dags/example_dag_decorator.py
[2024-03-28T16:45:36.443+0000] {processor.py:830} INFO - Processing file /home/airflow/.local/lib/python3.8/site-packages/airflow/example_dags/example_dag_decorator.py for tasks to queue
[2024-03-28T16:45:37.168+0000] {logging_mixin.py:188} INFO - [2024-03-28T16:45:37.146+0000] {dagbag.py:540} INFO - Filling up the DagBag from /home/airflow/.local/lib/python3.8/site-packages/airflow/example_dags/example_dag_decorator.py
[2024-03-28T16:45:56.060+0000] {processor.py:840} INFO - DAG(s) 'example_dag_decorator' retrieved from /home/airflow/.local/lib/python3.8/site-packages/airflow/example_dags/example_dag_decorator.py
[2024-03-28T16:46:18.358+0000] {logging_mixin.py:188} INFO - [2024-03-28T16:46:18.321+0000] {dag.py:3047} INFO - Sync 1 DAGs
[2024-03-28T16:46:19.226+0000] {logging_mixin.py:188} INFO - [2024-03-28T16:46:19.224+0000] {dag.py:3834} INFO - Setting next_dagrun for example_dag_decorator to None, run_after=None
[2024-03-28T16:46:25.240+0000] {processor.py:183} INFO - Processing /home/airflow/.local/lib/python3.8/site-packages/airflow/example_dags/example_dag_decorator.py took 49.893 seconds
[2024-03-28T17:06:31.486+0000] {processor.py:161} INFO - Started process (PID=91) to work on /home/airflow/.local/lib/python3.8/site-packages/airflow/example_dags/example_dag_decorator.py
[2024-03-28T17:06:31.505+0000] {processor.py:830} INFO - Processing file /home/airflow/.local/lib/python3.8/site-packages/airflow/example_dags/example_dag_decorator.py for tasks to queue
[2024-03-28T17:06:31.588+0000] {logging_mixin.py:188} INFO - [2024-03-28T17:06:31.579+0000] {dagbag.py:540} INFO - Filling up the DagBag from /home/airflow/.local/lib/python3.8/site-packages/airflow/example_dags/example_dag_decorator.py
[2024-03-28T17:06:41.269+0000] {processor.py:840} INFO - DAG(s) 'example_dag_decorator' retrieved from /home/airflow/.local/lib/python3.8/site-packages/airflow/example_dags/example_dag_decorator.py
[2024-03-28T17:06:45.549+0000] {logging_mixin.py:188} INFO - [2024-03-28T17:06:45.548+0000] {dag.py:3047} INFO - Sync 1 DAGs
[2024-03-28T17:06:45.991+0000] {logging_mixin.py:188} INFO - [2024-03-28T17:06:45.990+0000] {dag.py:3834} INFO - Setting next_dagrun for example_dag_decorator to None, run_after=None
[2024-03-28T17:06:48.336+0000] {processor.py:183} INFO - Processing /home/airflow/.local/lib/python3.8/site-packages/airflow/example_dags/example_dag_decorator.py took 16.939 seconds
[2024-03-28T17:07:55.073+0000] {processor.py:161} INFO - Started process (PID=166) to work on /home/airflow/.local/lib/python3.8/site-packages/airflow/example_dags/example_dag_decorator.py
[2024-03-28T17:07:55.090+0000] {processor.py:830} INFO - Processing file /home/airflow/.local/lib/python3.8/site-packages/airflow/example_dags/example_dag_decorator.py for tasks to queue
[2024-03-28T17:07:55.108+0000] {logging_mixin.py:188} INFO - [2024-03-28T17:07:55.105+0000] {dagbag.py:540} INFO - Filling up the DagBag from /home/airflow/.local/lib/python3.8/site-packages/airflow/example_dags/example_dag_decorator.py
[2024-03-28T17:07:55.953+0000] {processor.py:840} INFO - DAG(s) 'example_dag_decorator' retrieved from /home/airflow/.local/lib/python3.8/site-packages/airflow/example_dags/example_dag_decorator.py
[2024-03-28T17:07:58.098+0000] {logging_mixin.py:188} INFO - [2024-03-28T17:07:58.097+0000] {dag.py:3047} INFO - Sync 1 DAGs
[2024-03-28T17:07:58.161+0000] {logging_mixin.py:188} INFO - [2024-03-28T17:07:58.160+0000] {dag.py:3834} INFO - Setting next_dagrun for example_dag_decorator to None, run_after=None
[2024-03-28T17:07:58.300+0000] {processor.py:183} INFO - Processing /home/airflow/.local/lib/python3.8/site-packages/airflow/example_dags/example_dag_decorator.py took 3.284 seconds
[2024-03-28T17:08:42.781+0000] {processor.py:161} INFO - Started process (PID=227) to work on /home/airflow/.local/lib/python3.8/site-packages/airflow/example_dags/example_dag_decorator.py
[2024-03-28T17:08:42.807+0000] {processor.py:830} INFO - Processing file /home/airflow/.local/lib/python3.8/site-packages/airflow/example_dags/example_dag_decorator.py for tasks to queue
[2024-03-28T17:08:42.828+0000] {logging_mixin.py:188} INFO - [2024-03-28T17:08:42.827+0000] {dagbag.py:540} INFO - Filling up the DagBag from /home/airflow/.local/lib/python3.8/site-packages/airflow/example_dags/example_dag_decorator.py
[2024-03-28T17:08:43.935+0000] {processor.py:840} INFO - DAG(s) 'example_dag_decorator' retrieved from /home/airflow/.local/lib/python3.8/site-packages/airflow/example_dags/example_dag_decorator.py
[2024-03-28T17:08:45.264+0000] {logging_mixin.py:188} INFO - [2024-03-28T17:08:45.264+0000] {dag.py:3047} INFO - Sync 1 DAGs
[2024-03-28T17:08:45.303+0000] {logging_mixin.py:188} INFO - [2024-03-28T17:08:45.302+0000] {dag.py:3834} INFO - Setting next_dagrun for example_dag_decorator to None, run_after=None
[2024-03-28T17:08:45.423+0000] {processor.py:183} INFO - Processing /home/airflow/.local/lib/python3.8/site-packages/airflow/example_dags/example_dag_decorator.py took 2.713 seconds
[2024-03-28T17:10:31.493+0000] {processor.py:161} INFO - Started process (PID=302) to work on /home/airflow/.local/lib/python3.8/site-packages/airflow/example_dags/example_dag_decorator.py
[2024-03-28T17:10:31.513+0000] {processor.py:830} INFO - Processing file /home/airflow/.local/lib/python3.8/site-packages/airflow/example_dags/example_dag_decorator.py for tasks to queue
[2024-03-28T17:10:31.561+0000] {logging_mixin.py:188} INFO - [2024-03-28T17:10:31.556+0000] {dagbag.py:540} INFO - Filling up the DagBag from /home/airflow/.local/lib/python3.8/site-packages/airflow/example_dags/example_dag_decorator.py
[2024-03-28T17:10:33.726+0000] {processor.py:840} INFO - DAG(s) 'example_dag_decorator' retrieved from /home/airflow/.local/lib/python3.8/site-packages/airflow/example_dags/example_dag_decorator.py
[2024-03-28T17:10:40.985+0000] {logging_mixin.py:188} INFO - [2024-03-28T17:10:40.975+0000] {dag.py:3047} INFO - Sync 1 DAGs
[2024-03-28T17:10:41.678+0000] {logging_mixin.py:188} INFO - [2024-03-28T17:10:41.678+0000] {dag.py:3834} INFO - Setting next_dagrun for example_dag_decorator to None, run_after=None
[2024-03-28T17:10:41.938+0000] {processor.py:183} INFO - Processing /home/airflow/.local/lib/python3.8/site-packages/airflow/example_dags/example_dag_decorator.py took 10.472 seconds
[2024-03-28T17:11:22.497+0000] {processor.py:161} INFO - Started process (PID=367) to work on /home/airflow/.local/lib/python3.8/site-packages/airflow/example_dags/example_dag_decorator.py
[2024-03-28T17:11:22.522+0000] {processor.py:830} INFO - Processing file /home/airflow/.local/lib/python3.8/site-packages/airflow/example_dags/example_dag_decorator.py for tasks to queue
[2024-03-28T17:11:22.566+0000] {logging_mixin.py:188} INFO - [2024-03-28T17:11:22.564+0000] {dagbag.py:540} INFO - Filling up the DagBag from /home/airflow/.local/lib/python3.8/site-packages/airflow/example_dags/example_dag_decorator.py
[2024-03-28T17:11:26.433+0000] {processor.py:840} INFO - DAG(s) 'example_dag_decorator' retrieved from /home/airflow/.local/lib/python3.8/site-packages/airflow/example_dags/example_dag_decorator.py
[2024-03-28T17:11:30.771+0000] {logging_mixin.py:188} INFO - [2024-03-28T17:11:30.768+0000] {dag.py:3047} INFO - Sync 1 DAGs
[2024-03-28T17:11:31.322+0000] {logging_mixin.py:188} INFO - [2024-03-28T17:11:31.311+0000] {dag.py:3834} INFO - Setting next_dagrun for example_dag_decorator to None, run_after=None
[2024-03-28T17:11:36.079+0000] {processor.py:183} INFO - Processing /home/airflow/.local/lib/python3.8/site-packages/airflow/example_dags/example_dag_decorator.py took 13.930 seconds
[2024-03-28T17:12:30.711+0000] {processor.py:161} INFO - Started process (PID=439) to work on /home/airflow/.local/lib/python3.8/site-packages/airflow/example_dags/example_dag_decorator.py
[2024-03-28T17:12:30.730+0000] {processor.py:830} INFO - Processing file /home/airflow/.local/lib/python3.8/site-packages/airflow/example_dags/example_dag_decorator.py for tasks to queue
[2024-03-28T17:12:30.765+0000] {logging_mixin.py:188} INFO - [2024-03-28T17:12:30.764+0000] {dagbag.py:540} INFO - Filling up the DagBag from /home/airflow/.local/lib/python3.8/site-packages/airflow/example_dags/example_dag_decorator.py
[2024-03-28T17:12:32.479+0000] {processor.py:840} INFO - DAG(s) 'example_dag_decorator' retrieved from /home/airflow/.local/lib/python3.8/site-packages/airflow/example_dags/example_dag_decorator.py
[2024-03-28T17:12:34.234+0000] {logging_mixin.py:188} INFO - [2024-03-28T17:12:34.234+0000] {dag.py:3047} INFO - Sync 1 DAGs
[2024-03-28T17:12:34.389+0000] {logging_mixin.py:188} INFO - [2024-03-28T17:12:34.360+0000] {dag.py:3834} INFO - Setting next_dagrun for example_dag_decorator to None, run_after=None
[2024-03-28T17:12:34.602+0000] {processor.py:183} INFO - Processing /home/airflow/.local/lib/python3.8/site-packages/airflow/example_dags/example_dag_decorator.py took 3.964 seconds
[2024-03-28T17:13:05.212+0000] {processor.py:161} INFO - Started process (PID=495) to work on /home/airflow/.local/lib/python3.8/site-packages/airflow/example_dags/example_dag_decorator.py
[2024-03-28T17:13:05.215+0000] {processor.py:830} INFO - Processing file /home/airflow/.local/lib/python3.8/site-packages/airflow/example_dags/example_dag_decorator.py for tasks to queue
[2024-03-28T17:13:05.222+0000] {logging_mixin.py:188} INFO - [2024-03-28T17:13:05.221+0000] {dagbag.py:540} INFO - Filling up the DagBag from /home/airflow/.local/lib/python3.8/site-packages/airflow/example_dags/example_dag_decorator.py
[2024-03-28T17:13:05.453+0000] {processor.py:840} INFO - DAG(s) 'example_dag_decorator' retrieved from /home/airflow/.local/lib/python3.8/site-packages/airflow/example_dags/example_dag_decorator.py
[2024-03-28T17:13:05.690+0000] {logging_mixin.py:188} INFO - [2024-03-28T17:13:05.690+0000] {dag.py:3047} INFO - Sync 1 DAGs
[2024-03-28T17:13:05.715+0000] {logging_mixin.py:188} INFO - [2024-03-28T17:13:05.715+0000] {dag.py:3834} INFO - Setting next_dagrun for example_dag_decorator to None, run_after=None
[2024-03-28T17:13:05.765+0000] {processor.py:183} INFO - Processing /home/airflow/.local/lib/python3.8/site-packages/airflow/example_dags/example_dag_decorator.py took 0.570 seconds
[2024-03-28T17:13:38.364+0000] {processor.py:161} INFO - Started process (PID=552) to work on /home/airflow/.local/lib/python3.8/site-packages/airflow/example_dags/example_dag_decorator.py
[2024-03-28T17:13:38.373+0000] {processor.py:830} INFO - Processing file /home/airflow/.local/lib/python3.8/site-packages/airflow/example_dags/example_dag_decorator.py for tasks to queue
[2024-03-28T17:13:38.419+0000] {logging_mixin.py:188} INFO - [2024-03-28T17:13:38.417+0000] {dagbag.py:540} INFO - Filling up the DagBag from /home/airflow/.local/lib/python3.8/site-packages/airflow/example_dags/example_dag_decorator.py
[2024-03-28T17:13:38.842+0000] {processor.py:840} INFO - DAG(s) 'example_dag_decorator' retrieved from /home/airflow/.local/lib/python3.8/site-packages/airflow/example_dags/example_dag_decorator.py
[2024-03-28T17:13:39.171+0000] {logging_mixin.py:188} INFO - [2024-03-28T17:13:39.171+0000] {dag.py:3047} INFO - Sync 1 DAGs
[2024-03-28T17:13:39.223+0000] {logging_mixin.py:188} INFO - [2024-03-28T17:13:39.222+0000] {dag.py:3834} INFO - Setting next_dagrun for example_dag_decorator to None, run_after=None
[2024-03-28T17:13:39.385+0000] {processor.py:183} INFO - Processing /home/airflow/.local/lib/python3.8/site-packages/airflow/example_dags/example_dag_decorator.py took 1.055 seconds
[2024-03-28T17:14:22.573+0000] {processor.py:161} INFO - Started process (PID=615) to work on /home/airflow/.local/lib/python3.8/site-packages/airflow/example_dags/example_dag_decorator.py
[2024-03-28T17:14:22.579+0000] {processor.py:830} INFO - Processing file /home/airflow/.local/lib/python3.8/site-packages/airflow/example_dags/example_dag_decorator.py for tasks to queue
[2024-03-28T17:14:22.586+0000] {logging_mixin.py:188} INFO - [2024-03-28T17:14:22.584+0000] {dagbag.py:540} INFO - Filling up the DagBag from /home/airflow/.local/lib/python3.8/site-packages/airflow/example_dags/example_dag_decorator.py
[2024-03-28T17:14:22.852+0000] {processor.py:840} INFO - DAG(s) 'example_dag_decorator' retrieved from /home/airflow/.local/lib/python3.8/site-packages/airflow/example_dags/example_dag_decorator.py
[2024-03-28T17:14:23.147+0000] {logging_mixin.py:188} INFO - [2024-03-28T17:14:23.146+0000] {dag.py:3047} INFO - Sync 1 DAGs
[2024-03-28T17:14:23.172+0000] {logging_mixin.py:188} INFO - [2024-03-28T17:14:23.171+0000] {dag.py:3834} INFO - Setting next_dagrun for example_dag_decorator to None, run_after=None
[2024-03-28T17:14:23.246+0000] {processor.py:183} INFO - Processing /home/airflow/.local/lib/python3.8/site-packages/airflow/example_dags/example_dag_decorator.py took 0.688 seconds
[2024-03-28T17:14:55.898+0000] {processor.py:161} INFO - Started process (PID=669) to work on /home/airflow/.local/lib/python3.8/site-packages/airflow/example_dags/example_dag_decorator.py
[2024-03-28T17:14:55.904+0000] {processor.py:830} INFO - Processing file /home/airflow/.local/lib/python3.8/site-packages/airflow/example_dags/example_dag_decorator.py for tasks to queue
[2024-03-28T17:14:55.914+0000] {logging_mixin.py:188} INFO - [2024-03-28T17:14:55.912+0000] {dagbag.py:540} INFO - Filling up the DagBag from /home/airflow/.local/lib/python3.8/site-packages/airflow/example_dags/example_dag_decorator.py
[2024-03-28T17:14:56.188+0000] {processor.py:840} INFO - DAG(s) 'example_dag_decorator' retrieved from /home/airflow/.local/lib/python3.8/site-packages/airflow/example_dags/example_dag_decorator.py
[2024-03-28T17:14:56.611+0000] {logging_mixin.py:188} INFO - [2024-03-28T17:14:56.610+0000] {dag.py:3047} INFO - Sync 1 DAGs
[2024-03-28T17:14:56.638+0000] {logging_mixin.py:188} INFO - [2024-03-28T17:14:56.637+0000] {dag.py:3834} INFO - Setting next_dagrun for example_dag_decorator to None, run_after=None
[2024-03-28T17:14:56.704+0000] {processor.py:183} INFO - Processing /home/airflow/.local/lib/python3.8/site-packages/airflow/example_dags/example_dag_decorator.py took 0.817 seconds
[2024-03-28T17:15:41.017+0000] {processor.py:161} INFO - Started process (PID=741) to work on /home/airflow/.local/lib/python3.8/site-packages/airflow/example_dags/example_dag_decorator.py
[2024-03-28T17:15:41.022+0000] {processor.py:830} INFO - Processing file /home/airflow/.local/lib/python3.8/site-packages/airflow/example_dags/example_dag_decorator.py for tasks to queue
[2024-03-28T17:15:41.031+0000] {logging_mixin.py:188} INFO - [2024-03-28T17:15:41.030+0000] {dagbag.py:540} INFO - Filling up the DagBag from /home/airflow/.local/lib/python3.8/site-packages/airflow/example_dags/example_dag_decorator.py
[2024-03-28T17:15:41.910+0000] {processor.py:840} INFO - DAG(s) 'example_dag_decorator' retrieved from /home/airflow/.local/lib/python3.8/site-packages/airflow/example_dags/example_dag_decorator.py
[2024-03-28T17:15:42.308+0000] {logging_mixin.py:188} INFO - [2024-03-28T17:15:42.307+0000] {dag.py:3047} INFO - Sync 1 DAGs
[2024-03-28T17:15:42.376+0000] {logging_mixin.py:188} INFO - [2024-03-28T17:15:42.375+0000] {dag.py:3834} INFO - Setting next_dagrun for example_dag_decorator to None, run_after=None
[2024-03-28T17:15:42.438+0000] {processor.py:183} INFO - Processing /home/airflow/.local/lib/python3.8/site-packages/airflow/example_dags/example_dag_decorator.py took 1.439 seconds
[2024-03-28T17:16:13.201+0000] {processor.py:161} INFO - Started process (PID=796) to work on /home/airflow/.local/lib/python3.8/site-packages/airflow/example_dags/example_dag_decorator.py
[2024-03-28T17:16:13.251+0000] {processor.py:830} INFO - Processing file /home/airflow/.local/lib/python3.8/site-packages/airflow/example_dags/example_dag_decorator.py for tasks to queue
[2024-03-28T17:16:13.277+0000] {logging_mixin.py:188} INFO - [2024-03-28T17:16:13.270+0000] {dagbag.py:540} INFO - Filling up the DagBag from /home/airflow/.local/lib/python3.8/site-packages/airflow/example_dags/example_dag_decorator.py
[2024-03-28T17:16:13.781+0000] {processor.py:840} INFO - DAG(s) 'example_dag_decorator' retrieved from /home/airflow/.local/lib/python3.8/site-packages/airflow/example_dags/example_dag_decorator.py
[2024-03-28T17:16:14.274+0000] {logging_mixin.py:188} INFO - [2024-03-28T17:16:14.273+0000] {dag.py:3047} INFO - Sync 1 DAGs
[2024-03-28T17:16:14.312+0000] {logging_mixin.py:188} INFO - [2024-03-28T17:16:14.311+0000] {dag.py:3834} INFO - Setting next_dagrun for example_dag_decorator to None, run_after=None
[2024-03-28T17:16:14.389+0000] {processor.py:183} INFO - Processing /home/airflow/.local/lib/python3.8/site-packages/airflow/example_dags/example_dag_decorator.py took 1.239 seconds
[2024-03-28T17:17:01.086+0000] {processor.py:161} INFO - Started process (PID=864) to work on /home/airflow/.local/lib/python3.8/site-packages/airflow/example_dags/example_dag_decorator.py
[2024-03-28T17:17:01.109+0000] {processor.py:830} INFO - Processing file /home/airflow/.local/lib/python3.8/site-packages/airflow/example_dags/example_dag_decorator.py for tasks to queue
[2024-03-28T17:17:01.138+0000] {logging_mixin.py:188} INFO - [2024-03-28T17:17:01.128+0000] {dagbag.py:540} INFO - Filling up the DagBag from /home/airflow/.local/lib/python3.8/site-packages/airflow/example_dags/example_dag_decorator.py
[2024-03-28T17:17:01.556+0000] {processor.py:840} INFO - DAG(s) 'example_dag_decorator' retrieved from /home/airflow/.local/lib/python3.8/site-packages/airflow/example_dags/example_dag_decorator.py
[2024-03-28T17:17:01.854+0000] {logging_mixin.py:188} INFO - [2024-03-28T17:17:01.853+0000] {dag.py:3047} INFO - Sync 1 DAGs
[2024-03-28T17:17:01.883+0000] {logging_mixin.py:188} INFO - [2024-03-28T17:17:01.882+0000] {dag.py:3834} INFO - Setting next_dagrun for example_dag_decorator to None, run_after=None
[2024-03-28T17:17:01.960+0000] {processor.py:183} INFO - Processing /home/airflow/.local/lib/python3.8/site-packages/airflow/example_dags/example_dag_decorator.py took 0.894 seconds
[2024-03-28T17:17:52.080+0000] {processor.py:161} INFO - Started process (PID=928) to work on /home/airflow/.local/lib/python3.8/site-packages/airflow/example_dags/example_dag_decorator.py
[2024-03-28T17:17:52.108+0000] {processor.py:830} INFO - Processing file /home/airflow/.local/lib/python3.8/site-packages/airflow/example_dags/example_dag_decorator.py for tasks to queue
[2024-03-28T17:17:52.124+0000] {logging_mixin.py:188} INFO - [2024-03-28T17:17:52.120+0000] {dagbag.py:540} INFO - Filling up the DagBag from /home/airflow/.local/lib/python3.8/site-packages/airflow/example_dags/example_dag_decorator.py
[2024-03-28T17:17:53.121+0000] {processor.py:840} INFO - DAG(s) 'example_dag_decorator' retrieved from /home/airflow/.local/lib/python3.8/site-packages/airflow/example_dags/example_dag_decorator.py
[2024-03-28T17:17:58.775+0000] {logging_mixin.py:188} INFO - [2024-03-28T17:17:58.773+0000] {dag.py:3047} INFO - Sync 1 DAGs
[2024-03-28T17:17:58.973+0000] {logging_mixin.py:188} INFO - [2024-03-28T17:17:58.972+0000] {dag.py:3834} INFO - Setting next_dagrun for example_dag_decorator to None, run_after=None
[2024-03-28T17:18:00.006+0000] {processor.py:183} INFO - Processing /home/airflow/.local/lib/python3.8/site-packages/airflow/example_dags/example_dag_decorator.py took 7.989 seconds
[2024-03-28T17:18:57.311+0000] {processor.py:161} INFO - Started process (PID=1002) to work on /home/airflow/.local/lib/python3.8/site-packages/airflow/example_dags/example_dag_decorator.py
[2024-03-28T17:18:57.315+0000] {processor.py:830} INFO - Processing file /home/airflow/.local/lib/python3.8/site-packages/airflow/example_dags/example_dag_decorator.py for tasks to queue
[2024-03-28T17:18:57.321+0000] {logging_mixin.py:188} INFO - [2024-03-28T17:18:57.321+0000] {dagbag.py:540} INFO - Filling up the DagBag from /home/airflow/.local/lib/python3.8/site-packages/airflow/example_dags/example_dag_decorator.py
[2024-03-28T17:18:57.641+0000] {processor.py:840} INFO - DAG(s) 'example_dag_decorator' retrieved from /home/airflow/.local/lib/python3.8/site-packages/airflow/example_dags/example_dag_decorator.py
[2024-03-28T17:18:58.080+0000] {logging_mixin.py:188} INFO - [2024-03-28T17:18:58.080+0000] {dag.py:3047} INFO - Sync 1 DAGs
[2024-03-28T17:18:58.124+0000] {logging_mixin.py:188} INFO - [2024-03-28T17:18:58.123+0000] {dag.py:3834} INFO - Setting next_dagrun for example_dag_decorator to None, run_after=None
[2024-03-28T17:18:58.181+0000] {processor.py:183} INFO - Processing /home/airflow/.local/lib/python3.8/site-packages/airflow/example_dags/example_dag_decorator.py took 0.885 seconds
[2024-03-28T17:19:29.703+0000] {processor.py:161} INFO - Started process (PID=1057) to work on /home/airflow/.local/lib/python3.8/site-packages/airflow/example_dags/example_dag_decorator.py
[2024-03-28T17:19:29.706+0000] {processor.py:830} INFO - Processing file /home/airflow/.local/lib/python3.8/site-packages/airflow/example_dags/example_dag_decorator.py for tasks to queue
[2024-03-28T17:19:29.712+0000] {logging_mixin.py:188} INFO - [2024-03-28T17:19:29.711+0000] {dagbag.py:540} INFO - Filling up the DagBag from /home/airflow/.local/lib/python3.8/site-packages/airflow/example_dags/example_dag_decorator.py
[2024-03-28T17:19:30.056+0000] {processor.py:840} INFO - DAG(s) 'example_dag_decorator' retrieved from /home/airflow/.local/lib/python3.8/site-packages/airflow/example_dags/example_dag_decorator.py
[2024-03-28T17:19:30.527+0000] {logging_mixin.py:188} INFO - [2024-03-28T17:19:30.526+0000] {dag.py:3047} INFO - Sync 1 DAGs
[2024-03-28T17:19:30.599+0000] {logging_mixin.py:188} INFO - [2024-03-28T17:19:30.598+0000] {dag.py:3834} INFO - Setting next_dagrun for example_dag_decorator to None, run_after=None
[2024-03-28T17:19:30.650+0000] {processor.py:183} INFO - Processing /home/airflow/.local/lib/python3.8/site-packages/airflow/example_dags/example_dag_decorator.py took 0.960 seconds
[2024-03-28T17:20:08.150+0000] {processor.py:161} INFO - Started process (PID=1124) to work on /home/airflow/.local/lib/python3.8/site-packages/airflow/example_dags/example_dag_decorator.py
[2024-03-28T17:20:08.154+0000] {processor.py:830} INFO - Processing file /home/airflow/.local/lib/python3.8/site-packages/airflow/example_dags/example_dag_decorator.py for tasks to queue
[2024-03-28T17:20:08.161+0000] {logging_mixin.py:188} INFO - [2024-03-28T17:20:08.160+0000] {dagbag.py:540} INFO - Filling up the DagBag from /home/airflow/.local/lib/python3.8/site-packages/airflow/example_dags/example_dag_decorator.py
[2024-03-28T17:20:08.499+0000] {processor.py:840} INFO - DAG(s) 'example_dag_decorator' retrieved from /home/airflow/.local/lib/python3.8/site-packages/airflow/example_dags/example_dag_decorator.py
[2024-03-28T17:20:08.897+0000] {logging_mixin.py:188} INFO - [2024-03-28T17:20:08.897+0000] {dag.py:3047} INFO - Sync 1 DAGs
[2024-03-28T17:20:08.942+0000] {logging_mixin.py:188} INFO - [2024-03-28T17:20:08.940+0000] {dag.py:3834} INFO - Setting next_dagrun for example_dag_decorator to None, run_after=None
[2024-03-28T17:20:09.048+0000] {processor.py:183} INFO - Processing /home/airflow/.local/lib/python3.8/site-packages/airflow/example_dags/example_dag_decorator.py took 0.914 seconds
[2024-03-28T17:20:45.291+0000] {processor.py:161} INFO - Started process (PID=1180) to work on /home/airflow/.local/lib/python3.8/site-packages/airflow/example_dags/example_dag_decorator.py
[2024-03-28T17:20:45.305+0000] {processor.py:830} INFO - Processing file /home/airflow/.local/lib/python3.8/site-packages/airflow/example_dags/example_dag_decorator.py for tasks to queue
[2024-03-28T17:20:45.325+0000] {logging_mixin.py:188} INFO - [2024-03-28T17:20:45.322+0000] {dagbag.py:540} INFO - Filling up the DagBag from /home/airflow/.local/lib/python3.8/site-packages/airflow/example_dags/example_dag_decorator.py
[2024-03-28T17:20:45.860+0000] {processor.py:840} INFO - DAG(s) 'example_dag_decorator' retrieved from /home/airflow/.local/lib/python3.8/site-packages/airflow/example_dags/example_dag_decorator.py
[2024-03-28T17:20:46.419+0000] {logging_mixin.py:188} INFO - [2024-03-28T17:20:46.418+0000] {dag.py:3047} INFO - Sync 1 DAGs
[2024-03-28T17:20:46.549+0000] {logging_mixin.py:188} INFO - [2024-03-28T17:20:46.549+0000] {dag.py:3834} INFO - Setting next_dagrun for example_dag_decorator to None, run_after=None
[2024-03-28T17:20:46.621+0000] {processor.py:183} INFO - Processing /home/airflow/.local/lib/python3.8/site-packages/airflow/example_dags/example_dag_decorator.py took 1.355 seconds
[2024-03-28T17:21:18.032+0000] {processor.py:161} INFO - Started process (PID=1235) to work on /home/airflow/.local/lib/python3.8/site-packages/airflow/example_dags/example_dag_decorator.py
[2024-03-28T17:21:18.039+0000] {processor.py:830} INFO - Processing file /home/airflow/.local/lib/python3.8/site-packages/airflow/example_dags/example_dag_decorator.py for tasks to queue
[2024-03-28T17:21:18.054+0000] {logging_mixin.py:188} INFO - [2024-03-28T17:21:18.054+0000] {dagbag.py:540} INFO - Filling up the DagBag from /home/airflow/.local/lib/python3.8/site-packages/airflow/example_dags/example_dag_decorator.py
[2024-03-28T17:21:19.531+0000] {processor.py:840} INFO - DAG(s) 'example_dag_decorator' retrieved from /home/airflow/.local/lib/python3.8/site-packages/airflow/example_dags/example_dag_decorator.py
[2024-03-28T17:21:21.294+0000] {logging_mixin.py:188} INFO - [2024-03-28T17:21:21.290+0000] {dag.py:3047} INFO - Sync 1 DAGs
[2024-03-28T17:21:21.390+0000] {logging_mixin.py:188} INFO - [2024-03-28T17:21:21.389+0000] {dag.py:3834} INFO - Setting next_dagrun for example_dag_decorator to None, run_after=None
[2024-03-28T17:21:21.592+0000] {processor.py:183} INFO - Processing /home/airflow/.local/lib/python3.8/site-packages/airflow/example_dags/example_dag_decorator.py took 3.619 seconds
[2024-03-28T17:21:52.105+0000] {processor.py:161} INFO - Started process (PID=1292) to work on /home/airflow/.local/lib/python3.8/site-packages/airflow/example_dags/example_dag_decorator.py
[2024-03-28T17:21:52.112+0000] {processor.py:830} INFO - Processing file /home/airflow/.local/lib/python3.8/site-packages/airflow/example_dags/example_dag_decorator.py for tasks to queue
[2024-03-28T17:21:52.130+0000] {logging_mixin.py:188} INFO - [2024-03-28T17:21:52.129+0000] {dagbag.py:540} INFO - Filling up the DagBag from /home/airflow/.local/lib/python3.8/site-packages/airflow/example_dags/example_dag_decorator.py
[2024-03-28T17:21:53.199+0000] {processor.py:840} INFO - DAG(s) 'example_dag_decorator' retrieved from /home/airflow/.local/lib/python3.8/site-packages/airflow/example_dags/example_dag_decorator.py
[2024-03-28T17:21:54.337+0000] {logging_mixin.py:188} INFO - [2024-03-28T17:21:54.337+0000] {dag.py:3047} INFO - Sync 1 DAGs
[2024-03-28T17:21:54.459+0000] {logging_mixin.py:188} INFO - [2024-03-28T17:21:54.458+0000] {dag.py:3834} INFO - Setting next_dagrun for example_dag_decorator to None, run_after=None
[2024-03-28T17:21:54.582+0000] {processor.py:183} INFO - Processing /home/airflow/.local/lib/python3.8/site-packages/airflow/example_dags/example_dag_decorator.py took 2.489 seconds
[2024-03-28T17:22:25.391+0000] {processor.py:161} INFO - Started process (PID=1350) to work on /home/airflow/.local/lib/python3.8/site-packages/airflow/example_dags/example_dag_decorator.py
[2024-03-28T17:22:25.396+0000] {processor.py:830} INFO - Processing file /home/airflow/.local/lib/python3.8/site-packages/airflow/example_dags/example_dag_decorator.py for tasks to queue
[2024-03-28T17:22:25.403+0000] {logging_mixin.py:188} INFO - [2024-03-28T17:22:25.402+0000] {dagbag.py:540} INFO - Filling up the DagBag from /home/airflow/.local/lib/python3.8/site-packages/airflow/example_dags/example_dag_decorator.py
[2024-03-28T17:22:25.700+0000] {processor.py:840} INFO - DAG(s) 'example_dag_decorator' retrieved from /home/airflow/.local/lib/python3.8/site-packages/airflow/example_dags/example_dag_decorator.py
[2024-03-28T17:22:26.044+0000] {logging_mixin.py:188} INFO - [2024-03-28T17:22:26.044+0000] {dag.py:3047} INFO - Sync 1 DAGs
[2024-03-28T17:22:26.071+0000] {logging_mixin.py:188} INFO - [2024-03-28T17:22:26.071+0000] {dag.py:3834} INFO - Setting next_dagrun for example_dag_decorator to None, run_after=None
[2024-03-28T17:22:26.139+0000] {processor.py:183} INFO - Processing /home/airflow/.local/lib/python3.8/site-packages/airflow/example_dags/example_dag_decorator.py took 0.760 seconds
[2024-03-28T17:23:04.420+0000] {processor.py:161} INFO - Started process (PID=1407) to work on /home/airflow/.local/lib/python3.8/site-packages/airflow/example_dags/example_dag_decorator.py
[2024-03-28T17:23:04.425+0000] {processor.py:830} INFO - Processing file /home/airflow/.local/lib/python3.8/site-packages/airflow/example_dags/example_dag_decorator.py for tasks to queue
[2024-03-28T17:23:04.457+0000] {logging_mixin.py:188} INFO - [2024-03-28T17:23:04.456+0000] {dagbag.py:540} INFO - Filling up the DagBag from /home/airflow/.local/lib/python3.8/site-packages/airflow/example_dags/example_dag_decorator.py
[2024-03-28T17:23:04.934+0000] {processor.py:840} INFO - DAG(s) 'example_dag_decorator' retrieved from /home/airflow/.local/lib/python3.8/site-packages/airflow/example_dags/example_dag_decorator.py
[2024-03-28T17:23:05.355+0000] {logging_mixin.py:188} INFO - [2024-03-28T17:23:05.355+0000] {dag.py:3047} INFO - Sync 1 DAGs
[2024-03-28T17:23:05.402+0000] {logging_mixin.py:188} INFO - [2024-03-28T17:23:05.401+0000] {dag.py:3834} INFO - Setting next_dagrun for example_dag_decorator to None, run_after=None
[2024-03-28T17:23:05.491+0000] {processor.py:183} INFO - Processing /home/airflow/.local/lib/python3.8/site-packages/airflow/example_dags/example_dag_decorator.py took 1.095 seconds
[2024-03-28T17:23:35.731+0000] {processor.py:161} INFO - Started process (PID=1465) to work on /home/airflow/.local/lib/python3.8/site-packages/airflow/example_dags/example_dag_decorator.py
[2024-03-28T17:23:35.739+0000] {processor.py:830} INFO - Processing file /home/airflow/.local/lib/python3.8/site-packages/airflow/example_dags/example_dag_decorator.py for tasks to queue
[2024-03-28T17:23:35.766+0000] {logging_mixin.py:188} INFO - [2024-03-28T17:23:35.763+0000] {dagbag.py:540} INFO - Filling up the DagBag from /home/airflow/.local/lib/python3.8/site-packages/airflow/example_dags/example_dag_decorator.py
[2024-03-28T17:23:36.099+0000] {processor.py:840} INFO - DAG(s) 'example_dag_decorator' retrieved from /home/airflow/.local/lib/python3.8/site-packages/airflow/example_dags/example_dag_decorator.py
[2024-03-28T17:23:36.439+0000] {logging_mixin.py:188} INFO - [2024-03-28T17:23:36.438+0000] {dag.py:3047} INFO - Sync 1 DAGs
[2024-03-28T17:23:36.483+0000] {logging_mixin.py:188} INFO - [2024-03-28T17:23:36.482+0000] {dag.py:3834} INFO - Setting next_dagrun for example_dag_decorator to None, run_after=None
[2024-03-28T17:23:36.552+0000] {processor.py:183} INFO - Processing /home/airflow/.local/lib/python3.8/site-packages/airflow/example_dags/example_dag_decorator.py took 0.835 seconds
[2024-03-28T17:24:13.008+0000] {processor.py:161} INFO - Started process (PID=1526) to work on /home/airflow/.local/lib/python3.8/site-packages/airflow/example_dags/example_dag_decorator.py
[2024-03-28T17:24:13.026+0000] {processor.py:830} INFO - Processing file /home/airflow/.local/lib/python3.8/site-packages/airflow/example_dags/example_dag_decorator.py for tasks to queue
[2024-03-28T17:24:13.066+0000] {logging_mixin.py:188} INFO - [2024-03-28T17:24:13.056+0000] {dagbag.py:540} INFO - Filling up the DagBag from /home/airflow/.local/lib/python3.8/site-packages/airflow/example_dags/example_dag_decorator.py
[2024-03-28T17:24:13.687+0000] {processor.py:840} INFO - DAG(s) 'example_dag_decorator' retrieved from /home/airflow/.local/lib/python3.8/site-packages/airflow/example_dags/example_dag_decorator.py
[2024-03-28T17:24:14.199+0000] {logging_mixin.py:188} INFO - [2024-03-28T17:24:14.198+0000] {dag.py:3047} INFO - Sync 1 DAGs
[2024-03-28T17:24:14.334+0000] {logging_mixin.py:188} INFO - [2024-03-28T17:24:14.333+0000] {dag.py:3834} INFO - Setting next_dagrun for example_dag_decorator to None, run_after=None
[2024-03-28T17:24:14.492+0000] {processor.py:183} INFO - Processing /home/airflow/.local/lib/python3.8/site-packages/airflow/example_dags/example_dag_decorator.py took 1.514 seconds
[2024-03-28T17:24:51.301+0000] {processor.py:161} INFO - Started process (PID=1586) to work on /home/airflow/.local/lib/python3.8/site-packages/airflow/example_dags/example_dag_decorator.py
[2024-03-28T17:24:51.305+0000] {processor.py:830} INFO - Processing file /home/airflow/.local/lib/python3.8/site-packages/airflow/example_dags/example_dag_decorator.py for tasks to queue
[2024-03-28T17:24:51.317+0000] {logging_mixin.py:188} INFO - [2024-03-28T17:24:51.313+0000] {dagbag.py:540} INFO - Filling up the DagBag from /home/airflow/.local/lib/python3.8/site-packages/airflow/example_dags/example_dag_decorator.py
[2024-03-28T17:24:51.627+0000] {processor.py:840} INFO - DAG(s) 'example_dag_decorator' retrieved from /home/airflow/.local/lib/python3.8/site-packages/airflow/example_dags/example_dag_decorator.py
[2024-03-28T17:24:52.291+0000] {logging_mixin.py:188} INFO - [2024-03-28T17:24:52.291+0000] {dag.py:3047} INFO - Sync 1 DAGs
[2024-03-28T17:24:52.390+0000] {logging_mixin.py:188} INFO - [2024-03-28T17:24:52.390+0000] {dag.py:3834} INFO - Setting next_dagrun for example_dag_decorator to None, run_after=None
[2024-03-28T17:24:52.516+0000] {processor.py:183} INFO - Processing /home/airflow/.local/lib/python3.8/site-packages/airflow/example_dags/example_dag_decorator.py took 1.226 seconds
[2024-03-28T17:25:29.294+0000] {processor.py:161} INFO - Started process (PID=1646) to work on /home/airflow/.local/lib/python3.8/site-packages/airflow/example_dags/example_dag_decorator.py
[2024-03-28T17:25:29.302+0000] {processor.py:830} INFO - Processing file /home/airflow/.local/lib/python3.8/site-packages/airflow/example_dags/example_dag_decorator.py for tasks to queue
[2024-03-28T17:25:29.315+0000] {logging_mixin.py:188} INFO - [2024-03-28T17:25:29.313+0000] {dagbag.py:540} INFO - Filling up the DagBag from /home/airflow/.local/lib/python3.8/site-packages/airflow/example_dags/example_dag_decorator.py
[2024-03-28T17:25:29.696+0000] {processor.py:840} INFO - DAG(s) 'example_dag_decorator' retrieved from /home/airflow/.local/lib/python3.8/site-packages/airflow/example_dags/example_dag_decorator.py
[2024-03-28T17:25:30.238+0000] {logging_mixin.py:188} INFO - [2024-03-28T17:25:30.237+0000] {dag.py:3047} INFO - Sync 1 DAGs
[2024-03-28T17:25:30.274+0000] {logging_mixin.py:188} INFO - [2024-03-28T17:25:30.274+0000] {dag.py:3834} INFO - Setting next_dagrun for example_dag_decorator to None, run_after=None
[2024-03-28T17:25:30.342+0000] {processor.py:183} INFO - Processing /home/airflow/.local/lib/python3.8/site-packages/airflow/example_dags/example_dag_decorator.py took 1.059 seconds
[2024-03-28T17:26:07.378+0000] {processor.py:161} INFO - Started process (PID=1706) to work on /home/airflow/.local/lib/python3.8/site-packages/airflow/example_dags/example_dag_decorator.py
[2024-03-28T17:26:07.391+0000] {processor.py:830} INFO - Processing file /home/airflow/.local/lib/python3.8/site-packages/airflow/example_dags/example_dag_decorator.py for tasks to queue
[2024-03-28T17:26:07.408+0000] {logging_mixin.py:188} INFO - [2024-03-28T17:26:07.399+0000] {dagbag.py:540} INFO - Filling up the DagBag from /home/airflow/.local/lib/python3.8/site-packages/airflow/example_dags/example_dag_decorator.py
[2024-03-28T17:26:08.061+0000] {processor.py:840} INFO - DAG(s) 'example_dag_decorator' retrieved from /home/airflow/.local/lib/python3.8/site-packages/airflow/example_dags/example_dag_decorator.py
[2024-03-28T17:26:08.418+0000] {logging_mixin.py:188} INFO - [2024-03-28T17:26:08.417+0000] {dag.py:3047} INFO - Sync 1 DAGs
[2024-03-28T17:26:08.464+0000] {logging_mixin.py:188} INFO - [2024-03-28T17:26:08.464+0000] {dag.py:3834} INFO - Setting next_dagrun for example_dag_decorator to None, run_after=None
[2024-03-28T17:26:08.553+0000] {processor.py:183} INFO - Processing /home/airflow/.local/lib/python3.8/site-packages/airflow/example_dags/example_dag_decorator.py took 1.196 seconds
[2024-03-28T17:26:46.157+0000] {processor.py:161} INFO - Started process (PID=1768) to work on /home/airflow/.local/lib/python3.8/site-packages/airflow/example_dags/example_dag_decorator.py
[2024-03-28T17:26:46.169+0000] {processor.py:830} INFO - Processing file /home/airflow/.local/lib/python3.8/site-packages/airflow/example_dags/example_dag_decorator.py for tasks to queue
[2024-03-28T17:26:46.217+0000] {logging_mixin.py:188} INFO - [2024-03-28T17:26:46.216+0000] {dagbag.py:540} INFO - Filling up the DagBag from /home/airflow/.local/lib/python3.8/site-packages/airflow/example_dags/example_dag_decorator.py
[2024-03-28T17:26:47.977+0000] {processor.py:840} INFO - DAG(s) 'example_dag_decorator' retrieved from /home/airflow/.local/lib/python3.8/site-packages/airflow/example_dags/example_dag_decorator.py
[2024-03-28T17:26:48.974+0000] {logging_mixin.py:188} INFO - [2024-03-28T17:26:48.973+0000] {dag.py:3047} INFO - Sync 1 DAGs
[2024-03-28T17:26:49.040+0000] {logging_mixin.py:188} INFO - [2024-03-28T17:26:49.040+0000] {dag.py:3834} INFO - Setting next_dagrun for example_dag_decorator to None, run_after=None
[2024-03-28T17:26:49.132+0000] {processor.py:183} INFO - Processing /home/airflow/.local/lib/python3.8/site-packages/airflow/example_dags/example_dag_decorator.py took 3.026 seconds
[2024-03-28T17:27:19.923+0000] {processor.py:161} INFO - Started process (PID=1827) to work on /home/airflow/.local/lib/python3.8/site-packages/airflow/example_dags/example_dag_decorator.py
[2024-03-28T17:27:19.930+0000] {processor.py:830} INFO - Processing file /home/airflow/.local/lib/python3.8/site-packages/airflow/example_dags/example_dag_decorator.py for tasks to queue
[2024-03-28T17:27:19.986+0000] {logging_mixin.py:188} INFO - [2024-03-28T17:27:19.970+0000] {dagbag.py:540} INFO - Filling up the DagBag from /home/airflow/.local/lib/python3.8/site-packages/airflow/example_dags/example_dag_decorator.py
[2024-03-28T17:27:21.772+0000] {processor.py:840} INFO - DAG(s) 'example_dag_decorator' retrieved from /home/airflow/.local/lib/python3.8/site-packages/airflow/example_dags/example_dag_decorator.py
[2024-03-28T17:27:23.735+0000] {logging_mixin.py:188} INFO - [2024-03-28T17:27:23.733+0000] {dag.py:3047} INFO - Sync 1 DAGs
[2024-03-28T17:27:24.288+0000] {logging_mixin.py:188} INFO - [2024-03-28T17:27:24.287+0000] {dag.py:3834} INFO - Setting next_dagrun for example_dag_decorator to None, run_after=None
[2024-03-28T17:27:24.961+0000] {processor.py:183} INFO - Processing /home/airflow/.local/lib/python3.8/site-packages/airflow/example_dags/example_dag_decorator.py took 5.078 seconds
[2024-03-28T17:27:56.244+0000] {processor.py:161} INFO - Started process (PID=1884) to work on /home/airflow/.local/lib/python3.8/site-packages/airflow/example_dags/example_dag_decorator.py
[2024-03-28T17:27:56.255+0000] {processor.py:830} INFO - Processing file /home/airflow/.local/lib/python3.8/site-packages/airflow/example_dags/example_dag_decorator.py for tasks to queue
[2024-03-28T17:27:56.285+0000] {logging_mixin.py:188} INFO - [2024-03-28T17:27:56.283+0000] {dagbag.py:540} INFO - Filling up the DagBag from /home/airflow/.local/lib/python3.8/site-packages/airflow/example_dags/example_dag_decorator.py
[2024-03-28T17:27:57.744+0000] {processor.py:840} INFO - DAG(s) 'example_dag_decorator' retrieved from /home/airflow/.local/lib/python3.8/site-packages/airflow/example_dags/example_dag_decorator.py
[2024-03-28T17:27:59.437+0000] {logging_mixin.py:188} INFO - [2024-03-28T17:27:59.436+0000] {dag.py:3047} INFO - Sync 1 DAGs
[2024-03-28T17:27:59.704+0000] {logging_mixin.py:188} INFO - [2024-03-28T17:27:59.703+0000] {dag.py:3834} INFO - Setting next_dagrun for example_dag_decorator to None, run_after=None
[2024-03-28T17:28:01.491+0000] {processor.py:183} INFO - Processing /home/airflow/.local/lib/python3.8/site-packages/airflow/example_dags/example_dag_decorator.py took 5.324 seconds
[2024-03-28T17:28:31.924+0000] {processor.py:161} INFO - Started process (PID=1942) to work on /home/airflow/.local/lib/python3.8/site-packages/airflow/example_dags/example_dag_decorator.py
[2024-03-28T17:28:31.929+0000] {processor.py:830} INFO - Processing file /home/airflow/.local/lib/python3.8/site-packages/airflow/example_dags/example_dag_decorator.py for tasks to queue
[2024-03-28T17:28:31.949+0000] {logging_mixin.py:188} INFO - [2024-03-28T17:28:31.948+0000] {dagbag.py:540} INFO - Filling up the DagBag from /home/airflow/.local/lib/python3.8/site-packages/airflow/example_dags/example_dag_decorator.py
[2024-03-28T17:28:32.776+0000] {processor.py:840} INFO - DAG(s) 'example_dag_decorator' retrieved from /home/airflow/.local/lib/python3.8/site-packages/airflow/example_dags/example_dag_decorator.py
[2024-03-28T17:28:34.487+0000] {logging_mixin.py:188} INFO - [2024-03-28T17:28:34.486+0000] {dag.py:3047} INFO - Sync 1 DAGs
[2024-03-28T17:28:34.543+0000] {logging_mixin.py:188} INFO - [2024-03-28T17:28:34.542+0000] {dag.py:3834} INFO - Setting next_dagrun for example_dag_decorator to None, run_after=None
[2024-03-28T17:28:34.649+0000] {processor.py:183} INFO - Processing /home/airflow/.local/lib/python3.8/site-packages/airflow/example_dags/example_dag_decorator.py took 2.735 seconds
[2024-03-28T17:29:05.117+0000] {processor.py:161} INFO - Started process (PID=1998) to work on /home/airflow/.local/lib/python3.8/site-packages/airflow/example_dags/example_dag_decorator.py
[2024-03-28T17:29:05.124+0000] {processor.py:830} INFO - Processing file /home/airflow/.local/lib/python3.8/site-packages/airflow/example_dags/example_dag_decorator.py for tasks to queue
[2024-03-28T17:29:05.135+0000] {logging_mixin.py:188} INFO - [2024-03-28T17:29:05.134+0000] {dagbag.py:540} INFO - Filling up the DagBag from /home/airflow/.local/lib/python3.8/site-packages/airflow/example_dags/example_dag_decorator.py
[2024-03-28T17:29:05.781+0000] {processor.py:840} INFO - DAG(s) 'example_dag_decorator' retrieved from /home/airflow/.local/lib/python3.8/site-packages/airflow/example_dags/example_dag_decorator.py
[2024-03-28T17:29:06.203+0000] {logging_mixin.py:188} INFO - [2024-03-28T17:29:06.202+0000] {dag.py:3047} INFO - Sync 1 DAGs
[2024-03-28T17:29:06.235+0000] {logging_mixin.py:188} INFO - [2024-03-28T17:29:06.234+0000] {dag.py:3834} INFO - Setting next_dagrun for example_dag_decorator to None, run_after=None
[2024-03-28T17:29:06.324+0000] {processor.py:183} INFO - Processing /home/airflow/.local/lib/python3.8/site-packages/airflow/example_dags/example_dag_decorator.py took 1.223 seconds
[2024-03-28T17:29:36.511+0000] {processor.py:161} INFO - Started process (PID=2053) to work on /home/airflow/.local/lib/python3.8/site-packages/airflow/example_dags/example_dag_decorator.py
[2024-03-28T17:29:36.517+0000] {processor.py:830} INFO - Processing file /home/airflow/.local/lib/python3.8/site-packages/airflow/example_dags/example_dag_decorator.py for tasks to queue
[2024-03-28T17:29:36.524+0000] {logging_mixin.py:188} INFO - [2024-03-28T17:29:36.523+0000] {dagbag.py:540} INFO - Filling up the DagBag from /home/airflow/.local/lib/python3.8/site-packages/airflow/example_dags/example_dag_decorator.py
[2024-03-28T17:29:36.901+0000] {processor.py:840} INFO - DAG(s) 'example_dag_decorator' retrieved from /home/airflow/.local/lib/python3.8/site-packages/airflow/example_dags/example_dag_decorator.py
[2024-03-28T17:29:37.016+0000] {logging_mixin.py:188} INFO - [2024-03-28T17:29:37.015+0000] {dag.py:3047} INFO - Sync 1 DAGs
[2024-03-28T17:29:37.058+0000] {logging_mixin.py:188} INFO - [2024-03-28T17:29:37.058+0000] {dag.py:3834} INFO - Setting next_dagrun for example_dag_decorator to None, run_after=None
[2024-03-28T17:29:37.120+0000] {processor.py:183} INFO - Processing /home/airflow/.local/lib/python3.8/site-packages/airflow/example_dags/example_dag_decorator.py took 0.620 seconds
[2024-03-28T17:30:07.874+0000] {processor.py:161} INFO - Started process (PID=2108) to work on /home/airflow/.local/lib/python3.8/site-packages/airflow/example_dags/example_dag_decorator.py
[2024-03-28T17:30:07.880+0000] {processor.py:830} INFO - Processing file /home/airflow/.local/lib/python3.8/site-packages/airflow/example_dags/example_dag_decorator.py for tasks to queue
[2024-03-28T17:30:07.892+0000] {logging_mixin.py:188} INFO - [2024-03-28T17:30:07.890+0000] {dagbag.py:540} INFO - Filling up the DagBag from /home/airflow/.local/lib/python3.8/site-packages/airflow/example_dags/example_dag_decorator.py
[2024-03-28T17:30:08.156+0000] {processor.py:840} INFO - DAG(s) 'example_dag_decorator' retrieved from /home/airflow/.local/lib/python3.8/site-packages/airflow/example_dags/example_dag_decorator.py
[2024-03-28T17:30:08.834+0000] {logging_mixin.py:188} INFO - [2024-03-28T17:30:08.834+0000] {dag.py:3047} INFO - Sync 1 DAGs
[2024-03-28T17:30:08.875+0000] {logging_mixin.py:188} INFO - [2024-03-28T17:30:08.874+0000] {dag.py:3834} INFO - Setting next_dagrun for example_dag_decorator to None, run_after=None
[2024-03-28T17:30:08.960+0000] {processor.py:183} INFO - Processing /home/airflow/.local/lib/python3.8/site-packages/airflow/example_dags/example_dag_decorator.py took 1.105 seconds
[2024-03-28T17:30:58.300+0000] {processor.py:161} INFO - Started process (PID=2180) to work on /home/airflow/.local/lib/python3.8/site-packages/airflow/example_dags/example_dag_decorator.py
[2024-03-28T17:30:58.311+0000] {processor.py:830} INFO - Processing file /home/airflow/.local/lib/python3.8/site-packages/airflow/example_dags/example_dag_decorator.py for tasks to queue
[2024-03-28T17:30:58.347+0000] {logging_mixin.py:188} INFO - [2024-03-28T17:30:58.319+0000] {dagbag.py:540} INFO - Filling up the DagBag from /home/airflow/.local/lib/python3.8/site-packages/airflow/example_dags/example_dag_decorator.py
[2024-03-28T17:30:59.167+0000] {processor.py:840} INFO - DAG(s) 'example_dag_decorator' retrieved from /home/airflow/.local/lib/python3.8/site-packages/airflow/example_dags/example_dag_decorator.py
[2024-03-28T17:30:59.431+0000] {logging_mixin.py:188} INFO - [2024-03-28T17:30:59.431+0000] {dag.py:3047} INFO - Sync 1 DAGs
[2024-03-28T17:30:59.462+0000] {logging_mixin.py:188} INFO - [2024-03-28T17:30:59.462+0000] {dag.py:3834} INFO - Setting next_dagrun for example_dag_decorator to None, run_after=None
[2024-03-28T17:30:59.527+0000] {processor.py:183} INFO - Processing /home/airflow/.local/lib/python3.8/site-packages/airflow/example_dags/example_dag_decorator.py took 1.264 seconds
[2024-03-28T17:31:32.110+0000] {processor.py:161} INFO - Started process (PID=2236) to work on /home/airflow/.local/lib/python3.8/site-packages/airflow/example_dags/example_dag_decorator.py
[2024-03-28T17:31:32.114+0000] {processor.py:830} INFO - Processing file /home/airflow/.local/lib/python3.8/site-packages/airflow/example_dags/example_dag_decorator.py for tasks to queue
[2024-03-28T17:31:32.123+0000] {logging_mixin.py:188} INFO - [2024-03-28T17:31:32.122+0000] {dagbag.py:540} INFO - Filling up the DagBag from /home/airflow/.local/lib/python3.8/site-packages/airflow/example_dags/example_dag_decorator.py
[2024-03-28T17:31:32.426+0000] {processor.py:840} INFO - DAG(s) 'example_dag_decorator' retrieved from /home/airflow/.local/lib/python3.8/site-packages/airflow/example_dags/example_dag_decorator.py
[2024-03-28T17:31:33.001+0000] {logging_mixin.py:188} INFO - [2024-03-28T17:31:33.001+0000] {dag.py:3047} INFO - Sync 1 DAGs
[2024-03-28T17:31:33.029+0000] {logging_mixin.py:188} INFO - [2024-03-28T17:31:33.029+0000] {dag.py:3834} INFO - Setting next_dagrun for example_dag_decorator to None, run_after=None
[2024-03-28T17:31:33.081+0000] {processor.py:183} INFO - Processing /home/airflow/.local/lib/python3.8/site-packages/airflow/example_dags/example_dag_decorator.py took 0.984 seconds
[2024-03-28T17:32:16.184+0000] {processor.py:161} INFO - Started process (PID=2305) to work on /home/airflow/.local/lib/python3.8/site-packages/airflow/example_dags/example_dag_decorator.py
[2024-03-28T17:32:16.193+0000] {processor.py:830} INFO - Processing file /home/airflow/.local/lib/python3.8/site-packages/airflow/example_dags/example_dag_decorator.py for tasks to queue
[2024-03-28T17:32:16.240+0000] {logging_mixin.py:188} INFO - [2024-03-28T17:32:16.229+0000] {dagbag.py:540} INFO - Filling up the DagBag from /home/airflow/.local/lib/python3.8/site-packages/airflow/example_dags/example_dag_decorator.py
[2024-03-28T17:32:16.712+0000] {processor.py:840} INFO - DAG(s) 'example_dag_decorator' retrieved from /home/airflow/.local/lib/python3.8/site-packages/airflow/example_dags/example_dag_decorator.py
[2024-03-28T17:32:18.003+0000] {logging_mixin.py:188} INFO - [2024-03-28T17:32:18.003+0000] {dag.py:3047} INFO - Sync 1 DAGs
[2024-03-28T17:32:18.028+0000] {logging_mixin.py:188} INFO - [2024-03-28T17:32:18.027+0000] {dag.py:3834} INFO - Setting next_dagrun for example_dag_decorator to None, run_after=None
[2024-03-28T17:32:18.071+0000] {processor.py:183} INFO - Processing /home/airflow/.local/lib/python3.8/site-packages/airflow/example_dags/example_dag_decorator.py took 1.903 seconds
[2024-03-28T17:32:57.566+0000] {processor.py:161} INFO - Started process (PID=2375) to work on /home/airflow/.local/lib/python3.8/site-packages/airflow/example_dags/example_dag_decorator.py
[2024-03-28T17:32:57.572+0000] {processor.py:830} INFO - Processing file /home/airflow/.local/lib/python3.8/site-packages/airflow/example_dags/example_dag_decorator.py for tasks to queue
[2024-03-28T17:32:57.582+0000] {logging_mixin.py:188} INFO - [2024-03-28T17:32:57.580+0000] {dagbag.py:540} INFO - Filling up the DagBag from /home/airflow/.local/lib/python3.8/site-packages/airflow/example_dags/example_dag_decorator.py
[2024-03-28T17:32:57.809+0000] {processor.py:840} INFO - DAG(s) 'example_dag_decorator' retrieved from /home/airflow/.local/lib/python3.8/site-packages/airflow/example_dags/example_dag_decorator.py
[2024-03-28T17:32:58.426+0000] {logging_mixin.py:188} INFO - [2024-03-28T17:32:58.425+0000] {dag.py:3047} INFO - Sync 1 DAGs
[2024-03-28T17:32:58.472+0000] {logging_mixin.py:188} INFO - [2024-03-28T17:32:58.469+0000] {dag.py:3834} INFO - Setting next_dagrun for example_dag_decorator to None, run_after=None
[2024-03-28T17:32:58.673+0000] {processor.py:183} INFO - Processing /home/airflow/.local/lib/python3.8/site-packages/airflow/example_dags/example_dag_decorator.py took 1.117 seconds
