[2024-03-28T16:31:42.125+0000] {processor.py:161} INFO - Started process (PID=129) to work on /home/airflow/.local/lib/python3.8/site-packages/airflow/example_dags/example_bash_operator.py
[2024-03-28T16:31:42.184+0000] {processor.py:830} INFO - Processing file /home/airflow/.local/lib/python3.8/site-packages/airflow/example_dags/example_bash_operator.py for tasks to queue
[2024-03-28T16:31:42.277+0000] {logging_mixin.py:188} INFO - [2024-03-28T16:31:42.275+0000] {dagbag.py:540} INFO - Filling up the DagBag from /home/airflow/.local/lib/python3.8/site-packages/airflow/example_dags/example_bash_operator.py
[2024-03-28T16:31:43.123+0000] {processor.py:840} INFO - DAG(s) 'example_bash_operator' retrieved from /home/airflow/.local/lib/python3.8/site-packages/airflow/example_dags/example_bash_operator.py
[2024-03-28T16:31:50.813+0000] {logging_mixin.py:188} INFO - [2024-03-28T16:31:50.758+0000] {override.py:1769} INFO - Created Permission View: can edit on DAG:example_bash_operator
[2024-03-28T16:31:51.193+0000] {logging_mixin.py:188} INFO - [2024-03-28T16:31:51.192+0000] {override.py:1769} INFO - Created Permission View: can read on DAG:example_bash_operator
[2024-03-28T16:31:51.457+0000] {logging_mixin.py:188} INFO - [2024-03-28T16:31:51.454+0000] {override.py:1769} INFO - Created Permission View: can delete on DAG:example_bash_operator
[2024-03-28T16:31:51.471+0000] {logging_mixin.py:188} INFO - [2024-03-28T16:31:51.469+0000] {dag.py:3047} INFO - Sync 1 DAGs
[2024-03-28T16:31:52.182+0000] {logging_mixin.py:188} INFO - [2024-03-28T16:31:52.142+0000] {dag.py:3069} INFO - Creating ORM DAG for example_bash_operator
[2024-03-28T16:31:52.568+0000] {logging_mixin.py:188} INFO - [2024-03-28T16:31:52.557+0000] {dag.py:3834} INFO - Setting next_dagrun for example_bash_operator to 2024-03-27 00:00:00+00:00, run_after=2024-03-28 00:00:00+00:00
[2024-03-28T16:31:53.167+0000] {processor.py:183} INFO - Processing /home/airflow/.local/lib/python3.8/site-packages/airflow/example_dags/example_bash_operator.py took 11.246 seconds
[2024-03-28T16:35:46.497+0000] {processor.py:161} INFO - Started process (PID=218) to work on /home/airflow/.local/lib/python3.8/site-packages/airflow/example_dags/example_bash_operator.py
[2024-03-28T16:35:46.540+0000] {processor.py:830} INFO - Processing file /home/airflow/.local/lib/python3.8/site-packages/airflow/example_dags/example_bash_operator.py for tasks to queue
[2024-03-28T16:35:46.672+0000] {logging_mixin.py:188} INFO - [2024-03-28T16:35:46.596+0000] {dagbag.py:540} INFO - Filling up the DagBag from /home/airflow/.local/lib/python3.8/site-packages/airflow/example_dags/example_bash_operator.py
[2024-03-28T16:35:47.464+0000] {processor.py:840} INFO - DAG(s) 'example_bash_operator' retrieved from /home/airflow/.local/lib/python3.8/site-packages/airflow/example_dags/example_bash_operator.py
[2024-03-28T16:35:51.476+0000] {logging_mixin.py:188} INFO - [2024-03-28T16:35:51.475+0000] {dag.py:3047} INFO - Sync 1 DAGs
[2024-03-28T16:35:55.366+0000] {logging_mixin.py:188} INFO - [2024-03-28T16:35:55.352+0000] {dag.py:3834} INFO - Setting next_dagrun for example_bash_operator to 2024-03-27 00:00:00+00:00, run_after=2024-03-28 00:00:00+00:00
[2024-03-28T16:35:56.600+0000] {processor.py:183} INFO - Processing /home/airflow/.local/lib/python3.8/site-packages/airflow/example_dags/example_bash_operator.py took 10.321 seconds
[2024-03-28T16:38:14.119+0000] {processor.py:161} INFO - Started process (PID=292) to work on /home/airflow/.local/lib/python3.8/site-packages/airflow/example_dags/example_bash_operator.py
[2024-03-28T16:38:14.221+0000] {processor.py:830} INFO - Processing file /home/airflow/.local/lib/python3.8/site-packages/airflow/example_dags/example_bash_operator.py for tasks to queue
[2024-03-28T16:38:14.319+0000] {logging_mixin.py:188} INFO - [2024-03-28T16:38:14.318+0000] {dagbag.py:540} INFO - Filling up the DagBag from /home/airflow/.local/lib/python3.8/site-packages/airflow/example_dags/example_bash_operator.py
[2024-03-28T16:38:15.301+0000] {processor.py:840} INFO - DAG(s) 'example_bash_operator' retrieved from /home/airflow/.local/lib/python3.8/site-packages/airflow/example_dags/example_bash_operator.py
[2024-03-28T16:38:16.663+0000] {logging_mixin.py:188} INFO - [2024-03-28T16:38:16.663+0000] {dag.py:3047} INFO - Sync 1 DAGs
[2024-03-28T16:38:17.712+0000] {logging_mixin.py:188} INFO - [2024-03-28T16:38:17.711+0000] {dag.py:3834} INFO - Setting next_dagrun for example_bash_operator to 2024-03-27 00:00:00+00:00, run_after=2024-03-28 00:00:00+00:00
[2024-03-28T16:38:18.269+0000] {processor.py:183} INFO - Processing /home/airflow/.local/lib/python3.8/site-packages/airflow/example_dags/example_bash_operator.py took 4.287 seconds
[2024-03-28T16:40:47.240+0000] {processor.py:161} INFO - Started process (PID=354) to work on /home/airflow/.local/lib/python3.8/site-packages/airflow/example_dags/example_bash_operator.py
[2024-03-28T16:40:47.266+0000] {processor.py:830} INFO - Processing file /home/airflow/.local/lib/python3.8/site-packages/airflow/example_dags/example_bash_operator.py for tasks to queue
[2024-03-28T16:40:47.386+0000] {logging_mixin.py:188} INFO - [2024-03-28T16:40:47.383+0000] {dagbag.py:540} INFO - Filling up the DagBag from /home/airflow/.local/lib/python3.8/site-packages/airflow/example_dags/example_bash_operator.py
[2024-03-28T16:40:47.473+0000] {processor.py:840} INFO - DAG(s) 'example_bash_operator' retrieved from /home/airflow/.local/lib/python3.8/site-packages/airflow/example_dags/example_bash_operator.py
[2024-03-28T16:40:50.503+0000] {logging_mixin.py:188} INFO - [2024-03-28T16:40:50.379+0000] {dag.py:3047} INFO - Sync 1 DAGs
[2024-03-28T16:40:55.161+0000] {logging_mixin.py:188} INFO - [2024-03-28T16:40:55.159+0000] {dag.py:3834} INFO - Setting next_dagrun for example_bash_operator to 2024-03-27 00:00:00+00:00, run_after=2024-03-28 00:00:00+00:00
[2024-03-28T16:40:58.556+0000] {processor.py:183} INFO - Processing /home/airflow/.local/lib/python3.8/site-packages/airflow/example_dags/example_bash_operator.py took 11.345 seconds
[2024-03-28T16:43:59.878+0000] {processor.py:161} INFO - Started process (PID=432) to work on /home/airflow/.local/lib/python3.8/site-packages/airflow/example_dags/example_bash_operator.py
[2024-03-28T16:43:59.945+0000] {processor.py:830} INFO - Processing file /home/airflow/.local/lib/python3.8/site-packages/airflow/example_dags/example_bash_operator.py for tasks to queue
[2024-03-28T16:44:00.078+0000] {logging_mixin.py:188} INFO - [2024-03-28T16:44:00.066+0000] {dagbag.py:540} INFO - Filling up the DagBag from /home/airflow/.local/lib/python3.8/site-packages/airflow/example_dags/example_bash_operator.py
[2024-03-28T16:44:01.551+0000] {processor.py:840} INFO - DAG(s) 'example_bash_operator' retrieved from /home/airflow/.local/lib/python3.8/site-packages/airflow/example_dags/example_bash_operator.py
[2024-03-28T16:44:07.314+0000] {logging_mixin.py:188} INFO - [2024-03-28T16:44:07.303+0000] {dag.py:3047} INFO - Sync 1 DAGs
[2024-03-28T16:44:08.979+0000] {logging_mixin.py:188} INFO - [2024-03-28T16:44:08.979+0000] {dag.py:3834} INFO - Setting next_dagrun for example_bash_operator to 2024-03-27 00:00:00+00:00, run_after=2024-03-28 00:00:00+00:00
[2024-03-28T16:44:09.965+0000] {processor.py:183} INFO - Processing /home/airflow/.local/lib/python3.8/site-packages/airflow/example_dags/example_bash_operator.py took 10.343 seconds
[2024-03-28T17:05:53.960+0000] {processor.py:161} INFO - Started process (PID=58) to work on /home/airflow/.local/lib/python3.8/site-packages/airflow/example_dags/example_bash_operator.py
[2024-03-28T17:05:53.979+0000] {processor.py:830} INFO - Processing file /home/airflow/.local/lib/python3.8/site-packages/airflow/example_dags/example_bash_operator.py for tasks to queue
[2024-03-28T17:05:54.029+0000] {logging_mixin.py:188} INFO - [2024-03-28T17:05:54.017+0000] {dagbag.py:540} INFO - Filling up the DagBag from /home/airflow/.local/lib/python3.8/site-packages/airflow/example_dags/example_bash_operator.py
[2024-03-28T17:05:54.177+0000] {processor.py:840} INFO - DAG(s) 'example_bash_operator' retrieved from /home/airflow/.local/lib/python3.8/site-packages/airflow/example_dags/example_bash_operator.py
[2024-03-28T17:05:56.300+0000] {logging_mixin.py:188} INFO - [2024-03-28T17:05:56.299+0000] {dag.py:3047} INFO - Sync 1 DAGs
[2024-03-28T17:05:56.549+0000] {logging_mixin.py:188} INFO - [2024-03-28T17:05:56.548+0000] {dag.py:3834} INFO - Setting next_dagrun for example_bash_operator to 2024-03-27 00:00:00+00:00, run_after=2024-03-28 00:00:00+00:00
[2024-03-28T17:05:56.783+0000] {processor.py:183} INFO - Processing /home/airflow/.local/lib/python3.8/site-packages/airflow/example_dags/example_bash_operator.py took 2.910 seconds
[2024-03-28T17:07:25.416+0000] {processor.py:161} INFO - Started process (PID=125) to work on /home/airflow/.local/lib/python3.8/site-packages/airflow/example_dags/example_bash_operator.py
[2024-03-28T17:07:25.434+0000] {processor.py:830} INFO - Processing file /home/airflow/.local/lib/python3.8/site-packages/airflow/example_dags/example_bash_operator.py for tasks to queue
[2024-03-28T17:07:25.460+0000] {logging_mixin.py:188} INFO - [2024-03-28T17:07:25.458+0000] {dagbag.py:540} INFO - Filling up the DagBag from /home/airflow/.local/lib/python3.8/site-packages/airflow/example_dags/example_bash_operator.py
[2024-03-28T17:07:25.620+0000] {processor.py:840} INFO - DAG(s) 'example_bash_operator' retrieved from /home/airflow/.local/lib/python3.8/site-packages/airflow/example_dags/example_bash_operator.py
[2024-03-28T17:07:26.102+0000] {logging_mixin.py:188} INFO - [2024-03-28T17:07:26.102+0000] {dag.py:3047} INFO - Sync 1 DAGs
[2024-03-28T17:07:26.909+0000] {logging_mixin.py:188} INFO - [2024-03-28T17:07:26.908+0000] {dag.py:3834} INFO - Setting next_dagrun for example_bash_operator to 2024-03-27 00:00:00+00:00, run_after=2024-03-28 00:00:00+00:00
[2024-03-28T17:07:27.132+0000] {processor.py:183} INFO - Processing /home/airflow/.local/lib/python3.8/site-packages/airflow/example_dags/example_bash_operator.py took 1.786 seconds
[2024-03-28T17:08:12.078+0000] {processor.py:161} INFO - Started process (PID=186) to work on /home/airflow/.local/lib/python3.8/site-packages/airflow/example_dags/example_bash_operator.py
[2024-03-28T17:08:12.327+0000] {processor.py:830} INFO - Processing file /home/airflow/.local/lib/python3.8/site-packages/airflow/example_dags/example_bash_operator.py for tasks to queue
[2024-03-28T17:08:12.503+0000] {logging_mixin.py:188} INFO - [2024-03-28T17:08:12.494+0000] {dagbag.py:540} INFO - Filling up the DagBag from /home/airflow/.local/lib/python3.8/site-packages/airflow/example_dags/example_bash_operator.py
[2024-03-28T17:08:12.750+0000] {processor.py:840} INFO - DAG(s) 'example_bash_operator' retrieved from /home/airflow/.local/lib/python3.8/site-packages/airflow/example_dags/example_bash_operator.py
[2024-03-28T17:08:13.904+0000] {logging_mixin.py:188} INFO - [2024-03-28T17:08:13.903+0000] {dag.py:3047} INFO - Sync 1 DAGs
[2024-03-28T17:08:15.305+0000] {logging_mixin.py:188} INFO - [2024-03-28T17:08:15.304+0000] {dag.py:3834} INFO - Setting next_dagrun for example_bash_operator to 2024-03-27 00:00:00+00:00, run_after=2024-03-28 00:00:00+00:00
[2024-03-28T17:08:15.791+0000] {processor.py:183} INFO - Processing /home/airflow/.local/lib/python3.8/site-packages/airflow/example_dags/example_bash_operator.py took 4.120 seconds
[2024-03-28T17:09:00.253+0000] {processor.py:161} INFO - Started process (PID=241) to work on /home/airflow/.local/lib/python3.8/site-packages/airflow/example_dags/example_bash_operator.py
[2024-03-28T17:09:00.432+0000] {processor.py:830} INFO - Processing file /home/airflow/.local/lib/python3.8/site-packages/airflow/example_dags/example_bash_operator.py for tasks to queue
[2024-03-28T17:09:00.440+0000] {logging_mixin.py:188} INFO - [2024-03-28T17:09:00.439+0000] {dagbag.py:540} INFO - Filling up the DagBag from /home/airflow/.local/lib/python3.8/site-packages/airflow/example_dags/example_bash_operator.py
[2024-03-28T17:09:00.621+0000] {processor.py:840} INFO - DAG(s) 'example_bash_operator' retrieved from /home/airflow/.local/lib/python3.8/site-packages/airflow/example_dags/example_bash_operator.py
[2024-03-28T17:09:01.566+0000] {logging_mixin.py:188} INFO - [2024-03-28T17:09:01.565+0000] {dag.py:3047} INFO - Sync 1 DAGs
[2024-03-28T17:09:03.710+0000] {logging_mixin.py:188} INFO - [2024-03-28T17:09:03.703+0000] {dag.py:3834} INFO - Setting next_dagrun for example_bash_operator to 2024-03-27 00:00:00+00:00, run_after=2024-03-28 00:00:00+00:00
[2024-03-28T17:09:04.142+0000] {processor.py:183} INFO - Processing /home/airflow/.local/lib/python3.8/site-packages/airflow/example_dags/example_bash_operator.py took 4.004 seconds
[2024-03-28T17:10:25.234+0000] {processor.py:161} INFO - Started process (PID=296) to work on /home/airflow/.local/lib/python3.8/site-packages/airflow/example_dags/example_bash_operator.py
[2024-03-28T17:10:25.292+0000] {processor.py:830} INFO - Processing file /home/airflow/.local/lib/python3.8/site-packages/airflow/example_dags/example_bash_operator.py for tasks to queue
[2024-03-28T17:10:25.310+0000] {logging_mixin.py:188} INFO - [2024-03-28T17:10:25.309+0000] {dagbag.py:540} INFO - Filling up the DagBag from /home/airflow/.local/lib/python3.8/site-packages/airflow/example_dags/example_bash_operator.py
[2024-03-28T17:10:26.366+0000] {processor.py:840} INFO - DAG(s) 'example_bash_operator' retrieved from /home/airflow/.local/lib/python3.8/site-packages/airflow/example_dags/example_bash_operator.py
[2024-03-28T17:10:27.312+0000] {logging_mixin.py:188} INFO - [2024-03-28T17:10:27.311+0000] {dag.py:3047} INFO - Sync 1 DAGs
[2024-03-28T17:10:28.000+0000] {logging_mixin.py:188} INFO - [2024-03-28T17:10:28.000+0000] {dag.py:3834} INFO - Setting next_dagrun for example_bash_operator to 2024-03-27 00:00:00+00:00, run_after=2024-03-28 00:00:00+00:00
[2024-03-28T17:10:28.141+0000] {processor.py:183} INFO - Processing /home/airflow/.local/lib/python3.8/site-packages/airflow/example_dags/example_bash_operator.py took 2.939 seconds
[2024-03-28T17:11:14.892+0000] {processor.py:161} INFO - Started process (PID=352) to work on /home/airflow/.local/lib/python3.8/site-packages/airflow/example_dags/example_bash_operator.py
[2024-03-28T17:11:14.920+0000] {processor.py:830} INFO - Processing file /home/airflow/.local/lib/python3.8/site-packages/airflow/example_dags/example_bash_operator.py for tasks to queue
[2024-03-28T17:11:14.952+0000] {logging_mixin.py:188} INFO - [2024-03-28T17:11:14.943+0000] {dagbag.py:540} INFO - Filling up the DagBag from /home/airflow/.local/lib/python3.8/site-packages/airflow/example_dags/example_bash_operator.py
[2024-03-28T17:11:15.215+0000] {processor.py:840} INFO - DAG(s) 'example_bash_operator' retrieved from /home/airflow/.local/lib/python3.8/site-packages/airflow/example_dags/example_bash_operator.py
[2024-03-28T17:11:15.466+0000] {logging_mixin.py:188} INFO - [2024-03-28T17:11:15.465+0000] {dag.py:3047} INFO - Sync 1 DAGs
[2024-03-28T17:11:15.649+0000] {logging_mixin.py:188} INFO - [2024-03-28T17:11:15.649+0000] {dag.py:3834} INFO - Setting next_dagrun for example_bash_operator to 2024-03-27 00:00:00+00:00, run_after=2024-03-28 00:00:00+00:00
[2024-03-28T17:11:15.840+0000] {processor.py:183} INFO - Processing /home/airflow/.local/lib/python3.8/site-packages/airflow/example_dags/example_bash_operator.py took 0.986 seconds
[2024-03-28T17:12:13.665+0000] {processor.py:161} INFO - Started process (PID=415) to work on /home/airflow/.local/lib/python3.8/site-packages/airflow/example_dags/example_bash_operator.py
[2024-03-28T17:12:13.674+0000] {processor.py:830} INFO - Processing file /home/airflow/.local/lib/python3.8/site-packages/airflow/example_dags/example_bash_operator.py for tasks to queue
[2024-03-28T17:12:13.727+0000] {logging_mixin.py:188} INFO - [2024-03-28T17:12:13.726+0000] {dagbag.py:540} INFO - Filling up the DagBag from /home/airflow/.local/lib/python3.8/site-packages/airflow/example_dags/example_bash_operator.py
[2024-03-28T17:12:13.954+0000] {processor.py:840} INFO - DAG(s) 'example_bash_operator' retrieved from /home/airflow/.local/lib/python3.8/site-packages/airflow/example_dags/example_bash_operator.py
[2024-03-28T17:12:14.580+0000] {logging_mixin.py:188} INFO - [2024-03-28T17:12:14.579+0000] {dag.py:3047} INFO - Sync 1 DAGs
[2024-03-28T17:12:15.377+0000] {logging_mixin.py:188} INFO - [2024-03-28T17:12:15.369+0000] {dag.py:3834} INFO - Setting next_dagrun for example_bash_operator to 2024-03-27 00:00:00+00:00, run_after=2024-03-28 00:00:00+00:00
[2024-03-28T17:12:16.279+0000] {processor.py:183} INFO - Processing /home/airflow/.local/lib/python3.8/site-packages/airflow/example_dags/example_bash_operator.py took 2.750 seconds
[2024-03-28T17:12:51.600+0000] {processor.py:161} INFO - Started process (PID=466) to work on /home/airflow/.local/lib/python3.8/site-packages/airflow/example_dags/example_bash_operator.py
[2024-03-28T17:12:51.614+0000] {processor.py:830} INFO - Processing file /home/airflow/.local/lib/python3.8/site-packages/airflow/example_dags/example_bash_operator.py for tasks to queue
[2024-03-28T17:12:51.625+0000] {logging_mixin.py:188} INFO - [2024-03-28T17:12:51.620+0000] {dagbag.py:540} INFO - Filling up the DagBag from /home/airflow/.local/lib/python3.8/site-packages/airflow/example_dags/example_bash_operator.py
[2024-03-28T17:12:51.675+0000] {processor.py:840} INFO - DAG(s) 'example_bash_operator' retrieved from /home/airflow/.local/lib/python3.8/site-packages/airflow/example_dags/example_bash_operator.py
[2024-03-28T17:12:51.890+0000] {logging_mixin.py:188} INFO - [2024-03-28T17:12:51.889+0000] {dag.py:3047} INFO - Sync 1 DAGs
[2024-03-28T17:12:51.974+0000] {logging_mixin.py:188} INFO - [2024-03-28T17:12:51.973+0000] {dag.py:3834} INFO - Setting next_dagrun for example_bash_operator to 2024-03-27 00:00:00+00:00, run_after=2024-03-28 00:00:00+00:00
[2024-03-28T17:12:52.092+0000] {processor.py:183} INFO - Processing /home/airflow/.local/lib/python3.8/site-packages/airflow/example_dags/example_bash_operator.py took 0.520 seconds
[2024-03-28T17:13:25.105+0000] {processor.py:161} INFO - Started process (PID=522) to work on /home/airflow/.local/lib/python3.8/site-packages/airflow/example_dags/example_bash_operator.py
[2024-03-28T17:13:25.119+0000] {processor.py:830} INFO - Processing file /home/airflow/.local/lib/python3.8/site-packages/airflow/example_dags/example_bash_operator.py for tasks to queue
[2024-03-28T17:13:25.166+0000] {logging_mixin.py:188} INFO - [2024-03-28T17:13:25.155+0000] {dagbag.py:540} INFO - Filling up the DagBag from /home/airflow/.local/lib/python3.8/site-packages/airflow/example_dags/example_bash_operator.py
[2024-03-28T17:13:26.071+0000] {processor.py:840} INFO - DAG(s) 'example_bash_operator' retrieved from /home/airflow/.local/lib/python3.8/site-packages/airflow/example_dags/example_bash_operator.py
[2024-03-28T17:13:26.403+0000] {logging_mixin.py:188} INFO - [2024-03-28T17:13:26.402+0000] {dag.py:3047} INFO - Sync 1 DAGs
[2024-03-28T17:13:26.682+0000] {logging_mixin.py:188} INFO - [2024-03-28T17:13:26.681+0000] {dag.py:3834} INFO - Setting next_dagrun for example_bash_operator to 2024-03-27 00:00:00+00:00, run_after=2024-03-28 00:00:00+00:00
[2024-03-28T17:13:26.931+0000] {processor.py:183} INFO - Processing /home/airflow/.local/lib/python3.8/site-packages/airflow/example_dags/example_bash_operator.py took 1.870 seconds
[2024-03-28T17:14:00.091+0000] {processor.py:161} INFO - Started process (PID=583) to work on /home/airflow/.local/lib/python3.8/site-packages/airflow/example_dags/example_bash_operator.py
[2024-03-28T17:14:00.096+0000] {processor.py:830} INFO - Processing file /home/airflow/.local/lib/python3.8/site-packages/airflow/example_dags/example_bash_operator.py for tasks to queue
[2024-03-28T17:14:00.111+0000] {logging_mixin.py:188} INFO - [2024-03-28T17:14:00.103+0000] {dagbag.py:540} INFO - Filling up the DagBag from /home/airflow/.local/lib/python3.8/site-packages/airflow/example_dags/example_bash_operator.py
[2024-03-28T17:14:00.174+0000] {processor.py:840} INFO - DAG(s) 'example_bash_operator' retrieved from /home/airflow/.local/lib/python3.8/site-packages/airflow/example_dags/example_bash_operator.py
[2024-03-28T17:14:00.342+0000] {logging_mixin.py:188} INFO - [2024-03-28T17:14:00.341+0000] {dag.py:3047} INFO - Sync 1 DAGs
[2024-03-28T17:14:00.456+0000] {logging_mixin.py:188} INFO - [2024-03-28T17:14:00.456+0000] {dag.py:3834} INFO - Setting next_dagrun for example_bash_operator to 2024-03-27 00:00:00+00:00, run_after=2024-03-28 00:00:00+00:00
[2024-03-28T17:14:00.539+0000] {processor.py:183} INFO - Processing /home/airflow/.local/lib/python3.8/site-packages/airflow/example_dags/example_bash_operator.py took 0.467 seconds
[2024-03-28T17:14:33.142+0000] {processor.py:161} INFO - Started process (PID=638) to work on /home/airflow/.local/lib/python3.8/site-packages/airflow/example_dags/example_bash_operator.py
[2024-03-28T17:14:33.151+0000] {processor.py:830} INFO - Processing file /home/airflow/.local/lib/python3.8/site-packages/airflow/example_dags/example_bash_operator.py for tasks to queue
[2024-03-28T17:14:33.162+0000] {logging_mixin.py:188} INFO - [2024-03-28T17:14:33.161+0000] {dagbag.py:540} INFO - Filling up the DagBag from /home/airflow/.local/lib/python3.8/site-packages/airflow/example_dags/example_bash_operator.py
[2024-03-28T17:14:33.255+0000] {processor.py:840} INFO - DAG(s) 'example_bash_operator' retrieved from /home/airflow/.local/lib/python3.8/site-packages/airflow/example_dags/example_bash_operator.py
[2024-03-28T17:14:33.564+0000] {logging_mixin.py:188} INFO - [2024-03-28T17:14:33.564+0000] {dag.py:3047} INFO - Sync 1 DAGs
[2024-03-28T17:14:33.912+0000] {logging_mixin.py:188} INFO - [2024-03-28T17:14:33.911+0000] {dag.py:3834} INFO - Setting next_dagrun for example_bash_operator to 2024-03-27 00:00:00+00:00, run_after=2024-03-28 00:00:00+00:00
[2024-03-28T17:14:34.136+0000] {processor.py:183} INFO - Processing /home/airflow/.local/lib/python3.8/site-packages/airflow/example_dags/example_bash_operator.py took 1.008 seconds
[2024-03-28T17:15:04.525+0000] {processor.py:161} INFO - Started process (PID=692) to work on /home/airflow/.local/lib/python3.8/site-packages/airflow/example_dags/example_bash_operator.py
[2024-03-28T17:15:04.754+0000] {processor.py:830} INFO - Processing file /home/airflow/.local/lib/python3.8/site-packages/airflow/example_dags/example_bash_operator.py for tasks to queue
[2024-03-28T17:15:05.005+0000] {logging_mixin.py:188} INFO - [2024-03-28T17:15:05.004+0000] {dagbag.py:540} INFO - Filling up the DagBag from /home/airflow/.local/lib/python3.8/site-packages/airflow/example_dags/example_bash_operator.py
[2024-03-28T17:15:05.266+0000] {processor.py:840} INFO - DAG(s) 'example_bash_operator' retrieved from /home/airflow/.local/lib/python3.8/site-packages/airflow/example_dags/example_bash_operator.py
[2024-03-28T17:15:05.572+0000] {logging_mixin.py:188} INFO - [2024-03-28T17:15:05.571+0000] {dag.py:3047} INFO - Sync 1 DAGs
[2024-03-28T17:15:05.718+0000] {logging_mixin.py:188} INFO - [2024-03-28T17:15:05.717+0000] {dag.py:3834} INFO - Setting next_dagrun for example_bash_operator to 2024-03-27 00:00:00+00:00, run_after=2024-03-28 00:00:00+00:00
[2024-03-28T17:15:05.801+0000] {processor.py:183} INFO - Processing /home/airflow/.local/lib/python3.8/site-packages/airflow/example_dags/example_bash_operator.py took 1.313 seconds
[2024-03-28T17:15:43.219+0000] {processor.py:161} INFO - Started process (PID=748) to work on /home/airflow/.local/lib/python3.8/site-packages/airflow/example_dags/example_bash_operator.py
[2024-03-28T17:15:43.224+0000] {processor.py:830} INFO - Processing file /home/airflow/.local/lib/python3.8/site-packages/airflow/example_dags/example_bash_operator.py for tasks to queue
[2024-03-28T17:15:43.237+0000] {logging_mixin.py:188} INFO - [2024-03-28T17:15:43.236+0000] {dagbag.py:540} INFO - Filling up the DagBag from /home/airflow/.local/lib/python3.8/site-packages/airflow/example_dags/example_bash_operator.py
[2024-03-28T17:15:43.292+0000] {processor.py:840} INFO - DAG(s) 'example_bash_operator' retrieved from /home/airflow/.local/lib/python3.8/site-packages/airflow/example_dags/example_bash_operator.py
[2024-03-28T17:15:43.427+0000] {logging_mixin.py:188} INFO - [2024-03-28T17:15:43.427+0000] {dag.py:3047} INFO - Sync 1 DAGs
[2024-03-28T17:15:43.515+0000] {logging_mixin.py:188} INFO - [2024-03-28T17:15:43.514+0000] {dag.py:3834} INFO - Setting next_dagrun for example_bash_operator to 2024-03-27 00:00:00+00:00, run_after=2024-03-28 00:00:00+00:00
[2024-03-28T17:15:43.590+0000] {processor.py:183} INFO - Processing /home/airflow/.local/lib/python3.8/site-packages/airflow/example_dags/example_bash_operator.py took 0.387 seconds
[2024-03-28T17:16:14.392+0000] {processor.py:161} INFO - Started process (PID=801) to work on /home/airflow/.local/lib/python3.8/site-packages/airflow/example_dags/example_bash_operator.py
[2024-03-28T17:16:14.396+0000] {processor.py:830} INFO - Processing file /home/airflow/.local/lib/python3.8/site-packages/airflow/example_dags/example_bash_operator.py for tasks to queue
[2024-03-28T17:16:14.403+0000] {logging_mixin.py:188} INFO - [2024-03-28T17:16:14.402+0000] {dagbag.py:540} INFO - Filling up the DagBag from /home/airflow/.local/lib/python3.8/site-packages/airflow/example_dags/example_bash_operator.py
[2024-03-28T17:16:14.444+0000] {processor.py:840} INFO - DAG(s) 'example_bash_operator' retrieved from /home/airflow/.local/lib/python3.8/site-packages/airflow/example_dags/example_bash_operator.py
[2024-03-28T17:16:14.556+0000] {logging_mixin.py:188} INFO - [2024-03-28T17:16:14.556+0000] {dag.py:3047} INFO - Sync 1 DAGs
[2024-03-28T17:16:14.634+0000] {logging_mixin.py:188} INFO - [2024-03-28T17:16:14.633+0000] {dag.py:3834} INFO - Setting next_dagrun for example_bash_operator to 2024-03-27 00:00:00+00:00, run_after=2024-03-28 00:00:00+00:00
[2024-03-28T17:16:14.675+0000] {processor.py:183} INFO - Processing /home/airflow/.local/lib/python3.8/site-packages/airflow/example_dags/example_bash_operator.py took 0.294 seconds
[2024-03-28T17:16:56.931+0000] {processor.py:161} INFO - Started process (PID=849) to work on /home/airflow/.local/lib/python3.8/site-packages/airflow/example_dags/example_bash_operator.py
[2024-03-28T17:16:56.950+0000] {processor.py:830} INFO - Processing file /home/airflow/.local/lib/python3.8/site-packages/airflow/example_dags/example_bash_operator.py for tasks to queue
[2024-03-28T17:16:56.987+0000] {logging_mixin.py:188} INFO - [2024-03-28T17:16:56.984+0000] {dagbag.py:540} INFO - Filling up the DagBag from /home/airflow/.local/lib/python3.8/site-packages/airflow/example_dags/example_bash_operator.py
[2024-03-28T17:16:57.517+0000] {processor.py:840} INFO - DAG(s) 'example_bash_operator' retrieved from /home/airflow/.local/lib/python3.8/site-packages/airflow/example_dags/example_bash_operator.py
[2024-03-28T17:16:57.875+0000] {logging_mixin.py:188} INFO - [2024-03-28T17:16:57.875+0000] {dag.py:3047} INFO - Sync 1 DAGs
[2024-03-28T17:16:58.099+0000] {logging_mixin.py:188} INFO - [2024-03-28T17:16:58.096+0000] {dag.py:3834} INFO - Setting next_dagrun for example_bash_operator to 2024-03-27 00:00:00+00:00, run_after=2024-03-28 00:00:00+00:00
[2024-03-28T17:16:58.361+0000] {processor.py:183} INFO - Processing /home/airflow/.local/lib/python3.8/site-packages/airflow/example_dags/example_bash_operator.py took 1.558 seconds
[2024-03-28T17:17:44.638+0000] {processor.py:161} INFO - Started process (PID=915) to work on /home/airflow/.local/lib/python3.8/site-packages/airflow/example_dags/example_bash_operator.py
[2024-03-28T17:17:44.665+0000] {processor.py:830} INFO - Processing file /home/airflow/.local/lib/python3.8/site-packages/airflow/example_dags/example_bash_operator.py for tasks to queue
[2024-03-28T17:17:44.686+0000] {logging_mixin.py:188} INFO - [2024-03-28T17:17:44.683+0000] {dagbag.py:540} INFO - Filling up the DagBag from /home/airflow/.local/lib/python3.8/site-packages/airflow/example_dags/example_bash_operator.py
[2024-03-28T17:17:44.828+0000] {processor.py:840} INFO - DAG(s) 'example_bash_operator' retrieved from /home/airflow/.local/lib/python3.8/site-packages/airflow/example_dags/example_bash_operator.py
[2024-03-28T17:17:45.393+0000] {logging_mixin.py:188} INFO - [2024-03-28T17:17:45.393+0000] {dag.py:3047} INFO - Sync 1 DAGs
[2024-03-28T17:17:45.768+0000] {logging_mixin.py:188} INFO - [2024-03-28T17:17:45.757+0000] {dag.py:3834} INFO - Setting next_dagrun for example_bash_operator to 2024-03-27 00:00:00+00:00, run_after=2024-03-28 00:00:00+00:00
[2024-03-28T17:17:46.276+0000] {processor.py:183} INFO - Processing /home/airflow/.local/lib/python3.8/site-packages/airflow/example_dags/example_bash_operator.py took 1.899 seconds
[2024-03-28T17:18:43.854+0000] {processor.py:161} INFO - Started process (PID=970) to work on /home/airflow/.local/lib/python3.8/site-packages/airflow/example_dags/example_bash_operator.py
[2024-03-28T17:18:43.876+0000] {processor.py:830} INFO - Processing file /home/airflow/.local/lib/python3.8/site-packages/airflow/example_dags/example_bash_operator.py for tasks to queue
[2024-03-28T17:18:43.900+0000] {logging_mixin.py:188} INFO - [2024-03-28T17:18:43.893+0000] {dagbag.py:540} INFO - Filling up the DagBag from /home/airflow/.local/lib/python3.8/site-packages/airflow/example_dags/example_bash_operator.py
[2024-03-28T17:18:44.028+0000] {processor.py:840} INFO - DAG(s) 'example_bash_operator' retrieved from /home/airflow/.local/lib/python3.8/site-packages/airflow/example_dags/example_bash_operator.py
[2024-03-28T17:18:44.517+0000] {logging_mixin.py:188} INFO - [2024-03-28T17:18:44.516+0000] {dag.py:3047} INFO - Sync 1 DAGs
[2024-03-28T17:18:44.741+0000] {logging_mixin.py:188} INFO - [2024-03-28T17:18:44.741+0000] {dag.py:3834} INFO - Setting next_dagrun for example_bash_operator to 2024-03-27 00:00:00+00:00, run_after=2024-03-28 00:00:00+00:00
[2024-03-28T17:18:44.994+0000] {processor.py:183} INFO - Processing /home/airflow/.local/lib/python3.8/site-packages/airflow/example_dags/example_bash_operator.py took 1.170 seconds
[2024-03-28T17:19:15.509+0000] {processor.py:161} INFO - Started process (PID=1025) to work on /home/airflow/.local/lib/python3.8/site-packages/airflow/example_dags/example_bash_operator.py
[2024-03-28T17:19:15.529+0000] {processor.py:830} INFO - Processing file /home/airflow/.local/lib/python3.8/site-packages/airflow/example_dags/example_bash_operator.py for tasks to queue
[2024-03-28T17:19:15.537+0000] {logging_mixin.py:188} INFO - [2024-03-28T17:19:15.536+0000] {dagbag.py:540} INFO - Filling up the DagBag from /home/airflow/.local/lib/python3.8/site-packages/airflow/example_dags/example_bash_operator.py
[2024-03-28T17:19:15.724+0000] {processor.py:840} INFO - DAG(s) 'example_bash_operator' retrieved from /home/airflow/.local/lib/python3.8/site-packages/airflow/example_dags/example_bash_operator.py
[2024-03-28T17:19:16.363+0000] {logging_mixin.py:188} INFO - [2024-03-28T17:19:16.362+0000] {dag.py:3047} INFO - Sync 1 DAGs
[2024-03-28T17:19:16.652+0000] {logging_mixin.py:188} INFO - [2024-03-28T17:19:16.652+0000] {dag.py:3834} INFO - Setting next_dagrun for example_bash_operator to 2024-03-27 00:00:00+00:00, run_after=2024-03-28 00:00:00+00:00
[2024-03-28T17:19:16.786+0000] {processor.py:183} INFO - Processing /home/airflow/.local/lib/python3.8/site-packages/airflow/example_dags/example_bash_operator.py took 1.315 seconds
[2024-03-28T17:19:47.345+0000] {processor.py:161} INFO - Started process (PID=1081) to work on /home/airflow/.local/lib/python3.8/site-packages/airflow/example_dags/example_bash_operator.py
[2024-03-28T17:19:47.356+0000] {processor.py:830} INFO - Processing file /home/airflow/.local/lib/python3.8/site-packages/airflow/example_dags/example_bash_operator.py for tasks to queue
[2024-03-28T17:19:47.369+0000] {logging_mixin.py:188} INFO - [2024-03-28T17:19:47.367+0000] {dagbag.py:540} INFO - Filling up the DagBag from /home/airflow/.local/lib/python3.8/site-packages/airflow/example_dags/example_bash_operator.py
[2024-03-28T17:19:47.436+0000] {processor.py:840} INFO - DAG(s) 'example_bash_operator' retrieved from /home/airflow/.local/lib/python3.8/site-packages/airflow/example_dags/example_bash_operator.py
[2024-03-28T17:19:47.565+0000] {logging_mixin.py:188} INFO - [2024-03-28T17:19:47.564+0000] {dag.py:3047} INFO - Sync 1 DAGs
[2024-03-28T17:19:47.678+0000] {logging_mixin.py:188} INFO - [2024-03-28T17:19:47.676+0000] {dag.py:3834} INFO - Setting next_dagrun for example_bash_operator to 2024-03-27 00:00:00+00:00, run_after=2024-03-28 00:00:00+00:00
[2024-03-28T17:19:47.756+0000] {processor.py:183} INFO - Processing /home/airflow/.local/lib/python3.8/site-packages/airflow/example_dags/example_bash_operator.py took 0.425 seconds
[2024-03-28T17:20:17.962+0000] {processor.py:161} INFO - Started process (PID=1135) to work on /home/airflow/.local/lib/python3.8/site-packages/airflow/example_dags/example_bash_operator.py
[2024-03-28T17:20:17.966+0000] {processor.py:830} INFO - Processing file /home/airflow/.local/lib/python3.8/site-packages/airflow/example_dags/example_bash_operator.py for tasks to queue
[2024-03-28T17:20:17.973+0000] {logging_mixin.py:188} INFO - [2024-03-28T17:20:17.971+0000] {dagbag.py:540} INFO - Filling up the DagBag from /home/airflow/.local/lib/python3.8/site-packages/airflow/example_dags/example_bash_operator.py
[2024-03-28T17:20:18.007+0000] {processor.py:840} INFO - DAG(s) 'example_bash_operator' retrieved from /home/airflow/.local/lib/python3.8/site-packages/airflow/example_dags/example_bash_operator.py
[2024-03-28T17:20:18.090+0000] {logging_mixin.py:188} INFO - [2024-03-28T17:20:18.089+0000] {dag.py:3047} INFO - Sync 1 DAGs
[2024-03-28T17:20:18.145+0000] {logging_mixin.py:188} INFO - [2024-03-28T17:20:18.145+0000] {dag.py:3834} INFO - Setting next_dagrun for example_bash_operator to 2024-03-27 00:00:00+00:00, run_after=2024-03-28 00:00:00+00:00
[2024-03-28T17:20:18.196+0000] {processor.py:183} INFO - Processing /home/airflow/.local/lib/python3.8/site-packages/airflow/example_dags/example_bash_operator.py took 0.244 seconds
[2024-03-28T17:20:49.148+0000] {processor.py:161} INFO - Started process (PID=1190) to work on /home/airflow/.local/lib/python3.8/site-packages/airflow/example_dags/example_bash_operator.py
[2024-03-28T17:20:49.152+0000] {processor.py:830} INFO - Processing file /home/airflow/.local/lib/python3.8/site-packages/airflow/example_dags/example_bash_operator.py for tasks to queue
[2024-03-28T17:20:49.162+0000] {logging_mixin.py:188} INFO - [2024-03-28T17:20:49.160+0000] {dagbag.py:540} INFO - Filling up the DagBag from /home/airflow/.local/lib/python3.8/site-packages/airflow/example_dags/example_bash_operator.py
[2024-03-28T17:20:49.228+0000] {processor.py:840} INFO - DAG(s) 'example_bash_operator' retrieved from /home/airflow/.local/lib/python3.8/site-packages/airflow/example_dags/example_bash_operator.py
[2024-03-28T17:20:49.323+0000] {logging_mixin.py:188} INFO - [2024-03-28T17:20:49.320+0000] {dag.py:3047} INFO - Sync 1 DAGs
[2024-03-28T17:20:49.451+0000] {logging_mixin.py:188} INFO - [2024-03-28T17:20:49.450+0000] {dag.py:3834} INFO - Setting next_dagrun for example_bash_operator to 2024-03-27 00:00:00+00:00, run_after=2024-03-28 00:00:00+00:00
[2024-03-28T17:20:49.520+0000] {processor.py:183} INFO - Processing /home/airflow/.local/lib/python3.8/site-packages/airflow/example_dags/example_bash_operator.py took 0.384 seconds
[2024-03-28T17:21:23.014+0000] {processor.py:161} INFO - Started process (PID=1241) to work on /home/airflow/.local/lib/python3.8/site-packages/airflow/example_dags/example_bash_operator.py
[2024-03-28T17:21:23.022+0000] {processor.py:830} INFO - Processing file /home/airflow/.local/lib/python3.8/site-packages/airflow/example_dags/example_bash_operator.py for tasks to queue
[2024-03-28T17:21:23.064+0000] {logging_mixin.py:188} INFO - [2024-03-28T17:21:23.053+0000] {dagbag.py:540} INFO - Filling up the DagBag from /home/airflow/.local/lib/python3.8/site-packages/airflow/example_dags/example_bash_operator.py
[2024-03-28T17:21:23.239+0000] {processor.py:840} INFO - DAG(s) 'example_bash_operator' retrieved from /home/airflow/.local/lib/python3.8/site-packages/airflow/example_dags/example_bash_operator.py
[2024-03-28T17:21:23.746+0000] {logging_mixin.py:188} INFO - [2024-03-28T17:21:23.745+0000] {dag.py:3047} INFO - Sync 1 DAGs
[2024-03-28T17:21:23.929+0000] {logging_mixin.py:188} INFO - [2024-03-28T17:21:23.929+0000] {dag.py:3834} INFO - Setting next_dagrun for example_bash_operator to 2024-03-27 00:00:00+00:00, run_after=2024-03-28 00:00:00+00:00
[2024-03-28T17:21:24.133+0000] {processor.py:183} INFO - Processing /home/airflow/.local/lib/python3.8/site-packages/airflow/example_dags/example_bash_operator.py took 1.156 seconds
[2024-03-28T17:21:54.926+0000] {processor.py:161} INFO - Started process (PID=1296) to work on /home/airflow/.local/lib/python3.8/site-packages/airflow/example_dags/example_bash_operator.py
[2024-03-28T17:21:54.935+0000] {processor.py:830} INFO - Processing file /home/airflow/.local/lib/python3.8/site-packages/airflow/example_dags/example_bash_operator.py for tasks to queue
[2024-03-28T17:21:54.963+0000] {logging_mixin.py:188} INFO - [2024-03-28T17:21:54.959+0000] {dagbag.py:540} INFO - Filling up the DagBag from /home/airflow/.local/lib/python3.8/site-packages/airflow/example_dags/example_bash_operator.py
[2024-03-28T17:21:55.047+0000] {processor.py:840} INFO - DAG(s) 'example_bash_operator' retrieved from /home/airflow/.local/lib/python3.8/site-packages/airflow/example_dags/example_bash_operator.py
[2024-03-28T17:21:55.305+0000] {logging_mixin.py:188} INFO - [2024-03-28T17:21:55.305+0000] {dag.py:3047} INFO - Sync 1 DAGs
[2024-03-28T17:21:55.506+0000] {logging_mixin.py:188} INFO - [2024-03-28T17:21:55.505+0000] {dag.py:3834} INFO - Setting next_dagrun for example_bash_operator to 2024-03-27 00:00:00+00:00, run_after=2024-03-28 00:00:00+00:00
[2024-03-28T17:21:55.630+0000] {processor.py:183} INFO - Processing /home/airflow/.local/lib/python3.8/site-packages/airflow/example_dags/example_bash_operator.py took 0.725 seconds
[2024-03-28T17:22:26.232+0000] {processor.py:161} INFO - Started process (PID=1352) to work on /home/airflow/.local/lib/python3.8/site-packages/airflow/example_dags/example_bash_operator.py
[2024-03-28T17:22:26.236+0000] {processor.py:830} INFO - Processing file /home/airflow/.local/lib/python3.8/site-packages/airflow/example_dags/example_bash_operator.py for tasks to queue
[2024-03-28T17:22:26.244+0000] {logging_mixin.py:188} INFO - [2024-03-28T17:22:26.242+0000] {dagbag.py:540} INFO - Filling up the DagBag from /home/airflow/.local/lib/python3.8/site-packages/airflow/example_dags/example_bash_operator.py
[2024-03-28T17:22:26.291+0000] {processor.py:840} INFO - DAG(s) 'example_bash_operator' retrieved from /home/airflow/.local/lib/python3.8/site-packages/airflow/example_dags/example_bash_operator.py
[2024-03-28T17:22:26.375+0000] {logging_mixin.py:188} INFO - [2024-03-28T17:22:26.374+0000] {dag.py:3047} INFO - Sync 1 DAGs
[2024-03-28T17:22:26.459+0000] {logging_mixin.py:188} INFO - [2024-03-28T17:22:26.458+0000] {dag.py:3834} INFO - Setting next_dagrun for example_bash_operator to 2024-03-27 00:00:00+00:00, run_after=2024-03-28 00:00:00+00:00
[2024-03-28T17:22:26.539+0000] {processor.py:183} INFO - Processing /home/airflow/.local/lib/python3.8/site-packages/airflow/example_dags/example_bash_operator.py took 0.314 seconds
[2024-03-28T17:23:00.948+0000] {processor.py:161} INFO - Started process (PID=1395) to work on /home/airflow/.local/lib/python3.8/site-packages/airflow/example_dags/example_bash_operator.py
[2024-03-28T17:23:00.952+0000] {processor.py:830} INFO - Processing file /home/airflow/.local/lib/python3.8/site-packages/airflow/example_dags/example_bash_operator.py for tasks to queue
[2024-03-28T17:23:00.971+0000] {logging_mixin.py:188} INFO - [2024-03-28T17:23:00.969+0000] {dagbag.py:540} INFO - Filling up the DagBag from /home/airflow/.local/lib/python3.8/site-packages/airflow/example_dags/example_bash_operator.py
[2024-03-28T17:23:01.042+0000] {processor.py:840} INFO - DAG(s) 'example_bash_operator' retrieved from /home/airflow/.local/lib/python3.8/site-packages/airflow/example_dags/example_bash_operator.py
[2024-03-28T17:23:01.186+0000] {logging_mixin.py:188} INFO - [2024-03-28T17:23:01.186+0000] {dag.py:3047} INFO - Sync 1 DAGs
[2024-03-28T17:23:01.269+0000] {logging_mixin.py:188} INFO - [2024-03-28T17:23:01.268+0000] {dag.py:3834} INFO - Setting next_dagrun for example_bash_operator to 2024-03-27 00:00:00+00:00, run_after=2024-03-28 00:00:00+00:00
[2024-03-28T17:23:01.356+0000] {processor.py:183} INFO - Processing /home/airflow/.local/lib/python3.8/site-packages/airflow/example_dags/example_bash_operator.py took 0.436 seconds
[2024-03-28T17:23:31.788+0000] {processor.py:161} INFO - Started process (PID=1450) to work on /home/airflow/.local/lib/python3.8/site-packages/airflow/example_dags/example_bash_operator.py
[2024-03-28T17:23:31.792+0000] {processor.py:830} INFO - Processing file /home/airflow/.local/lib/python3.8/site-packages/airflow/example_dags/example_bash_operator.py for tasks to queue
[2024-03-28T17:23:31.800+0000] {logging_mixin.py:188} INFO - [2024-03-28T17:23:31.798+0000] {dagbag.py:540} INFO - Filling up the DagBag from /home/airflow/.local/lib/python3.8/site-packages/airflow/example_dags/example_bash_operator.py
[2024-03-28T17:23:31.831+0000] {processor.py:840} INFO - DAG(s) 'example_bash_operator' retrieved from /home/airflow/.local/lib/python3.8/site-packages/airflow/example_dags/example_bash_operator.py
[2024-03-28T17:23:31.933+0000] {logging_mixin.py:188} INFO - [2024-03-28T17:23:31.933+0000] {dag.py:3047} INFO - Sync 1 DAGs
[2024-03-28T17:23:32.033+0000] {logging_mixin.py:188} INFO - [2024-03-28T17:23:32.032+0000] {dag.py:3834} INFO - Setting next_dagrun for example_bash_operator to 2024-03-27 00:00:00+00:00, run_after=2024-03-28 00:00:00+00:00
[2024-03-28T17:23:32.095+0000] {processor.py:183} INFO - Processing /home/airflow/.local/lib/python3.8/site-packages/airflow/example_dags/example_bash_operator.py took 0.317 seconds
[2024-03-28T17:24:08.819+0000] {processor.py:161} INFO - Started process (PID=1505) to work on /home/airflow/.local/lib/python3.8/site-packages/airflow/example_dags/example_bash_operator.py
[2024-03-28T17:24:08.827+0000] {processor.py:830} INFO - Processing file /home/airflow/.local/lib/python3.8/site-packages/airflow/example_dags/example_bash_operator.py for tasks to queue
[2024-03-28T17:24:08.839+0000] {logging_mixin.py:188} INFO - [2024-03-28T17:24:08.838+0000] {dagbag.py:540} INFO - Filling up the DagBag from /home/airflow/.local/lib/python3.8/site-packages/airflow/example_dags/example_bash_operator.py
[2024-03-28T17:24:08.943+0000] {processor.py:840} INFO - DAG(s) 'example_bash_operator' retrieved from /home/airflow/.local/lib/python3.8/site-packages/airflow/example_dags/example_bash_operator.py
[2024-03-28T17:24:09.094+0000] {logging_mixin.py:188} INFO - [2024-03-28T17:24:09.093+0000] {dag.py:3047} INFO - Sync 1 DAGs
[2024-03-28T17:24:09.248+0000] {logging_mixin.py:188} INFO - [2024-03-28T17:24:09.231+0000] {dag.py:3834} INFO - Setting next_dagrun for example_bash_operator to 2024-03-27 00:00:00+00:00, run_after=2024-03-28 00:00:00+00:00
[2024-03-28T17:24:09.371+0000] {processor.py:183} INFO - Processing /home/airflow/.local/lib/python3.8/site-packages/airflow/example_dags/example_bash_operator.py took 0.575 seconds
[2024-03-28T17:24:44.883+0000] {processor.py:161} INFO - Started process (PID=1564) to work on /home/airflow/.local/lib/python3.8/site-packages/airflow/example_dags/example_bash_operator.py
[2024-03-28T17:24:44.923+0000] {processor.py:830} INFO - Processing file /home/airflow/.local/lib/python3.8/site-packages/airflow/example_dags/example_bash_operator.py for tasks to queue
[2024-03-28T17:24:44.962+0000] {logging_mixin.py:188} INFO - [2024-03-28T17:24:44.961+0000] {dagbag.py:540} INFO - Filling up the DagBag from /home/airflow/.local/lib/python3.8/site-packages/airflow/example_dags/example_bash_operator.py
[2024-03-28T17:24:45.043+0000] {processor.py:840} INFO - DAG(s) 'example_bash_operator' retrieved from /home/airflow/.local/lib/python3.8/site-packages/airflow/example_dags/example_bash_operator.py
[2024-03-28T17:24:45.345+0000] {logging_mixin.py:188} INFO - [2024-03-28T17:24:45.344+0000] {dag.py:3047} INFO - Sync 1 DAGs
[2024-03-28T17:24:45.582+0000] {logging_mixin.py:188} INFO - [2024-03-28T17:24:45.582+0000] {dag.py:3834} INFO - Setting next_dagrun for example_bash_operator to 2024-03-27 00:00:00+00:00, run_after=2024-03-28 00:00:00+00:00
[2024-03-28T17:24:45.645+0000] {processor.py:183} INFO - Processing /home/airflow/.local/lib/python3.8/site-packages/airflow/example_dags/example_bash_operator.py took 0.810 seconds
[2024-03-28T17:25:17.404+0000] {processor.py:161} INFO - Started process (PID=1619) to work on /home/airflow/.local/lib/python3.8/site-packages/airflow/example_dags/example_bash_operator.py
[2024-03-28T17:25:17.418+0000] {processor.py:830} INFO - Processing file /home/airflow/.local/lib/python3.8/site-packages/airflow/example_dags/example_bash_operator.py for tasks to queue
[2024-03-28T17:25:17.435+0000] {logging_mixin.py:188} INFO - [2024-03-28T17:25:17.434+0000] {dagbag.py:540} INFO - Filling up the DagBag from /home/airflow/.local/lib/python3.8/site-packages/airflow/example_dags/example_bash_operator.py
[2024-03-28T17:25:17.646+0000] {processor.py:840} INFO - DAG(s) 'example_bash_operator' retrieved from /home/airflow/.local/lib/python3.8/site-packages/airflow/example_dags/example_bash_operator.py
[2024-03-28T17:25:17.900+0000] {logging_mixin.py:188} INFO - [2024-03-28T17:25:17.900+0000] {dag.py:3047} INFO - Sync 1 DAGs
[2024-03-28T17:25:18.078+0000] {logging_mixin.py:188} INFO - [2024-03-28T17:25:18.077+0000] {dag.py:3834} INFO - Setting next_dagrun for example_bash_operator to 2024-03-27 00:00:00+00:00, run_after=2024-03-28 00:00:00+00:00
[2024-03-28T17:25:18.267+0000] {processor.py:183} INFO - Processing /home/airflow/.local/lib/python3.8/site-packages/airflow/example_dags/example_bash_operator.py took 0.916 seconds
[2024-03-28T17:25:48.918+0000] {processor.py:161} INFO - Started process (PID=1674) to work on /home/airflow/.local/lib/python3.8/site-packages/airflow/example_dags/example_bash_operator.py
[2024-03-28T17:25:48.926+0000] {processor.py:830} INFO - Processing file /home/airflow/.local/lib/python3.8/site-packages/airflow/example_dags/example_bash_operator.py for tasks to queue
[2024-03-28T17:25:48.949+0000] {logging_mixin.py:188} INFO - [2024-03-28T17:25:48.939+0000] {dagbag.py:540} INFO - Filling up the DagBag from /home/airflow/.local/lib/python3.8/site-packages/airflow/example_dags/example_bash_operator.py
[2024-03-28T17:25:49.113+0000] {processor.py:840} INFO - DAG(s) 'example_bash_operator' retrieved from /home/airflow/.local/lib/python3.8/site-packages/airflow/example_dags/example_bash_operator.py
[2024-03-28T17:25:49.638+0000] {logging_mixin.py:188} INFO - [2024-03-28T17:25:49.637+0000] {dag.py:3047} INFO - Sync 1 DAGs
[2024-03-28T17:25:49.973+0000] {logging_mixin.py:188} INFO - [2024-03-28T17:25:49.972+0000] {dag.py:3834} INFO - Setting next_dagrun for example_bash_operator to 2024-03-27 00:00:00+00:00, run_after=2024-03-28 00:00:00+00:00
[2024-03-28T17:25:50.176+0000] {processor.py:183} INFO - Processing /home/airflow/.local/lib/python3.8/site-packages/airflow/example_dags/example_bash_operator.py took 1.270 seconds
[2024-03-28T17:26:20.375+0000] {processor.py:161} INFO - Started process (PID=1729) to work on /home/airflow/.local/lib/python3.8/site-packages/airflow/example_dags/example_bash_operator.py
[2024-03-28T17:26:20.379+0000] {processor.py:830} INFO - Processing file /home/airflow/.local/lib/python3.8/site-packages/airflow/example_dags/example_bash_operator.py for tasks to queue
[2024-03-28T17:26:20.392+0000] {logging_mixin.py:188} INFO - [2024-03-28T17:26:20.391+0000] {dagbag.py:540} INFO - Filling up the DagBag from /home/airflow/.local/lib/python3.8/site-packages/airflow/example_dags/example_bash_operator.py
[2024-03-28T17:26:20.438+0000] {processor.py:840} INFO - DAG(s) 'example_bash_operator' retrieved from /home/airflow/.local/lib/python3.8/site-packages/airflow/example_dags/example_bash_operator.py
[2024-03-28T17:26:20.535+0000] {logging_mixin.py:188} INFO - [2024-03-28T17:26:20.534+0000] {dag.py:3047} INFO - Sync 1 DAGs
[2024-03-28T17:26:20.639+0000] {logging_mixin.py:188} INFO - [2024-03-28T17:26:20.639+0000] {dag.py:3834} INFO - Setting next_dagrun for example_bash_operator to 2024-03-27 00:00:00+00:00, run_after=2024-03-28 00:00:00+00:00
[2024-03-28T17:26:20.742+0000] {processor.py:183} INFO - Processing /home/airflow/.local/lib/python3.8/site-packages/airflow/example_dags/example_bash_operator.py took 0.378 seconds
[2024-03-28T17:26:52.840+0000] {processor.py:161} INFO - Started process (PID=1783) to work on /home/airflow/.local/lib/python3.8/site-packages/airflow/example_dags/example_bash_operator.py
[2024-03-28T17:26:52.846+0000] {processor.py:830} INFO - Processing file /home/airflow/.local/lib/python3.8/site-packages/airflow/example_dags/example_bash_operator.py for tasks to queue
[2024-03-28T17:26:52.858+0000] {logging_mixin.py:188} INFO - [2024-03-28T17:26:52.855+0000] {dagbag.py:540} INFO - Filling up the DagBag from /home/airflow/.local/lib/python3.8/site-packages/airflow/example_dags/example_bash_operator.py
[2024-03-28T17:26:52.899+0000] {processor.py:840} INFO - DAG(s) 'example_bash_operator' retrieved from /home/airflow/.local/lib/python3.8/site-packages/airflow/example_dags/example_bash_operator.py
[2024-03-28T17:26:53.050+0000] {logging_mixin.py:188} INFO - [2024-03-28T17:26:53.049+0000] {dag.py:3047} INFO - Sync 1 DAGs
[2024-03-28T17:26:53.143+0000] {logging_mixin.py:188} INFO - [2024-03-28T17:26:53.142+0000] {dag.py:3834} INFO - Setting next_dagrun for example_bash_operator to 2024-03-27 00:00:00+00:00, run_after=2024-03-28 00:00:00+00:00
[2024-03-28T17:26:53.193+0000] {processor.py:183} INFO - Processing /home/airflow/.local/lib/python3.8/site-packages/airflow/example_dags/example_bash_operator.py took 0.364 seconds
[2024-03-28T17:27:27.947+0000] {processor.py:161} INFO - Started process (PID=1833) to work on /home/airflow/.local/lib/python3.8/site-packages/airflow/example_dags/example_bash_operator.py
[2024-03-28T17:27:27.963+0000] {processor.py:830} INFO - Processing file /home/airflow/.local/lib/python3.8/site-packages/airflow/example_dags/example_bash_operator.py for tasks to queue
[2024-03-28T17:27:27.991+0000] {logging_mixin.py:188} INFO - [2024-03-28T17:27:27.990+0000] {dagbag.py:540} INFO - Filling up the DagBag from /home/airflow/.local/lib/python3.8/site-packages/airflow/example_dags/example_bash_operator.py
[2024-03-28T17:27:28.196+0000] {processor.py:840} INFO - DAG(s) 'example_bash_operator' retrieved from /home/airflow/.local/lib/python3.8/site-packages/airflow/example_dags/example_bash_operator.py
[2024-03-28T17:27:29.478+0000] {logging_mixin.py:188} INFO - [2024-03-28T17:27:29.477+0000] {dag.py:3047} INFO - Sync 1 DAGs
[2024-03-28T17:27:29.647+0000] {logging_mixin.py:188} INFO - [2024-03-28T17:27:29.634+0000] {dag.py:3834} INFO - Setting next_dagrun for example_bash_operator to 2024-03-27 00:00:00+00:00, run_after=2024-03-28 00:00:00+00:00
[2024-03-28T17:27:29.840+0000] {processor.py:183} INFO - Processing /home/airflow/.local/lib/python3.8/site-packages/airflow/example_dags/example_bash_operator.py took 1.973 seconds
[2024-03-28T17:28:01.871+0000] {processor.py:161} INFO - Started process (PID=1888) to work on /home/airflow/.local/lib/python3.8/site-packages/airflow/example_dags/example_bash_operator.py
[2024-03-28T17:28:01.892+0000] {processor.py:830} INFO - Processing file /home/airflow/.local/lib/python3.8/site-packages/airflow/example_dags/example_bash_operator.py for tasks to queue
[2024-03-28T17:28:01.936+0000] {logging_mixin.py:188} INFO - [2024-03-28T17:28:01.934+0000] {dagbag.py:540} INFO - Filling up the DagBag from /home/airflow/.local/lib/python3.8/site-packages/airflow/example_dags/example_bash_operator.py
[2024-03-28T17:28:02.117+0000] {processor.py:840} INFO - DAG(s) 'example_bash_operator' retrieved from /home/airflow/.local/lib/python3.8/site-packages/airflow/example_dags/example_bash_operator.py
[2024-03-28T17:28:02.600+0000] {logging_mixin.py:188} INFO - [2024-03-28T17:28:02.600+0000] {dag.py:3047} INFO - Sync 1 DAGs
[2024-03-28T17:28:02.912+0000] {logging_mixin.py:188} INFO - [2024-03-28T17:28:02.911+0000] {dag.py:3834} INFO - Setting next_dagrun for example_bash_operator to 2024-03-27 00:00:00+00:00, run_after=2024-03-28 00:00:00+00:00
[2024-03-28T17:28:03.096+0000] {processor.py:183} INFO - Processing /home/airflow/.local/lib/python3.8/site-packages/airflow/example_dags/example_bash_operator.py took 1.277 seconds
[2024-03-28T17:28:34.881+0000] {processor.py:161} INFO - Started process (PID=1944) to work on /home/airflow/.local/lib/python3.8/site-packages/airflow/example_dags/example_bash_operator.py
[2024-03-28T17:28:34.902+0000] {processor.py:830} INFO - Processing file /home/airflow/.local/lib/python3.8/site-packages/airflow/example_dags/example_bash_operator.py for tasks to queue
[2024-03-28T17:28:34.924+0000] {logging_mixin.py:188} INFO - [2024-03-28T17:28:34.922+0000] {dagbag.py:540} INFO - Filling up the DagBag from /home/airflow/.local/lib/python3.8/site-packages/airflow/example_dags/example_bash_operator.py
[2024-03-28T17:28:35.303+0000] {processor.py:840} INFO - DAG(s) 'example_bash_operator' retrieved from /home/airflow/.local/lib/python3.8/site-packages/airflow/example_dags/example_bash_operator.py
[2024-03-28T17:28:35.827+0000] {logging_mixin.py:188} INFO - [2024-03-28T17:28:35.827+0000] {dag.py:3047} INFO - Sync 1 DAGs
[2024-03-28T17:28:36.230+0000] {logging_mixin.py:188} INFO - [2024-03-28T17:28:36.229+0000] {dag.py:3834} INFO - Setting next_dagrun for example_bash_operator to 2024-03-27 00:00:00+00:00, run_after=2024-03-28 00:00:00+00:00
[2024-03-28T17:28:36.553+0000] {processor.py:183} INFO - Processing /home/airflow/.local/lib/python3.8/site-packages/airflow/example_dags/example_bash_operator.py took 1.707 seconds
[2024-03-28T17:29:07.059+0000] {processor.py:161} INFO - Started process (PID=1999) to work on /home/airflow/.local/lib/python3.8/site-packages/airflow/example_dags/example_bash_operator.py
[2024-03-28T17:29:07.063+0000] {processor.py:830} INFO - Processing file /home/airflow/.local/lib/python3.8/site-packages/airflow/example_dags/example_bash_operator.py for tasks to queue
[2024-03-28T17:29:07.078+0000] {logging_mixin.py:188} INFO - [2024-03-28T17:29:07.077+0000] {dagbag.py:540} INFO - Filling up the DagBag from /home/airflow/.local/lib/python3.8/site-packages/airflow/example_dags/example_bash_operator.py
[2024-03-28T17:29:07.193+0000] {processor.py:840} INFO - DAG(s) 'example_bash_operator' retrieved from /home/airflow/.local/lib/python3.8/site-packages/airflow/example_dags/example_bash_operator.py
[2024-03-28T17:29:07.470+0000] {logging_mixin.py:188} INFO - [2024-03-28T17:29:07.468+0000] {dag.py:3047} INFO - Sync 1 DAGs
[2024-03-28T17:29:07.728+0000] {logging_mixin.py:188} INFO - [2024-03-28T17:29:07.727+0000] {dag.py:3834} INFO - Setting next_dagrun for example_bash_operator to 2024-03-27 00:00:00+00:00, run_after=2024-03-28 00:00:00+00:00
[2024-03-28T17:29:07.833+0000] {processor.py:183} INFO - Processing /home/airflow/.local/lib/python3.8/site-packages/airflow/example_dags/example_bash_operator.py took 0.790 seconds
[2024-03-28T17:29:38.148+0000] {processor.py:161} INFO - Started process (PID=2054) to work on /home/airflow/.local/lib/python3.8/site-packages/airflow/example_dags/example_bash_operator.py
[2024-03-28T17:29:38.153+0000] {processor.py:830} INFO - Processing file /home/airflow/.local/lib/python3.8/site-packages/airflow/example_dags/example_bash_operator.py for tasks to queue
[2024-03-28T17:29:38.169+0000] {logging_mixin.py:188} INFO - [2024-03-28T17:29:38.165+0000] {dagbag.py:540} INFO - Filling up the DagBag from /home/airflow/.local/lib/python3.8/site-packages/airflow/example_dags/example_bash_operator.py
[2024-03-28T17:29:38.231+0000] {processor.py:840} INFO - DAG(s) 'example_bash_operator' retrieved from /home/airflow/.local/lib/python3.8/site-packages/airflow/example_dags/example_bash_operator.py
[2024-03-28T17:29:38.384+0000] {logging_mixin.py:188} INFO - [2024-03-28T17:29:38.383+0000] {dag.py:3047} INFO - Sync 1 DAGs
[2024-03-28T17:29:38.563+0000] {logging_mixin.py:188} INFO - [2024-03-28T17:29:38.563+0000] {dag.py:3834} INFO - Setting next_dagrun for example_bash_operator to 2024-03-27 00:00:00+00:00, run_after=2024-03-28 00:00:00+00:00
[2024-03-28T17:29:38.667+0000] {processor.py:183} INFO - Processing /home/airflow/.local/lib/python3.8/site-packages/airflow/example_dags/example_bash_operator.py took 0.531 seconds
[2024-03-28T17:30:08.913+0000] {processor.py:161} INFO - Started process (PID=2109) to work on /home/airflow/.local/lib/python3.8/site-packages/airflow/example_dags/example_bash_operator.py
[2024-03-28T17:30:08.920+0000] {processor.py:830} INFO - Processing file /home/airflow/.local/lib/python3.8/site-packages/airflow/example_dags/example_bash_operator.py for tasks to queue
[2024-03-28T17:30:08.932+0000] {logging_mixin.py:188} INFO - [2024-03-28T17:30:08.932+0000] {dagbag.py:540} INFO - Filling up the DagBag from /home/airflow/.local/lib/python3.8/site-packages/airflow/example_dags/example_bash_operator.py
[2024-03-28T17:30:08.981+0000] {processor.py:840} INFO - DAG(s) 'example_bash_operator' retrieved from /home/airflow/.local/lib/python3.8/site-packages/airflow/example_dags/example_bash_operator.py
[2024-03-28T17:30:09.102+0000] {logging_mixin.py:188} INFO - [2024-03-28T17:30:09.102+0000] {dag.py:3047} INFO - Sync 1 DAGs
[2024-03-28T17:30:09.190+0000] {logging_mixin.py:188} INFO - [2024-03-28T17:30:09.189+0000] {dag.py:3834} INFO - Setting next_dagrun for example_bash_operator to 2024-03-27 00:00:00+00:00, run_after=2024-03-28 00:00:00+00:00
[2024-03-28T17:30:09.248+0000] {processor.py:183} INFO - Processing /home/airflow/.local/lib/python3.8/site-packages/airflow/example_dags/example_bash_operator.py took 0.363 seconds
[2024-03-28T17:30:52.481+0000] {processor.py:161} INFO - Started process (PID=2167) to work on /home/airflow/.local/lib/python3.8/site-packages/airflow/example_dags/example_bash_operator.py
[2024-03-28T17:30:52.493+0000] {processor.py:830} INFO - Processing file /home/airflow/.local/lib/python3.8/site-packages/airflow/example_dags/example_bash_operator.py for tasks to queue
[2024-03-28T17:30:52.512+0000] {logging_mixin.py:188} INFO - [2024-03-28T17:30:52.510+0000] {dagbag.py:540} INFO - Filling up the DagBag from /home/airflow/.local/lib/python3.8/site-packages/airflow/example_dags/example_bash_operator.py
[2024-03-28T17:30:52.623+0000] {processor.py:840} INFO - DAG(s) 'example_bash_operator' retrieved from /home/airflow/.local/lib/python3.8/site-packages/airflow/example_dags/example_bash_operator.py
[2024-03-28T17:30:52.993+0000] {logging_mixin.py:188} INFO - [2024-03-28T17:30:52.984+0000] {dag.py:3047} INFO - Sync 1 DAGs
[2024-03-28T17:30:53.465+0000] {logging_mixin.py:188} INFO - [2024-03-28T17:30:53.464+0000] {dag.py:3834} INFO - Setting next_dagrun for example_bash_operator to 2024-03-27 00:00:00+00:00, run_after=2024-03-28 00:00:00+00:00
[2024-03-28T17:30:53.992+0000] {processor.py:183} INFO - Processing /home/airflow/.local/lib/python3.8/site-packages/airflow/example_dags/example_bash_operator.py took 1.541 seconds
[2024-03-28T17:31:24.455+0000] {processor.py:161} INFO - Started process (PID=2221) to work on /home/airflow/.local/lib/python3.8/site-packages/airflow/example_dags/example_bash_operator.py
[2024-03-28T17:31:24.483+0000] {processor.py:830} INFO - Processing file /home/airflow/.local/lib/python3.8/site-packages/airflow/example_dags/example_bash_operator.py for tasks to queue
[2024-03-28T17:31:24.524+0000] {logging_mixin.py:188} INFO - [2024-03-28T17:31:24.521+0000] {dagbag.py:540} INFO - Filling up the DagBag from /home/airflow/.local/lib/python3.8/site-packages/airflow/example_dags/example_bash_operator.py
[2024-03-28T17:31:24.686+0000] {processor.py:840} INFO - DAG(s) 'example_bash_operator' retrieved from /home/airflow/.local/lib/python3.8/site-packages/airflow/example_dags/example_bash_operator.py
[2024-03-28T17:31:24.896+0000] {logging_mixin.py:188} INFO - [2024-03-28T17:31:24.895+0000] {dag.py:3047} INFO - Sync 1 DAGs
[2024-03-28T17:31:26.685+0000] {logging_mixin.py:188} INFO - [2024-03-28T17:31:26.684+0000] {dag.py:3834} INFO - Setting next_dagrun for example_bash_operator to 2024-03-27 00:00:00+00:00, run_after=2024-03-28 00:00:00+00:00
[2024-03-28T17:31:26.894+0000] {processor.py:183} INFO - Processing /home/airflow/.local/lib/python3.8/site-packages/airflow/example_dags/example_bash_operator.py took 2.524 seconds
[2024-03-28T17:31:57.456+0000] {processor.py:161} INFO - Started process (PID=2275) to work on /home/airflow/.local/lib/python3.8/site-packages/airflow/example_dags/example_bash_operator.py
[2024-03-28T17:31:57.479+0000] {processor.py:830} INFO - Processing file /home/airflow/.local/lib/python3.8/site-packages/airflow/example_dags/example_bash_operator.py for tasks to queue
[2024-03-28T17:31:57.505+0000] {logging_mixin.py:188} INFO - [2024-03-28T17:31:57.497+0000] {dagbag.py:540} INFO - Filling up the DagBag from /home/airflow/.local/lib/python3.8/site-packages/airflow/example_dags/example_bash_operator.py
[2024-03-28T17:31:57.564+0000] {processor.py:840} INFO - DAG(s) 'example_bash_operator' retrieved from /home/airflow/.local/lib/python3.8/site-packages/airflow/example_dags/example_bash_operator.py
[2024-03-28T17:31:57.700+0000] {logging_mixin.py:188} INFO - [2024-03-28T17:31:57.699+0000] {dag.py:3047} INFO - Sync 1 DAGs
[2024-03-28T17:31:57.958+0000] {logging_mixin.py:188} INFO - [2024-03-28T17:31:57.954+0000] {dag.py:3834} INFO - Setting next_dagrun for example_bash_operator to 2024-03-27 00:00:00+00:00, run_after=2024-03-28 00:00:00+00:00
[2024-03-28T17:31:58.193+0000] {processor.py:183} INFO - Processing /home/airflow/.local/lib/python3.8/site-packages/airflow/example_dags/example_bash_operator.py took 0.762 seconds
[2024-03-28T17:32:28.347+0000] {processor.py:161} INFO - Started process (PID=2330) to work on /home/airflow/.local/lib/python3.8/site-packages/airflow/example_dags/example_bash_operator.py
[2024-03-28T17:32:28.354+0000] {processor.py:830} INFO - Processing file /home/airflow/.local/lib/python3.8/site-packages/airflow/example_dags/example_bash_operator.py for tasks to queue
[2024-03-28T17:32:28.360+0000] {logging_mixin.py:188} INFO - [2024-03-28T17:32:28.359+0000] {dagbag.py:540} INFO - Filling up the DagBag from /home/airflow/.local/lib/python3.8/site-packages/airflow/example_dags/example_bash_operator.py
[2024-03-28T17:32:28.386+0000] {processor.py:840} INFO - DAG(s) 'example_bash_operator' retrieved from /home/airflow/.local/lib/python3.8/site-packages/airflow/example_dags/example_bash_operator.py
[2024-03-28T17:32:28.449+0000] {logging_mixin.py:188} INFO - [2024-03-28T17:32:28.448+0000] {dag.py:3047} INFO - Sync 1 DAGs
[2024-03-28T17:32:28.506+0000] {logging_mixin.py:188} INFO - [2024-03-28T17:32:28.505+0000] {dag.py:3834} INFO - Setting next_dagrun for example_bash_operator to 2024-03-27 00:00:00+00:00, run_after=2024-03-28 00:00:00+00:00
[2024-03-28T17:32:28.545+0000] {processor.py:183} INFO - Processing /home/airflow/.local/lib/python3.8/site-packages/airflow/example_dags/example_bash_operator.py took 0.210 seconds
[2024-03-28T17:33:00.233+0000] {processor.py:161} INFO - Started process (PID=2383) to work on /home/airflow/.local/lib/python3.8/site-packages/airflow/example_dags/example_bash_operator.py
[2024-03-28T17:33:00.237+0000] {processor.py:830} INFO - Processing file /home/airflow/.local/lib/python3.8/site-packages/airflow/example_dags/example_bash_operator.py for tasks to queue
[2024-03-28T17:33:00.247+0000] {logging_mixin.py:188} INFO - [2024-03-28T17:33:00.242+0000] {dagbag.py:540} INFO - Filling up the DagBag from /home/airflow/.local/lib/python3.8/site-packages/airflow/example_dags/example_bash_operator.py
[2024-03-28T17:33:00.275+0000] {processor.py:840} INFO - DAG(s) 'example_bash_operator' retrieved from /home/airflow/.local/lib/python3.8/site-packages/airflow/example_dags/example_bash_operator.py
[2024-03-28T17:33:00.372+0000] {logging_mixin.py:188} INFO - [2024-03-28T17:33:00.370+0000] {dag.py:3047} INFO - Sync 1 DAGs
[2024-03-28T17:33:00.455+0000] {logging_mixin.py:188} INFO - [2024-03-28T17:33:00.451+0000] {dag.py:3834} INFO - Setting next_dagrun for example_bash_operator to 2024-03-27 00:00:00+00:00, run_after=2024-03-28 00:00:00+00:00
[2024-03-28T17:33:00.548+0000] {processor.py:183} INFO - Processing /home/airflow/.local/lib/python3.8/site-packages/airflow/example_dags/example_bash_operator.py took 0.324 seconds
