[2024-03-28T16:30:45.246+0000] {processor.py:161} INFO - Started process (PID=110) to work on /home/airflow/.local/lib/python3.8/site-packages/airflow/example_dags/example_branch_python_dop_operator_3.py
[2024-03-28T16:30:45.340+0000] {processor.py:830} INFO - Processing file /home/airflow/.local/lib/python3.8/site-packages/airflow/example_dags/example_branch_python_dop_operator_3.py for tasks to queue
[2024-03-28T16:30:45.419+0000] {logging_mixin.py:188} INFO - [2024-03-28T16:30:45.410+0000] {dagbag.py:540} INFO - Filling up the DagBag from /home/airflow/.local/lib/python3.8/site-packages/airflow/example_dags/example_branch_python_dop_operator_3.py
[2024-03-28T16:30:46.223+0000] {processor.py:840} INFO - DAG(s) 'example_branch_dop_operator_v3' retrieved from /home/airflow/.local/lib/python3.8/site-packages/airflow/example_dags/example_branch_python_dop_operator_3.py
[2024-03-28T16:30:52.036+0000] {logging_mixin.py:188} INFO - [2024-03-28T16:30:52.012+0000] {override.py:1769} INFO - Created Permission View: can edit on DAG:example_branch_dop_operator_v3
[2024-03-28T16:30:53.101+0000] {logging_mixin.py:188} INFO - [2024-03-28T16:30:53.100+0000] {override.py:1769} INFO - Created Permission View: can read on DAG:example_branch_dop_operator_v3
[2024-03-28T16:30:53.630+0000] {logging_mixin.py:188} INFO - [2024-03-28T16:30:53.623+0000] {override.py:1769} INFO - Created Permission View: can delete on DAG:example_branch_dop_operator_v3
[2024-03-28T16:30:53.697+0000] {logging_mixin.py:188} INFO - [2024-03-28T16:30:53.648+0000] {dag.py:3047} INFO - Sync 1 DAGs
[2024-03-28T16:30:54.374+0000] {logging_mixin.py:188} INFO - [2024-03-28T16:30:54.373+0000] {dag.py:3069} INFO - Creating ORM DAG for example_branch_dop_operator_v3
[2024-03-28T16:30:55.696+0000] {logging_mixin.py:188} INFO - [2024-03-28T16:30:55.663+0000] {dag.py:3834} INFO - Setting next_dagrun for example_branch_dop_operator_v3 to 2024-03-28 16:29:00+00:00, run_after=2024-03-28 16:30:00+00:00
[2024-03-28T16:30:56.172+0000] {processor.py:183} INFO - Processing /home/airflow/.local/lib/python3.8/site-packages/airflow/example_dags/example_branch_python_dop_operator_3.py took 11.390 seconds
[2024-03-28T16:35:11.831+0000] {processor.py:161} INFO - Started process (PID=205) to work on /home/airflow/.local/lib/python3.8/site-packages/airflow/example_dags/example_branch_python_dop_operator_3.py
[2024-03-28T16:35:11.885+0000] {processor.py:830} INFO - Processing file /home/airflow/.local/lib/python3.8/site-packages/airflow/example_dags/example_branch_python_dop_operator_3.py for tasks to queue
[2024-03-28T16:35:12.130+0000] {logging_mixin.py:188} INFO - [2024-03-28T16:35:12.092+0000] {dagbag.py:540} INFO - Filling up the DagBag from /home/airflow/.local/lib/python3.8/site-packages/airflow/example_dags/example_branch_python_dop_operator_3.py
[2024-03-28T16:35:12.896+0000] {processor.py:840} INFO - DAG(s) 'example_branch_dop_operator_v3' retrieved from /home/airflow/.local/lib/python3.8/site-packages/airflow/example_dags/example_branch_python_dop_operator_3.py
[2024-03-28T16:35:14.168+0000] {logging_mixin.py:188} INFO - [2024-03-28T16:35:14.168+0000] {dag.py:3047} INFO - Sync 1 DAGs
[2024-03-28T16:35:15.839+0000] {logging_mixin.py:188} INFO - [2024-03-28T16:35:15.837+0000] {dag.py:3834} INFO - Setting next_dagrun for example_branch_dop_operator_v3 to 2024-03-28 16:34:00+00:00, run_after=2024-03-28 16:35:00+00:00
[2024-03-28T16:35:17.067+0000] {processor.py:183} INFO - Processing /home/airflow/.local/lib/python3.8/site-packages/airflow/example_dags/example_branch_python_dop_operator_3.py took 5.459 seconds
[2024-03-28T16:37:49.982+0000] {processor.py:161} INFO - Started process (PID=279) to work on /home/airflow/.local/lib/python3.8/site-packages/airflow/example_dags/example_branch_python_dop_operator_3.py
[2024-03-28T16:37:50.031+0000] {processor.py:830} INFO - Processing file /home/airflow/.local/lib/python3.8/site-packages/airflow/example_dags/example_branch_python_dop_operator_3.py for tasks to queue
[2024-03-28T16:37:50.104+0000] {logging_mixin.py:188} INFO - [2024-03-28T16:37:50.103+0000] {dagbag.py:540} INFO - Filling up the DagBag from /home/airflow/.local/lib/python3.8/site-packages/airflow/example_dags/example_branch_python_dop_operator_3.py
[2024-03-28T16:37:50.618+0000] {processor.py:840} INFO - DAG(s) 'example_branch_dop_operator_v3' retrieved from /home/airflow/.local/lib/python3.8/site-packages/airflow/example_dags/example_branch_python_dop_operator_3.py
[2024-03-28T16:37:51.167+0000] {logging_mixin.py:188} INFO - [2024-03-28T16:37:51.166+0000] {dag.py:3047} INFO - Sync 1 DAGs
[2024-03-28T16:37:53.076+0000] {logging_mixin.py:188} INFO - [2024-03-28T16:37:52.848+0000] {dag.py:3834} INFO - Setting next_dagrun for example_branch_dop_operator_v3 to 2024-03-28 16:36:00+00:00, run_after=2024-03-28 16:37:00+00:00
[2024-03-28T16:37:54.424+0000] {processor.py:183} INFO - Processing /home/airflow/.local/lib/python3.8/site-packages/airflow/example_dags/example_branch_python_dop_operator_3.py took 4.760 seconds
[2024-03-28T16:40:10.110+0000] {processor.py:161} INFO - Started process (PID=341) to work on /home/airflow/.local/lib/python3.8/site-packages/airflow/example_dags/example_branch_python_dop_operator_3.py
[2024-03-28T16:40:10.149+0000] {processor.py:830} INFO - Processing file /home/airflow/.local/lib/python3.8/site-packages/airflow/example_dags/example_branch_python_dop_operator_3.py for tasks to queue
[2024-03-28T16:40:10.234+0000] {logging_mixin.py:188} INFO - [2024-03-28T16:40:10.232+0000] {dagbag.py:540} INFO - Filling up the DagBag from /home/airflow/.local/lib/python3.8/site-packages/airflow/example_dags/example_branch_python_dop_operator_3.py
[2024-03-28T16:40:10.584+0000] {processor.py:840} INFO - DAG(s) 'example_branch_dop_operator_v3' retrieved from /home/airflow/.local/lib/python3.8/site-packages/airflow/example_dags/example_branch_python_dop_operator_3.py
[2024-03-28T16:40:12.296+0000] {logging_mixin.py:188} INFO - [2024-03-28T16:40:12.279+0000] {dag.py:3047} INFO - Sync 1 DAGs
[2024-03-28T16:40:14.663+0000] {logging_mixin.py:188} INFO - [2024-03-28T16:40:14.656+0000] {dag.py:3834} INFO - Setting next_dagrun for example_branch_dop_operator_v3 to 2024-03-28 16:39:00+00:00, run_after=2024-03-28 16:40:00+00:00
[2024-03-28T16:40:15.964+0000] {processor.py:183} INFO - Processing /home/airflow/.local/lib/python3.8/site-packages/airflow/example_dags/example_branch_python_dop_operator_3.py took 6.381 seconds
[2024-03-28T16:43:22.566+0000] {processor.py:161} INFO - Started process (PID=419) to work on /home/airflow/.local/lib/python3.8/site-packages/airflow/example_dags/example_branch_python_dop_operator_3.py
[2024-03-28T16:43:22.598+0000] {processor.py:830} INFO - Processing file /home/airflow/.local/lib/python3.8/site-packages/airflow/example_dags/example_branch_python_dop_operator_3.py for tasks to queue
[2024-03-28T16:43:22.647+0000] {logging_mixin.py:188} INFO - [2024-03-28T16:43:22.645+0000] {dagbag.py:540} INFO - Filling up the DagBag from /home/airflow/.local/lib/python3.8/site-packages/airflow/example_dags/example_branch_python_dop_operator_3.py
[2024-03-28T16:43:23.308+0000] {processor.py:840} INFO - DAG(s) 'example_branch_dop_operator_v3' retrieved from /home/airflow/.local/lib/python3.8/site-packages/airflow/example_dags/example_branch_python_dop_operator_3.py
[2024-03-28T16:43:24.942+0000] {logging_mixin.py:188} INFO - [2024-03-28T16:43:24.940+0000] {dag.py:3047} INFO - Sync 1 DAGs
[2024-03-28T16:43:27.282+0000] {logging_mixin.py:188} INFO - [2024-03-28T16:43:27.281+0000] {dag.py:3834} INFO - Setting next_dagrun for example_branch_dop_operator_v3 to 2024-03-28 16:42:00+00:00, run_after=2024-03-28 16:43:00+00:00
[2024-03-28T16:43:28.021+0000] {processor.py:183} INFO - Processing /home/airflow/.local/lib/python3.8/site-packages/airflow/example_dags/example_branch_python_dop_operator_3.py took 5.606 seconds
[2024-03-28T16:50:37.424+0000] {processor.py:161} INFO - Started process (PID=526) to work on /home/airflow/.local/lib/python3.8/site-packages/airflow/example_dags/example_branch_python_dop_operator_3.py
[2024-03-28T16:50:37.432+0000] {processor.py:830} INFO - Processing file /home/airflow/.local/lib/python3.8/site-packages/airflow/example_dags/example_branch_python_dop_operator_3.py for tasks to queue
[2024-03-28T16:50:37.661+0000] {logging_mixin.py:188} INFO - [2024-03-28T16:50:37.659+0000] {dagbag.py:540} INFO - Filling up the DagBag from /home/airflow/.local/lib/python3.8/site-packages/airflow/example_dags/example_branch_python_dop_operator_3.py
[2024-03-28T16:50:40.382+0000] {processor.py:840} INFO - DAG(s) 'example_branch_dop_operator_v3' retrieved from /home/airflow/.local/lib/python3.8/site-packages/airflow/example_dags/example_branch_python_dop_operator_3.py
[2024-03-28T16:50:41.483+0000] {logging_mixin.py:188} INFO - [2024-03-28T16:50:41.481+0000] {dag.py:3047} INFO - Sync 1 DAGs
[2024-03-28T16:50:43.298+0000] {logging_mixin.py:188} INFO - [2024-03-28T16:50:43.297+0000] {dag.py:3834} INFO - Setting next_dagrun for example_branch_dop_operator_v3 to 2024-03-28 16:49:00+00:00, run_after=2024-03-28 16:50:00+00:00
[2024-03-28T16:50:46.303+0000] {processor.py:183} INFO - Processing /home/airflow/.local/lib/python3.8/site-packages/airflow/example_dags/example_branch_python_dop_operator_3.py took 9.317 seconds
[2024-03-28T17:05:45.069+0000] {processor.py:161} INFO - Started process (PID=51) to work on /home/airflow/.local/lib/python3.8/site-packages/airflow/example_dags/example_branch_python_dop_operator_3.py
[2024-03-28T17:05:45.125+0000] {processor.py:830} INFO - Processing file /home/airflow/.local/lib/python3.8/site-packages/airflow/example_dags/example_branch_python_dop_operator_3.py for tasks to queue
[2024-03-28T17:05:45.165+0000] {logging_mixin.py:188} INFO - [2024-03-28T17:05:45.160+0000] {dagbag.py:540} INFO - Filling up the DagBag from /home/airflow/.local/lib/python3.8/site-packages/airflow/example_dags/example_branch_python_dop_operator_3.py
[2024-03-28T17:05:45.292+0000] {processor.py:840} INFO - DAG(s) 'example_branch_dop_operator_v3' retrieved from /home/airflow/.local/lib/python3.8/site-packages/airflow/example_dags/example_branch_python_dop_operator_3.py
[2024-03-28T17:05:46.638+0000] {logging_mixin.py:188} INFO - [2024-03-28T17:05:46.637+0000] {dag.py:3047} INFO - Sync 1 DAGs
[2024-03-28T17:05:46.827+0000] {logging_mixin.py:188} INFO - [2024-03-28T17:05:46.827+0000] {dag.py:3834} INFO - Setting next_dagrun for example_branch_dop_operator_v3 to 2024-03-28 17:04:00+00:00, run_after=2024-03-28 17:05:00+00:00
[2024-03-28T17:05:46.962+0000] {processor.py:183} INFO - Processing /home/airflow/.local/lib/python3.8/site-packages/airflow/example_dags/example_branch_python_dop_operator_3.py took 1.906 seconds
[2024-03-28T17:07:17.219+0000] {processor.py:161} INFO - Started process (PID=118) to work on /home/airflow/.local/lib/python3.8/site-packages/airflow/example_dags/example_branch_python_dop_operator_3.py
[2024-03-28T17:07:17.230+0000] {processor.py:830} INFO - Processing file /home/airflow/.local/lib/python3.8/site-packages/airflow/example_dags/example_branch_python_dop_operator_3.py for tasks to queue
[2024-03-28T17:07:17.247+0000] {logging_mixin.py:188} INFO - [2024-03-28T17:07:17.243+0000] {dagbag.py:540} INFO - Filling up the DagBag from /home/airflow/.local/lib/python3.8/site-packages/airflow/example_dags/example_branch_python_dop_operator_3.py
[2024-03-28T17:07:17.327+0000] {processor.py:840} INFO - DAG(s) 'example_branch_dop_operator_v3' retrieved from /home/airflow/.local/lib/python3.8/site-packages/airflow/example_dags/example_branch_python_dop_operator_3.py
[2024-03-28T17:07:17.461+0000] {logging_mixin.py:188} INFO - [2024-03-28T17:07:17.461+0000] {dag.py:3047} INFO - Sync 1 DAGs
[2024-03-28T17:07:17.672+0000] {logging_mixin.py:188} INFO - [2024-03-28T17:07:17.672+0000] {dag.py:3834} INFO - Setting next_dagrun for example_branch_dop_operator_v3 to 2024-03-28 17:06:00+00:00, run_after=2024-03-28 17:07:00+00:00
[2024-03-28T17:07:17.859+0000] {processor.py:183} INFO - Processing /home/airflow/.local/lib/python3.8/site-packages/airflow/example_dags/example_branch_python_dop_operator_3.py took 0.668 seconds
[2024-03-28T17:08:01.207+0000] {processor.py:161} INFO - Started process (PID=173) to work on /home/airflow/.local/lib/python3.8/site-packages/airflow/example_dags/example_branch_python_dop_operator_3.py
[2024-03-28T17:08:01.222+0000] {processor.py:830} INFO - Processing file /home/airflow/.local/lib/python3.8/site-packages/airflow/example_dags/example_branch_python_dop_operator_3.py for tasks to queue
[2024-03-28T17:08:01.242+0000] {logging_mixin.py:188} INFO - [2024-03-28T17:08:01.241+0000] {dagbag.py:540} INFO - Filling up the DagBag from /home/airflow/.local/lib/python3.8/site-packages/airflow/example_dags/example_branch_python_dop_operator_3.py
[2024-03-28T17:08:01.364+0000] {processor.py:840} INFO - DAG(s) 'example_branch_dop_operator_v3' retrieved from /home/airflow/.local/lib/python3.8/site-packages/airflow/example_dags/example_branch_python_dop_operator_3.py
[2024-03-28T17:08:01.657+0000] {logging_mixin.py:188} INFO - [2024-03-28T17:08:01.657+0000] {dag.py:3047} INFO - Sync 1 DAGs
[2024-03-28T17:08:02.236+0000] {logging_mixin.py:188} INFO - [2024-03-28T17:08:02.232+0000] {dag.py:3834} INFO - Setting next_dagrun for example_branch_dop_operator_v3 to 2024-03-28 17:07:00+00:00, run_after=2024-03-28 17:08:00+00:00
[2024-03-28T17:08:02.366+0000] {processor.py:183} INFO - Processing /home/airflow/.local/lib/python3.8/site-packages/airflow/example_dags/example_branch_python_dop_operator_3.py took 1.205 seconds
[2024-03-28T17:08:45.762+0000] {processor.py:161} INFO - Started process (PID=231) to work on /home/airflow/.local/lib/python3.8/site-packages/airflow/example_dags/example_branch_python_dop_operator_3.py
[2024-03-28T17:08:45.777+0000] {processor.py:830} INFO - Processing file /home/airflow/.local/lib/python3.8/site-packages/airflow/example_dags/example_branch_python_dop_operator_3.py for tasks to queue
[2024-03-28T17:08:45.801+0000] {logging_mixin.py:188} INFO - [2024-03-28T17:08:45.795+0000] {dagbag.py:540} INFO - Filling up the DagBag from /home/airflow/.local/lib/python3.8/site-packages/airflow/example_dags/example_branch_python_dop_operator_3.py
[2024-03-28T17:08:45.912+0000] {processor.py:840} INFO - DAG(s) 'example_branch_dop_operator_v3' retrieved from /home/airflow/.local/lib/python3.8/site-packages/airflow/example_dags/example_branch_python_dop_operator_3.py
[2024-03-28T17:08:46.244+0000] {logging_mixin.py:188} INFO - [2024-03-28T17:08:46.243+0000] {dag.py:3047} INFO - Sync 1 DAGs
[2024-03-28T17:08:46.850+0000] {logging_mixin.py:188} INFO - [2024-03-28T17:08:46.849+0000] {dag.py:3834} INFO - Setting next_dagrun for example_branch_dop_operator_v3 to 2024-03-28 17:07:00+00:00, run_after=2024-03-28 17:08:00+00:00
[2024-03-28T17:08:47.469+0000] {processor.py:183} INFO - Processing /home/airflow/.local/lib/python3.8/site-packages/airflow/example_dags/example_branch_python_dop_operator_3.py took 1.745 seconds
[2024-03-28T17:09:56.168+0000] {processor.py:161} INFO - Started process (PID=283) to work on /home/airflow/.local/lib/python3.8/site-packages/airflow/example_dags/example_branch_python_dop_operator_3.py
[2024-03-28T17:09:56.223+0000] {processor.py:830} INFO - Processing file /home/airflow/.local/lib/python3.8/site-packages/airflow/example_dags/example_branch_python_dop_operator_3.py for tasks to queue
[2024-03-28T17:09:57.177+0000] {logging_mixin.py:188} INFO - [2024-03-28T17:09:57.163+0000] {dagbag.py:540} INFO - Filling up the DagBag from /home/airflow/.local/lib/python3.8/site-packages/airflow/example_dags/example_branch_python_dop_operator_3.py
[2024-03-28T17:09:58.766+0000] {processor.py:840} INFO - DAG(s) 'example_branch_dop_operator_v3' retrieved from /home/airflow/.local/lib/python3.8/site-packages/airflow/example_dags/example_branch_python_dop_operator_3.py
[2024-03-28T17:10:01.265+0000] {logging_mixin.py:188} INFO - [2024-03-28T17:10:01.261+0000] {dag.py:3047} INFO - Sync 1 DAGs
[2024-03-28T17:10:05.918+0000] {logging_mixin.py:188} INFO - [2024-03-28T17:10:05.704+0000] {dag.py:3834} INFO - Setting next_dagrun for example_branch_dop_operator_v3 to 2024-03-28 17:09:00+00:00, run_after=2024-03-28 17:10:00+00:00
[2024-03-28T17:10:16.733+0000] {processor.py:183} INFO - Processing /home/airflow/.local/lib/python3.8/site-packages/airflow/example_dags/example_branch_python_dop_operator_3.py took 20.819 seconds
[2024-03-28T17:11:11.088+0000] {processor.py:161} INFO - Started process (PID=345) to work on /home/airflow/.local/lib/python3.8/site-packages/airflow/example_dags/example_branch_python_dop_operator_3.py
[2024-03-28T17:11:11.112+0000] {processor.py:830} INFO - Processing file /home/airflow/.local/lib/python3.8/site-packages/airflow/example_dags/example_branch_python_dop_operator_3.py for tasks to queue
[2024-03-28T17:11:11.137+0000] {logging_mixin.py:188} INFO - [2024-03-28T17:11:11.133+0000] {dagbag.py:540} INFO - Filling up the DagBag from /home/airflow/.local/lib/python3.8/site-packages/airflow/example_dags/example_branch_python_dop_operator_3.py
[2024-03-28T17:11:11.228+0000] {processor.py:840} INFO - DAG(s) 'example_branch_dop_operator_v3' retrieved from /home/airflow/.local/lib/python3.8/site-packages/airflow/example_dags/example_branch_python_dop_operator_3.py
[2024-03-28T17:11:11.386+0000] {logging_mixin.py:188} INFO - [2024-03-28T17:11:11.385+0000] {dag.py:3047} INFO - Sync 1 DAGs
[2024-03-28T17:11:11.925+0000] {logging_mixin.py:188} INFO - [2024-03-28T17:11:11.925+0000] {dag.py:3834} INFO - Setting next_dagrun for example_branch_dop_operator_v3 to 2024-03-28 17:10:00+00:00, run_after=2024-03-28 17:11:00+00:00
[2024-03-28T17:11:12.221+0000] {processor.py:183} INFO - Processing /home/airflow/.local/lib/python3.8/site-packages/airflow/example_dags/example_branch_python_dop_operator_3.py took 1.192 seconds
[2024-03-28T17:11:47.329+0000] {processor.py:161} INFO - Started process (PID=379) to work on /home/airflow/.local/lib/python3.8/site-packages/airflow/example_dags/example_branch_python_dop_operator_3.py
[2024-03-28T17:11:47.346+0000] {processor.py:830} INFO - Processing file /home/airflow/.local/lib/python3.8/site-packages/airflow/example_dags/example_branch_python_dop_operator_3.py for tasks to queue
[2024-03-28T17:11:47.365+0000] {logging_mixin.py:188} INFO - [2024-03-28T17:11:47.364+0000] {dagbag.py:540} INFO - Filling up the DagBag from /home/airflow/.local/lib/python3.8/site-packages/airflow/example_dags/example_branch_python_dop_operator_3.py
[2024-03-28T17:11:47.432+0000] {processor.py:840} INFO - DAG(s) 'example_branch_dop_operator_v3' retrieved from /home/airflow/.local/lib/python3.8/site-packages/airflow/example_dags/example_branch_python_dop_operator_3.py
[2024-03-28T17:11:47.573+0000] {logging_mixin.py:188} INFO - [2024-03-28T17:11:47.573+0000] {dag.py:3047} INFO - Sync 1 DAGs
[2024-03-28T17:11:47.781+0000] {logging_mixin.py:188} INFO - [2024-03-28T17:11:47.781+0000] {dag.py:3834} INFO - Setting next_dagrun for example_branch_dop_operator_v3 to 2024-03-28 17:10:00+00:00, run_after=2024-03-28 17:11:00+00:00
[2024-03-28T17:11:47.928+0000] {processor.py:183} INFO - Processing /home/airflow/.local/lib/python3.8/site-packages/airflow/example_dags/example_branch_python_dop_operator_3.py took 0.659 seconds
[2024-03-28T17:12:26.800+0000] {processor.py:161} INFO - Started process (PID=433) to work on /home/airflow/.local/lib/python3.8/site-packages/airflow/example_dags/example_branch_python_dop_operator_3.py
[2024-03-28T17:12:26.817+0000] {processor.py:830} INFO - Processing file /home/airflow/.local/lib/python3.8/site-packages/airflow/example_dags/example_branch_python_dop_operator_3.py for tasks to queue
[2024-03-28T17:12:26.825+0000] {logging_mixin.py:188} INFO - [2024-03-28T17:12:26.824+0000] {dagbag.py:540} INFO - Filling up the DagBag from /home/airflow/.local/lib/python3.8/site-packages/airflow/example_dags/example_branch_python_dop_operator_3.py
[2024-03-28T17:12:26.913+0000] {processor.py:840} INFO - DAG(s) 'example_branch_dop_operator_v3' retrieved from /home/airflow/.local/lib/python3.8/site-packages/airflow/example_dags/example_branch_python_dop_operator_3.py
[2024-03-28T17:12:27.114+0000] {logging_mixin.py:188} INFO - [2024-03-28T17:12:27.113+0000] {dag.py:3047} INFO - Sync 1 DAGs
[2024-03-28T17:12:27.369+0000] {logging_mixin.py:188} INFO - [2024-03-28T17:12:27.369+0000] {dag.py:3834} INFO - Setting next_dagrun for example_branch_dop_operator_v3 to 2024-03-28 17:11:00+00:00, run_after=2024-03-28 17:12:00+00:00
[2024-03-28T17:12:27.580+0000] {processor.py:183} INFO - Processing /home/airflow/.local/lib/python3.8/site-packages/airflow/example_dags/example_branch_python_dop_operator_3.py took 0.873 seconds
[2024-03-28T17:12:58.032+0000] {processor.py:161} INFO - Started process (PID=489) to work on /home/airflow/.local/lib/python3.8/site-packages/airflow/example_dags/example_branch_python_dop_operator_3.py
[2024-03-28T17:12:58.059+0000] {processor.py:830} INFO - Processing file /home/airflow/.local/lib/python3.8/site-packages/airflow/example_dags/example_branch_python_dop_operator_3.py for tasks to queue
[2024-03-28T17:12:58.107+0000] {logging_mixin.py:188} INFO - [2024-03-28T17:12:58.106+0000] {dagbag.py:540} INFO - Filling up the DagBag from /home/airflow/.local/lib/python3.8/site-packages/airflow/example_dags/example_branch_python_dop_operator_3.py
[2024-03-28T17:12:58.148+0000] {processor.py:840} INFO - DAG(s) 'example_branch_dop_operator_v3' retrieved from /home/airflow/.local/lib/python3.8/site-packages/airflow/example_dags/example_branch_python_dop_operator_3.py
[2024-03-28T17:12:58.213+0000] {logging_mixin.py:188} INFO - [2024-03-28T17:12:58.212+0000] {dag.py:3047} INFO - Sync 1 DAGs
[2024-03-28T17:12:58.291+0000] {logging_mixin.py:188} INFO - [2024-03-28T17:12:58.291+0000] {dag.py:3834} INFO - Setting next_dagrun for example_branch_dop_operator_v3 to 2024-03-28 17:11:00+00:00, run_after=2024-03-28 17:12:00+00:00
[2024-03-28T17:12:58.334+0000] {processor.py:183} INFO - Processing /home/airflow/.local/lib/python3.8/site-packages/airflow/example_dags/example_branch_python_dop_operator_3.py took 0.351 seconds
[2024-03-28T17:13:36.623+0000] {processor.py:161} INFO - Started process (PID=544) to work on /home/airflow/.local/lib/python3.8/site-packages/airflow/example_dags/example_branch_python_dop_operator_3.py
[2024-03-28T17:13:36.628+0000] {processor.py:830} INFO - Processing file /home/airflow/.local/lib/python3.8/site-packages/airflow/example_dags/example_branch_python_dop_operator_3.py for tasks to queue
[2024-03-28T17:13:36.634+0000] {logging_mixin.py:188} INFO - [2024-03-28T17:13:36.633+0000] {dagbag.py:540} INFO - Filling up the DagBag from /home/airflow/.local/lib/python3.8/site-packages/airflow/example_dags/example_branch_python_dop_operator_3.py
[2024-03-28T17:13:36.666+0000] {processor.py:840} INFO - DAG(s) 'example_branch_dop_operator_v3' retrieved from /home/airflow/.local/lib/python3.8/site-packages/airflow/example_dags/example_branch_python_dop_operator_3.py
[2024-03-28T17:13:36.747+0000] {logging_mixin.py:188} INFO - [2024-03-28T17:13:36.746+0000] {dag.py:3047} INFO - Sync 1 DAGs
[2024-03-28T17:13:36.848+0000] {logging_mixin.py:188} INFO - [2024-03-28T17:13:36.847+0000] {dag.py:3834} INFO - Setting next_dagrun for example_branch_dop_operator_v3 to 2024-03-28 17:12:00+00:00, run_after=2024-03-28 17:13:00+00:00
[2024-03-28T17:13:36.961+0000] {processor.py:183} INFO - Processing /home/airflow/.local/lib/python3.8/site-packages/airflow/example_dags/example_branch_python_dop_operator_3.py took 0.349 seconds
[2024-03-28T17:14:15.549+0000] {processor.py:161} INFO - Started process (PID=595) to work on /home/airflow/.local/lib/python3.8/site-packages/airflow/example_dags/example_branch_python_dop_operator_3.py
[2024-03-28T17:14:15.560+0000] {processor.py:830} INFO - Processing file /home/airflow/.local/lib/python3.8/site-packages/airflow/example_dags/example_branch_python_dop_operator_3.py for tasks to queue
[2024-03-28T17:14:15.610+0000] {logging_mixin.py:188} INFO - [2024-03-28T17:14:15.608+0000] {dagbag.py:540} INFO - Filling up the DagBag from /home/airflow/.local/lib/python3.8/site-packages/airflow/example_dags/example_branch_python_dop_operator_3.py
[2024-03-28T17:14:15.808+0000] {processor.py:840} INFO - DAG(s) 'example_branch_dop_operator_v3' retrieved from /home/airflow/.local/lib/python3.8/site-packages/airflow/example_dags/example_branch_python_dop_operator_3.py
[2024-03-28T17:14:16.055+0000] {logging_mixin.py:188} INFO - [2024-03-28T17:14:16.049+0000] {dag.py:3047} INFO - Sync 1 DAGs
[2024-03-28T17:14:16.377+0000] {logging_mixin.py:188} INFO - [2024-03-28T17:14:16.376+0000] {dag.py:3834} INFO - Setting next_dagrun for example_branch_dop_operator_v3 to 2024-03-28 17:13:00+00:00, run_after=2024-03-28 17:14:00+00:00
[2024-03-28T17:14:16.624+0000] {processor.py:183} INFO - Processing /home/airflow/.local/lib/python3.8/site-packages/airflow/example_dags/example_branch_python_dop_operator_3.py took 1.144 seconds
[2024-03-28T17:14:47.583+0000] {processor.py:161} INFO - Started process (PID=649) to work on /home/airflow/.local/lib/python3.8/site-packages/airflow/example_dags/example_branch_python_dop_operator_3.py
[2024-03-28T17:14:47.599+0000] {processor.py:830} INFO - Processing file /home/airflow/.local/lib/python3.8/site-packages/airflow/example_dags/example_branch_python_dop_operator_3.py for tasks to queue
[2024-03-28T17:14:47.623+0000] {logging_mixin.py:188} INFO - [2024-03-28T17:14:47.617+0000] {dagbag.py:540} INFO - Filling up the DagBag from /home/airflow/.local/lib/python3.8/site-packages/airflow/example_dags/example_branch_python_dop_operator_3.py
[2024-03-28T17:14:47.680+0000] {processor.py:840} INFO - DAG(s) 'example_branch_dop_operator_v3' retrieved from /home/airflow/.local/lib/python3.8/site-packages/airflow/example_dags/example_branch_python_dop_operator_3.py
[2024-03-28T17:14:47.874+0000] {logging_mixin.py:188} INFO - [2024-03-28T17:14:47.873+0000] {dag.py:3047} INFO - Sync 1 DAGs
[2024-03-28T17:14:48.026+0000] {logging_mixin.py:188} INFO - [2024-03-28T17:14:48.025+0000] {dag.py:3834} INFO - Setting next_dagrun for example_branch_dop_operator_v3 to 2024-03-28 17:13:00+00:00, run_after=2024-03-28 17:14:00+00:00
[2024-03-28T17:14:48.112+0000] {processor.py:183} INFO - Processing /home/airflow/.local/lib/python3.8/site-packages/airflow/example_dags/example_branch_python_dop_operator_3.py took 0.559 seconds
[2024-03-28T17:15:27.145+0000] {processor.py:161} INFO - Started process (PID=703) to work on /home/airflow/.local/lib/python3.8/site-packages/airflow/example_dags/example_branch_python_dop_operator_3.py
[2024-03-28T17:15:27.163+0000] {processor.py:830} INFO - Processing file /home/airflow/.local/lib/python3.8/site-packages/airflow/example_dags/example_branch_python_dop_operator_3.py for tasks to queue
[2024-03-28T17:15:27.179+0000] {logging_mixin.py:188} INFO - [2024-03-28T17:15:27.174+0000] {dagbag.py:540} INFO - Filling up the DagBag from /home/airflow/.local/lib/python3.8/site-packages/airflow/example_dags/example_branch_python_dop_operator_3.py
[2024-03-28T17:15:27.280+0000] {processor.py:840} INFO - DAG(s) 'example_branch_dop_operator_v3' retrieved from /home/airflow/.local/lib/python3.8/site-packages/airflow/example_dags/example_branch_python_dop_operator_3.py
[2024-03-28T17:15:27.505+0000] {logging_mixin.py:188} INFO - [2024-03-28T17:15:27.505+0000] {dag.py:3047} INFO - Sync 1 DAGs
[2024-03-28T17:15:28.132+0000] {logging_mixin.py:188} INFO - [2024-03-28T17:15:28.131+0000] {dag.py:3834} INFO - Setting next_dagrun for example_branch_dop_operator_v3 to 2024-03-28 17:14:00+00:00, run_after=2024-03-28 17:15:00+00:00
[2024-03-28T17:15:28.632+0000] {processor.py:183} INFO - Processing /home/airflow/.local/lib/python3.8/site-packages/airflow/example_dags/example_branch_python_dop_operator_3.py took 1.507 seconds
[2024-03-28T17:15:59.340+0000] {processor.py:161} INFO - Started process (PID=764) to work on /home/airflow/.local/lib/python3.8/site-packages/airflow/example_dags/example_branch_python_dop_operator_3.py
[2024-03-28T17:15:59.352+0000] {processor.py:830} INFO - Processing file /home/airflow/.local/lib/python3.8/site-packages/airflow/example_dags/example_branch_python_dop_operator_3.py for tasks to queue
[2024-03-28T17:15:59.364+0000] {logging_mixin.py:188} INFO - [2024-03-28T17:15:59.363+0000] {dagbag.py:540} INFO - Filling up the DagBag from /home/airflow/.local/lib/python3.8/site-packages/airflow/example_dags/example_branch_python_dop_operator_3.py
[2024-03-28T17:15:59.571+0000] {processor.py:840} INFO - DAG(s) 'example_branch_dop_operator_v3' retrieved from /home/airflow/.local/lib/python3.8/site-packages/airflow/example_dags/example_branch_python_dop_operator_3.py
[2024-03-28T17:16:00.067+0000] {logging_mixin.py:188} INFO - [2024-03-28T17:16:00.066+0000] {dag.py:3047} INFO - Sync 1 DAGs
[2024-03-28T17:16:00.217+0000] {logging_mixin.py:188} INFO - [2024-03-28T17:16:00.216+0000] {dag.py:3834} INFO - Setting next_dagrun for example_branch_dop_operator_v3 to 2024-03-28 17:15:00+00:00, run_after=2024-03-28 17:16:00+00:00
[2024-03-28T17:16:00.367+0000] {processor.py:183} INFO - Processing /home/airflow/.local/lib/python3.8/site-packages/airflow/example_dags/example_branch_python_dop_operator_3.py took 1.097 seconds
[2024-03-28T17:16:30.807+0000] {processor.py:161} INFO - Started process (PID=819) to work on /home/airflow/.local/lib/python3.8/site-packages/airflow/example_dags/example_branch_python_dop_operator_3.py
[2024-03-28T17:16:30.811+0000] {processor.py:830} INFO - Processing file /home/airflow/.local/lib/python3.8/site-packages/airflow/example_dags/example_branch_python_dop_operator_3.py for tasks to queue
[2024-03-28T17:16:30.819+0000] {logging_mixin.py:188} INFO - [2024-03-28T17:16:30.818+0000] {dagbag.py:540} INFO - Filling up the DagBag from /home/airflow/.local/lib/python3.8/site-packages/airflow/example_dags/example_branch_python_dop_operator_3.py
[2024-03-28T17:16:30.843+0000] {processor.py:840} INFO - DAG(s) 'example_branch_dop_operator_v3' retrieved from /home/airflow/.local/lib/python3.8/site-packages/airflow/example_dags/example_branch_python_dop_operator_3.py
[2024-03-28T17:16:30.921+0000] {logging_mixin.py:188} INFO - [2024-03-28T17:16:30.920+0000] {dag.py:3047} INFO - Sync 1 DAGs
[2024-03-28T17:16:31.204+0000] {logging_mixin.py:188} INFO - [2024-03-28T17:16:31.203+0000] {dag.py:3834} INFO - Setting next_dagrun for example_branch_dop_operator_v3 to 2024-03-28 17:15:00+00:00, run_after=2024-03-28 17:16:00+00:00
[2024-03-28T17:16:31.379+0000] {processor.py:183} INFO - Processing /home/airflow/.local/lib/python3.8/site-packages/airflow/example_dags/example_branch_python_dop_operator_3.py took 0.581 seconds
[2024-03-28T17:17:03.678+0000] {processor.py:161} INFO - Started process (PID=874) to work on /home/airflow/.local/lib/python3.8/site-packages/airflow/example_dags/example_branch_python_dop_operator_3.py
[2024-03-28T17:17:03.719+0000] {processor.py:830} INFO - Processing file /home/airflow/.local/lib/python3.8/site-packages/airflow/example_dags/example_branch_python_dop_operator_3.py for tasks to queue
[2024-03-28T17:17:03.763+0000] {logging_mixin.py:188} INFO - [2024-03-28T17:17:03.761+0000] {dagbag.py:540} INFO - Filling up the DagBag from /home/airflow/.local/lib/python3.8/site-packages/airflow/example_dags/example_branch_python_dop_operator_3.py
[2024-03-28T17:17:03.802+0000] {processor.py:840} INFO - DAG(s) 'example_branch_dop_operator_v3' retrieved from /home/airflow/.local/lib/python3.8/site-packages/airflow/example_dags/example_branch_python_dop_operator_3.py
[2024-03-28T17:17:03.884+0000] {logging_mixin.py:188} INFO - [2024-03-28T17:17:03.883+0000] {dag.py:3047} INFO - Sync 1 DAGs
[2024-03-28T17:17:03.968+0000] {logging_mixin.py:188} INFO - [2024-03-28T17:17:03.968+0000] {dag.py:3834} INFO - Setting next_dagrun for example_branch_dop_operator_v3 to 2024-03-28 17:16:00+00:00, run_after=2024-03-28 17:17:00+00:00
[2024-03-28T17:17:04.022+0000] {processor.py:183} INFO - Processing /home/airflow/.local/lib/python3.8/site-packages/airflow/example_dags/example_branch_python_dop_operator_3.py took 0.357 seconds
[2024-03-28T17:17:42.664+0000] {processor.py:161} INFO - Started process (PID=913) to work on /home/airflow/.local/lib/python3.8/site-packages/airflow/example_dags/example_branch_python_dop_operator_3.py
[2024-03-28T17:17:42.668+0000] {processor.py:830} INFO - Processing file /home/airflow/.local/lib/python3.8/site-packages/airflow/example_dags/example_branch_python_dop_operator_3.py for tasks to queue
[2024-03-28T17:17:42.676+0000] {logging_mixin.py:188} INFO - [2024-03-28T17:17:42.675+0000] {dagbag.py:540} INFO - Filling up the DagBag from /home/airflow/.local/lib/python3.8/site-packages/airflow/example_dags/example_branch_python_dop_operator_3.py
[2024-03-28T17:17:42.715+0000] {processor.py:840} INFO - DAG(s) 'example_branch_dop_operator_v3' retrieved from /home/airflow/.local/lib/python3.8/site-packages/airflow/example_dags/example_branch_python_dop_operator_3.py
[2024-03-28T17:17:42.793+0000] {logging_mixin.py:188} INFO - [2024-03-28T17:17:42.792+0000] {dag.py:3047} INFO - Sync 1 DAGs
[2024-03-28T17:17:42.881+0000] {logging_mixin.py:188} INFO - [2024-03-28T17:17:42.877+0000] {dag.py:3834} INFO - Setting next_dagrun for example_branch_dop_operator_v3 to 2024-03-28 17:16:00+00:00, run_after=2024-03-28 17:17:00+00:00
[2024-03-28T17:17:42.999+0000] {processor.py:183} INFO - Processing /home/airflow/.local/lib/python3.8/site-packages/airflow/example_dags/example_branch_python_dop_operator_3.py took 0.345 seconds
[2024-03-28T17:18:42.611+0000] {processor.py:161} INFO - Started process (PID=968) to work on /home/airflow/.local/lib/python3.8/site-packages/airflow/example_dags/example_branch_python_dop_operator_3.py
[2024-03-28T17:18:42.630+0000] {processor.py:830} INFO - Processing file /home/airflow/.local/lib/python3.8/site-packages/airflow/example_dags/example_branch_python_dop_operator_3.py for tasks to queue
[2024-03-28T17:18:42.647+0000] {logging_mixin.py:188} INFO - [2024-03-28T17:18:42.646+0000] {dagbag.py:540} INFO - Filling up the DagBag from /home/airflow/.local/lib/python3.8/site-packages/airflow/example_dags/example_branch_python_dop_operator_3.py
[2024-03-28T17:18:42.904+0000] {processor.py:840} INFO - DAG(s) 'example_branch_dop_operator_v3' retrieved from /home/airflow/.local/lib/python3.8/site-packages/airflow/example_dags/example_branch_python_dop_operator_3.py
[2024-03-28T17:18:43.129+0000] {logging_mixin.py:188} INFO - [2024-03-28T17:18:43.128+0000] {dag.py:3047} INFO - Sync 1 DAGs
[2024-03-28T17:18:43.424+0000] {logging_mixin.py:188} INFO - [2024-03-28T17:18:43.424+0000] {dag.py:3834} INFO - Setting next_dagrun for example_branch_dop_operator_v3 to 2024-03-28 17:17:00+00:00, run_after=2024-03-28 17:18:00+00:00
[2024-03-28T17:18:43.595+0000] {processor.py:183} INFO - Processing /home/airflow/.local/lib/python3.8/site-packages/airflow/example_dags/example_branch_python_dop_operator_3.py took 1.064 seconds
[2024-03-28T17:19:14.109+0000] {processor.py:161} INFO - Started process (PID=1023) to work on /home/airflow/.local/lib/python3.8/site-packages/airflow/example_dags/example_branch_python_dop_operator_3.py
[2024-03-28T17:19:14.116+0000] {processor.py:830} INFO - Processing file /home/airflow/.local/lib/python3.8/site-packages/airflow/example_dags/example_branch_python_dop_operator_3.py for tasks to queue
[2024-03-28T17:19:14.136+0000] {logging_mixin.py:188} INFO - [2024-03-28T17:19:14.136+0000] {dagbag.py:540} INFO - Filling up the DagBag from /home/airflow/.local/lib/python3.8/site-packages/airflow/example_dags/example_branch_python_dop_operator_3.py
[2024-03-28T17:19:14.241+0000] {processor.py:840} INFO - DAG(s) 'example_branch_dop_operator_v3' retrieved from /home/airflow/.local/lib/python3.8/site-packages/airflow/example_dags/example_branch_python_dop_operator_3.py
[2024-03-28T17:19:14.437+0000] {logging_mixin.py:188} INFO - [2024-03-28T17:19:14.433+0000] {dag.py:3047} INFO - Sync 1 DAGs
[2024-03-28T17:19:14.820+0000] {logging_mixin.py:188} INFO - [2024-03-28T17:19:14.820+0000] {dag.py:3834} INFO - Setting next_dagrun for example_branch_dop_operator_v3 to 2024-03-28 17:18:00+00:00, run_after=2024-03-28 17:19:00+00:00
[2024-03-28T17:19:14.997+0000] {processor.py:183} INFO - Processing /home/airflow/.local/lib/python3.8/site-packages/airflow/example_dags/example_branch_python_dop_operator_3.py took 0.902 seconds
[2024-03-28T17:19:45.178+0000] {processor.py:161} INFO - Started process (PID=1079) to work on /home/airflow/.local/lib/python3.8/site-packages/airflow/example_dags/example_branch_python_dop_operator_3.py
[2024-03-28T17:19:45.183+0000] {processor.py:830} INFO - Processing file /home/airflow/.local/lib/python3.8/site-packages/airflow/example_dags/example_branch_python_dop_operator_3.py for tasks to queue
[2024-03-28T17:19:45.193+0000] {logging_mixin.py:188} INFO - [2024-03-28T17:19:45.191+0000] {dagbag.py:540} INFO - Filling up the DagBag from /home/airflow/.local/lib/python3.8/site-packages/airflow/example_dags/example_branch_python_dop_operator_3.py
[2024-03-28T17:19:45.229+0000] {processor.py:840} INFO - DAG(s) 'example_branch_dop_operator_v3' retrieved from /home/airflow/.local/lib/python3.8/site-packages/airflow/example_dags/example_branch_python_dop_operator_3.py
[2024-03-28T17:19:45.288+0000] {logging_mixin.py:188} INFO - [2024-03-28T17:19:45.287+0000] {dag.py:3047} INFO - Sync 1 DAGs
[2024-03-28T17:19:45.384+0000] {logging_mixin.py:188} INFO - [2024-03-28T17:19:45.383+0000] {dag.py:3834} INFO - Setting next_dagrun for example_branch_dop_operator_v3 to 2024-03-28 17:18:00+00:00, run_after=2024-03-28 17:19:00+00:00
[2024-03-28T17:19:45.438+0000] {processor.py:183} INFO - Processing /home/airflow/.local/lib/python3.8/site-packages/airflow/example_dags/example_branch_python_dop_operator_3.py took 0.271 seconds
[2024-03-28T17:20:15.826+0000] {processor.py:161} INFO - Started process (PID=1134) to work on /home/airflow/.local/lib/python3.8/site-packages/airflow/example_dags/example_branch_python_dop_operator_3.py
[2024-03-28T17:20:15.832+0000] {processor.py:830} INFO - Processing file /home/airflow/.local/lib/python3.8/site-packages/airflow/example_dags/example_branch_python_dop_operator_3.py for tasks to queue
[2024-03-28T17:20:15.848+0000] {logging_mixin.py:188} INFO - [2024-03-28T17:20:15.846+0000] {dagbag.py:540} INFO - Filling up the DagBag from /home/airflow/.local/lib/python3.8/site-packages/airflow/example_dags/example_branch_python_dop_operator_3.py
[2024-03-28T17:20:15.904+0000] {processor.py:840} INFO - DAG(s) 'example_branch_dop_operator_v3' retrieved from /home/airflow/.local/lib/python3.8/site-packages/airflow/example_dags/example_branch_python_dop_operator_3.py
[2024-03-28T17:20:15.976+0000] {logging_mixin.py:188} INFO - [2024-03-28T17:20:15.976+0000] {dag.py:3047} INFO - Sync 1 DAGs
[2024-03-28T17:20:16.103+0000] {logging_mixin.py:188} INFO - [2024-03-28T17:20:16.101+0000] {dag.py:3834} INFO - Setting next_dagrun for example_branch_dop_operator_v3 to 2024-03-28 17:19:00+00:00, run_after=2024-03-28 17:20:00+00:00
[2024-03-28T17:20:16.163+0000] {processor.py:183} INFO - Processing /home/airflow/.local/lib/python3.8/site-packages/airflow/example_dags/example_branch_python_dop_operator_3.py took 0.374 seconds
[2024-03-28T17:20:47.807+0000] {processor.py:161} INFO - Started process (PID=1188) to work on /home/airflow/.local/lib/python3.8/site-packages/airflow/example_dags/example_branch_python_dop_operator_3.py
[2024-03-28T17:20:47.813+0000] {processor.py:830} INFO - Processing file /home/airflow/.local/lib/python3.8/site-packages/airflow/example_dags/example_branch_python_dop_operator_3.py for tasks to queue
[2024-03-28T17:20:47.825+0000] {logging_mixin.py:188} INFO - [2024-03-28T17:20:47.820+0000] {dagbag.py:540} INFO - Filling up the DagBag from /home/airflow/.local/lib/python3.8/site-packages/airflow/example_dags/example_branch_python_dop_operator_3.py
[2024-03-28T17:20:47.874+0000] {processor.py:840} INFO - DAG(s) 'example_branch_dop_operator_v3' retrieved from /home/airflow/.local/lib/python3.8/site-packages/airflow/example_dags/example_branch_python_dop_operator_3.py
[2024-03-28T17:20:48.013+0000] {logging_mixin.py:188} INFO - [2024-03-28T17:20:48.013+0000] {dag.py:3047} INFO - Sync 1 DAGs
[2024-03-28T17:20:48.086+0000] {logging_mixin.py:188} INFO - [2024-03-28T17:20:48.086+0000] {dag.py:3834} INFO - Setting next_dagrun for example_branch_dop_operator_v3 to 2024-03-28 17:19:00+00:00, run_after=2024-03-28 17:20:00+00:00
[2024-03-28T17:20:48.153+0000] {processor.py:183} INFO - Processing /home/airflow/.local/lib/python3.8/site-packages/airflow/example_dags/example_branch_python_dop_operator_3.py took 0.356 seconds
[2024-03-28T17:21:21.833+0000] {processor.py:161} INFO - Started process (PID=1239) to work on /home/airflow/.local/lib/python3.8/site-packages/airflow/example_dags/example_branch_python_dop_operator_3.py
[2024-03-28T17:21:21.854+0000] {processor.py:830} INFO - Processing file /home/airflow/.local/lib/python3.8/site-packages/airflow/example_dags/example_branch_python_dop_operator_3.py for tasks to queue
[2024-03-28T17:21:21.873+0000] {logging_mixin.py:188} INFO - [2024-03-28T17:21:21.867+0000] {dagbag.py:540} INFO - Filling up the DagBag from /home/airflow/.local/lib/python3.8/site-packages/airflow/example_dags/example_branch_python_dop_operator_3.py
[2024-03-28T17:21:21.969+0000] {processor.py:840} INFO - DAG(s) 'example_branch_dop_operator_v3' retrieved from /home/airflow/.local/lib/python3.8/site-packages/airflow/example_dags/example_branch_python_dop_operator_3.py
[2024-03-28T17:21:22.236+0000] {logging_mixin.py:188} INFO - [2024-03-28T17:21:22.235+0000] {dag.py:3047} INFO - Sync 1 DAGs
[2024-03-28T17:21:22.647+0000] {logging_mixin.py:188} INFO - [2024-03-28T17:21:22.638+0000] {dag.py:3834} INFO - Setting next_dagrun for example_branch_dop_operator_v3 to 2024-03-28 17:20:00+00:00, run_after=2024-03-28 17:21:00+00:00
[2024-03-28T17:21:22.836+0000] {processor.py:183} INFO - Processing /home/airflow/.local/lib/python3.8/site-packages/airflow/example_dags/example_branch_python_dop_operator_3.py took 1.040 seconds
[2024-03-28T17:21:53.866+0000] {processor.py:161} INFO - Started process (PID=1294) to work on /home/airflow/.local/lib/python3.8/site-packages/airflow/example_dags/example_branch_python_dop_operator_3.py
[2024-03-28T17:21:53.876+0000] {processor.py:830} INFO - Processing file /home/airflow/.local/lib/python3.8/site-packages/airflow/example_dags/example_branch_python_dop_operator_3.py for tasks to queue
[2024-03-28T17:21:53.898+0000] {logging_mixin.py:188} INFO - [2024-03-28T17:21:53.893+0000] {dagbag.py:540} INFO - Filling up the DagBag from /home/airflow/.local/lib/python3.8/site-packages/airflow/example_dags/example_branch_python_dop_operator_3.py
[2024-03-28T17:21:54.018+0000] {processor.py:840} INFO - DAG(s) 'example_branch_dop_operator_v3' retrieved from /home/airflow/.local/lib/python3.8/site-packages/airflow/example_dags/example_branch_python_dop_operator_3.py
[2024-03-28T17:21:54.174+0000] {logging_mixin.py:188} INFO - [2024-03-28T17:21:54.173+0000] {dag.py:3047} INFO - Sync 1 DAGs
[2024-03-28T17:21:54.508+0000] {logging_mixin.py:188} INFO - [2024-03-28T17:21:54.508+0000] {dag.py:3834} INFO - Setting next_dagrun for example_branch_dop_operator_v3 to 2024-03-28 17:20:00+00:00, run_after=2024-03-28 17:21:00+00:00
[2024-03-28T17:21:54.641+0000] {processor.py:183} INFO - Processing /home/airflow/.local/lib/python3.8/site-packages/airflow/example_dags/example_branch_python_dop_operator_3.py took 0.800 seconds
[2024-03-28T17:22:25.362+0000] {processor.py:161} INFO - Started process (PID=1349) to work on /home/airflow/.local/lib/python3.8/site-packages/airflow/example_dags/example_branch_python_dop_operator_3.py
[2024-03-28T17:22:25.367+0000] {processor.py:830} INFO - Processing file /home/airflow/.local/lib/python3.8/site-packages/airflow/example_dags/example_branch_python_dop_operator_3.py for tasks to queue
[2024-03-28T17:22:25.377+0000] {logging_mixin.py:188} INFO - [2024-03-28T17:22:25.376+0000] {dagbag.py:540} INFO - Filling up the DagBag from /home/airflow/.local/lib/python3.8/site-packages/airflow/example_dags/example_branch_python_dop_operator_3.py
[2024-03-28T17:22:25.410+0000] {processor.py:840} INFO - DAG(s) 'example_branch_dop_operator_v3' retrieved from /home/airflow/.local/lib/python3.8/site-packages/airflow/example_dags/example_branch_python_dop_operator_3.py
[2024-03-28T17:22:25.464+0000] {logging_mixin.py:188} INFO - [2024-03-28T17:22:25.463+0000] {dag.py:3047} INFO - Sync 1 DAGs
[2024-03-28T17:22:25.532+0000] {logging_mixin.py:188} INFO - [2024-03-28T17:22:25.531+0000] {dag.py:3834} INFO - Setting next_dagrun for example_branch_dop_operator_v3 to 2024-03-28 17:21:00+00:00, run_after=2024-03-28 17:22:00+00:00
[2024-03-28T17:22:25.580+0000] {processor.py:183} INFO - Processing /home/airflow/.local/lib/python3.8/site-packages/airflow/example_dags/example_branch_python_dop_operator_3.py took 0.227 seconds
[2024-03-28T17:23:00.357+0000] {processor.py:161} INFO - Started process (PID=1393) to work on /home/airflow/.local/lib/python3.8/site-packages/airflow/example_dags/example_branch_python_dop_operator_3.py
[2024-03-28T17:23:00.365+0000] {processor.py:830} INFO - Processing file /home/airflow/.local/lib/python3.8/site-packages/airflow/example_dags/example_branch_python_dop_operator_3.py for tasks to queue
[2024-03-28T17:23:00.375+0000] {logging_mixin.py:188} INFO - [2024-03-28T17:23:00.373+0000] {dagbag.py:540} INFO - Filling up the DagBag from /home/airflow/.local/lib/python3.8/site-packages/airflow/example_dags/example_branch_python_dop_operator_3.py
[2024-03-28T17:23:00.413+0000] {processor.py:840} INFO - DAG(s) 'example_branch_dop_operator_v3' retrieved from /home/airflow/.local/lib/python3.8/site-packages/airflow/example_dags/example_branch_python_dop_operator_3.py
[2024-03-28T17:23:00.470+0000] {logging_mixin.py:188} INFO - [2024-03-28T17:23:00.470+0000] {dag.py:3047} INFO - Sync 1 DAGs
[2024-03-28T17:23:00.671+0000] {logging_mixin.py:188} INFO - [2024-03-28T17:23:00.663+0000] {dag.py:3834} INFO - Setting next_dagrun for example_branch_dop_operator_v3 to 2024-03-28 17:22:00+00:00, run_after=2024-03-28 17:23:00+00:00
[2024-03-28T17:23:00.816+0000] {processor.py:183} INFO - Processing /home/airflow/.local/lib/python3.8/site-packages/airflow/example_dags/example_branch_python_dop_operator_3.py took 0.471 seconds
[2024-03-28T17:23:31.026+0000] {processor.py:161} INFO - Started process (PID=1448) to work on /home/airflow/.local/lib/python3.8/site-packages/airflow/example_dags/example_branch_python_dop_operator_3.py
[2024-03-28T17:23:31.034+0000] {processor.py:830} INFO - Processing file /home/airflow/.local/lib/python3.8/site-packages/airflow/example_dags/example_branch_python_dop_operator_3.py for tasks to queue
[2024-03-28T17:23:31.045+0000] {logging_mixin.py:188} INFO - [2024-03-28T17:23:31.043+0000] {dagbag.py:540} INFO - Filling up the DagBag from /home/airflow/.local/lib/python3.8/site-packages/airflow/example_dags/example_branch_python_dop_operator_3.py
[2024-03-28T17:23:31.088+0000] {processor.py:840} INFO - DAG(s) 'example_branch_dop_operator_v3' retrieved from /home/airflow/.local/lib/python3.8/site-packages/airflow/example_dags/example_branch_python_dop_operator_3.py
[2024-03-28T17:23:31.157+0000] {logging_mixin.py:188} INFO - [2024-03-28T17:23:31.156+0000] {dag.py:3047} INFO - Sync 1 DAGs
[2024-03-28T17:23:31.297+0000] {logging_mixin.py:188} INFO - [2024-03-28T17:23:31.296+0000] {dag.py:3834} INFO - Setting next_dagrun for example_branch_dop_operator_v3 to 2024-03-28 17:22:00+00:00, run_after=2024-03-28 17:23:00+00:00
[2024-03-28T17:23:31.560+0000] {processor.py:183} INFO - Processing /home/airflow/.local/lib/python3.8/site-packages/airflow/example_dags/example_branch_python_dop_operator_3.py took 0.544 seconds
[2024-03-28T17:24:08.238+0000] {processor.py:161} INFO - Started process (PID=1503) to work on /home/airflow/.local/lib/python3.8/site-packages/airflow/example_dags/example_branch_python_dop_operator_3.py
[2024-03-28T17:24:08.261+0000] {processor.py:830} INFO - Processing file /home/airflow/.local/lib/python3.8/site-packages/airflow/example_dags/example_branch_python_dop_operator_3.py for tasks to queue
[2024-03-28T17:24:08.302+0000] {logging_mixin.py:188} INFO - [2024-03-28T17:24:08.302+0000] {dagbag.py:540} INFO - Filling up the DagBag from /home/airflow/.local/lib/python3.8/site-packages/airflow/example_dags/example_branch_python_dop_operator_3.py
[2024-03-28T17:24:08.427+0000] {processor.py:840} INFO - DAG(s) 'example_branch_dop_operator_v3' retrieved from /home/airflow/.local/lib/python3.8/site-packages/airflow/example_dags/example_branch_python_dop_operator_3.py
[2024-03-28T17:24:08.524+0000] {logging_mixin.py:188} INFO - [2024-03-28T17:24:08.522+0000] {dag.py:3047} INFO - Sync 1 DAGs
[2024-03-28T17:24:08.644+0000] {logging_mixin.py:188} INFO - [2024-03-28T17:24:08.643+0000] {dag.py:3834} INFO - Setting next_dagrun for example_branch_dop_operator_v3 to 2024-03-28 17:23:00+00:00, run_after=2024-03-28 17:24:00+00:00
[2024-03-28T17:24:08.708+0000] {processor.py:183} INFO - Processing /home/airflow/.local/lib/python3.8/site-packages/airflow/example_dags/example_branch_python_dop_operator_3.py took 0.492 seconds
[2024-03-28T17:24:43.397+0000] {processor.py:161} INFO - Started process (PID=1562) to work on /home/airflow/.local/lib/python3.8/site-packages/airflow/example_dags/example_branch_python_dop_operator_3.py
[2024-03-28T17:24:43.412+0000] {processor.py:830} INFO - Processing file /home/airflow/.local/lib/python3.8/site-packages/airflow/example_dags/example_branch_python_dop_operator_3.py for tasks to queue
[2024-03-28T17:24:43.445+0000] {logging_mixin.py:188} INFO - [2024-03-28T17:24:43.435+0000] {dagbag.py:540} INFO - Filling up the DagBag from /home/airflow/.local/lib/python3.8/site-packages/airflow/example_dags/example_branch_python_dop_operator_3.py
[2024-03-28T17:24:43.694+0000] {processor.py:840} INFO - DAG(s) 'example_branch_dop_operator_v3' retrieved from /home/airflow/.local/lib/python3.8/site-packages/airflow/example_dags/example_branch_python_dop_operator_3.py
[2024-03-28T17:24:44.033+0000] {logging_mixin.py:188} INFO - [2024-03-28T17:24:44.031+0000] {dag.py:3047} INFO - Sync 1 DAGs
[2024-03-28T17:24:44.367+0000] {logging_mixin.py:188} INFO - [2024-03-28T17:24:44.362+0000] {dag.py:3834} INFO - Setting next_dagrun for example_branch_dop_operator_v3 to 2024-03-28 17:23:00+00:00, run_after=2024-03-28 17:24:00+00:00
[2024-03-28T17:24:44.592+0000] {processor.py:183} INFO - Processing /home/airflow/.local/lib/python3.8/site-packages/airflow/example_dags/example_branch_python_dop_operator_3.py took 1.228 seconds
[2024-03-28T17:25:16.271+0000] {processor.py:161} INFO - Started process (PID=1617) to work on /home/airflow/.local/lib/python3.8/site-packages/airflow/example_dags/example_branch_python_dop_operator_3.py
[2024-03-28T17:25:16.293+0000] {processor.py:830} INFO - Processing file /home/airflow/.local/lib/python3.8/site-packages/airflow/example_dags/example_branch_python_dop_operator_3.py for tasks to queue
[2024-03-28T17:25:16.326+0000] {logging_mixin.py:188} INFO - [2024-03-28T17:25:16.325+0000] {dagbag.py:540} INFO - Filling up the DagBag from /home/airflow/.local/lib/python3.8/site-packages/airflow/example_dags/example_branch_python_dop_operator_3.py
[2024-03-28T17:25:16.407+0000] {processor.py:840} INFO - DAG(s) 'example_branch_dop_operator_v3' retrieved from /home/airflow/.local/lib/python3.8/site-packages/airflow/example_dags/example_branch_python_dop_operator_3.py
[2024-03-28T17:25:16.524+0000] {logging_mixin.py:188} INFO - [2024-03-28T17:25:16.523+0000] {dag.py:3047} INFO - Sync 1 DAGs
[2024-03-28T17:25:16.912+0000] {logging_mixin.py:188} INFO - [2024-03-28T17:25:16.912+0000] {dag.py:3834} INFO - Setting next_dagrun for example_branch_dop_operator_v3 to 2024-03-28 17:24:00+00:00, run_after=2024-03-28 17:25:00+00:00
[2024-03-28T17:25:17.135+0000] {processor.py:183} INFO - Processing /home/airflow/.local/lib/python3.8/site-packages/airflow/example_dags/example_branch_python_dop_operator_3.py took 0.905 seconds
[2024-03-28T17:25:47.334+0000] {processor.py:161} INFO - Started process (PID=1672) to work on /home/airflow/.local/lib/python3.8/site-packages/airflow/example_dags/example_branch_python_dop_operator_3.py
[2024-03-28T17:25:47.339+0000] {processor.py:830} INFO - Processing file /home/airflow/.local/lib/python3.8/site-packages/airflow/example_dags/example_branch_python_dop_operator_3.py for tasks to queue
[2024-03-28T17:25:47.355+0000] {logging_mixin.py:188} INFO - [2024-03-28T17:25:47.354+0000] {dagbag.py:540} INFO - Filling up the DagBag from /home/airflow/.local/lib/python3.8/site-packages/airflow/example_dags/example_branch_python_dop_operator_3.py
[2024-03-28T17:25:47.397+0000] {processor.py:840} INFO - DAG(s) 'example_branch_dop_operator_v3' retrieved from /home/airflow/.local/lib/python3.8/site-packages/airflow/example_dags/example_branch_python_dop_operator_3.py
[2024-03-28T17:25:47.483+0000] {logging_mixin.py:188} INFO - [2024-03-28T17:25:47.482+0000] {dag.py:3047} INFO - Sync 1 DAGs
[2024-03-28T17:25:47.585+0000] {logging_mixin.py:188} INFO - [2024-03-28T17:25:47.585+0000] {dag.py:3834} INFO - Setting next_dagrun for example_branch_dop_operator_v3 to 2024-03-28 17:24:00+00:00, run_after=2024-03-28 17:25:00+00:00
[2024-03-28T17:25:47.717+0000] {processor.py:183} INFO - Processing /home/airflow/.local/lib/python3.8/site-packages/airflow/example_dags/example_branch_python_dop_operator_3.py took 0.394 seconds
[2024-03-28T17:26:17.979+0000] {processor.py:161} INFO - Started process (PID=1727) to work on /home/airflow/.local/lib/python3.8/site-packages/airflow/example_dags/example_branch_python_dop_operator_3.py
[2024-03-28T17:26:17.990+0000] {processor.py:830} INFO - Processing file /home/airflow/.local/lib/python3.8/site-packages/airflow/example_dags/example_branch_python_dop_operator_3.py for tasks to queue
[2024-03-28T17:26:18.002+0000] {logging_mixin.py:188} INFO - [2024-03-28T17:26:17.999+0000] {dagbag.py:540} INFO - Filling up the DagBag from /home/airflow/.local/lib/python3.8/site-packages/airflow/example_dags/example_branch_python_dop_operator_3.py
[2024-03-28T17:26:18.034+0000] {processor.py:840} INFO - DAG(s) 'example_branch_dop_operator_v3' retrieved from /home/airflow/.local/lib/python3.8/site-packages/airflow/example_dags/example_branch_python_dop_operator_3.py
[2024-03-28T17:26:18.132+0000] {logging_mixin.py:188} INFO - [2024-03-28T17:26:18.131+0000] {dag.py:3047} INFO - Sync 1 DAGs
[2024-03-28T17:26:18.217+0000] {logging_mixin.py:188} INFO - [2024-03-28T17:26:18.217+0000] {dag.py:3834} INFO - Setting next_dagrun for example_branch_dop_operator_v3 to 2024-03-28 17:25:00+00:00, run_after=2024-03-28 17:26:00+00:00
[2024-03-28T17:26:18.273+0000] {processor.py:183} INFO - Processing /home/airflow/.local/lib/python3.8/site-packages/airflow/example_dags/example_branch_python_dop_operator_3.py took 0.331 seconds
[2024-03-28T17:26:51.820+0000] {processor.py:161} INFO - Started process (PID=1780) to work on /home/airflow/.local/lib/python3.8/site-packages/airflow/example_dags/example_branch_python_dop_operator_3.py
[2024-03-28T17:26:51.827+0000] {processor.py:830} INFO - Processing file /home/airflow/.local/lib/python3.8/site-packages/airflow/example_dags/example_branch_python_dop_operator_3.py for tasks to queue
[2024-03-28T17:26:51.837+0000] {logging_mixin.py:188} INFO - [2024-03-28T17:26:51.836+0000] {dagbag.py:540} INFO - Filling up the DagBag from /home/airflow/.local/lib/python3.8/site-packages/airflow/example_dags/example_branch_python_dop_operator_3.py
[2024-03-28T17:26:51.870+0000] {processor.py:840} INFO - DAG(s) 'example_branch_dop_operator_v3' retrieved from /home/airflow/.local/lib/python3.8/site-packages/airflow/example_dags/example_branch_python_dop_operator_3.py
[2024-03-28T17:26:51.955+0000] {logging_mixin.py:188} INFO - [2024-03-28T17:26:51.954+0000] {dag.py:3047} INFO - Sync 1 DAGs
[2024-03-28T17:26:52.085+0000] {logging_mixin.py:188} INFO - [2024-03-28T17:26:52.085+0000] {dag.py:3834} INFO - Setting next_dagrun for example_branch_dop_operator_v3 to 2024-03-28 17:25:00+00:00, run_after=2024-03-28 17:26:00+00:00
[2024-03-28T17:26:52.157+0000] {processor.py:183} INFO - Processing /home/airflow/.local/lib/python3.8/site-packages/airflow/example_dags/example_branch_python_dop_operator_3.py took 0.351 seconds
[2024-03-28T17:27:26.297+0000] {processor.py:161} INFO - Started process (PID=1831) to work on /home/airflow/.local/lib/python3.8/site-packages/airflow/example_dags/example_branch_python_dop_operator_3.py
[2024-03-28T17:27:26.319+0000] {processor.py:830} INFO - Processing file /home/airflow/.local/lib/python3.8/site-packages/airflow/example_dags/example_branch_python_dop_operator_3.py for tasks to queue
[2024-03-28T17:27:26.355+0000] {logging_mixin.py:188} INFO - [2024-03-28T17:27:26.353+0000] {dagbag.py:540} INFO - Filling up the DagBag from /home/airflow/.local/lib/python3.8/site-packages/airflow/example_dags/example_branch_python_dop_operator_3.py
[2024-03-28T17:27:26.517+0000] {processor.py:840} INFO - DAG(s) 'example_branch_dop_operator_v3' retrieved from /home/airflow/.local/lib/python3.8/site-packages/airflow/example_dags/example_branch_python_dop_operator_3.py
[2024-03-28T17:27:26.773+0000] {logging_mixin.py:188} INFO - [2024-03-28T17:27:26.772+0000] {dag.py:3047} INFO - Sync 1 DAGs
[2024-03-28T17:27:27.364+0000] {logging_mixin.py:188} INFO - [2024-03-28T17:27:27.352+0000] {dag.py:3834} INFO - Setting next_dagrun for example_branch_dop_operator_v3 to 2024-03-28 17:26:00+00:00, run_after=2024-03-28 17:27:00+00:00
[2024-03-28T17:27:27.640+0000] {processor.py:183} INFO - Processing /home/airflow/.local/lib/python3.8/site-packages/airflow/example_dags/example_branch_python_dop_operator_3.py took 1.429 seconds
[2024-03-28T17:27:58.996+0000] {processor.py:161} INFO - Started process (PID=1886) to work on /home/airflow/.local/lib/python3.8/site-packages/airflow/example_dags/example_branch_python_dop_operator_3.py
[2024-03-28T17:27:59.020+0000] {processor.py:830} INFO - Processing file /home/airflow/.local/lib/python3.8/site-packages/airflow/example_dags/example_branch_python_dop_operator_3.py for tasks to queue
[2024-03-28T17:27:59.038+0000] {logging_mixin.py:188} INFO - [2024-03-28T17:27:59.037+0000] {dagbag.py:540} INFO - Filling up the DagBag from /home/airflow/.local/lib/python3.8/site-packages/airflow/example_dags/example_branch_python_dop_operator_3.py
[2024-03-28T17:27:59.156+0000] {processor.py:840} INFO - DAG(s) 'example_branch_dop_operator_v3' retrieved from /home/airflow/.local/lib/python3.8/site-packages/airflow/example_dags/example_branch_python_dop_operator_3.py
[2024-03-28T17:27:59.317+0000] {logging_mixin.py:188} INFO - [2024-03-28T17:27:59.316+0000] {dag.py:3047} INFO - Sync 1 DAGs
[2024-03-28T17:27:59.795+0000] {logging_mixin.py:188} INFO - [2024-03-28T17:27:59.794+0000] {dag.py:3834} INFO - Setting next_dagrun for example_branch_dop_operator_v3 to 2024-03-28 17:26:00+00:00, run_after=2024-03-28 17:27:00+00:00
[2024-03-28T17:28:00.185+0000] {processor.py:183} INFO - Processing /home/airflow/.local/lib/python3.8/site-packages/airflow/example_dags/example_branch_python_dop_operator_3.py took 1.243 seconds
[2024-03-28T17:28:31.224+0000] {processor.py:161} INFO - Started process (PID=1941) to work on /home/airflow/.local/lib/python3.8/site-packages/airflow/example_dags/example_branch_python_dop_operator_3.py
[2024-03-28T17:28:31.246+0000] {processor.py:830} INFO - Processing file /home/airflow/.local/lib/python3.8/site-packages/airflow/example_dags/example_branch_python_dop_operator_3.py for tasks to queue
[2024-03-28T17:28:31.255+0000] {logging_mixin.py:188} INFO - [2024-03-28T17:28:31.254+0000] {dagbag.py:540} INFO - Filling up the DagBag from /home/airflow/.local/lib/python3.8/site-packages/airflow/example_dags/example_branch_python_dop_operator_3.py
[2024-03-28T17:28:31.340+0000] {processor.py:840} INFO - DAG(s) 'example_branch_dop_operator_v3' retrieved from /home/airflow/.local/lib/python3.8/site-packages/airflow/example_dags/example_branch_python_dop_operator_3.py
[2024-03-28T17:28:31.520+0000] {logging_mixin.py:188} INFO - [2024-03-28T17:28:31.515+0000] {dag.py:3047} INFO - Sync 1 DAGs
[2024-03-28T17:28:31.695+0000] {logging_mixin.py:188} INFO - [2024-03-28T17:28:31.694+0000] {dag.py:3834} INFO - Setting next_dagrun for example_branch_dop_operator_v3 to 2024-03-28 17:27:00+00:00, run_after=2024-03-28 17:28:00+00:00
[2024-03-28T17:28:31.821+0000] {processor.py:183} INFO - Processing /home/airflow/.local/lib/python3.8/site-packages/airflow/example_dags/example_branch_python_dop_operator_3.py took 0.636 seconds
[2024-03-28T17:29:02.016+0000] {processor.py:161} INFO - Started process (PID=1996) to work on /home/airflow/.local/lib/python3.8/site-packages/airflow/example_dags/example_branch_python_dop_operator_3.py
[2024-03-28T17:29:02.020+0000] {processor.py:830} INFO - Processing file /home/airflow/.local/lib/python3.8/site-packages/airflow/example_dags/example_branch_python_dop_operator_3.py for tasks to queue
[2024-03-28T17:29:02.032+0000] {logging_mixin.py:188} INFO - [2024-03-28T17:29:02.031+0000] {dagbag.py:540} INFO - Filling up the DagBag from /home/airflow/.local/lib/python3.8/site-packages/airflow/example_dags/example_branch_python_dop_operator_3.py
[2024-03-28T17:29:02.072+0000] {processor.py:840} INFO - DAG(s) 'example_branch_dop_operator_v3' retrieved from /home/airflow/.local/lib/python3.8/site-packages/airflow/example_dags/example_branch_python_dop_operator_3.py
[2024-03-28T17:29:02.145+0000] {logging_mixin.py:188} INFO - [2024-03-28T17:29:02.144+0000] {dag.py:3047} INFO - Sync 1 DAGs
[2024-03-28T17:29:02.248+0000] {logging_mixin.py:188} INFO - [2024-03-28T17:29:02.247+0000] {dag.py:3834} INFO - Setting next_dagrun for example_branch_dop_operator_v3 to 2024-03-28 17:28:00+00:00, run_after=2024-03-28 17:29:00+00:00
[2024-03-28T17:29:02.327+0000] {processor.py:183} INFO - Processing /home/airflow/.local/lib/python3.8/site-packages/airflow/example_dags/example_branch_python_dop_operator_3.py took 0.326 seconds
[2024-03-28T17:29:33.399+0000] {processor.py:161} INFO - Started process (PID=2051) to work on /home/airflow/.local/lib/python3.8/site-packages/airflow/example_dags/example_branch_python_dop_operator_3.py
[2024-03-28T17:29:33.404+0000] {processor.py:830} INFO - Processing file /home/airflow/.local/lib/python3.8/site-packages/airflow/example_dags/example_branch_python_dop_operator_3.py for tasks to queue
[2024-03-28T17:29:33.415+0000] {logging_mixin.py:188} INFO - [2024-03-28T17:29:33.414+0000] {dagbag.py:540} INFO - Filling up the DagBag from /home/airflow/.local/lib/python3.8/site-packages/airflow/example_dags/example_branch_python_dop_operator_3.py
[2024-03-28T17:29:33.443+0000] {processor.py:840} INFO - DAG(s) 'example_branch_dop_operator_v3' retrieved from /home/airflow/.local/lib/python3.8/site-packages/airflow/example_dags/example_branch_python_dop_operator_3.py
[2024-03-28T17:29:33.500+0000] {logging_mixin.py:188} INFO - [2024-03-28T17:29:33.499+0000] {dag.py:3047} INFO - Sync 1 DAGs
[2024-03-28T17:29:33.570+0000] {logging_mixin.py:188} INFO - [2024-03-28T17:29:33.569+0000] {dag.py:3834} INFO - Setting next_dagrun for example_branch_dop_operator_v3 to 2024-03-28 17:28:00+00:00, run_after=2024-03-28 17:29:00+00:00
[2024-03-28T17:29:33.632+0000] {processor.py:183} INFO - Processing /home/airflow/.local/lib/python3.8/site-packages/airflow/example_dags/example_branch_python_dop_operator_3.py took 0.255 seconds
[2024-03-28T17:30:06.655+0000] {processor.py:161} INFO - Started process (PID=2106) to work on /home/airflow/.local/lib/python3.8/site-packages/airflow/example_dags/example_branch_python_dop_operator_3.py
[2024-03-28T17:30:06.661+0000] {processor.py:830} INFO - Processing file /home/airflow/.local/lib/python3.8/site-packages/airflow/example_dags/example_branch_python_dop_operator_3.py for tasks to queue
[2024-03-28T17:30:06.692+0000] {logging_mixin.py:188} INFO - [2024-03-28T17:30:06.691+0000] {dagbag.py:540} INFO - Filling up the DagBag from /home/airflow/.local/lib/python3.8/site-packages/airflow/example_dags/example_branch_python_dop_operator_3.py
[2024-03-28T17:30:06.848+0000] {processor.py:840} INFO - DAG(s) 'example_branch_dop_operator_v3' retrieved from /home/airflow/.local/lib/python3.8/site-packages/airflow/example_dags/example_branch_python_dop_operator_3.py
[2024-03-28T17:30:06.949+0000] {logging_mixin.py:188} INFO - [2024-03-28T17:30:06.948+0000] {dag.py:3047} INFO - Sync 1 DAGs
[2024-03-28T17:30:07.336+0000] {logging_mixin.py:188} INFO - [2024-03-28T17:30:07.335+0000] {dag.py:3834} INFO - Setting next_dagrun for example_branch_dop_operator_v3 to 2024-03-28 17:29:00+00:00, run_after=2024-03-28 17:30:00+00:00
[2024-03-28T17:30:07.409+0000] {processor.py:183} INFO - Processing /home/airflow/.local/lib/python3.8/site-packages/airflow/example_dags/example_branch_python_dop_operator_3.py took 0.771 seconds
[2024-03-28T17:30:50.892+0000] {processor.py:161} INFO - Started process (PID=2165) to work on /home/airflow/.local/lib/python3.8/site-packages/airflow/example_dags/example_branch_python_dop_operator_3.py
[2024-03-28T17:30:50.903+0000] {processor.py:830} INFO - Processing file /home/airflow/.local/lib/python3.8/site-packages/airflow/example_dags/example_branch_python_dop_operator_3.py for tasks to queue
[2024-03-28T17:30:50.939+0000] {logging_mixin.py:188} INFO - [2024-03-28T17:30:50.924+0000] {dagbag.py:540} INFO - Filling up the DagBag from /home/airflow/.local/lib/python3.8/site-packages/airflow/example_dags/example_branch_python_dop_operator_3.py
[2024-03-28T17:30:51.104+0000] {processor.py:840} INFO - DAG(s) 'example_branch_dop_operator_v3' retrieved from /home/airflow/.local/lib/python3.8/site-packages/airflow/example_dags/example_branch_python_dop_operator_3.py
[2024-03-28T17:30:51.376+0000] {logging_mixin.py:188} INFO - [2024-03-28T17:30:51.376+0000] {dag.py:3047} INFO - Sync 1 DAGs
[2024-03-28T17:30:51.846+0000] {logging_mixin.py:188} INFO - [2024-03-28T17:30:51.837+0000] {dag.py:3834} INFO - Setting next_dagrun for example_branch_dop_operator_v3 to 2024-03-28 17:29:00+00:00, run_after=2024-03-28 17:30:00+00:00
[2024-03-28T17:30:52.141+0000] {processor.py:183} INFO - Processing /home/airflow/.local/lib/python3.8/site-packages/airflow/example_dags/example_branch_python_dop_operator_3.py took 1.317 seconds
[2024-03-28T17:31:22.455+0000] {processor.py:161} INFO - Started process (PID=2219) to work on /home/airflow/.local/lib/python3.8/site-packages/airflow/example_dags/example_branch_python_dop_operator_3.py
[2024-03-28T17:31:22.461+0000] {processor.py:830} INFO - Processing file /home/airflow/.local/lib/python3.8/site-packages/airflow/example_dags/example_branch_python_dop_operator_3.py for tasks to queue
[2024-03-28T17:31:22.477+0000] {logging_mixin.py:188} INFO - [2024-03-28T17:31:22.475+0000] {dagbag.py:540} INFO - Filling up the DagBag from /home/airflow/.local/lib/python3.8/site-packages/airflow/example_dags/example_branch_python_dop_operator_3.py
[2024-03-28T17:31:22.602+0000] {processor.py:840} INFO - DAG(s) 'example_branch_dop_operator_v3' retrieved from /home/airflow/.local/lib/python3.8/site-packages/airflow/example_dags/example_branch_python_dop_operator_3.py
[2024-03-28T17:31:22.785+0000] {logging_mixin.py:188} INFO - [2024-03-28T17:31:22.784+0000] {dag.py:3047} INFO - Sync 1 DAGs
[2024-03-28T17:31:22.947+0000] {logging_mixin.py:188} INFO - [2024-03-28T17:31:22.946+0000] {dag.py:3834} INFO - Setting next_dagrun for example_branch_dop_operator_v3 to 2024-03-28 17:30:00+00:00, run_after=2024-03-28 17:31:00+00:00
[2024-03-28T17:31:23.022+0000] {processor.py:183} INFO - Processing /home/airflow/.local/lib/python3.8/site-packages/airflow/example_dags/example_branch_python_dop_operator_3.py took 0.612 seconds
[2024-03-28T17:31:53.984+0000] {processor.py:161} INFO - Started process (PID=2272) to work on /home/airflow/.local/lib/python3.8/site-packages/airflow/example_dags/example_branch_python_dop_operator_3.py
[2024-03-28T17:31:54.006+0000] {processor.py:830} INFO - Processing file /home/airflow/.local/lib/python3.8/site-packages/airflow/example_dags/example_branch_python_dop_operator_3.py for tasks to queue
[2024-03-28T17:31:54.054+0000] {logging_mixin.py:188} INFO - [2024-03-28T17:31:54.052+0000] {dagbag.py:540} INFO - Filling up the DagBag from /home/airflow/.local/lib/python3.8/site-packages/airflow/example_dags/example_branch_python_dop_operator_3.py
[2024-03-28T17:31:54.136+0000] {processor.py:840} INFO - DAG(s) 'example_branch_dop_operator_v3' retrieved from /home/airflow/.local/lib/python3.8/site-packages/airflow/example_dags/example_branch_python_dop_operator_3.py
[2024-03-28T17:31:54.323+0000] {logging_mixin.py:188} INFO - [2024-03-28T17:31:54.323+0000] {dag.py:3047} INFO - Sync 1 DAGs
[2024-03-28T17:31:54.515+0000] {logging_mixin.py:188} INFO - [2024-03-28T17:31:54.513+0000] {dag.py:3834} INFO - Setting next_dagrun for example_branch_dop_operator_v3 to 2024-03-28 17:30:00+00:00, run_after=2024-03-28 17:31:00+00:00
[2024-03-28T17:31:54.616+0000] {processor.py:183} INFO - Processing /home/airflow/.local/lib/python3.8/site-packages/airflow/example_dags/example_branch_python_dop_operator_3.py took 0.657 seconds
[2024-03-28T17:32:24.982+0000] {processor.py:161} INFO - Started process (PID=2327) to work on /home/airflow/.local/lib/python3.8/site-packages/airflow/example_dags/example_branch_python_dop_operator_3.py
[2024-03-28T17:32:24.990+0000] {processor.py:830} INFO - Processing file /home/airflow/.local/lib/python3.8/site-packages/airflow/example_dags/example_branch_python_dop_operator_3.py for tasks to queue
[2024-03-28T17:32:24.999+0000] {logging_mixin.py:188} INFO - [2024-03-28T17:32:24.998+0000] {dagbag.py:540} INFO - Filling up the DagBag from /home/airflow/.local/lib/python3.8/site-packages/airflow/example_dags/example_branch_python_dop_operator_3.py
[2024-03-28T17:32:25.051+0000] {processor.py:840} INFO - DAG(s) 'example_branch_dop_operator_v3' retrieved from /home/airflow/.local/lib/python3.8/site-packages/airflow/example_dags/example_branch_python_dop_operator_3.py
[2024-03-28T17:32:25.145+0000] {logging_mixin.py:188} INFO - [2024-03-28T17:32:25.144+0000] {dag.py:3047} INFO - Sync 1 DAGs
[2024-03-28T17:32:25.212+0000] {logging_mixin.py:188} INFO - [2024-03-28T17:32:25.211+0000] {dag.py:3834} INFO - Setting next_dagrun for example_branch_dop_operator_v3 to 2024-03-28 17:31:00+00:00, run_after=2024-03-28 17:32:00+00:00
[2024-03-28T17:32:25.251+0000] {processor.py:183} INFO - Processing /home/airflow/.local/lib/python3.8/site-packages/airflow/example_dags/example_branch_python_dop_operator_3.py took 0.286 seconds
[2024-03-28T17:32:59.286+0000] {processor.py:161} INFO - Started process (PID=2381) to work on /home/airflow/.local/lib/python3.8/site-packages/airflow/example_dags/example_branch_python_dop_operator_3.py
[2024-03-28T17:32:59.292+0000] {processor.py:830} INFO - Processing file /home/airflow/.local/lib/python3.8/site-packages/airflow/example_dags/example_branch_python_dop_operator_3.py for tasks to queue
[2024-03-28T17:32:59.302+0000] {logging_mixin.py:188} INFO - [2024-03-28T17:32:59.300+0000] {dagbag.py:540} INFO - Filling up the DagBag from /home/airflow/.local/lib/python3.8/site-packages/airflow/example_dags/example_branch_python_dop_operator_3.py
[2024-03-28T17:32:59.340+0000] {processor.py:840} INFO - DAG(s) 'example_branch_dop_operator_v3' retrieved from /home/airflow/.local/lib/python3.8/site-packages/airflow/example_dags/example_branch_python_dop_operator_3.py
[2024-03-28T17:32:59.415+0000] {logging_mixin.py:188} INFO - [2024-03-28T17:32:59.414+0000] {dag.py:3047} INFO - Sync 1 DAGs
[2024-03-28T17:32:59.524+0000] {logging_mixin.py:188} INFO - [2024-03-28T17:32:59.523+0000] {dag.py:3834} INFO - Setting next_dagrun for example_branch_dop_operator_v3 to 2024-03-28 17:31:00+00:00, run_after=2024-03-28 17:32:00+00:00
[2024-03-28T17:32:59.610+0000] {processor.py:183} INFO - Processing /home/airflow/.local/lib/python3.8/site-packages/airflow/example_dags/example_branch_python_dop_operator_3.py took 0.334 seconds
