[2024-03-28T16:33:21.262+0000] {processor.py:161} INFO - Started process (PID=166) to work on /home/airflow/.local/lib/python3.8/site-packages/airflow/example_dags/example_kubernetes_executor.py
[2024-03-28T16:33:21.299+0000] {processor.py:830} INFO - Processing file /home/airflow/.local/lib/python3.8/site-packages/airflow/example_dags/example_kubernetes_executor.py for tasks to queue
[2024-03-28T16:33:21.342+0000] {logging_mixin.py:188} INFO - [2024-03-28T16:33:21.341+0000] {dagbag.py:540} INFO - Filling up the DagBag from /home/airflow/.local/lib/python3.8/site-packages/airflow/example_dags/example_kubernetes_executor.py
[2024-03-28T16:33:22.493+0000] {processor.py:840} INFO - DAG(s) 'example_kubernetes_executor' retrieved from /home/airflow/.local/lib/python3.8/site-packages/airflow/example_dags/example_kubernetes_executor.py
[2024-03-28T16:33:31.505+0000] {logging_mixin.py:188} INFO - [2024-03-28T16:33:31.502+0000] {override.py:1769} INFO - Created Permission View: can edit on DAG:example_kubernetes_executor
[2024-03-28T16:33:32.499+0000] {logging_mixin.py:188} INFO - [2024-03-28T16:33:32.498+0000] {override.py:1769} INFO - Created Permission View: can read on DAG:example_kubernetes_executor
[2024-03-28T16:33:32.882+0000] {logging_mixin.py:188} INFO - [2024-03-28T16:33:32.846+0000] {override.py:1769} INFO - Created Permission View: can delete on DAG:example_kubernetes_executor
[2024-03-28T16:33:32.939+0000] {logging_mixin.py:188} INFO - [2024-03-28T16:33:32.898+0000] {dag.py:3047} INFO - Sync 1 DAGs
[2024-03-28T16:33:33.446+0000] {logging_mixin.py:188} INFO - [2024-03-28T16:33:33.445+0000] {dag.py:3069} INFO - Creating ORM DAG for example_kubernetes_executor
[2024-03-28T16:33:33.495+0000] {logging_mixin.py:188} INFO - [2024-03-28T16:33:33.472+0000] {dag.py:3834} INFO - Setting next_dagrun for example_kubernetes_executor to None, run_after=None
[2024-03-28T16:33:34.472+0000] {processor.py:183} INFO - Processing /home/airflow/.local/lib/python3.8/site-packages/airflow/example_dags/example_kubernetes_executor.py took 13.299 seconds
[2024-03-28T16:36:59.370+0000] {processor.py:161} INFO - Started process (PID=251) to work on /home/airflow/.local/lib/python3.8/site-packages/airflow/example_dags/example_kubernetes_executor.py
[2024-03-28T16:36:59.384+0000] {processor.py:830} INFO - Processing file /home/airflow/.local/lib/python3.8/site-packages/airflow/example_dags/example_kubernetes_executor.py for tasks to queue
[2024-03-28T16:36:59.411+0000] {logging_mixin.py:188} INFO - [2024-03-28T16:36:59.410+0000] {dagbag.py:540} INFO - Filling up the DagBag from /home/airflow/.local/lib/python3.8/site-packages/airflow/example_dags/example_kubernetes_executor.py
[2024-03-28T16:37:00.727+0000] {processor.py:840} INFO - DAG(s) 'example_kubernetes_executor' retrieved from /home/airflow/.local/lib/python3.8/site-packages/airflow/example_dags/example_kubernetes_executor.py
[2024-03-28T16:37:06.113+0000] {logging_mixin.py:188} INFO - [2024-03-28T16:37:06.094+0000] {dag.py:3047} INFO - Sync 1 DAGs
[2024-03-28T16:37:07.108+0000] {logging_mixin.py:188} INFO - [2024-03-28T16:37:07.075+0000] {dag.py:3834} INFO - Setting next_dagrun for example_kubernetes_executor to None, run_after=None
[2024-03-28T16:37:07.865+0000] {processor.py:183} INFO - Processing /home/airflow/.local/lib/python3.8/site-packages/airflow/example_dags/example_kubernetes_executor.py took 8.559 seconds
[2024-03-28T16:42:20.794+0000] {processor.py:161} INFO - Started process (PID=392) to work on /home/airflow/.local/lib/python3.8/site-packages/airflow/example_dags/example_kubernetes_executor.py
[2024-03-28T16:42:20.853+0000] {processor.py:830} INFO - Processing file /home/airflow/.local/lib/python3.8/site-packages/airflow/example_dags/example_kubernetes_executor.py for tasks to queue
[2024-03-28T16:42:20.970+0000] {logging_mixin.py:188} INFO - [2024-03-28T16:42:20.958+0000] {dagbag.py:540} INFO - Filling up the DagBag from /home/airflow/.local/lib/python3.8/site-packages/airflow/example_dags/example_kubernetes_executor.py
[2024-03-28T16:42:22.785+0000] {processor.py:840} INFO - DAG(s) 'example_kubernetes_executor' retrieved from /home/airflow/.local/lib/python3.8/site-packages/airflow/example_dags/example_kubernetes_executor.py
[2024-03-28T16:42:25.337+0000] {logging_mixin.py:188} INFO - [2024-03-28T16:42:25.336+0000] {dag.py:3047} INFO - Sync 1 DAGs
[2024-03-28T16:42:26.152+0000] {logging_mixin.py:188} INFO - [2024-03-28T16:42:26.149+0000] {dag.py:3834} INFO - Setting next_dagrun for example_kubernetes_executor to None, run_after=None
[2024-03-28T16:42:27.732+0000] {processor.py:183} INFO - Processing /home/airflow/.local/lib/python3.8/site-packages/airflow/example_dags/example_kubernetes_executor.py took 7.388 seconds
[2024-03-28T17:06:19.119+0000] {processor.py:161} INFO - Started process (PID=84) to work on /home/airflow/.local/lib/python3.8/site-packages/airflow/example_dags/example_kubernetes_executor.py
[2024-03-28T17:06:19.139+0000] {processor.py:830} INFO - Processing file /home/airflow/.local/lib/python3.8/site-packages/airflow/example_dags/example_kubernetes_executor.py for tasks to queue
[2024-03-28T17:06:19.171+0000] {logging_mixin.py:188} INFO - [2024-03-28T17:06:19.170+0000] {dagbag.py:540} INFO - Filling up the DagBag from /home/airflow/.local/lib/python3.8/site-packages/airflow/example_dags/example_kubernetes_executor.py
[2024-03-28T17:06:19.340+0000] {processor.py:840} INFO - DAG(s) 'example_kubernetes_executor' retrieved from /home/airflow/.local/lib/python3.8/site-packages/airflow/example_dags/example_kubernetes_executor.py
[2024-03-28T17:06:22.361+0000] {logging_mixin.py:188} INFO - [2024-03-28T17:06:22.359+0000] {dag.py:3047} INFO - Sync 1 DAGs
[2024-03-28T17:06:22.564+0000] {logging_mixin.py:188} INFO - [2024-03-28T17:06:22.564+0000] {dag.py:3834} INFO - Setting next_dagrun for example_kubernetes_executor to None, run_after=None
[2024-03-28T17:06:22.817+0000] {processor.py:183} INFO - Processing /home/airflow/.local/lib/python3.8/site-packages/airflow/example_dags/example_kubernetes_executor.py took 3.791 seconds
[2024-03-28T17:07:45.463+0000] {processor.py:161} INFO - Started process (PID=151) to work on /home/airflow/.local/lib/python3.8/site-packages/airflow/example_dags/example_kubernetes_executor.py
[2024-03-28T17:07:45.470+0000] {processor.py:830} INFO - Processing file /home/airflow/.local/lib/python3.8/site-packages/airflow/example_dags/example_kubernetes_executor.py for tasks to queue
[2024-03-28T17:07:45.483+0000] {logging_mixin.py:188} INFO - [2024-03-28T17:07:45.481+0000] {dagbag.py:540} INFO - Filling up the DagBag from /home/airflow/.local/lib/python3.8/site-packages/airflow/example_dags/example_kubernetes_executor.py
[2024-03-28T17:07:45.605+0000] {processor.py:840} INFO - DAG(s) 'example_kubernetes_executor' retrieved from /home/airflow/.local/lib/python3.8/site-packages/airflow/example_dags/example_kubernetes_executor.py
[2024-03-28T17:07:45.846+0000] {logging_mixin.py:188} INFO - [2024-03-28T17:07:45.845+0000] {dag.py:3047} INFO - Sync 1 DAGs
[2024-03-28T17:07:45.895+0000] {logging_mixin.py:188} INFO - [2024-03-28T17:07:45.894+0000] {dag.py:3834} INFO - Setting next_dagrun for example_kubernetes_executor to None, run_after=None
[2024-03-28T17:07:45.981+0000] {processor.py:183} INFO - Processing /home/airflow/.local/lib/python3.8/site-packages/airflow/example_dags/example_kubernetes_executor.py took 0.539 seconds
[2024-03-28T17:08:26.837+0000] {processor.py:161} INFO - Started process (PID=206) to work on /home/airflow/.local/lib/python3.8/site-packages/airflow/example_dags/example_kubernetes_executor.py
[2024-03-28T17:08:26.850+0000] {processor.py:830} INFO - Processing file /home/airflow/.local/lib/python3.8/site-packages/airflow/example_dags/example_kubernetes_executor.py for tasks to queue
[2024-03-28T17:08:26.871+0000] {logging_mixin.py:188} INFO - [2024-03-28T17:08:26.867+0000] {dagbag.py:540} INFO - Filling up the DagBag from /home/airflow/.local/lib/python3.8/site-packages/airflow/example_dags/example_kubernetes_executor.py
[2024-03-28T17:08:27.058+0000] {processor.py:840} INFO - DAG(s) 'example_kubernetes_executor' retrieved from /home/airflow/.local/lib/python3.8/site-packages/airflow/example_dags/example_kubernetes_executor.py
[2024-03-28T17:08:27.428+0000] {logging_mixin.py:188} INFO - [2024-03-28T17:08:27.428+0000] {dag.py:3047} INFO - Sync 1 DAGs
[2024-03-28T17:08:27.533+0000] {logging_mixin.py:188} INFO - [2024-03-28T17:08:27.532+0000] {dag.py:3834} INFO - Setting next_dagrun for example_kubernetes_executor to None, run_after=None
[2024-03-28T17:08:27.676+0000] {processor.py:183} INFO - Processing /home/airflow/.local/lib/python3.8/site-packages/airflow/example_dags/example_kubernetes_executor.py took 0.899 seconds
[2024-03-28T17:09:31.295+0000] {processor.py:161} INFO - Started process (PID=266) to work on /home/airflow/.local/lib/python3.8/site-packages/airflow/example_dags/example_kubernetes_executor.py
[2024-03-28T17:09:31.307+0000] {processor.py:830} INFO - Processing file /home/airflow/.local/lib/python3.8/site-packages/airflow/example_dags/example_kubernetes_executor.py for tasks to queue
[2024-03-28T17:09:31.344+0000] {logging_mixin.py:188} INFO - [2024-03-28T17:09:31.331+0000] {dagbag.py:540} INFO - Filling up the DagBag from /home/airflow/.local/lib/python3.8/site-packages/airflow/example_dags/example_kubernetes_executor.py
[2024-03-28T17:09:31.514+0000] {processor.py:840} INFO - DAG(s) 'example_kubernetes_executor' retrieved from /home/airflow/.local/lib/python3.8/site-packages/airflow/example_dags/example_kubernetes_executor.py
[2024-03-28T17:09:32.165+0000] {logging_mixin.py:188} INFO - [2024-03-28T17:09:32.158+0000] {dag.py:3047} INFO - Sync 1 DAGs
[2024-03-28T17:09:32.508+0000] {logging_mixin.py:188} INFO - [2024-03-28T17:09:32.508+0000] {dag.py:3834} INFO - Setting next_dagrun for example_kubernetes_executor to None, run_after=None
[2024-03-28T17:09:33.562+0000] {processor.py:183} INFO - Processing /home/airflow/.local/lib/python3.8/site-packages/airflow/example_dags/example_kubernetes_executor.py took 2.303 seconds
[2024-03-28T17:11:09.187+0000] {processor.py:161} INFO - Started process (PID=342) to work on /home/airflow/.local/lib/python3.8/site-packages/airflow/example_dags/example_kubernetes_executor.py
[2024-03-28T17:11:09.197+0000] {processor.py:830} INFO - Processing file /home/airflow/.local/lib/python3.8/site-packages/airflow/example_dags/example_kubernetes_executor.py for tasks to queue
[2024-03-28T17:11:09.205+0000] {logging_mixin.py:188} INFO - [2024-03-28T17:11:09.205+0000] {dagbag.py:540} INFO - Filling up the DagBag from /home/airflow/.local/lib/python3.8/site-packages/airflow/example_dags/example_kubernetes_executor.py
[2024-03-28T17:11:09.342+0000] {processor.py:840} INFO - DAG(s) 'example_kubernetes_executor' retrieved from /home/airflow/.local/lib/python3.8/site-packages/airflow/example_dags/example_kubernetes_executor.py
[2024-03-28T17:11:09.988+0000] {logging_mixin.py:188} INFO - [2024-03-28T17:11:09.987+0000] {dag.py:3047} INFO - Sync 1 DAGs
[2024-03-28T17:11:10.234+0000] {logging_mixin.py:188} INFO - [2024-03-28T17:11:10.232+0000] {dag.py:3834} INFO - Setting next_dagrun for example_kubernetes_executor to None, run_after=None
[2024-03-28T17:11:10.383+0000] {processor.py:183} INFO - Processing /home/airflow/.local/lib/python3.8/site-packages/airflow/example_dags/example_kubernetes_executor.py took 1.275 seconds
[2024-03-28T17:12:05.355+0000] {processor.py:161} INFO - Started process (PID=405) to work on /home/airflow/.local/lib/python3.8/site-packages/airflow/example_dags/example_kubernetes_executor.py
[2024-03-28T17:12:05.376+0000] {processor.py:830} INFO - Processing file /home/airflow/.local/lib/python3.8/site-packages/airflow/example_dags/example_kubernetes_executor.py for tasks to queue
[2024-03-28T17:12:05.399+0000] {logging_mixin.py:188} INFO - [2024-03-28T17:12:05.394+0000] {dagbag.py:540} INFO - Filling up the DagBag from /home/airflow/.local/lib/python3.8/site-packages/airflow/example_dags/example_kubernetes_executor.py
[2024-03-28T17:12:05.677+0000] {processor.py:840} INFO - DAG(s) 'example_kubernetes_executor' retrieved from /home/airflow/.local/lib/python3.8/site-packages/airflow/example_dags/example_kubernetes_executor.py
[2024-03-28T17:12:06.235+0000] {logging_mixin.py:188} INFO - [2024-03-28T17:12:06.234+0000] {dag.py:3047} INFO - Sync 1 DAGs
[2024-03-28T17:12:06.499+0000] {logging_mixin.py:188} INFO - [2024-03-28T17:12:06.491+0000] {dag.py:3834} INFO - Setting next_dagrun for example_kubernetes_executor to None, run_after=None
[2024-03-28T17:12:06.647+0000] {processor.py:183} INFO - Processing /home/airflow/.local/lib/python3.8/site-packages/airflow/example_dags/example_kubernetes_executor.py took 1.312 seconds
[2024-03-28T17:12:52.238+0000] {processor.py:161} INFO - Started process (PID=468) to work on /home/airflow/.local/lib/python3.8/site-packages/airflow/example_dags/example_kubernetes_executor.py
[2024-03-28T17:12:52.253+0000] {processor.py:830} INFO - Processing file /home/airflow/.local/lib/python3.8/site-packages/airflow/example_dags/example_kubernetes_executor.py for tasks to queue
[2024-03-28T17:12:52.280+0000] {logging_mixin.py:188} INFO - [2024-03-28T17:12:52.279+0000] {dagbag.py:540} INFO - Filling up the DagBag from /home/airflow/.local/lib/python3.8/site-packages/airflow/example_dags/example_kubernetes_executor.py
[2024-03-28T17:12:52.456+0000] {processor.py:840} INFO - DAG(s) 'example_kubernetes_executor' retrieved from /home/airflow/.local/lib/python3.8/site-packages/airflow/example_dags/example_kubernetes_executor.py
[2024-03-28T17:12:52.684+0000] {logging_mixin.py:188} INFO - [2024-03-28T17:12:52.683+0000] {dag.py:3047} INFO - Sync 1 DAGs
[2024-03-28T17:12:52.789+0000] {logging_mixin.py:188} INFO - [2024-03-28T17:12:52.788+0000] {dag.py:3834} INFO - Setting next_dagrun for example_kubernetes_executor to None, run_after=None
[2024-03-28T17:12:53.538+0000] {processor.py:183} INFO - Processing /home/airflow/.local/lib/python3.8/site-packages/airflow/example_dags/example_kubernetes_executor.py took 1.323 seconds
[2024-03-28T17:13:28.794+0000] {processor.py:161} INFO - Started process (PID=532) to work on /home/airflow/.local/lib/python3.8/site-packages/airflow/example_dags/example_kubernetes_executor.py
[2024-03-28T17:13:28.815+0000] {processor.py:830} INFO - Processing file /home/airflow/.local/lib/python3.8/site-packages/airflow/example_dags/example_kubernetes_executor.py for tasks to queue
[2024-03-28T17:13:29.042+0000] {logging_mixin.py:188} INFO - [2024-03-28T17:13:29.034+0000] {dagbag.py:540} INFO - Filling up the DagBag from /home/airflow/.local/lib/python3.8/site-packages/airflow/example_dags/example_kubernetes_executor.py
[2024-03-28T17:13:29.694+0000] {processor.py:840} INFO - DAG(s) 'example_kubernetes_executor' retrieved from /home/airflow/.local/lib/python3.8/site-packages/airflow/example_dags/example_kubernetes_executor.py
[2024-03-28T17:13:30.200+0000] {logging_mixin.py:188} INFO - [2024-03-28T17:13:30.193+0000] {dag.py:3047} INFO - Sync 1 DAGs
[2024-03-28T17:13:30.363+0000] {logging_mixin.py:188} INFO - [2024-03-28T17:13:30.363+0000] {dag.py:3834} INFO - Setting next_dagrun for example_kubernetes_executor to None, run_after=None
[2024-03-28T17:13:30.876+0000] {processor.py:183} INFO - Processing /home/airflow/.local/lib/python3.8/site-packages/airflow/example_dags/example_kubernetes_executor.py took 2.126 seconds
[2024-03-28T17:14:02.194+0000] {processor.py:161} INFO - Started process (PID=587) to work on /home/airflow/.local/lib/python3.8/site-packages/airflow/example_dags/example_kubernetes_executor.py
[2024-03-28T17:14:02.209+0000] {processor.py:830} INFO - Processing file /home/airflow/.local/lib/python3.8/site-packages/airflow/example_dags/example_kubernetes_executor.py for tasks to queue
[2024-03-28T17:14:02.229+0000] {logging_mixin.py:188} INFO - [2024-03-28T17:14:02.227+0000] {dagbag.py:540} INFO - Filling up the DagBag from /home/airflow/.local/lib/python3.8/site-packages/airflow/example_dags/example_kubernetes_executor.py
[2024-03-28T17:14:02.546+0000] {processor.py:840} INFO - DAG(s) 'example_kubernetes_executor' retrieved from /home/airflow/.local/lib/python3.8/site-packages/airflow/example_dags/example_kubernetes_executor.py
[2024-03-28T17:14:03.152+0000] {logging_mixin.py:188} INFO - [2024-03-28T17:14:03.149+0000] {dag.py:3047} INFO - Sync 1 DAGs
[2024-03-28T17:14:03.314+0000] {logging_mixin.py:188} INFO - [2024-03-28T17:14:03.314+0000] {dag.py:3834} INFO - Setting next_dagrun for example_kubernetes_executor to None, run_after=None
[2024-03-28T17:14:03.740+0000] {processor.py:183} INFO - Processing /home/airflow/.local/lib/python3.8/site-packages/airflow/example_dags/example_kubernetes_executor.py took 1.591 seconds
[2024-03-28T17:14:34.903+0000] {processor.py:161} INFO - Started process (PID=641) to work on /home/airflow/.local/lib/python3.8/site-packages/airflow/example_dags/example_kubernetes_executor.py
[2024-03-28T17:14:34.910+0000] {processor.py:830} INFO - Processing file /home/airflow/.local/lib/python3.8/site-packages/airflow/example_dags/example_kubernetes_executor.py for tasks to queue
[2024-03-28T17:14:34.930+0000] {logging_mixin.py:188} INFO - [2024-03-28T17:14:34.923+0000] {dagbag.py:540} INFO - Filling up the DagBag from /home/airflow/.local/lib/python3.8/site-packages/airflow/example_dags/example_kubernetes_executor.py
[2024-03-28T17:14:35.110+0000] {processor.py:840} INFO - DAG(s) 'example_kubernetes_executor' retrieved from /home/airflow/.local/lib/python3.8/site-packages/airflow/example_dags/example_kubernetes_executor.py
[2024-03-28T17:14:35.943+0000] {logging_mixin.py:188} INFO - [2024-03-28T17:14:35.942+0000] {dag.py:3047} INFO - Sync 1 DAGs
[2024-03-28T17:14:36.054+0000] {logging_mixin.py:188} INFO - [2024-03-28T17:14:36.054+0000] {dag.py:3834} INFO - Setting next_dagrun for example_kubernetes_executor to None, run_after=None
[2024-03-28T17:14:36.169+0000] {processor.py:183} INFO - Processing /home/airflow/.local/lib/python3.8/site-packages/airflow/example_dags/example_kubernetes_executor.py took 1.337 seconds
[2024-03-28T17:15:06.631+0000] {processor.py:161} INFO - Started process (PID=695) to work on /home/airflow/.local/lib/python3.8/site-packages/airflow/example_dags/example_kubernetes_executor.py
[2024-03-28T17:15:06.639+0000] {processor.py:830} INFO - Processing file /home/airflow/.local/lib/python3.8/site-packages/airflow/example_dags/example_kubernetes_executor.py for tasks to queue
[2024-03-28T17:15:06.652+0000] {logging_mixin.py:188} INFO - [2024-03-28T17:15:06.651+0000] {dagbag.py:540} INFO - Filling up the DagBag from /home/airflow/.local/lib/python3.8/site-packages/airflow/example_dags/example_kubernetes_executor.py
[2024-03-28T17:15:06.700+0000] {processor.py:840} INFO - DAG(s) 'example_kubernetes_executor' retrieved from /home/airflow/.local/lib/python3.8/site-packages/airflow/example_dags/example_kubernetes_executor.py
[2024-03-28T17:15:06.809+0000] {logging_mixin.py:188} INFO - [2024-03-28T17:15:06.809+0000] {dag.py:3047} INFO - Sync 1 DAGs
[2024-03-28T17:15:06.873+0000] {logging_mixin.py:188} INFO - [2024-03-28T17:15:06.872+0000] {dag.py:3834} INFO - Setting next_dagrun for example_kubernetes_executor to None, run_after=None
[2024-03-28T17:15:06.992+0000] {processor.py:183} INFO - Processing /home/airflow/.local/lib/python3.8/site-packages/airflow/example_dags/example_kubernetes_executor.py took 0.375 seconds
[2024-03-28T17:15:43.729+0000] {processor.py:161} INFO - Started process (PID=750) to work on /home/airflow/.local/lib/python3.8/site-packages/airflow/example_dags/example_kubernetes_executor.py
[2024-03-28T17:15:43.760+0000] {processor.py:830} INFO - Processing file /home/airflow/.local/lib/python3.8/site-packages/airflow/example_dags/example_kubernetes_executor.py for tasks to queue
[2024-03-28T17:15:43.771+0000] {logging_mixin.py:188} INFO - [2024-03-28T17:15:43.770+0000] {dagbag.py:540} INFO - Filling up the DagBag from /home/airflow/.local/lib/python3.8/site-packages/airflow/example_dags/example_kubernetes_executor.py
[2024-03-28T17:15:43.953+0000] {processor.py:840} INFO - DAG(s) 'example_kubernetes_executor' retrieved from /home/airflow/.local/lib/python3.8/site-packages/airflow/example_dags/example_kubernetes_executor.py
[2024-03-28T17:15:44.270+0000] {logging_mixin.py:188} INFO - [2024-03-28T17:15:44.269+0000] {dag.py:3047} INFO - Sync 1 DAGs
[2024-03-28T17:15:44.308+0000] {logging_mixin.py:188} INFO - [2024-03-28T17:15:44.307+0000] {dag.py:3834} INFO - Setting next_dagrun for example_kubernetes_executor to None, run_after=None
[2024-03-28T17:15:44.369+0000] {processor.py:183} INFO - Processing /home/airflow/.local/lib/python3.8/site-packages/airflow/example_dags/example_kubernetes_executor.py took 0.675 seconds
[2024-03-28T17:16:15.128+0000] {processor.py:161} INFO - Started process (PID=805) to work on /home/airflow/.local/lib/python3.8/site-packages/airflow/example_dags/example_kubernetes_executor.py
[2024-03-28T17:16:15.132+0000] {processor.py:830} INFO - Processing file /home/airflow/.local/lib/python3.8/site-packages/airflow/example_dags/example_kubernetes_executor.py for tasks to queue
[2024-03-28T17:16:15.140+0000] {logging_mixin.py:188} INFO - [2024-03-28T17:16:15.138+0000] {dagbag.py:540} INFO - Filling up the DagBag from /home/airflow/.local/lib/python3.8/site-packages/airflow/example_dags/example_kubernetes_executor.py
[2024-03-28T17:16:15.190+0000] {processor.py:840} INFO - DAG(s) 'example_kubernetes_executor' retrieved from /home/airflow/.local/lib/python3.8/site-packages/airflow/example_dags/example_kubernetes_executor.py
[2024-03-28T17:16:15.302+0000] {logging_mixin.py:188} INFO - [2024-03-28T17:16:15.301+0000] {dag.py:3047} INFO - Sync 1 DAGs
[2024-03-28T17:16:15.559+0000] {logging_mixin.py:188} INFO - [2024-03-28T17:16:15.558+0000] {dag.py:3834} INFO - Setting next_dagrun for example_kubernetes_executor to None, run_after=None
[2024-03-28T17:16:15.667+0000] {processor.py:183} INFO - Processing /home/airflow/.local/lib/python3.8/site-packages/airflow/example_dags/example_kubernetes_executor.py took 0.550 seconds
[2024-03-28T17:16:59.635+0000] {processor.py:161} INFO - Started process (PID=854) to work on /home/airflow/.local/lib/python3.8/site-packages/airflow/example_dags/example_kubernetes_executor.py
[2024-03-28T17:16:59.643+0000] {processor.py:830} INFO - Processing file /home/airflow/.local/lib/python3.8/site-packages/airflow/example_dags/example_kubernetes_executor.py for tasks to queue
[2024-03-28T17:16:59.653+0000] {logging_mixin.py:188} INFO - [2024-03-28T17:16:59.652+0000] {dagbag.py:540} INFO - Filling up the DagBag from /home/airflow/.local/lib/python3.8/site-packages/airflow/example_dags/example_kubernetes_executor.py
[2024-03-28T17:16:59.710+0000] {processor.py:840} INFO - DAG(s) 'example_kubernetes_executor' retrieved from /home/airflow/.local/lib/python3.8/site-packages/airflow/example_dags/example_kubernetes_executor.py
[2024-03-28T17:17:00.045+0000] {logging_mixin.py:188} INFO - [2024-03-28T17:17:00.045+0000] {dag.py:3047} INFO - Sync 1 DAGs
[2024-03-28T17:17:00.210+0000] {logging_mixin.py:188} INFO - [2024-03-28T17:17:00.208+0000] {dag.py:3834} INFO - Setting next_dagrun for example_kubernetes_executor to None, run_after=None
[2024-03-28T17:17:00.358+0000] {processor.py:183} INFO - Processing /home/airflow/.local/lib/python3.8/site-packages/airflow/example_dags/example_kubernetes_executor.py took 0.732 seconds
[2024-03-28T17:17:49.845+0000] {processor.py:161} INFO - Started process (PID=924) to work on /home/airflow/.local/lib/python3.8/site-packages/airflow/example_dags/example_kubernetes_executor.py
[2024-03-28T17:17:49.861+0000] {processor.py:830} INFO - Processing file /home/airflow/.local/lib/python3.8/site-packages/airflow/example_dags/example_kubernetes_executor.py for tasks to queue
[2024-03-28T17:17:49.889+0000] {logging_mixin.py:188} INFO - [2024-03-28T17:17:49.889+0000] {dagbag.py:540} INFO - Filling up the DagBag from /home/airflow/.local/lib/python3.8/site-packages/airflow/example_dags/example_kubernetes_executor.py
[2024-03-28T17:17:49.980+0000] {processor.py:840} INFO - DAG(s) 'example_kubernetes_executor' retrieved from /home/airflow/.local/lib/python3.8/site-packages/airflow/example_dags/example_kubernetes_executor.py
[2024-03-28T17:17:50.327+0000] {logging_mixin.py:188} INFO - [2024-03-28T17:17:50.327+0000] {dag.py:3047} INFO - Sync 1 DAGs
[2024-03-28T17:17:50.375+0000] {logging_mixin.py:188} INFO - [2024-03-28T17:17:50.375+0000] {dag.py:3834} INFO - Setting next_dagrun for example_kubernetes_executor to None, run_after=None
[2024-03-28T17:17:50.740+0000] {processor.py:183} INFO - Processing /home/airflow/.local/lib/python3.8/site-packages/airflow/example_dags/example_kubernetes_executor.py took 0.931 seconds
[2024-03-28T17:18:50.834+0000] {processor.py:161} INFO - Started process (PID=981) to work on /home/airflow/.local/lib/python3.8/site-packages/airflow/example_dags/example_kubernetes_executor.py
[2024-03-28T17:18:50.838+0000] {processor.py:830} INFO - Processing file /home/airflow/.local/lib/python3.8/site-packages/airflow/example_dags/example_kubernetes_executor.py for tasks to queue
[2024-03-28T17:18:50.854+0000] {logging_mixin.py:188} INFO - [2024-03-28T17:18:50.853+0000] {dagbag.py:540} INFO - Filling up the DagBag from /home/airflow/.local/lib/python3.8/site-packages/airflow/example_dags/example_kubernetes_executor.py
[2024-03-28T17:18:50.948+0000] {processor.py:840} INFO - DAG(s) 'example_kubernetes_executor' retrieved from /home/airflow/.local/lib/python3.8/site-packages/airflow/example_dags/example_kubernetes_executor.py
[2024-03-28T17:18:51.099+0000] {logging_mixin.py:188} INFO - [2024-03-28T17:18:51.098+0000] {dag.py:3047} INFO - Sync 1 DAGs
[2024-03-28T17:18:51.152+0000] {logging_mixin.py:188} INFO - [2024-03-28T17:18:51.151+0000] {dag.py:3834} INFO - Setting next_dagrun for example_kubernetes_executor to None, run_after=None
[2024-03-28T17:18:51.208+0000] {processor.py:183} INFO - Processing /home/airflow/.local/lib/python3.8/site-packages/airflow/example_dags/example_kubernetes_executor.py took 0.395 seconds
[2024-03-28T17:19:22.697+0000] {processor.py:161} INFO - Started process (PID=1036) to work on /home/airflow/.local/lib/python3.8/site-packages/airflow/example_dags/example_kubernetes_executor.py
[2024-03-28T17:19:22.712+0000] {processor.py:830} INFO - Processing file /home/airflow/.local/lib/python3.8/site-packages/airflow/example_dags/example_kubernetes_executor.py for tasks to queue
[2024-03-28T17:19:22.726+0000] {logging_mixin.py:188} INFO - [2024-03-28T17:19:22.725+0000] {dagbag.py:540} INFO - Filling up the DagBag from /home/airflow/.local/lib/python3.8/site-packages/airflow/example_dags/example_kubernetes_executor.py
[2024-03-28T17:19:23.001+0000] {processor.py:840} INFO - DAG(s) 'example_kubernetes_executor' retrieved from /home/airflow/.local/lib/python3.8/site-packages/airflow/example_dags/example_kubernetes_executor.py
[2024-03-28T17:19:23.334+0000] {logging_mixin.py:188} INFO - [2024-03-28T17:19:23.331+0000] {dag.py:3047} INFO - Sync 1 DAGs
[2024-03-28T17:19:23.496+0000] {logging_mixin.py:188} INFO - [2024-03-28T17:19:23.495+0000] {dag.py:3834} INFO - Setting next_dagrun for example_kubernetes_executor to None, run_after=None
[2024-03-28T17:19:24.028+0000] {processor.py:183} INFO - Processing /home/airflow/.local/lib/python3.8/site-packages/airflow/example_dags/example_kubernetes_executor.py took 1.356 seconds
[2024-03-28T17:19:54.887+0000] {processor.py:161} INFO - Started process (PID=1092) to work on /home/airflow/.local/lib/python3.8/site-packages/airflow/example_dags/example_kubernetes_executor.py
[2024-03-28T17:19:54.920+0000] {processor.py:830} INFO - Processing file /home/airflow/.local/lib/python3.8/site-packages/airflow/example_dags/example_kubernetes_executor.py for tasks to queue
[2024-03-28T17:19:54.950+0000] {logging_mixin.py:188} INFO - [2024-03-28T17:19:54.940+0000] {dagbag.py:540} INFO - Filling up the DagBag from /home/airflow/.local/lib/python3.8/site-packages/airflow/example_dags/example_kubernetes_executor.py
[2024-03-28T17:19:55.116+0000] {processor.py:840} INFO - DAG(s) 'example_kubernetes_executor' retrieved from /home/airflow/.local/lib/python3.8/site-packages/airflow/example_dags/example_kubernetes_executor.py
[2024-03-28T17:19:55.612+0000] {logging_mixin.py:188} INFO - [2024-03-28T17:19:55.610+0000] {dag.py:3047} INFO - Sync 1 DAGs
[2024-03-28T17:19:55.812+0000] {logging_mixin.py:188} INFO - [2024-03-28T17:19:55.808+0000] {dag.py:3834} INFO - Setting next_dagrun for example_kubernetes_executor to None, run_after=None
[2024-03-28T17:19:56.096+0000] {processor.py:183} INFO - Processing /home/airflow/.local/lib/python3.8/site-packages/airflow/example_dags/example_kubernetes_executor.py took 1.267 seconds
[2024-03-28T17:20:26.871+0000] {processor.py:161} INFO - Started process (PID=1147) to work on /home/airflow/.local/lib/python3.8/site-packages/airflow/example_dags/example_kubernetes_executor.py
[2024-03-28T17:20:26.876+0000] {processor.py:830} INFO - Processing file /home/airflow/.local/lib/python3.8/site-packages/airflow/example_dags/example_kubernetes_executor.py for tasks to queue
[2024-03-28T17:20:26.894+0000] {logging_mixin.py:188} INFO - [2024-03-28T17:20:26.889+0000] {dagbag.py:540} INFO - Filling up the DagBag from /home/airflow/.local/lib/python3.8/site-packages/airflow/example_dags/example_kubernetes_executor.py
[2024-03-28T17:20:27.017+0000] {processor.py:840} INFO - DAG(s) 'example_kubernetes_executor' retrieved from /home/airflow/.local/lib/python3.8/site-packages/airflow/example_dags/example_kubernetes_executor.py
[2024-03-28T17:20:27.221+0000] {logging_mixin.py:188} INFO - [2024-03-28T17:20:27.221+0000] {dag.py:3047} INFO - Sync 1 DAGs
[2024-03-28T17:20:27.259+0000] {logging_mixin.py:188} INFO - [2024-03-28T17:20:27.258+0000] {dag.py:3834} INFO - Setting next_dagrun for example_kubernetes_executor to None, run_after=None
[2024-03-28T17:20:27.336+0000] {processor.py:183} INFO - Processing /home/airflow/.local/lib/python3.8/site-packages/airflow/example_dags/example_kubernetes_executor.py took 0.476 seconds
[2024-03-28T17:20:57.870+0000] {processor.py:161} INFO - Started process (PID=1201) to work on /home/airflow/.local/lib/python3.8/site-packages/airflow/example_dags/example_kubernetes_executor.py
[2024-03-28T17:20:57.876+0000] {processor.py:830} INFO - Processing file /home/airflow/.local/lib/python3.8/site-packages/airflow/example_dags/example_kubernetes_executor.py for tasks to queue
[2024-03-28T17:20:57.886+0000] {logging_mixin.py:188} INFO - [2024-03-28T17:20:57.886+0000] {dagbag.py:540} INFO - Filling up the DagBag from /home/airflow/.local/lib/python3.8/site-packages/airflow/example_dags/example_kubernetes_executor.py
[2024-03-28T17:20:57.936+0000] {processor.py:840} INFO - DAG(s) 'example_kubernetes_executor' retrieved from /home/airflow/.local/lib/python3.8/site-packages/airflow/example_dags/example_kubernetes_executor.py
[2024-03-28T17:20:58.085+0000] {logging_mixin.py:188} INFO - [2024-03-28T17:20:58.081+0000] {dag.py:3047} INFO - Sync 1 DAGs
[2024-03-28T17:20:58.148+0000] {logging_mixin.py:188} INFO - [2024-03-28T17:20:58.146+0000] {dag.py:3834} INFO - Setting next_dagrun for example_kubernetes_executor to None, run_after=None
[2024-03-28T17:20:58.231+0000] {processor.py:183} INFO - Processing /home/airflow/.local/lib/python3.8/site-packages/airflow/example_dags/example_kubernetes_executor.py took 0.391 seconds
[2024-03-28T17:21:28.749+0000] {processor.py:161} INFO - Started process (PID=1256) to work on /home/airflow/.local/lib/python3.8/site-packages/airflow/example_dags/example_kubernetes_executor.py
[2024-03-28T17:21:28.755+0000] {processor.py:830} INFO - Processing file /home/airflow/.local/lib/python3.8/site-packages/airflow/example_dags/example_kubernetes_executor.py for tasks to queue
[2024-03-28T17:21:28.764+0000] {logging_mixin.py:188} INFO - [2024-03-28T17:21:28.762+0000] {dagbag.py:540} INFO - Filling up the DagBag from /home/airflow/.local/lib/python3.8/site-packages/airflow/example_dags/example_kubernetes_executor.py
[2024-03-28T17:21:28.847+0000] {processor.py:840} INFO - DAG(s) 'example_kubernetes_executor' retrieved from /home/airflow/.local/lib/python3.8/site-packages/airflow/example_dags/example_kubernetes_executor.py
[2024-03-28T17:21:29.002+0000] {logging_mixin.py:188} INFO - [2024-03-28T17:21:28.999+0000] {dag.py:3047} INFO - Sync 1 DAGs
[2024-03-28T17:21:29.038+0000] {logging_mixin.py:188} INFO - [2024-03-28T17:21:29.037+0000] {dag.py:3834} INFO - Setting next_dagrun for example_kubernetes_executor to None, run_after=None
[2024-03-28T17:21:29.148+0000] {processor.py:183} INFO - Processing /home/airflow/.local/lib/python3.8/site-packages/airflow/example_dags/example_kubernetes_executor.py took 0.428 seconds
[2024-03-28T17:22:05.637+0000] {processor.py:161} INFO - Started process (PID=1314) to work on /home/airflow/.local/lib/python3.8/site-packages/airflow/example_dags/example_kubernetes_executor.py
[2024-03-28T17:22:05.643+0000] {processor.py:830} INFO - Processing file /home/airflow/.local/lib/python3.8/site-packages/airflow/example_dags/example_kubernetes_executor.py for tasks to queue
[2024-03-28T17:22:05.658+0000] {logging_mixin.py:188} INFO - [2024-03-28T17:22:05.656+0000] {dagbag.py:540} INFO - Filling up the DagBag from /home/airflow/.local/lib/python3.8/site-packages/airflow/example_dags/example_kubernetes_executor.py
[2024-03-28T17:22:05.730+0000] {processor.py:840} INFO - DAG(s) 'example_kubernetes_executor' retrieved from /home/airflow/.local/lib/python3.8/site-packages/airflow/example_dags/example_kubernetes_executor.py
[2024-03-28T17:22:05.875+0000] {logging_mixin.py:188} INFO - [2024-03-28T17:22:05.874+0000] {dag.py:3047} INFO - Sync 1 DAGs
[2024-03-28T17:22:05.925+0000] {logging_mixin.py:188} INFO - [2024-03-28T17:22:05.924+0000] {dag.py:3834} INFO - Setting next_dagrun for example_kubernetes_executor to None, run_after=None
[2024-03-28T17:22:05.989+0000] {processor.py:183} INFO - Processing /home/airflow/.local/lib/python3.8/site-packages/airflow/example_dags/example_kubernetes_executor.py took 0.372 seconds
[2024-03-28T17:22:57.702+0000] {processor.py:161} INFO - Started process (PID=1382) to work on /home/airflow/.local/lib/python3.8/site-packages/airflow/example_dags/example_kubernetes_executor.py
[2024-03-28T17:22:57.737+0000] {processor.py:830} INFO - Processing file /home/airflow/.local/lib/python3.8/site-packages/airflow/example_dags/example_kubernetes_executor.py for tasks to queue
[2024-03-28T17:22:57.812+0000] {logging_mixin.py:188} INFO - [2024-03-28T17:22:57.745+0000] {dagbag.py:540} INFO - Filling up the DagBag from /home/airflow/.local/lib/python3.8/site-packages/airflow/example_dags/example_kubernetes_executor.py
[2024-03-28T17:22:57.861+0000] {processor.py:840} INFO - DAG(s) 'example_kubernetes_executor' retrieved from /home/airflow/.local/lib/python3.8/site-packages/airflow/example_dags/example_kubernetes_executor.py
[2024-03-28T17:22:57.984+0000] {logging_mixin.py:188} INFO - [2024-03-28T17:22:57.984+0000] {dag.py:3047} INFO - Sync 1 DAGs
[2024-03-28T17:22:58.076+0000] {logging_mixin.py:188} INFO - [2024-03-28T17:22:58.075+0000] {dag.py:3834} INFO - Setting next_dagrun for example_kubernetes_executor to None, run_after=None
[2024-03-28T17:22:58.139+0000] {processor.py:183} INFO - Processing /home/airflow/.local/lib/python3.8/site-packages/airflow/example_dags/example_kubernetes_executor.py took 0.497 seconds
[2024-03-28T17:23:28.312+0000] {processor.py:161} INFO - Started process (PID=1437) to work on /home/airflow/.local/lib/python3.8/site-packages/airflow/example_dags/example_kubernetes_executor.py
[2024-03-28T17:23:28.318+0000] {processor.py:830} INFO - Processing file /home/airflow/.local/lib/python3.8/site-packages/airflow/example_dags/example_kubernetes_executor.py for tasks to queue
[2024-03-28T17:23:28.328+0000] {logging_mixin.py:188} INFO - [2024-03-28T17:23:28.326+0000] {dagbag.py:540} INFO - Filling up the DagBag from /home/airflow/.local/lib/python3.8/site-packages/airflow/example_dags/example_kubernetes_executor.py
[2024-03-28T17:23:28.408+0000] {processor.py:840} INFO - DAG(s) 'example_kubernetes_executor' retrieved from /home/airflow/.local/lib/python3.8/site-packages/airflow/example_dags/example_kubernetes_executor.py
[2024-03-28T17:23:28.605+0000] {logging_mixin.py:188} INFO - [2024-03-28T17:23:28.604+0000] {dag.py:3047} INFO - Sync 1 DAGs
[2024-03-28T17:23:28.673+0000] {logging_mixin.py:188} INFO - [2024-03-28T17:23:28.672+0000] {dag.py:3834} INFO - Setting next_dagrun for example_kubernetes_executor to None, run_after=None
[2024-03-28T17:23:28.738+0000] {processor.py:183} INFO - Processing /home/airflow/.local/lib/python3.8/site-packages/airflow/example_dags/example_kubernetes_executor.py took 0.455 seconds
[2024-03-28T17:24:05.234+0000] {processor.py:161} INFO - Started process (PID=1496) to work on /home/airflow/.local/lib/python3.8/site-packages/airflow/example_dags/example_kubernetes_executor.py
[2024-03-28T17:24:05.238+0000] {processor.py:830} INFO - Processing file /home/airflow/.local/lib/python3.8/site-packages/airflow/example_dags/example_kubernetes_executor.py for tasks to queue
[2024-03-28T17:24:05.251+0000] {logging_mixin.py:188} INFO - [2024-03-28T17:24:05.250+0000] {dagbag.py:540} INFO - Filling up the DagBag from /home/airflow/.local/lib/python3.8/site-packages/airflow/example_dags/example_kubernetes_executor.py
[2024-03-28T17:24:05.311+0000] {processor.py:840} INFO - DAG(s) 'example_kubernetes_executor' retrieved from /home/airflow/.local/lib/python3.8/site-packages/airflow/example_dags/example_kubernetes_executor.py
[2024-03-28T17:24:05.460+0000] {logging_mixin.py:188} INFO - [2024-03-28T17:24:05.459+0000] {dag.py:3047} INFO - Sync 1 DAGs
[2024-03-28T17:24:05.513+0000] {logging_mixin.py:188} INFO - [2024-03-28T17:24:05.512+0000] {dag.py:3834} INFO - Setting next_dagrun for example_kubernetes_executor to None, run_after=None
[2024-03-28T17:24:05.649+0000] {processor.py:183} INFO - Processing /home/airflow/.local/lib/python3.8/site-packages/airflow/example_dags/example_kubernetes_executor.py took 0.428 seconds
[2024-03-28T17:24:41.136+0000] {processor.py:161} INFO - Started process (PID=1558) to work on /home/airflow/.local/lib/python3.8/site-packages/airflow/example_dags/example_kubernetes_executor.py
[2024-03-28T17:24:41.150+0000] {processor.py:830} INFO - Processing file /home/airflow/.local/lib/python3.8/site-packages/airflow/example_dags/example_kubernetes_executor.py for tasks to queue
[2024-03-28T17:24:41.171+0000] {logging_mixin.py:188} INFO - [2024-03-28T17:24:41.166+0000] {dagbag.py:540} INFO - Filling up the DagBag from /home/airflow/.local/lib/python3.8/site-packages/airflow/example_dags/example_kubernetes_executor.py
[2024-03-28T17:24:41.365+0000] {processor.py:840} INFO - DAG(s) 'example_kubernetes_executor' retrieved from /home/airflow/.local/lib/python3.8/site-packages/airflow/example_dags/example_kubernetes_executor.py
[2024-03-28T17:24:41.843+0000] {logging_mixin.py:188} INFO - [2024-03-28T17:24:41.842+0000] {dag.py:3047} INFO - Sync 1 DAGs
[2024-03-28T17:24:41.968+0000] {logging_mixin.py:188} INFO - [2024-03-28T17:24:41.968+0000] {dag.py:3834} INFO - Setting next_dagrun for example_kubernetes_executor to None, run_after=None
[2024-03-28T17:24:42.096+0000] {processor.py:183} INFO - Processing /home/airflow/.local/lib/python3.8/site-packages/airflow/example_dags/example_kubernetes_executor.py took 0.989 seconds
[2024-03-28T17:25:12.748+0000] {processor.py:161} INFO - Started process (PID=1613) to work on /home/airflow/.local/lib/python3.8/site-packages/airflow/example_dags/example_kubernetes_executor.py
[2024-03-28T17:25:12.762+0000] {processor.py:830} INFO - Processing file /home/airflow/.local/lib/python3.8/site-packages/airflow/example_dags/example_kubernetes_executor.py for tasks to queue
[2024-03-28T17:25:12.776+0000] {logging_mixin.py:188} INFO - [2024-03-28T17:25:12.775+0000] {dagbag.py:540} INFO - Filling up the DagBag from /home/airflow/.local/lib/python3.8/site-packages/airflow/example_dags/example_kubernetes_executor.py
[2024-03-28T17:25:12.930+0000] {processor.py:840} INFO - DAG(s) 'example_kubernetes_executor' retrieved from /home/airflow/.local/lib/python3.8/site-packages/airflow/example_dags/example_kubernetes_executor.py
[2024-03-28T17:25:13.258+0000] {logging_mixin.py:188} INFO - [2024-03-28T17:25:13.257+0000] {dag.py:3047} INFO - Sync 1 DAGs
[2024-03-28T17:25:13.428+0000] {logging_mixin.py:188} INFO - [2024-03-28T17:25:13.427+0000] {dag.py:3834} INFO - Setting next_dagrun for example_kubernetes_executor to None, run_after=None
[2024-03-28T17:25:13.913+0000] {processor.py:183} INFO - Processing /home/airflow/.local/lib/python3.8/site-packages/airflow/example_dags/example_kubernetes_executor.py took 1.203 seconds
[2024-03-28T17:25:44.935+0000] {processor.py:161} INFO - Started process (PID=1668) to work on /home/airflow/.local/lib/python3.8/site-packages/airflow/example_dags/example_kubernetes_executor.py
[2024-03-28T17:25:44.940+0000] {processor.py:830} INFO - Processing file /home/airflow/.local/lib/python3.8/site-packages/airflow/example_dags/example_kubernetes_executor.py for tasks to queue
[2024-03-28T17:25:44.951+0000] {logging_mixin.py:188} INFO - [2024-03-28T17:25:44.950+0000] {dagbag.py:540} INFO - Filling up the DagBag from /home/airflow/.local/lib/python3.8/site-packages/airflow/example_dags/example_kubernetes_executor.py
[2024-03-28T17:25:45.066+0000] {processor.py:840} INFO - DAG(s) 'example_kubernetes_executor' retrieved from /home/airflow/.local/lib/python3.8/site-packages/airflow/example_dags/example_kubernetes_executor.py
[2024-03-28T17:25:45.184+0000] {logging_mixin.py:188} INFO - [2024-03-28T17:25:45.183+0000] {dag.py:3047} INFO - Sync 1 DAGs
[2024-03-28T17:25:45.230+0000] {logging_mixin.py:188} INFO - [2024-03-28T17:25:45.229+0000] {dag.py:3834} INFO - Setting next_dagrun for example_kubernetes_executor to None, run_after=None
[2024-03-28T17:25:45.299+0000] {processor.py:183} INFO - Processing /home/airflow/.local/lib/python3.8/site-packages/airflow/example_dags/example_kubernetes_executor.py took 0.373 seconds
[2024-03-28T17:26:15.582+0000] {processor.py:161} INFO - Started process (PID=1723) to work on /home/airflow/.local/lib/python3.8/site-packages/airflow/example_dags/example_kubernetes_executor.py
[2024-03-28T17:26:15.586+0000] {processor.py:830} INFO - Processing file /home/airflow/.local/lib/python3.8/site-packages/airflow/example_dags/example_kubernetes_executor.py for tasks to queue
[2024-03-28T17:26:15.594+0000] {logging_mixin.py:188} INFO - [2024-03-28T17:26:15.594+0000] {dagbag.py:540} INFO - Filling up the DagBag from /home/airflow/.local/lib/python3.8/site-packages/airflow/example_dags/example_kubernetes_executor.py
[2024-03-28T17:26:15.633+0000] {processor.py:840} INFO - DAG(s) 'example_kubernetes_executor' retrieved from /home/airflow/.local/lib/python3.8/site-packages/airflow/example_dags/example_kubernetes_executor.py
[2024-03-28T17:26:15.762+0000] {logging_mixin.py:188} INFO - [2024-03-28T17:26:15.755+0000] {dag.py:3047} INFO - Sync 1 DAGs
[2024-03-28T17:26:15.873+0000] {logging_mixin.py:188} INFO - [2024-03-28T17:26:15.872+0000] {dag.py:3834} INFO - Setting next_dagrun for example_kubernetes_executor to None, run_after=None
[2024-03-28T17:26:16.060+0000] {processor.py:183} INFO - Processing /home/airflow/.local/lib/python3.8/site-packages/airflow/example_dags/example_kubernetes_executor.py took 0.491 seconds
[2024-03-28T17:26:50.525+0000] {processor.py:161} INFO - Started process (PID=1776) to work on /home/airflow/.local/lib/python3.8/site-packages/airflow/example_dags/example_kubernetes_executor.py
[2024-03-28T17:26:50.534+0000] {processor.py:830} INFO - Processing file /home/airflow/.local/lib/python3.8/site-packages/airflow/example_dags/example_kubernetes_executor.py for tasks to queue
[2024-03-28T17:26:50.540+0000] {logging_mixin.py:188} INFO - [2024-03-28T17:26:50.539+0000] {dagbag.py:540} INFO - Filling up the DagBag from /home/airflow/.local/lib/python3.8/site-packages/airflow/example_dags/example_kubernetes_executor.py
[2024-03-28T17:26:50.772+0000] {processor.py:840} INFO - DAG(s) 'example_kubernetes_executor' retrieved from /home/airflow/.local/lib/python3.8/site-packages/airflow/example_dags/example_kubernetes_executor.py
[2024-03-28T17:26:50.985+0000] {logging_mixin.py:188} INFO - [2024-03-28T17:26:50.976+0000] {dag.py:3047} INFO - Sync 1 DAGs
[2024-03-28T17:26:51.135+0000] {logging_mixin.py:188} INFO - [2024-03-28T17:26:51.135+0000] {dag.py:3834} INFO - Setting next_dagrun for example_kubernetes_executor to None, run_after=None
[2024-03-28T17:26:51.213+0000] {processor.py:183} INFO - Processing /home/airflow/.local/lib/python3.8/site-packages/airflow/example_dags/example_kubernetes_executor.py took 0.741 seconds
[2024-03-28T17:27:33.437+0000] {processor.py:161} INFO - Started process (PID=1842) to work on /home/airflow/.local/lib/python3.8/site-packages/airflow/example_dags/example_kubernetes_executor.py
[2024-03-28T17:27:33.440+0000] {processor.py:830} INFO - Processing file /home/airflow/.local/lib/python3.8/site-packages/airflow/example_dags/example_kubernetes_executor.py for tasks to queue
[2024-03-28T17:27:33.450+0000] {logging_mixin.py:188} INFO - [2024-03-28T17:27:33.448+0000] {dagbag.py:540} INFO - Filling up the DagBag from /home/airflow/.local/lib/python3.8/site-packages/airflow/example_dags/example_kubernetes_executor.py
[2024-03-28T17:27:33.512+0000] {processor.py:840} INFO - DAG(s) 'example_kubernetes_executor' retrieved from /home/airflow/.local/lib/python3.8/site-packages/airflow/example_dags/example_kubernetes_executor.py
[2024-03-28T17:27:33.687+0000] {logging_mixin.py:188} INFO - [2024-03-28T17:27:33.684+0000] {dag.py:3047} INFO - Sync 1 DAGs
[2024-03-28T17:27:33.777+0000] {logging_mixin.py:188} INFO - [2024-03-28T17:27:33.777+0000] {dag.py:3834} INFO - Setting next_dagrun for example_kubernetes_executor to None, run_after=None
[2024-03-28T17:27:33.860+0000] {processor.py:183} INFO - Processing /home/airflow/.local/lib/python3.8/site-packages/airflow/example_dags/example_kubernetes_executor.py took 0.434 seconds
[2024-03-28T17:28:06.193+0000] {processor.py:161} INFO - Started process (PID=1899) to work on /home/airflow/.local/lib/python3.8/site-packages/airflow/example_dags/example_kubernetes_executor.py
[2024-03-28T17:28:06.197+0000] {processor.py:830} INFO - Processing file /home/airflow/.local/lib/python3.8/site-packages/airflow/example_dags/example_kubernetes_executor.py for tasks to queue
[2024-03-28T17:28:06.209+0000] {logging_mixin.py:188} INFO - [2024-03-28T17:28:06.208+0000] {dagbag.py:540} INFO - Filling up the DagBag from /home/airflow/.local/lib/python3.8/site-packages/airflow/example_dags/example_kubernetes_executor.py
[2024-03-28T17:28:06.275+0000] {processor.py:840} INFO - DAG(s) 'example_kubernetes_executor' retrieved from /home/airflow/.local/lib/python3.8/site-packages/airflow/example_dags/example_kubernetes_executor.py
[2024-03-28T17:28:06.390+0000] {logging_mixin.py:188} INFO - [2024-03-28T17:28:06.390+0000] {dag.py:3047} INFO - Sync 1 DAGs
[2024-03-28T17:28:06.425+0000] {logging_mixin.py:188} INFO - [2024-03-28T17:28:06.424+0000] {dag.py:3834} INFO - Setting next_dagrun for example_kubernetes_executor to None, run_after=None
[2024-03-28T17:28:06.489+0000] {processor.py:183} INFO - Processing /home/airflow/.local/lib/python3.8/site-packages/airflow/example_dags/example_kubernetes_executor.py took 0.313 seconds
[2024-03-28T17:28:48.283+0000] {processor.py:161} INFO - Started process (PID=1969) to work on /home/airflow/.local/lib/python3.8/site-packages/airflow/example_dags/example_kubernetes_executor.py
[2024-03-28T17:28:48.288+0000] {processor.py:830} INFO - Processing file /home/airflow/.local/lib/python3.8/site-packages/airflow/example_dags/example_kubernetes_executor.py for tasks to queue
[2024-03-28T17:28:48.299+0000] {logging_mixin.py:188} INFO - [2024-03-28T17:28:48.298+0000] {dagbag.py:540} INFO - Filling up the DagBag from /home/airflow/.local/lib/python3.8/site-packages/airflow/example_dags/example_kubernetes_executor.py
[2024-03-28T17:28:48.392+0000] {processor.py:840} INFO - DAG(s) 'example_kubernetes_executor' retrieved from /home/airflow/.local/lib/python3.8/site-packages/airflow/example_dags/example_kubernetes_executor.py
[2024-03-28T17:28:48.537+0000] {logging_mixin.py:188} INFO - [2024-03-28T17:28:48.537+0000] {dag.py:3047} INFO - Sync 1 DAGs
[2024-03-28T17:28:48.593+0000] {logging_mixin.py:188} INFO - [2024-03-28T17:28:48.592+0000] {dag.py:3834} INFO - Setting next_dagrun for example_kubernetes_executor to None, run_after=None
[2024-03-28T17:28:48.666+0000] {processor.py:183} INFO - Processing /home/airflow/.local/lib/python3.8/site-packages/airflow/example_dags/example_kubernetes_executor.py took 0.402 seconds
[2024-03-28T17:29:20.682+0000] {processor.py:161} INFO - Started process (PID=2024) to work on /home/airflow/.local/lib/python3.8/site-packages/airflow/example_dags/example_kubernetes_executor.py
[2024-03-28T17:29:20.710+0000] {processor.py:830} INFO - Processing file /home/airflow/.local/lib/python3.8/site-packages/airflow/example_dags/example_kubernetes_executor.py for tasks to queue
[2024-03-28T17:29:20.736+0000] {logging_mixin.py:188} INFO - [2024-03-28T17:29:20.735+0000] {dagbag.py:540} INFO - Filling up the DagBag from /home/airflow/.local/lib/python3.8/site-packages/airflow/example_dags/example_kubernetes_executor.py
[2024-03-28T17:29:20.915+0000] {processor.py:840} INFO - DAG(s) 'example_kubernetes_executor' retrieved from /home/airflow/.local/lib/python3.8/site-packages/airflow/example_dags/example_kubernetes_executor.py
[2024-03-28T17:29:21.475+0000] {logging_mixin.py:188} INFO - [2024-03-28T17:29:21.474+0000] {dag.py:3047} INFO - Sync 1 DAGs
[2024-03-28T17:29:21.645+0000] {logging_mixin.py:188} INFO - [2024-03-28T17:29:21.637+0000] {dag.py:3834} INFO - Setting next_dagrun for example_kubernetes_executor to None, run_after=None
[2024-03-28T17:29:21.854+0000] {processor.py:183} INFO - Processing /home/airflow/.local/lib/python3.8/site-packages/airflow/example_dags/example_kubernetes_executor.py took 1.229 seconds
[2024-03-28T17:29:52.277+0000] {processor.py:161} INFO - Started process (PID=2079) to work on /home/airflow/.local/lib/python3.8/site-packages/airflow/example_dags/example_kubernetes_executor.py
[2024-03-28T17:29:52.288+0000] {processor.py:830} INFO - Processing file /home/airflow/.local/lib/python3.8/site-packages/airflow/example_dags/example_kubernetes_executor.py for tasks to queue
[2024-03-28T17:29:52.311+0000] {logging_mixin.py:188} INFO - [2024-03-28T17:29:52.305+0000] {dagbag.py:540} INFO - Filling up the DagBag from /home/airflow/.local/lib/python3.8/site-packages/airflow/example_dags/example_kubernetes_executor.py
[2024-03-28T17:29:52.472+0000] {processor.py:840} INFO - DAG(s) 'example_kubernetes_executor' retrieved from /home/airflow/.local/lib/python3.8/site-packages/airflow/example_dags/example_kubernetes_executor.py
[2024-03-28T17:29:52.957+0000] {logging_mixin.py:188} INFO - [2024-03-28T17:29:52.942+0000] {dag.py:3047} INFO - Sync 1 DAGs
[2024-03-28T17:29:53.191+0000] {logging_mixin.py:188} INFO - [2024-03-28T17:29:53.183+0000] {dag.py:3834} INFO - Setting next_dagrun for example_kubernetes_executor to None, run_after=None
[2024-03-28T17:29:53.363+0000] {processor.py:183} INFO - Processing /home/airflow/.local/lib/python3.8/site-packages/airflow/example_dags/example_kubernetes_executor.py took 1.120 seconds
[2024-03-28T17:30:23.837+0000] {processor.py:161} INFO - Started process (PID=2135) to work on /home/airflow/.local/lib/python3.8/site-packages/airflow/example_dags/example_kubernetes_executor.py
[2024-03-28T17:30:23.847+0000] {processor.py:830} INFO - Processing file /home/airflow/.local/lib/python3.8/site-packages/airflow/example_dags/example_kubernetes_executor.py for tasks to queue
[2024-03-28T17:30:23.857+0000] {logging_mixin.py:188} INFO - [2024-03-28T17:30:23.855+0000] {dagbag.py:540} INFO - Filling up the DagBag from /home/airflow/.local/lib/python3.8/site-packages/airflow/example_dags/example_kubernetes_executor.py
[2024-03-28T17:30:23.944+0000] {processor.py:840} INFO - DAG(s) 'example_kubernetes_executor' retrieved from /home/airflow/.local/lib/python3.8/site-packages/airflow/example_dags/example_kubernetes_executor.py
[2024-03-28T17:30:24.282+0000] {logging_mixin.py:188} INFO - [2024-03-28T17:30:24.262+0000] {dag.py:3047} INFO - Sync 1 DAGs
[2024-03-28T17:30:24.514+0000] {logging_mixin.py:188} INFO - [2024-03-28T17:30:24.510+0000] {dag.py:3834} INFO - Setting next_dagrun for example_kubernetes_executor to None, run_after=None
[2024-03-28T17:30:24.898+0000] {processor.py:183} INFO - Processing /home/airflow/.local/lib/python3.8/site-packages/airflow/example_dags/example_kubernetes_executor.py took 1.087 seconds
[2024-03-28T17:31:03.663+0000] {processor.py:161} INFO - Started process (PID=2192) to work on /home/airflow/.local/lib/python3.8/site-packages/airflow/example_dags/example_kubernetes_executor.py
[2024-03-28T17:31:03.685+0000] {processor.py:830} INFO - Processing file /home/airflow/.local/lib/python3.8/site-packages/airflow/example_dags/example_kubernetes_executor.py for tasks to queue
[2024-03-28T17:31:03.706+0000] {logging_mixin.py:188} INFO - [2024-03-28T17:31:03.705+0000] {dagbag.py:540} INFO - Filling up the DagBag from /home/airflow/.local/lib/python3.8/site-packages/airflow/example_dags/example_kubernetes_executor.py
[2024-03-28T17:31:03.951+0000] {processor.py:840} INFO - DAG(s) 'example_kubernetes_executor' retrieved from /home/airflow/.local/lib/python3.8/site-packages/airflow/example_dags/example_kubernetes_executor.py
[2024-03-28T17:31:04.398+0000] {logging_mixin.py:188} INFO - [2024-03-28T17:31:04.397+0000] {dag.py:3047} INFO - Sync 1 DAGs
[2024-03-28T17:31:04.538+0000] {logging_mixin.py:188} INFO - [2024-03-28T17:31:04.537+0000] {dag.py:3834} INFO - Setting next_dagrun for example_kubernetes_executor to None, run_after=None
[2024-03-28T17:31:04.961+0000] {processor.py:183} INFO - Processing /home/airflow/.local/lib/python3.8/site-packages/airflow/example_dags/example_kubernetes_executor.py took 1.317 seconds
[2024-03-28T17:31:35.864+0000] {processor.py:161} INFO - Started process (PID=2247) to work on /home/airflow/.local/lib/python3.8/site-packages/airflow/example_dags/example_kubernetes_executor.py
[2024-03-28T17:31:35.868+0000] {processor.py:830} INFO - Processing file /home/airflow/.local/lib/python3.8/site-packages/airflow/example_dags/example_kubernetes_executor.py for tasks to queue
[2024-03-28T17:31:35.873+0000] {logging_mixin.py:188} INFO - [2024-03-28T17:31:35.872+0000] {dagbag.py:540} INFO - Filling up the DagBag from /home/airflow/.local/lib/python3.8/site-packages/airflow/example_dags/example_kubernetes_executor.py
[2024-03-28T17:31:35.906+0000] {processor.py:840} INFO - DAG(s) 'example_kubernetes_executor' retrieved from /home/airflow/.local/lib/python3.8/site-packages/airflow/example_dags/example_kubernetes_executor.py
[2024-03-28T17:31:35.995+0000] {logging_mixin.py:188} INFO - [2024-03-28T17:31:35.994+0000] {dag.py:3047} INFO - Sync 1 DAGs
[2024-03-28T17:31:36.052+0000] {logging_mixin.py:188} INFO - [2024-03-28T17:31:36.052+0000] {dag.py:3834} INFO - Setting next_dagrun for example_kubernetes_executor to None, run_after=None
[2024-03-28T17:31:36.137+0000] {processor.py:183} INFO - Processing /home/airflow/.local/lib/python3.8/site-packages/airflow/example_dags/example_kubernetes_executor.py took 0.281 seconds
[2024-03-28T17:32:15.030+0000] {processor.py:161} INFO - Started process (PID=2300) to work on /home/airflow/.local/lib/python3.8/site-packages/airflow/example_dags/example_kubernetes_executor.py
[2024-03-28T17:32:15.037+0000] {processor.py:830} INFO - Processing file /home/airflow/.local/lib/python3.8/site-packages/airflow/example_dags/example_kubernetes_executor.py for tasks to queue
[2024-03-28T17:32:15.048+0000] {logging_mixin.py:188} INFO - [2024-03-28T17:32:15.047+0000] {dagbag.py:540} INFO - Filling up the DagBag from /home/airflow/.local/lib/python3.8/site-packages/airflow/example_dags/example_kubernetes_executor.py
[2024-03-28T17:32:15.169+0000] {processor.py:840} INFO - DAG(s) 'example_kubernetes_executor' retrieved from /home/airflow/.local/lib/python3.8/site-packages/airflow/example_dags/example_kubernetes_executor.py
[2024-03-28T17:32:15.280+0000] {logging_mixin.py:188} INFO - [2024-03-28T17:32:15.279+0000] {dag.py:3047} INFO - Sync 1 DAGs
[2024-03-28T17:32:15.324+0000] {logging_mixin.py:188} INFO - [2024-03-28T17:32:15.323+0000] {dag.py:3834} INFO - Setting next_dagrun for example_kubernetes_executor to None, run_after=None
[2024-03-28T17:32:15.423+0000] {processor.py:183} INFO - Processing /home/airflow/.local/lib/python3.8/site-packages/airflow/example_dags/example_kubernetes_executor.py took 0.405 seconds
[2024-03-28T17:32:53.046+0000] {processor.py:161} INFO - Started process (PID=2360) to work on /home/airflow/.local/lib/python3.8/site-packages/airflow/example_dags/example_kubernetes_executor.py
[2024-03-28T17:32:53.054+0000] {processor.py:830} INFO - Processing file /home/airflow/.local/lib/python3.8/site-packages/airflow/example_dags/example_kubernetes_executor.py for tasks to queue
[2024-03-28T17:32:53.068+0000] {logging_mixin.py:188} INFO - [2024-03-28T17:32:53.067+0000] {dagbag.py:540} INFO - Filling up the DagBag from /home/airflow/.local/lib/python3.8/site-packages/airflow/example_dags/example_kubernetes_executor.py
[2024-03-28T17:32:53.129+0000] {processor.py:840} INFO - DAG(s) 'example_kubernetes_executor' retrieved from /home/airflow/.local/lib/python3.8/site-packages/airflow/example_dags/example_kubernetes_executor.py
[2024-03-28T17:32:53.288+0000] {logging_mixin.py:188} INFO - [2024-03-28T17:32:53.287+0000] {dag.py:3047} INFO - Sync 1 DAGs
[2024-03-28T17:32:53.357+0000] {logging_mixin.py:188} INFO - [2024-03-28T17:32:53.356+0000] {dag.py:3834} INFO - Setting next_dagrun for example_kubernetes_executor to None, run_after=None
[2024-03-28T17:32:53.455+0000] {processor.py:183} INFO - Processing /home/airflow/.local/lib/python3.8/site-packages/airflow/example_dags/example_kubernetes_executor.py took 0.422 seconds
[2024-03-28T17:33:26.358+0000] {processor.py:161} INFO - Started process (PID=2415) to work on /home/airflow/.local/lib/python3.8/site-packages/airflow/example_dags/example_kubernetes_executor.py
[2024-03-28T17:33:26.362+0000] {processor.py:830} INFO - Processing file /home/airflow/.local/lib/python3.8/site-packages/airflow/example_dags/example_kubernetes_executor.py for tasks to queue
[2024-03-28T17:33:26.371+0000] {logging_mixin.py:188} INFO - [2024-03-28T17:33:26.370+0000] {dagbag.py:540} INFO - Filling up the DagBag from /home/airflow/.local/lib/python3.8/site-packages/airflow/example_dags/example_kubernetes_executor.py
[2024-03-28T17:33:26.414+0000] {processor.py:840} INFO - DAG(s) 'example_kubernetes_executor' retrieved from /home/airflow/.local/lib/python3.8/site-packages/airflow/example_dags/example_kubernetes_executor.py
[2024-03-28T17:33:26.545+0000] {logging_mixin.py:188} INFO - [2024-03-28T17:33:26.544+0000] {dag.py:3047} INFO - Sync 1 DAGs
[2024-03-28T17:33:26.591+0000] {logging_mixin.py:188} INFO - [2024-03-28T17:33:26.590+0000] {dag.py:3834} INFO - Setting next_dagrun for example_kubernetes_executor to None, run_after=None
[2024-03-28T17:33:26.716+0000] {processor.py:183} INFO - Processing /home/airflow/.local/lib/python3.8/site-packages/airflow/example_dags/example_kubernetes_executor.py took 0.371 seconds
