[2024-03-28T16:29:40.136+0000] {processor.py:161} INFO - Started process (PID=91) to work on /home/airflow/.local/lib/python3.8/site-packages/airflow/example_dags/example_setup_teardown.py
[2024-03-28T16:29:40.226+0000] {processor.py:830} INFO - Processing file /home/airflow/.local/lib/python3.8/site-packages/airflow/example_dags/example_setup_teardown.py for tasks to queue
[2024-03-28T16:29:40.520+0000] {logging_mixin.py:188} INFO - [2024-03-28T16:29:40.517+0000] {dagbag.py:540} INFO - Filling up the DagBag from /home/airflow/.local/lib/python3.8/site-packages/airflow/example_dags/example_setup_teardown.py
[2024-03-28T16:29:42.113+0000] {processor.py:840} INFO - DAG(s) 'example_setup_teardown' retrieved from /home/airflow/.local/lib/python3.8/site-packages/airflow/example_dags/example_setup_teardown.py
[2024-03-28T16:29:55.742+0000] {logging_mixin.py:188} INFO - [2024-03-28T16:29:55.740+0000] {override.py:1769} INFO - Created Permission View: can edit on DAG:example_setup_teardown
[2024-03-28T16:29:56.931+0000] {logging_mixin.py:188} INFO - [2024-03-28T16:29:56.930+0000] {override.py:1769} INFO - Created Permission View: can read on DAG:example_setup_teardown
[2024-03-28T16:29:57.549+0000] {logging_mixin.py:188} INFO - [2024-03-28T16:29:57.548+0000] {override.py:1769} INFO - Created Permission View: can delete on DAG:example_setup_teardown
[2024-03-28T16:29:57.583+0000] {logging_mixin.py:188} INFO - [2024-03-28T16:29:57.570+0000] {dag.py:3047} INFO - Sync 1 DAGs
[2024-03-28T16:29:58.231+0000] {logging_mixin.py:188} INFO - [2024-03-28T16:29:58.221+0000] {dag.py:3069} INFO - Creating ORM DAG for example_setup_teardown
[2024-03-28T16:29:58.680+0000] {logging_mixin.py:188} INFO - [2024-03-28T16:29:58.676+0000] {dag.py:3834} INFO - Setting next_dagrun for example_setup_teardown to 2024-03-27 00:00:00+00:00, run_after=2024-03-28 00:00:00+00:00
[2024-03-28T16:30:01.033+0000] {processor.py:183} INFO - Processing /home/airflow/.local/lib/python3.8/site-packages/airflow/example_dags/example_setup_teardown.py took 21.149 seconds
[2024-03-28T16:34:45.463+0000] {processor.py:161} INFO - Started process (PID=192) to work on /home/airflow/.local/lib/python3.8/site-packages/airflow/example_dags/example_setup_teardown.py
[2024-03-28T16:34:45.594+0000] {processor.py:830} INFO - Processing file /home/airflow/.local/lib/python3.8/site-packages/airflow/example_dags/example_setup_teardown.py for tasks to queue
[2024-03-28T16:34:45.758+0000] {logging_mixin.py:188} INFO - [2024-03-28T16:34:45.689+0000] {dagbag.py:540} INFO - Filling up the DagBag from /home/airflow/.local/lib/python3.8/site-packages/airflow/example_dags/example_setup_teardown.py
[2024-03-28T16:34:46.060+0000] {processor.py:840} INFO - DAG(s) 'example_setup_teardown' retrieved from /home/airflow/.local/lib/python3.8/site-packages/airflow/example_dags/example_setup_teardown.py
[2024-03-28T16:34:47.282+0000] {logging_mixin.py:188} INFO - [2024-03-28T16:34:47.268+0000] {dag.py:3047} INFO - Sync 1 DAGs
[2024-03-28T16:34:49.458+0000] {logging_mixin.py:188} INFO - [2024-03-28T16:34:49.457+0000] {dag.py:3834} INFO - Setting next_dagrun for example_setup_teardown to 2024-03-27 00:00:00+00:00, run_after=2024-03-28 00:00:00+00:00
[2024-03-28T16:34:50.723+0000] {processor.py:183} INFO - Processing /home/airflow/.local/lib/python3.8/site-packages/airflow/example_dags/example_setup_teardown.py took 5.419 seconds
[2024-03-28T16:37:20.284+0000] {processor.py:161} INFO - Started process (PID=265) to work on /home/airflow/.local/lib/python3.8/site-packages/airflow/example_dags/example_setup_teardown.py
[2024-03-28T16:37:20.323+0000] {processor.py:830} INFO - Processing file /home/airflow/.local/lib/python3.8/site-packages/airflow/example_dags/example_setup_teardown.py for tasks to queue
[2024-03-28T16:37:20.375+0000] {logging_mixin.py:188} INFO - [2024-03-28T16:37:20.373+0000] {dagbag.py:540} INFO - Filling up the DagBag from /home/airflow/.local/lib/python3.8/site-packages/airflow/example_dags/example_setup_teardown.py
[2024-03-28T16:37:21.018+0000] {processor.py:840} INFO - DAG(s) 'example_setup_teardown' retrieved from /home/airflow/.local/lib/python3.8/site-packages/airflow/example_dags/example_setup_teardown.py
[2024-03-28T16:37:21.898+0000] {logging_mixin.py:188} INFO - [2024-03-28T16:37:21.897+0000] {dag.py:3047} INFO - Sync 1 DAGs
[2024-03-28T16:37:22.424+0000] {logging_mixin.py:188} INFO - [2024-03-28T16:37:22.423+0000] {dag.py:3834} INFO - Setting next_dagrun for example_setup_teardown to 2024-03-27 00:00:00+00:00, run_after=2024-03-28 00:00:00+00:00
[2024-03-28T16:37:23.667+0000] {processor.py:183} INFO - Processing /home/airflow/.local/lib/python3.8/site-packages/airflow/example_dags/example_setup_teardown.py took 3.492 seconds
[2024-03-28T16:39:45.369+0000] {processor.py:161} INFO - Started process (PID=328) to work on /home/airflow/.local/lib/python3.8/site-packages/airflow/example_dags/example_setup_teardown.py
[2024-03-28T16:39:45.415+0000] {processor.py:830} INFO - Processing file /home/airflow/.local/lib/python3.8/site-packages/airflow/example_dags/example_setup_teardown.py for tasks to queue
[2024-03-28T16:39:45.455+0000] {logging_mixin.py:188} INFO - [2024-03-28T16:39:45.447+0000] {dagbag.py:540} INFO - Filling up the DagBag from /home/airflow/.local/lib/python3.8/site-packages/airflow/example_dags/example_setup_teardown.py
[2024-03-28T16:39:45.942+0000] {processor.py:840} INFO - DAG(s) 'example_setup_teardown' retrieved from /home/airflow/.local/lib/python3.8/site-packages/airflow/example_dags/example_setup_teardown.py
[2024-03-28T16:39:46.278+0000] {logging_mixin.py:188} INFO - [2024-03-28T16:39:46.276+0000] {dag.py:3047} INFO - Sync 1 DAGs
[2024-03-28T16:39:47.205+0000] {logging_mixin.py:188} INFO - [2024-03-28T16:39:47.189+0000] {dag.py:3834} INFO - Setting next_dagrun for example_setup_teardown to 2024-03-27 00:00:00+00:00, run_after=2024-03-28 00:00:00+00:00
[2024-03-28T16:39:49.720+0000] {processor.py:183} INFO - Processing /home/airflow/.local/lib/python3.8/site-packages/airflow/example_dags/example_setup_teardown.py took 4.399 seconds
[2024-03-28T16:42:50.673+0000] {processor.py:161} INFO - Started process (PID=406) to work on /home/airflow/.local/lib/python3.8/site-packages/airflow/example_dags/example_setup_teardown.py
[2024-03-28T16:42:50.686+0000] {processor.py:830} INFO - Processing file /home/airflow/.local/lib/python3.8/site-packages/airflow/example_dags/example_setup_teardown.py for tasks to queue
[2024-03-28T16:42:50.802+0000] {logging_mixin.py:188} INFO - [2024-03-28T16:42:50.798+0000] {dagbag.py:540} INFO - Filling up the DagBag from /home/airflow/.local/lib/python3.8/site-packages/airflow/example_dags/example_setup_teardown.py
[2024-03-28T16:42:51.017+0000] {processor.py:840} INFO - DAG(s) 'example_setup_teardown' retrieved from /home/airflow/.local/lib/python3.8/site-packages/airflow/example_dags/example_setup_teardown.py
[2024-03-28T16:42:52.807+0000] {logging_mixin.py:188} INFO - [2024-03-28T16:42:52.807+0000] {dag.py:3047} INFO - Sync 1 DAGs
[2024-03-28T16:42:57.030+0000] {logging_mixin.py:188} INFO - [2024-03-28T16:42:57.029+0000] {dag.py:3834} INFO - Setting next_dagrun for example_setup_teardown to 2024-03-27 00:00:00+00:00, run_after=2024-03-28 00:00:00+00:00
[2024-03-28T16:42:57.772+0000] {processor.py:183} INFO - Processing /home/airflow/.local/lib/python3.8/site-packages/airflow/example_dags/example_setup_teardown.py took 7.443 seconds
[2024-03-28T16:46:43.152+0000] {processor.py:161} INFO - Started process (PID=482) to work on /home/airflow/.local/lib/python3.8/site-packages/airflow/example_dags/example_setup_teardown.py
[2024-03-28T16:46:43.203+0000] {processor.py:830} INFO - Processing file /home/airflow/.local/lib/python3.8/site-packages/airflow/example_dags/example_setup_teardown.py for tasks to queue
[2024-03-28T16:46:43.801+0000] {logging_mixin.py:188} INFO - [2024-03-28T16:46:43.767+0000] {dagbag.py:540} INFO - Filling up the DagBag from /home/airflow/.local/lib/python3.8/site-packages/airflow/example_dags/example_setup_teardown.py
[2024-03-28T16:46:46.728+0000] {processor.py:840} INFO - DAG(s) 'example_setup_teardown' retrieved from /home/airflow/.local/lib/python3.8/site-packages/airflow/example_dags/example_setup_teardown.py
[2024-03-28T16:46:52.505+0000] {logging_mixin.py:188} INFO - [2024-03-28T16:46:52.469+0000] {dag.py:3047} INFO - Sync 1 DAGs
[2024-03-28T16:46:57.294+0000] {logging_mixin.py:188} INFO - [2024-03-28T16:46:57.263+0000] {dag.py:3834} INFO - Setting next_dagrun for example_setup_teardown to 2024-03-27 00:00:00+00:00, run_after=2024-03-28 00:00:00+00:00
[2024-03-28T16:47:09.460+0000] {processor.py:183} INFO - Processing /home/airflow/.local/lib/python3.8/site-packages/airflow/example_dags/example_setup_teardown.py took 27.750 seconds
[2024-03-28T17:05:35.981+0000] {processor.py:161} INFO - Started process (PID=44) to work on /home/airflow/.local/lib/python3.8/site-packages/airflow/example_dags/example_setup_teardown.py
[2024-03-28T17:05:35.993+0000] {processor.py:830} INFO - Processing file /home/airflow/.local/lib/python3.8/site-packages/airflow/example_dags/example_setup_teardown.py for tasks to queue
[2024-03-28T17:05:36.017+0000] {logging_mixin.py:188} INFO - [2024-03-28T17:05:36.013+0000] {dagbag.py:540} INFO - Filling up the DagBag from /home/airflow/.local/lib/python3.8/site-packages/airflow/example_dags/example_setup_teardown.py
[2024-03-28T17:05:36.128+0000] {processor.py:840} INFO - DAG(s) 'example_setup_teardown' retrieved from /home/airflow/.local/lib/python3.8/site-packages/airflow/example_dags/example_setup_teardown.py
[2024-03-28T17:05:37.649+0000] {logging_mixin.py:188} INFO - [2024-03-28T17:05:37.649+0000] {dag.py:3047} INFO - Sync 1 DAGs
[2024-03-28T17:05:37.833+0000] {logging_mixin.py:188} INFO - [2024-03-28T17:05:37.827+0000] {dag.py:3834} INFO - Setting next_dagrun for example_setup_teardown to 2024-03-27 00:00:00+00:00, run_after=2024-03-28 00:00:00+00:00
[2024-03-28T17:05:37.989+0000] {processor.py:183} INFO - Processing /home/airflow/.local/lib/python3.8/site-packages/airflow/example_dags/example_setup_teardown.py took 2.042 seconds
[2024-03-28T17:07:05.827+0000] {processor.py:161} INFO - Started process (PID=105) to work on /home/airflow/.local/lib/python3.8/site-packages/airflow/example_dags/example_setup_teardown.py
[2024-03-28T17:07:05.843+0000] {processor.py:830} INFO - Processing file /home/airflow/.local/lib/python3.8/site-packages/airflow/example_dags/example_setup_teardown.py for tasks to queue
[2024-03-28T17:07:05.989+0000] {logging_mixin.py:188} INFO - [2024-03-28T17:07:05.958+0000] {dagbag.py:540} INFO - Filling up the DagBag from /home/airflow/.local/lib/python3.8/site-packages/airflow/example_dags/example_setup_teardown.py
[2024-03-28T17:07:06.310+0000] {processor.py:840} INFO - DAG(s) 'example_setup_teardown' retrieved from /home/airflow/.local/lib/python3.8/site-packages/airflow/example_dags/example_setup_teardown.py
[2024-03-28T17:07:07.628+0000] {logging_mixin.py:188} INFO - [2024-03-28T17:07:07.628+0000] {dag.py:3047} INFO - Sync 1 DAGs
[2024-03-28T17:07:07.883+0000] {logging_mixin.py:188} INFO - [2024-03-28T17:07:07.878+0000] {dag.py:3834} INFO - Setting next_dagrun for example_setup_teardown to 2024-03-27 00:00:00+00:00, run_after=2024-03-28 00:00:00+00:00
[2024-03-28T17:07:08.036+0000] {processor.py:183} INFO - Processing /home/airflow/.local/lib/python3.8/site-packages/airflow/example_dags/example_setup_teardown.py took 2.337 seconds
[2024-03-28T17:07:48.192+0000] {processor.py:161} INFO - Started process (PID=158) to work on /home/airflow/.local/lib/python3.8/site-packages/airflow/example_dags/example_setup_teardown.py
[2024-03-28T17:07:48.215+0000] {processor.py:830} INFO - Processing file /home/airflow/.local/lib/python3.8/site-packages/airflow/example_dags/example_setup_teardown.py for tasks to queue
[2024-03-28T17:07:48.237+0000] {logging_mixin.py:188} INFO - [2024-03-28T17:07:48.236+0000] {dagbag.py:540} INFO - Filling up the DagBag from /home/airflow/.local/lib/python3.8/site-packages/airflow/example_dags/example_setup_teardown.py
[2024-03-28T17:07:48.269+0000] {processor.py:840} INFO - DAG(s) 'example_setup_teardown' retrieved from /home/airflow/.local/lib/python3.8/site-packages/airflow/example_dags/example_setup_teardown.py
[2024-03-28T17:07:48.437+0000] {logging_mixin.py:188} INFO - [2024-03-28T17:07:48.436+0000] {dag.py:3047} INFO - Sync 1 DAGs
[2024-03-28T17:07:48.696+0000] {logging_mixin.py:188} INFO - [2024-03-28T17:07:48.690+0000] {dag.py:3834} INFO - Setting next_dagrun for example_setup_teardown to 2024-03-27 00:00:00+00:00, run_after=2024-03-28 00:00:00+00:00
[2024-03-28T17:07:48.921+0000] {processor.py:183} INFO - Processing /home/airflow/.local/lib/python3.8/site-packages/airflow/example_dags/example_setup_teardown.py took 0.751 seconds
[2024-03-28T17:08:33.377+0000] {processor.py:161} INFO - Started process (PID=212) to work on /home/airflow/.local/lib/python3.8/site-packages/airflow/example_dags/example_setup_teardown.py
[2024-03-28T17:08:33.392+0000] {processor.py:830} INFO - Processing file /home/airflow/.local/lib/python3.8/site-packages/airflow/example_dags/example_setup_teardown.py for tasks to queue
[2024-03-28T17:08:33.414+0000] {logging_mixin.py:188} INFO - [2024-03-28T17:08:33.413+0000] {dagbag.py:540} INFO - Filling up the DagBag from /home/airflow/.local/lib/python3.8/site-packages/airflow/example_dags/example_setup_teardown.py
[2024-03-28T17:08:33.496+0000] {processor.py:840} INFO - DAG(s) 'example_setup_teardown' retrieved from /home/airflow/.local/lib/python3.8/site-packages/airflow/example_dags/example_setup_teardown.py
[2024-03-28T17:08:33.669+0000] {logging_mixin.py:188} INFO - [2024-03-28T17:08:33.666+0000] {dag.py:3047} INFO - Sync 1 DAGs
[2024-03-28T17:08:34.063+0000] {logging_mixin.py:188} INFO - [2024-03-28T17:08:34.062+0000] {dag.py:3834} INFO - Setting next_dagrun for example_setup_teardown to 2024-03-27 00:00:00+00:00, run_after=2024-03-28 00:00:00+00:00
[2024-03-28T17:08:34.198+0000] {processor.py:183} INFO - Processing /home/airflow/.local/lib/python3.8/site-packages/airflow/example_dags/example_setup_teardown.py took 0.852 seconds
[2024-03-28T17:09:37.627+0000] {processor.py:161} INFO - Started process (PID=270) to work on /home/airflow/.local/lib/python3.8/site-packages/airflow/example_dags/example_setup_teardown.py
[2024-03-28T17:09:37.643+0000] {processor.py:830} INFO - Processing file /home/airflow/.local/lib/python3.8/site-packages/airflow/example_dags/example_setup_teardown.py for tasks to queue
[2024-03-28T17:09:37.679+0000] {logging_mixin.py:188} INFO - [2024-03-28T17:09:37.677+0000] {dagbag.py:540} INFO - Filling up the DagBag from /home/airflow/.local/lib/python3.8/site-packages/airflow/example_dags/example_setup_teardown.py
[2024-03-28T17:09:37.817+0000] {processor.py:840} INFO - DAG(s) 'example_setup_teardown' retrieved from /home/airflow/.local/lib/python3.8/site-packages/airflow/example_dags/example_setup_teardown.py
[2024-03-28T17:09:38.100+0000] {logging_mixin.py:188} INFO - [2024-03-28T17:09:38.099+0000] {dag.py:3047} INFO - Sync 1 DAGs
[2024-03-28T17:09:38.301+0000] {logging_mixin.py:188} INFO - [2024-03-28T17:09:38.301+0000] {dag.py:3834} INFO - Setting next_dagrun for example_setup_teardown to 2024-03-27 00:00:00+00:00, run_after=2024-03-28 00:00:00+00:00
[2024-03-28T17:09:38.937+0000] {processor.py:183} INFO - Processing /home/airflow/.local/lib/python3.8/site-packages/airflow/example_dags/example_setup_teardown.py took 1.394 seconds
[2024-03-28T17:10:45.474+0000] {processor.py:161} INFO - Started process (PID=310) to work on /home/airflow/.local/lib/python3.8/site-packages/airflow/example_dags/example_setup_teardown.py
[2024-03-28T17:10:45.520+0000] {processor.py:830} INFO - Processing file /home/airflow/.local/lib/python3.8/site-packages/airflow/example_dags/example_setup_teardown.py for tasks to queue
[2024-03-28T17:10:45.540+0000] {logging_mixin.py:188} INFO - [2024-03-28T17:10:45.539+0000] {dagbag.py:540} INFO - Filling up the DagBag from /home/airflow/.local/lib/python3.8/site-packages/airflow/example_dags/example_setup_teardown.py
[2024-03-28T17:10:45.783+0000] {processor.py:840} INFO - DAG(s) 'example_setup_teardown' retrieved from /home/airflow/.local/lib/python3.8/site-packages/airflow/example_dags/example_setup_teardown.py
[2024-03-28T17:10:46.050+0000] {logging_mixin.py:188} INFO - [2024-03-28T17:10:46.049+0000] {dag.py:3047} INFO - Sync 1 DAGs
[2024-03-28T17:10:46.545+0000] {logging_mixin.py:188} INFO - [2024-03-28T17:10:46.545+0000] {dag.py:3834} INFO - Setting next_dagrun for example_setup_teardown to 2024-03-27 00:00:00+00:00, run_after=2024-03-28 00:00:00+00:00
[2024-03-28T17:10:47.313+0000] {processor.py:183} INFO - Processing /home/airflow/.local/lib/python3.8/site-packages/airflow/example_dags/example_setup_teardown.py took 1.865 seconds
[2024-03-28T17:11:21.849+0000] {processor.py:161} INFO - Started process (PID=366) to work on /home/airflow/.local/lib/python3.8/site-packages/airflow/example_dags/example_setup_teardown.py
[2024-03-28T17:11:21.864+0000] {processor.py:830} INFO - Processing file /home/airflow/.local/lib/python3.8/site-packages/airflow/example_dags/example_setup_teardown.py for tasks to queue
[2024-03-28T17:11:21.909+0000] {logging_mixin.py:188} INFO - [2024-03-28T17:11:21.908+0000] {dagbag.py:540} INFO - Filling up the DagBag from /home/airflow/.local/lib/python3.8/site-packages/airflow/example_dags/example_setup_teardown.py
[2024-03-28T17:11:22.049+0000] {processor.py:840} INFO - DAG(s) 'example_setup_teardown' retrieved from /home/airflow/.local/lib/python3.8/site-packages/airflow/example_dags/example_setup_teardown.py
[2024-03-28T17:11:23.277+0000] {logging_mixin.py:188} INFO - [2024-03-28T17:11:23.276+0000] {dag.py:3047} INFO - Sync 1 DAGs
[2024-03-28T17:11:23.883+0000] {logging_mixin.py:188} INFO - [2024-03-28T17:11:23.882+0000] {dag.py:3834} INFO - Setting next_dagrun for example_setup_teardown to 2024-03-27 00:00:00+00:00, run_after=2024-03-28 00:00:00+00:00
[2024-03-28T17:11:24.192+0000] {processor.py:183} INFO - Processing /home/airflow/.local/lib/python3.8/site-packages/airflow/example_dags/example_setup_teardown.py took 2.444 seconds
[2024-03-28T17:12:08.911+0000] {processor.py:161} INFO - Started process (PID=409) to work on /home/airflow/.local/lib/python3.8/site-packages/airflow/example_dags/example_setup_teardown.py
[2024-03-28T17:12:09.050+0000] {processor.py:830} INFO - Processing file /home/airflow/.local/lib/python3.8/site-packages/airflow/example_dags/example_setup_teardown.py for tasks to queue
[2024-03-28T17:12:09.079+0000] {logging_mixin.py:188} INFO - [2024-03-28T17:12:09.074+0000] {dagbag.py:540} INFO - Filling up the DagBag from /home/airflow/.local/lib/python3.8/site-packages/airflow/example_dags/example_setup_teardown.py
[2024-03-28T17:12:09.200+0000] {processor.py:840} INFO - DAG(s) 'example_setup_teardown' retrieved from /home/airflow/.local/lib/python3.8/site-packages/airflow/example_dags/example_setup_teardown.py
[2024-03-28T17:12:09.565+0000] {logging_mixin.py:188} INFO - [2024-03-28T17:12:09.563+0000] {dag.py:3047} INFO - Sync 1 DAGs
[2024-03-28T17:12:09.882+0000] {logging_mixin.py:188} INFO - [2024-03-28T17:12:09.881+0000] {dag.py:3834} INFO - Setting next_dagrun for example_setup_teardown to 2024-03-27 00:00:00+00:00, run_after=2024-03-28 00:00:00+00:00
[2024-03-28T17:12:10.033+0000] {processor.py:183} INFO - Processing /home/airflow/.local/lib/python3.8/site-packages/airflow/example_dags/example_setup_teardown.py took 1.150 seconds
[2024-03-28T17:12:48.601+0000] {processor.py:161} INFO - Started process (PID=460) to work on /home/airflow/.local/lib/python3.8/site-packages/airflow/example_dags/example_setup_teardown.py
[2024-03-28T17:12:48.620+0000] {processor.py:830} INFO - Processing file /home/airflow/.local/lib/python3.8/site-packages/airflow/example_dags/example_setup_teardown.py for tasks to queue
[2024-03-28T17:12:48.664+0000] {logging_mixin.py:188} INFO - [2024-03-28T17:12:48.663+0000] {dagbag.py:540} INFO - Filling up the DagBag from /home/airflow/.local/lib/python3.8/site-packages/airflow/example_dags/example_setup_teardown.py
[2024-03-28T17:12:48.729+0000] {processor.py:840} INFO - DAG(s) 'example_setup_teardown' retrieved from /home/airflow/.local/lib/python3.8/site-packages/airflow/example_dags/example_setup_teardown.py
[2024-03-28T17:12:48.930+0000] {logging_mixin.py:188} INFO - [2024-03-28T17:12:48.929+0000] {dag.py:3047} INFO - Sync 1 DAGs
[2024-03-28T17:12:49.053+0000] {logging_mixin.py:188} INFO - [2024-03-28T17:12:49.053+0000] {dag.py:3834} INFO - Setting next_dagrun for example_setup_teardown to 2024-03-27 00:00:00+00:00, run_after=2024-03-28 00:00:00+00:00
[2024-03-28T17:12:49.162+0000] {processor.py:183} INFO - Processing /home/airflow/.local/lib/python3.8/site-packages/airflow/example_dags/example_setup_teardown.py took 0.595 seconds
[2024-03-28T17:13:21.488+0000] {processor.py:161} INFO - Started process (PID=516) to work on /home/airflow/.local/lib/python3.8/site-packages/airflow/example_dags/example_setup_teardown.py
[2024-03-28T17:13:21.503+0000] {processor.py:830} INFO - Processing file /home/airflow/.local/lib/python3.8/site-packages/airflow/example_dags/example_setup_teardown.py for tasks to queue
[2024-03-28T17:13:21.521+0000] {logging_mixin.py:188} INFO - [2024-03-28T17:13:21.512+0000] {dagbag.py:540} INFO - Filling up the DagBag from /home/airflow/.local/lib/python3.8/site-packages/airflow/example_dags/example_setup_teardown.py
[2024-03-28T17:13:21.593+0000] {processor.py:840} INFO - DAG(s) 'example_setup_teardown' retrieved from /home/airflow/.local/lib/python3.8/site-packages/airflow/example_dags/example_setup_teardown.py
[2024-03-28T17:13:21.863+0000] {logging_mixin.py:188} INFO - [2024-03-28T17:13:21.863+0000] {dag.py:3047} INFO - Sync 1 DAGs
[2024-03-28T17:13:22.113+0000] {logging_mixin.py:188} INFO - [2024-03-28T17:13:22.112+0000] {dag.py:3834} INFO - Setting next_dagrun for example_setup_teardown to 2024-03-27 00:00:00+00:00, run_after=2024-03-28 00:00:00+00:00
[2024-03-28T17:13:22.250+0000] {processor.py:183} INFO - Processing /home/airflow/.local/lib/python3.8/site-packages/airflow/example_dags/example_setup_teardown.py took 0.805 seconds
[2024-03-28T17:13:55.504+0000] {processor.py:161} INFO - Started process (PID=571) to work on /home/airflow/.local/lib/python3.8/site-packages/airflow/example_dags/example_setup_teardown.py
[2024-03-28T17:13:55.519+0000] {processor.py:830} INFO - Processing file /home/airflow/.local/lib/python3.8/site-packages/airflow/example_dags/example_setup_teardown.py for tasks to queue
[2024-03-28T17:13:55.583+0000] {logging_mixin.py:188} INFO - [2024-03-28T17:13:55.575+0000] {dagbag.py:540} INFO - Filling up the DagBag from /home/airflow/.local/lib/python3.8/site-packages/airflow/example_dags/example_setup_teardown.py
[2024-03-28T17:13:55.707+0000] {processor.py:840} INFO - DAG(s) 'example_setup_teardown' retrieved from /home/airflow/.local/lib/python3.8/site-packages/airflow/example_dags/example_setup_teardown.py
[2024-03-28T17:13:56.240+0000] {logging_mixin.py:188} INFO - [2024-03-28T17:13:56.225+0000] {dag.py:3047} INFO - Sync 1 DAGs
[2024-03-28T17:13:57.035+0000] {logging_mixin.py:188} INFO - [2024-03-28T17:13:57.031+0000] {dag.py:3834} INFO - Setting next_dagrun for example_setup_teardown to 2024-03-27 00:00:00+00:00, run_after=2024-03-28 00:00:00+00:00
[2024-03-28T17:13:57.243+0000] {processor.py:183} INFO - Processing /home/airflow/.local/lib/python3.8/site-packages/airflow/example_dags/example_setup_teardown.py took 1.791 seconds
[2024-03-28T17:14:27.962+0000] {processor.py:161} INFO - Started process (PID=631) to work on /home/airflow/.local/lib/python3.8/site-packages/airflow/example_dags/example_setup_teardown.py
[2024-03-28T17:14:27.975+0000] {processor.py:830} INFO - Processing file /home/airflow/.local/lib/python3.8/site-packages/airflow/example_dags/example_setup_teardown.py for tasks to queue
[2024-03-28T17:14:27.983+0000] {logging_mixin.py:188} INFO - [2024-03-28T17:14:27.982+0000] {dagbag.py:540} INFO - Filling up the DagBag from /home/airflow/.local/lib/python3.8/site-packages/airflow/example_dags/example_setup_teardown.py
[2024-03-28T17:14:28.025+0000] {processor.py:840} INFO - DAG(s) 'example_setup_teardown' retrieved from /home/airflow/.local/lib/python3.8/site-packages/airflow/example_dags/example_setup_teardown.py
[2024-03-28T17:14:28.098+0000] {logging_mixin.py:188} INFO - [2024-03-28T17:14:28.096+0000] {dag.py:3047} INFO - Sync 1 DAGs
[2024-03-28T17:14:28.206+0000] {logging_mixin.py:188} INFO - [2024-03-28T17:14:28.205+0000] {dag.py:3834} INFO - Setting next_dagrun for example_setup_teardown to 2024-03-27 00:00:00+00:00, run_after=2024-03-28 00:00:00+00:00
[2024-03-28T17:14:28.255+0000] {processor.py:183} INFO - Processing /home/airflow/.local/lib/python3.8/site-packages/airflow/example_dags/example_setup_teardown.py took 0.312 seconds
[2024-03-28T17:14:58.755+0000] {processor.py:161} INFO - Started process (PID=685) to work on /home/airflow/.local/lib/python3.8/site-packages/airflow/example_dags/example_setup_teardown.py
[2024-03-28T17:14:58.759+0000] {processor.py:830} INFO - Processing file /home/airflow/.local/lib/python3.8/site-packages/airflow/example_dags/example_setup_teardown.py for tasks to queue
[2024-03-28T17:14:58.766+0000] {logging_mixin.py:188} INFO - [2024-03-28T17:14:58.765+0000] {dagbag.py:540} INFO - Filling up the DagBag from /home/airflow/.local/lib/python3.8/site-packages/airflow/example_dags/example_setup_teardown.py
[2024-03-28T17:14:58.783+0000] {processor.py:840} INFO - DAG(s) 'example_setup_teardown' retrieved from /home/airflow/.local/lib/python3.8/site-packages/airflow/example_dags/example_setup_teardown.py
[2024-03-28T17:14:58.830+0000] {logging_mixin.py:188} INFO - [2024-03-28T17:14:58.829+0000] {dag.py:3047} INFO - Sync 1 DAGs
[2024-03-28T17:14:58.893+0000] {logging_mixin.py:188} INFO - [2024-03-28T17:14:58.893+0000] {dag.py:3834} INFO - Setting next_dagrun for example_setup_teardown to 2024-03-27 00:00:00+00:00, run_after=2024-03-28 00:00:00+00:00
[2024-03-28T17:14:58.942+0000] {processor.py:183} INFO - Processing /home/airflow/.local/lib/python3.8/site-packages/airflow/example_dags/example_setup_teardown.py took 0.195 seconds
[2024-03-28T17:15:36.396+0000] {processor.py:161} INFO - Started process (PID=725) to work on /home/airflow/.local/lib/python3.8/site-packages/airflow/example_dags/example_setup_teardown.py
[2024-03-28T17:15:36.401+0000] {processor.py:830} INFO - Processing file /home/airflow/.local/lib/python3.8/site-packages/airflow/example_dags/example_setup_teardown.py for tasks to queue
[2024-03-28T17:15:36.418+0000] {logging_mixin.py:188} INFO - [2024-03-28T17:15:36.417+0000] {dagbag.py:540} INFO - Filling up the DagBag from /home/airflow/.local/lib/python3.8/site-packages/airflow/example_dags/example_setup_teardown.py
[2024-03-28T17:15:36.480+0000] {processor.py:840} INFO - DAG(s) 'example_setup_teardown' retrieved from /home/airflow/.local/lib/python3.8/site-packages/airflow/example_dags/example_setup_teardown.py
[2024-03-28T17:15:36.638+0000] {logging_mixin.py:188} INFO - [2024-03-28T17:15:36.637+0000] {dag.py:3047} INFO - Sync 1 DAGs
[2024-03-28T17:15:36.838+0000] {logging_mixin.py:188} INFO - [2024-03-28T17:15:36.838+0000] {dag.py:3834} INFO - Setting next_dagrun for example_setup_teardown to 2024-03-27 00:00:00+00:00, run_after=2024-03-28 00:00:00+00:00
[2024-03-28T17:15:36.969+0000] {processor.py:183} INFO - Processing /home/airflow/.local/lib/python3.8/site-packages/airflow/example_dags/example_setup_teardown.py took 0.608 seconds
[2024-03-28T17:16:07.287+0000] {processor.py:161} INFO - Started process (PID=780) to work on /home/airflow/.local/lib/python3.8/site-packages/airflow/example_dags/example_setup_teardown.py
[2024-03-28T17:16:07.295+0000] {processor.py:830} INFO - Processing file /home/airflow/.local/lib/python3.8/site-packages/airflow/example_dags/example_setup_teardown.py for tasks to queue
[2024-03-28T17:16:07.317+0000] {logging_mixin.py:188} INFO - [2024-03-28T17:16:07.314+0000] {dagbag.py:540} INFO - Filling up the DagBag from /home/airflow/.local/lib/python3.8/site-packages/airflow/example_dags/example_setup_teardown.py
[2024-03-28T17:16:07.369+0000] {processor.py:840} INFO - DAG(s) 'example_setup_teardown' retrieved from /home/airflow/.local/lib/python3.8/site-packages/airflow/example_dags/example_setup_teardown.py
[2024-03-28T17:16:07.487+0000] {logging_mixin.py:188} INFO - [2024-03-28T17:16:07.486+0000] {dag.py:3047} INFO - Sync 1 DAGs
[2024-03-28T17:16:07.630+0000] {logging_mixin.py:188} INFO - [2024-03-28T17:16:07.629+0000] {dag.py:3834} INFO - Setting next_dagrun for example_setup_teardown to 2024-03-27 00:00:00+00:00, run_after=2024-03-28 00:00:00+00:00
[2024-03-28T17:16:07.817+0000] {processor.py:183} INFO - Processing /home/airflow/.local/lib/python3.8/site-packages/airflow/example_dags/example_setup_teardown.py took 0.546 seconds
[2024-03-28T17:16:41.905+0000] {processor.py:161} INFO - Started process (PID=832) to work on /home/airflow/.local/lib/python3.8/site-packages/airflow/example_dags/example_setup_teardown.py
[2024-03-28T17:16:41.916+0000] {processor.py:830} INFO - Processing file /home/airflow/.local/lib/python3.8/site-packages/airflow/example_dags/example_setup_teardown.py for tasks to queue
[2024-03-28T17:16:41.938+0000] {logging_mixin.py:188} INFO - [2024-03-28T17:16:41.937+0000] {dagbag.py:540} INFO - Filling up the DagBag from /home/airflow/.local/lib/python3.8/site-packages/airflow/example_dags/example_setup_teardown.py
[2024-03-28T17:16:41.976+0000] {processor.py:840} INFO - DAG(s) 'example_setup_teardown' retrieved from /home/airflow/.local/lib/python3.8/site-packages/airflow/example_dags/example_setup_teardown.py
[2024-03-28T17:16:42.196+0000] {logging_mixin.py:188} INFO - [2024-03-28T17:16:42.195+0000] {dag.py:3047} INFO - Sync 1 DAGs
[2024-03-28T17:16:42.908+0000] {logging_mixin.py:188} INFO - [2024-03-28T17:16:42.907+0000] {dag.py:3834} INFO - Setting next_dagrun for example_setup_teardown to 2024-03-27 00:00:00+00:00, run_after=2024-03-28 00:00:00+00:00
[2024-03-28T17:16:43.184+0000] {processor.py:183} INFO - Processing /home/airflow/.local/lib/python3.8/site-packages/airflow/example_dags/example_setup_teardown.py took 1.317 seconds
[2024-03-28T17:17:17.948+0000] {processor.py:161} INFO - Started process (PID=885) to work on /home/airflow/.local/lib/python3.8/site-packages/airflow/example_dags/example_setup_teardown.py
[2024-03-28T17:17:17.993+0000] {processor.py:830} INFO - Processing file /home/airflow/.local/lib/python3.8/site-packages/airflow/example_dags/example_setup_teardown.py for tasks to queue
[2024-03-28T17:17:18.108+0000] {logging_mixin.py:188} INFO - [2024-03-28T17:17:18.041+0000] {dagbag.py:540} INFO - Filling up the DagBag from /home/airflow/.local/lib/python3.8/site-packages/airflow/example_dags/example_setup_teardown.py
[2024-03-28T17:17:18.305+0000] {processor.py:840} INFO - DAG(s) 'example_setup_teardown' retrieved from /home/airflow/.local/lib/python3.8/site-packages/airflow/example_dags/example_setup_teardown.py
[2024-03-28T17:17:18.593+0000] {logging_mixin.py:188} INFO - [2024-03-28T17:17:18.586+0000] {dag.py:3047} INFO - Sync 1 DAGs
[2024-03-28T17:17:19.149+0000] {logging_mixin.py:188} INFO - [2024-03-28T17:17:19.148+0000] {dag.py:3834} INFO - Setting next_dagrun for example_setup_teardown to 2024-03-27 00:00:00+00:00, run_after=2024-03-28 00:00:00+00:00
[2024-03-28T17:17:19.370+0000] {processor.py:183} INFO - Processing /home/airflow/.local/lib/python3.8/site-packages/airflow/example_dags/example_setup_teardown.py took 1.494 seconds
[2024-03-28T17:18:07.521+0000] {processor.py:161} INFO - Started process (PID=941) to work on /home/airflow/.local/lib/python3.8/site-packages/airflow/example_dags/example_setup_teardown.py
[2024-03-28T17:18:07.540+0000] {processor.py:830} INFO - Processing file /home/airflow/.local/lib/python3.8/site-packages/airflow/example_dags/example_setup_teardown.py for tasks to queue
[2024-03-28T17:18:07.571+0000] {logging_mixin.py:188} INFO - [2024-03-28T17:18:07.554+0000] {dagbag.py:540} INFO - Filling up the DagBag from /home/airflow/.local/lib/python3.8/site-packages/airflow/example_dags/example_setup_teardown.py
[2024-03-28T17:18:07.774+0000] {processor.py:840} INFO - DAG(s) 'example_setup_teardown' retrieved from /home/airflow/.local/lib/python3.8/site-packages/airflow/example_dags/example_setup_teardown.py
[2024-03-28T17:18:08.771+0000] {logging_mixin.py:188} INFO - [2024-03-28T17:18:08.771+0000] {dag.py:3047} INFO - Sync 1 DAGs
[2024-03-28T17:18:09.461+0000] {logging_mixin.py:188} INFO - [2024-03-28T17:18:09.460+0000] {dag.py:3834} INFO - Setting next_dagrun for example_setup_teardown to 2024-03-27 00:00:00+00:00, run_after=2024-03-28 00:00:00+00:00
[2024-03-28T17:18:09.997+0000] {processor.py:183} INFO - Processing /home/airflow/.local/lib/python3.8/site-packages/airflow/example_dags/example_setup_teardown.py took 2.584 seconds
[2024-03-28T17:18:54.334+0000] {processor.py:161} INFO - Started process (PID=989) to work on /home/airflow/.local/lib/python3.8/site-packages/airflow/example_dags/example_setup_teardown.py
[2024-03-28T17:18:54.339+0000] {processor.py:830} INFO - Processing file /home/airflow/.local/lib/python3.8/site-packages/airflow/example_dags/example_setup_teardown.py for tasks to queue
[2024-03-28T17:18:54.346+0000] {logging_mixin.py:188} INFO - [2024-03-28T17:18:54.345+0000] {dagbag.py:540} INFO - Filling up the DagBag from /home/airflow/.local/lib/python3.8/site-packages/airflow/example_dags/example_setup_teardown.py
[2024-03-28T17:18:54.372+0000] {processor.py:840} INFO - DAG(s) 'example_setup_teardown' retrieved from /home/airflow/.local/lib/python3.8/site-packages/airflow/example_dags/example_setup_teardown.py
[2024-03-28T17:18:54.457+0000] {logging_mixin.py:188} INFO - [2024-03-28T17:18:54.457+0000] {dag.py:3047} INFO - Sync 1 DAGs
[2024-03-28T17:18:54.516+0000] {logging_mixin.py:188} INFO - [2024-03-28T17:18:54.515+0000] {dag.py:3834} INFO - Setting next_dagrun for example_setup_teardown to 2024-03-27 00:00:00+00:00, run_after=2024-03-28 00:00:00+00:00
[2024-03-28T17:18:54.599+0000] {processor.py:183} INFO - Processing /home/airflow/.local/lib/python3.8/site-packages/airflow/example_dags/example_setup_teardown.py took 0.273 seconds
[2024-03-28T17:19:26.446+0000] {processor.py:161} INFO - Started process (PID=1043) to work on /home/airflow/.local/lib/python3.8/site-packages/airflow/example_dags/example_setup_teardown.py
[2024-03-28T17:19:26.451+0000] {processor.py:830} INFO - Processing file /home/airflow/.local/lib/python3.8/site-packages/airflow/example_dags/example_setup_teardown.py for tasks to queue
[2024-03-28T17:19:26.459+0000] {logging_mixin.py:188} INFO - [2024-03-28T17:19:26.458+0000] {dagbag.py:540} INFO - Filling up the DagBag from /home/airflow/.local/lib/python3.8/site-packages/airflow/example_dags/example_setup_teardown.py
[2024-03-28T17:19:26.491+0000] {processor.py:840} INFO - DAG(s) 'example_setup_teardown' retrieved from /home/airflow/.local/lib/python3.8/site-packages/airflow/example_dags/example_setup_teardown.py
[2024-03-28T17:19:26.554+0000] {logging_mixin.py:188} INFO - [2024-03-28T17:19:26.554+0000] {dag.py:3047} INFO - Sync 1 DAGs
[2024-03-28T17:19:26.656+0000] {logging_mixin.py:188} INFO - [2024-03-28T17:19:26.655+0000] {dag.py:3834} INFO - Setting next_dagrun for example_setup_teardown to 2024-03-27 00:00:00+00:00, run_after=2024-03-28 00:00:00+00:00
[2024-03-28T17:19:26.874+0000] {processor.py:183} INFO - Processing /home/airflow/.local/lib/python3.8/site-packages/airflow/example_dags/example_setup_teardown.py took 0.437 seconds
[2024-03-28T17:19:58.240+0000] {processor.py:161} INFO - Started process (PID=1097) to work on /home/airflow/.local/lib/python3.8/site-packages/airflow/example_dags/example_setup_teardown.py
[2024-03-28T17:19:58.247+0000] {processor.py:830} INFO - Processing file /home/airflow/.local/lib/python3.8/site-packages/airflow/example_dags/example_setup_teardown.py for tasks to queue
[2024-03-28T17:19:58.264+0000] {logging_mixin.py:188} INFO - [2024-03-28T17:19:58.263+0000] {dagbag.py:540} INFO - Filling up the DagBag from /home/airflow/.local/lib/python3.8/site-packages/airflow/example_dags/example_setup_teardown.py
[2024-03-28T17:19:58.373+0000] {processor.py:840} INFO - DAG(s) 'example_setup_teardown' retrieved from /home/airflow/.local/lib/python3.8/site-packages/airflow/example_dags/example_setup_teardown.py
[2024-03-28T17:19:58.558+0000] {logging_mixin.py:188} INFO - [2024-03-28T17:19:58.558+0000] {dag.py:3047} INFO - Sync 1 DAGs
[2024-03-28T17:19:58.795+0000] {logging_mixin.py:188} INFO - [2024-03-28T17:19:58.788+0000] {dag.py:3834} INFO - Setting next_dagrun for example_setup_teardown to 2024-03-27 00:00:00+00:00, run_after=2024-03-28 00:00:00+00:00
[2024-03-28T17:19:59.038+0000] {processor.py:183} INFO - Processing /home/airflow/.local/lib/python3.8/site-packages/airflow/example_dags/example_setup_teardown.py took 0.839 seconds
[2024-03-28T17:20:29.224+0000] {processor.py:161} INFO - Started process (PID=1152) to work on /home/airflow/.local/lib/python3.8/site-packages/airflow/example_dags/example_setup_teardown.py
[2024-03-28T17:20:29.227+0000] {processor.py:830} INFO - Processing file /home/airflow/.local/lib/python3.8/site-packages/airflow/example_dags/example_setup_teardown.py for tasks to queue
[2024-03-28T17:20:29.242+0000] {logging_mixin.py:188} INFO - [2024-03-28T17:20:29.239+0000] {dagbag.py:540} INFO - Filling up the DagBag from /home/airflow/.local/lib/python3.8/site-packages/airflow/example_dags/example_setup_teardown.py
[2024-03-28T17:20:29.270+0000] {processor.py:840} INFO - DAG(s) 'example_setup_teardown' retrieved from /home/airflow/.local/lib/python3.8/site-packages/airflow/example_dags/example_setup_teardown.py
[2024-03-28T17:20:29.346+0000] {logging_mixin.py:188} INFO - [2024-03-28T17:20:29.345+0000] {dag.py:3047} INFO - Sync 1 DAGs
[2024-03-28T17:20:29.467+0000] {logging_mixin.py:188} INFO - [2024-03-28T17:20:29.466+0000] {dag.py:3834} INFO - Setting next_dagrun for example_setup_teardown to 2024-03-27 00:00:00+00:00, run_after=2024-03-28 00:00:00+00:00
[2024-03-28T17:20:29.627+0000] {processor.py:183} INFO - Processing /home/airflow/.local/lib/python3.8/site-packages/airflow/example_dags/example_setup_teardown.py took 0.411 seconds
[2024-03-28T17:20:59.749+0000] {processor.py:161} INFO - Started process (PID=1206) to work on /home/airflow/.local/lib/python3.8/site-packages/airflow/example_dags/example_setup_teardown.py
[2024-03-28T17:20:59.752+0000] {processor.py:830} INFO - Processing file /home/airflow/.local/lib/python3.8/site-packages/airflow/example_dags/example_setup_teardown.py for tasks to queue
[2024-03-28T17:20:59.768+0000] {logging_mixin.py:188} INFO - [2024-03-28T17:20:59.766+0000] {dagbag.py:540} INFO - Filling up the DagBag from /home/airflow/.local/lib/python3.8/site-packages/airflow/example_dags/example_setup_teardown.py
[2024-03-28T17:20:59.789+0000] {processor.py:840} INFO - DAG(s) 'example_setup_teardown' retrieved from /home/airflow/.local/lib/python3.8/site-packages/airflow/example_dags/example_setup_teardown.py
[2024-03-28T17:20:59.839+0000] {logging_mixin.py:188} INFO - [2024-03-28T17:20:59.839+0000] {dag.py:3047} INFO - Sync 1 DAGs
[2024-03-28T17:20:59.896+0000] {logging_mixin.py:188} INFO - [2024-03-28T17:20:59.895+0000] {dag.py:3834} INFO - Setting next_dagrun for example_setup_teardown to 2024-03-27 00:00:00+00:00, run_after=2024-03-28 00:00:00+00:00
[2024-03-28T17:20:59.950+0000] {processor.py:183} INFO - Processing /home/airflow/.local/lib/python3.8/site-packages/airflow/example_dags/example_setup_teardown.py took 0.216 seconds
[2024-03-28T17:21:30.267+0000] {processor.py:161} INFO - Started process (PID=1260) to work on /home/airflow/.local/lib/python3.8/site-packages/airflow/example_dags/example_setup_teardown.py
[2024-03-28T17:21:30.272+0000] {processor.py:830} INFO - Processing file /home/airflow/.local/lib/python3.8/site-packages/airflow/example_dags/example_setup_teardown.py for tasks to queue
[2024-03-28T17:21:30.280+0000] {logging_mixin.py:188} INFO - [2024-03-28T17:21:30.280+0000] {dagbag.py:540} INFO - Filling up the DagBag from /home/airflow/.local/lib/python3.8/site-packages/airflow/example_dags/example_setup_teardown.py
[2024-03-28T17:21:30.304+0000] {processor.py:840} INFO - DAG(s) 'example_setup_teardown' retrieved from /home/airflow/.local/lib/python3.8/site-packages/airflow/example_dags/example_setup_teardown.py
[2024-03-28T17:21:30.369+0000] {logging_mixin.py:188} INFO - [2024-03-28T17:21:30.368+0000] {dag.py:3047} INFO - Sync 1 DAGs
[2024-03-28T17:21:30.436+0000] {logging_mixin.py:188} INFO - [2024-03-28T17:21:30.436+0000] {dag.py:3834} INFO - Setting next_dagrun for example_setup_teardown to 2024-03-27 00:00:00+00:00, run_after=2024-03-28 00:00:00+00:00
[2024-03-28T17:21:30.502+0000] {processor.py:183} INFO - Processing /home/airflow/.local/lib/python3.8/site-packages/airflow/example_dags/example_setup_teardown.py took 0.246 seconds
[2024-03-28T17:22:04.744+0000] {processor.py:161} INFO - Started process (PID=1311) to work on /home/airflow/.local/lib/python3.8/site-packages/airflow/example_dags/example_setup_teardown.py
[2024-03-28T17:22:04.749+0000] {processor.py:830} INFO - Processing file /home/airflow/.local/lib/python3.8/site-packages/airflow/example_dags/example_setup_teardown.py for tasks to queue
[2024-03-28T17:22:04.758+0000] {logging_mixin.py:188} INFO - [2024-03-28T17:22:04.756+0000] {dagbag.py:540} INFO - Filling up the DagBag from /home/airflow/.local/lib/python3.8/site-packages/airflow/example_dags/example_setup_teardown.py
[2024-03-28T17:22:04.780+0000] {processor.py:840} INFO - DAG(s) 'example_setup_teardown' retrieved from /home/airflow/.local/lib/python3.8/site-packages/airflow/example_dags/example_setup_teardown.py
[2024-03-28T17:22:04.871+0000] {logging_mixin.py:188} INFO - [2024-03-28T17:22:04.871+0000] {dag.py:3047} INFO - Sync 1 DAGs
[2024-03-28T17:22:04.991+0000] {logging_mixin.py:188} INFO - [2024-03-28T17:22:04.991+0000] {dag.py:3834} INFO - Setting next_dagrun for example_setup_teardown to 2024-03-27 00:00:00+00:00, run_after=2024-03-28 00:00:00+00:00
[2024-03-28T17:22:05.087+0000] {processor.py:183} INFO - Processing /home/airflow/.local/lib/python3.8/site-packages/airflow/example_dags/example_setup_teardown.py took 0.358 seconds
[2024-03-28T17:22:48.038+0000] {processor.py:161} INFO - Started process (PID=1373) to work on /home/airflow/.local/lib/python3.8/site-packages/airflow/example_dags/example_setup_teardown.py
[2024-03-28T17:22:48.056+0000] {processor.py:830} INFO - Processing file /home/airflow/.local/lib/python3.8/site-packages/airflow/example_dags/example_setup_teardown.py for tasks to queue
[2024-03-28T17:22:48.109+0000] {logging_mixin.py:188} INFO - [2024-03-28T17:22:48.089+0000] {dagbag.py:540} INFO - Filling up the DagBag from /home/airflow/.local/lib/python3.8/site-packages/airflow/example_dags/example_setup_teardown.py
[2024-03-28T17:22:48.293+0000] {processor.py:840} INFO - DAG(s) 'example_setup_teardown' retrieved from /home/airflow/.local/lib/python3.8/site-packages/airflow/example_dags/example_setup_teardown.py
[2024-03-28T17:22:48.726+0000] {logging_mixin.py:188} INFO - [2024-03-28T17:22:48.726+0000] {dag.py:3047} INFO - Sync 1 DAGs
[2024-03-28T17:22:49.047+0000] {logging_mixin.py:188} INFO - [2024-03-28T17:22:49.041+0000] {dag.py:3834} INFO - Setting next_dagrun for example_setup_teardown to 2024-03-27 00:00:00+00:00, run_after=2024-03-28 00:00:00+00:00
[2024-03-28T17:22:49.225+0000] {processor.py:183} INFO - Processing /home/airflow/.local/lib/python3.8/site-packages/airflow/example_dags/example_setup_teardown.py took 1.276 seconds
[2024-03-28T17:23:19.623+0000] {processor.py:161} INFO - Started process (PID=1426) to work on /home/airflow/.local/lib/python3.8/site-packages/airflow/example_dags/example_setup_teardown.py
[2024-03-28T17:23:19.634+0000] {processor.py:830} INFO - Processing file /home/airflow/.local/lib/python3.8/site-packages/airflow/example_dags/example_setup_teardown.py for tasks to queue
[2024-03-28T17:23:19.644+0000] {logging_mixin.py:188} INFO - [2024-03-28T17:23:19.643+0000] {dagbag.py:540} INFO - Filling up the DagBag from /home/airflow/.local/lib/python3.8/site-packages/airflow/example_dags/example_setup_teardown.py
[2024-03-28T17:23:19.691+0000] {processor.py:840} INFO - DAG(s) 'example_setup_teardown' retrieved from /home/airflow/.local/lib/python3.8/site-packages/airflow/example_dags/example_setup_teardown.py
[2024-03-28T17:23:19.801+0000] {logging_mixin.py:188} INFO - [2024-03-28T17:23:19.801+0000] {dag.py:3047} INFO - Sync 1 DAGs
[2024-03-28T17:23:19.948+0000] {logging_mixin.py:188} INFO - [2024-03-28T17:23:19.948+0000] {dag.py:3834} INFO - Setting next_dagrun for example_setup_teardown to 2024-03-27 00:00:00+00:00, run_after=2024-03-28 00:00:00+00:00
[2024-03-28T17:23:20.067+0000] {processor.py:183} INFO - Processing /home/airflow/.local/lib/python3.8/site-packages/airflow/example_dags/example_setup_teardown.py took 0.476 seconds
[2024-03-28T17:23:50.675+0000] {processor.py:161} INFO - Started process (PID=1481) to work on /home/airflow/.local/lib/python3.8/site-packages/airflow/example_dags/example_setup_teardown.py
[2024-03-28T17:23:50.679+0000] {processor.py:830} INFO - Processing file /home/airflow/.local/lib/python3.8/site-packages/airflow/example_dags/example_setup_teardown.py for tasks to queue
[2024-03-28T17:23:50.694+0000] {logging_mixin.py:188} INFO - [2024-03-28T17:23:50.693+0000] {dagbag.py:540} INFO - Filling up the DagBag from /home/airflow/.local/lib/python3.8/site-packages/airflow/example_dags/example_setup_teardown.py
[2024-03-28T17:23:50.734+0000] {processor.py:840} INFO - DAG(s) 'example_setup_teardown' retrieved from /home/airflow/.local/lib/python3.8/site-packages/airflow/example_dags/example_setup_teardown.py
[2024-03-28T17:23:50.970+0000] {logging_mixin.py:188} INFO - [2024-03-28T17:23:50.969+0000] {dag.py:3047} INFO - Sync 1 DAGs
[2024-03-28T17:23:51.151+0000] {logging_mixin.py:188} INFO - [2024-03-28T17:23:51.144+0000] {dag.py:3834} INFO - Setting next_dagrun for example_setup_teardown to 2024-03-27 00:00:00+00:00, run_after=2024-03-28 00:00:00+00:00
[2024-03-28T17:23:51.310+0000] {processor.py:183} INFO - Processing /home/airflow/.local/lib/python3.8/site-packages/airflow/example_dags/example_setup_teardown.py took 0.649 seconds
[2024-03-28T17:24:21.609+0000] {processor.py:161} INFO - Started process (PID=1536) to work on /home/airflow/.local/lib/python3.8/site-packages/airflow/example_dags/example_setup_teardown.py
[2024-03-28T17:24:21.613+0000] {processor.py:830} INFO - Processing file /home/airflow/.local/lib/python3.8/site-packages/airflow/example_dags/example_setup_teardown.py for tasks to queue
[2024-03-28T17:24:21.626+0000] {logging_mixin.py:188} INFO - [2024-03-28T17:24:21.625+0000] {dagbag.py:540} INFO - Filling up the DagBag from /home/airflow/.local/lib/python3.8/site-packages/airflow/example_dags/example_setup_teardown.py
[2024-03-28T17:24:21.656+0000] {processor.py:840} INFO - DAG(s) 'example_setup_teardown' retrieved from /home/airflow/.local/lib/python3.8/site-packages/airflow/example_dags/example_setup_teardown.py
[2024-03-28T17:24:21.732+0000] {logging_mixin.py:188} INFO - [2024-03-28T17:24:21.732+0000] {dag.py:3047} INFO - Sync 1 DAGs
[2024-03-28T17:24:21.814+0000] {logging_mixin.py:188} INFO - [2024-03-28T17:24:21.813+0000] {dag.py:3834} INFO - Setting next_dagrun for example_setup_teardown to 2024-03-27 00:00:00+00:00, run_after=2024-03-28 00:00:00+00:00
[2024-03-28T17:24:21.909+0000] {processor.py:183} INFO - Processing /home/airflow/.local/lib/python3.8/site-packages/airflow/example_dags/example_setup_teardown.py took 0.311 seconds
[2024-03-28T17:24:53.038+0000] {processor.py:161} INFO - Started process (PID=1592) to work on /home/airflow/.local/lib/python3.8/site-packages/airflow/example_dags/example_setup_teardown.py
[2024-03-28T17:24:53.044+0000] {processor.py:830} INFO - Processing file /home/airflow/.local/lib/python3.8/site-packages/airflow/example_dags/example_setup_teardown.py for tasks to queue
[2024-03-28T17:24:53.054+0000] {logging_mixin.py:188} INFO - [2024-03-28T17:24:53.053+0000] {dagbag.py:540} INFO - Filling up the DagBag from /home/airflow/.local/lib/python3.8/site-packages/airflow/example_dags/example_setup_teardown.py
[2024-03-28T17:24:53.079+0000] {processor.py:840} INFO - DAG(s) 'example_setup_teardown' retrieved from /home/airflow/.local/lib/python3.8/site-packages/airflow/example_dags/example_setup_teardown.py
[2024-03-28T17:24:53.181+0000] {logging_mixin.py:188} INFO - [2024-03-28T17:24:53.181+0000] {dag.py:3047} INFO - Sync 1 DAGs
[2024-03-28T17:24:53.251+0000] {logging_mixin.py:188} INFO - [2024-03-28T17:24:53.251+0000] {dag.py:3834} INFO - Setting next_dagrun for example_setup_teardown to 2024-03-27 00:00:00+00:00, run_after=2024-03-28 00:00:00+00:00
[2024-03-28T17:24:53.353+0000] {processor.py:183} INFO - Processing /home/airflow/.local/lib/python3.8/site-packages/airflow/example_dags/example_setup_teardown.py took 0.329 seconds
[2024-03-28T17:25:28.372+0000] {processor.py:161} INFO - Started process (PID=1644) to work on /home/airflow/.local/lib/python3.8/site-packages/airflow/example_dags/example_setup_teardown.py
[2024-03-28T17:25:28.380+0000] {processor.py:830} INFO - Processing file /home/airflow/.local/lib/python3.8/site-packages/airflow/example_dags/example_setup_teardown.py for tasks to queue
[2024-03-28T17:25:28.398+0000] {logging_mixin.py:188} INFO - [2024-03-28T17:25:28.393+0000] {dagbag.py:540} INFO - Filling up the DagBag from /home/airflow/.local/lib/python3.8/site-packages/airflow/example_dags/example_setup_teardown.py
[2024-03-28T17:25:28.449+0000] {processor.py:840} INFO - DAG(s) 'example_setup_teardown' retrieved from /home/airflow/.local/lib/python3.8/site-packages/airflow/example_dags/example_setup_teardown.py
[2024-03-28T17:25:28.583+0000] {logging_mixin.py:188} INFO - [2024-03-28T17:25:28.581+0000] {dag.py:3047} INFO - Sync 1 DAGs
[2024-03-28T17:25:28.785+0000] {logging_mixin.py:188} INFO - [2024-03-28T17:25:28.784+0000] {dag.py:3834} INFO - Setting next_dagrun for example_setup_teardown to 2024-03-27 00:00:00+00:00, run_after=2024-03-28 00:00:00+00:00
[2024-03-28T17:25:28.916+0000] {processor.py:183} INFO - Processing /home/airflow/.local/lib/python3.8/site-packages/airflow/example_dags/example_setup_teardown.py took 0.556 seconds
[2024-03-28T17:26:05.199+0000] {processor.py:161} INFO - Started process (PID=1699) to work on /home/airflow/.local/lib/python3.8/site-packages/airflow/example_dags/example_setup_teardown.py
[2024-03-28T17:26:05.205+0000] {processor.py:830} INFO - Processing file /home/airflow/.local/lib/python3.8/site-packages/airflow/example_dags/example_setup_teardown.py for tasks to queue
[2024-03-28T17:26:05.262+0000] {logging_mixin.py:188} INFO - [2024-03-28T17:26:05.241+0000] {dagbag.py:540} INFO - Filling up the DagBag from /home/airflow/.local/lib/python3.8/site-packages/airflow/example_dags/example_setup_teardown.py
[2024-03-28T17:26:05.400+0000] {processor.py:840} INFO - DAG(s) 'example_setup_teardown' retrieved from /home/airflow/.local/lib/python3.8/site-packages/airflow/example_dags/example_setup_teardown.py
[2024-03-28T17:26:05.719+0000] {logging_mixin.py:188} INFO - [2024-03-28T17:26:05.707+0000] {dag.py:3047} INFO - Sync 1 DAGs
[2024-03-28T17:26:05.902+0000] {logging_mixin.py:188} INFO - [2024-03-28T17:26:05.901+0000] {dag.py:3834} INFO - Setting next_dagrun for example_setup_teardown to 2024-03-27 00:00:00+00:00, run_after=2024-03-28 00:00:00+00:00
[2024-03-28T17:26:06.171+0000] {processor.py:183} INFO - Processing /home/airflow/.local/lib/python3.8/site-packages/airflow/example_dags/example_setup_teardown.py took 1.042 seconds
[2024-03-28T17:26:37.240+0000] {processor.py:161} INFO - Started process (PID=1753) to work on /home/airflow/.local/lib/python3.8/site-packages/airflow/example_dags/example_setup_teardown.py
[2024-03-28T17:26:37.263+0000] {processor.py:830} INFO - Processing file /home/airflow/.local/lib/python3.8/site-packages/airflow/example_dags/example_setup_teardown.py for tasks to queue
[2024-03-28T17:26:37.290+0000] {logging_mixin.py:188} INFO - [2024-03-28T17:26:37.288+0000] {dagbag.py:540} INFO - Filling up the DagBag from /home/airflow/.local/lib/python3.8/site-packages/airflow/example_dags/example_setup_teardown.py
[2024-03-28T17:26:37.498+0000] {processor.py:840} INFO - DAG(s) 'example_setup_teardown' retrieved from /home/airflow/.local/lib/python3.8/site-packages/airflow/example_dags/example_setup_teardown.py
[2024-03-28T17:26:37.805+0000] {logging_mixin.py:188} INFO - [2024-03-28T17:26:37.805+0000] {dag.py:3047} INFO - Sync 1 DAGs
[2024-03-28T17:26:38.082+0000] {logging_mixin.py:188} INFO - [2024-03-28T17:26:38.081+0000] {dag.py:3834} INFO - Setting next_dagrun for example_setup_teardown to 2024-03-27 00:00:00+00:00, run_after=2024-03-28 00:00:00+00:00
[2024-03-28T17:26:38.545+0000] {processor.py:183} INFO - Processing /home/airflow/.local/lib/python3.8/site-packages/airflow/example_dags/example_setup_teardown.py took 1.362 seconds
[2024-03-28T17:27:08.856+0000] {processor.py:161} INFO - Started process (PID=1806) to work on /home/airflow/.local/lib/python3.8/site-packages/airflow/example_dags/example_setup_teardown.py
[2024-03-28T17:27:08.860+0000] {processor.py:830} INFO - Processing file /home/airflow/.local/lib/python3.8/site-packages/airflow/example_dags/example_setup_teardown.py for tasks to queue
[2024-03-28T17:27:08.868+0000] {logging_mixin.py:188} INFO - [2024-03-28T17:27:08.866+0000] {dagbag.py:540} INFO - Filling up the DagBag from /home/airflow/.local/lib/python3.8/site-packages/airflow/example_dags/example_setup_teardown.py
[2024-03-28T17:27:08.892+0000] {processor.py:840} INFO - DAG(s) 'example_setup_teardown' retrieved from /home/airflow/.local/lib/python3.8/site-packages/airflow/example_dags/example_setup_teardown.py
[2024-03-28T17:27:08.985+0000] {logging_mixin.py:188} INFO - [2024-03-28T17:27:08.984+0000] {dag.py:3047} INFO - Sync 1 DAGs
[2024-03-28T17:27:09.331+0000] {logging_mixin.py:188} INFO - [2024-03-28T17:27:09.330+0000] {dag.py:3834} INFO - Setting next_dagrun for example_setup_teardown to 2024-03-27 00:00:00+00:00, run_after=2024-03-28 00:00:00+00:00
[2024-03-28T17:27:09.495+0000] {processor.py:183} INFO - Processing /home/airflow/.local/lib/python3.8/site-packages/airflow/example_dags/example_setup_teardown.py took 0.653 seconds
[2024-03-28T17:27:40.344+0000] {processor.py:161} INFO - Started process (PID=1862) to work on /home/airflow/.local/lib/python3.8/site-packages/airflow/example_dags/example_setup_teardown.py
[2024-03-28T17:27:40.350+0000] {processor.py:830} INFO - Processing file /home/airflow/.local/lib/python3.8/site-packages/airflow/example_dags/example_setup_teardown.py for tasks to queue
[2024-03-28T17:27:40.357+0000] {logging_mixin.py:188} INFO - [2024-03-28T17:27:40.356+0000] {dagbag.py:540} INFO - Filling up the DagBag from /home/airflow/.local/lib/python3.8/site-packages/airflow/example_dags/example_setup_teardown.py
[2024-03-28T17:27:40.381+0000] {processor.py:840} INFO - DAG(s) 'example_setup_teardown' retrieved from /home/airflow/.local/lib/python3.8/site-packages/airflow/example_dags/example_setup_teardown.py
[2024-03-28T17:27:40.444+0000] {logging_mixin.py:188} INFO - [2024-03-28T17:27:40.443+0000] {dag.py:3047} INFO - Sync 1 DAGs
[2024-03-28T17:27:40.508+0000] {logging_mixin.py:188} INFO - [2024-03-28T17:27:40.507+0000] {dag.py:3834} INFO - Setting next_dagrun for example_setup_teardown to 2024-03-27 00:00:00+00:00, run_after=2024-03-28 00:00:00+00:00
[2024-03-28T17:27:40.572+0000] {processor.py:183} INFO - Processing /home/airflow/.local/lib/python3.8/site-packages/airflow/example_dags/example_setup_teardown.py took 0.241 seconds
[2024-03-28T17:28:10.826+0000] {processor.py:161} INFO - Started process (PID=1917) to work on /home/airflow/.local/lib/python3.8/site-packages/airflow/example_dags/example_setup_teardown.py
[2024-03-28T17:28:10.877+0000] {processor.py:830} INFO - Processing file /home/airflow/.local/lib/python3.8/site-packages/airflow/example_dags/example_setup_teardown.py for tasks to queue
[2024-03-28T17:28:10.922+0000] {logging_mixin.py:188} INFO - [2024-03-28T17:28:10.921+0000] {dagbag.py:540} INFO - Filling up the DagBag from /home/airflow/.local/lib/python3.8/site-packages/airflow/example_dags/example_setup_teardown.py
[2024-03-28T17:28:11.032+0000] {processor.py:840} INFO - DAG(s) 'example_setup_teardown' retrieved from /home/airflow/.local/lib/python3.8/site-packages/airflow/example_dags/example_setup_teardown.py
[2024-03-28T17:28:11.192+0000] {logging_mixin.py:188} INFO - [2024-03-28T17:28:11.191+0000] {dag.py:3047} INFO - Sync 1 DAGs
[2024-03-28T17:28:11.287+0000] {logging_mixin.py:188} INFO - [2024-03-28T17:28:11.287+0000] {dag.py:3834} INFO - Setting next_dagrun for example_setup_teardown to 2024-03-27 00:00:00+00:00, run_after=2024-03-28 00:00:00+00:00
[2024-03-28T17:28:11.338+0000] {processor.py:183} INFO - Processing /home/airflow/.local/lib/python3.8/site-packages/airflow/example_dags/example_setup_teardown.py took 0.524 seconds
[2024-03-28T17:28:50.954+0000] {processor.py:161} INFO - Started process (PID=1980) to work on /home/airflow/.local/lib/python3.8/site-packages/airflow/example_dags/example_setup_teardown.py
[2024-03-28T17:28:50.959+0000] {processor.py:830} INFO - Processing file /home/airflow/.local/lib/python3.8/site-packages/airflow/example_dags/example_setup_teardown.py for tasks to queue
[2024-03-28T17:28:50.968+0000] {logging_mixin.py:188} INFO - [2024-03-28T17:28:50.966+0000] {dagbag.py:540} INFO - Filling up the DagBag from /home/airflow/.local/lib/python3.8/site-packages/airflow/example_dags/example_setup_teardown.py
[2024-03-28T17:28:50.995+0000] {processor.py:840} INFO - DAG(s) 'example_setup_teardown' retrieved from /home/airflow/.local/lib/python3.8/site-packages/airflow/example_dags/example_setup_teardown.py
[2024-03-28T17:28:51.121+0000] {logging_mixin.py:188} INFO - [2024-03-28T17:28:51.121+0000] {dag.py:3047} INFO - Sync 1 DAGs
[2024-03-28T17:28:51.189+0000] {logging_mixin.py:188} INFO - [2024-03-28T17:28:51.188+0000] {dag.py:3834} INFO - Setting next_dagrun for example_setup_teardown to 2024-03-27 00:00:00+00:00, run_after=2024-03-28 00:00:00+00:00
[2024-03-28T17:28:51.238+0000] {processor.py:183} INFO - Processing /home/airflow/.local/lib/python3.8/site-packages/airflow/example_dags/example_setup_teardown.py took 0.300 seconds
[2024-03-28T17:29:23.637+0000] {processor.py:161} INFO - Started process (PID=2028) to work on /home/airflow/.local/lib/python3.8/site-packages/airflow/example_dags/example_setup_teardown.py
[2024-03-28T17:29:23.646+0000] {processor.py:830} INFO - Processing file /home/airflow/.local/lib/python3.8/site-packages/airflow/example_dags/example_setup_teardown.py for tasks to queue
[2024-03-28T17:29:23.673+0000] {logging_mixin.py:188} INFO - [2024-03-28T17:29:23.672+0000] {dagbag.py:540} INFO - Filling up the DagBag from /home/airflow/.local/lib/python3.8/site-packages/airflow/example_dags/example_setup_teardown.py
[2024-03-28T17:29:23.707+0000] {processor.py:840} INFO - DAG(s) 'example_setup_teardown' retrieved from /home/airflow/.local/lib/python3.8/site-packages/airflow/example_dags/example_setup_teardown.py
[2024-03-28T17:29:23.872+0000] {logging_mixin.py:188} INFO - [2024-03-28T17:29:23.871+0000] {dag.py:3047} INFO - Sync 1 DAGs
[2024-03-28T17:29:24.132+0000] {logging_mixin.py:188} INFO - [2024-03-28T17:29:24.130+0000] {dag.py:3834} INFO - Setting next_dagrun for example_setup_teardown to 2024-03-27 00:00:00+00:00, run_after=2024-03-28 00:00:00+00:00
[2024-03-28T17:29:24.289+0000] {processor.py:183} INFO - Processing /home/airflow/.local/lib/python3.8/site-packages/airflow/example_dags/example_setup_teardown.py took 0.684 seconds
[2024-03-28T17:29:55.676+0000] {processor.py:161} INFO - Started process (PID=2083) to work on /home/airflow/.local/lib/python3.8/site-packages/airflow/example_dags/example_setup_teardown.py
[2024-03-28T17:29:55.691+0000] {processor.py:830} INFO - Processing file /home/airflow/.local/lib/python3.8/site-packages/airflow/example_dags/example_setup_teardown.py for tasks to queue
[2024-03-28T17:29:55.710+0000] {logging_mixin.py:188} INFO - [2024-03-28T17:29:55.708+0000] {dagbag.py:540} INFO - Filling up the DagBag from /home/airflow/.local/lib/python3.8/site-packages/airflow/example_dags/example_setup_teardown.py
[2024-03-28T17:29:55.798+0000] {processor.py:840} INFO - DAG(s) 'example_setup_teardown' retrieved from /home/airflow/.local/lib/python3.8/site-packages/airflow/example_dags/example_setup_teardown.py
[2024-03-28T17:29:56.125+0000] {logging_mixin.py:188} INFO - [2024-03-28T17:29:56.112+0000] {dag.py:3047} INFO - Sync 1 DAGs
[2024-03-28T17:29:56.512+0000] {logging_mixin.py:188} INFO - [2024-03-28T17:29:56.512+0000] {dag.py:3834} INFO - Setting next_dagrun for example_setup_teardown to 2024-03-27 00:00:00+00:00, run_after=2024-03-28 00:00:00+00:00
[2024-03-28T17:29:56.747+0000] {processor.py:183} INFO - Processing /home/airflow/.local/lib/python3.8/site-packages/airflow/example_dags/example_setup_teardown.py took 1.114 seconds
[2024-03-28T17:30:27.515+0000] {processor.py:161} INFO - Started process (PID=2138) to work on /home/airflow/.local/lib/python3.8/site-packages/airflow/example_dags/example_setup_teardown.py
[2024-03-28T17:30:27.522+0000] {processor.py:830} INFO - Processing file /home/airflow/.local/lib/python3.8/site-packages/airflow/example_dags/example_setup_teardown.py for tasks to queue
[2024-03-28T17:30:27.543+0000] {logging_mixin.py:188} INFO - [2024-03-28T17:30:27.539+0000] {dagbag.py:540} INFO - Filling up the DagBag from /home/airflow/.local/lib/python3.8/site-packages/airflow/example_dags/example_setup_teardown.py
[2024-03-28T17:30:27.592+0000] {processor.py:840} INFO - DAG(s) 'example_setup_teardown' retrieved from /home/airflow/.local/lib/python3.8/site-packages/airflow/example_dags/example_setup_teardown.py
[2024-03-28T17:30:27.696+0000] {logging_mixin.py:188} INFO - [2024-03-28T17:30:27.695+0000] {dag.py:3047} INFO - Sync 1 DAGs
[2024-03-28T17:30:27.800+0000] {logging_mixin.py:188} INFO - [2024-03-28T17:30:27.800+0000] {dag.py:3834} INFO - Setting next_dagrun for example_setup_teardown to 2024-03-27 00:00:00+00:00, run_after=2024-03-28 00:00:00+00:00
[2024-03-28T17:30:27.888+0000] {processor.py:183} INFO - Processing /home/airflow/.local/lib/python3.8/site-packages/airflow/example_dags/example_setup_teardown.py took 0.390 seconds
[2024-03-28T17:30:59.981+0000] {processor.py:161} INFO - Started process (PID=2184) to work on /home/airflow/.local/lib/python3.8/site-packages/airflow/example_dags/example_setup_teardown.py
[2024-03-28T17:30:59.985+0000] {processor.py:830} INFO - Processing file /home/airflow/.local/lib/python3.8/site-packages/airflow/example_dags/example_setup_teardown.py for tasks to queue
[2024-03-28T17:30:59.999+0000] {logging_mixin.py:188} INFO - [2024-03-28T17:30:59.995+0000] {dagbag.py:540} INFO - Filling up the DagBag from /home/airflow/.local/lib/python3.8/site-packages/airflow/example_dags/example_setup_teardown.py
[2024-03-28T17:31:00.044+0000] {processor.py:840} INFO - DAG(s) 'example_setup_teardown' retrieved from /home/airflow/.local/lib/python3.8/site-packages/airflow/example_dags/example_setup_teardown.py
[2024-03-28T17:31:00.201+0000] {logging_mixin.py:188} INFO - [2024-03-28T17:31:00.198+0000] {dag.py:3047} INFO - Sync 1 DAGs
[2024-03-28T17:31:00.404+0000] {logging_mixin.py:188} INFO - [2024-03-28T17:31:00.401+0000] {dag.py:3834} INFO - Setting next_dagrun for example_setup_teardown to 2024-03-27 00:00:00+00:00, run_after=2024-03-28 00:00:00+00:00
[2024-03-28T17:31:00.471+0000] {processor.py:183} INFO - Processing /home/airflow/.local/lib/python3.8/site-packages/airflow/example_dags/example_setup_teardown.py took 0.503 seconds
[2024-03-28T17:31:31.345+0000] {processor.py:161} INFO - Started process (PID=2234) to work on /home/airflow/.local/lib/python3.8/site-packages/airflow/example_dags/example_setup_teardown.py
[2024-03-28T17:31:31.348+0000] {processor.py:830} INFO - Processing file /home/airflow/.local/lib/python3.8/site-packages/airflow/example_dags/example_setup_teardown.py for tasks to queue
[2024-03-28T17:31:31.358+0000] {logging_mixin.py:188} INFO - [2024-03-28T17:31:31.357+0000] {dagbag.py:540} INFO - Filling up the DagBag from /home/airflow/.local/lib/python3.8/site-packages/airflow/example_dags/example_setup_teardown.py
[2024-03-28T17:31:31.386+0000] {processor.py:840} INFO - DAG(s) 'example_setup_teardown' retrieved from /home/airflow/.local/lib/python3.8/site-packages/airflow/example_dags/example_setup_teardown.py
[2024-03-28T17:31:31.457+0000] {logging_mixin.py:188} INFO - [2024-03-28T17:31:31.456+0000] {dag.py:3047} INFO - Sync 1 DAGs
[2024-03-28T17:31:31.637+0000] {logging_mixin.py:188} INFO - [2024-03-28T17:31:31.636+0000] {dag.py:3834} INFO - Setting next_dagrun for example_setup_teardown to 2024-03-27 00:00:00+00:00, run_after=2024-03-28 00:00:00+00:00
[2024-03-28T17:31:31.914+0000] {processor.py:183} INFO - Processing /home/airflow/.local/lib/python3.8/site-packages/airflow/example_dags/example_setup_teardown.py took 0.579 seconds
[2024-03-28T17:32:10.650+0000] {processor.py:161} INFO - Started process (PID=2288) to work on /home/airflow/.local/lib/python3.8/site-packages/airflow/example_dags/example_setup_teardown.py
[2024-03-28T17:32:10.668+0000] {processor.py:830} INFO - Processing file /home/airflow/.local/lib/python3.8/site-packages/airflow/example_dags/example_setup_teardown.py for tasks to queue
[2024-03-28T17:32:10.687+0000] {logging_mixin.py:188} INFO - [2024-03-28T17:32:10.685+0000] {dagbag.py:540} INFO - Filling up the DagBag from /home/airflow/.local/lib/python3.8/site-packages/airflow/example_dags/example_setup_teardown.py
[2024-03-28T17:32:10.807+0000] {processor.py:840} INFO - DAG(s) 'example_setup_teardown' retrieved from /home/airflow/.local/lib/python3.8/site-packages/airflow/example_dags/example_setup_teardown.py
[2024-03-28T17:32:11.011+0000] {logging_mixin.py:188} INFO - [2024-03-28T17:32:11.010+0000] {dag.py:3047} INFO - Sync 1 DAGs
[2024-03-28T17:32:11.234+0000] {logging_mixin.py:188} INFO - [2024-03-28T17:32:11.233+0000] {dag.py:3834} INFO - Setting next_dagrun for example_setup_teardown to 2024-03-27 00:00:00+00:00, run_after=2024-03-28 00:00:00+00:00
[2024-03-28T17:32:11.379+0000] {processor.py:183} INFO - Processing /home/airflow/.local/lib/python3.8/site-packages/airflow/example_dags/example_setup_teardown.py took 0.746 seconds
[2024-03-28T17:32:43.597+0000] {processor.py:161} INFO - Started process (PID=2343) to work on /home/airflow/.local/lib/python3.8/site-packages/airflow/example_dags/example_setup_teardown.py
[2024-03-28T17:32:43.602+0000] {processor.py:830} INFO - Processing file /home/airflow/.local/lib/python3.8/site-packages/airflow/example_dags/example_setup_teardown.py for tasks to queue
[2024-03-28T17:32:43.612+0000] {logging_mixin.py:188} INFO - [2024-03-28T17:32:43.611+0000] {dagbag.py:540} INFO - Filling up the DagBag from /home/airflow/.local/lib/python3.8/site-packages/airflow/example_dags/example_setup_teardown.py
[2024-03-28T17:32:43.756+0000] {processor.py:840} INFO - DAG(s) 'example_setup_teardown' retrieved from /home/airflow/.local/lib/python3.8/site-packages/airflow/example_dags/example_setup_teardown.py
[2024-03-28T17:32:43.965+0000] {logging_mixin.py:188} INFO - [2024-03-28T17:32:43.964+0000] {dag.py:3047} INFO - Sync 1 DAGs
[2024-03-28T17:32:44.204+0000] {logging_mixin.py:188} INFO - [2024-03-28T17:32:44.202+0000] {dag.py:3834} INFO - Setting next_dagrun for example_setup_teardown to 2024-03-27 00:00:00+00:00, run_after=2024-03-28 00:00:00+00:00
[2024-03-28T17:32:44.251+0000] {processor.py:183} INFO - Processing /home/airflow/.local/lib/python3.8/site-packages/airflow/example_dags/example_setup_teardown.py took 0.666 seconds
[2024-03-28T17:33:15.044+0000] {processor.py:161} INFO - Started process (PID=2396) to work on /home/airflow/.local/lib/python3.8/site-packages/airflow/example_dags/example_setup_teardown.py
[2024-03-28T17:33:15.162+0000] {processor.py:830} INFO - Processing file /home/airflow/.local/lib/python3.8/site-packages/airflow/example_dags/example_setup_teardown.py for tasks to queue
[2024-03-28T17:33:15.207+0000] {logging_mixin.py:188} INFO - [2024-03-28T17:33:15.199+0000] {dagbag.py:540} INFO - Filling up the DagBag from /home/airflow/.local/lib/python3.8/site-packages/airflow/example_dags/example_setup_teardown.py
[2024-03-28T17:33:15.410+0000] {processor.py:840} INFO - DAG(s) 'example_setup_teardown' retrieved from /home/airflow/.local/lib/python3.8/site-packages/airflow/example_dags/example_setup_teardown.py
[2024-03-28T17:33:15.707+0000] {logging_mixin.py:188} INFO - [2024-03-28T17:33:15.706+0000] {dag.py:3047} INFO - Sync 1 DAGs
[2024-03-28T17:33:15.960+0000] {logging_mixin.py:188} INFO - [2024-03-28T17:33:15.956+0000] {dag.py:3834} INFO - Setting next_dagrun for example_setup_teardown to 2024-03-27 00:00:00+00:00, run_after=2024-03-28 00:00:00+00:00
[2024-03-28T17:33:16.164+0000] {processor.py:183} INFO - Processing /home/airflow/.local/lib/python3.8/site-packages/airflow/example_dags/example_setup_teardown.py took 1.268 seconds
