[2024-03-28T16:32:19.131+0000] {processor.py:161} INFO - Started process (PID=142) to work on /home/airflow/.local/lib/python3.8/site-packages/airflow/example_dags/example_branch_operator_decorator.py
[2024-03-28T16:32:19.154+0000] {processor.py:830} INFO - Processing file /home/airflow/.local/lib/python3.8/site-packages/airflow/example_dags/example_branch_operator_decorator.py for tasks to queue
[2024-03-28T16:32:19.245+0000] {logging_mixin.py:188} INFO - [2024-03-28T16:32:19.236+0000] {dagbag.py:540} INFO - Filling up the DagBag from /home/airflow/.local/lib/python3.8/site-packages/airflow/example_dags/example_branch_operator_decorator.py
[2024-03-28T16:32:21.384+0000] {processor.py:840} INFO - DAG(s) 'example_branch_python_operator_decorator' retrieved from /home/airflow/.local/lib/python3.8/site-packages/airflow/example_dags/example_branch_operator_decorator.py
[2024-03-28T16:32:26.888+0000] {logging_mixin.py:188} INFO - [2024-03-28T16:32:26.885+0000] {override.py:1769} INFO - Created Permission View: can edit on DAG:example_branch_python_operator_decorator
[2024-03-28T16:32:27.014+0000] {logging_mixin.py:188} INFO - [2024-03-28T16:32:27.001+0000] {override.py:1769} INFO - Created Permission View: can read on DAG:example_branch_python_operator_decorator
[2024-03-28T16:32:27.115+0000] {logging_mixin.py:188} INFO - [2024-03-28T16:32:27.113+0000] {override.py:1769} INFO - Created Permission View: can delete on DAG:example_branch_python_operator_decorator
[2024-03-28T16:32:27.144+0000] {logging_mixin.py:188} INFO - [2024-03-28T16:32:27.140+0000] {dag.py:3047} INFO - Sync 1 DAGs
[2024-03-28T16:32:27.321+0000] {logging_mixin.py:188} INFO - [2024-03-28T16:32:27.321+0000] {dag.py:3069} INFO - Creating ORM DAG for example_branch_python_operator_decorator
[2024-03-28T16:32:27.504+0000] {logging_mixin.py:188} INFO - [2024-03-28T16:32:27.497+0000] {dag.py:3834} INFO - Setting next_dagrun for example_branch_python_operator_decorator to 2024-03-27 00:00:00+00:00, run_after=2024-03-28 00:00:00+00:00
[2024-03-28T16:32:29.344+0000] {processor.py:183} INFO - Processing /home/airflow/.local/lib/python3.8/site-packages/airflow/example_dags/example_branch_operator_decorator.py took 10.300 seconds
[2024-03-28T16:36:10.821+0000] {processor.py:161} INFO - Started process (PID=231) to work on /home/airflow/.local/lib/python3.8/site-packages/airflow/example_dags/example_branch_operator_decorator.py
[2024-03-28T16:36:10.831+0000] {processor.py:830} INFO - Processing file /home/airflow/.local/lib/python3.8/site-packages/airflow/example_dags/example_branch_operator_decorator.py for tasks to queue
[2024-03-28T16:36:10.920+0000] {logging_mixin.py:188} INFO - [2024-03-28T16:36:10.917+0000] {dagbag.py:540} INFO - Filling up the DagBag from /home/airflow/.local/lib/python3.8/site-packages/airflow/example_dags/example_branch_operator_decorator.py
[2024-03-28T16:36:12.810+0000] {processor.py:840} INFO - DAG(s) 'example_branch_python_operator_decorator' retrieved from /home/airflow/.local/lib/python3.8/site-packages/airflow/example_dags/example_branch_operator_decorator.py
[2024-03-28T16:36:13.670+0000] {logging_mixin.py:188} INFO - [2024-03-28T16:36:13.652+0000] {dag.py:3047} INFO - Sync 1 DAGs
[2024-03-28T16:36:17.044+0000] {logging_mixin.py:188} INFO - [2024-03-28T16:36:17.043+0000] {dag.py:3834} INFO - Setting next_dagrun for example_branch_python_operator_decorator to 2024-03-27 00:00:00+00:00, run_after=2024-03-28 00:00:00+00:00
[2024-03-28T16:36:18.473+0000] {processor.py:183} INFO - Processing /home/airflow/.local/lib/python3.8/site-packages/airflow/example_dags/example_branch_operator_decorator.py took 7.700 seconds
[2024-03-28T16:38:29.243+0000] {processor.py:161} INFO - Started process (PID=299) to work on /home/airflow/.local/lib/python3.8/site-packages/airflow/example_dags/example_branch_operator_decorator.py
[2024-03-28T16:38:29.250+0000] {processor.py:830} INFO - Processing file /home/airflow/.local/lib/python3.8/site-packages/airflow/example_dags/example_branch_operator_decorator.py for tasks to queue
[2024-03-28T16:38:29.279+0000] {logging_mixin.py:188} INFO - [2024-03-28T16:38:29.276+0000] {dagbag.py:540} INFO - Filling up the DagBag from /home/airflow/.local/lib/python3.8/site-packages/airflow/example_dags/example_branch_operator_decorator.py
[2024-03-28T16:38:31.238+0000] {processor.py:840} INFO - DAG(s) 'example_branch_python_operator_decorator' retrieved from /home/airflow/.local/lib/python3.8/site-packages/airflow/example_dags/example_branch_operator_decorator.py
[2024-03-28T16:38:32.912+0000] {logging_mixin.py:188} INFO - [2024-03-28T16:38:32.910+0000] {dag.py:3047} INFO - Sync 1 DAGs
[2024-03-28T16:38:34.849+0000] {logging_mixin.py:188} INFO - [2024-03-28T16:38:34.847+0000] {dag.py:3834} INFO - Setting next_dagrun for example_branch_python_operator_decorator to 2024-03-27 00:00:00+00:00, run_after=2024-03-28 00:00:00+00:00
[2024-03-28T16:38:36.645+0000] {processor.py:183} INFO - Processing /home/airflow/.local/lib/python3.8/site-packages/airflow/example_dags/example_branch_operator_decorator.py took 7.450 seconds
[2024-03-28T16:41:19.347+0000] {processor.py:161} INFO - Started process (PID=367) to work on /home/airflow/.local/lib/python3.8/site-packages/airflow/example_dags/example_branch_operator_decorator.py
[2024-03-28T16:41:19.368+0000] {processor.py:830} INFO - Processing file /home/airflow/.local/lib/python3.8/site-packages/airflow/example_dags/example_branch_operator_decorator.py for tasks to queue
[2024-03-28T16:41:19.652+0000] {logging_mixin.py:188} INFO - [2024-03-28T16:41:19.651+0000] {dagbag.py:540} INFO - Filling up the DagBag from /home/airflow/.local/lib/python3.8/site-packages/airflow/example_dags/example_branch_operator_decorator.py
[2024-03-28T16:41:21.587+0000] {processor.py:840} INFO - DAG(s) 'example_branch_python_operator_decorator' retrieved from /home/airflow/.local/lib/python3.8/site-packages/airflow/example_dags/example_branch_operator_decorator.py
[2024-03-28T16:41:22.812+0000] {logging_mixin.py:188} INFO - [2024-03-28T16:41:22.589+0000] {dag.py:3047} INFO - Sync 1 DAGs
[2024-03-28T16:41:25.916+0000] {logging_mixin.py:188} INFO - [2024-03-28T16:41:25.865+0000] {dag.py:3834} INFO - Setting next_dagrun for example_branch_python_operator_decorator to 2024-03-27 00:00:00+00:00, run_after=2024-03-28 00:00:00+00:00
[2024-03-28T16:41:28.646+0000] {processor.py:183} INFO - Processing /home/airflow/.local/lib/python3.8/site-packages/airflow/example_dags/example_branch_operator_decorator.py took 9.418 seconds
[2024-03-28T16:44:30.215+0000] {processor.py:161} INFO - Started process (PID=444) to work on /home/airflow/.local/lib/python3.8/site-packages/airflow/example_dags/example_branch_operator_decorator.py
[2024-03-28T16:44:30.337+0000] {processor.py:830} INFO - Processing file /home/airflow/.local/lib/python3.8/site-packages/airflow/example_dags/example_branch_operator_decorator.py for tasks to queue
[2024-03-28T16:44:30.403+0000] {logging_mixin.py:188} INFO - [2024-03-28T16:44:30.392+0000] {dagbag.py:540} INFO - Filling up the DagBag from /home/airflow/.local/lib/python3.8/site-packages/airflow/example_dags/example_branch_operator_decorator.py
[2024-03-28T16:44:31.575+0000] {processor.py:840} INFO - DAG(s) 'example_branch_python_operator_decorator' retrieved from /home/airflow/.local/lib/python3.8/site-packages/airflow/example_dags/example_branch_operator_decorator.py
[2024-03-28T16:44:33.242+0000] {logging_mixin.py:188} INFO - [2024-03-28T16:44:33.133+0000] {dag.py:3047} INFO - Sync 1 DAGs
[2024-03-28T16:44:35.060+0000] {logging_mixin.py:188} INFO - [2024-03-28T16:44:35.045+0000] {dag.py:3834} INFO - Setting next_dagrun for example_branch_python_operator_decorator to 2024-03-27 00:00:00+00:00, run_after=2024-03-28 00:00:00+00:00
[2024-03-28T16:44:40.437+0000] {processor.py:183} INFO - Processing /home/airflow/.local/lib/python3.8/site-packages/airflow/example_dags/example_branch_operator_decorator.py took 11.243 seconds
[2024-03-28T17:06:03.960+0000] {processor.py:161} INFO - Started process (PID=71) to work on /home/airflow/.local/lib/python3.8/site-packages/airflow/example_dags/example_branch_operator_decorator.py
[2024-03-28T17:06:03.992+0000] {processor.py:830} INFO - Processing file /home/airflow/.local/lib/python3.8/site-packages/airflow/example_dags/example_branch_operator_decorator.py for tasks to queue
[2024-03-28T17:06:04.017+0000] {logging_mixin.py:188} INFO - [2024-03-28T17:06:04.006+0000] {dagbag.py:540} INFO - Filling up the DagBag from /home/airflow/.local/lib/python3.8/site-packages/airflow/example_dags/example_branch_operator_decorator.py
[2024-03-28T17:06:04.687+0000] {processor.py:840} INFO - DAG(s) 'example_branch_python_operator_decorator' retrieved from /home/airflow/.local/lib/python3.8/site-packages/airflow/example_dags/example_branch_operator_decorator.py
[2024-03-28T17:06:07.450+0000] {logging_mixin.py:188} INFO - [2024-03-28T17:06:07.432+0000] {dag.py:3047} INFO - Sync 1 DAGs
[2024-03-28T17:06:07.702+0000] {logging_mixin.py:188} INFO - [2024-03-28T17:06:07.696+0000] {dag.py:3834} INFO - Setting next_dagrun for example_branch_python_operator_decorator to 2024-03-27 00:00:00+00:00, run_after=2024-03-28 00:00:00+00:00
[2024-03-28T17:06:07.830+0000] {processor.py:183} INFO - Processing /home/airflow/.local/lib/python3.8/site-packages/airflow/example_dags/example_branch_operator_decorator.py took 3.906 seconds
[2024-03-28T17:07:28.947+0000] {processor.py:161} INFO - Started process (PID=132) to work on /home/airflow/.local/lib/python3.8/site-packages/airflow/example_dags/example_branch_operator_decorator.py
[2024-03-28T17:07:28.952+0000] {processor.py:830} INFO - Processing file /home/airflow/.local/lib/python3.8/site-packages/airflow/example_dags/example_branch_operator_decorator.py for tasks to queue
[2024-03-28T17:07:28.969+0000] {logging_mixin.py:188} INFO - [2024-03-28T17:07:28.966+0000] {dagbag.py:540} INFO - Filling up the DagBag from /home/airflow/.local/lib/python3.8/site-packages/airflow/example_dags/example_branch_operator_decorator.py
[2024-03-28T17:07:29.323+0000] {processor.py:840} INFO - DAG(s) 'example_branch_python_operator_decorator' retrieved from /home/airflow/.local/lib/python3.8/site-packages/airflow/example_dags/example_branch_operator_decorator.py
[2024-03-28T17:07:31.312+0000] {logging_mixin.py:188} INFO - [2024-03-28T17:07:31.311+0000] {dag.py:3047} INFO - Sync 1 DAGs
[2024-03-28T17:07:32.901+0000] {logging_mixin.py:188} INFO - [2024-03-28T17:07:32.894+0000] {dag.py:3834} INFO - Setting next_dagrun for example_branch_python_operator_decorator to 2024-03-27 00:00:00+00:00, run_after=2024-03-28 00:00:00+00:00
[2024-03-28T17:07:35.058+0000] {processor.py:183} INFO - Processing /home/airflow/.local/lib/python3.8/site-packages/airflow/example_dags/example_branch_operator_decorator.py took 6.152 seconds
[2024-03-28T17:08:19.221+0000] {processor.py:161} INFO - Started process (PID=193) to work on /home/airflow/.local/lib/python3.8/site-packages/airflow/example_dags/example_branch_operator_decorator.py
[2024-03-28T17:08:19.234+0000] {processor.py:830} INFO - Processing file /home/airflow/.local/lib/python3.8/site-packages/airflow/example_dags/example_branch_operator_decorator.py for tasks to queue
[2024-03-28T17:08:19.279+0000] {logging_mixin.py:188} INFO - [2024-03-28T17:08:19.271+0000] {dagbag.py:540} INFO - Filling up the DagBag from /home/airflow/.local/lib/python3.8/site-packages/airflow/example_dags/example_branch_operator_decorator.py
[2024-03-28T17:08:19.595+0000] {processor.py:840} INFO - DAG(s) 'example_branch_python_operator_decorator' retrieved from /home/airflow/.local/lib/python3.8/site-packages/airflow/example_dags/example_branch_operator_decorator.py
[2024-03-28T17:08:20.392+0000] {logging_mixin.py:188} INFO - [2024-03-28T17:08:20.391+0000] {dag.py:3047} INFO - Sync 1 DAGs
[2024-03-28T17:08:20.781+0000] {logging_mixin.py:188} INFO - [2024-03-28T17:08:20.780+0000] {dag.py:3834} INFO - Setting next_dagrun for example_branch_python_operator_decorator to 2024-03-27 00:00:00+00:00, run_after=2024-03-28 00:00:00+00:00
[2024-03-28T17:08:21.088+0000] {processor.py:183} INFO - Processing /home/airflow/.local/lib/python3.8/site-packages/airflow/example_dags/example_branch_operator_decorator.py took 1.964 seconds
[2024-03-28T17:09:11.351+0000] {processor.py:161} INFO - Started process (PID=248) to work on /home/airflow/.local/lib/python3.8/site-packages/airflow/example_dags/example_branch_operator_decorator.py
[2024-03-28T17:09:11.376+0000] {processor.py:830} INFO - Processing file /home/airflow/.local/lib/python3.8/site-packages/airflow/example_dags/example_branch_operator_decorator.py for tasks to queue
[2024-03-28T17:09:11.416+0000] {logging_mixin.py:188} INFO - [2024-03-28T17:09:11.416+0000] {dagbag.py:540} INFO - Filling up the DagBag from /home/airflow/.local/lib/python3.8/site-packages/airflow/example_dags/example_branch_operator_decorator.py
[2024-03-28T17:09:12.251+0000] {processor.py:840} INFO - DAG(s) 'example_branch_python_operator_decorator' retrieved from /home/airflow/.local/lib/python3.8/site-packages/airflow/example_dags/example_branch_operator_decorator.py
[2024-03-28T17:09:12.988+0000] {logging_mixin.py:188} INFO - [2024-03-28T17:09:12.976+0000] {dag.py:3047} INFO - Sync 1 DAGs
[2024-03-28T17:09:13.406+0000] {logging_mixin.py:188} INFO - [2024-03-28T17:09:13.405+0000] {dag.py:3834} INFO - Setting next_dagrun for example_branch_python_operator_decorator to 2024-03-27 00:00:00+00:00, run_after=2024-03-28 00:00:00+00:00
[2024-03-28T17:09:13.696+0000] {processor.py:183} INFO - Processing /home/airflow/.local/lib/python3.8/site-packages/airflow/example_dags/example_branch_operator_decorator.py took 2.414 seconds
[2024-03-28T17:10:56.995+0000] {processor.py:161} INFO - Started process (PID=329) to work on /home/airflow/.local/lib/python3.8/site-packages/airflow/example_dags/example_branch_operator_decorator.py
[2024-03-28T17:10:57.000+0000] {processor.py:830} INFO - Processing file /home/airflow/.local/lib/python3.8/site-packages/airflow/example_dags/example_branch_operator_decorator.py for tasks to queue
[2024-03-28T17:10:57.031+0000] {logging_mixin.py:188} INFO - [2024-03-28T17:10:57.020+0000] {dagbag.py:540} INFO - Filling up the DagBag from /home/airflow/.local/lib/python3.8/site-packages/airflow/example_dags/example_branch_operator_decorator.py
[2024-03-28T17:10:57.256+0000] {processor.py:840} INFO - DAG(s) 'example_branch_python_operator_decorator' retrieved from /home/airflow/.local/lib/python3.8/site-packages/airflow/example_dags/example_branch_operator_decorator.py
[2024-03-28T17:10:57.539+0000] {logging_mixin.py:188} INFO - [2024-03-28T17:10:57.538+0000] {dag.py:3047} INFO - Sync 1 DAGs
[2024-03-28T17:10:57.834+0000] {logging_mixin.py:188} INFO - [2024-03-28T17:10:57.833+0000] {dag.py:3834} INFO - Setting next_dagrun for example_branch_python_operator_decorator to 2024-03-27 00:00:00+00:00, run_after=2024-03-28 00:00:00+00:00
[2024-03-28T17:10:58.089+0000] {processor.py:183} INFO - Processing /home/airflow/.local/lib/python3.8/site-packages/airflow/example_dags/example_branch_operator_decorator.py took 1.144 seconds
[2024-03-28T17:11:53.155+0000] {processor.py:161} INFO - Started process (PID=392) to work on /home/airflow/.local/lib/python3.8/site-packages/airflow/example_dags/example_branch_operator_decorator.py
[2024-03-28T17:11:53.169+0000] {processor.py:830} INFO - Processing file /home/airflow/.local/lib/python3.8/site-packages/airflow/example_dags/example_branch_operator_decorator.py for tasks to queue
[2024-03-28T17:11:53.194+0000] {logging_mixin.py:188} INFO - [2024-03-28T17:11:53.193+0000] {dagbag.py:540} INFO - Filling up the DagBag from /home/airflow/.local/lib/python3.8/site-packages/airflow/example_dags/example_branch_operator_decorator.py
[2024-03-28T17:11:53.535+0000] {processor.py:840} INFO - DAG(s) 'example_branch_python_operator_decorator' retrieved from /home/airflow/.local/lib/python3.8/site-packages/airflow/example_dags/example_branch_operator_decorator.py
[2024-03-28T17:11:53.990+0000] {logging_mixin.py:188} INFO - [2024-03-28T17:11:53.989+0000] {dag.py:3047} INFO - Sync 1 DAGs
[2024-03-28T17:11:54.642+0000] {logging_mixin.py:188} INFO - [2024-03-28T17:11:54.641+0000] {dag.py:3834} INFO - Setting next_dagrun for example_branch_python_operator_decorator to 2024-03-27 00:00:00+00:00, run_after=2024-03-28 00:00:00+00:00
[2024-03-28T17:11:55.654+0000] {processor.py:183} INFO - Processing /home/airflow/.local/lib/python3.8/site-packages/airflow/example_dags/example_branch_operator_decorator.py took 2.535 seconds
[2024-03-28T17:12:36.568+0000] {processor.py:161} INFO - Started process (PID=446) to work on /home/airflow/.local/lib/python3.8/site-packages/airflow/example_dags/example_branch_operator_decorator.py
[2024-03-28T17:12:36.578+0000] {processor.py:830} INFO - Processing file /home/airflow/.local/lib/python3.8/site-packages/airflow/example_dags/example_branch_operator_decorator.py for tasks to queue
[2024-03-28T17:12:36.643+0000] {logging_mixin.py:188} INFO - [2024-03-28T17:12:36.643+0000] {dagbag.py:540} INFO - Filling up the DagBag from /home/airflow/.local/lib/python3.8/site-packages/airflow/example_dags/example_branch_operator_decorator.py
[2024-03-28T17:12:36.886+0000] {processor.py:840} INFO - DAG(s) 'example_branch_python_operator_decorator' retrieved from /home/airflow/.local/lib/python3.8/site-packages/airflow/example_dags/example_branch_operator_decorator.py
[2024-03-28T17:12:37.123+0000] {logging_mixin.py:188} INFO - [2024-03-28T17:12:37.122+0000] {dag.py:3047} INFO - Sync 1 DAGs
[2024-03-28T17:12:37.365+0000] {logging_mixin.py:188} INFO - [2024-03-28T17:12:37.364+0000] {dag.py:3834} INFO - Setting next_dagrun for example_branch_python_operator_decorator to 2024-03-27 00:00:00+00:00, run_after=2024-03-28 00:00:00+00:00
[2024-03-28T17:12:37.541+0000] {processor.py:183} INFO - Processing /home/airflow/.local/lib/python3.8/site-packages/airflow/example_dags/example_branch_operator_decorator.py took 1.003 seconds
[2024-03-28T17:13:08.043+0000] {processor.py:161} INFO - Started process (PID=502) to work on /home/airflow/.local/lib/python3.8/site-packages/airflow/example_dags/example_branch_operator_decorator.py
[2024-03-28T17:13:08.048+0000] {processor.py:830} INFO - Processing file /home/airflow/.local/lib/python3.8/site-packages/airflow/example_dags/example_branch_operator_decorator.py for tasks to queue
[2024-03-28T17:13:08.057+0000] {logging_mixin.py:188} INFO - [2024-03-28T17:13:08.056+0000] {dagbag.py:540} INFO - Filling up the DagBag from /home/airflow/.local/lib/python3.8/site-packages/airflow/example_dags/example_branch_operator_decorator.py
[2024-03-28T17:13:08.129+0000] {processor.py:840} INFO - DAG(s) 'example_branch_python_operator_decorator' retrieved from /home/airflow/.local/lib/python3.8/site-packages/airflow/example_dags/example_branch_operator_decorator.py
[2024-03-28T17:13:08.210+0000] {logging_mixin.py:188} INFO - [2024-03-28T17:13:08.210+0000] {dag.py:3047} INFO - Sync 1 DAGs
[2024-03-28T17:13:08.299+0000] {logging_mixin.py:188} INFO - [2024-03-28T17:13:08.299+0000] {dag.py:3834} INFO - Setting next_dagrun for example_branch_python_operator_decorator to 2024-03-27 00:00:00+00:00, run_after=2024-03-28 00:00:00+00:00
[2024-03-28T17:13:08.366+0000] {processor.py:183} INFO - Processing /home/airflow/.local/lib/python3.8/site-packages/airflow/example_dags/example_branch_operator_decorator.py took 0.335 seconds
[2024-03-28T17:13:40.366+0000] {processor.py:161} INFO - Started process (PID=557) to work on /home/airflow/.local/lib/python3.8/site-packages/airflow/example_dags/example_branch_operator_decorator.py
[2024-03-28T17:13:40.377+0000] {processor.py:830} INFO - Processing file /home/airflow/.local/lib/python3.8/site-packages/airflow/example_dags/example_branch_operator_decorator.py for tasks to queue
[2024-03-28T17:13:40.396+0000] {logging_mixin.py:188} INFO - [2024-03-28T17:13:40.391+0000] {dagbag.py:540} INFO - Filling up the DagBag from /home/airflow/.local/lib/python3.8/site-packages/airflow/example_dags/example_branch_operator_decorator.py
[2024-03-28T17:13:40.509+0000] {processor.py:840} INFO - DAG(s) 'example_branch_python_operator_decorator' retrieved from /home/airflow/.local/lib/python3.8/site-packages/airflow/example_dags/example_branch_operator_decorator.py
[2024-03-28T17:13:40.867+0000] {logging_mixin.py:188} INFO - [2024-03-28T17:13:40.866+0000] {dag.py:3047} INFO - Sync 1 DAGs
[2024-03-28T17:13:40.954+0000] {logging_mixin.py:188} INFO - [2024-03-28T17:13:40.954+0000] {dag.py:3834} INFO - Setting next_dagrun for example_branch_python_operator_decorator to 2024-03-27 00:00:00+00:00, run_after=2024-03-28 00:00:00+00:00
[2024-03-28T17:13:41.079+0000] {processor.py:183} INFO - Processing /home/airflow/.local/lib/python3.8/site-packages/airflow/example_dags/example_branch_operator_decorator.py took 0.743 seconds
[2024-03-28T17:14:19.553+0000] {processor.py:161} INFO - Started process (PID=606) to work on /home/airflow/.local/lib/python3.8/site-packages/airflow/example_dags/example_branch_operator_decorator.py
[2024-03-28T17:14:19.564+0000] {processor.py:830} INFO - Processing file /home/airflow/.local/lib/python3.8/site-packages/airflow/example_dags/example_branch_operator_decorator.py for tasks to queue
[2024-03-28T17:14:19.658+0000] {logging_mixin.py:188} INFO - [2024-03-28T17:14:19.617+0000] {dagbag.py:540} INFO - Filling up the DagBag from /home/airflow/.local/lib/python3.8/site-packages/airflow/example_dags/example_branch_operator_decorator.py
[2024-03-28T17:14:19.797+0000] {processor.py:840} INFO - DAG(s) 'example_branch_python_operator_decorator' retrieved from /home/airflow/.local/lib/python3.8/site-packages/airflow/example_dags/example_branch_operator_decorator.py
[2024-03-28T17:14:19.985+0000] {logging_mixin.py:188} INFO - [2024-03-28T17:14:19.983+0000] {dag.py:3047} INFO - Sync 1 DAGs
[2024-03-28T17:14:20.092+0000] {logging_mixin.py:188} INFO - [2024-03-28T17:14:20.091+0000] {dag.py:3834} INFO - Setting next_dagrun for example_branch_python_operator_decorator to 2024-03-27 00:00:00+00:00, run_after=2024-03-28 00:00:00+00:00
[2024-03-28T17:14:20.143+0000] {processor.py:183} INFO - Processing /home/airflow/.local/lib/python3.8/site-packages/airflow/example_dags/example_branch_operator_decorator.py took 0.630 seconds
[2024-03-28T17:14:52.156+0000] {processor.py:161} INFO - Started process (PID=660) to work on /home/airflow/.local/lib/python3.8/site-packages/airflow/example_dags/example_branch_operator_decorator.py
[2024-03-28T17:14:52.162+0000] {processor.py:830} INFO - Processing file /home/airflow/.local/lib/python3.8/site-packages/airflow/example_dags/example_branch_operator_decorator.py for tasks to queue
[2024-03-28T17:14:52.175+0000] {logging_mixin.py:188} INFO - [2024-03-28T17:14:52.174+0000] {dagbag.py:540} INFO - Filling up the DagBag from /home/airflow/.local/lib/python3.8/site-packages/airflow/example_dags/example_branch_operator_decorator.py
[2024-03-28T17:14:52.393+0000] {processor.py:840} INFO - DAG(s) 'example_branch_python_operator_decorator' retrieved from /home/airflow/.local/lib/python3.8/site-packages/airflow/example_dags/example_branch_operator_decorator.py
[2024-03-28T17:14:52.620+0000] {logging_mixin.py:188} INFO - [2024-03-28T17:14:52.619+0000] {dag.py:3047} INFO - Sync 1 DAGs
[2024-03-28T17:14:52.772+0000] {logging_mixin.py:188} INFO - [2024-03-28T17:14:52.772+0000] {dag.py:3834} INFO - Setting next_dagrun for example_branch_python_operator_decorator to 2024-03-27 00:00:00+00:00, run_after=2024-03-28 00:00:00+00:00
[2024-03-28T17:14:52.909+0000] {processor.py:183} INFO - Processing /home/airflow/.local/lib/python3.8/site-packages/airflow/example_dags/example_branch_operator_decorator.py took 0.765 seconds
[2024-03-28T17:15:31.638+0000] {processor.py:161} INFO - Started process (PID=716) to work on /home/airflow/.local/lib/python3.8/site-packages/airflow/example_dags/example_branch_operator_decorator.py
[2024-03-28T17:15:31.653+0000] {processor.py:830} INFO - Processing file /home/airflow/.local/lib/python3.8/site-packages/airflow/example_dags/example_branch_operator_decorator.py for tasks to queue
[2024-03-28T17:15:31.683+0000] {logging_mixin.py:188} INFO - [2024-03-28T17:15:31.682+0000] {dagbag.py:540} INFO - Filling up the DagBag from /home/airflow/.local/lib/python3.8/site-packages/airflow/example_dags/example_branch_operator_decorator.py
[2024-03-28T17:15:31.952+0000] {processor.py:840} INFO - DAG(s) 'example_branch_python_operator_decorator' retrieved from /home/airflow/.local/lib/python3.8/site-packages/airflow/example_dags/example_branch_operator_decorator.py
[2024-03-28T17:15:32.204+0000] {logging_mixin.py:188} INFO - [2024-03-28T17:15:32.204+0000] {dag.py:3047} INFO - Sync 1 DAGs
[2024-03-28T17:15:32.474+0000] {logging_mixin.py:188} INFO - [2024-03-28T17:15:32.474+0000] {dag.py:3834} INFO - Setting next_dagrun for example_branch_python_operator_decorator to 2024-03-27 00:00:00+00:00, run_after=2024-03-28 00:00:00+00:00
[2024-03-28T17:15:32.604+0000] {processor.py:183} INFO - Processing /home/airflow/.local/lib/python3.8/site-packages/airflow/example_dags/example_branch_operator_decorator.py took 0.989 seconds
[2024-03-28T17:16:03.176+0000] {processor.py:161} INFO - Started process (PID=771) to work on /home/airflow/.local/lib/python3.8/site-packages/airflow/example_dags/example_branch_operator_decorator.py
[2024-03-28T17:16:03.183+0000] {processor.py:830} INFO - Processing file /home/airflow/.local/lib/python3.8/site-packages/airflow/example_dags/example_branch_operator_decorator.py for tasks to queue
[2024-03-28T17:16:03.195+0000] {logging_mixin.py:188} INFO - [2024-03-28T17:16:03.194+0000] {dagbag.py:540} INFO - Filling up the DagBag from /home/airflow/.local/lib/python3.8/site-packages/airflow/example_dags/example_branch_operator_decorator.py
[2024-03-28T17:16:03.465+0000] {processor.py:840} INFO - DAG(s) 'example_branch_python_operator_decorator' retrieved from /home/airflow/.local/lib/python3.8/site-packages/airflow/example_dags/example_branch_operator_decorator.py
[2024-03-28T17:16:03.561+0000] {logging_mixin.py:188} INFO - [2024-03-28T17:16:03.561+0000] {dag.py:3047} INFO - Sync 1 DAGs
[2024-03-28T17:16:03.648+0000] {logging_mixin.py:188} INFO - [2024-03-28T17:16:03.648+0000] {dag.py:3834} INFO - Setting next_dagrun for example_branch_python_operator_decorator to 2024-03-27 00:00:00+00:00, run_after=2024-03-28 00:00:00+00:00
[2024-03-28T17:16:03.727+0000] {processor.py:183} INFO - Processing /home/airflow/.local/lib/python3.8/site-packages/airflow/example_dags/example_branch_operator_decorator.py took 0.558 seconds
[2024-03-28T17:16:38.097+0000] {processor.py:161} INFO - Started process (PID=826) to work on /home/airflow/.local/lib/python3.8/site-packages/airflow/example_dags/example_branch_operator_decorator.py
[2024-03-28T17:16:38.112+0000] {processor.py:830} INFO - Processing file /home/airflow/.local/lib/python3.8/site-packages/airflow/example_dags/example_branch_operator_decorator.py for tasks to queue
[2024-03-28T17:16:38.195+0000] {logging_mixin.py:188} INFO - [2024-03-28T17:16:38.190+0000] {dagbag.py:540} INFO - Filling up the DagBag from /home/airflow/.local/lib/python3.8/site-packages/airflow/example_dags/example_branch_operator_decorator.py
[2024-03-28T17:16:38.597+0000] {processor.py:840} INFO - DAG(s) 'example_branch_python_operator_decorator' retrieved from /home/airflow/.local/lib/python3.8/site-packages/airflow/example_dags/example_branch_operator_decorator.py
[2024-03-28T17:16:39.216+0000] {logging_mixin.py:188} INFO - [2024-03-28T17:16:39.215+0000] {dag.py:3047} INFO - Sync 1 DAGs
[2024-03-28T17:16:39.590+0000] {logging_mixin.py:188} INFO - [2024-03-28T17:16:39.590+0000] {dag.py:3834} INFO - Setting next_dagrun for example_branch_python_operator_decorator to 2024-03-27 00:00:00+00:00, run_after=2024-03-28 00:00:00+00:00
[2024-03-28T17:16:39.810+0000] {processor.py:183} INFO - Processing /home/airflow/.local/lib/python3.8/site-packages/airflow/example_dags/example_branch_operator_decorator.py took 1.774 seconds
[2024-03-28T17:17:11.317+0000] {processor.py:161} INFO - Started process (PID=881) to work on /home/airflow/.local/lib/python3.8/site-packages/airflow/example_dags/example_branch_operator_decorator.py
[2024-03-28T17:17:11.341+0000] {processor.py:830} INFO - Processing file /home/airflow/.local/lib/python3.8/site-packages/airflow/example_dags/example_branch_operator_decorator.py for tasks to queue
[2024-03-28T17:17:11.395+0000] {logging_mixin.py:188} INFO - [2024-03-28T17:17:11.382+0000] {dagbag.py:540} INFO - Filling up the DagBag from /home/airflow/.local/lib/python3.8/site-packages/airflow/example_dags/example_branch_operator_decorator.py
[2024-03-28T17:17:11.695+0000] {processor.py:840} INFO - DAG(s) 'example_branch_python_operator_decorator' retrieved from /home/airflow/.local/lib/python3.8/site-packages/airflow/example_dags/example_branch_operator_decorator.py
[2024-03-28T17:17:12.223+0000] {logging_mixin.py:188} INFO - [2024-03-28T17:17:12.213+0000] {dag.py:3047} INFO - Sync 1 DAGs
[2024-03-28T17:17:12.564+0000] {logging_mixin.py:188} INFO - [2024-03-28T17:17:12.564+0000] {dag.py:3834} INFO - Setting next_dagrun for example_branch_python_operator_decorator to 2024-03-27 00:00:00+00:00, run_after=2024-03-28 00:00:00+00:00
[2024-03-28T17:17:12.737+0000] {processor.py:183} INFO - Processing /home/airflow/.local/lib/python3.8/site-packages/airflow/example_dags/example_branch_operator_decorator.py took 1.451 seconds
[2024-03-28T17:18:19.431+0000] {processor.py:161} INFO - Started process (PID=949) to work on /home/airflow/.local/lib/python3.8/site-packages/airflow/example_dags/example_branch_operator_decorator.py
[2024-03-28T17:18:19.449+0000] {processor.py:830} INFO - Processing file /home/airflow/.local/lib/python3.8/site-packages/airflow/example_dags/example_branch_operator_decorator.py for tasks to queue
[2024-03-28T17:18:19.480+0000] {logging_mixin.py:188} INFO - [2024-03-28T17:18:19.479+0000] {dagbag.py:540} INFO - Filling up the DagBag from /home/airflow/.local/lib/python3.8/site-packages/airflow/example_dags/example_branch_operator_decorator.py
[2024-03-28T17:18:19.893+0000] {processor.py:840} INFO - DAG(s) 'example_branch_python_operator_decorator' retrieved from /home/airflow/.local/lib/python3.8/site-packages/airflow/example_dags/example_branch_operator_decorator.py
[2024-03-28T17:18:20.291+0000] {logging_mixin.py:188} INFO - [2024-03-28T17:18:20.290+0000] {dag.py:3047} INFO - Sync 1 DAGs
[2024-03-28T17:18:20.682+0000] {logging_mixin.py:188} INFO - [2024-03-28T17:18:20.674+0000] {dag.py:3834} INFO - Setting next_dagrun for example_branch_python_operator_decorator to 2024-03-27 00:00:00+00:00, run_after=2024-03-28 00:00:00+00:00
[2024-03-28T17:18:21.215+0000] {processor.py:183} INFO - Processing /home/airflow/.local/lib/python3.8/site-packages/airflow/example_dags/example_branch_operator_decorator.py took 1.823 seconds
[2024-03-28T17:18:56.118+0000] {processor.py:161} INFO - Started process (PID=997) to work on /home/airflow/.local/lib/python3.8/site-packages/airflow/example_dags/example_branch_operator_decorator.py
[2024-03-28T17:18:56.123+0000] {processor.py:830} INFO - Processing file /home/airflow/.local/lib/python3.8/site-packages/airflow/example_dags/example_branch_operator_decorator.py for tasks to queue
[2024-03-28T17:18:56.134+0000] {logging_mixin.py:188} INFO - [2024-03-28T17:18:56.132+0000] {dagbag.py:540} INFO - Filling up the DagBag from /home/airflow/.local/lib/python3.8/site-packages/airflow/example_dags/example_branch_operator_decorator.py
[2024-03-28T17:18:56.200+0000] {processor.py:840} INFO - DAG(s) 'example_branch_python_operator_decorator' retrieved from /home/airflow/.local/lib/python3.8/site-packages/airflow/example_dags/example_branch_operator_decorator.py
[2024-03-28T17:18:56.361+0000] {logging_mixin.py:188} INFO - [2024-03-28T17:18:56.361+0000] {dag.py:3047} INFO - Sync 1 DAGs
[2024-03-28T17:18:56.461+0000] {logging_mixin.py:188} INFO - [2024-03-28T17:18:56.460+0000] {dag.py:3834} INFO - Setting next_dagrun for example_branch_python_operator_decorator to 2024-03-27 00:00:00+00:00, run_after=2024-03-28 00:00:00+00:00
[2024-03-28T17:18:56.524+0000] {processor.py:183} INFO - Processing /home/airflow/.local/lib/python3.8/site-packages/airflow/example_dags/example_branch_operator_decorator.py took 0.415 seconds
[2024-03-28T17:19:28.553+0000] {processor.py:161} INFO - Started process (PID=1052) to work on /home/airflow/.local/lib/python3.8/site-packages/airflow/example_dags/example_branch_operator_decorator.py
[2024-03-28T17:19:28.558+0000] {processor.py:830} INFO - Processing file /home/airflow/.local/lib/python3.8/site-packages/airflow/example_dags/example_branch_operator_decorator.py for tasks to queue
[2024-03-28T17:19:28.572+0000] {logging_mixin.py:188} INFO - [2024-03-28T17:19:28.571+0000] {dagbag.py:540} INFO - Filling up the DagBag from /home/airflow/.local/lib/python3.8/site-packages/airflow/example_dags/example_branch_operator_decorator.py
[2024-03-28T17:19:28.668+0000] {processor.py:840} INFO - DAG(s) 'example_branch_python_operator_decorator' retrieved from /home/airflow/.local/lib/python3.8/site-packages/airflow/example_dags/example_branch_operator_decorator.py
[2024-03-28T17:19:28.790+0000] {logging_mixin.py:188} INFO - [2024-03-28T17:19:28.789+0000] {dag.py:3047} INFO - Sync 1 DAGs
[2024-03-28T17:19:28.920+0000] {logging_mixin.py:188} INFO - [2024-03-28T17:19:28.920+0000] {dag.py:3834} INFO - Setting next_dagrun for example_branch_python_operator_decorator to 2024-03-27 00:00:00+00:00, run_after=2024-03-28 00:00:00+00:00
[2024-03-28T17:19:28.979+0000] {processor.py:183} INFO - Processing /home/airflow/.local/lib/python3.8/site-packages/airflow/example_dags/example_branch_operator_decorator.py took 0.433 seconds
[2024-03-28T17:20:05.422+0000] {processor.py:161} INFO - Started process (PID=1113) to work on /home/airflow/.local/lib/python3.8/site-packages/airflow/example_dags/example_branch_operator_decorator.py
[2024-03-28T17:20:05.426+0000] {processor.py:830} INFO - Processing file /home/airflow/.local/lib/python3.8/site-packages/airflow/example_dags/example_branch_operator_decorator.py for tasks to queue
[2024-03-28T17:20:05.453+0000] {logging_mixin.py:188} INFO - [2024-03-28T17:20:05.448+0000] {dagbag.py:540} INFO - Filling up the DagBag from /home/airflow/.local/lib/python3.8/site-packages/airflow/example_dags/example_branch_operator_decorator.py
[2024-03-28T17:20:05.588+0000] {processor.py:840} INFO - DAG(s) 'example_branch_python_operator_decorator' retrieved from /home/airflow/.local/lib/python3.8/site-packages/airflow/example_dags/example_branch_operator_decorator.py
[2024-03-28T17:20:05.721+0000] {logging_mixin.py:188} INFO - [2024-03-28T17:20:05.721+0000] {dag.py:3047} INFO - Sync 1 DAGs
[2024-03-28T17:20:05.882+0000] {logging_mixin.py:188} INFO - [2024-03-28T17:20:05.881+0000] {dag.py:3834} INFO - Setting next_dagrun for example_branch_python_operator_decorator to 2024-03-27 00:00:00+00:00, run_after=2024-03-28 00:00:00+00:00
[2024-03-28T17:20:05.976+0000] {processor.py:183} INFO - Processing /home/airflow/.local/lib/python3.8/site-packages/airflow/example_dags/example_branch_operator_decorator.py took 0.629 seconds
[2024-03-28T17:20:37.398+0000] {processor.py:161} INFO - Started process (PID=1167) to work on /home/airflow/.local/lib/python3.8/site-packages/airflow/example_dags/example_branch_operator_decorator.py
[2024-03-28T17:20:37.414+0000] {processor.py:830} INFO - Processing file /home/airflow/.local/lib/python3.8/site-packages/airflow/example_dags/example_branch_operator_decorator.py for tasks to queue
[2024-03-28T17:20:37.431+0000] {logging_mixin.py:188} INFO - [2024-03-28T17:20:37.430+0000] {dagbag.py:540} INFO - Filling up the DagBag from /home/airflow/.local/lib/python3.8/site-packages/airflow/example_dags/example_branch_operator_decorator.py
[2024-03-28T17:20:37.613+0000] {processor.py:840} INFO - DAG(s) 'example_branch_python_operator_decorator' retrieved from /home/airflow/.local/lib/python3.8/site-packages/airflow/example_dags/example_branch_operator_decorator.py
[2024-03-28T17:20:37.944+0000] {logging_mixin.py:188} INFO - [2024-03-28T17:20:37.943+0000] {dag.py:3047} INFO - Sync 1 DAGs
[2024-03-28T17:20:38.151+0000] {logging_mixin.py:188} INFO - [2024-03-28T17:20:38.150+0000] {dag.py:3834} INFO - Setting next_dagrun for example_branch_python_operator_decorator to 2024-03-27 00:00:00+00:00, run_after=2024-03-28 00:00:00+00:00
[2024-03-28T17:20:38.447+0000] {processor.py:183} INFO - Processing /home/airflow/.local/lib/python3.8/site-packages/airflow/example_dags/example_branch_operator_decorator.py took 1.093 seconds
[2024-03-28T17:21:08.711+0000] {processor.py:161} INFO - Started process (PID=1222) to work on /home/airflow/.local/lib/python3.8/site-packages/airflow/example_dags/example_branch_operator_decorator.py
[2024-03-28T17:21:08.718+0000] {processor.py:830} INFO - Processing file /home/airflow/.local/lib/python3.8/site-packages/airflow/example_dags/example_branch_operator_decorator.py for tasks to queue
[2024-03-28T17:21:08.724+0000] {logging_mixin.py:188} INFO - [2024-03-28T17:21:08.723+0000] {dagbag.py:540} INFO - Filling up the DagBag from /home/airflow/.local/lib/python3.8/site-packages/airflow/example_dags/example_branch_operator_decorator.py
[2024-03-28T17:21:08.774+0000] {processor.py:840} INFO - DAG(s) 'example_branch_python_operator_decorator' retrieved from /home/airflow/.local/lib/python3.8/site-packages/airflow/example_dags/example_branch_operator_decorator.py
[2024-03-28T17:21:08.858+0000] {logging_mixin.py:188} INFO - [2024-03-28T17:21:08.857+0000] {dag.py:3047} INFO - Sync 1 DAGs
[2024-03-28T17:21:09.002+0000] {logging_mixin.py:188} INFO - [2024-03-28T17:21:09.002+0000] {dag.py:3834} INFO - Setting next_dagrun for example_branch_python_operator_decorator to 2024-03-27 00:00:00+00:00, run_after=2024-03-28 00:00:00+00:00
[2024-03-28T17:21:09.144+0000] {processor.py:183} INFO - Processing /home/airflow/.local/lib/python3.8/site-packages/airflow/example_dags/example_branch_operator_decorator.py took 0.443 seconds
[2024-03-28T17:21:39.297+0000] {processor.py:161} INFO - Started process (PID=1277) to work on /home/airflow/.local/lib/python3.8/site-packages/airflow/example_dags/example_branch_operator_decorator.py
[2024-03-28T17:21:39.303+0000] {processor.py:830} INFO - Processing file /home/airflow/.local/lib/python3.8/site-packages/airflow/example_dags/example_branch_operator_decorator.py for tasks to queue
[2024-03-28T17:21:39.317+0000] {logging_mixin.py:188} INFO - [2024-03-28T17:21:39.317+0000] {dagbag.py:540} INFO - Filling up the DagBag from /home/airflow/.local/lib/python3.8/site-packages/airflow/example_dags/example_branch_operator_decorator.py
[2024-03-28T17:21:39.392+0000] {processor.py:840} INFO - DAG(s) 'example_branch_python_operator_decorator' retrieved from /home/airflow/.local/lib/python3.8/site-packages/airflow/example_dags/example_branch_operator_decorator.py
[2024-03-28T17:21:39.471+0000] {logging_mixin.py:188} INFO - [2024-03-28T17:21:39.471+0000] {dag.py:3047} INFO - Sync 1 DAGs
[2024-03-28T17:21:39.535+0000] {logging_mixin.py:188} INFO - [2024-03-28T17:21:39.534+0000] {dag.py:3834} INFO - Setting next_dagrun for example_branch_python_operator_decorator to 2024-03-27 00:00:00+00:00, run_after=2024-03-28 00:00:00+00:00
[2024-03-28T17:21:39.598+0000] {processor.py:183} INFO - Processing /home/airflow/.local/lib/python3.8/site-packages/airflow/example_dags/example_branch_operator_decorator.py took 0.338 seconds
[2024-03-28T17:22:10.433+0000] {processor.py:161} INFO - Started process (PID=1333) to work on /home/airflow/.local/lib/python3.8/site-packages/airflow/example_dags/example_branch_operator_decorator.py
[2024-03-28T17:22:10.440+0000] {processor.py:830} INFO - Processing file /home/airflow/.local/lib/python3.8/site-packages/airflow/example_dags/example_branch_operator_decorator.py for tasks to queue
[2024-03-28T17:22:10.450+0000] {logging_mixin.py:188} INFO - [2024-03-28T17:22:10.448+0000] {dagbag.py:540} INFO - Filling up the DagBag from /home/airflow/.local/lib/python3.8/site-packages/airflow/example_dags/example_branch_operator_decorator.py
[2024-03-28T17:22:10.535+0000] {processor.py:840} INFO - DAG(s) 'example_branch_python_operator_decorator' retrieved from /home/airflow/.local/lib/python3.8/site-packages/airflow/example_dags/example_branch_operator_decorator.py
[2024-03-28T17:22:10.631+0000] {logging_mixin.py:188} INFO - [2024-03-28T17:22:10.630+0000] {dag.py:3047} INFO - Sync 1 DAGs
[2024-03-28T17:22:10.716+0000] {logging_mixin.py:188} INFO - [2024-03-28T17:22:10.715+0000] {dag.py:3834} INFO - Setting next_dagrun for example_branch_python_operator_decorator to 2024-03-27 00:00:00+00:00, run_after=2024-03-28 00:00:00+00:00
[2024-03-28T17:22:10.767+0000] {processor.py:183} INFO - Processing /home/airflow/.local/lib/python3.8/site-packages/airflow/example_dags/example_branch_operator_decorator.py took 0.353 seconds
[2024-03-28T17:23:01.938+0000] {processor.py:161} INFO - Started process (PID=1398) to work on /home/airflow/.local/lib/python3.8/site-packages/airflow/example_dags/example_branch_operator_decorator.py
[2024-03-28T17:23:01.956+0000] {processor.py:830} INFO - Processing file /home/airflow/.local/lib/python3.8/site-packages/airflow/example_dags/example_branch_operator_decorator.py for tasks to queue
[2024-03-28T17:23:01.979+0000] {logging_mixin.py:188} INFO - [2024-03-28T17:23:01.976+0000] {dagbag.py:540} INFO - Filling up the DagBag from /home/airflow/.local/lib/python3.8/site-packages/airflow/example_dags/example_branch_operator_decorator.py
[2024-03-28T17:23:02.073+0000] {processor.py:840} INFO - DAG(s) 'example_branch_python_operator_decorator' retrieved from /home/airflow/.local/lib/python3.8/site-packages/airflow/example_dags/example_branch_operator_decorator.py
[2024-03-28T17:23:02.185+0000] {logging_mixin.py:188} INFO - [2024-03-28T17:23:02.185+0000] {dag.py:3047} INFO - Sync 1 DAGs
[2024-03-28T17:23:02.302+0000] {logging_mixin.py:188} INFO - [2024-03-28T17:23:02.300+0000] {dag.py:3834} INFO - Setting next_dagrun for example_branch_python_operator_decorator to 2024-03-27 00:00:00+00:00, run_after=2024-03-28 00:00:00+00:00
[2024-03-28T17:23:02.357+0000] {processor.py:183} INFO - Processing /home/airflow/.local/lib/python3.8/site-packages/airflow/example_dags/example_branch_operator_decorator.py took 0.455 seconds
[2024-03-28T17:23:32.883+0000] {processor.py:161} INFO - Started process (PID=1453) to work on /home/airflow/.local/lib/python3.8/site-packages/airflow/example_dags/example_branch_operator_decorator.py
[2024-03-28T17:23:32.888+0000] {processor.py:830} INFO - Processing file /home/airflow/.local/lib/python3.8/site-packages/airflow/example_dags/example_branch_operator_decorator.py for tasks to queue
[2024-03-28T17:23:32.898+0000] {logging_mixin.py:188} INFO - [2024-03-28T17:23:32.897+0000] {dagbag.py:540} INFO - Filling up the DagBag from /home/airflow/.local/lib/python3.8/site-packages/airflow/example_dags/example_branch_operator_decorator.py
[2024-03-28T17:23:33.029+0000] {processor.py:840} INFO - DAG(s) 'example_branch_python_operator_decorator' retrieved from /home/airflow/.local/lib/python3.8/site-packages/airflow/example_dags/example_branch_operator_decorator.py
[2024-03-28T17:23:33.175+0000] {logging_mixin.py:188} INFO - [2024-03-28T17:23:33.174+0000] {dag.py:3047} INFO - Sync 1 DAGs
[2024-03-28T17:23:33.443+0000] {logging_mixin.py:188} INFO - [2024-03-28T17:23:33.442+0000] {dag.py:3834} INFO - Setting next_dagrun for example_branch_python_operator_decorator to 2024-03-27 00:00:00+00:00, run_after=2024-03-28 00:00:00+00:00
[2024-03-28T17:23:33.521+0000] {processor.py:183} INFO - Processing /home/airflow/.local/lib/python3.8/site-packages/airflow/example_dags/example_branch_operator_decorator.py took 0.661 seconds
[2024-03-28T17:24:10.317+0000] {processor.py:161} INFO - Started process (PID=1517) to work on /home/airflow/.local/lib/python3.8/site-packages/airflow/example_dags/example_branch_operator_decorator.py
[2024-03-28T17:24:10.325+0000] {processor.py:830} INFO - Processing file /home/airflow/.local/lib/python3.8/site-packages/airflow/example_dags/example_branch_operator_decorator.py for tasks to queue
[2024-03-28T17:24:10.346+0000] {logging_mixin.py:188} INFO - [2024-03-28T17:24:10.342+0000] {dagbag.py:540} INFO - Filling up the DagBag from /home/airflow/.local/lib/python3.8/site-packages/airflow/example_dags/example_branch_operator_decorator.py
[2024-03-28T17:24:10.461+0000] {processor.py:840} INFO - DAG(s) 'example_branch_python_operator_decorator' retrieved from /home/airflow/.local/lib/python3.8/site-packages/airflow/example_dags/example_branch_operator_decorator.py
[2024-03-28T17:24:10.647+0000] {logging_mixin.py:188} INFO - [2024-03-28T17:24:10.645+0000] {dag.py:3047} INFO - Sync 1 DAGs
[2024-03-28T17:24:10.745+0000] {logging_mixin.py:188} INFO - [2024-03-28T17:24:10.744+0000] {dag.py:3834} INFO - Setting next_dagrun for example_branch_python_operator_decorator to 2024-03-27 00:00:00+00:00, run_after=2024-03-28 00:00:00+00:00
[2024-03-28T17:24:10.881+0000] {processor.py:183} INFO - Processing /home/airflow/.local/lib/python3.8/site-packages/airflow/example_dags/example_branch_operator_decorator.py took 0.590 seconds
[2024-03-28T17:24:47.374+0000] {processor.py:161} INFO - Started process (PID=1570) to work on /home/airflow/.local/lib/python3.8/site-packages/airflow/example_dags/example_branch_operator_decorator.py
[2024-03-28T17:24:47.397+0000] {processor.py:830} INFO - Processing file /home/airflow/.local/lib/python3.8/site-packages/airflow/example_dags/example_branch_operator_decorator.py for tasks to queue
[2024-03-28T17:24:47.423+0000] {logging_mixin.py:188} INFO - [2024-03-28T17:24:47.422+0000] {dagbag.py:540} INFO - Filling up the DagBag from /home/airflow/.local/lib/python3.8/site-packages/airflow/example_dags/example_branch_operator_decorator.py
[2024-03-28T17:24:47.581+0000] {processor.py:840} INFO - DAG(s) 'example_branch_python_operator_decorator' retrieved from /home/airflow/.local/lib/python3.8/site-packages/airflow/example_dags/example_branch_operator_decorator.py
[2024-03-28T17:24:47.684+0000] {logging_mixin.py:188} INFO - [2024-03-28T17:24:47.683+0000] {dag.py:3047} INFO - Sync 1 DAGs
[2024-03-28T17:24:47.791+0000] {logging_mixin.py:188} INFO - [2024-03-28T17:24:47.790+0000] {dag.py:3834} INFO - Setting next_dagrun for example_branch_python_operator_decorator to 2024-03-27 00:00:00+00:00, run_after=2024-03-28 00:00:00+00:00
[2024-03-28T17:24:47.857+0000] {processor.py:183} INFO - Processing /home/airflow/.local/lib/python3.8/site-packages/airflow/example_dags/example_branch_operator_decorator.py took 0.554 seconds
[2024-03-28T17:25:21.062+0000] {processor.py:161} INFO - Started process (PID=1625) to work on /home/airflow/.local/lib/python3.8/site-packages/airflow/example_dags/example_branch_operator_decorator.py
[2024-03-28T17:25:21.098+0000] {processor.py:830} INFO - Processing file /home/airflow/.local/lib/python3.8/site-packages/airflow/example_dags/example_branch_operator_decorator.py for tasks to queue
[2024-03-28T17:25:21.134+0000] {logging_mixin.py:188} INFO - [2024-03-28T17:25:21.133+0000] {dagbag.py:540} INFO - Filling up the DagBag from /home/airflow/.local/lib/python3.8/site-packages/airflow/example_dags/example_branch_operator_decorator.py
[2024-03-28T17:25:21.443+0000] {processor.py:840} INFO - DAG(s) 'example_branch_python_operator_decorator' retrieved from /home/airflow/.local/lib/python3.8/site-packages/airflow/example_dags/example_branch_operator_decorator.py
[2024-03-28T17:25:21.685+0000] {logging_mixin.py:188} INFO - [2024-03-28T17:25:21.684+0000] {dag.py:3047} INFO - Sync 1 DAGs
[2024-03-28T17:25:21.847+0000] {logging_mixin.py:188} INFO - [2024-03-28T17:25:21.846+0000] {dag.py:3834} INFO - Setting next_dagrun for example_branch_python_operator_decorator to 2024-03-27 00:00:00+00:00, run_after=2024-03-28 00:00:00+00:00
[2024-03-28T17:25:21.911+0000] {processor.py:183} INFO - Processing /home/airflow/.local/lib/python3.8/site-packages/airflow/example_dags/example_branch_operator_decorator.py took 0.884 seconds
[2024-03-28T17:25:52.238+0000] {processor.py:161} INFO - Started process (PID=1680) to work on /home/airflow/.local/lib/python3.8/site-packages/airflow/example_dags/example_branch_operator_decorator.py
[2024-03-28T17:25:52.242+0000] {processor.py:830} INFO - Processing file /home/airflow/.local/lib/python3.8/site-packages/airflow/example_dags/example_branch_operator_decorator.py for tasks to queue
[2024-03-28T17:25:52.255+0000] {logging_mixin.py:188} INFO - [2024-03-28T17:25:52.254+0000] {dagbag.py:540} INFO - Filling up the DagBag from /home/airflow/.local/lib/python3.8/site-packages/airflow/example_dags/example_branch_operator_decorator.py
[2024-03-28T17:25:52.370+0000] {processor.py:840} INFO - DAG(s) 'example_branch_python_operator_decorator' retrieved from /home/airflow/.local/lib/python3.8/site-packages/airflow/example_dags/example_branch_operator_decorator.py
[2024-03-28T17:25:52.568+0000] {logging_mixin.py:188} INFO - [2024-03-28T17:25:52.568+0000] {dag.py:3047} INFO - Sync 1 DAGs
[2024-03-28T17:25:52.727+0000] {logging_mixin.py:188} INFO - [2024-03-28T17:25:52.726+0000] {dag.py:3834} INFO - Setting next_dagrun for example_branch_python_operator_decorator to 2024-03-27 00:00:00+00:00, run_after=2024-03-28 00:00:00+00:00
[2024-03-28T17:25:52.912+0000] {processor.py:183} INFO - Processing /home/airflow/.local/lib/python3.8/site-packages/airflow/example_dags/example_branch_operator_decorator.py took 0.692 seconds
[2024-03-28T17:26:23.789+0000] {processor.py:161} INFO - Started process (PID=1735) to work on /home/airflow/.local/lib/python3.8/site-packages/airflow/example_dags/example_branch_operator_decorator.py
[2024-03-28T17:26:23.793+0000] {processor.py:830} INFO - Processing file /home/airflow/.local/lib/python3.8/site-packages/airflow/example_dags/example_branch_operator_decorator.py for tasks to queue
[2024-03-28T17:26:23.802+0000] {logging_mixin.py:188} INFO - [2024-03-28T17:26:23.801+0000] {dagbag.py:540} INFO - Filling up the DagBag from /home/airflow/.local/lib/python3.8/site-packages/airflow/example_dags/example_branch_operator_decorator.py
[2024-03-28T17:26:23.902+0000] {processor.py:840} INFO - DAG(s) 'example_branch_python_operator_decorator' retrieved from /home/airflow/.local/lib/python3.8/site-packages/airflow/example_dags/example_branch_operator_decorator.py
[2024-03-28T17:26:24.037+0000] {logging_mixin.py:188} INFO - [2024-03-28T17:26:24.036+0000] {dag.py:3047} INFO - Sync 1 DAGs
[2024-03-28T17:26:24.115+0000] {logging_mixin.py:188} INFO - [2024-03-28T17:26:24.115+0000] {dag.py:3834} INFO - Setting next_dagrun for example_branch_python_operator_decorator to 2024-03-27 00:00:00+00:00, run_after=2024-03-28 00:00:00+00:00
[2024-03-28T17:26:24.182+0000] {processor.py:183} INFO - Processing /home/airflow/.local/lib/python3.8/site-packages/airflow/example_dags/example_branch_operator_decorator.py took 0.405 seconds
[2024-03-28T17:26:54.745+0000] {processor.py:161} INFO - Started process (PID=1790) to work on /home/airflow/.local/lib/python3.8/site-packages/airflow/example_dags/example_branch_operator_decorator.py
[2024-03-28T17:26:54.751+0000] {processor.py:830} INFO - Processing file /home/airflow/.local/lib/python3.8/site-packages/airflow/example_dags/example_branch_operator_decorator.py for tasks to queue
[2024-03-28T17:26:54.766+0000] {logging_mixin.py:188} INFO - [2024-03-28T17:26:54.764+0000] {dagbag.py:540} INFO - Filling up the DagBag from /home/airflow/.local/lib/python3.8/site-packages/airflow/example_dags/example_branch_operator_decorator.py
[2024-03-28T17:26:54.841+0000] {processor.py:840} INFO - DAG(s) 'example_branch_python_operator_decorator' retrieved from /home/airflow/.local/lib/python3.8/site-packages/airflow/example_dags/example_branch_operator_decorator.py
[2024-03-28T17:26:54.911+0000] {logging_mixin.py:188} INFO - [2024-03-28T17:26:54.911+0000] {dag.py:3047} INFO - Sync 1 DAGs
[2024-03-28T17:26:54.975+0000] {logging_mixin.py:188} INFO - [2024-03-28T17:26:54.975+0000] {dag.py:3834} INFO - Setting next_dagrun for example_branch_python_operator_decorator to 2024-03-27 00:00:00+00:00, run_after=2024-03-28 00:00:00+00:00
[2024-03-28T17:26:55.029+0000] {processor.py:183} INFO - Processing /home/airflow/.local/lib/python3.8/site-packages/airflow/example_dags/example_branch_operator_decorator.py took 0.290 seconds
[2024-03-28T17:27:32.949+0000] {processor.py:161} INFO - Started process (PID=1839) to work on /home/airflow/.local/lib/python3.8/site-packages/airflow/example_dags/example_branch_operator_decorator.py
[2024-03-28T17:27:32.969+0000] {processor.py:830} INFO - Processing file /home/airflow/.local/lib/python3.8/site-packages/airflow/example_dags/example_branch_operator_decorator.py for tasks to queue
[2024-03-28T17:27:32.990+0000] {logging_mixin.py:188} INFO - [2024-03-28T17:27:32.989+0000] {dagbag.py:540} INFO - Filling up the DagBag from /home/airflow/.local/lib/python3.8/site-packages/airflow/example_dags/example_branch_operator_decorator.py
[2024-03-28T17:27:33.077+0000] {processor.py:840} INFO - DAG(s) 'example_branch_python_operator_decorator' retrieved from /home/airflow/.local/lib/python3.8/site-packages/airflow/example_dags/example_branch_operator_decorator.py
[2024-03-28T17:27:33.159+0000] {logging_mixin.py:188} INFO - [2024-03-28T17:27:33.158+0000] {dag.py:3047} INFO - Sync 1 DAGs
[2024-03-28T17:27:33.262+0000] {logging_mixin.py:188} INFO - [2024-03-28T17:27:33.261+0000] {dag.py:3834} INFO - Setting next_dagrun for example_branch_python_operator_decorator to 2024-03-27 00:00:00+00:00, run_after=2024-03-28 00:00:00+00:00
[2024-03-28T17:27:33.327+0000] {processor.py:183} INFO - Processing /home/airflow/.local/lib/python3.8/site-packages/airflow/example_dags/example_branch_operator_decorator.py took 0.442 seconds
[2024-03-28T17:28:04.987+0000] {processor.py:161} INFO - Started process (PID=1894) to work on /home/airflow/.local/lib/python3.8/site-packages/airflow/example_dags/example_branch_operator_decorator.py
[2024-03-28T17:28:04.996+0000] {processor.py:830} INFO - Processing file /home/airflow/.local/lib/python3.8/site-packages/airflow/example_dags/example_branch_operator_decorator.py for tasks to queue
[2024-03-28T17:28:05.003+0000] {logging_mixin.py:188} INFO - [2024-03-28T17:28:05.002+0000] {dagbag.py:540} INFO - Filling up the DagBag from /home/airflow/.local/lib/python3.8/site-packages/airflow/example_dags/example_branch_operator_decorator.py
[2024-03-28T17:28:05.102+0000] {processor.py:840} INFO - DAG(s) 'example_branch_python_operator_decorator' retrieved from /home/airflow/.local/lib/python3.8/site-packages/airflow/example_dags/example_branch_operator_decorator.py
[2024-03-28T17:28:05.218+0000] {logging_mixin.py:188} INFO - [2024-03-28T17:28:05.215+0000] {dag.py:3047} INFO - Sync 1 DAGs
[2024-03-28T17:28:05.294+0000] {logging_mixin.py:188} INFO - [2024-03-28T17:28:05.294+0000] {dag.py:3834} INFO - Setting next_dagrun for example_branch_python_operator_decorator to 2024-03-27 00:00:00+00:00, run_after=2024-03-28 00:00:00+00:00
[2024-03-28T17:28:05.354+0000] {processor.py:183} INFO - Processing /home/airflow/.local/lib/python3.8/site-packages/airflow/example_dags/example_branch_operator_decorator.py took 0.377 seconds
[2024-03-28T17:28:39.759+0000] {processor.py:161} INFO - Started process (PID=1950) to work on /home/airflow/.local/lib/python3.8/site-packages/airflow/example_dags/example_branch_operator_decorator.py
[2024-03-28T17:28:39.770+0000] {processor.py:830} INFO - Processing file /home/airflow/.local/lib/python3.8/site-packages/airflow/example_dags/example_branch_operator_decorator.py for tasks to queue
[2024-03-28T17:28:39.810+0000] {logging_mixin.py:188} INFO - [2024-03-28T17:28:39.809+0000] {dagbag.py:540} INFO - Filling up the DagBag from /home/airflow/.local/lib/python3.8/site-packages/airflow/example_dags/example_branch_operator_decorator.py
[2024-03-28T17:28:40.113+0000] {processor.py:840} INFO - DAG(s) 'example_branch_python_operator_decorator' retrieved from /home/airflow/.local/lib/python3.8/site-packages/airflow/example_dags/example_branch_operator_decorator.py
[2024-03-28T17:28:40.465+0000] {logging_mixin.py:188} INFO - [2024-03-28T17:28:40.452+0000] {dag.py:3047} INFO - Sync 1 DAGs
[2024-03-28T17:28:40.760+0000] {logging_mixin.py:188} INFO - [2024-03-28T17:28:40.759+0000] {dag.py:3834} INFO - Setting next_dagrun for example_branch_python_operator_decorator to 2024-03-27 00:00:00+00:00, run_after=2024-03-28 00:00:00+00:00
[2024-03-28T17:28:40.988+0000] {processor.py:183} INFO - Processing /home/airflow/.local/lib/python3.8/site-packages/airflow/example_dags/example_branch_operator_decorator.py took 1.261 seconds
[2024-03-28T17:29:11.392+0000] {processor.py:161} INFO - Started process (PID=2005) to work on /home/airflow/.local/lib/python3.8/site-packages/airflow/example_dags/example_branch_operator_decorator.py
[2024-03-28T17:29:11.396+0000] {processor.py:830} INFO - Processing file /home/airflow/.local/lib/python3.8/site-packages/airflow/example_dags/example_branch_operator_decorator.py for tasks to queue
[2024-03-28T17:29:11.410+0000] {logging_mixin.py:188} INFO - [2024-03-28T17:29:11.409+0000] {dagbag.py:540} INFO - Filling up the DagBag from /home/airflow/.local/lib/python3.8/site-packages/airflow/example_dags/example_branch_operator_decorator.py
[2024-03-28T17:29:11.508+0000] {processor.py:840} INFO - DAG(s) 'example_branch_python_operator_decorator' retrieved from /home/airflow/.local/lib/python3.8/site-packages/airflow/example_dags/example_branch_operator_decorator.py
[2024-03-28T17:29:11.641+0000] {logging_mixin.py:188} INFO - [2024-03-28T17:29:11.641+0000] {dag.py:3047} INFO - Sync 1 DAGs
[2024-03-28T17:29:12.322+0000] {logging_mixin.py:188} INFO - [2024-03-28T17:29:12.291+0000] {dag.py:3834} INFO - Setting next_dagrun for example_branch_python_operator_decorator to 2024-03-27 00:00:00+00:00, run_after=2024-03-28 00:00:00+00:00
[2024-03-28T17:29:12.762+0000] {processor.py:183} INFO - Processing /home/airflow/.local/lib/python3.8/site-packages/airflow/example_dags/example_branch_operator_decorator.py took 1.409 seconds
[2024-03-28T17:29:43.652+0000] {processor.py:161} INFO - Started process (PID=2060) to work on /home/airflow/.local/lib/python3.8/site-packages/airflow/example_dags/example_branch_operator_decorator.py
[2024-03-28T17:29:43.660+0000] {processor.py:830} INFO - Processing file /home/airflow/.local/lib/python3.8/site-packages/airflow/example_dags/example_branch_operator_decorator.py for tasks to queue
[2024-03-28T17:29:43.670+0000] {logging_mixin.py:188} INFO - [2024-03-28T17:29:43.669+0000] {dagbag.py:540} INFO - Filling up the DagBag from /home/airflow/.local/lib/python3.8/site-packages/airflow/example_dags/example_branch_operator_decorator.py
[2024-03-28T17:29:43.797+0000] {processor.py:840} INFO - DAG(s) 'example_branch_python_operator_decorator' retrieved from /home/airflow/.local/lib/python3.8/site-packages/airflow/example_dags/example_branch_operator_decorator.py
[2024-03-28T17:29:44.007+0000] {logging_mixin.py:188} INFO - [2024-03-28T17:29:44.007+0000] {dag.py:3047} INFO - Sync 1 DAGs
[2024-03-28T17:29:44.248+0000] {logging_mixin.py:188} INFO - [2024-03-28T17:29:44.247+0000] {dag.py:3834} INFO - Setting next_dagrun for example_branch_python_operator_decorator to 2024-03-27 00:00:00+00:00, run_after=2024-03-28 00:00:00+00:00
[2024-03-28T17:29:44.313+0000] {processor.py:183} INFO - Processing /home/airflow/.local/lib/python3.8/site-packages/airflow/example_dags/example_branch_operator_decorator.py took 0.669 seconds
[2024-03-28T17:30:14.514+0000] {processor.py:161} INFO - Started process (PID=2121) to work on /home/airflow/.local/lib/python3.8/site-packages/airflow/example_dags/example_branch_operator_decorator.py
[2024-03-28T17:30:14.518+0000] {processor.py:830} INFO - Processing file /home/airflow/.local/lib/python3.8/site-packages/airflow/example_dags/example_branch_operator_decorator.py for tasks to queue
[2024-03-28T17:30:14.526+0000] {logging_mixin.py:188} INFO - [2024-03-28T17:30:14.524+0000] {dagbag.py:540} INFO - Filling up the DagBag from /home/airflow/.local/lib/python3.8/site-packages/airflow/example_dags/example_branch_operator_decorator.py
[2024-03-28T17:30:14.607+0000] {processor.py:840} INFO - DAG(s) 'example_branch_python_operator_decorator' retrieved from /home/airflow/.local/lib/python3.8/site-packages/airflow/example_dags/example_branch_operator_decorator.py
[2024-03-28T17:30:14.709+0000] {logging_mixin.py:188} INFO - [2024-03-28T17:30:14.708+0000] {dag.py:3047} INFO - Sync 1 DAGs
[2024-03-28T17:30:14.785+0000] {logging_mixin.py:188} INFO - [2024-03-28T17:30:14.785+0000] {dag.py:3834} INFO - Setting next_dagrun for example_branch_python_operator_decorator to 2024-03-27 00:00:00+00:00, run_after=2024-03-28 00:00:00+00:00
[2024-03-28T17:30:14.913+0000] {processor.py:183} INFO - Processing /home/airflow/.local/lib/python3.8/site-packages/airflow/example_dags/example_branch_operator_decorator.py took 0.422 seconds
[2024-03-28T17:30:56.719+0000] {processor.py:161} INFO - Started process (PID=2173) to work on /home/airflow/.local/lib/python3.8/site-packages/airflow/example_dags/example_branch_operator_decorator.py
[2024-03-28T17:30:56.723+0000] {processor.py:830} INFO - Processing file /home/airflow/.local/lib/python3.8/site-packages/airflow/example_dags/example_branch_operator_decorator.py for tasks to queue
[2024-03-28T17:30:56.728+0000] {logging_mixin.py:188} INFO - [2024-03-28T17:30:56.728+0000] {dagbag.py:540} INFO - Filling up the DagBag from /home/airflow/.local/lib/python3.8/site-packages/airflow/example_dags/example_branch_operator_decorator.py
[2024-03-28T17:30:56.778+0000] {processor.py:840} INFO - DAG(s) 'example_branch_python_operator_decorator' retrieved from /home/airflow/.local/lib/python3.8/site-packages/airflow/example_dags/example_branch_operator_decorator.py
[2024-03-28T17:30:56.875+0000] {logging_mixin.py:188} INFO - [2024-03-28T17:30:56.874+0000] {dag.py:3047} INFO - Sync 1 DAGs
[2024-03-28T17:30:56.957+0000] {logging_mixin.py:188} INFO - [2024-03-28T17:30:56.956+0000] {dag.py:3834} INFO - Setting next_dagrun for example_branch_python_operator_decorator to 2024-03-27 00:00:00+00:00, run_after=2024-03-28 00:00:00+00:00
[2024-03-28T17:30:57.019+0000] {processor.py:183} INFO - Processing /home/airflow/.local/lib/python3.8/site-packages/airflow/example_dags/example_branch_operator_decorator.py took 0.309 seconds
[2024-03-28T17:31:29.672+0000] {processor.py:161} INFO - Started process (PID=2227) to work on /home/airflow/.local/lib/python3.8/site-packages/airflow/example_dags/example_branch_operator_decorator.py
[2024-03-28T17:31:29.682+0000] {processor.py:830} INFO - Processing file /home/airflow/.local/lib/python3.8/site-packages/airflow/example_dags/example_branch_operator_decorator.py for tasks to queue
[2024-03-28T17:31:29.698+0000] {logging_mixin.py:188} INFO - [2024-03-28T17:31:29.696+0000] {dagbag.py:540} INFO - Filling up the DagBag from /home/airflow/.local/lib/python3.8/site-packages/airflow/example_dags/example_branch_operator_decorator.py
[2024-03-28T17:31:29.766+0000] {processor.py:840} INFO - DAG(s) 'example_branch_python_operator_decorator' retrieved from /home/airflow/.local/lib/python3.8/site-packages/airflow/example_dags/example_branch_operator_decorator.py
[2024-03-28T17:31:29.858+0000] {logging_mixin.py:188} INFO - [2024-03-28T17:31:29.857+0000] {dag.py:3047} INFO - Sync 1 DAGs
[2024-03-28T17:31:29.957+0000] {logging_mixin.py:188} INFO - [2024-03-28T17:31:29.956+0000] {dag.py:3834} INFO - Setting next_dagrun for example_branch_python_operator_decorator to 2024-03-27 00:00:00+00:00, run_after=2024-03-28 00:00:00+00:00
[2024-03-28T17:31:30.018+0000] {processor.py:183} INFO - Processing /home/airflow/.local/lib/python3.8/site-packages/airflow/example_dags/example_branch_operator_decorator.py took 0.358 seconds
[2024-03-28T17:32:04.654+0000] {processor.py:161} INFO - Started process (PID=2282) to work on /home/airflow/.local/lib/python3.8/site-packages/airflow/example_dags/example_branch_operator_decorator.py
[2024-03-28T17:32:04.669+0000] {processor.py:830} INFO - Processing file /home/airflow/.local/lib/python3.8/site-packages/airflow/example_dags/example_branch_operator_decorator.py for tasks to queue
[2024-03-28T17:32:04.686+0000] {logging_mixin.py:188} INFO - [2024-03-28T17:32:04.686+0000] {dagbag.py:540} INFO - Filling up the DagBag from /home/airflow/.local/lib/python3.8/site-packages/airflow/example_dags/example_branch_operator_decorator.py
[2024-03-28T17:32:04.953+0000] {processor.py:840} INFO - DAG(s) 'example_branch_python_operator_decorator' retrieved from /home/airflow/.local/lib/python3.8/site-packages/airflow/example_dags/example_branch_operator_decorator.py
[2024-03-28T17:32:05.534+0000] {logging_mixin.py:188} INFO - [2024-03-28T17:32:05.520+0000] {dag.py:3047} INFO - Sync 1 DAGs
[2024-03-28T17:32:05.968+0000] {logging_mixin.py:188} INFO - [2024-03-28T17:32:05.967+0000] {dag.py:3834} INFO - Setting next_dagrun for example_branch_python_operator_decorator to 2024-03-27 00:00:00+00:00, run_after=2024-03-28 00:00:00+00:00
[2024-03-28T17:32:06.071+0000] {processor.py:183} INFO - Processing /home/airflow/.local/lib/python3.8/site-packages/airflow/example_dags/example_branch_operator_decorator.py took 1.460 seconds
[2024-03-28T17:32:36.387+0000] {processor.py:161} INFO - Started process (PID=2337) to work on /home/airflow/.local/lib/python3.8/site-packages/airflow/example_dags/example_branch_operator_decorator.py
[2024-03-28T17:32:36.403+0000] {processor.py:830} INFO - Processing file /home/airflow/.local/lib/python3.8/site-packages/airflow/example_dags/example_branch_operator_decorator.py for tasks to queue
[2024-03-28T17:32:36.432+0000] {logging_mixin.py:188} INFO - [2024-03-28T17:32:36.431+0000] {dagbag.py:540} INFO - Filling up the DagBag from /home/airflow/.local/lib/python3.8/site-packages/airflow/example_dags/example_branch_operator_decorator.py
[2024-03-28T17:32:37.096+0000] {processor.py:840} INFO - DAG(s) 'example_branch_python_operator_decorator' retrieved from /home/airflow/.local/lib/python3.8/site-packages/airflow/example_dags/example_branch_operator_decorator.py
[2024-03-28T17:32:37.425+0000] {logging_mixin.py:188} INFO - [2024-03-28T17:32:37.424+0000] {dag.py:3047} INFO - Sync 1 DAGs
[2024-03-28T17:32:37.717+0000] {logging_mixin.py:188} INFO - [2024-03-28T17:32:37.716+0000] {dag.py:3834} INFO - Setting next_dagrun for example_branch_python_operator_decorator to 2024-03-27 00:00:00+00:00, run_after=2024-03-28 00:00:00+00:00
[2024-03-28T17:32:37.837+0000] {processor.py:183} INFO - Processing /home/airflow/.local/lib/python3.8/site-packages/airflow/example_dags/example_branch_operator_decorator.py took 1.500 seconds
[2024-03-28T17:33:08.251+0000] {processor.py:161} INFO - Started process (PID=2391) to work on /home/airflow/.local/lib/python3.8/site-packages/airflow/example_dags/example_branch_operator_decorator.py
[2024-03-28T17:33:08.255+0000] {processor.py:830} INFO - Processing file /home/airflow/.local/lib/python3.8/site-packages/airflow/example_dags/example_branch_operator_decorator.py for tasks to queue
[2024-03-28T17:33:08.262+0000] {logging_mixin.py:188} INFO - [2024-03-28T17:33:08.261+0000] {dagbag.py:540} INFO - Filling up the DagBag from /home/airflow/.local/lib/python3.8/site-packages/airflow/example_dags/example_branch_operator_decorator.py
[2024-03-28T17:33:08.354+0000] {processor.py:840} INFO - DAG(s) 'example_branch_python_operator_decorator' retrieved from /home/airflow/.local/lib/python3.8/site-packages/airflow/example_dags/example_branch_operator_decorator.py
[2024-03-28T17:33:08.502+0000] {logging_mixin.py:188} INFO - [2024-03-28T17:33:08.501+0000] {dag.py:3047} INFO - Sync 1 DAGs
[2024-03-28T17:33:08.615+0000] {logging_mixin.py:188} INFO - [2024-03-28T17:33:08.615+0000] {dag.py:3834} INFO - Setting next_dagrun for example_branch_python_operator_decorator to 2024-03-27 00:00:00+00:00, run_after=2024-03-28 00:00:00+00:00
[2024-03-28T17:33:08.660+0000] {processor.py:183} INFO - Processing /home/airflow/.local/lib/python3.8/site-packages/airflow/example_dags/example_branch_operator_decorator.py took 0.418 seconds
