[2024-03-28T16:33:41.913+0000] {processor.py:161} INFO - Started process (PID=169) to work on /home/airflow/.local/lib/python3.8/site-packages/airflow/example_dags/example_short_circuit_operator.py
[2024-03-28T16:33:42.069+0000] {processor.py:830} INFO - Processing file /home/airflow/.local/lib/python3.8/site-packages/airflow/example_dags/example_short_circuit_operator.py for tasks to queue
[2024-03-28T16:33:42.295+0000] {logging_mixin.py:188} INFO - [2024-03-28T16:33:42.294+0000] {dagbag.py:540} INFO - Filling up the DagBag from /home/airflow/.local/lib/python3.8/site-packages/airflow/example_dags/example_short_circuit_operator.py
[2024-03-28T16:33:42.743+0000] {processor.py:840} INFO - DAG(s) 'example_short_circuit_operator' retrieved from /home/airflow/.local/lib/python3.8/site-packages/airflow/example_dags/example_short_circuit_operator.py
[2024-03-28T16:33:50.139+0000] {logging_mixin.py:188} INFO - [2024-03-28T16:33:50.111+0000] {override.py:1769} INFO - Created Permission View: can edit on DAG:example_short_circuit_operator
[2024-03-28T16:33:50.476+0000] {logging_mixin.py:188} INFO - [2024-03-28T16:33:50.474+0000] {override.py:1769} INFO - Created Permission View: can read on DAG:example_short_circuit_operator
[2024-03-28T16:33:50.676+0000] {logging_mixin.py:188} INFO - [2024-03-28T16:33:50.675+0000] {override.py:1769} INFO - Created Permission View: can delete on DAG:example_short_circuit_operator
[2024-03-28T16:33:50.680+0000] {logging_mixin.py:188} INFO - [2024-03-28T16:33:50.679+0000] {dag.py:3047} INFO - Sync 1 DAGs
[2024-03-28T16:33:50.852+0000] {logging_mixin.py:188} INFO - [2024-03-28T16:33:50.850+0000] {dag.py:3069} INFO - Creating ORM DAG for example_short_circuit_operator
[2024-03-28T16:33:51.267+0000] {logging_mixin.py:188} INFO - [2024-03-28T16:33:51.264+0000] {dag.py:3834} INFO - Setting next_dagrun for example_short_circuit_operator to 2024-03-27 00:00:00+00:00, run_after=2024-03-28 00:00:00+00:00
[2024-03-28T16:33:52.291+0000] {processor.py:183} INFO - Processing /home/airflow/.local/lib/python3.8/site-packages/airflow/example_dags/example_short_circuit_operator.py took 10.632 seconds
[2024-03-28T16:37:09.070+0000] {processor.py:161} INFO - Started process (PID=261) to work on /home/airflow/.local/lib/python3.8/site-packages/airflow/example_dags/example_short_circuit_operator.py
[2024-03-28T16:37:09.098+0000] {processor.py:830} INFO - Processing file /home/airflow/.local/lib/python3.8/site-packages/airflow/example_dags/example_short_circuit_operator.py for tasks to queue
[2024-03-28T16:37:09.294+0000] {logging_mixin.py:188} INFO - [2024-03-28T16:37:09.249+0000] {dagbag.py:540} INFO - Filling up the DagBag from /home/airflow/.local/lib/python3.8/site-packages/airflow/example_dags/example_short_circuit_operator.py
[2024-03-28T16:37:09.640+0000] {processor.py:840} INFO - DAG(s) 'example_short_circuit_operator' retrieved from /home/airflow/.local/lib/python3.8/site-packages/airflow/example_dags/example_short_circuit_operator.py
[2024-03-28T16:37:10.555+0000] {logging_mixin.py:188} INFO - [2024-03-28T16:37:10.554+0000] {dag.py:3047} INFO - Sync 1 DAGs
[2024-03-28T16:37:11.269+0000] {logging_mixin.py:188} INFO - [2024-03-28T16:37:11.162+0000] {dag.py:3834} INFO - Setting next_dagrun for example_short_circuit_operator to 2024-03-27 00:00:00+00:00, run_after=2024-03-28 00:00:00+00:00
[2024-03-28T16:37:12.651+0000] {processor.py:183} INFO - Processing /home/airflow/.local/lib/python3.8/site-packages/airflow/example_dags/example_short_circuit_operator.py took 3.746 seconds
[2024-03-28T16:42:30.366+0000] {processor.py:161} INFO - Started process (PID=395) to work on /home/airflow/.local/lib/python3.8/site-packages/airflow/example_dags/example_short_circuit_operator.py
[2024-03-28T16:42:30.399+0000] {processor.py:830} INFO - Processing file /home/airflow/.local/lib/python3.8/site-packages/airflow/example_dags/example_short_circuit_operator.py for tasks to queue
[2024-03-28T16:42:30.476+0000] {logging_mixin.py:188} INFO - [2024-03-28T16:42:30.434+0000] {dagbag.py:540} INFO - Filling up the DagBag from /home/airflow/.local/lib/python3.8/site-packages/airflow/example_dags/example_short_circuit_operator.py
[2024-03-28T16:42:31.711+0000] {processor.py:840} INFO - DAG(s) 'example_short_circuit_operator' retrieved from /home/airflow/.local/lib/python3.8/site-packages/airflow/example_dags/example_short_circuit_operator.py
[2024-03-28T16:42:34.220+0000] {logging_mixin.py:188} INFO - [2024-03-28T16:42:34.216+0000] {dag.py:3047} INFO - Sync 1 DAGs
[2024-03-28T16:42:36.414+0000] {logging_mixin.py:188} INFO - [2024-03-28T16:42:36.410+0000] {dag.py:3834} INFO - Setting next_dagrun for example_short_circuit_operator to 2024-03-27 00:00:00+00:00, run_after=2024-03-28 00:00:00+00:00
[2024-03-28T16:42:38.488+0000] {processor.py:183} INFO - Processing /home/airflow/.local/lib/python3.8/site-packages/airflow/example_dags/example_short_circuit_operator.py took 8.187 seconds
[2024-03-28T17:06:23.197+0000] {processor.py:161} INFO - Started process (PID=87) to work on /home/airflow/.local/lib/python3.8/site-packages/airflow/example_dags/example_short_circuit_operator.py
[2024-03-28T17:06:23.226+0000] {processor.py:830} INFO - Processing file /home/airflow/.local/lib/python3.8/site-packages/airflow/example_dags/example_short_circuit_operator.py for tasks to queue
[2024-03-28T17:06:23.251+0000] {logging_mixin.py:188} INFO - [2024-03-28T17:06:23.250+0000] {dagbag.py:540} INFO - Filling up the DagBag from /home/airflow/.local/lib/python3.8/site-packages/airflow/example_dags/example_short_circuit_operator.py
[2024-03-28T17:06:23.394+0000] {processor.py:840} INFO - DAG(s) 'example_short_circuit_operator' retrieved from /home/airflow/.local/lib/python3.8/site-packages/airflow/example_dags/example_short_circuit_operator.py
[2024-03-28T17:06:26.756+0000] {logging_mixin.py:188} INFO - [2024-03-28T17:06:26.753+0000] {dag.py:3047} INFO - Sync 1 DAGs
[2024-03-28T17:06:27.329+0000] {logging_mixin.py:188} INFO - [2024-03-28T17:06:27.328+0000] {dag.py:3834} INFO - Setting next_dagrun for example_short_circuit_operator to 2024-03-27 00:00:00+00:00, run_after=2024-03-28 00:00:00+00:00
[2024-03-28T17:06:27.763+0000] {processor.py:183} INFO - Processing /home/airflow/.local/lib/python3.8/site-packages/airflow/example_dags/example_short_circuit_operator.py took 4.654 seconds
[2024-03-28T17:07:46.633+0000] {processor.py:161} INFO - Started process (PID=154) to work on /home/airflow/.local/lib/python3.8/site-packages/airflow/example_dags/example_short_circuit_operator.py
[2024-03-28T17:07:46.644+0000] {processor.py:830} INFO - Processing file /home/airflow/.local/lib/python3.8/site-packages/airflow/example_dags/example_short_circuit_operator.py for tasks to queue
[2024-03-28T17:07:46.649+0000] {logging_mixin.py:188} INFO - [2024-03-28T17:07:46.649+0000] {dagbag.py:540} INFO - Filling up the DagBag from /home/airflow/.local/lib/python3.8/site-packages/airflow/example_dags/example_short_circuit_operator.py
[2024-03-28T17:07:46.698+0000] {processor.py:840} INFO - DAG(s) 'example_short_circuit_operator' retrieved from /home/airflow/.local/lib/python3.8/site-packages/airflow/example_dags/example_short_circuit_operator.py
[2024-03-28T17:07:46.832+0000] {logging_mixin.py:188} INFO - [2024-03-28T17:07:46.827+0000] {dag.py:3047} INFO - Sync 1 DAGs
[2024-03-28T17:07:47.079+0000] {logging_mixin.py:188} INFO - [2024-03-28T17:07:47.075+0000] {dag.py:3834} INFO - Setting next_dagrun for example_short_circuit_operator to 2024-03-27 00:00:00+00:00, run_after=2024-03-28 00:00:00+00:00
[2024-03-28T17:07:47.364+0000] {processor.py:183} INFO - Processing /home/airflow/.local/lib/python3.8/site-packages/airflow/example_dags/example_short_circuit_operator.py took 0.746 seconds
[2024-03-28T17:08:27.959+0000] {processor.py:161} INFO - Started process (PID=209) to work on /home/airflow/.local/lib/python3.8/site-packages/airflow/example_dags/example_short_circuit_operator.py
[2024-03-28T17:08:27.973+0000] {processor.py:830} INFO - Processing file /home/airflow/.local/lib/python3.8/site-packages/airflow/example_dags/example_short_circuit_operator.py for tasks to queue
[2024-03-28T17:08:28.036+0000] {logging_mixin.py:188} INFO - [2024-03-28T17:08:28.025+0000] {dagbag.py:540} INFO - Filling up the DagBag from /home/airflow/.local/lib/python3.8/site-packages/airflow/example_dags/example_short_circuit_operator.py
[2024-03-28T17:08:28.172+0000] {processor.py:840} INFO - DAG(s) 'example_short_circuit_operator' retrieved from /home/airflow/.local/lib/python3.8/site-packages/airflow/example_dags/example_short_circuit_operator.py
[2024-03-28T17:08:28.534+0000] {logging_mixin.py:188} INFO - [2024-03-28T17:08:28.534+0000] {dag.py:3047} INFO - Sync 1 DAGs
[2024-03-28T17:08:28.931+0000] {logging_mixin.py:188} INFO - [2024-03-28T17:08:28.925+0000] {dag.py:3834} INFO - Setting next_dagrun for example_short_circuit_operator to 2024-03-27 00:00:00+00:00, run_after=2024-03-28 00:00:00+00:00
[2024-03-28T17:08:30.852+0000] {processor.py:183} INFO - Processing /home/airflow/.local/lib/python3.8/site-packages/airflow/example_dags/example_short_circuit_operator.py took 2.905 seconds
[2024-03-28T17:10:28.408+0000] {processor.py:161} INFO - Started process (PID=298) to work on /home/airflow/.local/lib/python3.8/site-packages/airflow/example_dags/example_short_circuit_operator.py
[2024-03-28T17:10:28.421+0000] {processor.py:830} INFO - Processing file /home/airflow/.local/lib/python3.8/site-packages/airflow/example_dags/example_short_circuit_operator.py for tasks to queue
[2024-03-28T17:10:28.445+0000] {logging_mixin.py:188} INFO - [2024-03-28T17:10:28.434+0000] {dagbag.py:540} INFO - Filling up the DagBag from /home/airflow/.local/lib/python3.8/site-packages/airflow/example_dags/example_short_circuit_operator.py
[2024-03-28T17:10:28.590+0000] {processor.py:840} INFO - DAG(s) 'example_short_circuit_operator' retrieved from /home/airflow/.local/lib/python3.8/site-packages/airflow/example_dags/example_short_circuit_operator.py
[2024-03-28T17:10:28.996+0000] {logging_mixin.py:188} INFO - [2024-03-28T17:10:28.991+0000] {dag.py:3047} INFO - Sync 1 DAGs
[2024-03-28T17:10:29.187+0000] {logging_mixin.py:188} INFO - [2024-03-28T17:10:29.175+0000] {dag.py:3834} INFO - Setting next_dagrun for example_short_circuit_operator to 2024-03-27 00:00:00+00:00, run_after=2024-03-28 00:00:00+00:00
[2024-03-28T17:10:29.632+0000] {processor.py:183} INFO - Processing /home/airflow/.local/lib/python3.8/site-packages/airflow/example_dags/example_short_circuit_operator.py took 1.299 seconds
[2024-03-28T17:11:16.033+0000] {processor.py:161} INFO - Started process (PID=354) to work on /home/airflow/.local/lib/python3.8/site-packages/airflow/example_dags/example_short_circuit_operator.py
[2024-03-28T17:11:16.046+0000] {processor.py:830} INFO - Processing file /home/airflow/.local/lib/python3.8/site-packages/airflow/example_dags/example_short_circuit_operator.py for tasks to queue
[2024-03-28T17:11:16.075+0000] {logging_mixin.py:188} INFO - [2024-03-28T17:11:16.074+0000] {dagbag.py:540} INFO - Filling up the DagBag from /home/airflow/.local/lib/python3.8/site-packages/airflow/example_dags/example_short_circuit_operator.py
[2024-03-28T17:11:16.379+0000] {processor.py:840} INFO - DAG(s) 'example_short_circuit_operator' retrieved from /home/airflow/.local/lib/python3.8/site-packages/airflow/example_dags/example_short_circuit_operator.py
[2024-03-28T17:11:16.641+0000] {logging_mixin.py:188} INFO - [2024-03-28T17:11:16.640+0000] {dag.py:3047} INFO - Sync 1 DAGs
[2024-03-28T17:11:16.885+0000] {logging_mixin.py:188} INFO - [2024-03-28T17:11:16.876+0000] {dag.py:3834} INFO - Setting next_dagrun for example_short_circuit_operator to 2024-03-27 00:00:00+00:00, run_after=2024-03-28 00:00:00+00:00
[2024-03-28T17:11:17.047+0000] {processor.py:183} INFO - Processing /home/airflow/.local/lib/python3.8/site-packages/airflow/example_dags/example_short_circuit_operator.py took 1.072 seconds
[2024-03-28T17:12:16.407+0000] {processor.py:161} INFO - Started process (PID=417) to work on /home/airflow/.local/lib/python3.8/site-packages/airflow/example_dags/example_short_circuit_operator.py
[2024-03-28T17:12:16.413+0000] {processor.py:830} INFO - Processing file /home/airflow/.local/lib/python3.8/site-packages/airflow/example_dags/example_short_circuit_operator.py for tasks to queue
[2024-03-28T17:12:16.421+0000] {logging_mixin.py:188} INFO - [2024-03-28T17:12:16.420+0000] {dagbag.py:540} INFO - Filling up the DagBag from /home/airflow/.local/lib/python3.8/site-packages/airflow/example_dags/example_short_circuit_operator.py
[2024-03-28T17:12:16.476+0000] {processor.py:840} INFO - DAG(s) 'example_short_circuit_operator' retrieved from /home/airflow/.local/lib/python3.8/site-packages/airflow/example_dags/example_short_circuit_operator.py
[2024-03-28T17:12:16.721+0000] {logging_mixin.py:188} INFO - [2024-03-28T17:12:16.720+0000] {dag.py:3047} INFO - Sync 1 DAGs
[2024-03-28T17:12:16.930+0000] {logging_mixin.py:188} INFO - [2024-03-28T17:12:16.928+0000] {dag.py:3834} INFO - Setting next_dagrun for example_short_circuit_operator to 2024-03-27 00:00:00+00:00, run_after=2024-03-28 00:00:00+00:00
[2024-03-28T17:12:18.069+0000] {processor.py:183} INFO - Processing /home/airflow/.local/lib/python3.8/site-packages/airflow/example_dags/example_short_circuit_operator.py took 1.682 seconds
[2024-03-28T17:12:55.584+0000] {processor.py:161} INFO - Started process (PID=479) to work on /home/airflow/.local/lib/python3.8/site-packages/airflow/example_dags/example_short_circuit_operator.py
[2024-03-28T17:12:55.589+0000] {processor.py:830} INFO - Processing file /home/airflow/.local/lib/python3.8/site-packages/airflow/example_dags/example_short_circuit_operator.py for tasks to queue
[2024-03-28T17:12:55.597+0000] {logging_mixin.py:188} INFO - [2024-03-28T17:12:55.597+0000] {dagbag.py:540} INFO - Filling up the DagBag from /home/airflow/.local/lib/python3.8/site-packages/airflow/example_dags/example_short_circuit_operator.py
[2024-03-28T17:12:55.635+0000] {processor.py:840} INFO - DAG(s) 'example_short_circuit_operator' retrieved from /home/airflow/.local/lib/python3.8/site-packages/airflow/example_dags/example_short_circuit_operator.py
[2024-03-28T17:12:55.702+0000] {logging_mixin.py:188} INFO - [2024-03-28T17:12:55.701+0000] {dag.py:3047} INFO - Sync 1 DAGs
[2024-03-28T17:12:55.809+0000] {logging_mixin.py:188} INFO - [2024-03-28T17:12:55.808+0000] {dag.py:3834} INFO - Setting next_dagrun for example_short_circuit_operator to 2024-03-27 00:00:00+00:00, run_after=2024-03-28 00:00:00+00:00
[2024-03-28T17:12:55.894+0000] {processor.py:183} INFO - Processing /home/airflow/.local/lib/python3.8/site-packages/airflow/example_dags/example_short_circuit_operator.py took 0.323 seconds
[2024-03-28T17:13:32.281+0000] {processor.py:161} INFO - Started process (PID=535) to work on /home/airflow/.local/lib/python3.8/site-packages/airflow/example_dags/example_short_circuit_operator.py
[2024-03-28T17:13:32.289+0000] {processor.py:830} INFO - Processing file /home/airflow/.local/lib/python3.8/site-packages/airflow/example_dags/example_short_circuit_operator.py for tasks to queue
[2024-03-28T17:13:32.307+0000] {logging_mixin.py:188} INFO - [2024-03-28T17:13:32.306+0000] {dagbag.py:540} INFO - Filling up the DagBag from /home/airflow/.local/lib/python3.8/site-packages/airflow/example_dags/example_short_circuit_operator.py
[2024-03-28T17:13:32.474+0000] {processor.py:840} INFO - DAG(s) 'example_short_circuit_operator' retrieved from /home/airflow/.local/lib/python3.8/site-packages/airflow/example_dags/example_short_circuit_operator.py
[2024-03-28T17:13:32.648+0000] {logging_mixin.py:188} INFO - [2024-03-28T17:13:32.646+0000] {dag.py:3047} INFO - Sync 1 DAGs
[2024-03-28T17:13:32.981+0000] {logging_mixin.py:188} INFO - [2024-03-28T17:13:32.980+0000] {dag.py:3834} INFO - Setting next_dagrun for example_short_circuit_operator to 2024-03-27 00:00:00+00:00, run_after=2024-03-28 00:00:00+00:00
[2024-03-28T17:13:34.119+0000] {processor.py:183} INFO - Processing /home/airflow/.local/lib/python3.8/site-packages/airflow/example_dags/example_short_circuit_operator.py took 1.860 seconds
[2024-03-28T17:14:06.546+0000] {processor.py:161} INFO - Started process (PID=590) to work on /home/airflow/.local/lib/python3.8/site-packages/airflow/example_dags/example_short_circuit_operator.py
[2024-03-28T17:14:06.563+0000] {processor.py:830} INFO - Processing file /home/airflow/.local/lib/python3.8/site-packages/airflow/example_dags/example_short_circuit_operator.py for tasks to queue
[2024-03-28T17:14:06.587+0000] {logging_mixin.py:188} INFO - [2024-03-28T17:14:06.586+0000] {dagbag.py:540} INFO - Filling up the DagBag from /home/airflow/.local/lib/python3.8/site-packages/airflow/example_dags/example_short_circuit_operator.py
[2024-03-28T17:14:06.664+0000] {processor.py:840} INFO - DAG(s) 'example_short_circuit_operator' retrieved from /home/airflow/.local/lib/python3.8/site-packages/airflow/example_dags/example_short_circuit_operator.py
[2024-03-28T17:14:07.227+0000] {logging_mixin.py:188} INFO - [2024-03-28T17:14:07.226+0000] {dag.py:3047} INFO - Sync 1 DAGs
[2024-03-28T17:14:08.297+0000] {logging_mixin.py:188} INFO - [2024-03-28T17:14:08.284+0000] {dag.py:3834} INFO - Setting next_dagrun for example_short_circuit_operator to 2024-03-27 00:00:00+00:00, run_after=2024-03-28 00:00:00+00:00
[2024-03-28T17:14:08.943+0000] {processor.py:183} INFO - Processing /home/airflow/.local/lib/python3.8/site-packages/airflow/example_dags/example_short_circuit_operator.py took 2.489 seconds
[2024-03-28T17:14:39.431+0000] {processor.py:161} INFO - Started process (PID=644) to work on /home/airflow/.local/lib/python3.8/site-packages/airflow/example_dags/example_short_circuit_operator.py
[2024-03-28T17:14:39.436+0000] {processor.py:830} INFO - Processing file /home/airflow/.local/lib/python3.8/site-packages/airflow/example_dags/example_short_circuit_operator.py for tasks to queue
[2024-03-28T17:14:39.457+0000] {logging_mixin.py:188} INFO - [2024-03-28T17:14:39.454+0000] {dagbag.py:540} INFO - Filling up the DagBag from /home/airflow/.local/lib/python3.8/site-packages/airflow/example_dags/example_short_circuit_operator.py
[2024-03-28T17:14:39.516+0000] {processor.py:840} INFO - DAG(s) 'example_short_circuit_operator' retrieved from /home/airflow/.local/lib/python3.8/site-packages/airflow/example_dags/example_short_circuit_operator.py
[2024-03-28T17:14:39.690+0000] {logging_mixin.py:188} INFO - [2024-03-28T17:14:39.689+0000] {dag.py:3047} INFO - Sync 1 DAGs
[2024-03-28T17:14:39.875+0000] {logging_mixin.py:188} INFO - [2024-03-28T17:14:39.874+0000] {dag.py:3834} INFO - Setting next_dagrun for example_short_circuit_operator to 2024-03-27 00:00:00+00:00, run_after=2024-03-28 00:00:00+00:00
[2024-03-28T17:14:39.998+0000] {processor.py:183} INFO - Processing /home/airflow/.local/lib/python3.8/site-packages/airflow/example_dags/example_short_circuit_operator.py took 0.589 seconds
[2024-03-28T17:15:11.117+0000] {processor.py:161} INFO - Started process (PID=698) to work on /home/airflow/.local/lib/python3.8/site-packages/airflow/example_dags/example_short_circuit_operator.py
[2024-03-28T17:15:11.170+0000] {processor.py:830} INFO - Processing file /home/airflow/.local/lib/python3.8/site-packages/airflow/example_dags/example_short_circuit_operator.py for tasks to queue
[2024-03-28T17:15:11.328+0000] {logging_mixin.py:188} INFO - [2024-03-28T17:15:11.318+0000] {dagbag.py:540} INFO - Filling up the DagBag from /home/airflow/.local/lib/python3.8/site-packages/airflow/example_dags/example_short_circuit_operator.py
[2024-03-28T17:15:11.815+0000] {processor.py:840} INFO - DAG(s) 'example_short_circuit_operator' retrieved from /home/airflow/.local/lib/python3.8/site-packages/airflow/example_dags/example_short_circuit_operator.py
[2024-03-28T17:15:12.919+0000] {logging_mixin.py:188} INFO - [2024-03-28T17:15:12.914+0000] {dag.py:3047} INFO - Sync 1 DAGs
[2024-03-28T17:15:15.376+0000] {logging_mixin.py:188} INFO - [2024-03-28T17:15:15.375+0000] {dag.py:3834} INFO - Setting next_dagrun for example_short_circuit_operator to 2024-03-27 00:00:00+00:00, run_after=2024-03-28 00:00:00+00:00
[2024-03-28T17:15:15.636+0000] {processor.py:183} INFO - Processing /home/airflow/.local/lib/python3.8/site-packages/airflow/example_dags/example_short_circuit_operator.py took 4.689 seconds
[2024-03-28T17:15:46.657+0000] {processor.py:161} INFO - Started process (PID=753) to work on /home/airflow/.local/lib/python3.8/site-packages/airflow/example_dags/example_short_circuit_operator.py
[2024-03-28T17:15:46.662+0000] {processor.py:830} INFO - Processing file /home/airflow/.local/lib/python3.8/site-packages/airflow/example_dags/example_short_circuit_operator.py for tasks to queue
[2024-03-28T17:15:46.668+0000] {logging_mixin.py:188} INFO - [2024-03-28T17:15:46.666+0000] {dagbag.py:540} INFO - Filling up the DagBag from /home/airflow/.local/lib/python3.8/site-packages/airflow/example_dags/example_short_circuit_operator.py
[2024-03-28T17:15:46.686+0000] {processor.py:840} INFO - DAG(s) 'example_short_circuit_operator' retrieved from /home/airflow/.local/lib/python3.8/site-packages/airflow/example_dags/example_short_circuit_operator.py
[2024-03-28T17:15:46.742+0000] {logging_mixin.py:188} INFO - [2024-03-28T17:15:46.741+0000] {dag.py:3047} INFO - Sync 1 DAGs
[2024-03-28T17:15:46.849+0000] {logging_mixin.py:188} INFO - [2024-03-28T17:15:46.848+0000] {dag.py:3834} INFO - Setting next_dagrun for example_short_circuit_operator to 2024-03-27 00:00:00+00:00, run_after=2024-03-28 00:00:00+00:00
[2024-03-28T17:15:46.965+0000] {processor.py:183} INFO - Processing /home/airflow/.local/lib/python3.8/site-packages/airflow/example_dags/example_short_circuit_operator.py took 0.316 seconds
[2024-03-28T17:16:17.329+0000] {processor.py:161} INFO - Started process (PID=808) to work on /home/airflow/.local/lib/python3.8/site-packages/airflow/example_dags/example_short_circuit_operator.py
[2024-03-28T17:16:17.333+0000] {processor.py:830} INFO - Processing file /home/airflow/.local/lib/python3.8/site-packages/airflow/example_dags/example_short_circuit_operator.py for tasks to queue
[2024-03-28T17:16:17.342+0000] {logging_mixin.py:188} INFO - [2024-03-28T17:16:17.341+0000] {dagbag.py:540} INFO - Filling up the DagBag from /home/airflow/.local/lib/python3.8/site-packages/airflow/example_dags/example_short_circuit_operator.py
[2024-03-28T17:16:17.358+0000] {processor.py:840} INFO - DAG(s) 'example_short_circuit_operator' retrieved from /home/airflow/.local/lib/python3.8/site-packages/airflow/example_dags/example_short_circuit_operator.py
[2024-03-28T17:16:17.404+0000] {logging_mixin.py:188} INFO - [2024-03-28T17:16:17.404+0000] {dag.py:3047} INFO - Sync 1 DAGs
[2024-03-28T17:16:17.451+0000] {logging_mixin.py:188} INFO - [2024-03-28T17:16:17.451+0000] {dag.py:3834} INFO - Setting next_dagrun for example_short_circuit_operator to 2024-03-27 00:00:00+00:00, run_after=2024-03-28 00:00:00+00:00
[2024-03-28T17:16:17.494+0000] {processor.py:183} INFO - Processing /home/airflow/.local/lib/python3.8/site-packages/airflow/example_dags/example_short_circuit_operator.py took 0.176 seconds
[2024-03-28T17:17:00.585+0000] {processor.py:161} INFO - Started process (PID=863) to work on /home/airflow/.local/lib/python3.8/site-packages/airflow/example_dags/example_short_circuit_operator.py
[2024-03-28T17:17:00.594+0000] {processor.py:830} INFO - Processing file /home/airflow/.local/lib/python3.8/site-packages/airflow/example_dags/example_short_circuit_operator.py for tasks to queue
[2024-03-28T17:17:00.602+0000] {logging_mixin.py:188} INFO - [2024-03-28T17:17:00.600+0000] {dagbag.py:540} INFO - Filling up the DagBag from /home/airflow/.local/lib/python3.8/site-packages/airflow/example_dags/example_short_circuit_operator.py
[2024-03-28T17:17:00.721+0000] {processor.py:840} INFO - DAG(s) 'example_short_circuit_operator' retrieved from /home/airflow/.local/lib/python3.8/site-packages/airflow/example_dags/example_short_circuit_operator.py
[2024-03-28T17:17:00.880+0000] {logging_mixin.py:188} INFO - [2024-03-28T17:17:00.880+0000] {dag.py:3047} INFO - Sync 1 DAGs
[2024-03-28T17:17:00.988+0000] {logging_mixin.py:188} INFO - [2024-03-28T17:17:00.986+0000] {dag.py:3834} INFO - Setting next_dagrun for example_short_circuit_operator to 2024-03-27 00:00:00+00:00, run_after=2024-03-28 00:00:00+00:00
[2024-03-28T17:17:01.086+0000] {processor.py:183} INFO - Processing /home/airflow/.local/lib/python3.8/site-packages/airflow/example_dags/example_short_circuit_operator.py took 0.521 seconds
[2024-03-28T17:17:51.777+0000] {processor.py:161} INFO - Started process (PID=927) to work on /home/airflow/.local/lib/python3.8/site-packages/airflow/example_dags/example_short_circuit_operator.py
[2024-03-28T17:17:51.785+0000] {processor.py:830} INFO - Processing file /home/airflow/.local/lib/python3.8/site-packages/airflow/example_dags/example_short_circuit_operator.py for tasks to queue
[2024-03-28T17:17:51.807+0000] {logging_mixin.py:188} INFO - [2024-03-28T17:17:51.804+0000] {dagbag.py:540} INFO - Filling up the DagBag from /home/airflow/.local/lib/python3.8/site-packages/airflow/example_dags/example_short_circuit_operator.py
[2024-03-28T17:17:51.878+0000] {processor.py:840} INFO - DAG(s) 'example_short_circuit_operator' retrieved from /home/airflow/.local/lib/python3.8/site-packages/airflow/example_dags/example_short_circuit_operator.py
[2024-03-28T17:17:52.082+0000] {logging_mixin.py:188} INFO - [2024-03-28T17:17:52.082+0000] {dag.py:3047} INFO - Sync 1 DAGs
[2024-03-28T17:17:52.270+0000] {logging_mixin.py:188} INFO - [2024-03-28T17:17:52.268+0000] {dag.py:3834} INFO - Setting next_dagrun for example_short_circuit_operator to 2024-03-27 00:00:00+00:00, run_after=2024-03-28 00:00:00+00:00
[2024-03-28T17:17:52.432+0000] {processor.py:183} INFO - Processing /home/airflow/.local/lib/python3.8/site-packages/airflow/example_dags/example_short_circuit_operator.py took 0.664 seconds
[2024-03-28T17:18:52.278+0000] {processor.py:161} INFO - Started process (PID=984) to work on /home/airflow/.local/lib/python3.8/site-packages/airflow/example_dags/example_short_circuit_operator.py
[2024-03-28T17:18:52.286+0000] {processor.py:830} INFO - Processing file /home/airflow/.local/lib/python3.8/site-packages/airflow/example_dags/example_short_circuit_operator.py for tasks to queue
[2024-03-28T17:18:52.323+0000] {logging_mixin.py:188} INFO - [2024-03-28T17:18:52.322+0000] {dagbag.py:540} INFO - Filling up the DagBag from /home/airflow/.local/lib/python3.8/site-packages/airflow/example_dags/example_short_circuit_operator.py
[2024-03-28T17:18:52.404+0000] {processor.py:840} INFO - DAG(s) 'example_short_circuit_operator' retrieved from /home/airflow/.local/lib/python3.8/site-packages/airflow/example_dags/example_short_circuit_operator.py
[2024-03-28T17:18:52.701+0000] {logging_mixin.py:188} INFO - [2024-03-28T17:18:52.700+0000] {dag.py:3047} INFO - Sync 1 DAGs
[2024-03-28T17:18:53.251+0000] {logging_mixin.py:188} INFO - [2024-03-28T17:18:53.232+0000] {dag.py:3834} INFO - Setting next_dagrun for example_short_circuit_operator to 2024-03-27 00:00:00+00:00, run_after=2024-03-28 00:00:00+00:00
[2024-03-28T17:18:53.521+0000] {processor.py:183} INFO - Processing /home/airflow/.local/lib/python3.8/site-packages/airflow/example_dags/example_short_circuit_operator.py took 1.277 seconds
[2024-03-28T17:19:24.958+0000] {processor.py:161} INFO - Started process (PID=1039) to work on /home/airflow/.local/lib/python3.8/site-packages/airflow/example_dags/example_short_circuit_operator.py
[2024-03-28T17:19:24.965+0000] {processor.py:830} INFO - Processing file /home/airflow/.local/lib/python3.8/site-packages/airflow/example_dags/example_short_circuit_operator.py for tasks to queue
[2024-03-28T17:19:24.977+0000] {logging_mixin.py:188} INFO - [2024-03-28T17:19:24.976+0000] {dagbag.py:540} INFO - Filling up the DagBag from /home/airflow/.local/lib/python3.8/site-packages/airflow/example_dags/example_short_circuit_operator.py
[2024-03-28T17:19:25.064+0000] {processor.py:840} INFO - DAG(s) 'example_short_circuit_operator' retrieved from /home/airflow/.local/lib/python3.8/site-packages/airflow/example_dags/example_short_circuit_operator.py
[2024-03-28T17:19:25.254+0000] {logging_mixin.py:188} INFO - [2024-03-28T17:19:25.253+0000] {dag.py:3047} INFO - Sync 1 DAGs
[2024-03-28T17:19:25.342+0000] {logging_mixin.py:188} INFO - [2024-03-28T17:19:25.342+0000] {dag.py:3834} INFO - Setting next_dagrun for example_short_circuit_operator to 2024-03-27 00:00:00+00:00, run_after=2024-03-28 00:00:00+00:00
[2024-03-28T17:19:25.435+0000] {processor.py:183} INFO - Processing /home/airflow/.local/lib/python3.8/site-packages/airflow/example_dags/example_short_circuit_operator.py took 0.490 seconds
[2024-03-28T17:19:57.175+0000] {processor.py:161} INFO - Started process (PID=1095) to work on /home/airflow/.local/lib/python3.8/site-packages/airflow/example_dags/example_short_circuit_operator.py
[2024-03-28T17:19:57.180+0000] {processor.py:830} INFO - Processing file /home/airflow/.local/lib/python3.8/site-packages/airflow/example_dags/example_short_circuit_operator.py for tasks to queue
[2024-03-28T17:19:57.192+0000] {logging_mixin.py:188} INFO - [2024-03-28T17:19:57.191+0000] {dagbag.py:540} INFO - Filling up the DagBag from /home/airflow/.local/lib/python3.8/site-packages/airflow/example_dags/example_short_circuit_operator.py
[2024-03-28T17:19:57.227+0000] {processor.py:840} INFO - DAG(s) 'example_short_circuit_operator' retrieved from /home/airflow/.local/lib/python3.8/site-packages/airflow/example_dags/example_short_circuit_operator.py
[2024-03-28T17:19:57.390+0000] {logging_mixin.py:188} INFO - [2024-03-28T17:19:57.390+0000] {dag.py:3047} INFO - Sync 1 DAGs
[2024-03-28T17:19:57.664+0000] {logging_mixin.py:188} INFO - [2024-03-28T17:19:57.663+0000] {dag.py:3834} INFO - Setting next_dagrun for example_short_circuit_operator to 2024-03-27 00:00:00+00:00, run_after=2024-03-28 00:00:00+00:00
[2024-03-28T17:19:57.920+0000] {processor.py:183} INFO - Processing /home/airflow/.local/lib/python3.8/site-packages/airflow/example_dags/example_short_circuit_operator.py took 0.759 seconds
[2024-03-28T17:20:28.513+0000] {processor.py:161} INFO - Started process (PID=1150) to work on /home/airflow/.local/lib/python3.8/site-packages/airflow/example_dags/example_short_circuit_operator.py
[2024-03-28T17:20:28.519+0000] {processor.py:830} INFO - Processing file /home/airflow/.local/lib/python3.8/site-packages/airflow/example_dags/example_short_circuit_operator.py for tasks to queue
[2024-03-28T17:20:28.533+0000] {logging_mixin.py:188} INFO - [2024-03-28T17:20:28.527+0000] {dagbag.py:540} INFO - Filling up the DagBag from /home/airflow/.local/lib/python3.8/site-packages/airflow/example_dags/example_short_circuit_operator.py
[2024-03-28T17:20:28.557+0000] {processor.py:840} INFO - DAG(s) 'example_short_circuit_operator' retrieved from /home/airflow/.local/lib/python3.8/site-packages/airflow/example_dags/example_short_circuit_operator.py
[2024-03-28T17:20:28.616+0000] {logging_mixin.py:188} INFO - [2024-03-28T17:20:28.615+0000] {dag.py:3047} INFO - Sync 1 DAGs
[2024-03-28T17:20:28.684+0000] {logging_mixin.py:188} INFO - [2024-03-28T17:20:28.683+0000] {dag.py:3834} INFO - Setting next_dagrun for example_short_circuit_operator to 2024-03-27 00:00:00+00:00, run_after=2024-03-28 00:00:00+00:00
[2024-03-28T17:20:28.769+0000] {processor.py:183} INFO - Processing /home/airflow/.local/lib/python3.8/site-packages/airflow/example_dags/example_short_circuit_operator.py took 0.267 seconds
[2024-03-28T17:20:59.378+0000] {processor.py:161} INFO - Started process (PID=1205) to work on /home/airflow/.local/lib/python3.8/site-packages/airflow/example_dags/example_short_circuit_operator.py
[2024-03-28T17:20:59.386+0000] {processor.py:830} INFO - Processing file /home/airflow/.local/lib/python3.8/site-packages/airflow/example_dags/example_short_circuit_operator.py for tasks to queue
[2024-03-28T17:20:59.395+0000] {logging_mixin.py:188} INFO - [2024-03-28T17:20:59.393+0000] {dagbag.py:540} INFO - Filling up the DagBag from /home/airflow/.local/lib/python3.8/site-packages/airflow/example_dags/example_short_circuit_operator.py
[2024-03-28T17:20:59.427+0000] {processor.py:840} INFO - DAG(s) 'example_short_circuit_operator' retrieved from /home/airflow/.local/lib/python3.8/site-packages/airflow/example_dags/example_short_circuit_operator.py
[2024-03-28T17:20:59.544+0000] {logging_mixin.py:188} INFO - [2024-03-28T17:20:59.542+0000] {dag.py:3047} INFO - Sync 1 DAGs
[2024-03-28T17:20:59.611+0000] {logging_mixin.py:188} INFO - [2024-03-28T17:20:59.610+0000] {dag.py:3834} INFO - Setting next_dagrun for example_short_circuit_operator to 2024-03-27 00:00:00+00:00, run_after=2024-03-28 00:00:00+00:00
[2024-03-28T17:20:59.702+0000] {processor.py:183} INFO - Processing /home/airflow/.local/lib/python3.8/site-packages/airflow/example_dags/example_short_circuit_operator.py took 0.339 seconds
[2024-03-28T17:21:30.593+0000] {processor.py:161} INFO - Started process (PID=1261) to work on /home/airflow/.local/lib/python3.8/site-packages/airflow/example_dags/example_short_circuit_operator.py
[2024-03-28T17:21:30.597+0000] {processor.py:830} INFO - Processing file /home/airflow/.local/lib/python3.8/site-packages/airflow/example_dags/example_short_circuit_operator.py for tasks to queue
[2024-03-28T17:21:30.603+0000] {logging_mixin.py:188} INFO - [2024-03-28T17:21:30.602+0000] {dagbag.py:540} INFO - Filling up the DagBag from /home/airflow/.local/lib/python3.8/site-packages/airflow/example_dags/example_short_circuit_operator.py
[2024-03-28T17:21:30.625+0000] {processor.py:840} INFO - DAG(s) 'example_short_circuit_operator' retrieved from /home/airflow/.local/lib/python3.8/site-packages/airflow/example_dags/example_short_circuit_operator.py
[2024-03-28T17:21:30.689+0000] {logging_mixin.py:188} INFO - [2024-03-28T17:21:30.688+0000] {dag.py:3047} INFO - Sync 1 DAGs
[2024-03-28T17:21:30.741+0000] {logging_mixin.py:188} INFO - [2024-03-28T17:21:30.741+0000] {dag.py:3834} INFO - Setting next_dagrun for example_short_circuit_operator to 2024-03-27 00:00:00+00:00, run_after=2024-03-28 00:00:00+00:00
[2024-03-28T17:21:30.795+0000] {processor.py:183} INFO - Processing /home/airflow/.local/lib/python3.8/site-packages/airflow/example_dags/example_short_circuit_operator.py took 0.213 seconds
[2024-03-28T17:22:06.185+0000] {processor.py:161} INFO - Started process (PID=1317) to work on /home/airflow/.local/lib/python3.8/site-packages/airflow/example_dags/example_short_circuit_operator.py
[2024-03-28T17:22:06.189+0000] {processor.py:830} INFO - Processing file /home/airflow/.local/lib/python3.8/site-packages/airflow/example_dags/example_short_circuit_operator.py for tasks to queue
[2024-03-28T17:22:06.197+0000] {logging_mixin.py:188} INFO - [2024-03-28T17:22:06.196+0000] {dagbag.py:540} INFO - Filling up the DagBag from /home/airflow/.local/lib/python3.8/site-packages/airflow/example_dags/example_short_circuit_operator.py
[2024-03-28T17:22:06.221+0000] {processor.py:840} INFO - DAG(s) 'example_short_circuit_operator' retrieved from /home/airflow/.local/lib/python3.8/site-packages/airflow/example_dags/example_short_circuit_operator.py
[2024-03-28T17:22:06.298+0000] {logging_mixin.py:188} INFO - [2024-03-28T17:22:06.298+0000] {dag.py:3047} INFO - Sync 1 DAGs
[2024-03-28T17:22:06.370+0000] {logging_mixin.py:188} INFO - [2024-03-28T17:22:06.369+0000] {dag.py:3834} INFO - Setting next_dagrun for example_short_circuit_operator to 2024-03-27 00:00:00+00:00, run_after=2024-03-28 00:00:00+00:00
[2024-03-28T17:22:06.460+0000] {processor.py:183} INFO - Processing /home/airflow/.local/lib/python3.8/site-packages/airflow/example_dags/example_short_circuit_operator.py took 0.284 seconds
[2024-03-28T17:22:58.487+0000] {processor.py:161} INFO - Started process (PID=1385) to work on /home/airflow/.local/lib/python3.8/site-packages/airflow/example_dags/example_short_circuit_operator.py
[2024-03-28T17:22:58.492+0000] {processor.py:830} INFO - Processing file /home/airflow/.local/lib/python3.8/site-packages/airflow/example_dags/example_short_circuit_operator.py for tasks to queue
[2024-03-28T17:22:58.508+0000] {logging_mixin.py:188} INFO - [2024-03-28T17:22:58.502+0000] {dagbag.py:540} INFO - Filling up the DagBag from /home/airflow/.local/lib/python3.8/site-packages/airflow/example_dags/example_short_circuit_operator.py
[2024-03-28T17:22:58.548+0000] {processor.py:840} INFO - DAG(s) 'example_short_circuit_operator' retrieved from /home/airflow/.local/lib/python3.8/site-packages/airflow/example_dags/example_short_circuit_operator.py
[2024-03-28T17:22:58.622+0000] {logging_mixin.py:188} INFO - [2024-03-28T17:22:58.621+0000] {dag.py:3047} INFO - Sync 1 DAGs
[2024-03-28T17:22:58.705+0000] {logging_mixin.py:188} INFO - [2024-03-28T17:22:58.704+0000] {dag.py:3834} INFO - Setting next_dagrun for example_short_circuit_operator to 2024-03-27 00:00:00+00:00, run_after=2024-03-28 00:00:00+00:00
[2024-03-28T17:22:58.774+0000] {processor.py:183} INFO - Processing /home/airflow/.local/lib/python3.8/site-packages/airflow/example_dags/example_short_circuit_operator.py took 0.301 seconds
[2024-03-28T17:23:29.237+0000] {processor.py:161} INFO - Started process (PID=1440) to work on /home/airflow/.local/lib/python3.8/site-packages/airflow/example_dags/example_short_circuit_operator.py
[2024-03-28T17:23:29.246+0000] {processor.py:830} INFO - Processing file /home/airflow/.local/lib/python3.8/site-packages/airflow/example_dags/example_short_circuit_operator.py for tasks to queue
[2024-03-28T17:23:29.273+0000] {logging_mixin.py:188} INFO - [2024-03-28T17:23:29.269+0000] {dagbag.py:540} INFO - Filling up the DagBag from /home/airflow/.local/lib/python3.8/site-packages/airflow/example_dags/example_short_circuit_operator.py
[2024-03-28T17:23:29.369+0000] {processor.py:840} INFO - DAG(s) 'example_short_circuit_operator' retrieved from /home/airflow/.local/lib/python3.8/site-packages/airflow/example_dags/example_short_circuit_operator.py
[2024-03-28T17:23:29.477+0000] {logging_mixin.py:188} INFO - [2024-03-28T17:23:29.475+0000] {dag.py:3047} INFO - Sync 1 DAGs
[2024-03-28T17:23:29.547+0000] {logging_mixin.py:188} INFO - [2024-03-28T17:23:29.547+0000] {dag.py:3834} INFO - Setting next_dagrun for example_short_circuit_operator to 2024-03-27 00:00:00+00:00, run_after=2024-03-28 00:00:00+00:00
[2024-03-28T17:23:29.628+0000] {processor.py:183} INFO - Processing /home/airflow/.local/lib/python3.8/site-packages/airflow/example_dags/example_short_circuit_operator.py took 0.431 seconds
[2024-03-28T17:24:06.361+0000] {processor.py:161} INFO - Started process (PID=1499) to work on /home/airflow/.local/lib/python3.8/site-packages/airflow/example_dags/example_short_circuit_operator.py
[2024-03-28T17:24:06.377+0000] {processor.py:830} INFO - Processing file /home/airflow/.local/lib/python3.8/site-packages/airflow/example_dags/example_short_circuit_operator.py for tasks to queue
[2024-03-28T17:24:06.615+0000] {logging_mixin.py:188} INFO - [2024-03-28T17:24:06.608+0000] {dagbag.py:540} INFO - Filling up the DagBag from /home/airflow/.local/lib/python3.8/site-packages/airflow/example_dags/example_short_circuit_operator.py
[2024-03-28T17:24:07.063+0000] {processor.py:840} INFO - DAG(s) 'example_short_circuit_operator' retrieved from /home/airflow/.local/lib/python3.8/site-packages/airflow/example_dags/example_short_circuit_operator.py
[2024-03-28T17:24:07.264+0000] {logging_mixin.py:188} INFO - [2024-03-28T17:24:07.263+0000] {dag.py:3047} INFO - Sync 1 DAGs
[2024-03-28T17:24:07.584+0000] {logging_mixin.py:188} INFO - [2024-03-28T17:24:07.579+0000] {dag.py:3834} INFO - Setting next_dagrun for example_short_circuit_operator to 2024-03-27 00:00:00+00:00, run_after=2024-03-28 00:00:00+00:00
[2024-03-28T17:24:07.753+0000] {processor.py:183} INFO - Processing /home/airflow/.local/lib/python3.8/site-packages/airflow/example_dags/example_short_circuit_operator.py took 1.464 seconds
[2024-03-28T17:24:49.477+0000] {processor.py:161} INFO - Started process (PID=1578) to work on /home/airflow/.local/lib/python3.8/site-packages/airflow/example_dags/example_short_circuit_operator.py
[2024-03-28T17:24:49.481+0000] {processor.py:830} INFO - Processing file /home/airflow/.local/lib/python3.8/site-packages/airflow/example_dags/example_short_circuit_operator.py for tasks to queue
[2024-03-28T17:24:49.490+0000] {logging_mixin.py:188} INFO - [2024-03-28T17:24:49.489+0000] {dagbag.py:540} INFO - Filling up the DagBag from /home/airflow/.local/lib/python3.8/site-packages/airflow/example_dags/example_short_circuit_operator.py
[2024-03-28T17:24:49.510+0000] {processor.py:840} INFO - DAG(s) 'example_short_circuit_operator' retrieved from /home/airflow/.local/lib/python3.8/site-packages/airflow/example_dags/example_short_circuit_operator.py
[2024-03-28T17:24:49.648+0000] {logging_mixin.py:188} INFO - [2024-03-28T17:24:49.647+0000] {dag.py:3047} INFO - Sync 1 DAGs
[2024-03-28T17:24:49.745+0000] {logging_mixin.py:188} INFO - [2024-03-28T17:24:49.744+0000] {dag.py:3834} INFO - Setting next_dagrun for example_short_circuit_operator to 2024-03-27 00:00:00+00:00, run_after=2024-03-28 00:00:00+00:00
[2024-03-28T17:24:49.806+0000] {processor.py:183} INFO - Processing /home/airflow/.local/lib/python3.8/site-packages/airflow/example_dags/example_short_circuit_operator.py took 0.342 seconds
[2024-03-28T17:25:27.009+0000] {processor.py:161} INFO - Started process (PID=1637) to work on /home/airflow/.local/lib/python3.8/site-packages/airflow/example_dags/example_short_circuit_operator.py
[2024-03-28T17:25:27.016+0000] {processor.py:830} INFO - Processing file /home/airflow/.local/lib/python3.8/site-packages/airflow/example_dags/example_short_circuit_operator.py for tasks to queue
[2024-03-28T17:25:27.027+0000] {logging_mixin.py:188} INFO - [2024-03-28T17:25:27.026+0000] {dagbag.py:540} INFO - Filling up the DagBag from /home/airflow/.local/lib/python3.8/site-packages/airflow/example_dags/example_short_circuit_operator.py
[2024-03-28T17:25:27.053+0000] {processor.py:840} INFO - DAG(s) 'example_short_circuit_operator' retrieved from /home/airflow/.local/lib/python3.8/site-packages/airflow/example_dags/example_short_circuit_operator.py
[2024-03-28T17:25:27.152+0000] {logging_mixin.py:188} INFO - [2024-03-28T17:25:27.151+0000] {dag.py:3047} INFO - Sync 1 DAGs
[2024-03-28T17:25:27.236+0000] {logging_mixin.py:188} INFO - [2024-03-28T17:25:27.235+0000] {dag.py:3834} INFO - Setting next_dagrun for example_short_circuit_operator to 2024-03-27 00:00:00+00:00, run_after=2024-03-28 00:00:00+00:00
[2024-03-28T17:25:27.313+0000] {processor.py:183} INFO - Processing /home/airflow/.local/lib/python3.8/site-packages/airflow/example_dags/example_short_circuit_operator.py took 0.319 seconds
[2024-03-28T17:26:01.524+0000] {processor.py:161} INFO - Started process (PID=1692) to work on /home/airflow/.local/lib/python3.8/site-packages/airflow/example_dags/example_short_circuit_operator.py
[2024-03-28T17:26:01.530+0000] {processor.py:830} INFO - Processing file /home/airflow/.local/lib/python3.8/site-packages/airflow/example_dags/example_short_circuit_operator.py for tasks to queue
[2024-03-28T17:26:01.558+0000] {logging_mixin.py:188} INFO - [2024-03-28T17:26:01.554+0000] {dagbag.py:540} INFO - Filling up the DagBag from /home/airflow/.local/lib/python3.8/site-packages/airflow/example_dags/example_short_circuit_operator.py
[2024-03-28T17:26:01.641+0000] {processor.py:840} INFO - DAG(s) 'example_short_circuit_operator' retrieved from /home/airflow/.local/lib/python3.8/site-packages/airflow/example_dags/example_short_circuit_operator.py
[2024-03-28T17:26:01.839+0000] {logging_mixin.py:188} INFO - [2024-03-28T17:26:01.838+0000] {dag.py:3047} INFO - Sync 1 DAGs
[2024-03-28T17:26:02.108+0000] {logging_mixin.py:188} INFO - [2024-03-28T17:26:02.107+0000] {dag.py:3834} INFO - Setting next_dagrun for example_short_circuit_operator to 2024-03-27 00:00:00+00:00, run_after=2024-03-28 00:00:00+00:00
[2024-03-28T17:26:02.334+0000] {processor.py:183} INFO - Processing /home/airflow/.local/lib/python3.8/site-packages/airflow/example_dags/example_short_circuit_operator.py took 0.845 seconds
[2024-03-28T17:26:33.219+0000] {processor.py:161} INFO - Started process (PID=1747) to work on /home/airflow/.local/lib/python3.8/site-packages/airflow/example_dags/example_short_circuit_operator.py
[2024-03-28T17:26:33.230+0000] {processor.py:830} INFO - Processing file /home/airflow/.local/lib/python3.8/site-packages/airflow/example_dags/example_short_circuit_operator.py for tasks to queue
[2024-03-28T17:26:33.273+0000] {logging_mixin.py:188} INFO - [2024-03-28T17:26:33.272+0000] {dagbag.py:540} INFO - Filling up the DagBag from /home/airflow/.local/lib/python3.8/site-packages/airflow/example_dags/example_short_circuit_operator.py
[2024-03-28T17:26:33.343+0000] {processor.py:840} INFO - DAG(s) 'example_short_circuit_operator' retrieved from /home/airflow/.local/lib/python3.8/site-packages/airflow/example_dags/example_short_circuit_operator.py
[2024-03-28T17:26:33.470+0000] {logging_mixin.py:188} INFO - [2024-03-28T17:26:33.469+0000] {dag.py:3047} INFO - Sync 1 DAGs
[2024-03-28T17:26:33.601+0000] {logging_mixin.py:188} INFO - [2024-03-28T17:26:33.600+0000] {dag.py:3834} INFO - Setting next_dagrun for example_short_circuit_operator to 2024-03-27 00:00:00+00:00, run_after=2024-03-28 00:00:00+00:00
[2024-03-28T17:26:33.698+0000] {processor.py:183} INFO - Processing /home/airflow/.local/lib/python3.8/site-packages/airflow/example_dags/example_short_circuit_operator.py took 0.532 seconds
[2024-03-28T17:27:04.469+0000] {processor.py:161} INFO - Started process (PID=1801) to work on /home/airflow/.local/lib/python3.8/site-packages/airflow/example_dags/example_short_circuit_operator.py
[2024-03-28T17:27:04.474+0000] {processor.py:830} INFO - Processing file /home/airflow/.local/lib/python3.8/site-packages/airflow/example_dags/example_short_circuit_operator.py for tasks to queue
[2024-03-28T17:27:04.483+0000] {logging_mixin.py:188} INFO - [2024-03-28T17:27:04.480+0000] {dagbag.py:540} INFO - Filling up the DagBag from /home/airflow/.local/lib/python3.8/site-packages/airflow/example_dags/example_short_circuit_operator.py
[2024-03-28T17:27:04.513+0000] {processor.py:840} INFO - DAG(s) 'example_short_circuit_operator' retrieved from /home/airflow/.local/lib/python3.8/site-packages/airflow/example_dags/example_short_circuit_operator.py
[2024-03-28T17:27:04.596+0000] {logging_mixin.py:188} INFO - [2024-03-28T17:27:04.595+0000] {dag.py:3047} INFO - Sync 1 DAGs
[2024-03-28T17:27:04.697+0000] {logging_mixin.py:188} INFO - [2024-03-28T17:27:04.696+0000] {dag.py:3834} INFO - Setting next_dagrun for example_short_circuit_operator to 2024-03-27 00:00:00+00:00, run_after=2024-03-28 00:00:00+00:00
[2024-03-28T17:27:04.804+0000] {processor.py:183} INFO - Processing /home/airflow/.local/lib/python3.8/site-packages/airflow/example_dags/example_short_circuit_operator.py took 0.350 seconds
[2024-03-28T17:27:38.065+0000] {processor.py:161} INFO - Started process (PID=1857) to work on /home/airflow/.local/lib/python3.8/site-packages/airflow/example_dags/example_short_circuit_operator.py
[2024-03-28T17:27:38.070+0000] {processor.py:830} INFO - Processing file /home/airflow/.local/lib/python3.8/site-packages/airflow/example_dags/example_short_circuit_operator.py for tasks to queue
[2024-03-28T17:27:38.087+0000] {logging_mixin.py:188} INFO - [2024-03-28T17:27:38.086+0000] {dagbag.py:540} INFO - Filling up the DagBag from /home/airflow/.local/lib/python3.8/site-packages/airflow/example_dags/example_short_circuit_operator.py
[2024-03-28T17:27:38.153+0000] {processor.py:840} INFO - DAG(s) 'example_short_circuit_operator' retrieved from /home/airflow/.local/lib/python3.8/site-packages/airflow/example_dags/example_short_circuit_operator.py
[2024-03-28T17:27:38.227+0000] {logging_mixin.py:188} INFO - [2024-03-28T17:27:38.226+0000] {dag.py:3047} INFO - Sync 1 DAGs
[2024-03-28T17:27:38.312+0000] {logging_mixin.py:188} INFO - [2024-03-28T17:27:38.311+0000] {dag.py:3834} INFO - Setting next_dagrun for example_short_circuit_operator to 2024-03-27 00:00:00+00:00, run_after=2024-03-28 00:00:00+00:00
[2024-03-28T17:27:38.409+0000] {processor.py:183} INFO - Processing /home/airflow/.local/lib/python3.8/site-packages/airflow/example_dags/example_short_circuit_operator.py took 0.372 seconds
[2024-03-28T17:28:09.264+0000] {processor.py:161} INFO - Started process (PID=1912) to work on /home/airflow/.local/lib/python3.8/site-packages/airflow/example_dags/example_short_circuit_operator.py
[2024-03-28T17:28:09.274+0000] {processor.py:830} INFO - Processing file /home/airflow/.local/lib/python3.8/site-packages/airflow/example_dags/example_short_circuit_operator.py for tasks to queue
[2024-03-28T17:28:09.287+0000] {logging_mixin.py:188} INFO - [2024-03-28T17:28:09.285+0000] {dagbag.py:540} INFO - Filling up the DagBag from /home/airflow/.local/lib/python3.8/site-packages/airflow/example_dags/example_short_circuit_operator.py
[2024-03-28T17:28:09.320+0000] {processor.py:840} INFO - DAG(s) 'example_short_circuit_operator' retrieved from /home/airflow/.local/lib/python3.8/site-packages/airflow/example_dags/example_short_circuit_operator.py
[2024-03-28T17:28:09.494+0000] {logging_mixin.py:188} INFO - [2024-03-28T17:28:09.488+0000] {dag.py:3047} INFO - Sync 1 DAGs
[2024-03-28T17:28:09.662+0000] {logging_mixin.py:188} INFO - [2024-03-28T17:28:09.661+0000] {dag.py:3834} INFO - Setting next_dagrun for example_short_circuit_operator to 2024-03-27 00:00:00+00:00, run_after=2024-03-28 00:00:00+00:00
[2024-03-28T17:28:09.805+0000] {processor.py:183} INFO - Processing /home/airflow/.local/lib/python3.8/site-packages/airflow/example_dags/example_short_circuit_operator.py took 0.581 seconds
[2024-03-28T17:28:48.798+0000] {processor.py:161} INFO - Started process (PID=1972) to work on /home/airflow/.local/lib/python3.8/site-packages/airflow/example_dags/example_short_circuit_operator.py
[2024-03-28T17:28:48.803+0000] {processor.py:830} INFO - Processing file /home/airflow/.local/lib/python3.8/site-packages/airflow/example_dags/example_short_circuit_operator.py for tasks to queue
[2024-03-28T17:28:48.815+0000] {logging_mixin.py:188} INFO - [2024-03-28T17:28:48.809+0000] {dagbag.py:540} INFO - Filling up the DagBag from /home/airflow/.local/lib/python3.8/site-packages/airflow/example_dags/example_short_circuit_operator.py
[2024-03-28T17:28:48.837+0000] {processor.py:840} INFO - DAG(s) 'example_short_circuit_operator' retrieved from /home/airflow/.local/lib/python3.8/site-packages/airflow/example_dags/example_short_circuit_operator.py
[2024-03-28T17:28:49.015+0000] {logging_mixin.py:188} INFO - [2024-03-28T17:28:49.014+0000] {dag.py:3047} INFO - Sync 1 DAGs
[2024-03-28T17:28:49.164+0000] {logging_mixin.py:188} INFO - [2024-03-28T17:28:49.162+0000] {dag.py:3834} INFO - Setting next_dagrun for example_short_circuit_operator to 2024-03-27 00:00:00+00:00, run_after=2024-03-28 00:00:00+00:00
[2024-03-28T17:28:49.328+0000] {processor.py:183} INFO - Processing /home/airflow/.local/lib/python3.8/site-packages/airflow/example_dags/example_short_circuit_operator.py took 0.556 seconds
[2024-03-28T17:29:26.424+0000] {processor.py:161} INFO - Started process (PID=2033) to work on /home/airflow/.local/lib/python3.8/site-packages/airflow/example_dags/example_short_circuit_operator.py
[2024-03-28T17:29:26.436+0000] {processor.py:830} INFO - Processing file /home/airflow/.local/lib/python3.8/site-packages/airflow/example_dags/example_short_circuit_operator.py for tasks to queue
[2024-03-28T17:29:26.455+0000] {logging_mixin.py:188} INFO - [2024-03-28T17:29:26.453+0000] {dagbag.py:540} INFO - Filling up the DagBag from /home/airflow/.local/lib/python3.8/site-packages/airflow/example_dags/example_short_circuit_operator.py
[2024-03-28T17:29:26.517+0000] {processor.py:840} INFO - DAG(s) 'example_short_circuit_operator' retrieved from /home/airflow/.local/lib/python3.8/site-packages/airflow/example_dags/example_short_circuit_operator.py
[2024-03-28T17:29:26.599+0000] {logging_mixin.py:188} INFO - [2024-03-28T17:29:26.599+0000] {dag.py:3047} INFO - Sync 1 DAGs
[2024-03-28T17:29:26.705+0000] {logging_mixin.py:188} INFO - [2024-03-28T17:29:26.703+0000] {dag.py:3834} INFO - Setting next_dagrun for example_short_circuit_operator to 2024-03-27 00:00:00+00:00, run_after=2024-03-28 00:00:00+00:00
[2024-03-28T17:29:26.837+0000] {processor.py:183} INFO - Processing /home/airflow/.local/lib/python3.8/site-packages/airflow/example_dags/example_short_circuit_operator.py took 0.431 seconds
[2024-03-28T17:29:58.447+0000] {processor.py:161} INFO - Started process (PID=2088) to work on /home/airflow/.local/lib/python3.8/site-packages/airflow/example_dags/example_short_circuit_operator.py
[2024-03-28T17:29:58.494+0000] {processor.py:830} INFO - Processing file /home/airflow/.local/lib/python3.8/site-packages/airflow/example_dags/example_short_circuit_operator.py for tasks to queue
[2024-03-28T17:29:58.526+0000] {logging_mixin.py:188} INFO - [2024-03-28T17:29:58.520+0000] {dagbag.py:540} INFO - Filling up the DagBag from /home/airflow/.local/lib/python3.8/site-packages/airflow/example_dags/example_short_circuit_operator.py
[2024-03-28T17:29:58.627+0000] {processor.py:840} INFO - DAG(s) 'example_short_circuit_operator' retrieved from /home/airflow/.local/lib/python3.8/site-packages/airflow/example_dags/example_short_circuit_operator.py
[2024-03-28T17:29:58.939+0000] {logging_mixin.py:188} INFO - [2024-03-28T17:29:58.938+0000] {dag.py:3047} INFO - Sync 1 DAGs
[2024-03-28T17:29:59.208+0000] {logging_mixin.py:188} INFO - [2024-03-28T17:29:59.208+0000] {dag.py:3834} INFO - Setting next_dagrun for example_short_circuit_operator to 2024-03-27 00:00:00+00:00, run_after=2024-03-28 00:00:00+00:00
[2024-03-28T17:29:59.582+0000] {processor.py:183} INFO - Processing /home/airflow/.local/lib/python3.8/site-packages/airflow/example_dags/example_short_circuit_operator.py took 1.186 seconds
[2024-03-28T17:30:30.299+0000] {processor.py:161} INFO - Started process (PID=2143) to work on /home/airflow/.local/lib/python3.8/site-packages/airflow/example_dags/example_short_circuit_operator.py
[2024-03-28T17:30:30.310+0000] {processor.py:830} INFO - Processing file /home/airflow/.local/lib/python3.8/site-packages/airflow/example_dags/example_short_circuit_operator.py for tasks to queue
[2024-03-28T17:30:30.329+0000] {logging_mixin.py:188} INFO - [2024-03-28T17:30:30.323+0000] {dagbag.py:540} INFO - Filling up the DagBag from /home/airflow/.local/lib/python3.8/site-packages/airflow/example_dags/example_short_circuit_operator.py
[2024-03-28T17:30:30.370+0000] {processor.py:840} INFO - DAG(s) 'example_short_circuit_operator' retrieved from /home/airflow/.local/lib/python3.8/site-packages/airflow/example_dags/example_short_circuit_operator.py
[2024-03-28T17:30:30.609+0000] {logging_mixin.py:188} INFO - [2024-03-28T17:30:30.604+0000] {dag.py:3047} INFO - Sync 1 DAGs
[2024-03-28T17:30:30.817+0000] {logging_mixin.py:188} INFO - [2024-03-28T17:30:30.816+0000] {dag.py:3834} INFO - Setting next_dagrun for example_short_circuit_operator to 2024-03-27 00:00:00+00:00, run_after=2024-03-28 00:00:00+00:00
[2024-03-28T17:30:31.008+0000] {processor.py:183} INFO - Processing /home/airflow/.local/lib/python3.8/site-packages/airflow/example_dags/example_short_circuit_operator.py took 0.737 seconds
[2024-03-28T17:31:08.283+0000] {processor.py:161} INFO - Started process (PID=2198) to work on /home/airflow/.local/lib/python3.8/site-packages/airflow/example_dags/example_short_circuit_operator.py
[2024-03-28T17:31:08.289+0000] {processor.py:830} INFO - Processing file /home/airflow/.local/lib/python3.8/site-packages/airflow/example_dags/example_short_circuit_operator.py for tasks to queue
[2024-03-28T17:31:08.300+0000] {logging_mixin.py:188} INFO - [2024-03-28T17:31:08.296+0000] {dagbag.py:540} INFO - Filling up the DagBag from /home/airflow/.local/lib/python3.8/site-packages/airflow/example_dags/example_short_circuit_operator.py
[2024-03-28T17:31:08.353+0000] {processor.py:840} INFO - DAG(s) 'example_short_circuit_operator' retrieved from /home/airflow/.local/lib/python3.8/site-packages/airflow/example_dags/example_short_circuit_operator.py
[2024-03-28T17:31:08.514+0000] {logging_mixin.py:188} INFO - [2024-03-28T17:31:08.512+0000] {dag.py:3047} INFO - Sync 1 DAGs
[2024-03-28T17:31:09.223+0000] {logging_mixin.py:188} INFO - [2024-03-28T17:31:09.217+0000] {dag.py:3834} INFO - Setting next_dagrun for example_short_circuit_operator to 2024-03-27 00:00:00+00:00, run_after=2024-03-28 00:00:00+00:00
[2024-03-28T17:31:09.473+0000] {processor.py:183} INFO - Processing /home/airflow/.local/lib/python3.8/site-packages/airflow/example_dags/example_short_circuit_operator.py took 1.223 seconds
[2024-03-28T17:31:40.038+0000] {processor.py:161} INFO - Started process (PID=2252) to work on /home/airflow/.local/lib/python3.8/site-packages/airflow/example_dags/example_short_circuit_operator.py
[2024-03-28T17:31:40.045+0000] {processor.py:830} INFO - Processing file /home/airflow/.local/lib/python3.8/site-packages/airflow/example_dags/example_short_circuit_operator.py for tasks to queue
[2024-03-28T17:31:40.054+0000] {logging_mixin.py:188} INFO - [2024-03-28T17:31:40.052+0000] {dagbag.py:540} INFO - Filling up the DagBag from /home/airflow/.local/lib/python3.8/site-packages/airflow/example_dags/example_short_circuit_operator.py
[2024-03-28T17:31:40.077+0000] {processor.py:840} INFO - DAG(s) 'example_short_circuit_operator' retrieved from /home/airflow/.local/lib/python3.8/site-packages/airflow/example_dags/example_short_circuit_operator.py
[2024-03-28T17:31:40.140+0000] {logging_mixin.py:188} INFO - [2024-03-28T17:31:40.140+0000] {dag.py:3047} INFO - Sync 1 DAGs
[2024-03-28T17:31:40.206+0000] {logging_mixin.py:188} INFO - [2024-03-28T17:31:40.205+0000] {dag.py:3834} INFO - Setting next_dagrun for example_short_circuit_operator to 2024-03-27 00:00:00+00:00, run_after=2024-03-28 00:00:00+00:00
[2024-03-28T17:31:40.258+0000] {processor.py:183} INFO - Processing /home/airflow/.local/lib/python3.8/site-packages/airflow/example_dags/example_short_circuit_operator.py took 0.234 seconds
[2024-03-28T17:32:15.538+0000] {processor.py:161} INFO - Started process (PID=2303) to work on /home/airflow/.local/lib/python3.8/site-packages/airflow/example_dags/example_short_circuit_operator.py
[2024-03-28T17:32:15.543+0000] {processor.py:830} INFO - Processing file /home/airflow/.local/lib/python3.8/site-packages/airflow/example_dags/example_short_circuit_operator.py for tasks to queue
[2024-03-28T17:32:15.551+0000] {logging_mixin.py:188} INFO - [2024-03-28T17:32:15.551+0000] {dagbag.py:540} INFO - Filling up the DagBag from /home/airflow/.local/lib/python3.8/site-packages/airflow/example_dags/example_short_circuit_operator.py
[2024-03-28T17:32:15.577+0000] {processor.py:840} INFO - DAG(s) 'example_short_circuit_operator' retrieved from /home/airflow/.local/lib/python3.8/site-packages/airflow/example_dags/example_short_circuit_operator.py
[2024-03-28T17:32:15.656+0000] {logging_mixin.py:188} INFO - [2024-03-28T17:32:15.655+0000] {dag.py:3047} INFO - Sync 1 DAGs
[2024-03-28T17:32:15.740+0000] {logging_mixin.py:188} INFO - [2024-03-28T17:32:15.739+0000] {dag.py:3834} INFO - Setting next_dagrun for example_short_circuit_operator to 2024-03-27 00:00:00+00:00, run_after=2024-03-28 00:00:00+00:00
[2024-03-28T17:32:15.791+0000] {processor.py:183} INFO - Processing /home/airflow/.local/lib/python3.8/site-packages/airflow/example_dags/example_short_circuit_operator.py took 0.261 seconds
[2024-03-28T17:32:53.886+0000] {processor.py:161} INFO - Started process (PID=2363) to work on /home/airflow/.local/lib/python3.8/site-packages/airflow/example_dags/example_short_circuit_operator.py
[2024-03-28T17:32:53.891+0000] {processor.py:830} INFO - Processing file /home/airflow/.local/lib/python3.8/site-packages/airflow/example_dags/example_short_circuit_operator.py for tasks to queue
[2024-03-28T17:32:53.900+0000] {logging_mixin.py:188} INFO - [2024-03-28T17:32:53.899+0000] {dagbag.py:540} INFO - Filling up the DagBag from /home/airflow/.local/lib/python3.8/site-packages/airflow/example_dags/example_short_circuit_operator.py
[2024-03-28T17:32:53.922+0000] {processor.py:840} INFO - DAG(s) 'example_short_circuit_operator' retrieved from /home/airflow/.local/lib/python3.8/site-packages/airflow/example_dags/example_short_circuit_operator.py
[2024-03-28T17:32:54.003+0000] {logging_mixin.py:188} INFO - [2024-03-28T17:32:54.001+0000] {dag.py:3047} INFO - Sync 1 DAGs
[2024-03-28T17:32:54.107+0000] {logging_mixin.py:188} INFO - [2024-03-28T17:32:54.106+0000] {dag.py:3834} INFO - Setting next_dagrun for example_short_circuit_operator to 2024-03-27 00:00:00+00:00, run_after=2024-03-28 00:00:00+00:00
[2024-03-28T17:32:54.334+0000] {processor.py:183} INFO - Processing /home/airflow/.local/lib/python3.8/site-packages/airflow/example_dags/example_short_circuit_operator.py took 0.456 seconds
[2024-03-28T17:33:27.437+0000] {processor.py:161} INFO - Started process (PID=2421) to work on /home/airflow/.local/lib/python3.8/site-packages/airflow/example_dags/example_short_circuit_operator.py
[2024-03-28T17:33:27.441+0000] {processor.py:830} INFO - Processing file /home/airflow/.local/lib/python3.8/site-packages/airflow/example_dags/example_short_circuit_operator.py for tasks to queue
[2024-03-28T17:33:27.448+0000] {logging_mixin.py:188} INFO - [2024-03-28T17:33:27.447+0000] {dagbag.py:540} INFO - Filling up the DagBag from /home/airflow/.local/lib/python3.8/site-packages/airflow/example_dags/example_short_circuit_operator.py
[2024-03-28T17:33:27.472+0000] {processor.py:840} INFO - DAG(s) 'example_short_circuit_operator' retrieved from /home/airflow/.local/lib/python3.8/site-packages/airflow/example_dags/example_short_circuit_operator.py
[2024-03-28T17:33:27.553+0000] {logging_mixin.py:188} INFO - [2024-03-28T17:33:27.553+0000] {dag.py:3047} INFO - Sync 1 DAGs
[2024-03-28T17:33:27.635+0000] {logging_mixin.py:188} INFO - [2024-03-28T17:33:27.634+0000] {dag.py:3834} INFO - Setting next_dagrun for example_short_circuit_operator to 2024-03-27 00:00:00+00:00, run_after=2024-03-28 00:00:00+00:00
[2024-03-28T17:33:27.718+0000] {processor.py:183} INFO - Processing /home/airflow/.local/lib/python3.8/site-packages/airflow/example_dags/example_short_circuit_operator.py took 0.293 seconds
