[2024-03-28T16:30:31.995+0000] {processor.py:161} INFO - Started process (PID=108) to work on /home/airflow/.local/lib/python3.8/site-packages/airflow/example_dags/example_branch_labels.py
[2024-03-28T16:30:32.014+0000] {processor.py:830} INFO - Processing file /home/airflow/.local/lib/python3.8/site-packages/airflow/example_dags/example_branch_labels.py for tasks to queue
[2024-03-28T16:30:32.160+0000] {logging_mixin.py:188} INFO - [2024-03-28T16:30:32.054+0000] {dagbag.py:540} INFO - Filling up the DagBag from /home/airflow/.local/lib/python3.8/site-packages/airflow/example_dags/example_branch_labels.py
[2024-03-28T16:30:32.901+0000] {processor.py:840} INFO - DAG(s) 'example_branch_labels' retrieved from /home/airflow/.local/lib/python3.8/site-packages/airflow/example_dags/example_branch_labels.py
[2024-03-28T16:30:40.146+0000] {logging_mixin.py:188} INFO - [2024-03-28T16:30:40.133+0000] {override.py:1769} INFO - Created Permission View: can edit on DAG:example_branch_labels
[2024-03-28T16:30:41.818+0000] {logging_mixin.py:188} INFO - [2024-03-28T16:30:41.817+0000] {override.py:1769} INFO - Created Permission View: can read on DAG:example_branch_labels
[2024-03-28T16:30:42.179+0000] {logging_mixin.py:188} INFO - [2024-03-28T16:30:42.178+0000] {override.py:1769} INFO - Created Permission View: can delete on DAG:example_branch_labels
[2024-03-28T16:30:42.282+0000] {logging_mixin.py:188} INFO - [2024-03-28T16:30:42.243+0000] {dag.py:3047} INFO - Sync 1 DAGs
[2024-03-28T16:30:42.610+0000] {logging_mixin.py:188} INFO - [2024-03-28T16:30:42.599+0000] {dag.py:3069} INFO - Creating ORM DAG for example_branch_labels
[2024-03-28T16:30:43.219+0000] {logging_mixin.py:188} INFO - [2024-03-28T16:30:43.211+0000] {dag.py:3834} INFO - Setting next_dagrun for example_branch_labels to 2024-03-27 00:00:00+00:00, run_after=2024-03-28 00:00:00+00:00
[2024-03-28T16:30:43.983+0000] {processor.py:183} INFO - Processing /home/airflow/.local/lib/python3.8/site-packages/airflow/example_dags/example_branch_labels.py took 12.388 seconds
[2024-03-28T16:35:04.325+0000] {processor.py:161} INFO - Started process (PID=203) to work on /home/airflow/.local/lib/python3.8/site-packages/airflow/example_dags/example_branch_labels.py
[2024-03-28T16:35:04.514+0000] {processor.py:830} INFO - Processing file /home/airflow/.local/lib/python3.8/site-packages/airflow/example_dags/example_branch_labels.py for tasks to queue
[2024-03-28T16:35:05.042+0000] {logging_mixin.py:188} INFO - [2024-03-28T16:35:04.871+0000] {dagbag.py:540} INFO - Filling up the DagBag from /home/airflow/.local/lib/python3.8/site-packages/airflow/example_dags/example_branch_labels.py
[2024-03-28T16:35:05.434+0000] {processor.py:840} INFO - DAG(s) 'example_branch_labels' retrieved from /home/airflow/.local/lib/python3.8/site-packages/airflow/example_dags/example_branch_labels.py
[2024-03-28T16:35:05.849+0000] {logging_mixin.py:188} INFO - [2024-03-28T16:35:05.848+0000] {dag.py:3047} INFO - Sync 1 DAGs
[2024-03-28T16:35:08.197+0000] {logging_mixin.py:188} INFO - [2024-03-28T16:35:08.196+0000] {dag.py:3834} INFO - Setting next_dagrun for example_branch_labels to 2024-03-27 00:00:00+00:00, run_after=2024-03-28 00:00:00+00:00
[2024-03-28T16:35:09.141+0000] {processor.py:183} INFO - Processing /home/airflow/.local/lib/python3.8/site-packages/airflow/example_dags/example_branch_labels.py took 5.019 seconds
[2024-03-28T16:37:38.723+0000] {processor.py:161} INFO - Started process (PID=277) to work on /home/airflow/.local/lib/python3.8/site-packages/airflow/example_dags/example_branch_labels.py
[2024-03-28T16:37:38.769+0000] {processor.py:830} INFO - Processing file /home/airflow/.local/lib/python3.8/site-packages/airflow/example_dags/example_branch_labels.py for tasks to queue
[2024-03-28T16:37:38.855+0000] {logging_mixin.py:188} INFO - [2024-03-28T16:37:38.849+0000] {dagbag.py:540} INFO - Filling up the DagBag from /home/airflow/.local/lib/python3.8/site-packages/airflow/example_dags/example_branch_labels.py
[2024-03-28T16:37:39.270+0000] {processor.py:840} INFO - DAG(s) 'example_branch_labels' retrieved from /home/airflow/.local/lib/python3.8/site-packages/airflow/example_dags/example_branch_labels.py
[2024-03-28T16:37:41.203+0000] {logging_mixin.py:188} INFO - [2024-03-28T16:37:41.202+0000] {dag.py:3047} INFO - Sync 1 DAGs
[2024-03-28T16:37:43.700+0000] {logging_mixin.py:188} INFO - [2024-03-28T16:37:43.632+0000] {dag.py:3834} INFO - Setting next_dagrun for example_branch_labels to 2024-03-27 00:00:00+00:00, run_after=2024-03-28 00:00:00+00:00
[2024-03-28T16:37:45.435+0000] {processor.py:183} INFO - Processing /home/airflow/.local/lib/python3.8/site-packages/airflow/example_dags/example_branch_labels.py took 6.763 seconds
[2024-03-28T16:40:04.219+0000] {processor.py:161} INFO - Started process (PID=339) to work on /home/airflow/.local/lib/python3.8/site-packages/airflow/example_dags/example_branch_labels.py
[2024-03-28T16:40:04.256+0000] {processor.py:830} INFO - Processing file /home/airflow/.local/lib/python3.8/site-packages/airflow/example_dags/example_branch_labels.py for tasks to queue
[2024-03-28T16:40:04.329+0000] {logging_mixin.py:188} INFO - [2024-03-28T16:40:04.301+0000] {dagbag.py:540} INFO - Filling up the DagBag from /home/airflow/.local/lib/python3.8/site-packages/airflow/example_dags/example_branch_labels.py
[2024-03-28T16:40:05.313+0000] {processor.py:840} INFO - DAG(s) 'example_branch_labels' retrieved from /home/airflow/.local/lib/python3.8/site-packages/airflow/example_dags/example_branch_labels.py
[2024-03-28T16:40:06.518+0000] {logging_mixin.py:188} INFO - [2024-03-28T16:40:06.477+0000] {dag.py:3047} INFO - Sync 1 DAGs
[2024-03-28T16:40:08.065+0000] {logging_mixin.py:188} INFO - [2024-03-28T16:40:08.064+0000] {dag.py:3834} INFO - Setting next_dagrun for example_branch_labels to 2024-03-27 00:00:00+00:00, run_after=2024-03-28 00:00:00+00:00
[2024-03-28T16:40:08.461+0000] {processor.py:183} INFO - Processing /home/airflow/.local/lib/python3.8/site-packages/airflow/example_dags/example_branch_labels.py took 5.269 seconds
[2024-03-28T16:43:11.445+0000] {processor.py:161} INFO - Started process (PID=411) to work on /home/airflow/.local/lib/python3.8/site-packages/airflow/example_dags/example_branch_labels.py
[2024-03-28T16:43:11.582+0000] {processor.py:830} INFO - Processing file /home/airflow/.local/lib/python3.8/site-packages/airflow/example_dags/example_branch_labels.py for tasks to queue
[2024-03-28T16:43:11.734+0000] {logging_mixin.py:188} INFO - [2024-03-28T16:43:11.723+0000] {dagbag.py:540} INFO - Filling up the DagBag from /home/airflow/.local/lib/python3.8/site-packages/airflow/example_dags/example_branch_labels.py
[2024-03-28T16:43:14.057+0000] {processor.py:840} INFO - DAG(s) 'example_branch_labels' retrieved from /home/airflow/.local/lib/python3.8/site-packages/airflow/example_dags/example_branch_labels.py
[2024-03-28T16:43:16.305+0000] {logging_mixin.py:188} INFO - [2024-03-28T16:43:16.304+0000] {dag.py:3047} INFO - Sync 1 DAGs
[2024-03-28T16:43:19.804+0000] {logging_mixin.py:188} INFO - [2024-03-28T16:43:19.803+0000] {dag.py:3834} INFO - Setting next_dagrun for example_branch_labels to 2024-03-27 00:00:00+00:00, run_after=2024-03-28 00:00:00+00:00
[2024-03-28T16:43:20.866+0000] {processor.py:183} INFO - Processing /home/airflow/.local/lib/python3.8/site-packages/airflow/example_dags/example_branch_labels.py took 9.667 seconds
[2024-03-28T16:50:24.956+0000] {processor.py:161} INFO - Started process (PID=524) to work on /home/airflow/.local/lib/python3.8/site-packages/airflow/example_dags/example_branch_labels.py
[2024-03-28T16:50:25.271+0000] {processor.py:830} INFO - Processing file /home/airflow/.local/lib/python3.8/site-packages/airflow/example_dags/example_branch_labels.py for tasks to queue
[2024-03-28T16:50:26.214+0000] {logging_mixin.py:188} INFO - [2024-03-28T16:50:25.814+0000] {dagbag.py:540} INFO - Filling up the DagBag from /home/airflow/.local/lib/python3.8/site-packages/airflow/example_dags/example_branch_labels.py
[2024-03-28T16:50:29.260+0000] {processor.py:840} INFO - DAG(s) 'example_branch_labels' retrieved from /home/airflow/.local/lib/python3.8/site-packages/airflow/example_dags/example_branch_labels.py
[2024-03-28T16:50:31.456+0000] {logging_mixin.py:188} INFO - [2024-03-28T16:50:31.434+0000] {dag.py:3047} INFO - Sync 1 DAGs
[2024-03-28T16:50:33.915+0000] {logging_mixin.py:188} INFO - [2024-03-28T16:50:33.915+0000] {dag.py:3834} INFO - Setting next_dagrun for example_branch_labels to 2024-03-27 00:00:00+00:00, run_after=2024-03-28 00:00:00+00:00
[2024-03-28T16:50:35.850+0000] {processor.py:183} INFO - Processing /home/airflow/.local/lib/python3.8/site-packages/airflow/example_dags/example_branch_labels.py took 12.264 seconds
[2024-03-28T17:05:43.166+0000] {processor.py:161} INFO - Started process (PID=49) to work on /home/airflow/.local/lib/python3.8/site-packages/airflow/example_dags/example_branch_labels.py
[2024-03-28T17:05:43.173+0000] {processor.py:830} INFO - Processing file /home/airflow/.local/lib/python3.8/site-packages/airflow/example_dags/example_branch_labels.py for tasks to queue
[2024-03-28T17:05:43.191+0000] {logging_mixin.py:188} INFO - [2024-03-28T17:05:43.190+0000] {dagbag.py:540} INFO - Filling up the DagBag from /home/airflow/.local/lib/python3.8/site-packages/airflow/example_dags/example_branch_labels.py
[2024-03-28T17:05:43.334+0000] {processor.py:840} INFO - DAG(s) 'example_branch_labels' retrieved from /home/airflow/.local/lib/python3.8/site-packages/airflow/example_dags/example_branch_labels.py
[2024-03-28T17:05:44.372+0000] {logging_mixin.py:188} INFO - [2024-03-28T17:05:44.371+0000] {dag.py:3047} INFO - Sync 1 DAGs
[2024-03-28T17:05:44.713+0000] {logging_mixin.py:188} INFO - [2024-03-28T17:05:44.712+0000] {dag.py:3834} INFO - Setting next_dagrun for example_branch_labels to 2024-03-27 00:00:00+00:00, run_after=2024-03-28 00:00:00+00:00
[2024-03-28T17:05:44.924+0000] {processor.py:183} INFO - Processing /home/airflow/.local/lib/python3.8/site-packages/airflow/example_dags/example_branch_labels.py took 1.789 seconds
[2024-03-28T17:07:15.668+0000] {processor.py:161} INFO - Started process (PID=116) to work on /home/airflow/.local/lib/python3.8/site-packages/airflow/example_dags/example_branch_labels.py
[2024-03-28T17:07:15.676+0000] {processor.py:830} INFO - Processing file /home/airflow/.local/lib/python3.8/site-packages/airflow/example_dags/example_branch_labels.py for tasks to queue
[2024-03-28T17:07:15.693+0000] {logging_mixin.py:188} INFO - [2024-03-28T17:07:15.687+0000] {dagbag.py:540} INFO - Filling up the DagBag from /home/airflow/.local/lib/python3.8/site-packages/airflow/example_dags/example_branch_labels.py
[2024-03-28T17:07:15.774+0000] {processor.py:840} INFO - DAG(s) 'example_branch_labels' retrieved from /home/airflow/.local/lib/python3.8/site-packages/airflow/example_dags/example_branch_labels.py
[2024-03-28T17:07:15.961+0000] {logging_mixin.py:188} INFO - [2024-03-28T17:07:15.954+0000] {dag.py:3047} INFO - Sync 1 DAGs
[2024-03-28T17:07:16.140+0000] {logging_mixin.py:188} INFO - [2024-03-28T17:07:16.140+0000] {dag.py:3834} INFO - Setting next_dagrun for example_branch_labels to 2024-03-27 00:00:00+00:00, run_after=2024-03-28 00:00:00+00:00
[2024-03-28T17:07:16.242+0000] {processor.py:183} INFO - Processing /home/airflow/.local/lib/python3.8/site-packages/airflow/example_dags/example_branch_labels.py took 0.602 seconds
[2024-03-28T17:07:53.013+0000] {processor.py:161} INFO - Started process (PID=163) to work on /home/airflow/.local/lib/python3.8/site-packages/airflow/example_dags/example_branch_labels.py
[2024-03-28T17:07:53.021+0000] {processor.py:830} INFO - Processing file /home/airflow/.local/lib/python3.8/site-packages/airflow/example_dags/example_branch_labels.py for tasks to queue
[2024-03-28T17:07:53.043+0000] {logging_mixin.py:188} INFO - [2024-03-28T17:07:53.042+0000] {dagbag.py:540} INFO - Filling up the DagBag from /home/airflow/.local/lib/python3.8/site-packages/airflow/example_dags/example_branch_labels.py
[2024-03-28T17:07:53.165+0000] {processor.py:840} INFO - DAG(s) 'example_branch_labels' retrieved from /home/airflow/.local/lib/python3.8/site-packages/airflow/example_dags/example_branch_labels.py
[2024-03-28T17:07:53.481+0000] {logging_mixin.py:188} INFO - [2024-03-28T17:07:53.481+0000] {dag.py:3047} INFO - Sync 1 DAGs
[2024-03-28T17:07:53.695+0000] {logging_mixin.py:188} INFO - [2024-03-28T17:07:53.694+0000] {dag.py:3834} INFO - Setting next_dagrun for example_branch_labels to 2024-03-27 00:00:00+00:00, run_after=2024-03-28 00:00:00+00:00
[2024-03-28T17:07:53.834+0000] {processor.py:183} INFO - Processing /home/airflow/.local/lib/python3.8/site-packages/airflow/example_dags/example_branch_labels.py took 0.861 seconds
[2024-03-28T17:08:38.914+0000] {processor.py:161} INFO - Started process (PID=217) to work on /home/airflow/.local/lib/python3.8/site-packages/airflow/example_dags/example_branch_labels.py
[2024-03-28T17:08:38.935+0000] {processor.py:830} INFO - Processing file /home/airflow/.local/lib/python3.8/site-packages/airflow/example_dags/example_branch_labels.py for tasks to queue
[2024-03-28T17:08:38.955+0000] {logging_mixin.py:188} INFO - [2024-03-28T17:08:38.953+0000] {dagbag.py:540} INFO - Filling up the DagBag from /home/airflow/.local/lib/python3.8/site-packages/airflow/example_dags/example_branch_labels.py
[2024-03-28T17:08:39.156+0000] {processor.py:840} INFO - DAG(s) 'example_branch_labels' retrieved from /home/airflow/.local/lib/python3.8/site-packages/airflow/example_dags/example_branch_labels.py
[2024-03-28T17:08:39.675+0000] {logging_mixin.py:188} INFO - [2024-03-28T17:08:39.674+0000] {dag.py:3047} INFO - Sync 1 DAGs
[2024-03-28T17:08:40.739+0000] {logging_mixin.py:188} INFO - [2024-03-28T17:08:40.739+0000] {dag.py:3834} INFO - Setting next_dagrun for example_branch_labels to 2024-03-27 00:00:00+00:00, run_after=2024-03-28 00:00:00+00:00
[2024-03-28T17:08:40.987+0000] {processor.py:183} INFO - Processing /home/airflow/.local/lib/python3.8/site-packages/airflow/example_dags/example_branch_labels.py took 2.090 seconds
[2024-03-28T17:09:47.570+0000] {processor.py:161} INFO - Started process (PID=281) to work on /home/airflow/.local/lib/python3.8/site-packages/airflow/example_dags/example_branch_labels.py
[2024-03-28T17:09:47.769+0000] {processor.py:830} INFO - Processing file /home/airflow/.local/lib/python3.8/site-packages/airflow/example_dags/example_branch_labels.py for tasks to queue
[2024-03-28T17:09:48.452+0000] {logging_mixin.py:188} INFO - [2024-03-28T17:09:48.392+0000] {dagbag.py:540} INFO - Filling up the DagBag from /home/airflow/.local/lib/python3.8/site-packages/airflow/example_dags/example_branch_labels.py
[2024-03-28T17:09:48.978+0000] {processor.py:840} INFO - DAG(s) 'example_branch_labels' retrieved from /home/airflow/.local/lib/python3.8/site-packages/airflow/example_dags/example_branch_labels.py
[2024-03-28T17:09:49.163+0000] {logging_mixin.py:188} INFO - [2024-03-28T17:09:49.162+0000] {dag.py:3047} INFO - Sync 1 DAGs
[2024-03-28T17:09:51.362+0000] {logging_mixin.py:188} INFO - [2024-03-28T17:09:51.357+0000] {dag.py:3834} INFO - Setting next_dagrun for example_branch_labels to 2024-03-27 00:00:00+00:00, run_after=2024-03-28 00:00:00+00:00
[2024-03-28T17:09:52.710+0000] {processor.py:183} INFO - Processing /home/airflow/.local/lib/python3.8/site-packages/airflow/example_dags/example_branch_labels.py took 5.709 seconds
[2024-03-28T17:10:52.315+0000] {processor.py:161} INFO - Started process (PID=322) to work on /home/airflow/.local/lib/python3.8/site-packages/airflow/example_dags/example_branch_labels.py
[2024-03-28T17:10:52.327+0000] {processor.py:830} INFO - Processing file /home/airflow/.local/lib/python3.8/site-packages/airflow/example_dags/example_branch_labels.py for tasks to queue
[2024-03-28T17:10:52.345+0000] {logging_mixin.py:188} INFO - [2024-03-28T17:10:52.342+0000] {dagbag.py:540} INFO - Filling up the DagBag from /home/airflow/.local/lib/python3.8/site-packages/airflow/example_dags/example_branch_labels.py
[2024-03-28T17:10:52.419+0000] {processor.py:840} INFO - DAG(s) 'example_branch_labels' retrieved from /home/airflow/.local/lib/python3.8/site-packages/airflow/example_dags/example_branch_labels.py
[2024-03-28T17:10:52.668+0000] {logging_mixin.py:188} INFO - [2024-03-28T17:10:52.667+0000] {dag.py:3047} INFO - Sync 1 DAGs
[2024-03-28T17:10:53.163+0000] {logging_mixin.py:188} INFO - [2024-03-28T17:10:53.161+0000] {dag.py:3834} INFO - Setting next_dagrun for example_branch_labels to 2024-03-27 00:00:00+00:00, run_after=2024-03-28 00:00:00+00:00
[2024-03-28T17:10:53.426+0000] {processor.py:183} INFO - Processing /home/airflow/.local/lib/python3.8/site-packages/airflow/example_dags/example_branch_labels.py took 1.140 seconds
[2024-03-28T17:11:45.549+0000] {processor.py:161} INFO - Started process (PID=377) to work on /home/airflow/.local/lib/python3.8/site-packages/airflow/example_dags/example_branch_labels.py
[2024-03-28T17:11:45.553+0000] {processor.py:830} INFO - Processing file /home/airflow/.local/lib/python3.8/site-packages/airflow/example_dags/example_branch_labels.py for tasks to queue
[2024-03-28T17:11:45.565+0000] {logging_mixin.py:188} INFO - [2024-03-28T17:11:45.564+0000] {dagbag.py:540} INFO - Filling up the DagBag from /home/airflow/.local/lib/python3.8/site-packages/airflow/example_dags/example_branch_labels.py
[2024-03-28T17:11:45.998+0000] {processor.py:840} INFO - DAG(s) 'example_branch_labels' retrieved from /home/airflow/.local/lib/python3.8/site-packages/airflow/example_dags/example_branch_labels.py
[2024-03-28T17:11:46.762+0000] {logging_mixin.py:188} INFO - [2024-03-28T17:11:46.761+0000] {dag.py:3047} INFO - Sync 1 DAGs
[2024-03-28T17:11:46.914+0000] {logging_mixin.py:188} INFO - [2024-03-28T17:11:46.913+0000] {dag.py:3834} INFO - Setting next_dagrun for example_branch_labels to 2024-03-27 00:00:00+00:00, run_after=2024-03-28 00:00:00+00:00
[2024-03-28T17:11:47.055+0000] {processor.py:183} INFO - Processing /home/airflow/.local/lib/python3.8/site-packages/airflow/example_dags/example_branch_labels.py took 1.522 seconds
[2024-03-28T17:12:25.423+0000] {processor.py:161} INFO - Started process (PID=431) to work on /home/airflow/.local/lib/python3.8/site-packages/airflow/example_dags/example_branch_labels.py
[2024-03-28T17:12:25.447+0000] {processor.py:830} INFO - Processing file /home/airflow/.local/lib/python3.8/site-packages/airflow/example_dags/example_branch_labels.py for tasks to queue
[2024-03-28T17:12:25.467+0000] {logging_mixin.py:188} INFO - [2024-03-28T17:12:25.466+0000] {dagbag.py:540} INFO - Filling up the DagBag from /home/airflow/.local/lib/python3.8/site-packages/airflow/example_dags/example_branch_labels.py
[2024-03-28T17:12:25.569+0000] {processor.py:840} INFO - DAG(s) 'example_branch_labels' retrieved from /home/airflow/.local/lib/python3.8/site-packages/airflow/example_dags/example_branch_labels.py
[2024-03-28T17:12:25.780+0000] {logging_mixin.py:188} INFO - [2024-03-28T17:12:25.779+0000] {dag.py:3047} INFO - Sync 1 DAGs
[2024-03-28T17:12:25.969+0000] {logging_mixin.py:188} INFO - [2024-03-28T17:12:25.969+0000] {dag.py:3834} INFO - Setting next_dagrun for example_branch_labels to 2024-03-27 00:00:00+00:00, run_after=2024-03-28 00:00:00+00:00
[2024-03-28T17:12:26.069+0000] {processor.py:183} INFO - Processing /home/airflow/.local/lib/python3.8/site-packages/airflow/example_dags/example_branch_labels.py took 1.074 seconds
[2024-03-28T17:12:57.610+0000] {processor.py:161} INFO - Started process (PID=487) to work on /home/airflow/.local/lib/python3.8/site-packages/airflow/example_dags/example_branch_labels.py
[2024-03-28T17:12:57.615+0000] {processor.py:830} INFO - Processing file /home/airflow/.local/lib/python3.8/site-packages/airflow/example_dags/example_branch_labels.py for tasks to queue
[2024-03-28T17:12:57.621+0000] {logging_mixin.py:188} INFO - [2024-03-28T17:12:57.620+0000] {dagbag.py:540} INFO - Filling up the DagBag from /home/airflow/.local/lib/python3.8/site-packages/airflow/example_dags/example_branch_labels.py
[2024-03-28T17:12:57.645+0000] {processor.py:840} INFO - DAG(s) 'example_branch_labels' retrieved from /home/airflow/.local/lib/python3.8/site-packages/airflow/example_dags/example_branch_labels.py
[2024-03-28T17:12:57.700+0000] {logging_mixin.py:188} INFO - [2024-03-28T17:12:57.699+0000] {dag.py:3047} INFO - Sync 1 DAGs
[2024-03-28T17:12:57.763+0000] {logging_mixin.py:188} INFO - [2024-03-28T17:12:57.762+0000] {dag.py:3834} INFO - Setting next_dagrun for example_branch_labels to 2024-03-27 00:00:00+00:00, run_after=2024-03-28 00:00:00+00:00
[2024-03-28T17:12:57.829+0000] {processor.py:183} INFO - Processing /home/airflow/.local/lib/python3.8/site-packages/airflow/example_dags/example_branch_labels.py took 0.228 seconds
[2024-03-28T17:13:35.898+0000] {processor.py:161} INFO - Started process (PID=542) to work on /home/airflow/.local/lib/python3.8/site-packages/airflow/example_dags/example_branch_labels.py
[2024-03-28T17:13:35.902+0000] {processor.py:830} INFO - Processing file /home/airflow/.local/lib/python3.8/site-packages/airflow/example_dags/example_branch_labels.py for tasks to queue
[2024-03-28T17:13:35.912+0000] {logging_mixin.py:188} INFO - [2024-03-28T17:13:35.911+0000] {dagbag.py:540} INFO - Filling up the DagBag from /home/airflow/.local/lib/python3.8/site-packages/airflow/example_dags/example_branch_labels.py
[2024-03-28T17:13:35.937+0000] {processor.py:840} INFO - DAG(s) 'example_branch_labels' retrieved from /home/airflow/.local/lib/python3.8/site-packages/airflow/example_dags/example_branch_labels.py
[2024-03-28T17:13:36.012+0000] {logging_mixin.py:188} INFO - [2024-03-28T17:13:36.011+0000] {dag.py:3047} INFO - Sync 1 DAGs
[2024-03-28T17:13:36.343+0000] {logging_mixin.py:188} INFO - [2024-03-28T17:13:36.334+0000] {dag.py:3834} INFO - Setting next_dagrun for example_branch_labels to 2024-03-27 00:00:00+00:00, run_after=2024-03-28 00:00:00+00:00
[2024-03-28T17:13:36.516+0000] {processor.py:183} INFO - Processing /home/airflow/.local/lib/python3.8/site-packages/airflow/example_dags/example_branch_labels.py took 0.628 seconds
[2024-03-28T17:14:11.289+0000] {processor.py:161} INFO - Started process (PID=593) to work on /home/airflow/.local/lib/python3.8/site-packages/airflow/example_dags/example_branch_labels.py
[2024-03-28T17:14:11.297+0000] {processor.py:830} INFO - Processing file /home/airflow/.local/lib/python3.8/site-packages/airflow/example_dags/example_branch_labels.py for tasks to queue
[2024-03-28T17:14:11.331+0000] {logging_mixin.py:188} INFO - [2024-03-28T17:14:11.330+0000] {dagbag.py:540} INFO - Filling up the DagBag from /home/airflow/.local/lib/python3.8/site-packages/airflow/example_dags/example_branch_labels.py
[2024-03-28T17:14:11.452+0000] {processor.py:840} INFO - DAG(s) 'example_branch_labels' retrieved from /home/airflow/.local/lib/python3.8/site-packages/airflow/example_dags/example_branch_labels.py
[2024-03-28T17:14:11.879+0000] {logging_mixin.py:188} INFO - [2024-03-28T17:14:11.878+0000] {dag.py:3047} INFO - Sync 1 DAGs
[2024-03-28T17:14:12.428+0000] {logging_mixin.py:188} INFO - [2024-03-28T17:14:12.410+0000] {dag.py:3834} INFO - Setting next_dagrun for example_branch_labels to 2024-03-27 00:00:00+00:00, run_after=2024-03-28 00:00:00+00:00
[2024-03-28T17:14:13.204+0000] {processor.py:183} INFO - Processing /home/airflow/.local/lib/python3.8/site-packages/airflow/example_dags/example_branch_labels.py took 2.035 seconds
[2024-03-28T17:14:44.088+0000] {processor.py:161} INFO - Started process (PID=646) to work on /home/airflow/.local/lib/python3.8/site-packages/airflow/example_dags/example_branch_labels.py
[2024-03-28T17:14:44.096+0000] {processor.py:830} INFO - Processing file /home/airflow/.local/lib/python3.8/site-packages/airflow/example_dags/example_branch_labels.py for tasks to queue
[2024-03-28T17:14:44.117+0000] {logging_mixin.py:188} INFO - [2024-03-28T17:14:44.116+0000] {dagbag.py:540} INFO - Filling up the DagBag from /home/airflow/.local/lib/python3.8/site-packages/airflow/example_dags/example_branch_labels.py
[2024-03-28T17:14:44.183+0000] {processor.py:840} INFO - DAG(s) 'example_branch_labels' retrieved from /home/airflow/.local/lib/python3.8/site-packages/airflow/example_dags/example_branch_labels.py
[2024-03-28T17:14:44.310+0000] {logging_mixin.py:188} INFO - [2024-03-28T17:14:44.304+0000] {dag.py:3047} INFO - Sync 1 DAGs
[2024-03-28T17:14:44.569+0000] {logging_mixin.py:188} INFO - [2024-03-28T17:14:44.569+0000] {dag.py:3834} INFO - Setting next_dagrun for example_branch_labels to 2024-03-27 00:00:00+00:00, run_after=2024-03-28 00:00:00+00:00
[2024-03-28T17:14:44.991+0000] {processor.py:183} INFO - Processing /home/airflow/.local/lib/python3.8/site-packages/airflow/example_dags/example_branch_labels.py took 0.921 seconds
[2024-03-28T17:15:18.658+0000] {processor.py:161} INFO - Started process (PID=700) to work on /home/airflow/.local/lib/python3.8/site-packages/airflow/example_dags/example_branch_labels.py
[2024-03-28T17:15:18.700+0000] {processor.py:830} INFO - Processing file /home/airflow/.local/lib/python3.8/site-packages/airflow/example_dags/example_branch_labels.py for tasks to queue
[2024-03-28T17:15:18.927+0000] {logging_mixin.py:188} INFO - [2024-03-28T17:15:18.902+0000] {dagbag.py:540} INFO - Filling up the DagBag from /home/airflow/.local/lib/python3.8/site-packages/airflow/example_dags/example_branch_labels.py
[2024-03-28T17:15:22.423+0000] {processor.py:840} INFO - DAG(s) 'example_branch_labels' retrieved from /home/airflow/.local/lib/python3.8/site-packages/airflow/example_dags/example_branch_labels.py
[2024-03-28T17:15:23.786+0000] {logging_mixin.py:188} INFO - [2024-03-28T17:15:23.755+0000] {dag.py:3047} INFO - Sync 1 DAGs
[2024-03-28T17:15:24.860+0000] {logging_mixin.py:188} INFO - [2024-03-28T17:15:24.860+0000] {dag.py:3834} INFO - Setting next_dagrun for example_branch_labels to 2024-03-27 00:00:00+00:00, run_after=2024-03-28 00:00:00+00:00
[2024-03-28T17:15:25.024+0000] {processor.py:183} INFO - Processing /home/airflow/.local/lib/python3.8/site-packages/airflow/example_dags/example_branch_labels.py took 7.028 seconds
[2024-03-28T17:15:55.382+0000] {processor.py:161} INFO - Started process (PID=755) to work on /home/airflow/.local/lib/python3.8/site-packages/airflow/example_dags/example_branch_labels.py
[2024-03-28T17:15:55.385+0000] {processor.py:830} INFO - Processing file /home/airflow/.local/lib/python3.8/site-packages/airflow/example_dags/example_branch_labels.py for tasks to queue
[2024-03-28T17:15:55.407+0000] {logging_mixin.py:188} INFO - [2024-03-28T17:15:55.406+0000] {dagbag.py:540} INFO - Filling up the DagBag from /home/airflow/.local/lib/python3.8/site-packages/airflow/example_dags/example_branch_labels.py
[2024-03-28T17:15:55.484+0000] {processor.py:840} INFO - DAG(s) 'example_branch_labels' retrieved from /home/airflow/.local/lib/python3.8/site-packages/airflow/example_dags/example_branch_labels.py
[2024-03-28T17:15:55.698+0000] {logging_mixin.py:188} INFO - [2024-03-28T17:15:55.691+0000] {dag.py:3047} INFO - Sync 1 DAGs
[2024-03-28T17:15:55.999+0000] {logging_mixin.py:188} INFO - [2024-03-28T17:15:55.997+0000] {dag.py:3834} INFO - Setting next_dagrun for example_branch_labels to 2024-03-27 00:00:00+00:00, run_after=2024-03-28 00:00:00+00:00
[2024-03-28T17:15:56.192+0000] {processor.py:183} INFO - Processing /home/airflow/.local/lib/python3.8/site-packages/airflow/example_dags/example_branch_labels.py took 0.838 seconds
[2024-03-28T17:16:26.881+0000] {processor.py:161} INFO - Started process (PID=810) to work on /home/airflow/.local/lib/python3.8/site-packages/airflow/example_dags/example_branch_labels.py
[2024-03-28T17:16:26.991+0000] {processor.py:830} INFO - Processing file /home/airflow/.local/lib/python3.8/site-packages/airflow/example_dags/example_branch_labels.py for tasks to queue
[2024-03-28T17:16:27.013+0000] {logging_mixin.py:188} INFO - [2024-03-28T17:16:27.011+0000] {dagbag.py:540} INFO - Filling up the DagBag from /home/airflow/.local/lib/python3.8/site-packages/airflow/example_dags/example_branch_labels.py
[2024-03-28T17:16:27.047+0000] {processor.py:840} INFO - DAG(s) 'example_branch_labels' retrieved from /home/airflow/.local/lib/python3.8/site-packages/airflow/example_dags/example_branch_labels.py
[2024-03-28T17:16:27.106+0000] {logging_mixin.py:188} INFO - [2024-03-28T17:16:27.105+0000] {dag.py:3047} INFO - Sync 1 DAGs
[2024-03-28T17:16:27.186+0000] {logging_mixin.py:188} INFO - [2024-03-28T17:16:27.186+0000] {dag.py:3834} INFO - Setting next_dagrun for example_branch_labels to 2024-03-27 00:00:00+00:00, run_after=2024-03-28 00:00:00+00:00
[2024-03-28T17:16:27.344+0000] {processor.py:183} INFO - Processing /home/airflow/.local/lib/python3.8/site-packages/airflow/example_dags/example_branch_labels.py took 0.501 seconds
[2024-03-28T17:17:03.336+0000] {processor.py:161} INFO - Started process (PID=872) to work on /home/airflow/.local/lib/python3.8/site-packages/airflow/example_dags/example_branch_labels.py
[2024-03-28T17:17:03.341+0000] {processor.py:830} INFO - Processing file /home/airflow/.local/lib/python3.8/site-packages/airflow/example_dags/example_branch_labels.py for tasks to queue
[2024-03-28T17:17:03.347+0000] {logging_mixin.py:188} INFO - [2024-03-28T17:17:03.346+0000] {dagbag.py:540} INFO - Filling up the DagBag from /home/airflow/.local/lib/python3.8/site-packages/airflow/example_dags/example_branch_labels.py
[2024-03-28T17:17:03.369+0000] {processor.py:840} INFO - DAG(s) 'example_branch_labels' retrieved from /home/airflow/.local/lib/python3.8/site-packages/airflow/example_dags/example_branch_labels.py
[2024-03-28T17:17:03.435+0000] {logging_mixin.py:188} INFO - [2024-03-28T17:17:03.434+0000] {dag.py:3047} INFO - Sync 1 DAGs
[2024-03-28T17:17:03.505+0000] {logging_mixin.py:188} INFO - [2024-03-28T17:17:03.503+0000] {dag.py:3834} INFO - Setting next_dagrun for example_branch_labels to 2024-03-27 00:00:00+00:00, run_after=2024-03-28 00:00:00+00:00
[2024-03-28T17:17:03.570+0000] {processor.py:183} INFO - Processing /home/airflow/.local/lib/python3.8/site-packages/airflow/example_dags/example_branch_labels.py took 0.246 seconds
[2024-03-28T17:17:41.944+0000] {processor.py:161} INFO - Started process (PID=911) to work on /home/airflow/.local/lib/python3.8/site-packages/airflow/example_dags/example_branch_labels.py
[2024-03-28T17:17:41.958+0000] {processor.py:830} INFO - Processing file /home/airflow/.local/lib/python3.8/site-packages/airflow/example_dags/example_branch_labels.py for tasks to queue
[2024-03-28T17:17:41.975+0000] {logging_mixin.py:188} INFO - [2024-03-28T17:17:41.973+0000] {dagbag.py:540} INFO - Filling up the DagBag from /home/airflow/.local/lib/python3.8/site-packages/airflow/example_dags/example_branch_labels.py
[2024-03-28T17:17:42.026+0000] {processor.py:840} INFO - DAG(s) 'example_branch_labels' retrieved from /home/airflow/.local/lib/python3.8/site-packages/airflow/example_dags/example_branch_labels.py
[2024-03-28T17:17:42.105+0000] {logging_mixin.py:188} INFO - [2024-03-28T17:17:42.104+0000] {dag.py:3047} INFO - Sync 1 DAGs
[2024-03-28T17:17:42.365+0000] {logging_mixin.py:188} INFO - [2024-03-28T17:17:42.362+0000] {dag.py:3834} INFO - Setting next_dagrun for example_branch_labels to 2024-03-27 00:00:00+00:00, run_after=2024-03-28 00:00:00+00:00
[2024-03-28T17:17:42.488+0000] {processor.py:183} INFO - Processing /home/airflow/.local/lib/python3.8/site-packages/airflow/example_dags/example_branch_labels.py took 0.556 seconds
[2024-03-28T17:18:38.728+0000] {processor.py:161} INFO - Started process (PID=966) to work on /home/airflow/.local/lib/python3.8/site-packages/airflow/example_dags/example_branch_labels.py
[2024-03-28T17:18:38.758+0000] {processor.py:830} INFO - Processing file /home/airflow/.local/lib/python3.8/site-packages/airflow/example_dags/example_branch_labels.py for tasks to queue
[2024-03-28T17:18:38.840+0000] {logging_mixin.py:188} INFO - [2024-03-28T17:18:38.821+0000] {dagbag.py:540} INFO - Filling up the DagBag from /home/airflow/.local/lib/python3.8/site-packages/airflow/example_dags/example_branch_labels.py
[2024-03-28T17:18:39.125+0000] {processor.py:840} INFO - DAG(s) 'example_branch_labels' retrieved from /home/airflow/.local/lib/python3.8/site-packages/airflow/example_dags/example_branch_labels.py
[2024-03-28T17:18:40.102+0000] {logging_mixin.py:188} INFO - [2024-03-28T17:18:40.040+0000] {dag.py:3047} INFO - Sync 1 DAGs
[2024-03-28T17:18:40.777+0000] {logging_mixin.py:188} INFO - [2024-03-28T17:18:40.755+0000] {dag.py:3834} INFO - Setting next_dagrun for example_branch_labels to 2024-03-27 00:00:00+00:00, run_after=2024-03-28 00:00:00+00:00
[2024-03-28T17:18:41.773+0000] {processor.py:183} INFO - Processing /home/airflow/.local/lib/python3.8/site-packages/airflow/example_dags/example_branch_labels.py took 3.081 seconds
[2024-03-28T17:19:12.681+0000] {processor.py:161} INFO - Started process (PID=1021) to work on /home/airflow/.local/lib/python3.8/site-packages/airflow/example_dags/example_branch_labels.py
[2024-03-28T17:19:12.693+0000] {processor.py:830} INFO - Processing file /home/airflow/.local/lib/python3.8/site-packages/airflow/example_dags/example_branch_labels.py for tasks to queue
[2024-03-28T17:19:12.708+0000] {logging_mixin.py:188} INFO - [2024-03-28T17:19:12.707+0000] {dagbag.py:540} INFO - Filling up the DagBag from /home/airflow/.local/lib/python3.8/site-packages/airflow/example_dags/example_branch_labels.py
[2024-03-28T17:19:12.760+0000] {processor.py:840} INFO - DAG(s) 'example_branch_labels' retrieved from /home/airflow/.local/lib/python3.8/site-packages/airflow/example_dags/example_branch_labels.py
[2024-03-28T17:19:12.898+0000] {logging_mixin.py:188} INFO - [2024-03-28T17:19:12.897+0000] {dag.py:3047} INFO - Sync 1 DAGs
[2024-03-28T17:19:13.043+0000] {logging_mixin.py:188} INFO - [2024-03-28T17:19:13.043+0000] {dag.py:3834} INFO - Setting next_dagrun for example_branch_labels to 2024-03-27 00:00:00+00:00, run_after=2024-03-28 00:00:00+00:00
[2024-03-28T17:19:13.157+0000] {processor.py:183} INFO - Processing /home/airflow/.local/lib/python3.8/site-packages/airflow/example_dags/example_branch_labels.py took 0.519 seconds
[2024-03-28T17:19:43.814+0000] {processor.py:161} INFO - Started process (PID=1077) to work on /home/airflow/.local/lib/python3.8/site-packages/airflow/example_dags/example_branch_labels.py
[2024-03-28T17:19:43.820+0000] {processor.py:830} INFO - Processing file /home/airflow/.local/lib/python3.8/site-packages/airflow/example_dags/example_branch_labels.py for tasks to queue
[2024-03-28T17:19:43.829+0000] {logging_mixin.py:188} INFO - [2024-03-28T17:19:43.828+0000] {dagbag.py:540} INFO - Filling up the DagBag from /home/airflow/.local/lib/python3.8/site-packages/airflow/example_dags/example_branch_labels.py
[2024-03-28T17:19:43.850+0000] {processor.py:840} INFO - DAG(s) 'example_branch_labels' retrieved from /home/airflow/.local/lib/python3.8/site-packages/airflow/example_dags/example_branch_labels.py
[2024-03-28T17:19:43.906+0000] {logging_mixin.py:188} INFO - [2024-03-28T17:19:43.906+0000] {dag.py:3047} INFO - Sync 1 DAGs
[2024-03-28T17:19:43.994+0000] {logging_mixin.py:188} INFO - [2024-03-28T17:19:43.994+0000] {dag.py:3834} INFO - Setting next_dagrun for example_branch_labels to 2024-03-27 00:00:00+00:00, run_after=2024-03-28 00:00:00+00:00
[2024-03-28T17:19:44.049+0000] {processor.py:183} INFO - Processing /home/airflow/.local/lib/python3.8/site-packages/airflow/example_dags/example_branch_labels.py took 0.245 seconds
[2024-03-28T17:20:14.700+0000] {processor.py:161} INFO - Started process (PID=1132) to work on /home/airflow/.local/lib/python3.8/site-packages/airflow/example_dags/example_branch_labels.py
[2024-03-28T17:20:14.717+0000] {processor.py:830} INFO - Processing file /home/airflow/.local/lib/python3.8/site-packages/airflow/example_dags/example_branch_labels.py for tasks to queue
[2024-03-28T17:20:14.742+0000] {logging_mixin.py:188} INFO - [2024-03-28T17:20:14.740+0000] {dagbag.py:540} INFO - Filling up the DagBag from /home/airflow/.local/lib/python3.8/site-packages/airflow/example_dags/example_branch_labels.py
[2024-03-28T17:20:14.804+0000] {processor.py:840} INFO - DAG(s) 'example_branch_labels' retrieved from /home/airflow/.local/lib/python3.8/site-packages/airflow/example_dags/example_branch_labels.py
[2024-03-28T17:20:14.974+0000] {logging_mixin.py:188} INFO - [2024-03-28T17:20:14.974+0000] {dag.py:3047} INFO - Sync 1 DAGs
[2024-03-28T17:20:15.252+0000] {logging_mixin.py:188} INFO - [2024-03-28T17:20:15.249+0000] {dag.py:3834} INFO - Setting next_dagrun for example_branch_labels to 2024-03-27 00:00:00+00:00, run_after=2024-03-28 00:00:00+00:00
[2024-03-28T17:20:15.382+0000] {processor.py:183} INFO - Processing /home/airflow/.local/lib/python3.8/site-packages/airflow/example_dags/example_branch_labels.py took 0.745 seconds
[2024-03-28T17:20:47.192+0000] {processor.py:161} INFO - Started process (PID=1186) to work on /home/airflow/.local/lib/python3.8/site-packages/airflow/example_dags/example_branch_labels.py
[2024-03-28T17:20:47.196+0000] {processor.py:830} INFO - Processing file /home/airflow/.local/lib/python3.8/site-packages/airflow/example_dags/example_branch_labels.py for tasks to queue
[2024-03-28T17:20:47.201+0000] {logging_mixin.py:188} INFO - [2024-03-28T17:20:47.200+0000] {dagbag.py:540} INFO - Filling up the DagBag from /home/airflow/.local/lib/python3.8/site-packages/airflow/example_dags/example_branch_labels.py
[2024-03-28T17:20:47.228+0000] {processor.py:840} INFO - DAG(s) 'example_branch_labels' retrieved from /home/airflow/.local/lib/python3.8/site-packages/airflow/example_dags/example_branch_labels.py
[2024-03-28T17:20:47.297+0000] {logging_mixin.py:188} INFO - [2024-03-28T17:20:47.297+0000] {dag.py:3047} INFO - Sync 1 DAGs
[2024-03-28T17:20:47.374+0000] {logging_mixin.py:188} INFO - [2024-03-28T17:20:47.373+0000] {dag.py:3834} INFO - Setting next_dagrun for example_branch_labels to 2024-03-27 00:00:00+00:00, run_after=2024-03-28 00:00:00+00:00
[2024-03-28T17:20:47.445+0000] {processor.py:183} INFO - Processing /home/airflow/.local/lib/python3.8/site-packages/airflow/example_dags/example_branch_labels.py took 0.262 seconds
[2024-03-28T17:21:20.284+0000] {processor.py:161} INFO - Started process (PID=1237) to work on /home/airflow/.local/lib/python3.8/site-packages/airflow/example_dags/example_branch_labels.py
[2024-03-28T17:21:20.290+0000] {processor.py:830} INFO - Processing file /home/airflow/.local/lib/python3.8/site-packages/airflow/example_dags/example_branch_labels.py for tasks to queue
[2024-03-28T17:21:20.316+0000] {logging_mixin.py:188} INFO - [2024-03-28T17:21:20.305+0000] {dagbag.py:540} INFO - Filling up the DagBag from /home/airflow/.local/lib/python3.8/site-packages/airflow/example_dags/example_branch_labels.py
[2024-03-28T17:21:20.408+0000] {processor.py:840} INFO - DAG(s) 'example_branch_labels' retrieved from /home/airflow/.local/lib/python3.8/site-packages/airflow/example_dags/example_branch_labels.py
[2024-03-28T17:21:20.704+0000] {logging_mixin.py:188} INFO - [2024-03-28T17:21:20.704+0000] {dag.py:3047} INFO - Sync 1 DAGs
[2024-03-28T17:21:21.124+0000] {logging_mixin.py:188} INFO - [2024-03-28T17:21:21.117+0000] {dag.py:3834} INFO - Setting next_dagrun for example_branch_labels to 2024-03-27 00:00:00+00:00, run_after=2024-03-28 00:00:00+00:00
[2024-03-28T17:21:21.270+0000] {processor.py:183} INFO - Processing /home/airflow/.local/lib/python3.8/site-packages/airflow/example_dags/example_branch_labels.py took 1.026 seconds
[2024-03-28T17:21:51.788+0000] {processor.py:161} INFO - Started process (PID=1291) to work on /home/airflow/.local/lib/python3.8/site-packages/airflow/example_dags/example_branch_labels.py
[2024-03-28T17:21:51.805+0000] {processor.py:830} INFO - Processing file /home/airflow/.local/lib/python3.8/site-packages/airflow/example_dags/example_branch_labels.py for tasks to queue
[2024-03-28T17:21:51.821+0000] {logging_mixin.py:188} INFO - [2024-03-28T17:21:51.812+0000] {dagbag.py:540} INFO - Filling up the DagBag from /home/airflow/.local/lib/python3.8/site-packages/airflow/example_dags/example_branch_labels.py
[2024-03-28T17:21:51.906+0000] {processor.py:840} INFO - DAG(s) 'example_branch_labels' retrieved from /home/airflow/.local/lib/python3.8/site-packages/airflow/example_dags/example_branch_labels.py
[2024-03-28T17:21:52.141+0000] {logging_mixin.py:188} INFO - [2024-03-28T17:21:52.139+0000] {dag.py:3047} INFO - Sync 1 DAGs
[2024-03-28T17:21:52.351+0000] {logging_mixin.py:188} INFO - [2024-03-28T17:21:52.351+0000] {dag.py:3834} INFO - Setting next_dagrun for example_branch_labels to 2024-03-27 00:00:00+00:00, run_after=2024-03-28 00:00:00+00:00
[2024-03-28T17:21:52.539+0000] {processor.py:183} INFO - Processing /home/airflow/.local/lib/python3.8/site-packages/airflow/example_dags/example_branch_labels.py took 0.771 seconds
[2024-03-28T17:22:23.044+0000] {processor.py:161} INFO - Started process (PID=1347) to work on /home/airflow/.local/lib/python3.8/site-packages/airflow/example_dags/example_branch_labels.py
[2024-03-28T17:22:23.048+0000] {processor.py:830} INFO - Processing file /home/airflow/.local/lib/python3.8/site-packages/airflow/example_dags/example_branch_labels.py for tasks to queue
[2024-03-28T17:22:23.057+0000] {logging_mixin.py:188} INFO - [2024-03-28T17:22:23.056+0000] {dagbag.py:540} INFO - Filling up the DagBag from /home/airflow/.local/lib/python3.8/site-packages/airflow/example_dags/example_branch_labels.py
[2024-03-28T17:22:23.079+0000] {processor.py:840} INFO - DAG(s) 'example_branch_labels' retrieved from /home/airflow/.local/lib/python3.8/site-packages/airflow/example_dags/example_branch_labels.py
[2024-03-28T17:22:23.135+0000] {logging_mixin.py:188} INFO - [2024-03-28T17:22:23.134+0000] {dag.py:3047} INFO - Sync 1 DAGs
[2024-03-28T17:22:23.196+0000] {logging_mixin.py:188} INFO - [2024-03-28T17:22:23.195+0000] {dag.py:3834} INFO - Setting next_dagrun for example_branch_labels to 2024-03-27 00:00:00+00:00, run_after=2024-03-28 00:00:00+00:00
[2024-03-28T17:22:23.266+0000] {processor.py:183} INFO - Processing /home/airflow/.local/lib/python3.8/site-packages/airflow/example_dags/example_branch_labels.py took 0.231 seconds
[2024-03-28T17:22:59.884+0000] {processor.py:161} INFO - Started process (PID=1391) to work on /home/airflow/.local/lib/python3.8/site-packages/airflow/example_dags/example_branch_labels.py
[2024-03-28T17:22:59.889+0000] {processor.py:830} INFO - Processing file /home/airflow/.local/lib/python3.8/site-packages/airflow/example_dags/example_branch_labels.py for tasks to queue
[2024-03-28T17:22:59.903+0000] {logging_mixin.py:188} INFO - [2024-03-28T17:22:59.901+0000] {dagbag.py:540} INFO - Filling up the DagBag from /home/airflow/.local/lib/python3.8/site-packages/airflow/example_dags/example_branch_labels.py
[2024-03-28T17:22:59.940+0000] {processor.py:840} INFO - DAG(s) 'example_branch_labels' retrieved from /home/airflow/.local/lib/python3.8/site-packages/airflow/example_dags/example_branch_labels.py
[2024-03-28T17:23:00.013+0000] {logging_mixin.py:188} INFO - [2024-03-28T17:23:00.012+0000] {dag.py:3047} INFO - Sync 1 DAGs
[2024-03-28T17:23:00.108+0000] {logging_mixin.py:188} INFO - [2024-03-28T17:23:00.107+0000] {dag.py:3834} INFO - Setting next_dagrun for example_branch_labels to 2024-03-27 00:00:00+00:00, run_after=2024-03-28 00:00:00+00:00
[2024-03-28T17:23:00.166+0000] {processor.py:183} INFO - Processing /home/airflow/.local/lib/python3.8/site-packages/airflow/example_dags/example_branch_labels.py took 0.293 seconds
[2024-03-28T17:23:30.662+0000] {processor.py:161} INFO - Started process (PID=1446) to work on /home/airflow/.local/lib/python3.8/site-packages/airflow/example_dags/example_branch_labels.py
[2024-03-28T17:23:30.666+0000] {processor.py:830} INFO - Processing file /home/airflow/.local/lib/python3.8/site-packages/airflow/example_dags/example_branch_labels.py for tasks to queue
[2024-03-28T17:23:30.680+0000] {logging_mixin.py:188} INFO - [2024-03-28T17:23:30.678+0000] {dagbag.py:540} INFO - Filling up the DagBag from /home/airflow/.local/lib/python3.8/site-packages/airflow/example_dags/example_branch_labels.py
[2024-03-28T17:23:30.710+0000] {processor.py:840} INFO - DAG(s) 'example_branch_labels' retrieved from /home/airflow/.local/lib/python3.8/site-packages/airflow/example_dags/example_branch_labels.py
[2024-03-28T17:23:30.771+0000] {logging_mixin.py:188} INFO - [2024-03-28T17:23:30.771+0000] {dag.py:3047} INFO - Sync 1 DAGs
[2024-03-28T17:23:30.832+0000] {logging_mixin.py:188} INFO - [2024-03-28T17:23:30.831+0000] {dag.py:3834} INFO - Setting next_dagrun for example_branch_labels to 2024-03-27 00:00:00+00:00, run_after=2024-03-28 00:00:00+00:00
[2024-03-28T17:23:30.897+0000] {processor.py:183} INFO - Processing /home/airflow/.local/lib/python3.8/site-packages/airflow/example_dags/example_branch_labels.py took 0.251 seconds
[2024-03-28T17:24:04.118+0000] {processor.py:161} INFO - Started process (PID=1493) to work on /home/airflow/.local/lib/python3.8/site-packages/airflow/example_dags/example_branch_labels.py
[2024-03-28T17:24:04.127+0000] {processor.py:830} INFO - Processing file /home/airflow/.local/lib/python3.8/site-packages/airflow/example_dags/example_branch_labels.py for tasks to queue
[2024-03-28T17:24:04.147+0000] {logging_mixin.py:188} INFO - [2024-03-28T17:24:04.142+0000] {dagbag.py:540} INFO - Filling up the DagBag from /home/airflow/.local/lib/python3.8/site-packages/airflow/example_dags/example_branch_labels.py
[2024-03-28T17:24:04.204+0000] {processor.py:840} INFO - DAG(s) 'example_branch_labels' retrieved from /home/airflow/.local/lib/python3.8/site-packages/airflow/example_dags/example_branch_labels.py
[2024-03-28T17:24:04.363+0000] {logging_mixin.py:188} INFO - [2024-03-28T17:24:04.362+0000] {dag.py:3047} INFO - Sync 1 DAGs
[2024-03-28T17:24:04.600+0000] {logging_mixin.py:188} INFO - [2024-03-28T17:24:04.598+0000] {dag.py:3834} INFO - Setting next_dagrun for example_branch_labels to 2024-03-27 00:00:00+00:00, run_after=2024-03-28 00:00:00+00:00
[2024-03-28T17:24:04.726+0000] {processor.py:183} INFO - Processing /home/airflow/.local/lib/python3.8/site-packages/airflow/example_dags/example_branch_labels.py took 0.635 seconds
[2024-03-28T17:24:38.568+0000] {processor.py:161} INFO - Started process (PID=1548) to work on /home/airflow/.local/lib/python3.8/site-packages/airflow/example_dags/example_branch_labels.py
[2024-03-28T17:24:38.583+0000] {processor.py:830} INFO - Processing file /home/airflow/.local/lib/python3.8/site-packages/airflow/example_dags/example_branch_labels.py for tasks to queue
[2024-03-28T17:24:38.605+0000] {logging_mixin.py:188} INFO - [2024-03-28T17:24:38.605+0000] {dagbag.py:540} INFO - Filling up the DagBag from /home/airflow/.local/lib/python3.8/site-packages/airflow/example_dags/example_branch_labels.py
[2024-03-28T17:24:38.692+0000] {processor.py:840} INFO - DAG(s) 'example_branch_labels' retrieved from /home/airflow/.local/lib/python3.8/site-packages/airflow/example_dags/example_branch_labels.py
[2024-03-28T17:24:38.808+0000] {logging_mixin.py:188} INFO - [2024-03-28T17:24:38.804+0000] {dag.py:3047} INFO - Sync 1 DAGs
[2024-03-28T17:24:39.106+0000] {logging_mixin.py:188} INFO - [2024-03-28T17:24:39.101+0000] {dag.py:3834} INFO - Setting next_dagrun for example_branch_labels to 2024-03-27 00:00:00+00:00, run_after=2024-03-28 00:00:00+00:00
[2024-03-28T17:24:39.486+0000] {processor.py:183} INFO - Processing /home/airflow/.local/lib/python3.8/site-packages/airflow/example_dags/example_branch_labels.py took 0.953 seconds
[2024-03-28T17:25:10.155+0000] {processor.py:161} INFO - Started process (PID=1609) to work on /home/airflow/.local/lib/python3.8/site-packages/airflow/example_dags/example_branch_labels.py
[2024-03-28T17:25:10.163+0000] {processor.py:830} INFO - Processing file /home/airflow/.local/lib/python3.8/site-packages/airflow/example_dags/example_branch_labels.py for tasks to queue
[2024-03-28T17:25:10.188+0000] {logging_mixin.py:188} INFO - [2024-03-28T17:25:10.183+0000] {dagbag.py:540} INFO - Filling up the DagBag from /home/airflow/.local/lib/python3.8/site-packages/airflow/example_dags/example_branch_labels.py
[2024-03-28T17:25:10.321+0000] {processor.py:840} INFO - DAG(s) 'example_branch_labels' retrieved from /home/airflow/.local/lib/python3.8/site-packages/airflow/example_dags/example_branch_labels.py
[2024-03-28T17:25:10.391+0000] {logging_mixin.py:188} INFO - [2024-03-28T17:25:10.390+0000] {dag.py:3047} INFO - Sync 1 DAGs
[2024-03-28T17:25:10.488+0000] {logging_mixin.py:188} INFO - [2024-03-28T17:25:10.486+0000] {dag.py:3834} INFO - Setting next_dagrun for example_branch_labels to 2024-03-27 00:00:00+00:00, run_after=2024-03-28 00:00:00+00:00
[2024-03-28T17:25:10.599+0000] {processor.py:183} INFO - Processing /home/airflow/.local/lib/python3.8/site-packages/airflow/example_dags/example_branch_labels.py took 0.481 seconds
[2024-03-28T17:25:41.212+0000] {processor.py:161} INFO - Started process (PID=1662) to work on /home/airflow/.local/lib/python3.8/site-packages/airflow/example_dags/example_branch_labels.py
[2024-03-28T17:25:41.222+0000] {processor.py:830} INFO - Processing file /home/airflow/.local/lib/python3.8/site-packages/airflow/example_dags/example_branch_labels.py for tasks to queue
[2024-03-28T17:25:41.232+0000] {logging_mixin.py:188} INFO - [2024-03-28T17:25:41.230+0000] {dagbag.py:540} INFO - Filling up the DagBag from /home/airflow/.local/lib/python3.8/site-packages/airflow/example_dags/example_branch_labels.py
[2024-03-28T17:25:41.258+0000] {processor.py:840} INFO - DAG(s) 'example_branch_labels' retrieved from /home/airflow/.local/lib/python3.8/site-packages/airflow/example_dags/example_branch_labels.py
[2024-03-28T17:25:41.313+0000] {logging_mixin.py:188} INFO - [2024-03-28T17:25:41.312+0000] {dag.py:3047} INFO - Sync 1 DAGs
[2024-03-28T17:25:41.380+0000] {logging_mixin.py:188} INFO - [2024-03-28T17:25:41.379+0000] {dag.py:3834} INFO - Setting next_dagrun for example_branch_labels to 2024-03-27 00:00:00+00:00, run_after=2024-03-28 00:00:00+00:00
[2024-03-28T17:25:41.448+0000] {processor.py:183} INFO - Processing /home/airflow/.local/lib/python3.8/site-packages/airflow/example_dags/example_branch_labels.py took 0.247 seconds
[2024-03-28T17:26:11.936+0000] {processor.py:161} INFO - Started process (PID=1717) to work on /home/airflow/.local/lib/python3.8/site-packages/airflow/example_dags/example_branch_labels.py
[2024-03-28T17:26:11.941+0000] {processor.py:830} INFO - Processing file /home/airflow/.local/lib/python3.8/site-packages/airflow/example_dags/example_branch_labels.py for tasks to queue
[2024-03-28T17:26:11.953+0000] {logging_mixin.py:188} INFO - [2024-03-28T17:26:11.952+0000] {dagbag.py:540} INFO - Filling up the DagBag from /home/airflow/.local/lib/python3.8/site-packages/airflow/example_dags/example_branch_labels.py
[2024-03-28T17:26:11.975+0000] {processor.py:840} INFO - DAG(s) 'example_branch_labels' retrieved from /home/airflow/.local/lib/python3.8/site-packages/airflow/example_dags/example_branch_labels.py
[2024-03-28T17:26:12.146+0000] {logging_mixin.py:188} INFO - [2024-03-28T17:26:12.145+0000] {dag.py:3047} INFO - Sync 1 DAGs
[2024-03-28T17:26:12.214+0000] {logging_mixin.py:188} INFO - [2024-03-28T17:26:12.213+0000] {dag.py:3834} INFO - Setting next_dagrun for example_branch_labels to 2024-03-27 00:00:00+00:00, run_after=2024-03-28 00:00:00+00:00
[2024-03-28T17:26:12.258+0000] {processor.py:183} INFO - Processing /home/airflow/.local/lib/python3.8/site-packages/airflow/example_dags/example_branch_labels.py took 0.330 seconds
[2024-03-28T17:26:49.551+0000] {processor.py:161} INFO - Started process (PID=1772) to work on /home/airflow/.local/lib/python3.8/site-packages/airflow/example_dags/example_branch_labels.py
[2024-03-28T17:26:49.575+0000] {processor.py:830} INFO - Processing file /home/airflow/.local/lib/python3.8/site-packages/airflow/example_dags/example_branch_labels.py for tasks to queue
[2024-03-28T17:26:49.598+0000] {logging_mixin.py:188} INFO - [2024-03-28T17:26:49.597+0000] {dagbag.py:540} INFO - Filling up the DagBag from /home/airflow/.local/lib/python3.8/site-packages/airflow/example_dags/example_branch_labels.py
[2024-03-28T17:26:49.699+0000] {processor.py:840} INFO - DAG(s) 'example_branch_labels' retrieved from /home/airflow/.local/lib/python3.8/site-packages/airflow/example_dags/example_branch_labels.py
[2024-03-28T17:26:49.837+0000] {logging_mixin.py:188} INFO - [2024-03-28T17:26:49.837+0000] {dag.py:3047} INFO - Sync 1 DAGs
[2024-03-28T17:26:49.905+0000] {logging_mixin.py:188} INFO - [2024-03-28T17:26:49.905+0000] {dag.py:3834} INFO - Setting next_dagrun for example_branch_labels to 2024-03-27 00:00:00+00:00, run_after=2024-03-28 00:00:00+00:00
[2024-03-28T17:26:49.960+0000] {processor.py:183} INFO - Processing /home/airflow/.local/lib/python3.8/site-packages/airflow/example_dags/example_branch_labels.py took 0.436 seconds
[2024-03-28T17:27:21.891+0000] {processor.py:161} INFO - Started process (PID=1828) to work on /home/airflow/.local/lib/python3.8/site-packages/airflow/example_dags/example_branch_labels.py
[2024-03-28T17:27:21.910+0000] {processor.py:830} INFO - Processing file /home/airflow/.local/lib/python3.8/site-packages/airflow/example_dags/example_branch_labels.py for tasks to queue
[2024-03-28T17:27:21.938+0000] {logging_mixin.py:188} INFO - [2024-03-28T17:27:21.928+0000] {dagbag.py:540} INFO - Filling up the DagBag from /home/airflow/.local/lib/python3.8/site-packages/airflow/example_dags/example_branch_labels.py
[2024-03-28T17:27:22.093+0000] {processor.py:840} INFO - DAG(s) 'example_branch_labels' retrieved from /home/airflow/.local/lib/python3.8/site-packages/airflow/example_dags/example_branch_labels.py
[2024-03-28T17:27:22.497+0000] {logging_mixin.py:188} INFO - [2024-03-28T17:27:22.490+0000] {dag.py:3047} INFO - Sync 1 DAGs
[2024-03-28T17:27:22.904+0000] {logging_mixin.py:188} INFO - [2024-03-28T17:27:22.904+0000] {dag.py:3834} INFO - Setting next_dagrun for example_branch_labels to 2024-03-27 00:00:00+00:00, run_after=2024-03-28 00:00:00+00:00
[2024-03-28T17:27:23.116+0000] {processor.py:183} INFO - Processing /home/airflow/.local/lib/python3.8/site-packages/airflow/example_dags/example_branch_labels.py took 1.250 seconds
[2024-03-28T17:27:53.472+0000] {processor.py:161} INFO - Started process (PID=1882) to work on /home/airflow/.local/lib/python3.8/site-packages/airflow/example_dags/example_branch_labels.py
[2024-03-28T17:27:53.491+0000] {processor.py:830} INFO - Processing file /home/airflow/.local/lib/python3.8/site-packages/airflow/example_dags/example_branch_labels.py for tasks to queue
[2024-03-28T17:27:53.559+0000] {logging_mixin.py:188} INFO - [2024-03-28T17:27:53.542+0000] {dagbag.py:540} INFO - Filling up the DagBag from /home/airflow/.local/lib/python3.8/site-packages/airflow/example_dags/example_branch_labels.py
[2024-03-28T17:27:53.634+0000] {processor.py:840} INFO - DAG(s) 'example_branch_labels' retrieved from /home/airflow/.local/lib/python3.8/site-packages/airflow/example_dags/example_branch_labels.py
[2024-03-28T17:27:53.801+0000] {logging_mixin.py:188} INFO - [2024-03-28T17:27:53.798+0000] {dag.py:3047} INFO - Sync 1 DAGs
[2024-03-28T17:27:53.941+0000] {logging_mixin.py:188} INFO - [2024-03-28T17:27:53.933+0000] {dag.py:3834} INFO - Setting next_dagrun for example_branch_labels to 2024-03-27 00:00:00+00:00, run_after=2024-03-28 00:00:00+00:00
[2024-03-28T17:27:54.063+0000] {processor.py:183} INFO - Processing /home/airflow/.local/lib/python3.8/site-packages/airflow/example_dags/example_branch_labels.py took 0.624 seconds
[2024-03-28T17:28:24.497+0000] {processor.py:161} INFO - Started process (PID=1938) to work on /home/airflow/.local/lib/python3.8/site-packages/airflow/example_dags/example_branch_labels.py
[2024-03-28T17:28:24.501+0000] {processor.py:830} INFO - Processing file /home/airflow/.local/lib/python3.8/site-packages/airflow/example_dags/example_branch_labels.py for tasks to queue
[2024-03-28T17:28:24.508+0000] {logging_mixin.py:188} INFO - [2024-03-28T17:28:24.507+0000] {dagbag.py:540} INFO - Filling up the DagBag from /home/airflow/.local/lib/python3.8/site-packages/airflow/example_dags/example_branch_labels.py
[2024-03-28T17:28:24.529+0000] {processor.py:840} INFO - DAG(s) 'example_branch_labels' retrieved from /home/airflow/.local/lib/python3.8/site-packages/airflow/example_dags/example_branch_labels.py
[2024-03-28T17:28:24.582+0000] {logging_mixin.py:188} INFO - [2024-03-28T17:28:24.581+0000] {dag.py:3047} INFO - Sync 1 DAGs
[2024-03-28T17:28:24.661+0000] {logging_mixin.py:188} INFO - [2024-03-28T17:28:24.661+0000] {dag.py:3834} INFO - Setting next_dagrun for example_branch_labels to 2024-03-27 00:00:00+00:00, run_after=2024-03-28 00:00:00+00:00
[2024-03-28T17:28:24.714+0000] {processor.py:183} INFO - Processing /home/airflow/.local/lib/python3.8/site-packages/airflow/example_dags/example_branch_labels.py took 0.230 seconds
[2024-03-28T17:28:54.979+0000] {processor.py:161} INFO - Started process (PID=1993) to work on /home/airflow/.local/lib/python3.8/site-packages/airflow/example_dags/example_branch_labels.py
[2024-03-28T17:28:54.989+0000] {processor.py:830} INFO - Processing file /home/airflow/.local/lib/python3.8/site-packages/airflow/example_dags/example_branch_labels.py for tasks to queue
[2024-03-28T17:28:55.007+0000] {logging_mixin.py:188} INFO - [2024-03-28T17:28:55.005+0000] {dagbag.py:540} INFO - Filling up the DagBag from /home/airflow/.local/lib/python3.8/site-packages/airflow/example_dags/example_branch_labels.py
[2024-03-28T17:28:55.056+0000] {processor.py:840} INFO - DAG(s) 'example_branch_labels' retrieved from /home/airflow/.local/lib/python3.8/site-packages/airflow/example_dags/example_branch_labels.py
[2024-03-28T17:28:55.189+0000] {logging_mixin.py:188} INFO - [2024-03-28T17:28:55.187+0000] {dag.py:3047} INFO - Sync 1 DAGs
[2024-03-28T17:28:55.298+0000] {logging_mixin.py:188} INFO - [2024-03-28T17:28:55.297+0000] {dag.py:3834} INFO - Setting next_dagrun for example_branch_labels to 2024-03-27 00:00:00+00:00, run_after=2024-03-28 00:00:00+00:00
[2024-03-28T17:28:55.389+0000] {processor.py:183} INFO - Processing /home/airflow/.local/lib/python3.8/site-packages/airflow/example_dags/example_branch_labels.py took 0.425 seconds
[2024-03-28T17:29:28.557+0000] {processor.py:161} INFO - Started process (PID=2041) to work on /home/airflow/.local/lib/python3.8/site-packages/airflow/example_dags/example_branch_labels.py
[2024-03-28T17:29:28.567+0000] {processor.py:830} INFO - Processing file /home/airflow/.local/lib/python3.8/site-packages/airflow/example_dags/example_branch_labels.py for tasks to queue
[2024-03-28T17:29:28.581+0000] {logging_mixin.py:188} INFO - [2024-03-28T17:29:28.580+0000] {dagbag.py:540} INFO - Filling up the DagBag from /home/airflow/.local/lib/python3.8/site-packages/airflow/example_dags/example_branch_labels.py
[2024-03-28T17:29:28.644+0000] {processor.py:840} INFO - DAG(s) 'example_branch_labels' retrieved from /home/airflow/.local/lib/python3.8/site-packages/airflow/example_dags/example_branch_labels.py
[2024-03-28T17:29:28.738+0000] {logging_mixin.py:188} INFO - [2024-03-28T17:29:28.737+0000] {dag.py:3047} INFO - Sync 1 DAGs
[2024-03-28T17:29:28.939+0000] {logging_mixin.py:188} INFO - [2024-03-28T17:29:28.939+0000] {dag.py:3834} INFO - Setting next_dagrun for example_branch_labels to 2024-03-27 00:00:00+00:00, run_after=2024-03-28 00:00:00+00:00
[2024-03-28T17:29:29.098+0000] {processor.py:183} INFO - Processing /home/airflow/.local/lib/python3.8/site-packages/airflow/example_dags/example_branch_labels.py took 0.582 seconds
[2024-03-28T17:30:02.353+0000] {processor.py:161} INFO - Started process (PID=2094) to work on /home/airflow/.local/lib/python3.8/site-packages/airflow/example_dags/example_branch_labels.py
[2024-03-28T17:30:02.376+0000] {processor.py:830} INFO - Processing file /home/airflow/.local/lib/python3.8/site-packages/airflow/example_dags/example_branch_labels.py for tasks to queue
[2024-03-28T17:30:02.411+0000] {logging_mixin.py:188} INFO - [2024-03-28T17:30:02.410+0000] {dagbag.py:540} INFO - Filling up the DagBag from /home/airflow/.local/lib/python3.8/site-packages/airflow/example_dags/example_branch_labels.py
[2024-03-28T17:30:02.530+0000] {processor.py:840} INFO - DAG(s) 'example_branch_labels' retrieved from /home/airflow/.local/lib/python3.8/site-packages/airflow/example_dags/example_branch_labels.py
[2024-03-28T17:30:02.810+0000] {logging_mixin.py:188} INFO - [2024-03-28T17:30:02.809+0000] {dag.py:3047} INFO - Sync 1 DAGs
[2024-03-28T17:30:03.354+0000] {logging_mixin.py:188} INFO - [2024-03-28T17:30:03.353+0000] {dag.py:3834} INFO - Setting next_dagrun for example_branch_labels to 2024-03-27 00:00:00+00:00, run_after=2024-03-28 00:00:00+00:00
[2024-03-28T17:30:03.737+0000] {processor.py:183} INFO - Processing /home/airflow/.local/lib/python3.8/site-packages/airflow/example_dags/example_branch_labels.py took 1.441 seconds
[2024-03-28T17:30:34.590+0000] {processor.py:161} INFO - Started process (PID=2148) to work on /home/airflow/.local/lib/python3.8/site-packages/airflow/example_dags/example_branch_labels.py
[2024-03-28T17:30:34.604+0000] {processor.py:830} INFO - Processing file /home/airflow/.local/lib/python3.8/site-packages/airflow/example_dags/example_branch_labels.py for tasks to queue
[2024-03-28T17:30:34.616+0000] {logging_mixin.py:188} INFO - [2024-03-28T17:30:34.615+0000] {dagbag.py:540} INFO - Filling up the DagBag from /home/airflow/.local/lib/python3.8/site-packages/airflow/example_dags/example_branch_labels.py
[2024-03-28T17:30:34.716+0000] {processor.py:840} INFO - DAG(s) 'example_branch_labels' retrieved from /home/airflow/.local/lib/python3.8/site-packages/airflow/example_dags/example_branch_labels.py
[2024-03-28T17:30:34.822+0000] {logging_mixin.py:188} INFO - [2024-03-28T17:30:34.821+0000] {dag.py:3047} INFO - Sync 1 DAGs
[2024-03-28T17:30:35.296+0000] {logging_mixin.py:188} INFO - [2024-03-28T17:30:35.273+0000] {dag.py:3834} INFO - Setting next_dagrun for example_branch_labels to 2024-03-27 00:00:00+00:00, run_after=2024-03-28 00:00:00+00:00
[2024-03-28T17:30:35.823+0000] {processor.py:183} INFO - Processing /home/airflow/.local/lib/python3.8/site-packages/airflow/example_dags/example_branch_labels.py took 1.255 seconds
[2024-03-28T17:31:12.681+0000] {processor.py:161} INFO - Started process (PID=2204) to work on /home/airflow/.local/lib/python3.8/site-packages/airflow/example_dags/example_branch_labels.py
[2024-03-28T17:31:12.686+0000] {processor.py:830} INFO - Processing file /home/airflow/.local/lib/python3.8/site-packages/airflow/example_dags/example_branch_labels.py for tasks to queue
[2024-03-28T17:31:12.710+0000] {logging_mixin.py:188} INFO - [2024-03-28T17:31:12.709+0000] {dagbag.py:540} INFO - Filling up the DagBag from /home/airflow/.local/lib/python3.8/site-packages/airflow/example_dags/example_branch_labels.py
[2024-03-28T17:31:12.790+0000] {processor.py:840} INFO - DAG(s) 'example_branch_labels' retrieved from /home/airflow/.local/lib/python3.8/site-packages/airflow/example_dags/example_branch_labels.py
[2024-03-28T17:31:13.076+0000] {logging_mixin.py:188} INFO - [2024-03-28T17:31:13.066+0000] {dag.py:3047} INFO - Sync 1 DAGs
[2024-03-28T17:31:13.555+0000] {logging_mixin.py:188} INFO - [2024-03-28T17:31:13.541+0000] {dag.py:3834} INFO - Setting next_dagrun for example_branch_labels to 2024-03-27 00:00:00+00:00, run_after=2024-03-28 00:00:00+00:00
[2024-03-28T17:31:13.733+0000] {processor.py:183} INFO - Processing /home/airflow/.local/lib/python3.8/site-packages/airflow/example_dags/example_branch_labels.py took 1.097 seconds
[2024-03-28T17:31:43.972+0000] {processor.py:161} INFO - Started process (PID=2258) to work on /home/airflow/.local/lib/python3.8/site-packages/airflow/example_dags/example_branch_labels.py
[2024-03-28T17:31:43.976+0000] {processor.py:830} INFO - Processing file /home/airflow/.local/lib/python3.8/site-packages/airflow/example_dags/example_branch_labels.py for tasks to queue
[2024-03-28T17:31:43.985+0000] {logging_mixin.py:188} INFO - [2024-03-28T17:31:43.984+0000] {dagbag.py:540} INFO - Filling up the DagBag from /home/airflow/.local/lib/python3.8/site-packages/airflow/example_dags/example_branch_labels.py
[2024-03-28T17:31:44.020+0000] {processor.py:840} INFO - DAG(s) 'example_branch_labels' retrieved from /home/airflow/.local/lib/python3.8/site-packages/airflow/example_dags/example_branch_labels.py
[2024-03-28T17:31:44.120+0000] {logging_mixin.py:188} INFO - [2024-03-28T17:31:44.119+0000] {dag.py:3047} INFO - Sync 1 DAGs
[2024-03-28T17:31:44.243+0000] {logging_mixin.py:188} INFO - [2024-03-28T17:31:44.243+0000] {dag.py:3834} INFO - Setting next_dagrun for example_branch_labels to 2024-03-27 00:00:00+00:00, run_after=2024-03-28 00:00:00+00:00
[2024-03-28T17:31:44.377+0000] {processor.py:183} INFO - Processing /home/airflow/.local/lib/python3.8/site-packages/airflow/example_dags/example_branch_labels.py took 0.422 seconds
[2024-03-28T17:32:18.414+0000] {processor.py:161} INFO - Started process (PID=2309) to work on /home/airflow/.local/lib/python3.8/site-packages/airflow/example_dags/example_branch_labels.py
[2024-03-28T17:32:18.442+0000] {processor.py:830} INFO - Processing file /home/airflow/.local/lib/python3.8/site-packages/airflow/example_dags/example_branch_labels.py for tasks to queue
[2024-03-28T17:32:18.494+0000] {logging_mixin.py:188} INFO - [2024-03-28T17:32:18.486+0000] {dagbag.py:540} INFO - Filling up the DagBag from /home/airflow/.local/lib/python3.8/site-packages/airflow/example_dags/example_branch_labels.py
[2024-03-28T17:32:18.578+0000] {processor.py:840} INFO - DAG(s) 'example_branch_labels' retrieved from /home/airflow/.local/lib/python3.8/site-packages/airflow/example_dags/example_branch_labels.py
[2024-03-28T17:32:18.654+0000] {logging_mixin.py:188} INFO - [2024-03-28T17:32:18.654+0000] {dag.py:3047} INFO - Sync 1 DAGs
[2024-03-28T17:32:18.725+0000] {logging_mixin.py:188} INFO - [2024-03-28T17:32:18.725+0000] {dag.py:3834} INFO - Setting next_dagrun for example_branch_labels to 2024-03-27 00:00:00+00:00, run_after=2024-03-28 00:00:00+00:00
[2024-03-28T17:32:18.828+0000] {processor.py:183} INFO - Processing /home/airflow/.local/lib/python3.8/site-packages/airflow/example_dags/example_branch_labels.py took 0.454 seconds
[2024-03-28T17:32:55.119+0000] {processor.py:161} INFO - Started process (PID=2366) to work on /home/airflow/.local/lib/python3.8/site-packages/airflow/example_dags/example_branch_labels.py
[2024-03-28T17:32:55.140+0000] {processor.py:830} INFO - Processing file /home/airflow/.local/lib/python3.8/site-packages/airflow/example_dags/example_branch_labels.py for tasks to queue
[2024-03-28T17:32:55.157+0000] {logging_mixin.py:188} INFO - [2024-03-28T17:32:55.153+0000] {dagbag.py:540} INFO - Filling up the DagBag from /home/airflow/.local/lib/python3.8/site-packages/airflow/example_dags/example_branch_labels.py
[2024-03-28T17:32:55.382+0000] {processor.py:840} INFO - DAG(s) 'example_branch_labels' retrieved from /home/airflow/.local/lib/python3.8/site-packages/airflow/example_dags/example_branch_labels.py
[2024-03-28T17:32:55.555+0000] {logging_mixin.py:188} INFO - [2024-03-28T17:32:55.555+0000] {dag.py:3047} INFO - Sync 1 DAGs
[2024-03-28T17:32:55.730+0000] {logging_mixin.py:188} INFO - [2024-03-28T17:32:55.729+0000] {dag.py:3834} INFO - Setting next_dagrun for example_branch_labels to 2024-03-27 00:00:00+00:00, run_after=2024-03-28 00:00:00+00:00
[2024-03-28T17:32:55.806+0000] {processor.py:183} INFO - Processing /home/airflow/.local/lib/python3.8/site-packages/airflow/example_dags/example_branch_labels.py took 0.711 seconds
[2024-03-28T17:33:26.797+0000] {processor.py:161} INFO - Started process (PID=2417) to work on /home/airflow/.local/lib/python3.8/site-packages/airflow/example_dags/example_branch_labels.py
[2024-03-28T17:33:26.802+0000] {processor.py:830} INFO - Processing file /home/airflow/.local/lib/python3.8/site-packages/airflow/example_dags/example_branch_labels.py for tasks to queue
[2024-03-28T17:33:26.816+0000] {logging_mixin.py:188} INFO - [2024-03-28T17:33:26.814+0000] {dagbag.py:540} INFO - Filling up the DagBag from /home/airflow/.local/lib/python3.8/site-packages/airflow/example_dags/example_branch_labels.py
[2024-03-28T17:33:26.872+0000] {processor.py:840} INFO - DAG(s) 'example_branch_labels' retrieved from /home/airflow/.local/lib/python3.8/site-packages/airflow/example_dags/example_branch_labels.py
[2024-03-28T17:33:26.921+0000] {logging_mixin.py:188} INFO - [2024-03-28T17:33:26.920+0000] {dag.py:3047} INFO - Sync 1 DAGs
[2024-03-28T17:33:27.015+0000] {logging_mixin.py:188} INFO - [2024-03-28T17:33:27.013+0000] {dag.py:3834} INFO - Setting next_dagrun for example_branch_labels to 2024-03-27 00:00:00+00:00, run_after=2024-03-28 00:00:00+00:00
[2024-03-28T17:33:27.072+0000] {processor.py:183} INFO - Processing /home/airflow/.local/lib/python3.8/site-packages/airflow/example_dags/example_branch_labels.py took 0.291 seconds
