[2024-03-28T16:33:31.629+0000] {processor.py:161} INFO - Started process (PID=167) to work on /home/airflow/.local/lib/python3.8/site-packages/airflow/example_dags/example_sensor_decorator.py
[2024-03-28T16:33:32.117+0000] {processor.py:830} INFO - Processing file /home/airflow/.local/lib/python3.8/site-packages/airflow/example_dags/example_sensor_decorator.py for tasks to queue
[2024-03-28T16:33:32.177+0000] {logging_mixin.py:188} INFO - [2024-03-28T16:33:32.165+0000] {dagbag.py:540} INFO - Filling up the DagBag from /home/airflow/.local/lib/python3.8/site-packages/airflow/example_dags/example_sensor_decorator.py
[2024-03-28T16:33:32.539+0000] {processor.py:840} INFO - DAG(s) 'example_sensor_decorator' retrieved from /home/airflow/.local/lib/python3.8/site-packages/airflow/example_dags/example_sensor_decorator.py
[2024-03-28T16:33:38.229+0000] {logging_mixin.py:188} INFO - [2024-03-28T16:33:38.227+0000] {override.py:1769} INFO - Created Permission View: can edit on DAG:example_sensor_decorator
[2024-03-28T16:33:39.224+0000] {logging_mixin.py:188} INFO - [2024-03-28T16:33:39.222+0000] {override.py:1769} INFO - Created Permission View: can read on DAG:example_sensor_decorator
[2024-03-28T16:33:39.760+0000] {logging_mixin.py:188} INFO - [2024-03-28T16:33:39.760+0000] {override.py:1769} INFO - Created Permission View: can delete on DAG:example_sensor_decorator
[2024-03-28T16:33:39.771+0000] {logging_mixin.py:188} INFO - [2024-03-28T16:33:39.770+0000] {dag.py:3047} INFO - Sync 1 DAGs
[2024-03-28T16:33:40.250+0000] {logging_mixin.py:188} INFO - [2024-03-28T16:33:40.249+0000] {dag.py:3069} INFO - Creating ORM DAG for example_sensor_decorator
[2024-03-28T16:33:40.348+0000] {logging_mixin.py:188} INFO - [2024-03-28T16:33:40.335+0000] {dag.py:3834} INFO - Setting next_dagrun for example_sensor_decorator to None, run_after=None
[2024-03-28T16:33:40.664+0000] {processor.py:183} INFO - Processing /home/airflow/.local/lib/python3.8/site-packages/airflow/example_dags/example_sensor_decorator.py took 9.182 seconds
[2024-03-28T16:37:00.176+0000] {processor.py:161} INFO - Started process (PID=252) to work on /home/airflow/.local/lib/python3.8/site-packages/airflow/example_dags/example_sensor_decorator.py
[2024-03-28T16:37:00.183+0000] {processor.py:830} INFO - Processing file /home/airflow/.local/lib/python3.8/site-packages/airflow/example_dags/example_sensor_decorator.py for tasks to queue
[2024-03-28T16:37:00.221+0000] {logging_mixin.py:188} INFO - [2024-03-28T16:37:00.206+0000] {dagbag.py:540} INFO - Filling up the DagBag from /home/airflow/.local/lib/python3.8/site-packages/airflow/example_dags/example_sensor_decorator.py
[2024-03-28T16:37:00.499+0000] {processor.py:840} INFO - DAG(s) 'example_sensor_decorator' retrieved from /home/airflow/.local/lib/python3.8/site-packages/airflow/example_dags/example_sensor_decorator.py
[2024-03-28T16:37:00.897+0000] {logging_mixin.py:188} INFO - [2024-03-28T16:37:00.896+0000] {dag.py:3047} INFO - Sync 1 DAGs
[2024-03-28T16:37:03.524+0000] {logging_mixin.py:188} INFO - [2024-03-28T16:37:03.276+0000] {dag.py:3834} INFO - Setting next_dagrun for example_sensor_decorator to None, run_after=None
[2024-03-28T16:37:05.832+0000] {processor.py:183} INFO - Processing /home/airflow/.local/lib/python3.8/site-packages/airflow/example_dags/example_sensor_decorator.py took 5.691 seconds
[2024-03-28T16:42:22.172+0000] {processor.py:161} INFO - Started process (PID=393) to work on /home/airflow/.local/lib/python3.8/site-packages/airflow/example_dags/example_sensor_decorator.py
[2024-03-28T16:42:22.201+0000] {processor.py:830} INFO - Processing file /home/airflow/.local/lib/python3.8/site-packages/airflow/example_dags/example_sensor_decorator.py for tasks to queue
[2024-03-28T16:42:22.289+0000] {logging_mixin.py:188} INFO - [2024-03-28T16:42:22.239+0000] {dagbag.py:540} INFO - Filling up the DagBag from /home/airflow/.local/lib/python3.8/site-packages/airflow/example_dags/example_sensor_decorator.py
[2024-03-28T16:42:22.609+0000] {processor.py:840} INFO - DAG(s) 'example_sensor_decorator' retrieved from /home/airflow/.local/lib/python3.8/site-packages/airflow/example_dags/example_sensor_decorator.py
[2024-03-28T16:42:23.759+0000] {logging_mixin.py:188} INFO - [2024-03-28T16:42:23.757+0000] {dag.py:3047} INFO - Sync 1 DAGs
[2024-03-28T16:42:24.711+0000] {logging_mixin.py:188} INFO - [2024-03-28T16:42:24.701+0000] {dag.py:3834} INFO - Setting next_dagrun for example_sensor_decorator to None, run_after=None
[2024-03-28T16:42:25.964+0000] {processor.py:183} INFO - Processing /home/airflow/.local/lib/python3.8/site-packages/airflow/example_dags/example_sensor_decorator.py took 3.858 seconds
[2024-03-28T17:06:19.321+0000] {processor.py:161} INFO - Started process (PID=85) to work on /home/airflow/.local/lib/python3.8/site-packages/airflow/example_dags/example_sensor_decorator.py
[2024-03-28T17:06:19.326+0000] {processor.py:830} INFO - Processing file /home/airflow/.local/lib/python3.8/site-packages/airflow/example_dags/example_sensor_decorator.py for tasks to queue
[2024-03-28T17:06:19.335+0000] {logging_mixin.py:188} INFO - [2024-03-28T17:06:19.334+0000] {dagbag.py:540} INFO - Filling up the DagBag from /home/airflow/.local/lib/python3.8/site-packages/airflow/example_dags/example_sensor_decorator.py
[2024-03-28T17:06:19.393+0000] {processor.py:840} INFO - DAG(s) 'example_sensor_decorator' retrieved from /home/airflow/.local/lib/python3.8/site-packages/airflow/example_dags/example_sensor_decorator.py
[2024-03-28T17:06:22.310+0000] {logging_mixin.py:188} INFO - [2024-03-28T17:06:22.303+0000] {dag.py:3047} INFO - Sync 1 DAGs
[2024-03-28T17:06:22.429+0000] {logging_mixin.py:188} INFO - [2024-03-28T17:06:22.428+0000] {dag.py:3834} INFO - Setting next_dagrun for example_sensor_decorator to None, run_after=None
[2024-03-28T17:06:22.733+0000] {processor.py:183} INFO - Processing /home/airflow/.local/lib/python3.8/site-packages/airflow/example_dags/example_sensor_decorator.py took 3.462 seconds
[2024-03-28T17:07:45.971+0000] {processor.py:161} INFO - Started process (PID=152) to work on /home/airflow/.local/lib/python3.8/site-packages/airflow/example_dags/example_sensor_decorator.py
[2024-03-28T17:07:45.979+0000] {processor.py:830} INFO - Processing file /home/airflow/.local/lib/python3.8/site-packages/airflow/example_dags/example_sensor_decorator.py for tasks to queue
[2024-03-28T17:07:46.020+0000] {logging_mixin.py:188} INFO - [2024-03-28T17:07:46.007+0000] {dagbag.py:540} INFO - Filling up the DagBag from /home/airflow/.local/lib/python3.8/site-packages/airflow/example_dags/example_sensor_decorator.py
[2024-03-28T17:07:46.101+0000] {processor.py:840} INFO - DAG(s) 'example_sensor_decorator' retrieved from /home/airflow/.local/lib/python3.8/site-packages/airflow/example_dags/example_sensor_decorator.py
[2024-03-28T17:07:46.228+0000] {logging_mixin.py:188} INFO - [2024-03-28T17:07:46.226+0000] {dag.py:3047} INFO - Sync 1 DAGs
[2024-03-28T17:07:46.387+0000] {logging_mixin.py:188} INFO - [2024-03-28T17:07:46.386+0000] {dag.py:3834} INFO - Setting next_dagrun for example_sensor_decorator to None, run_after=None
[2024-03-28T17:07:46.528+0000] {processor.py:183} INFO - Processing /home/airflow/.local/lib/python3.8/site-packages/airflow/example_dags/example_sensor_decorator.py took 0.574 seconds
[2024-03-28T17:08:27.100+0000] {processor.py:161} INFO - Started process (PID=207) to work on /home/airflow/.local/lib/python3.8/site-packages/airflow/example_dags/example_sensor_decorator.py
[2024-03-28T17:08:27.131+0000] {processor.py:830} INFO - Processing file /home/airflow/.local/lib/python3.8/site-packages/airflow/example_dags/example_sensor_decorator.py for tasks to queue
[2024-03-28T17:08:27.158+0000] {logging_mixin.py:188} INFO - [2024-03-28T17:08:27.154+0000] {dagbag.py:540} INFO - Filling up the DagBag from /home/airflow/.local/lib/python3.8/site-packages/airflow/example_dags/example_sensor_decorator.py
[2024-03-28T17:08:27.249+0000] {processor.py:840} INFO - DAG(s) 'example_sensor_decorator' retrieved from /home/airflow/.local/lib/python3.8/site-packages/airflow/example_dags/example_sensor_decorator.py
[2024-03-28T17:08:27.534+0000] {logging_mixin.py:188} INFO - [2024-03-28T17:08:27.533+0000] {dag.py:3047} INFO - Sync 1 DAGs
[2024-03-28T17:08:27.673+0000] {logging_mixin.py:188} INFO - [2024-03-28T17:08:27.673+0000] {dag.py:3834} INFO - Setting next_dagrun for example_sensor_decorator to None, run_after=None
[2024-03-28T17:08:27.783+0000] {processor.py:183} INFO - Processing /home/airflow/.local/lib/python3.8/site-packages/airflow/example_dags/example_sensor_decorator.py took 0.729 seconds
[2024-03-28T17:09:31.690+0000] {processor.py:161} INFO - Started process (PID=267) to work on /home/airflow/.local/lib/python3.8/site-packages/airflow/example_dags/example_sensor_decorator.py
[2024-03-28T17:09:31.705+0000] {processor.py:830} INFO - Processing file /home/airflow/.local/lib/python3.8/site-packages/airflow/example_dags/example_sensor_decorator.py for tasks to queue
[2024-03-28T17:09:31.726+0000] {logging_mixin.py:188} INFO - [2024-03-28T17:09:31.725+0000] {dagbag.py:540} INFO - Filling up the DagBag from /home/airflow/.local/lib/python3.8/site-packages/airflow/example_dags/example_sensor_decorator.py
[2024-03-28T17:09:31.771+0000] {processor.py:840} INFO - DAG(s) 'example_sensor_decorator' retrieved from /home/airflow/.local/lib/python3.8/site-packages/airflow/example_dags/example_sensor_decorator.py
[2024-03-28T17:09:32.264+0000] {logging_mixin.py:188} INFO - [2024-03-28T17:09:32.255+0000] {dag.py:3047} INFO - Sync 1 DAGs
[2024-03-28T17:09:32.531+0000] {logging_mixin.py:188} INFO - [2024-03-28T17:09:32.531+0000] {dag.py:3834} INFO - Setting next_dagrun for example_sensor_decorator to None, run_after=None
[2024-03-28T17:09:33.384+0000] {processor.py:183} INFO - Processing /home/airflow/.local/lib/python3.8/site-packages/airflow/example_dags/example_sensor_decorator.py took 1.715 seconds
[2024-03-28T17:11:09.519+0000] {processor.py:161} INFO - Started process (PID=343) to work on /home/airflow/.local/lib/python3.8/site-packages/airflow/example_dags/example_sensor_decorator.py
[2024-03-28T17:11:09.544+0000] {processor.py:830} INFO - Processing file /home/airflow/.local/lib/python3.8/site-packages/airflow/example_dags/example_sensor_decorator.py for tasks to queue
[2024-03-28T17:11:09.661+0000] {logging_mixin.py:188} INFO - [2024-03-28T17:11:09.660+0000] {dagbag.py:540} INFO - Filling up the DagBag from /home/airflow/.local/lib/python3.8/site-packages/airflow/example_dags/example_sensor_decorator.py
[2024-03-28T17:11:09.785+0000] {processor.py:840} INFO - DAG(s) 'example_sensor_decorator' retrieved from /home/airflow/.local/lib/python3.8/site-packages/airflow/example_dags/example_sensor_decorator.py
[2024-03-28T17:11:10.077+0000] {logging_mixin.py:188} INFO - [2024-03-28T17:11:10.075+0000] {dag.py:3047} INFO - Sync 1 DAGs
[2024-03-28T17:11:10.293+0000] {logging_mixin.py:188} INFO - [2024-03-28T17:11:10.292+0000] {dag.py:3834} INFO - Setting next_dagrun for example_sensor_decorator to None, run_after=None
[2024-03-28T17:11:10.439+0000] {processor.py:183} INFO - Processing /home/airflow/.local/lib/python3.8/site-packages/airflow/example_dags/example_sensor_decorator.py took 0.933 seconds
[2024-03-28T17:12:05.998+0000] {processor.py:161} INFO - Started process (PID=406) to work on /home/airflow/.local/lib/python3.8/site-packages/airflow/example_dags/example_sensor_decorator.py
[2024-03-28T17:12:06.012+0000] {processor.py:830} INFO - Processing file /home/airflow/.local/lib/python3.8/site-packages/airflow/example_dags/example_sensor_decorator.py for tasks to queue
[2024-03-28T17:12:06.053+0000] {logging_mixin.py:188} INFO - [2024-03-28T17:12:06.033+0000] {dagbag.py:540} INFO - Filling up the DagBag from /home/airflow/.local/lib/python3.8/site-packages/airflow/example_dags/example_sensor_decorator.py
[2024-03-28T17:12:06.214+0000] {processor.py:840} INFO - DAG(s) 'example_sensor_decorator' retrieved from /home/airflow/.local/lib/python3.8/site-packages/airflow/example_dags/example_sensor_decorator.py
[2024-03-28T17:12:06.525+0000] {logging_mixin.py:188} INFO - [2024-03-28T17:12:06.524+0000] {dag.py:3047} INFO - Sync 1 DAGs
[2024-03-28T17:12:06.617+0000] {logging_mixin.py:188} INFO - [2024-03-28T17:12:06.617+0000] {dag.py:3834} INFO - Setting next_dagrun for example_sensor_decorator to None, run_after=None
[2024-03-28T17:12:07.079+0000] {processor.py:183} INFO - Processing /home/airflow/.local/lib/python3.8/site-packages/airflow/example_dags/example_sensor_decorator.py took 1.132 seconds
[2024-03-28T17:12:52.421+0000] {processor.py:161} INFO - Started process (PID=469) to work on /home/airflow/.local/lib/python3.8/site-packages/airflow/example_dags/example_sensor_decorator.py
[2024-03-28T17:12:52.424+0000] {processor.py:830} INFO - Processing file /home/airflow/.local/lib/python3.8/site-packages/airflow/example_dags/example_sensor_decorator.py for tasks to queue
[2024-03-28T17:12:52.446+0000] {logging_mixin.py:188} INFO - [2024-03-28T17:12:52.445+0000] {dagbag.py:540} INFO - Filling up the DagBag from /home/airflow/.local/lib/python3.8/site-packages/airflow/example_dags/example_sensor_decorator.py
[2024-03-28T17:12:52.494+0000] {processor.py:840} INFO - DAG(s) 'example_sensor_decorator' retrieved from /home/airflow/.local/lib/python3.8/site-packages/airflow/example_dags/example_sensor_decorator.py
[2024-03-28T17:12:52.581+0000] {logging_mixin.py:188} INFO - [2024-03-28T17:12:52.580+0000] {dag.py:3047} INFO - Sync 1 DAGs
[2024-03-28T17:12:52.631+0000] {logging_mixin.py:188} INFO - [2024-03-28T17:12:52.631+0000] {dag.py:3834} INFO - Setting next_dagrun for example_sensor_decorator to None, run_after=None
[2024-03-28T17:12:52.786+0000] {processor.py:183} INFO - Processing /home/airflow/.local/lib/python3.8/site-packages/airflow/example_dags/example_sensor_decorator.py took 0.393 seconds
[2024-03-28T17:13:31.286+0000] {processor.py:161} INFO - Started process (PID=533) to work on /home/airflow/.local/lib/python3.8/site-packages/airflow/example_dags/example_sensor_decorator.py
[2024-03-28T17:13:31.334+0000] {processor.py:830} INFO - Processing file /home/airflow/.local/lib/python3.8/site-packages/airflow/example_dags/example_sensor_decorator.py for tasks to queue
[2024-03-28T17:13:31.366+0000] {logging_mixin.py:188} INFO - [2024-03-28T17:13:31.365+0000] {dagbag.py:540} INFO - Filling up the DagBag from /home/airflow/.local/lib/python3.8/site-packages/airflow/example_dags/example_sensor_decorator.py
[2024-03-28T17:13:31.455+0000] {processor.py:840} INFO - DAG(s) 'example_sensor_decorator' retrieved from /home/airflow/.local/lib/python3.8/site-packages/airflow/example_dags/example_sensor_decorator.py
[2024-03-28T17:13:31.872+0000] {logging_mixin.py:188} INFO - [2024-03-28T17:13:31.872+0000] {dag.py:3047} INFO - Sync 1 DAGs
[2024-03-28T17:13:31.934+0000] {logging_mixin.py:188} INFO - [2024-03-28T17:13:31.933+0000] {dag.py:3834} INFO - Setting next_dagrun for example_sensor_decorator to None, run_after=None
[2024-03-28T17:13:31.999+0000] {processor.py:183} INFO - Processing /home/airflow/.local/lib/python3.8/site-packages/airflow/example_dags/example_sensor_decorator.py took 0.769 seconds
[2024-03-28T17:14:03.676+0000] {processor.py:161} INFO - Started process (PID=588) to work on /home/airflow/.local/lib/python3.8/site-packages/airflow/example_dags/example_sensor_decorator.py
[2024-03-28T17:14:03.723+0000] {processor.py:830} INFO - Processing file /home/airflow/.local/lib/python3.8/site-packages/airflow/example_dags/example_sensor_decorator.py for tasks to queue
[2024-03-28T17:14:03.792+0000] {logging_mixin.py:188} INFO - [2024-03-28T17:14:03.792+0000] {dagbag.py:540} INFO - Filling up the DagBag from /home/airflow/.local/lib/python3.8/site-packages/airflow/example_dags/example_sensor_decorator.py
[2024-03-28T17:14:04.099+0000] {processor.py:840} INFO - DAG(s) 'example_sensor_decorator' retrieved from /home/airflow/.local/lib/python3.8/site-packages/airflow/example_dags/example_sensor_decorator.py
[2024-03-28T17:14:04.746+0000] {logging_mixin.py:188} INFO - [2024-03-28T17:14:04.745+0000] {dag.py:3047} INFO - Sync 1 DAGs
[2024-03-28T17:14:05.018+0000] {logging_mixin.py:188} INFO - [2024-03-28T17:14:05.015+0000] {dag.py:3834} INFO - Setting next_dagrun for example_sensor_decorator to None, run_after=None
[2024-03-28T17:14:06.021+0000] {processor.py:183} INFO - Processing /home/airflow/.local/lib/python3.8/site-packages/airflow/example_dags/example_sensor_decorator.py took 2.430 seconds
[2024-03-28T17:14:36.300+0000] {processor.py:161} INFO - Started process (PID=642) to work on /home/airflow/.local/lib/python3.8/site-packages/airflow/example_dags/example_sensor_decorator.py
[2024-03-28T17:14:36.312+0000] {processor.py:830} INFO - Processing file /home/airflow/.local/lib/python3.8/site-packages/airflow/example_dags/example_sensor_decorator.py for tasks to queue
[2024-03-28T17:14:36.324+0000] {logging_mixin.py:188} INFO - [2024-03-28T17:14:36.323+0000] {dagbag.py:540} INFO - Filling up the DagBag from /home/airflow/.local/lib/python3.8/site-packages/airflow/example_dags/example_sensor_decorator.py
[2024-03-28T17:14:36.382+0000] {processor.py:840} INFO - DAG(s) 'example_sensor_decorator' retrieved from /home/airflow/.local/lib/python3.8/site-packages/airflow/example_dags/example_sensor_decorator.py
[2024-03-28T17:14:36.660+0000] {logging_mixin.py:188} INFO - [2024-03-28T17:14:36.659+0000] {dag.py:3047} INFO - Sync 1 DAGs
[2024-03-28T17:14:36.754+0000] {logging_mixin.py:188} INFO - [2024-03-28T17:14:36.753+0000] {dag.py:3834} INFO - Setting next_dagrun for example_sensor_decorator to None, run_after=None
[2024-03-28T17:14:36.831+0000] {processor.py:183} INFO - Processing /home/airflow/.local/lib/python3.8/site-packages/airflow/example_dags/example_sensor_decorator.py took 0.542 seconds
[2024-03-28T17:15:07.046+0000] {processor.py:161} INFO - Started process (PID=696) to work on /home/airflow/.local/lib/python3.8/site-packages/airflow/example_dags/example_sensor_decorator.py
[2024-03-28T17:15:07.050+0000] {processor.py:830} INFO - Processing file /home/airflow/.local/lib/python3.8/site-packages/airflow/example_dags/example_sensor_decorator.py for tasks to queue
[2024-03-28T17:15:07.055+0000] {logging_mixin.py:188} INFO - [2024-03-28T17:15:07.055+0000] {dagbag.py:540} INFO - Filling up the DagBag from /home/airflow/.local/lib/python3.8/site-packages/airflow/example_dags/example_sensor_decorator.py
[2024-03-28T17:15:07.071+0000] {processor.py:840} INFO - DAG(s) 'example_sensor_decorator' retrieved from /home/airflow/.local/lib/python3.8/site-packages/airflow/example_dags/example_sensor_decorator.py
[2024-03-28T17:15:07.113+0000] {logging_mixin.py:188} INFO - [2024-03-28T17:15:07.112+0000] {dag.py:3047} INFO - Sync 1 DAGs
[2024-03-28T17:15:07.153+0000] {logging_mixin.py:188} INFO - [2024-03-28T17:15:07.152+0000] {dag.py:3834} INFO - Setting next_dagrun for example_sensor_decorator to None, run_after=None
[2024-03-28T17:15:07.199+0000] {processor.py:183} INFO - Processing /home/airflow/.local/lib/python3.8/site-packages/airflow/example_dags/example_sensor_decorator.py took 0.161 seconds
[2024-03-28T17:15:44.213+0000] {processor.py:161} INFO - Started process (PID=751) to work on /home/airflow/.local/lib/python3.8/site-packages/airflow/example_dags/example_sensor_decorator.py
[2024-03-28T17:15:44.225+0000] {processor.py:830} INFO - Processing file /home/airflow/.local/lib/python3.8/site-packages/airflow/example_dags/example_sensor_decorator.py for tasks to queue
[2024-03-28T17:15:44.265+0000] {logging_mixin.py:188} INFO - [2024-03-28T17:15:44.264+0000] {dagbag.py:540} INFO - Filling up the DagBag from /home/airflow/.local/lib/python3.8/site-packages/airflow/example_dags/example_sensor_decorator.py
[2024-03-28T17:15:44.314+0000] {processor.py:840} INFO - DAG(s) 'example_sensor_decorator' retrieved from /home/airflow/.local/lib/python3.8/site-packages/airflow/example_dags/example_sensor_decorator.py
[2024-03-28T17:15:44.409+0000] {logging_mixin.py:188} INFO - [2024-03-28T17:15:44.408+0000] {dag.py:3047} INFO - Sync 1 DAGs
[2024-03-28T17:15:44.462+0000] {logging_mixin.py:188} INFO - [2024-03-28T17:15:44.460+0000] {dag.py:3834} INFO - Setting next_dagrun for example_sensor_decorator to None, run_after=None
[2024-03-28T17:15:44.532+0000] {processor.py:183} INFO - Processing /home/airflow/.local/lib/python3.8/site-packages/airflow/example_dags/example_sensor_decorator.py took 0.338 seconds
[2024-03-28T17:16:15.824+0000] {processor.py:161} INFO - Started process (PID=806) to work on /home/airflow/.local/lib/python3.8/site-packages/airflow/example_dags/example_sensor_decorator.py
[2024-03-28T17:16:15.828+0000] {processor.py:830} INFO - Processing file /home/airflow/.local/lib/python3.8/site-packages/airflow/example_dags/example_sensor_decorator.py for tasks to queue
[2024-03-28T17:16:15.838+0000] {logging_mixin.py:188} INFO - [2024-03-28T17:16:15.836+0000] {dagbag.py:540} INFO - Filling up the DagBag from /home/airflow/.local/lib/python3.8/site-packages/airflow/example_dags/example_sensor_decorator.py
[2024-03-28T17:16:15.855+0000] {processor.py:840} INFO - DAG(s) 'example_sensor_decorator' retrieved from /home/airflow/.local/lib/python3.8/site-packages/airflow/example_dags/example_sensor_decorator.py
[2024-03-28T17:16:15.913+0000] {logging_mixin.py:188} INFO - [2024-03-28T17:16:15.913+0000] {dag.py:3047} INFO - Sync 1 DAGs
[2024-03-28T17:16:15.940+0000] {logging_mixin.py:188} INFO - [2024-03-28T17:16:15.940+0000] {dag.py:3834} INFO - Setting next_dagrun for example_sensor_decorator to None, run_after=None
[2024-03-28T17:16:16.040+0000] {processor.py:183} INFO - Processing /home/airflow/.local/lib/python3.8/site-packages/airflow/example_dags/example_sensor_decorator.py took 0.229 seconds
[2024-03-28T17:16:59.842+0000] {processor.py:161} INFO - Started process (PID=855) to work on /home/airflow/.local/lib/python3.8/site-packages/airflow/example_dags/example_sensor_decorator.py
[2024-03-28T17:16:59.958+0000] {processor.py:830} INFO - Processing file /home/airflow/.local/lib/python3.8/site-packages/airflow/example_dags/example_sensor_decorator.py for tasks to queue
[2024-03-28T17:16:59.966+0000] {logging_mixin.py:188} INFO - [2024-03-28T17:16:59.966+0000] {dagbag.py:540} INFO - Filling up the DagBag from /home/airflow/.local/lib/python3.8/site-packages/airflow/example_dags/example_sensor_decorator.py
[2024-03-28T17:17:00.023+0000] {processor.py:840} INFO - DAG(s) 'example_sensor_decorator' retrieved from /home/airflow/.local/lib/python3.8/site-packages/airflow/example_dags/example_sensor_decorator.py
[2024-03-28T17:17:00.222+0000] {logging_mixin.py:188} INFO - [2024-03-28T17:17:00.221+0000] {dag.py:3047} INFO - Sync 1 DAGs
[2024-03-28T17:17:00.299+0000] {logging_mixin.py:188} INFO - [2024-03-28T17:17:00.298+0000] {dag.py:3834} INFO - Setting next_dagrun for example_sensor_decorator to None, run_after=None
[2024-03-28T17:17:00.456+0000] {processor.py:183} INFO - Processing /home/airflow/.local/lib/python3.8/site-packages/airflow/example_dags/example_sensor_decorator.py took 0.642 seconds
[2024-03-28T17:17:50.855+0000] {processor.py:161} INFO - Started process (PID=925) to work on /home/airflow/.local/lib/python3.8/site-packages/airflow/example_dags/example_sensor_decorator.py
[2024-03-28T17:17:50.861+0000] {processor.py:830} INFO - Processing file /home/airflow/.local/lib/python3.8/site-packages/airflow/example_dags/example_sensor_decorator.py for tasks to queue
[2024-03-28T17:17:50.894+0000] {logging_mixin.py:188} INFO - [2024-03-28T17:17:50.891+0000] {dagbag.py:540} INFO - Filling up the DagBag from /home/airflow/.local/lib/python3.8/site-packages/airflow/example_dags/example_sensor_decorator.py
[2024-03-28T17:17:50.949+0000] {processor.py:840} INFO - DAG(s) 'example_sensor_decorator' retrieved from /home/airflow/.local/lib/python3.8/site-packages/airflow/example_dags/example_sensor_decorator.py
[2024-03-28T17:17:51.218+0000] {logging_mixin.py:188} INFO - [2024-03-28T17:17:51.217+0000] {dag.py:3047} INFO - Sync 1 DAGs
[2024-03-28T17:17:51.327+0000] {logging_mixin.py:188} INFO - [2024-03-28T17:17:51.323+0000] {dag.py:3834} INFO - Setting next_dagrun for example_sensor_decorator to None, run_after=None
[2024-03-28T17:17:51.533+0000] {processor.py:183} INFO - Processing /home/airflow/.local/lib/python3.8/site-packages/airflow/example_dags/example_sensor_decorator.py took 0.719 seconds
[2024-03-28T17:18:51.337+0000] {processor.py:161} INFO - Started process (PID=982) to work on /home/airflow/.local/lib/python3.8/site-packages/airflow/example_dags/example_sensor_decorator.py
[2024-03-28T17:18:51.349+0000] {processor.py:830} INFO - Processing file /home/airflow/.local/lib/python3.8/site-packages/airflow/example_dags/example_sensor_decorator.py for tasks to queue
[2024-03-28T17:18:51.362+0000] {logging_mixin.py:188} INFO - [2024-03-28T17:18:51.361+0000] {dagbag.py:540} INFO - Filling up the DagBag from /home/airflow/.local/lib/python3.8/site-packages/airflow/example_dags/example_sensor_decorator.py
[2024-03-28T17:18:51.437+0000] {processor.py:840} INFO - DAG(s) 'example_sensor_decorator' retrieved from /home/airflow/.local/lib/python3.8/site-packages/airflow/example_dags/example_sensor_decorator.py
[2024-03-28T17:18:51.579+0000] {logging_mixin.py:188} INFO - [2024-03-28T17:18:51.579+0000] {dag.py:3047} INFO - Sync 1 DAGs
[2024-03-28T17:18:51.709+0000] {logging_mixin.py:188} INFO - [2024-03-28T17:18:51.709+0000] {dag.py:3834} INFO - Setting next_dagrun for example_sensor_decorator to None, run_after=None
[2024-03-28T17:18:52.005+0000] {processor.py:183} INFO - Processing /home/airflow/.local/lib/python3.8/site-packages/airflow/example_dags/example_sensor_decorator.py took 0.699 seconds
[2024-03-28T17:19:23.645+0000] {processor.py:161} INFO - Started process (PID=1037) to work on /home/airflow/.local/lib/python3.8/site-packages/airflow/example_dags/example_sensor_decorator.py
[2024-03-28T17:19:23.663+0000] {processor.py:830} INFO - Processing file /home/airflow/.local/lib/python3.8/site-packages/airflow/example_dags/example_sensor_decorator.py for tasks to queue
[2024-03-28T17:19:23.727+0000] {logging_mixin.py:188} INFO - [2024-03-28T17:19:23.722+0000] {dagbag.py:540} INFO - Filling up the DagBag from /home/airflow/.local/lib/python3.8/site-packages/airflow/example_dags/example_sensor_decorator.py
[2024-03-28T17:19:23.871+0000] {processor.py:840} INFO - DAG(s) 'example_sensor_decorator' retrieved from /home/airflow/.local/lib/python3.8/site-packages/airflow/example_dags/example_sensor_decorator.py
[2024-03-28T17:19:23.939+0000] {logging_mixin.py:188} INFO - [2024-03-28T17:19:23.938+0000] {dag.py:3047} INFO - Sync 1 DAGs
[2024-03-28T17:19:24.229+0000] {logging_mixin.py:188} INFO - [2024-03-28T17:19:24.228+0000] {dag.py:3834} INFO - Setting next_dagrun for example_sensor_decorator to None, run_after=None
[2024-03-28T17:19:24.672+0000] {processor.py:183} INFO - Processing /home/airflow/.local/lib/python3.8/site-packages/airflow/example_dags/example_sensor_decorator.py took 1.075 seconds
[2024-03-28T17:19:55.240+0000] {processor.py:161} INFO - Started process (PID=1093) to work on /home/airflow/.local/lib/python3.8/site-packages/airflow/example_dags/example_sensor_decorator.py
[2024-03-28T17:19:55.262+0000] {processor.py:830} INFO - Processing file /home/airflow/.local/lib/python3.8/site-packages/airflow/example_dags/example_sensor_decorator.py for tasks to queue
[2024-03-28T17:19:55.287+0000] {logging_mixin.py:188} INFO - [2024-03-28T17:19:55.286+0000] {dagbag.py:540} INFO - Filling up the DagBag from /home/airflow/.local/lib/python3.8/site-packages/airflow/example_dags/example_sensor_decorator.py
[2024-03-28T17:19:55.382+0000] {processor.py:840} INFO - DAG(s) 'example_sensor_decorator' retrieved from /home/airflow/.local/lib/python3.8/site-packages/airflow/example_dags/example_sensor_decorator.py
[2024-03-28T17:19:55.706+0000] {logging_mixin.py:188} INFO - [2024-03-28T17:19:55.706+0000] {dag.py:3047} INFO - Sync 1 DAGs
[2024-03-28T17:19:55.873+0000] {logging_mixin.py:188} INFO - [2024-03-28T17:19:55.862+0000] {dag.py:3834} INFO - Setting next_dagrun for example_sensor_decorator to None, run_after=None
[2024-03-28T17:19:56.149+0000] {processor.py:183} INFO - Processing /home/airflow/.local/lib/python3.8/site-packages/airflow/example_dags/example_sensor_decorator.py took 0.944 seconds
[2024-03-28T17:20:26.914+0000] {processor.py:161} INFO - Started process (PID=1148) to work on /home/airflow/.local/lib/python3.8/site-packages/airflow/example_dags/example_sensor_decorator.py
[2024-03-28T17:20:26.921+0000] {processor.py:830} INFO - Processing file /home/airflow/.local/lib/python3.8/site-packages/airflow/example_dags/example_sensor_decorator.py for tasks to queue
[2024-03-28T17:20:26.928+0000] {logging_mixin.py:188} INFO - [2024-03-28T17:20:26.926+0000] {dagbag.py:540} INFO - Filling up the DagBag from /home/airflow/.local/lib/python3.8/site-packages/airflow/example_dags/example_sensor_decorator.py
[2024-03-28T17:20:26.958+0000] {processor.py:840} INFO - DAG(s) 'example_sensor_decorator' retrieved from /home/airflow/.local/lib/python3.8/site-packages/airflow/example_dags/example_sensor_decorator.py
[2024-03-28T17:20:27.088+0000] {logging_mixin.py:188} INFO - [2024-03-28T17:20:27.086+0000] {dag.py:3047} INFO - Sync 1 DAGs
[2024-03-28T17:20:27.180+0000] {logging_mixin.py:188} INFO - [2024-03-28T17:20:27.180+0000] {dag.py:3834} INFO - Setting next_dagrun for example_sensor_decorator to None, run_after=None
[2024-03-28T17:20:27.238+0000] {processor.py:183} INFO - Processing /home/airflow/.local/lib/python3.8/site-packages/airflow/example_dags/example_sensor_decorator.py took 0.334 seconds
[2024-03-28T17:20:57.879+0000] {processor.py:161} INFO - Started process (PID=1202) to work on /home/airflow/.local/lib/python3.8/site-packages/airflow/example_dags/example_sensor_decorator.py
[2024-03-28T17:20:57.886+0000] {processor.py:830} INFO - Processing file /home/airflow/.local/lib/python3.8/site-packages/airflow/example_dags/example_sensor_decorator.py for tasks to queue
[2024-03-28T17:20:57.899+0000] {logging_mixin.py:188} INFO - [2024-03-28T17:20:57.897+0000] {dagbag.py:540} INFO - Filling up the DagBag from /home/airflow/.local/lib/python3.8/site-packages/airflow/example_dags/example_sensor_decorator.py
[2024-03-28T17:20:57.922+0000] {processor.py:840} INFO - DAG(s) 'example_sensor_decorator' retrieved from /home/airflow/.local/lib/python3.8/site-packages/airflow/example_dags/example_sensor_decorator.py
[2024-03-28T17:20:57.995+0000] {logging_mixin.py:188} INFO - [2024-03-28T17:20:57.994+0000] {dag.py:3047} INFO - Sync 1 DAGs
[2024-03-28T17:20:58.034+0000] {logging_mixin.py:188} INFO - [2024-03-28T17:20:58.034+0000] {dag.py:3834} INFO - Setting next_dagrun for example_sensor_decorator to None, run_after=None
[2024-03-28T17:20:58.110+0000] {processor.py:183} INFO - Processing /home/airflow/.local/lib/python3.8/site-packages/airflow/example_dags/example_sensor_decorator.py took 0.246 seconds
[2024-03-28T17:21:28.911+0000] {processor.py:161} INFO - Started process (PID=1257) to work on /home/airflow/.local/lib/python3.8/site-packages/airflow/example_dags/example_sensor_decorator.py
[2024-03-28T17:21:28.914+0000] {processor.py:830} INFO - Processing file /home/airflow/.local/lib/python3.8/site-packages/airflow/example_dags/example_sensor_decorator.py for tasks to queue
[2024-03-28T17:21:28.925+0000] {logging_mixin.py:188} INFO - [2024-03-28T17:21:28.924+0000] {dagbag.py:540} INFO - Filling up the DagBag from /home/airflow/.local/lib/python3.8/site-packages/airflow/example_dags/example_sensor_decorator.py
[2024-03-28T17:21:28.946+0000] {processor.py:840} INFO - DAG(s) 'example_sensor_decorator' retrieved from /home/airflow/.local/lib/python3.8/site-packages/airflow/example_dags/example_sensor_decorator.py
[2024-03-28T17:21:29.014+0000] {logging_mixin.py:188} INFO - [2024-03-28T17:21:29.013+0000] {dag.py:3047} INFO - Sync 1 DAGs
[2024-03-28T17:21:29.057+0000] {logging_mixin.py:188} INFO - [2024-03-28T17:21:29.057+0000] {dag.py:3834} INFO - Setting next_dagrun for example_sensor_decorator to None, run_after=None
[2024-03-28T17:21:29.123+0000] {processor.py:183} INFO - Processing /home/airflow/.local/lib/python3.8/site-packages/airflow/example_dags/example_sensor_decorator.py took 0.241 seconds
[2024-03-28T17:22:05.833+0000] {processor.py:161} INFO - Started process (PID=1315) to work on /home/airflow/.local/lib/python3.8/site-packages/airflow/example_dags/example_sensor_decorator.py
[2024-03-28T17:22:05.836+0000] {processor.py:830} INFO - Processing file /home/airflow/.local/lib/python3.8/site-packages/airflow/example_dags/example_sensor_decorator.py for tasks to queue
[2024-03-28T17:22:05.849+0000] {logging_mixin.py:188} INFO - [2024-03-28T17:22:05.844+0000] {dagbag.py:540} INFO - Filling up the DagBag from /home/airflow/.local/lib/python3.8/site-packages/airflow/example_dags/example_sensor_decorator.py
[2024-03-28T17:22:05.869+0000] {processor.py:840} INFO - DAG(s) 'example_sensor_decorator' retrieved from /home/airflow/.local/lib/python3.8/site-packages/airflow/example_dags/example_sensor_decorator.py
[2024-03-28T17:22:05.951+0000] {logging_mixin.py:188} INFO - [2024-03-28T17:22:05.950+0000] {dag.py:3047} INFO - Sync 1 DAGs
[2024-03-28T17:22:06.011+0000] {logging_mixin.py:188} INFO - [2024-03-28T17:22:06.010+0000] {dag.py:3834} INFO - Setting next_dagrun for example_sensor_decorator to None, run_after=None
[2024-03-28T17:22:06.084+0000] {processor.py:183} INFO - Processing /home/airflow/.local/lib/python3.8/site-packages/airflow/example_dags/example_sensor_decorator.py took 0.274 seconds
[2024-03-28T17:22:58.067+0000] {processor.py:161} INFO - Started process (PID=1383) to work on /home/airflow/.local/lib/python3.8/site-packages/airflow/example_dags/example_sensor_decorator.py
[2024-03-28T17:22:58.072+0000] {processor.py:830} INFO - Processing file /home/airflow/.local/lib/python3.8/site-packages/airflow/example_dags/example_sensor_decorator.py for tasks to queue
[2024-03-28T17:22:58.086+0000] {logging_mixin.py:188} INFO - [2024-03-28T17:22:58.084+0000] {dagbag.py:540} INFO - Filling up the DagBag from /home/airflow/.local/lib/python3.8/site-packages/airflow/example_dags/example_sensor_decorator.py
[2024-03-28T17:22:58.115+0000] {processor.py:840} INFO - DAG(s) 'example_sensor_decorator' retrieved from /home/airflow/.local/lib/python3.8/site-packages/airflow/example_dags/example_sensor_decorator.py
[2024-03-28T17:22:58.208+0000] {logging_mixin.py:188} INFO - [2024-03-28T17:22:58.208+0000] {dag.py:3047} INFO - Sync 1 DAGs
[2024-03-28T17:22:58.260+0000] {logging_mixin.py:188} INFO - [2024-03-28T17:22:58.259+0000] {dag.py:3834} INFO - Setting next_dagrun for example_sensor_decorator to None, run_after=None
[2024-03-28T17:22:58.324+0000] {processor.py:183} INFO - Processing /home/airflow/.local/lib/python3.8/site-packages/airflow/example_dags/example_sensor_decorator.py took 0.268 seconds
[2024-03-28T17:23:28.730+0000] {processor.py:161} INFO - Started process (PID=1438) to work on /home/airflow/.local/lib/python3.8/site-packages/airflow/example_dags/example_sensor_decorator.py
[2024-03-28T17:23:28.738+0000] {processor.py:830} INFO - Processing file /home/airflow/.local/lib/python3.8/site-packages/airflow/example_dags/example_sensor_decorator.py for tasks to queue
[2024-03-28T17:23:28.751+0000] {logging_mixin.py:188} INFO - [2024-03-28T17:23:28.750+0000] {dagbag.py:540} INFO - Filling up the DagBag from /home/airflow/.local/lib/python3.8/site-packages/airflow/example_dags/example_sensor_decorator.py
[2024-03-28T17:23:28.788+0000] {processor.py:840} INFO - DAG(s) 'example_sensor_decorator' retrieved from /home/airflow/.local/lib/python3.8/site-packages/airflow/example_dags/example_sensor_decorator.py
[2024-03-28T17:23:28.869+0000] {logging_mixin.py:188} INFO - [2024-03-28T17:23:28.868+0000] {dag.py:3047} INFO - Sync 1 DAGs
[2024-03-28T17:23:28.910+0000] {logging_mixin.py:188} INFO - [2024-03-28T17:23:28.910+0000] {dag.py:3834} INFO - Setting next_dagrun for example_sensor_decorator to None, run_after=None
[2024-03-28T17:23:29.023+0000] {processor.py:183} INFO - Processing /home/airflow/.local/lib/python3.8/site-packages/airflow/example_dags/example_sensor_decorator.py took 0.304 seconds
[2024-03-28T17:24:05.365+0000] {processor.py:161} INFO - Started process (PID=1497) to work on /home/airflow/.local/lib/python3.8/site-packages/airflow/example_dags/example_sensor_decorator.py
[2024-03-28T17:24:05.369+0000] {processor.py:830} INFO - Processing file /home/airflow/.local/lib/python3.8/site-packages/airflow/example_dags/example_sensor_decorator.py for tasks to queue
[2024-03-28T17:24:05.375+0000] {logging_mixin.py:188} INFO - [2024-03-28T17:24:05.374+0000] {dagbag.py:540} INFO - Filling up the DagBag from /home/airflow/.local/lib/python3.8/site-packages/airflow/example_dags/example_sensor_decorator.py
[2024-03-28T17:24:05.399+0000] {processor.py:840} INFO - DAG(s) 'example_sensor_decorator' retrieved from /home/airflow/.local/lib/python3.8/site-packages/airflow/example_dags/example_sensor_decorator.py
[2024-03-28T17:24:05.462+0000] {logging_mixin.py:188} INFO - [2024-03-28T17:24:05.462+0000] {dag.py:3047} INFO - Sync 1 DAGs
[2024-03-28T17:24:05.509+0000] {logging_mixin.py:188} INFO - [2024-03-28T17:24:05.508+0000] {dag.py:3834} INFO - Setting next_dagrun for example_sensor_decorator to None, run_after=None
[2024-03-28T17:24:05.595+0000] {processor.py:183} INFO - Processing /home/airflow/.local/lib/python3.8/site-packages/airflow/example_dags/example_sensor_decorator.py took 0.239 seconds
[2024-03-28T17:24:41.593+0000] {processor.py:161} INFO - Started process (PID=1559) to work on /home/airflow/.local/lib/python3.8/site-packages/airflow/example_dags/example_sensor_decorator.py
[2024-03-28T17:24:41.618+0000] {processor.py:830} INFO - Processing file /home/airflow/.local/lib/python3.8/site-packages/airflow/example_dags/example_sensor_decorator.py for tasks to queue
[2024-03-28T17:24:41.640+0000] {logging_mixin.py:188} INFO - [2024-03-28T17:24:41.636+0000] {dagbag.py:540} INFO - Filling up the DagBag from /home/airflow/.local/lib/python3.8/site-packages/airflow/example_dags/example_sensor_decorator.py
[2024-03-28T17:24:41.728+0000] {processor.py:840} INFO - DAG(s) 'example_sensor_decorator' retrieved from /home/airflow/.local/lib/python3.8/site-packages/airflow/example_dags/example_sensor_decorator.py
[2024-03-28T17:24:41.899+0000] {logging_mixin.py:188} INFO - [2024-03-28T17:24:41.898+0000] {dag.py:3047} INFO - Sync 1 DAGs
[2024-03-28T17:24:42.005+0000] {logging_mixin.py:188} INFO - [2024-03-28T17:24:42.004+0000] {dag.py:3834} INFO - Setting next_dagrun for example_sensor_decorator to None, run_after=None
[2024-03-28T17:24:42.134+0000] {processor.py:183} INFO - Processing /home/airflow/.local/lib/python3.8/site-packages/airflow/example_dags/example_sensor_decorator.py took 0.647 seconds
[2024-03-28T17:25:14.205+0000] {processor.py:161} INFO - Started process (PID=1614) to work on /home/airflow/.local/lib/python3.8/site-packages/airflow/example_dags/example_sensor_decorator.py
[2024-03-28T17:25:14.239+0000] {processor.py:830} INFO - Processing file /home/airflow/.local/lib/python3.8/site-packages/airflow/example_dags/example_sensor_decorator.py for tasks to queue
[2024-03-28T17:25:14.844+0000] {logging_mixin.py:188} INFO - [2024-03-28T17:25:14.836+0000] {dagbag.py:540} INFO - Filling up the DagBag from /home/airflow/.local/lib/python3.8/site-packages/airflow/example_dags/example_sensor_decorator.py
[2024-03-28T17:25:14.890+0000] {processor.py:840} INFO - DAG(s) 'example_sensor_decorator' retrieved from /home/airflow/.local/lib/python3.8/site-packages/airflow/example_dags/example_sensor_decorator.py
[2024-03-28T17:25:15.269+0000] {logging_mixin.py:188} INFO - [2024-03-28T17:25:15.269+0000] {dag.py:3047} INFO - Sync 1 DAGs
[2024-03-28T17:25:15.390+0000] {logging_mixin.py:188} INFO - [2024-03-28T17:25:15.390+0000] {dag.py:3834} INFO - Setting next_dagrun for example_sensor_decorator to None, run_after=None
[2024-03-28T17:25:15.612+0000] {processor.py:183} INFO - Processing /home/airflow/.local/lib/python3.8/site-packages/airflow/example_dags/example_sensor_decorator.py took 1.582 seconds
[2024-03-28T17:25:46.290+0000] {processor.py:161} INFO - Started process (PID=1669) to work on /home/airflow/.local/lib/python3.8/site-packages/airflow/example_dags/example_sensor_decorator.py
[2024-03-28T17:25:46.304+0000] {processor.py:830} INFO - Processing file /home/airflow/.local/lib/python3.8/site-packages/airflow/example_dags/example_sensor_decorator.py for tasks to queue
[2024-03-28T17:25:46.336+0000] {logging_mixin.py:188} INFO - [2024-03-28T17:25:46.326+0000] {dagbag.py:540} INFO - Filling up the DagBag from /home/airflow/.local/lib/python3.8/site-packages/airflow/example_dags/example_sensor_decorator.py
[2024-03-28T17:25:46.456+0000] {processor.py:840} INFO - DAG(s) 'example_sensor_decorator' retrieved from /home/airflow/.local/lib/python3.8/site-packages/airflow/example_dags/example_sensor_decorator.py
[2024-03-28T17:25:46.637+0000] {logging_mixin.py:188} INFO - [2024-03-28T17:25:46.636+0000] {dag.py:3047} INFO - Sync 1 DAGs
[2024-03-28T17:25:46.728+0000] {logging_mixin.py:188} INFO - [2024-03-28T17:25:46.727+0000] {dag.py:3834} INFO - Setting next_dagrun for example_sensor_decorator to None, run_after=None
[2024-03-28T17:25:46.817+0000] {processor.py:183} INFO - Processing /home/airflow/.local/lib/python3.8/site-packages/airflow/example_dags/example_sensor_decorator.py took 0.552 seconds
[2024-03-28T17:26:17.239+0000] {processor.py:161} INFO - Started process (PID=1724) to work on /home/airflow/.local/lib/python3.8/site-packages/airflow/example_dags/example_sensor_decorator.py
[2024-03-28T17:26:17.246+0000] {processor.py:830} INFO - Processing file /home/airflow/.local/lib/python3.8/site-packages/airflow/example_dags/example_sensor_decorator.py for tasks to queue
[2024-03-28T17:26:17.263+0000] {logging_mixin.py:188} INFO - [2024-03-28T17:26:17.261+0000] {dagbag.py:540} INFO - Filling up the DagBag from /home/airflow/.local/lib/python3.8/site-packages/airflow/example_dags/example_sensor_decorator.py
[2024-03-28T17:26:17.294+0000] {processor.py:840} INFO - DAG(s) 'example_sensor_decorator' retrieved from /home/airflow/.local/lib/python3.8/site-packages/airflow/example_dags/example_sensor_decorator.py
[2024-03-28T17:26:17.366+0000] {logging_mixin.py:188} INFO - [2024-03-28T17:26:17.366+0000] {dag.py:3047} INFO - Sync 1 DAGs
[2024-03-28T17:26:17.418+0000] {logging_mixin.py:188} INFO - [2024-03-28T17:26:17.418+0000] {dag.py:3834} INFO - Setting next_dagrun for example_sensor_decorator to None, run_after=None
[2024-03-28T17:26:17.479+0000] {processor.py:183} INFO - Processing /home/airflow/.local/lib/python3.8/site-packages/airflow/example_dags/example_sensor_decorator.py took 0.270 seconds
[2024-03-28T17:26:51.207+0000] {processor.py:161} INFO - Started process (PID=1777) to work on /home/airflow/.local/lib/python3.8/site-packages/airflow/example_dags/example_sensor_decorator.py
[2024-03-28T17:26:51.214+0000] {processor.py:830} INFO - Processing file /home/airflow/.local/lib/python3.8/site-packages/airflow/example_dags/example_sensor_decorator.py for tasks to queue
[2024-03-28T17:26:51.240+0000] {logging_mixin.py:188} INFO - [2024-03-28T17:26:51.235+0000] {dagbag.py:540} INFO - Filling up the DagBag from /home/airflow/.local/lib/python3.8/site-packages/airflow/example_dags/example_sensor_decorator.py
[2024-03-28T17:26:51.268+0000] {processor.py:840} INFO - DAG(s) 'example_sensor_decorator' retrieved from /home/airflow/.local/lib/python3.8/site-packages/airflow/example_dags/example_sensor_decorator.py
[2024-03-28T17:26:51.373+0000] {logging_mixin.py:188} INFO - [2024-03-28T17:26:51.372+0000] {dag.py:3047} INFO - Sync 1 DAGs
[2024-03-28T17:26:51.414+0000] {logging_mixin.py:188} INFO - [2024-03-28T17:26:51.413+0000] {dag.py:3834} INFO - Setting next_dagrun for example_sensor_decorator to None, run_after=None
[2024-03-28T17:26:51.542+0000] {processor.py:183} INFO - Processing /home/airflow/.local/lib/python3.8/site-packages/airflow/example_dags/example_sensor_decorator.py took 0.351 seconds
[2024-03-28T17:27:33.706+0000] {processor.py:161} INFO - Started process (PID=1843) to work on /home/airflow/.local/lib/python3.8/site-packages/airflow/example_dags/example_sensor_decorator.py
[2024-03-28T17:27:33.714+0000] {processor.py:830} INFO - Processing file /home/airflow/.local/lib/python3.8/site-packages/airflow/example_dags/example_sensor_decorator.py for tasks to queue
[2024-03-28T17:27:33.725+0000] {logging_mixin.py:188} INFO - [2024-03-28T17:27:33.722+0000] {dagbag.py:540} INFO - Filling up the DagBag from /home/airflow/.local/lib/python3.8/site-packages/airflow/example_dags/example_sensor_decorator.py
[2024-03-28T17:27:33.781+0000] {processor.py:840} INFO - DAG(s) 'example_sensor_decorator' retrieved from /home/airflow/.local/lib/python3.8/site-packages/airflow/example_dags/example_sensor_decorator.py
[2024-03-28T17:27:33.882+0000] {logging_mixin.py:188} INFO - [2024-03-28T17:27:33.881+0000] {dag.py:3047} INFO - Sync 1 DAGs
[2024-03-28T17:27:33.928+0000] {logging_mixin.py:188} INFO - [2024-03-28T17:27:33.928+0000] {dag.py:3834} INFO - Setting next_dagrun for example_sensor_decorator to None, run_after=None
[2024-03-28T17:27:34.008+0000] {processor.py:183} INFO - Processing /home/airflow/.local/lib/python3.8/site-packages/airflow/example_dags/example_sensor_decorator.py took 0.317 seconds
[2024-03-28T17:28:06.242+0000] {processor.py:161} INFO - Started process (PID=1900) to work on /home/airflow/.local/lib/python3.8/site-packages/airflow/example_dags/example_sensor_decorator.py
[2024-03-28T17:28:06.246+0000] {processor.py:830} INFO - Processing file /home/airflow/.local/lib/python3.8/site-packages/airflow/example_dags/example_sensor_decorator.py for tasks to queue
[2024-03-28T17:28:06.253+0000] {logging_mixin.py:188} INFO - [2024-03-28T17:28:06.252+0000] {dagbag.py:540} INFO - Filling up the DagBag from /home/airflow/.local/lib/python3.8/site-packages/airflow/example_dags/example_sensor_decorator.py
[2024-03-28T17:28:06.273+0000] {processor.py:840} INFO - DAG(s) 'example_sensor_decorator' retrieved from /home/airflow/.local/lib/python3.8/site-packages/airflow/example_dags/example_sensor_decorator.py
[2024-03-28T17:28:06.337+0000] {logging_mixin.py:188} INFO - [2024-03-28T17:28:06.337+0000] {dag.py:3047} INFO - Sync 1 DAGs
[2024-03-28T17:28:06.374+0000] {logging_mixin.py:188} INFO - [2024-03-28T17:28:06.374+0000] {dag.py:3834} INFO - Setting next_dagrun for example_sensor_decorator to None, run_after=None
[2024-03-28T17:28:06.421+0000] {processor.py:183} INFO - Processing /home/airflow/.local/lib/python3.8/site-packages/airflow/example_dags/example_sensor_decorator.py took 0.192 seconds
[2024-03-28T17:28:48.398+0000] {processor.py:161} INFO - Started process (PID=1970) to work on /home/airflow/.local/lib/python3.8/site-packages/airflow/example_dags/example_sensor_decorator.py
[2024-03-28T17:28:48.404+0000] {processor.py:830} INFO - Processing file /home/airflow/.local/lib/python3.8/site-packages/airflow/example_dags/example_sensor_decorator.py for tasks to queue
[2024-03-28T17:28:48.420+0000] {logging_mixin.py:188} INFO - [2024-03-28T17:28:48.417+0000] {dagbag.py:540} INFO - Filling up the DagBag from /home/airflow/.local/lib/python3.8/site-packages/airflow/example_dags/example_sensor_decorator.py
[2024-03-28T17:28:48.453+0000] {processor.py:840} INFO - DAG(s) 'example_sensor_decorator' retrieved from /home/airflow/.local/lib/python3.8/site-packages/airflow/example_dags/example_sensor_decorator.py
[2024-03-28T17:28:48.508+0000] {logging_mixin.py:188} INFO - [2024-03-28T17:28:48.507+0000] {dag.py:3047} INFO - Sync 1 DAGs
[2024-03-28T17:28:48.551+0000] {logging_mixin.py:188} INFO - [2024-03-28T17:28:48.551+0000] {dag.py:3834} INFO - Setting next_dagrun for example_sensor_decorator to None, run_after=None
[2024-03-28T17:28:48.616+0000] {processor.py:183} INFO - Processing /home/airflow/.local/lib/python3.8/site-packages/airflow/example_dags/example_sensor_decorator.py took 0.238 seconds
[2024-03-28T17:29:21.238+0000] {processor.py:161} INFO - Started process (PID=2025) to work on /home/airflow/.local/lib/python3.8/site-packages/airflow/example_dags/example_sensor_decorator.py
[2024-03-28T17:29:21.243+0000] {processor.py:830} INFO - Processing file /home/airflow/.local/lib/python3.8/site-packages/airflow/example_dags/example_sensor_decorator.py for tasks to queue
[2024-03-28T17:29:21.268+0000] {logging_mixin.py:188} INFO - [2024-03-28T17:29:21.267+0000] {dagbag.py:540} INFO - Filling up the DagBag from /home/airflow/.local/lib/python3.8/site-packages/airflow/example_dags/example_sensor_decorator.py
[2024-03-28T17:29:21.312+0000] {processor.py:840} INFO - DAG(s) 'example_sensor_decorator' retrieved from /home/airflow/.local/lib/python3.8/site-packages/airflow/example_dags/example_sensor_decorator.py
[2024-03-28T17:29:21.458+0000] {logging_mixin.py:188} INFO - [2024-03-28T17:29:21.457+0000] {dag.py:3047} INFO - Sync 1 DAGs
[2024-03-28T17:29:21.649+0000] {logging_mixin.py:188} INFO - [2024-03-28T17:29:21.649+0000] {dag.py:3834} INFO - Setting next_dagrun for example_sensor_decorator to None, run_after=None
[2024-03-28T17:29:21.850+0000] {processor.py:183} INFO - Processing /home/airflow/.local/lib/python3.8/site-packages/airflow/example_dags/example_sensor_decorator.py took 0.703 seconds
[2024-03-28T17:29:52.390+0000] {processor.py:161} INFO - Started process (PID=2080) to work on /home/airflow/.local/lib/python3.8/site-packages/airflow/example_dags/example_sensor_decorator.py
[2024-03-28T17:29:52.406+0000] {processor.py:830} INFO - Processing file /home/airflow/.local/lib/python3.8/site-packages/airflow/example_dags/example_sensor_decorator.py for tasks to queue
[2024-03-28T17:29:52.434+0000] {logging_mixin.py:188} INFO - [2024-03-28T17:29:52.424+0000] {dagbag.py:540} INFO - Filling up the DagBag from /home/airflow/.local/lib/python3.8/site-packages/airflow/example_dags/example_sensor_decorator.py
[2024-03-28T17:29:52.478+0000] {processor.py:840} INFO - DAG(s) 'example_sensor_decorator' retrieved from /home/airflow/.local/lib/python3.8/site-packages/airflow/example_dags/example_sensor_decorator.py
[2024-03-28T17:29:52.699+0000] {logging_mixin.py:188} INFO - [2024-03-28T17:29:52.698+0000] {dag.py:3047} INFO - Sync 1 DAGs
[2024-03-28T17:29:52.832+0000] {logging_mixin.py:188} INFO - [2024-03-28T17:29:52.831+0000] {dag.py:3834} INFO - Setting next_dagrun for example_sensor_decorator to None, run_after=None
[2024-03-28T17:29:53.106+0000] {processor.py:183} INFO - Processing /home/airflow/.local/lib/python3.8/site-packages/airflow/example_dags/example_sensor_decorator.py took 0.754 seconds
[2024-03-28T17:30:23.360+0000] {processor.py:161} INFO - Started process (PID=2134) to work on /home/airflow/.local/lib/python3.8/site-packages/airflow/example_dags/example_sensor_decorator.py
[2024-03-28T17:30:23.367+0000] {processor.py:830} INFO - Processing file /home/airflow/.local/lib/python3.8/site-packages/airflow/example_dags/example_sensor_decorator.py for tasks to queue
[2024-03-28T17:30:23.402+0000] {logging_mixin.py:188} INFO - [2024-03-28T17:30:23.398+0000] {dagbag.py:540} INFO - Filling up the DagBag from /home/airflow/.local/lib/python3.8/site-packages/airflow/example_dags/example_sensor_decorator.py
[2024-03-28T17:30:23.459+0000] {processor.py:840} INFO - DAG(s) 'example_sensor_decorator' retrieved from /home/airflow/.local/lib/python3.8/site-packages/airflow/example_dags/example_sensor_decorator.py
[2024-03-28T17:30:23.551+0000] {logging_mixin.py:188} INFO - [2024-03-28T17:30:23.544+0000] {dag.py:3047} INFO - Sync 1 DAGs
[2024-03-28T17:30:23.625+0000] {logging_mixin.py:188} INFO - [2024-03-28T17:30:23.624+0000] {dag.py:3834} INFO - Setting next_dagrun for example_sensor_decorator to None, run_after=None
[2024-03-28T17:30:23.708+0000] {processor.py:183} INFO - Processing /home/airflow/.local/lib/python3.8/site-packages/airflow/example_dags/example_sensor_decorator.py took 0.363 seconds
[2024-03-28T17:31:03.751+0000] {processor.py:161} INFO - Started process (PID=2193) to work on /home/airflow/.local/lib/python3.8/site-packages/airflow/example_dags/example_sensor_decorator.py
[2024-03-28T17:31:03.768+0000] {processor.py:830} INFO - Processing file /home/airflow/.local/lib/python3.8/site-packages/airflow/example_dags/example_sensor_decorator.py for tasks to queue
[2024-03-28T17:31:03.821+0000] {logging_mixin.py:188} INFO - [2024-03-28T17:31:03.811+0000] {dagbag.py:540} INFO - Filling up the DagBag from /home/airflow/.local/lib/python3.8/site-packages/airflow/example_dags/example_sensor_decorator.py
[2024-03-28T17:31:03.913+0000] {processor.py:840} INFO - DAG(s) 'example_sensor_decorator' retrieved from /home/airflow/.local/lib/python3.8/site-packages/airflow/example_dags/example_sensor_decorator.py
[2024-03-28T17:31:04.065+0000] {logging_mixin.py:188} INFO - [2024-03-28T17:31:04.063+0000] {dag.py:3047} INFO - Sync 1 DAGs
[2024-03-28T17:31:04.186+0000] {logging_mixin.py:188} INFO - [2024-03-28T17:31:04.184+0000] {dag.py:3834} INFO - Setting next_dagrun for example_sensor_decorator to None, run_after=None
[2024-03-28T17:31:04.351+0000] {processor.py:183} INFO - Processing /home/airflow/.local/lib/python3.8/site-packages/airflow/example_dags/example_sensor_decorator.py took 0.638 seconds
[2024-03-28T17:31:35.462+0000] {processor.py:161} INFO - Started process (PID=2246) to work on /home/airflow/.local/lib/python3.8/site-packages/airflow/example_dags/example_sensor_decorator.py
[2024-03-28T17:31:35.470+0000] {processor.py:830} INFO - Processing file /home/airflow/.local/lib/python3.8/site-packages/airflow/example_dags/example_sensor_decorator.py for tasks to queue
[2024-03-28T17:31:35.485+0000] {logging_mixin.py:188} INFO - [2024-03-28T17:31:35.483+0000] {dagbag.py:540} INFO - Filling up the DagBag from /home/airflow/.local/lib/python3.8/site-packages/airflow/example_dags/example_sensor_decorator.py
[2024-03-28T17:31:35.512+0000] {processor.py:840} INFO - DAG(s) 'example_sensor_decorator' retrieved from /home/airflow/.local/lib/python3.8/site-packages/airflow/example_dags/example_sensor_decorator.py
[2024-03-28T17:31:35.650+0000] {logging_mixin.py:188} INFO - [2024-03-28T17:31:35.649+0000] {dag.py:3047} INFO - Sync 1 DAGs
[2024-03-28T17:31:35.712+0000] {logging_mixin.py:188} INFO - [2024-03-28T17:31:35.712+0000] {dag.py:3834} INFO - Setting next_dagrun for example_sensor_decorator to None, run_after=None
[2024-03-28T17:31:35.799+0000] {processor.py:183} INFO - Processing /home/airflow/.local/lib/python3.8/site-packages/airflow/example_dags/example_sensor_decorator.py took 0.350 seconds
[2024-03-28T17:32:15.091+0000] {processor.py:161} INFO - Started process (PID=2301) to work on /home/airflow/.local/lib/python3.8/site-packages/airflow/example_dags/example_sensor_decorator.py
[2024-03-28T17:32:15.106+0000] {processor.py:830} INFO - Processing file /home/airflow/.local/lib/python3.8/site-packages/airflow/example_dags/example_sensor_decorator.py for tasks to queue
[2024-03-28T17:32:15.116+0000] {logging_mixin.py:188} INFO - [2024-03-28T17:32:15.114+0000] {dagbag.py:540} INFO - Filling up the DagBag from /home/airflow/.local/lib/python3.8/site-packages/airflow/example_dags/example_sensor_decorator.py
[2024-03-28T17:32:15.157+0000] {processor.py:840} INFO - DAG(s) 'example_sensor_decorator' retrieved from /home/airflow/.local/lib/python3.8/site-packages/airflow/example_dags/example_sensor_decorator.py
[2024-03-28T17:32:15.213+0000] {logging_mixin.py:188} INFO - [2024-03-28T17:32:15.212+0000] {dag.py:3047} INFO - Sync 1 DAGs
[2024-03-28T17:32:15.246+0000] {logging_mixin.py:188} INFO - [2024-03-28T17:32:15.246+0000] {dag.py:3834} INFO - Setting next_dagrun for example_sensor_decorator to None, run_after=None
[2024-03-28T17:32:15.303+0000] {processor.py:183} INFO - Processing /home/airflow/.local/lib/python3.8/site-packages/airflow/example_dags/example_sensor_decorator.py took 0.227 seconds
[2024-03-28T17:32:53.302+0000] {processor.py:161} INFO - Started process (PID=2361) to work on /home/airflow/.local/lib/python3.8/site-packages/airflow/example_dags/example_sensor_decorator.py
[2024-03-28T17:32:53.308+0000] {processor.py:830} INFO - Processing file /home/airflow/.local/lib/python3.8/site-packages/airflow/example_dags/example_sensor_decorator.py for tasks to queue
[2024-03-28T17:32:53.328+0000] {logging_mixin.py:188} INFO - [2024-03-28T17:32:53.326+0000] {dagbag.py:540} INFO - Filling up the DagBag from /home/airflow/.local/lib/python3.8/site-packages/airflow/example_dags/example_sensor_decorator.py
[2024-03-28T17:32:53.360+0000] {processor.py:840} INFO - DAG(s) 'example_sensor_decorator' retrieved from /home/airflow/.local/lib/python3.8/site-packages/airflow/example_dags/example_sensor_decorator.py
[2024-03-28T17:32:53.473+0000] {logging_mixin.py:188} INFO - [2024-03-28T17:32:53.472+0000] {dag.py:3047} INFO - Sync 1 DAGs
[2024-03-28T17:32:53.603+0000] {logging_mixin.py:188} INFO - [2024-03-28T17:32:53.601+0000] {dag.py:3834} INFO - Setting next_dagrun for example_sensor_decorator to None, run_after=None
[2024-03-28T17:32:53.694+0000] {processor.py:183} INFO - Processing /home/airflow/.local/lib/python3.8/site-packages/airflow/example_dags/example_sensor_decorator.py took 0.407 seconds
[2024-03-28T17:33:27.159+0000] {processor.py:161} INFO - Started process (PID=2419) to work on /home/airflow/.local/lib/python3.8/site-packages/airflow/example_dags/example_sensor_decorator.py
[2024-03-28T17:33:27.166+0000] {processor.py:830} INFO - Processing file /home/airflow/.local/lib/python3.8/site-packages/airflow/example_dags/example_sensor_decorator.py for tasks to queue
[2024-03-28T17:33:27.174+0000] {logging_mixin.py:188} INFO - [2024-03-28T17:33:27.172+0000] {dagbag.py:540} INFO - Filling up the DagBag from /home/airflow/.local/lib/python3.8/site-packages/airflow/example_dags/example_sensor_decorator.py
[2024-03-28T17:33:27.196+0000] {processor.py:840} INFO - DAG(s) 'example_sensor_decorator' retrieved from /home/airflow/.local/lib/python3.8/site-packages/airflow/example_dags/example_sensor_decorator.py
[2024-03-28T17:33:27.248+0000] {logging_mixin.py:188} INFO - [2024-03-28T17:33:27.248+0000] {dag.py:3047} INFO - Sync 1 DAGs
[2024-03-28T17:33:27.278+0000] {logging_mixin.py:188} INFO - [2024-03-28T17:33:27.277+0000] {dag.py:3834} INFO - Setting next_dagrun for example_sensor_decorator to None, run_after=None
[2024-03-28T17:33:27.337+0000] {processor.py:183} INFO - Processing /home/airflow/.local/lib/python3.8/site-packages/airflow/example_dags/example_sensor_decorator.py took 0.188 seconds
