[2024-03-28T16:33:11.062+0000] {processor.py:161} INFO - Started process (PID=159) to work on /home/airflow/.local/lib/python3.8/site-packages/airflow/example_dags/example_dynamic_task_mapping_with_no_taskflow_operators.py
[2024-03-28T16:33:11.139+0000] {processor.py:830} INFO - Processing file /home/airflow/.local/lib/python3.8/site-packages/airflow/example_dags/example_dynamic_task_mapping_with_no_taskflow_operators.py for tasks to queue
[2024-03-28T16:33:11.243+0000] {logging_mixin.py:188} INFO - [2024-03-28T16:33:11.165+0000] {dagbag.py:540} INFO - Filling up the DagBag from /home/airflow/.local/lib/python3.8/site-packages/airflow/example_dags/example_dynamic_task_mapping_with_no_taskflow_operators.py
[2024-03-28T16:33:11.712+0000] {processor.py:840} INFO - DAG(s) 'example_dynamic_task_mapping_with_no_taskflow_operators' retrieved from /home/airflow/.local/lib/python3.8/site-packages/airflow/example_dags/example_dynamic_task_mapping_with_no_taskflow_operators.py
[2024-03-28T16:33:17.033+0000] {logging_mixin.py:188} INFO - [2024-03-28T16:33:17.032+0000] {override.py:1769} INFO - Created Permission View: can edit on DAG:example_dynamic_task_mapping_with_no_taskflow_operators
[2024-03-28T16:33:17.679+0000] {logging_mixin.py:188} INFO - [2024-03-28T16:33:17.642+0000] {override.py:1769} INFO - Created Permission View: can read on DAG:example_dynamic_task_mapping_with_no_taskflow_operators
[2024-03-28T16:33:17.860+0000] {logging_mixin.py:188} INFO - [2024-03-28T16:33:17.838+0000] {override.py:1769} INFO - Created Permission View: can delete on DAG:example_dynamic_task_mapping_with_no_taskflow_operators
[2024-03-28T16:33:17.917+0000] {logging_mixin.py:188} INFO - [2024-03-28T16:33:17.916+0000] {dag.py:3047} INFO - Sync 1 DAGs
[2024-03-28T16:33:18.695+0000] {logging_mixin.py:188} INFO - [2024-03-28T16:33:18.693+0000] {dag.py:3069} INFO - Creating ORM DAG for example_dynamic_task_mapping_with_no_taskflow_operators
[2024-03-28T16:33:19.290+0000] {logging_mixin.py:188} INFO - [2024-03-28T16:33:19.285+0000] {dag.py:3834} INFO - Setting next_dagrun for example_dynamic_task_mapping_with_no_taskflow_operators to 2024-03-27 00:00:00+00:00, run_after=2024-03-28 00:00:00+00:00
[2024-03-28T16:33:19.926+0000] {processor.py:183} INFO - Processing /home/airflow/.local/lib/python3.8/site-packages/airflow/example_dags/example_dynamic_task_mapping_with_no_taskflow_operators.py took 8.945 seconds
[2024-03-28T16:36:53.956+0000] {processor.py:161} INFO - Started process (PID=249) to work on /home/airflow/.local/lib/python3.8/site-packages/airflow/example_dags/example_dynamic_task_mapping_with_no_taskflow_operators.py
[2024-03-28T16:36:54.112+0000] {processor.py:830} INFO - Processing file /home/airflow/.local/lib/python3.8/site-packages/airflow/example_dags/example_dynamic_task_mapping_with_no_taskflow_operators.py for tasks to queue
[2024-03-28T16:36:54.173+0000] {logging_mixin.py:188} INFO - [2024-03-28T16:36:54.162+0000] {dagbag.py:540} INFO - Filling up the DagBag from /home/airflow/.local/lib/python3.8/site-packages/airflow/example_dags/example_dynamic_task_mapping_with_no_taskflow_operators.py
[2024-03-28T16:36:55.452+0000] {processor.py:840} INFO - DAG(s) 'example_dynamic_task_mapping_with_no_taskflow_operators' retrieved from /home/airflow/.local/lib/python3.8/site-packages/airflow/example_dags/example_dynamic_task_mapping_with_no_taskflow_operators.py
[2024-03-28T16:36:56.104+0000] {logging_mixin.py:188} INFO - [2024-03-28T16:36:56.098+0000] {dag.py:3047} INFO - Sync 1 DAGs
[2024-03-28T16:36:57.397+0000] {logging_mixin.py:188} INFO - [2024-03-28T16:36:57.396+0000] {dag.py:3834} INFO - Setting next_dagrun for example_dynamic_task_mapping_with_no_taskflow_operators to 2024-03-27 00:00:00+00:00, run_after=2024-03-28 00:00:00+00:00
[2024-03-28T16:36:58.419+0000] {processor.py:183} INFO - Processing /home/airflow/.local/lib/python3.8/site-packages/airflow/example_dags/example_dynamic_task_mapping_with_no_taskflow_operators.py took 4.681 seconds
[2024-03-28T16:42:10.960+0000] {processor.py:161} INFO - Started process (PID=390) to work on /home/airflow/.local/lib/python3.8/site-packages/airflow/example_dags/example_dynamic_task_mapping_with_no_taskflow_operators.py
[2024-03-28T16:42:11.021+0000] {processor.py:830} INFO - Processing file /home/airflow/.local/lib/python3.8/site-packages/airflow/example_dags/example_dynamic_task_mapping_with_no_taskflow_operators.py for tasks to queue
[2024-03-28T16:42:11.174+0000] {logging_mixin.py:188} INFO - [2024-03-28T16:42:11.169+0000] {dagbag.py:540} INFO - Filling up the DagBag from /home/airflow/.local/lib/python3.8/site-packages/airflow/example_dags/example_dynamic_task_mapping_with_no_taskflow_operators.py
[2024-03-28T16:42:12.566+0000] {processor.py:840} INFO - DAG(s) 'example_dynamic_task_mapping_with_no_taskflow_operators' retrieved from /home/airflow/.local/lib/python3.8/site-packages/airflow/example_dags/example_dynamic_task_mapping_with_no_taskflow_operators.py
[2024-03-28T16:42:13.482+0000] {logging_mixin.py:188} INFO - [2024-03-28T16:42:13.415+0000] {dag.py:3047} INFO - Sync 1 DAGs
[2024-03-28T16:42:16.849+0000] {logging_mixin.py:188} INFO - [2024-03-28T16:42:16.848+0000] {dag.py:3834} INFO - Setting next_dagrun for example_dynamic_task_mapping_with_no_taskflow_operators to 2024-03-27 00:00:00+00:00, run_after=2024-03-28 00:00:00+00:00
[2024-03-28T16:42:18.307+0000] {processor.py:183} INFO - Processing /home/airflow/.local/lib/python3.8/site-packages/airflow/example_dags/example_dynamic_task_mapping_with_no_taskflow_operators.py took 8.055 seconds
[2024-03-28T17:06:17.394+0000] {processor.py:161} INFO - Started process (PID=82) to work on /home/airflow/.local/lib/python3.8/site-packages/airflow/example_dags/example_dynamic_task_mapping_with_no_taskflow_operators.py
[2024-03-28T17:06:17.398+0000] {processor.py:830} INFO - Processing file /home/airflow/.local/lib/python3.8/site-packages/airflow/example_dags/example_dynamic_task_mapping_with_no_taskflow_operators.py for tasks to queue
[2024-03-28T17:06:17.421+0000] {logging_mixin.py:188} INFO - [2024-03-28T17:06:17.420+0000] {dagbag.py:540} INFO - Filling up the DagBag from /home/airflow/.local/lib/python3.8/site-packages/airflow/example_dags/example_dynamic_task_mapping_with_no_taskflow_operators.py
[2024-03-28T17:06:17.621+0000] {processor.py:840} INFO - DAG(s) 'example_dynamic_task_mapping_with_no_taskflow_operators' retrieved from /home/airflow/.local/lib/python3.8/site-packages/airflow/example_dags/example_dynamic_task_mapping_with_no_taskflow_operators.py
[2024-03-28T17:06:18.570+0000] {logging_mixin.py:188} INFO - [2024-03-28T17:06:18.569+0000] {dag.py:3047} INFO - Sync 1 DAGs
[2024-03-28T17:06:18.715+0000] {logging_mixin.py:188} INFO - [2024-03-28T17:06:18.713+0000] {dag.py:3834} INFO - Setting next_dagrun for example_dynamic_task_mapping_with_no_taskflow_operators to 2024-03-27 00:00:00+00:00, run_after=2024-03-28 00:00:00+00:00
[2024-03-28T17:06:18.847+0000] {processor.py:183} INFO - Processing /home/airflow/.local/lib/python3.8/site-packages/airflow/example_dags/example_dynamic_task_mapping_with_no_taskflow_operators.py took 1.483 seconds
[2024-03-28T17:07:45.041+0000] {processor.py:161} INFO - Started process (PID=149) to work on /home/airflow/.local/lib/python3.8/site-packages/airflow/example_dags/example_dynamic_task_mapping_with_no_taskflow_operators.py
[2024-03-28T17:07:45.061+0000] {processor.py:830} INFO - Processing file /home/airflow/.local/lib/python3.8/site-packages/airflow/example_dags/example_dynamic_task_mapping_with_no_taskflow_operators.py for tasks to queue
[2024-03-28T17:07:45.075+0000] {logging_mixin.py:188} INFO - [2024-03-28T17:07:45.074+0000] {dagbag.py:540} INFO - Filling up the DagBag from /home/airflow/.local/lib/python3.8/site-packages/airflow/example_dags/example_dynamic_task_mapping_with_no_taskflow_operators.py
[2024-03-28T17:07:45.103+0000] {processor.py:840} INFO - DAG(s) 'example_dynamic_task_mapping_with_no_taskflow_operators' retrieved from /home/airflow/.local/lib/python3.8/site-packages/airflow/example_dags/example_dynamic_task_mapping_with_no_taskflow_operators.py
[2024-03-28T17:07:45.168+0000] {logging_mixin.py:188} INFO - [2024-03-28T17:07:45.167+0000] {dag.py:3047} INFO - Sync 1 DAGs
[2024-03-28T17:07:45.270+0000] {logging_mixin.py:188} INFO - [2024-03-28T17:07:45.270+0000] {dag.py:3834} INFO - Setting next_dagrun for example_dynamic_task_mapping_with_no_taskflow_operators to 2024-03-27 00:00:00+00:00, run_after=2024-03-28 00:00:00+00:00
[2024-03-28T17:07:45.319+0000] {processor.py:183} INFO - Processing /home/airflow/.local/lib/python3.8/site-packages/airflow/example_dags/example_dynamic_task_mapping_with_no_taskflow_operators.py took 0.304 seconds
[2024-03-28T17:08:25.883+0000] {processor.py:161} INFO - Started process (PID=204) to work on /home/airflow/.local/lib/python3.8/site-packages/airflow/example_dags/example_dynamic_task_mapping_with_no_taskflow_operators.py
[2024-03-28T17:08:25.893+0000] {processor.py:830} INFO - Processing file /home/airflow/.local/lib/python3.8/site-packages/airflow/example_dags/example_dynamic_task_mapping_with_no_taskflow_operators.py for tasks to queue
[2024-03-28T17:08:25.907+0000] {logging_mixin.py:188} INFO - [2024-03-28T17:08:25.906+0000] {dagbag.py:540} INFO - Filling up the DagBag from /home/airflow/.local/lib/python3.8/site-packages/airflow/example_dags/example_dynamic_task_mapping_with_no_taskflow_operators.py
[2024-03-28T17:08:25.999+0000] {processor.py:840} INFO - DAG(s) 'example_dynamic_task_mapping_with_no_taskflow_operators' retrieved from /home/airflow/.local/lib/python3.8/site-packages/airflow/example_dags/example_dynamic_task_mapping_with_no_taskflow_operators.py
[2024-03-28T17:08:26.211+0000] {logging_mixin.py:188} INFO - [2024-03-28T17:08:26.210+0000] {dag.py:3047} INFO - Sync 1 DAGs
[2024-03-28T17:08:26.423+0000] {logging_mixin.py:188} INFO - [2024-03-28T17:08:26.423+0000] {dag.py:3834} INFO - Setting next_dagrun for example_dynamic_task_mapping_with_no_taskflow_operators to 2024-03-27 00:00:00+00:00, run_after=2024-03-28 00:00:00+00:00
[2024-03-28T17:08:26.558+0000] {processor.py:183} INFO - Processing /home/airflow/.local/lib/python3.8/site-packages/airflow/example_dags/example_dynamic_task_mapping_with_no_taskflow_operators.py took 0.710 seconds
[2024-03-28T17:09:28.255+0000] {processor.py:161} INFO - Started process (PID=264) to work on /home/airflow/.local/lib/python3.8/site-packages/airflow/example_dags/example_dynamic_task_mapping_with_no_taskflow_operators.py
[2024-03-28T17:09:28.269+0000] {processor.py:830} INFO - Processing file /home/airflow/.local/lib/python3.8/site-packages/airflow/example_dags/example_dynamic_task_mapping_with_no_taskflow_operators.py for tasks to queue
[2024-03-28T17:09:28.288+0000] {logging_mixin.py:188} INFO - [2024-03-28T17:09:28.286+0000] {dagbag.py:540} INFO - Filling up the DagBag from /home/airflow/.local/lib/python3.8/site-packages/airflow/example_dags/example_dynamic_task_mapping_with_no_taskflow_operators.py
[2024-03-28T17:09:28.343+0000] {processor.py:840} INFO - DAG(s) 'example_dynamic_task_mapping_with_no_taskflow_operators' retrieved from /home/airflow/.local/lib/python3.8/site-packages/airflow/example_dags/example_dynamic_task_mapping_with_no_taskflow_operators.py
[2024-03-28T17:09:28.465+0000] {logging_mixin.py:188} INFO - [2024-03-28T17:09:28.465+0000] {dag.py:3047} INFO - Sync 1 DAGs
[2024-03-28T17:09:28.867+0000] {logging_mixin.py:188} INFO - [2024-03-28T17:09:28.866+0000] {dag.py:3834} INFO - Setting next_dagrun for example_dynamic_task_mapping_with_no_taskflow_operators to 2024-03-27 00:00:00+00:00, run_after=2024-03-28 00:00:00+00:00
[2024-03-28T17:09:30.841+0000] {processor.py:183} INFO - Processing /home/airflow/.local/lib/python3.8/site-packages/airflow/example_dags/example_dynamic_task_mapping_with_no_taskflow_operators.py took 2.637 seconds
[2024-03-28T17:11:07.742+0000] {processor.py:161} INFO - Started process (PID=340) to work on /home/airflow/.local/lib/python3.8/site-packages/airflow/example_dags/example_dynamic_task_mapping_with_no_taskflow_operators.py
[2024-03-28T17:11:07.767+0000] {processor.py:830} INFO - Processing file /home/airflow/.local/lib/python3.8/site-packages/airflow/example_dags/example_dynamic_task_mapping_with_no_taskflow_operators.py for tasks to queue
[2024-03-28T17:11:07.789+0000] {logging_mixin.py:188} INFO - [2024-03-28T17:11:07.783+0000] {dagbag.py:540} INFO - Filling up the DagBag from /home/airflow/.local/lib/python3.8/site-packages/airflow/example_dags/example_dynamic_task_mapping_with_no_taskflow_operators.py
[2024-03-28T17:11:07.854+0000] {processor.py:840} INFO - DAG(s) 'example_dynamic_task_mapping_with_no_taskflow_operators' retrieved from /home/airflow/.local/lib/python3.8/site-packages/airflow/example_dags/example_dynamic_task_mapping_with_no_taskflow_operators.py
[2024-03-28T17:11:08.193+0000] {logging_mixin.py:188} INFO - [2024-03-28T17:11:08.190+0000] {dag.py:3047} INFO - Sync 1 DAGs
[2024-03-28T17:11:08.661+0000] {logging_mixin.py:188} INFO - [2024-03-28T17:11:08.645+0000] {dag.py:3834} INFO - Setting next_dagrun for example_dynamic_task_mapping_with_no_taskflow_operators to 2024-03-27 00:00:00+00:00, run_after=2024-03-28 00:00:00+00:00
[2024-03-28T17:11:08.852+0000] {processor.py:183} INFO - Processing /home/airflow/.local/lib/python3.8/site-packages/airflow/example_dags/example_dynamic_task_mapping_with_no_taskflow_operators.py took 1.142 seconds
[2024-03-28T17:12:04.224+0000] {processor.py:161} INFO - Started process (PID=403) to work on /home/airflow/.local/lib/python3.8/site-packages/airflow/example_dags/example_dynamic_task_mapping_with_no_taskflow_operators.py
[2024-03-28T17:12:04.230+0000] {processor.py:830} INFO - Processing file /home/airflow/.local/lib/python3.8/site-packages/airflow/example_dags/example_dynamic_task_mapping_with_no_taskflow_operators.py for tasks to queue
[2024-03-28T17:12:04.248+0000] {logging_mixin.py:188} INFO - [2024-03-28T17:12:04.242+0000] {dagbag.py:540} INFO - Filling up the DagBag from /home/airflow/.local/lib/python3.8/site-packages/airflow/example_dags/example_dynamic_task_mapping_with_no_taskflow_operators.py
[2024-03-28T17:12:04.329+0000] {processor.py:840} INFO - DAG(s) 'example_dynamic_task_mapping_with_no_taskflow_operators' retrieved from /home/airflow/.local/lib/python3.8/site-packages/airflow/example_dags/example_dynamic_task_mapping_with_no_taskflow_operators.py
[2024-03-28T17:12:04.780+0000] {logging_mixin.py:188} INFO - [2024-03-28T17:12:04.779+0000] {dag.py:3047} INFO - Sync 1 DAGs
[2024-03-28T17:12:04.965+0000] {logging_mixin.py:188} INFO - [2024-03-28T17:12:04.964+0000] {dag.py:3834} INFO - Setting next_dagrun for example_dynamic_task_mapping_with_no_taskflow_operators to 2024-03-27 00:00:00+00:00, run_after=2024-03-28 00:00:00+00:00
[2024-03-28T17:12:05.181+0000] {processor.py:183} INFO - Processing /home/airflow/.local/lib/python3.8/site-packages/airflow/example_dags/example_dynamic_task_mapping_with_no_taskflow_operators.py took 0.976 seconds
[2024-03-28T17:12:46.655+0000] {processor.py:161} INFO - Started process (PID=457) to work on /home/airflow/.local/lib/python3.8/site-packages/airflow/example_dags/example_dynamic_task_mapping_with_no_taskflow_operators.py
[2024-03-28T17:12:46.698+0000] {processor.py:830} INFO - Processing file /home/airflow/.local/lib/python3.8/site-packages/airflow/example_dags/example_dynamic_task_mapping_with_no_taskflow_operators.py for tasks to queue
[2024-03-28T17:12:46.822+0000] {logging_mixin.py:188} INFO - [2024-03-28T17:12:46.809+0000] {dagbag.py:540} INFO - Filling up the DagBag from /home/airflow/.local/lib/python3.8/site-packages/airflow/example_dags/example_dynamic_task_mapping_with_no_taskflow_operators.py
[2024-03-28T17:12:46.987+0000] {processor.py:840} INFO - DAG(s) 'example_dynamic_task_mapping_with_no_taskflow_operators' retrieved from /home/airflow/.local/lib/python3.8/site-packages/airflow/example_dags/example_dynamic_task_mapping_with_no_taskflow_operators.py
[2024-03-28T17:12:47.159+0000] {logging_mixin.py:188} INFO - [2024-03-28T17:12:47.158+0000] {dag.py:3047} INFO - Sync 1 DAGs
[2024-03-28T17:12:47.332+0000] {logging_mixin.py:188} INFO - [2024-03-28T17:12:47.332+0000] {dag.py:3834} INFO - Setting next_dagrun for example_dynamic_task_mapping_with_no_taskflow_operators to 2024-03-27 00:00:00+00:00, run_after=2024-03-28 00:00:00+00:00
[2024-03-28T17:12:47.499+0000] {processor.py:183} INFO - Processing /home/airflow/.local/lib/python3.8/site-packages/airflow/example_dags/example_dynamic_task_mapping_with_no_taskflow_operators.py took 1.039 seconds
[2024-03-28T17:13:18.561+0000] {processor.py:161} INFO - Started process (PID=513) to work on /home/airflow/.local/lib/python3.8/site-packages/airflow/example_dags/example_dynamic_task_mapping_with_no_taskflow_operators.py
[2024-03-28T17:13:18.719+0000] {processor.py:830} INFO - Processing file /home/airflow/.local/lib/python3.8/site-packages/airflow/example_dags/example_dynamic_task_mapping_with_no_taskflow_operators.py for tasks to queue
[2024-03-28T17:13:18.766+0000] {logging_mixin.py:188} INFO - [2024-03-28T17:13:18.756+0000] {dagbag.py:540} INFO - Filling up the DagBag from /home/airflow/.local/lib/python3.8/site-packages/airflow/example_dags/example_dynamic_task_mapping_with_no_taskflow_operators.py
[2024-03-28T17:13:18.924+0000] {processor.py:840} INFO - DAG(s) 'example_dynamic_task_mapping_with_no_taskflow_operators' retrieved from /home/airflow/.local/lib/python3.8/site-packages/airflow/example_dags/example_dynamic_task_mapping_with_no_taskflow_operators.py
[2024-03-28T17:13:19.042+0000] {logging_mixin.py:188} INFO - [2024-03-28T17:13:19.042+0000] {dag.py:3047} INFO - Sync 1 DAGs
[2024-03-28T17:13:19.158+0000] {logging_mixin.py:188} INFO - [2024-03-28T17:13:19.155+0000] {dag.py:3834} INFO - Setting next_dagrun for example_dynamic_task_mapping_with_no_taskflow_operators to 2024-03-27 00:00:00+00:00, run_after=2024-03-28 00:00:00+00:00
[2024-03-28T17:13:19.381+0000] {processor.py:183} INFO - Processing /home/airflow/.local/lib/python3.8/site-packages/airflow/example_dags/example_dynamic_task_mapping_with_no_taskflow_operators.py took 1.065 seconds
[2024-03-28T17:13:51.401+0000] {processor.py:161} INFO - Started process (PID=568) to work on /home/airflow/.local/lib/python3.8/site-packages/airflow/example_dags/example_dynamic_task_mapping_with_no_taskflow_operators.py
[2024-03-28T17:13:51.504+0000] {processor.py:830} INFO - Processing file /home/airflow/.local/lib/python3.8/site-packages/airflow/example_dags/example_dynamic_task_mapping_with_no_taskflow_operators.py for tasks to queue
[2024-03-28T17:13:51.553+0000] {logging_mixin.py:188} INFO - [2024-03-28T17:13:51.551+0000] {dagbag.py:540} INFO - Filling up the DagBag from /home/airflow/.local/lib/python3.8/site-packages/airflow/example_dags/example_dynamic_task_mapping_with_no_taskflow_operators.py
[2024-03-28T17:13:51.790+0000] {processor.py:840} INFO - DAG(s) 'example_dynamic_task_mapping_with_no_taskflow_operators' retrieved from /home/airflow/.local/lib/python3.8/site-packages/airflow/example_dags/example_dynamic_task_mapping_with_no_taskflow_operators.py
[2024-03-28T17:13:52.628+0000] {logging_mixin.py:188} INFO - [2024-03-28T17:13:52.625+0000] {dag.py:3047} INFO - Sync 1 DAGs
[2024-03-28T17:13:52.879+0000] {logging_mixin.py:188} INFO - [2024-03-28T17:13:52.879+0000] {dag.py:3834} INFO - Setting next_dagrun for example_dynamic_task_mapping_with_no_taskflow_operators to 2024-03-27 00:00:00+00:00, run_after=2024-03-28 00:00:00+00:00
[2024-03-28T17:13:53.244+0000] {processor.py:183} INFO - Processing /home/airflow/.local/lib/python3.8/site-packages/airflow/example_dags/example_dynamic_task_mapping_with_no_taskflow_operators.py took 2.044 seconds
[2024-03-28T17:14:25.109+0000] {processor.py:161} INFO - Started process (PID=623) to work on /home/airflow/.local/lib/python3.8/site-packages/airflow/example_dags/example_dynamic_task_mapping_with_no_taskflow_operators.py
[2024-03-28T17:14:25.124+0000] {processor.py:830} INFO - Processing file /home/airflow/.local/lib/python3.8/site-packages/airflow/example_dags/example_dynamic_task_mapping_with_no_taskflow_operators.py for tasks to queue
[2024-03-28T17:14:25.137+0000] {logging_mixin.py:188} INFO - [2024-03-28T17:14:25.136+0000] {dagbag.py:540} INFO - Filling up the DagBag from /home/airflow/.local/lib/python3.8/site-packages/airflow/example_dags/example_dynamic_task_mapping_with_no_taskflow_operators.py
[2024-03-28T17:14:25.182+0000] {processor.py:840} INFO - DAG(s) 'example_dynamic_task_mapping_with_no_taskflow_operators' retrieved from /home/airflow/.local/lib/python3.8/site-packages/airflow/example_dags/example_dynamic_task_mapping_with_no_taskflow_operators.py
[2024-03-28T17:14:25.388+0000] {logging_mixin.py:188} INFO - [2024-03-28T17:14:25.380+0000] {dag.py:3047} INFO - Sync 1 DAGs
[2024-03-28T17:14:25.597+0000] {logging_mixin.py:188} INFO - [2024-03-28T17:14:25.597+0000] {dag.py:3834} INFO - Setting next_dagrun for example_dynamic_task_mapping_with_no_taskflow_operators to 2024-03-27 00:00:00+00:00, run_after=2024-03-28 00:00:00+00:00
[2024-03-28T17:14:25.666+0000] {processor.py:183} INFO - Processing /home/airflow/.local/lib/python3.8/site-packages/airflow/example_dags/example_dynamic_task_mapping_with_no_taskflow_operators.py took 0.629 seconds
[2024-03-28T17:14:57.079+0000] {processor.py:161} INFO - Started process (PID=674) to work on /home/airflow/.local/lib/python3.8/site-packages/airflow/example_dags/example_dynamic_task_mapping_with_no_taskflow_operators.py
[2024-03-28T17:14:57.150+0000] {processor.py:830} INFO - Processing file /home/airflow/.local/lib/python3.8/site-packages/airflow/example_dags/example_dynamic_task_mapping_with_no_taskflow_operators.py for tasks to queue
[2024-03-28T17:14:57.429+0000] {logging_mixin.py:188} INFO - [2024-03-28T17:14:57.419+0000] {dagbag.py:540} INFO - Filling up the DagBag from /home/airflow/.local/lib/python3.8/site-packages/airflow/example_dags/example_dynamic_task_mapping_with_no_taskflow_operators.py
[2024-03-28T17:14:57.576+0000] {processor.py:840} INFO - DAG(s) 'example_dynamic_task_mapping_with_no_taskflow_operators' retrieved from /home/airflow/.local/lib/python3.8/site-packages/airflow/example_dags/example_dynamic_task_mapping_with_no_taskflow_operators.py
[2024-03-28T17:14:57.728+0000] {logging_mixin.py:188} INFO - [2024-03-28T17:14:57.726+0000] {dag.py:3047} INFO - Sync 1 DAGs
[2024-03-28T17:14:57.836+0000] {logging_mixin.py:188} INFO - [2024-03-28T17:14:57.833+0000] {dag.py:3834} INFO - Setting next_dagrun for example_dynamic_task_mapping_with_no_taskflow_operators to 2024-03-27 00:00:00+00:00, run_after=2024-03-28 00:00:00+00:00
[2024-03-28T17:14:57.953+0000] {processor.py:183} INFO - Processing /home/airflow/.local/lib/python3.8/site-packages/airflow/example_dags/example_dynamic_task_mapping_with_no_taskflow_operators.py took 0.904 seconds
[2024-03-28T17:15:40.564+0000] {processor.py:161} INFO - Started process (PID=739) to work on /home/airflow/.local/lib/python3.8/site-packages/airflow/example_dags/example_dynamic_task_mapping_with_no_taskflow_operators.py
[2024-03-28T17:15:40.570+0000] {processor.py:830} INFO - Processing file /home/airflow/.local/lib/python3.8/site-packages/airflow/example_dags/example_dynamic_task_mapping_with_no_taskflow_operators.py for tasks to queue
[2024-03-28T17:15:40.578+0000] {logging_mixin.py:188} INFO - [2024-03-28T17:15:40.577+0000] {dagbag.py:540} INFO - Filling up the DagBag from /home/airflow/.local/lib/python3.8/site-packages/airflow/example_dags/example_dynamic_task_mapping_with_no_taskflow_operators.py
[2024-03-28T17:15:40.611+0000] {processor.py:840} INFO - DAG(s) 'example_dynamic_task_mapping_with_no_taskflow_operators' retrieved from /home/airflow/.local/lib/python3.8/site-packages/airflow/example_dags/example_dynamic_task_mapping_with_no_taskflow_operators.py
[2024-03-28T17:15:40.703+0000] {logging_mixin.py:188} INFO - [2024-03-28T17:15:40.702+0000] {dag.py:3047} INFO - Sync 1 DAGs
[2024-03-28T17:15:40.816+0000] {logging_mixin.py:188} INFO - [2024-03-28T17:15:40.813+0000] {dag.py:3834} INFO - Setting next_dagrun for example_dynamic_task_mapping_with_no_taskflow_operators to 2024-03-27 00:00:00+00:00, run_after=2024-03-28 00:00:00+00:00
[2024-03-28T17:15:40.908+0000] {processor.py:183} INFO - Processing /home/airflow/.local/lib/python3.8/site-packages/airflow/example_dags/example_dynamic_task_mapping_with_no_taskflow_operators.py took 0.357 seconds
[2024-03-28T17:16:11.714+0000] {processor.py:161} INFO - Started process (PID=794) to work on /home/airflow/.local/lib/python3.8/site-packages/airflow/example_dags/example_dynamic_task_mapping_with_no_taskflow_operators.py
[2024-03-28T17:16:11.718+0000] {processor.py:830} INFO - Processing file /home/airflow/.local/lib/python3.8/site-packages/airflow/example_dags/example_dynamic_task_mapping_with_no_taskflow_operators.py for tasks to queue
[2024-03-28T17:16:11.722+0000] {logging_mixin.py:188} INFO - [2024-03-28T17:16:11.722+0000] {dagbag.py:540} INFO - Filling up the DagBag from /home/airflow/.local/lib/python3.8/site-packages/airflow/example_dags/example_dynamic_task_mapping_with_no_taskflow_operators.py
[2024-03-28T17:16:11.738+0000] {processor.py:840} INFO - DAG(s) 'example_dynamic_task_mapping_with_no_taskflow_operators' retrieved from /home/airflow/.local/lib/python3.8/site-packages/airflow/example_dags/example_dynamic_task_mapping_with_no_taskflow_operators.py
[2024-03-28T17:16:11.784+0000] {logging_mixin.py:188} INFO - [2024-03-28T17:16:11.783+0000] {dag.py:3047} INFO - Sync 1 DAGs
[2024-03-28T17:16:11.851+0000] {logging_mixin.py:188} INFO - [2024-03-28T17:16:11.851+0000] {dag.py:3834} INFO - Setting next_dagrun for example_dynamic_task_mapping_with_no_taskflow_operators to 2024-03-27 00:00:00+00:00, run_after=2024-03-28 00:00:00+00:00
[2024-03-28T17:16:11.913+0000] {processor.py:183} INFO - Processing /home/airflow/.local/lib/python3.8/site-packages/airflow/example_dags/example_dynamic_task_mapping_with_no_taskflow_operators.py took 0.207 seconds
[2024-03-28T17:16:59.127+0000] {processor.py:161} INFO - Started process (PID=852) to work on /home/airflow/.local/lib/python3.8/site-packages/airflow/example_dags/example_dynamic_task_mapping_with_no_taskflow_operators.py
[2024-03-28T17:16:59.133+0000] {processor.py:830} INFO - Processing file /home/airflow/.local/lib/python3.8/site-packages/airflow/example_dags/example_dynamic_task_mapping_with_no_taskflow_operators.py for tasks to queue
[2024-03-28T17:16:59.154+0000] {logging_mixin.py:188} INFO - [2024-03-28T17:16:59.151+0000] {dagbag.py:540} INFO - Filling up the DagBag from /home/airflow/.local/lib/python3.8/site-packages/airflow/example_dags/example_dynamic_task_mapping_with_no_taskflow_operators.py
[2024-03-28T17:16:59.175+0000] {processor.py:840} INFO - DAG(s) 'example_dynamic_task_mapping_with_no_taskflow_operators' retrieved from /home/airflow/.local/lib/python3.8/site-packages/airflow/example_dags/example_dynamic_task_mapping_with_no_taskflow_operators.py
[2024-03-28T17:16:59.250+0000] {logging_mixin.py:188} INFO - [2024-03-28T17:16:59.249+0000] {dag.py:3047} INFO - Sync 1 DAGs
[2024-03-28T17:16:59.329+0000] {logging_mixin.py:188} INFO - [2024-03-28T17:16:59.328+0000] {dag.py:3834} INFO - Setting next_dagrun for example_dynamic_task_mapping_with_no_taskflow_operators to 2024-03-27 00:00:00+00:00, run_after=2024-03-28 00:00:00+00:00
[2024-03-28T17:16:59.520+0000] {processor.py:183} INFO - Processing /home/airflow/.local/lib/python3.8/site-packages/airflow/example_dags/example_dynamic_task_mapping_with_no_taskflow_operators.py took 0.412 seconds
[2024-03-28T17:17:49.109+0000] {processor.py:161} INFO - Started process (PID=922) to work on /home/airflow/.local/lib/python3.8/site-packages/airflow/example_dags/example_dynamic_task_mapping_with_no_taskflow_operators.py
[2024-03-28T17:17:49.113+0000] {processor.py:830} INFO - Processing file /home/airflow/.local/lib/python3.8/site-packages/airflow/example_dags/example_dynamic_task_mapping_with_no_taskflow_operators.py for tasks to queue
[2024-03-28T17:17:49.128+0000] {logging_mixin.py:188} INFO - [2024-03-28T17:17:49.126+0000] {dagbag.py:540} INFO - Filling up the DagBag from /home/airflow/.local/lib/python3.8/site-packages/airflow/example_dags/example_dynamic_task_mapping_with_no_taskflow_operators.py
[2024-03-28T17:17:49.158+0000] {processor.py:840} INFO - DAG(s) 'example_dynamic_task_mapping_with_no_taskflow_operators' retrieved from /home/airflow/.local/lib/python3.8/site-packages/airflow/example_dags/example_dynamic_task_mapping_with_no_taskflow_operators.py
[2024-03-28T17:17:49.298+0000] {logging_mixin.py:188} INFO - [2024-03-28T17:17:49.298+0000] {dag.py:3047} INFO - Sync 1 DAGs
[2024-03-28T17:17:49.505+0000] {logging_mixin.py:188} INFO - [2024-03-28T17:17:49.505+0000] {dag.py:3834} INFO - Setting next_dagrun for example_dynamic_task_mapping_with_no_taskflow_operators to 2024-03-27 00:00:00+00:00, run_after=2024-03-28 00:00:00+00:00
[2024-03-28T17:17:49.695+0000] {processor.py:183} INFO - Processing /home/airflow/.local/lib/python3.8/site-packages/airflow/example_dags/example_dynamic_task_mapping_with_no_taskflow_operators.py took 0.598 seconds
[2024-03-28T17:18:49.323+0000] {processor.py:161} INFO - Started process (PID=979) to work on /home/airflow/.local/lib/python3.8/site-packages/airflow/example_dags/example_dynamic_task_mapping_with_no_taskflow_operators.py
[2024-03-28T17:18:49.353+0000] {processor.py:830} INFO - Processing file /home/airflow/.local/lib/python3.8/site-packages/airflow/example_dags/example_dynamic_task_mapping_with_no_taskflow_operators.py for tasks to queue
[2024-03-28T17:18:49.372+0000] {logging_mixin.py:188} INFO - [2024-03-28T17:18:49.371+0000] {dagbag.py:540} INFO - Filling up the DagBag from /home/airflow/.local/lib/python3.8/site-packages/airflow/example_dags/example_dynamic_task_mapping_with_no_taskflow_operators.py
[2024-03-28T17:18:49.470+0000] {processor.py:840} INFO - DAG(s) 'example_dynamic_task_mapping_with_no_taskflow_operators' retrieved from /home/airflow/.local/lib/python3.8/site-packages/airflow/example_dags/example_dynamic_task_mapping_with_no_taskflow_operators.py
[2024-03-28T17:18:49.646+0000] {logging_mixin.py:188} INFO - [2024-03-28T17:18:49.646+0000] {dag.py:3047} INFO - Sync 1 DAGs
[2024-03-28T17:18:49.950+0000] {logging_mixin.py:188} INFO - [2024-03-28T17:18:49.939+0000] {dag.py:3834} INFO - Setting next_dagrun for example_dynamic_task_mapping_with_no_taskflow_operators to 2024-03-27 00:00:00+00:00, run_after=2024-03-28 00:00:00+00:00
[2024-03-28T17:18:50.124+0000] {processor.py:183} INFO - Processing /home/airflow/.local/lib/python3.8/site-packages/airflow/example_dags/example_dynamic_task_mapping_with_no_taskflow_operators.py took 0.872 seconds
[2024-03-28T17:19:21.834+0000] {processor.py:161} INFO - Started process (PID=1034) to work on /home/airflow/.local/lib/python3.8/site-packages/airflow/example_dags/example_dynamic_task_mapping_with_no_taskflow_operators.py
[2024-03-28T17:19:21.844+0000] {processor.py:830} INFO - Processing file /home/airflow/.local/lib/python3.8/site-packages/airflow/example_dags/example_dynamic_task_mapping_with_no_taskflow_operators.py for tasks to queue
[2024-03-28T17:19:21.862+0000] {logging_mixin.py:188} INFO - [2024-03-28T17:19:21.861+0000] {dagbag.py:540} INFO - Filling up the DagBag from /home/airflow/.local/lib/python3.8/site-packages/airflow/example_dags/example_dynamic_task_mapping_with_no_taskflow_operators.py
[2024-03-28T17:19:21.940+0000] {processor.py:840} INFO - DAG(s) 'example_dynamic_task_mapping_with_no_taskflow_operators' retrieved from /home/airflow/.local/lib/python3.8/site-packages/airflow/example_dags/example_dynamic_task_mapping_with_no_taskflow_operators.py
[2024-03-28T17:19:22.147+0000] {logging_mixin.py:188} INFO - [2024-03-28T17:19:22.146+0000] {dag.py:3047} INFO - Sync 1 DAGs
[2024-03-28T17:19:22.339+0000] {logging_mixin.py:188} INFO - [2024-03-28T17:19:22.335+0000] {dag.py:3834} INFO - Setting next_dagrun for example_dynamic_task_mapping_with_no_taskflow_operators to 2024-03-27 00:00:00+00:00, run_after=2024-03-28 00:00:00+00:00
[2024-03-28T17:19:22.426+0000] {processor.py:183} INFO - Processing /home/airflow/.local/lib/python3.8/site-packages/airflow/example_dags/example_dynamic_task_mapping_with_no_taskflow_operators.py took 0.619 seconds
[2024-03-28T17:19:53.549+0000] {processor.py:161} INFO - Started process (PID=1090) to work on /home/airflow/.local/lib/python3.8/site-packages/airflow/example_dags/example_dynamic_task_mapping_with_no_taskflow_operators.py
[2024-03-28T17:19:53.576+0000] {processor.py:830} INFO - Processing file /home/airflow/.local/lib/python3.8/site-packages/airflow/example_dags/example_dynamic_task_mapping_with_no_taskflow_operators.py for tasks to queue
[2024-03-28T17:19:53.597+0000] {logging_mixin.py:188} INFO - [2024-03-28T17:19:53.596+0000] {dagbag.py:540} INFO - Filling up the DagBag from /home/airflow/.local/lib/python3.8/site-packages/airflow/example_dags/example_dynamic_task_mapping_with_no_taskflow_operators.py
[2024-03-28T17:19:53.698+0000] {processor.py:840} INFO - DAG(s) 'example_dynamic_task_mapping_with_no_taskflow_operators' retrieved from /home/airflow/.local/lib/python3.8/site-packages/airflow/example_dags/example_dynamic_task_mapping_with_no_taskflow_operators.py
[2024-03-28T17:19:53.804+0000] {logging_mixin.py:188} INFO - [2024-03-28T17:19:53.803+0000] {dag.py:3047} INFO - Sync 1 DAGs
[2024-03-28T17:19:53.955+0000] {logging_mixin.py:188} INFO - [2024-03-28T17:19:53.954+0000] {dag.py:3834} INFO - Setting next_dagrun for example_dynamic_task_mapping_with_no_taskflow_operators to 2024-03-27 00:00:00+00:00, run_after=2024-03-28 00:00:00+00:00
[2024-03-28T17:19:54.016+0000] {processor.py:183} INFO - Processing /home/airflow/.local/lib/python3.8/site-packages/airflow/example_dags/example_dynamic_task_mapping_with_no_taskflow_operators.py took 0.517 seconds
[2024-03-28T17:20:24.563+0000] {processor.py:161} INFO - Started process (PID=1145) to work on /home/airflow/.local/lib/python3.8/site-packages/airflow/example_dags/example_dynamic_task_mapping_with_no_taskflow_operators.py
[2024-03-28T17:20:24.567+0000] {processor.py:830} INFO - Processing file /home/airflow/.local/lib/python3.8/site-packages/airflow/example_dags/example_dynamic_task_mapping_with_no_taskflow_operators.py for tasks to queue
[2024-03-28T17:20:24.575+0000] {logging_mixin.py:188} INFO - [2024-03-28T17:20:24.574+0000] {dagbag.py:540} INFO - Filling up the DagBag from /home/airflow/.local/lib/python3.8/site-packages/airflow/example_dags/example_dynamic_task_mapping_with_no_taskflow_operators.py
[2024-03-28T17:20:24.595+0000] {processor.py:840} INFO - DAG(s) 'example_dynamic_task_mapping_with_no_taskflow_operators' retrieved from /home/airflow/.local/lib/python3.8/site-packages/airflow/example_dags/example_dynamic_task_mapping_with_no_taskflow_operators.py
[2024-03-28T17:20:24.644+0000] {logging_mixin.py:188} INFO - [2024-03-28T17:20:24.643+0000] {dag.py:3047} INFO - Sync 1 DAGs
[2024-03-28T17:20:24.706+0000] {logging_mixin.py:188} INFO - [2024-03-28T17:20:24.706+0000] {dag.py:3834} INFO - Setting next_dagrun for example_dynamic_task_mapping_with_no_taskflow_operators to 2024-03-27 00:00:00+00:00, run_after=2024-03-28 00:00:00+00:00
[2024-03-28T17:20:24.768+0000] {processor.py:183} INFO - Processing /home/airflow/.local/lib/python3.8/site-packages/airflow/example_dags/example_dynamic_task_mapping_with_no_taskflow_operators.py took 0.217 seconds
[2024-03-28T17:20:55.390+0000] {processor.py:161} INFO - Started process (PID=1199) to work on /home/airflow/.local/lib/python3.8/site-packages/airflow/example_dags/example_dynamic_task_mapping_with_no_taskflow_operators.py
[2024-03-28T17:20:55.397+0000] {processor.py:830} INFO - Processing file /home/airflow/.local/lib/python3.8/site-packages/airflow/example_dags/example_dynamic_task_mapping_with_no_taskflow_operators.py for tasks to queue
[2024-03-28T17:20:55.402+0000] {logging_mixin.py:188} INFO - [2024-03-28T17:20:55.401+0000] {dagbag.py:540} INFO - Filling up the DagBag from /home/airflow/.local/lib/python3.8/site-packages/airflow/example_dags/example_dynamic_task_mapping_with_no_taskflow_operators.py
[2024-03-28T17:20:55.421+0000] {processor.py:840} INFO - DAG(s) 'example_dynamic_task_mapping_with_no_taskflow_operators' retrieved from /home/airflow/.local/lib/python3.8/site-packages/airflow/example_dags/example_dynamic_task_mapping_with_no_taskflow_operators.py
[2024-03-28T17:20:55.499+0000] {logging_mixin.py:188} INFO - [2024-03-28T17:20:55.498+0000] {dag.py:3047} INFO - Sync 1 DAGs
[2024-03-28T17:20:55.576+0000] {logging_mixin.py:188} INFO - [2024-03-28T17:20:55.575+0000] {dag.py:3834} INFO - Setting next_dagrun for example_dynamic_task_mapping_with_no_taskflow_operators to 2024-03-27 00:00:00+00:00, run_after=2024-03-28 00:00:00+00:00
[2024-03-28T17:20:55.641+0000] {processor.py:183} INFO - Processing /home/airflow/.local/lib/python3.8/site-packages/airflow/example_dags/example_dynamic_task_mapping_with_no_taskflow_operators.py took 0.269 seconds
[2024-03-28T17:21:28.378+0000] {processor.py:161} INFO - Started process (PID=1254) to work on /home/airflow/.local/lib/python3.8/site-packages/airflow/example_dags/example_dynamic_task_mapping_with_no_taskflow_operators.py
[2024-03-28T17:21:28.390+0000] {processor.py:830} INFO - Processing file /home/airflow/.local/lib/python3.8/site-packages/airflow/example_dags/example_dynamic_task_mapping_with_no_taskflow_operators.py for tasks to queue
[2024-03-28T17:21:28.397+0000] {logging_mixin.py:188} INFO - [2024-03-28T17:21:28.395+0000] {dagbag.py:540} INFO - Filling up the DagBag from /home/airflow/.local/lib/python3.8/site-packages/airflow/example_dags/example_dynamic_task_mapping_with_no_taskflow_operators.py
[2024-03-28T17:21:28.411+0000] {processor.py:840} INFO - DAG(s) 'example_dynamic_task_mapping_with_no_taskflow_operators' retrieved from /home/airflow/.local/lib/python3.8/site-packages/airflow/example_dags/example_dynamic_task_mapping_with_no_taskflow_operators.py
[2024-03-28T17:21:28.485+0000] {logging_mixin.py:188} INFO - [2024-03-28T17:21:28.483+0000] {dag.py:3047} INFO - Sync 1 DAGs
[2024-03-28T17:21:28.565+0000] {logging_mixin.py:188} INFO - [2024-03-28T17:21:28.565+0000] {dag.py:3834} INFO - Setting next_dagrun for example_dynamic_task_mapping_with_no_taskflow_operators to 2024-03-27 00:00:00+00:00, run_after=2024-03-28 00:00:00+00:00
[2024-03-28T17:21:28.628+0000] {processor.py:183} INFO - Processing /home/airflow/.local/lib/python3.8/site-packages/airflow/example_dags/example_dynamic_task_mapping_with_no_taskflow_operators.py took 0.273 seconds
[2024-03-28T17:22:04.203+0000] {processor.py:161} INFO - Started process (PID=1309) to work on /home/airflow/.local/lib/python3.8/site-packages/airflow/example_dags/example_dynamic_task_mapping_with_no_taskflow_operators.py
[2024-03-28T17:22:04.209+0000] {processor.py:830} INFO - Processing file /home/airflow/.local/lib/python3.8/site-packages/airflow/example_dags/example_dynamic_task_mapping_with_no_taskflow_operators.py for tasks to queue
[2024-03-28T17:22:04.224+0000] {logging_mixin.py:188} INFO - [2024-03-28T17:22:04.223+0000] {dagbag.py:540} INFO - Filling up the DagBag from /home/airflow/.local/lib/python3.8/site-packages/airflow/example_dags/example_dynamic_task_mapping_with_no_taskflow_operators.py
[2024-03-28T17:22:04.271+0000] {processor.py:840} INFO - DAG(s) 'example_dynamic_task_mapping_with_no_taskflow_operators' retrieved from /home/airflow/.local/lib/python3.8/site-packages/airflow/example_dags/example_dynamic_task_mapping_with_no_taskflow_operators.py
[2024-03-28T17:22:04.393+0000] {logging_mixin.py:188} INFO - [2024-03-28T17:22:04.392+0000] {dag.py:3047} INFO - Sync 1 DAGs
[2024-03-28T17:22:04.493+0000] {logging_mixin.py:188} INFO - [2024-03-28T17:22:04.493+0000] {dag.py:3834} INFO - Setting next_dagrun for example_dynamic_task_mapping_with_no_taskflow_operators to 2024-03-27 00:00:00+00:00, run_after=2024-03-28 00:00:00+00:00
[2024-03-28T17:22:04.552+0000] {processor.py:183} INFO - Processing /home/airflow/.local/lib/python3.8/site-packages/airflow/example_dags/example_dynamic_task_mapping_with_no_taskflow_operators.py took 0.393 seconds
[2024-03-28T17:22:38.915+0000] {processor.py:161} INFO - Started process (PID=1369) to work on /home/airflow/.local/lib/python3.8/site-packages/airflow/example_dags/example_dynamic_task_mapping_with_no_taskflow_operators.py
[2024-03-28T17:22:38.933+0000] {processor.py:830} INFO - Processing file /home/airflow/.local/lib/python3.8/site-packages/airflow/example_dags/example_dynamic_task_mapping_with_no_taskflow_operators.py for tasks to queue
[2024-03-28T17:22:38.962+0000] {logging_mixin.py:188} INFO - [2024-03-28T17:22:38.960+0000] {dagbag.py:540} INFO - Filling up the DagBag from /home/airflow/.local/lib/python3.8/site-packages/airflow/example_dags/example_dynamic_task_mapping_with_no_taskflow_operators.py
[2024-03-28T17:22:39.065+0000] {processor.py:840} INFO - DAG(s) 'example_dynamic_task_mapping_with_no_taskflow_operators' retrieved from /home/airflow/.local/lib/python3.8/site-packages/airflow/example_dags/example_dynamic_task_mapping_with_no_taskflow_operators.py
[2024-03-28T17:22:40.208+0000] {logging_mixin.py:188} INFO - [2024-03-28T17:22:40.207+0000] {dag.py:3047} INFO - Sync 1 DAGs
[2024-03-28T17:22:41.799+0000] {logging_mixin.py:188} INFO - [2024-03-28T17:22:41.626+0000] {dag.py:3834} INFO - Setting next_dagrun for example_dynamic_task_mapping_with_no_taskflow_operators to 2024-03-27 00:00:00+00:00, run_after=2024-03-28 00:00:00+00:00
[2024-03-28T17:22:43.293+0000] {processor.py:183} INFO - Processing /home/airflow/.local/lib/python3.8/site-packages/airflow/example_dags/example_dynamic_task_mapping_with_no_taskflow_operators.py took 4.413 seconds
[2024-03-28T17:23:14.436+0000] {processor.py:161} INFO - Started process (PID=1424) to work on /home/airflow/.local/lib/python3.8/site-packages/airflow/example_dags/example_dynamic_task_mapping_with_no_taskflow_operators.py
[2024-03-28T17:23:14.454+0000] {processor.py:830} INFO - Processing file /home/airflow/.local/lib/python3.8/site-packages/airflow/example_dags/example_dynamic_task_mapping_with_no_taskflow_operators.py for tasks to queue
[2024-03-28T17:23:14.476+0000] {logging_mixin.py:188} INFO - [2024-03-28T17:23:14.471+0000] {dagbag.py:540} INFO - Filling up the DagBag from /home/airflow/.local/lib/python3.8/site-packages/airflow/example_dags/example_dynamic_task_mapping_with_no_taskflow_operators.py
[2024-03-28T17:23:14.520+0000] {processor.py:840} INFO - DAG(s) 'example_dynamic_task_mapping_with_no_taskflow_operators' retrieved from /home/airflow/.local/lib/python3.8/site-packages/airflow/example_dags/example_dynamic_task_mapping_with_no_taskflow_operators.py
[2024-03-28T17:23:14.622+0000] {logging_mixin.py:188} INFO - [2024-03-28T17:23:14.621+0000] {dag.py:3047} INFO - Sync 1 DAGs
[2024-03-28T17:23:14.748+0000] {logging_mixin.py:188} INFO - [2024-03-28T17:23:14.747+0000] {dag.py:3834} INFO - Setting next_dagrun for example_dynamic_task_mapping_with_no_taskflow_operators to 2024-03-27 00:00:00+00:00, run_after=2024-03-28 00:00:00+00:00
[2024-03-28T17:23:14.940+0000] {processor.py:183} INFO - Processing /home/airflow/.local/lib/python3.8/site-packages/airflow/example_dags/example_dynamic_task_mapping_with_no_taskflow_operators.py took 0.560 seconds
[2024-03-28T17:23:45.126+0000] {processor.py:161} INFO - Started process (PID=1479) to work on /home/airflow/.local/lib/python3.8/site-packages/airflow/example_dags/example_dynamic_task_mapping_with_no_taskflow_operators.py
[2024-03-28T17:23:45.135+0000] {processor.py:830} INFO - Processing file /home/airflow/.local/lib/python3.8/site-packages/airflow/example_dags/example_dynamic_task_mapping_with_no_taskflow_operators.py for tasks to queue
[2024-03-28T17:23:45.143+0000] {logging_mixin.py:188} INFO - [2024-03-28T17:23:45.141+0000] {dagbag.py:540} INFO - Filling up the DagBag from /home/airflow/.local/lib/python3.8/site-packages/airflow/example_dags/example_dynamic_task_mapping_with_no_taskflow_operators.py
[2024-03-28T17:23:45.172+0000] {processor.py:840} INFO - DAG(s) 'example_dynamic_task_mapping_with_no_taskflow_operators' retrieved from /home/airflow/.local/lib/python3.8/site-packages/airflow/example_dags/example_dynamic_task_mapping_with_no_taskflow_operators.py
[2024-03-28T17:23:45.229+0000] {logging_mixin.py:188} INFO - [2024-03-28T17:23:45.229+0000] {dag.py:3047} INFO - Sync 1 DAGs
[2024-03-28T17:23:45.287+0000] {logging_mixin.py:188} INFO - [2024-03-28T17:23:45.287+0000] {dag.py:3834} INFO - Setting next_dagrun for example_dynamic_task_mapping_with_no_taskflow_operators to 2024-03-27 00:00:00+00:00, run_after=2024-03-28 00:00:00+00:00
[2024-03-28T17:23:45.413+0000] {processor.py:183} INFO - Processing /home/airflow/.local/lib/python3.8/site-packages/airflow/example_dags/example_dynamic_task_mapping_with_no_taskflow_operators.py took 0.306 seconds
[2024-03-28T17:24:15.904+0000] {processor.py:161} INFO - Started process (PID=1534) to work on /home/airflow/.local/lib/python3.8/site-packages/airflow/example_dags/example_dynamic_task_mapping_with_no_taskflow_operators.py
[2024-03-28T17:24:15.923+0000] {processor.py:830} INFO - Processing file /home/airflow/.local/lib/python3.8/site-packages/airflow/example_dags/example_dynamic_task_mapping_with_no_taskflow_operators.py for tasks to queue
[2024-03-28T17:24:15.932+0000] {logging_mixin.py:188} INFO - [2024-03-28T17:24:15.931+0000] {dagbag.py:540} INFO - Filling up the DagBag from /home/airflow/.local/lib/python3.8/site-packages/airflow/example_dags/example_dynamic_task_mapping_with_no_taskflow_operators.py
[2024-03-28T17:24:15.969+0000] {processor.py:840} INFO - DAG(s) 'example_dynamic_task_mapping_with_no_taskflow_operators' retrieved from /home/airflow/.local/lib/python3.8/site-packages/airflow/example_dags/example_dynamic_task_mapping_with_no_taskflow_operators.py
[2024-03-28T17:24:16.048+0000] {logging_mixin.py:188} INFO - [2024-03-28T17:24:16.047+0000] {dag.py:3047} INFO - Sync 1 DAGs
[2024-03-28T17:24:16.114+0000] {logging_mixin.py:188} INFO - [2024-03-28T17:24:16.113+0000] {dag.py:3834} INFO - Setting next_dagrun for example_dynamic_task_mapping_with_no_taskflow_operators to 2024-03-27 00:00:00+00:00, run_after=2024-03-28 00:00:00+00:00
[2024-03-28T17:24:16.169+0000] {processor.py:183} INFO - Processing /home/airflow/.local/lib/python3.8/site-packages/airflow/example_dags/example_dynamic_task_mapping_with_no_taskflow_operators.py took 0.277 seconds
[2024-03-28T17:24:51.077+0000] {processor.py:161} INFO - Started process (PID=1585) to work on /home/airflow/.local/lib/python3.8/site-packages/airflow/example_dags/example_dynamic_task_mapping_with_no_taskflow_operators.py
[2024-03-28T17:24:51.086+0000] {processor.py:830} INFO - Processing file /home/airflow/.local/lib/python3.8/site-packages/airflow/example_dags/example_dynamic_task_mapping_with_no_taskflow_operators.py for tasks to queue
[2024-03-28T17:24:51.093+0000] {logging_mixin.py:188} INFO - [2024-03-28T17:24:51.091+0000] {dagbag.py:540} INFO - Filling up the DagBag from /home/airflow/.local/lib/python3.8/site-packages/airflow/example_dags/example_dynamic_task_mapping_with_no_taskflow_operators.py
[2024-03-28T17:24:51.119+0000] {processor.py:840} INFO - DAG(s) 'example_dynamic_task_mapping_with_no_taskflow_operators' retrieved from /home/airflow/.local/lib/python3.8/site-packages/airflow/example_dags/example_dynamic_task_mapping_with_no_taskflow_operators.py
[2024-03-28T17:24:51.192+0000] {logging_mixin.py:188} INFO - [2024-03-28T17:24:51.191+0000] {dag.py:3047} INFO - Sync 1 DAGs
[2024-03-28T17:24:51.306+0000] {logging_mixin.py:188} INFO - [2024-03-28T17:24:51.304+0000] {dag.py:3834} INFO - Setting next_dagrun for example_dynamic_task_mapping_with_no_taskflow_operators to 2024-03-27 00:00:00+00:00, run_after=2024-03-28 00:00:00+00:00
[2024-03-28T17:24:51.366+0000] {processor.py:183} INFO - Processing /home/airflow/.local/lib/python3.8/site-packages/airflow/example_dags/example_dynamic_task_mapping_with_no_taskflow_operators.py took 0.305 seconds
[2024-03-28T17:25:26.696+0000] {processor.py:161} INFO - Started process (PID=1636) to work on /home/airflow/.local/lib/python3.8/site-packages/airflow/example_dags/example_dynamic_task_mapping_with_no_taskflow_operators.py
[2024-03-28T17:25:26.704+0000] {processor.py:830} INFO - Processing file /home/airflow/.local/lib/python3.8/site-packages/airflow/example_dags/example_dynamic_task_mapping_with_no_taskflow_operators.py for tasks to queue
[2024-03-28T17:25:26.716+0000] {logging_mixin.py:188} INFO - [2024-03-28T17:25:26.714+0000] {dagbag.py:540} INFO - Filling up the DagBag from /home/airflow/.local/lib/python3.8/site-packages/airflow/example_dags/example_dynamic_task_mapping_with_no_taskflow_operators.py
[2024-03-28T17:25:26.739+0000] {processor.py:840} INFO - DAG(s) 'example_dynamic_task_mapping_with_no_taskflow_operators' retrieved from /home/airflow/.local/lib/python3.8/site-packages/airflow/example_dags/example_dynamic_task_mapping_with_no_taskflow_operators.py
[2024-03-28T17:25:26.792+0000] {logging_mixin.py:188} INFO - [2024-03-28T17:25:26.792+0000] {dag.py:3047} INFO - Sync 1 DAGs
[2024-03-28T17:25:26.865+0000] {logging_mixin.py:188} INFO - [2024-03-28T17:25:26.864+0000] {dag.py:3834} INFO - Setting next_dagrun for example_dynamic_task_mapping_with_no_taskflow_operators to 2024-03-27 00:00:00+00:00, run_after=2024-03-28 00:00:00+00:00
[2024-03-28T17:25:26.926+0000] {processor.py:183} INFO - Processing /home/airflow/.local/lib/python3.8/site-packages/airflow/example_dags/example_dynamic_task_mapping_with_no_taskflow_operators.py took 0.243 seconds
[2024-03-28T17:26:00.700+0000] {processor.py:161} INFO - Started process (PID=1691) to work on /home/airflow/.local/lib/python3.8/site-packages/airflow/example_dags/example_dynamic_task_mapping_with_no_taskflow_operators.py
[2024-03-28T17:26:00.708+0000] {processor.py:830} INFO - Processing file /home/airflow/.local/lib/python3.8/site-packages/airflow/example_dags/example_dynamic_task_mapping_with_no_taskflow_operators.py for tasks to queue
[2024-03-28T17:26:00.733+0000] {logging_mixin.py:188} INFO - [2024-03-28T17:26:00.731+0000] {dagbag.py:540} INFO - Filling up the DagBag from /home/airflow/.local/lib/python3.8/site-packages/airflow/example_dags/example_dynamic_task_mapping_with_no_taskflow_operators.py
[2024-03-28T17:26:00.853+0000] {processor.py:840} INFO - DAG(s) 'example_dynamic_task_mapping_with_no_taskflow_operators' retrieved from /home/airflow/.local/lib/python3.8/site-packages/airflow/example_dags/example_dynamic_task_mapping_with_no_taskflow_operators.py
[2024-03-28T17:26:01.161+0000] {logging_mixin.py:188} INFO - [2024-03-28T17:26:01.150+0000] {dag.py:3047} INFO - Sync 1 DAGs
[2024-03-28T17:26:01.428+0000] {logging_mixin.py:188} INFO - [2024-03-28T17:26:01.427+0000] {dag.py:3834} INFO - Setting next_dagrun for example_dynamic_task_mapping_with_no_taskflow_operators to 2024-03-27 00:00:00+00:00, run_after=2024-03-28 00:00:00+00:00
[2024-03-28T17:26:01.609+0000] {processor.py:183} INFO - Processing /home/airflow/.local/lib/python3.8/site-packages/airflow/example_dags/example_dynamic_task_mapping_with_no_taskflow_operators.py took 0.952 seconds
[2024-03-28T17:26:32.346+0000] {processor.py:161} INFO - Started process (PID=1746) to work on /home/airflow/.local/lib/python3.8/site-packages/airflow/example_dags/example_dynamic_task_mapping_with_no_taskflow_operators.py
[2024-03-28T17:26:32.360+0000] {processor.py:830} INFO - Processing file /home/airflow/.local/lib/python3.8/site-packages/airflow/example_dags/example_dynamic_task_mapping_with_no_taskflow_operators.py for tasks to queue
[2024-03-28T17:26:32.382+0000] {logging_mixin.py:188} INFO - [2024-03-28T17:26:32.380+0000] {dagbag.py:540} INFO - Filling up the DagBag from /home/airflow/.local/lib/python3.8/site-packages/airflow/example_dags/example_dynamic_task_mapping_with_no_taskflow_operators.py
[2024-03-28T17:26:32.446+0000] {processor.py:840} INFO - DAG(s) 'example_dynamic_task_mapping_with_no_taskflow_operators' retrieved from /home/airflow/.local/lib/python3.8/site-packages/airflow/example_dags/example_dynamic_task_mapping_with_no_taskflow_operators.py
[2024-03-28T17:26:32.689+0000] {logging_mixin.py:188} INFO - [2024-03-28T17:26:32.688+0000] {dag.py:3047} INFO - Sync 1 DAGs
[2024-03-28T17:26:33.035+0000] {logging_mixin.py:188} INFO - [2024-03-28T17:26:33.029+0000] {dag.py:3834} INFO - Setting next_dagrun for example_dynamic_task_mapping_with_no_taskflow_operators to 2024-03-27 00:00:00+00:00, run_after=2024-03-28 00:00:00+00:00
[2024-03-28T17:26:33.242+0000] {processor.py:183} INFO - Processing /home/airflow/.local/lib/python3.8/site-packages/airflow/example_dags/example_dynamic_task_mapping_with_no_taskflow_operators.py took 0.910 seconds
[2024-03-28T17:27:03.435+0000] {processor.py:161} INFO - Started process (PID=1800) to work on /home/airflow/.local/lib/python3.8/site-packages/airflow/example_dags/example_dynamic_task_mapping_with_no_taskflow_operators.py
[2024-03-28T17:27:03.440+0000] {processor.py:830} INFO - Processing file /home/airflow/.local/lib/python3.8/site-packages/airflow/example_dags/example_dynamic_task_mapping_with_no_taskflow_operators.py for tasks to queue
[2024-03-28T17:27:03.449+0000] {logging_mixin.py:188} INFO - [2024-03-28T17:27:03.448+0000] {dagbag.py:540} INFO - Filling up the DagBag from /home/airflow/.local/lib/python3.8/site-packages/airflow/example_dags/example_dynamic_task_mapping_with_no_taskflow_operators.py
[2024-03-28T17:27:03.475+0000] {processor.py:840} INFO - DAG(s) 'example_dynamic_task_mapping_with_no_taskflow_operators' retrieved from /home/airflow/.local/lib/python3.8/site-packages/airflow/example_dags/example_dynamic_task_mapping_with_no_taskflow_operators.py
[2024-03-28T17:27:03.555+0000] {logging_mixin.py:188} INFO - [2024-03-28T17:27:03.554+0000] {dag.py:3047} INFO - Sync 1 DAGs
[2024-03-28T17:27:03.631+0000] {logging_mixin.py:188} INFO - [2024-03-28T17:27:03.630+0000] {dag.py:3834} INFO - Setting next_dagrun for example_dynamic_task_mapping_with_no_taskflow_operators to 2024-03-27 00:00:00+00:00, run_after=2024-03-28 00:00:00+00:00
[2024-03-28T17:27:03.696+0000] {processor.py:183} INFO - Processing /home/airflow/.local/lib/python3.8/site-packages/airflow/example_dags/example_dynamic_task_mapping_with_no_taskflow_operators.py took 0.272 seconds
[2024-03-28T17:27:37.959+0000] {processor.py:161} INFO - Started process (PID=1856) to work on /home/airflow/.local/lib/python3.8/site-packages/airflow/example_dags/example_dynamic_task_mapping_with_no_taskflow_operators.py
[2024-03-28T17:27:37.962+0000] {processor.py:830} INFO - Processing file /home/airflow/.local/lib/python3.8/site-packages/airflow/example_dags/example_dynamic_task_mapping_with_no_taskflow_operators.py for tasks to queue
[2024-03-28T17:27:37.970+0000] {logging_mixin.py:188} INFO - [2024-03-28T17:27:37.969+0000] {dagbag.py:540} INFO - Filling up the DagBag from /home/airflow/.local/lib/python3.8/site-packages/airflow/example_dags/example_dynamic_task_mapping_with_no_taskflow_operators.py
[2024-03-28T17:27:37.993+0000] {processor.py:840} INFO - DAG(s) 'example_dynamic_task_mapping_with_no_taskflow_operators' retrieved from /home/airflow/.local/lib/python3.8/site-packages/airflow/example_dags/example_dynamic_task_mapping_with_no_taskflow_operators.py
[2024-03-28T17:27:38.114+0000] {logging_mixin.py:188} INFO - [2024-03-28T17:27:38.113+0000] {dag.py:3047} INFO - Sync 1 DAGs
[2024-03-28T17:27:38.211+0000] {logging_mixin.py:188} INFO - [2024-03-28T17:27:38.211+0000] {dag.py:3834} INFO - Setting next_dagrun for example_dynamic_task_mapping_with_no_taskflow_operators to 2024-03-27 00:00:00+00:00, run_after=2024-03-28 00:00:00+00:00
[2024-03-28T17:27:38.261+0000] {processor.py:183} INFO - Processing /home/airflow/.local/lib/python3.8/site-packages/airflow/example_dags/example_dynamic_task_mapping_with_no_taskflow_operators.py took 0.313 seconds
[2024-03-28T17:28:09.187+0000] {processor.py:161} INFO - Started process (PID=1911) to work on /home/airflow/.local/lib/python3.8/site-packages/airflow/example_dags/example_dynamic_task_mapping_with_no_taskflow_operators.py
[2024-03-28T17:28:09.192+0000] {processor.py:830} INFO - Processing file /home/airflow/.local/lib/python3.8/site-packages/airflow/example_dags/example_dynamic_task_mapping_with_no_taskflow_operators.py for tasks to queue
[2024-03-28T17:28:09.198+0000] {logging_mixin.py:188} INFO - [2024-03-28T17:28:09.197+0000] {dagbag.py:540} INFO - Filling up the DagBag from /home/airflow/.local/lib/python3.8/site-packages/airflow/example_dags/example_dynamic_task_mapping_with_no_taskflow_operators.py
[2024-03-28T17:28:09.242+0000] {processor.py:840} INFO - DAG(s) 'example_dynamic_task_mapping_with_no_taskflow_operators' retrieved from /home/airflow/.local/lib/python3.8/site-packages/airflow/example_dags/example_dynamic_task_mapping_with_no_taskflow_operators.py
[2024-03-28T17:28:09.365+0000] {logging_mixin.py:188} INFO - [2024-03-28T17:28:09.361+0000] {dag.py:3047} INFO - Sync 1 DAGs
[2024-03-28T17:28:09.528+0000] {logging_mixin.py:188} INFO - [2024-03-28T17:28:09.524+0000] {dag.py:3834} INFO - Setting next_dagrun for example_dynamic_task_mapping_with_no_taskflow_operators to 2024-03-27 00:00:00+00:00, run_after=2024-03-28 00:00:00+00:00
[2024-03-28T17:28:09.642+0000] {processor.py:183} INFO - Processing /home/airflow/.local/lib/python3.8/site-packages/airflow/example_dags/example_dynamic_task_mapping_with_no_taskflow_operators.py took 0.463 seconds
[2024-03-28T17:28:47.486+0000] {processor.py:161} INFO - Started process (PID=1967) to work on /home/airflow/.local/lib/python3.8/site-packages/airflow/example_dags/example_dynamic_task_mapping_with_no_taskflow_operators.py
[2024-03-28T17:28:47.499+0000] {processor.py:830} INFO - Processing file /home/airflow/.local/lib/python3.8/site-packages/airflow/example_dags/example_dynamic_task_mapping_with_no_taskflow_operators.py for tasks to queue
[2024-03-28T17:28:47.524+0000] {logging_mixin.py:188} INFO - [2024-03-28T17:28:47.518+0000] {dagbag.py:540} INFO - Filling up the DagBag from /home/airflow/.local/lib/python3.8/site-packages/airflow/example_dags/example_dynamic_task_mapping_with_no_taskflow_operators.py
[2024-03-28T17:28:47.576+0000] {processor.py:840} INFO - DAG(s) 'example_dynamic_task_mapping_with_no_taskflow_operators' retrieved from /home/airflow/.local/lib/python3.8/site-packages/airflow/example_dags/example_dynamic_task_mapping_with_no_taskflow_operators.py
[2024-03-28T17:28:47.650+0000] {logging_mixin.py:188} INFO - [2024-03-28T17:28:47.650+0000] {dag.py:3047} INFO - Sync 1 DAGs
[2024-03-28T17:28:47.739+0000] {logging_mixin.py:188} INFO - [2024-03-28T17:28:47.739+0000] {dag.py:3834} INFO - Setting next_dagrun for example_dynamic_task_mapping_with_no_taskflow_operators to 2024-03-27 00:00:00+00:00, run_after=2024-03-28 00:00:00+00:00
[2024-03-28T17:28:47.984+0000] {processor.py:183} INFO - Processing /home/airflow/.local/lib/python3.8/site-packages/airflow/example_dags/example_dynamic_task_mapping_with_no_taskflow_operators.py took 0.545 seconds
[2024-03-28T17:29:19.511+0000] {processor.py:161} INFO - Started process (PID=2022) to work on /home/airflow/.local/lib/python3.8/site-packages/airflow/example_dags/example_dynamic_task_mapping_with_no_taskflow_operators.py
[2024-03-28T17:29:19.552+0000] {processor.py:830} INFO - Processing file /home/airflow/.local/lib/python3.8/site-packages/airflow/example_dags/example_dynamic_task_mapping_with_no_taskflow_operators.py for tasks to queue
[2024-03-28T17:29:19.561+0000] {logging_mixin.py:188} INFO - [2024-03-28T17:29:19.560+0000] {dagbag.py:540} INFO - Filling up the DagBag from /home/airflow/.local/lib/python3.8/site-packages/airflow/example_dags/example_dynamic_task_mapping_with_no_taskflow_operators.py
[2024-03-28T17:29:19.640+0000] {processor.py:840} INFO - DAG(s) 'example_dynamic_task_mapping_with_no_taskflow_operators' retrieved from /home/airflow/.local/lib/python3.8/site-packages/airflow/example_dags/example_dynamic_task_mapping_with_no_taskflow_operators.py
[2024-03-28T17:29:19.860+0000] {logging_mixin.py:188} INFO - [2024-03-28T17:29:19.852+0000] {dag.py:3047} INFO - Sync 1 DAGs
[2024-03-28T17:29:20.178+0000] {logging_mixin.py:188} INFO - [2024-03-28T17:29:20.178+0000] {dag.py:3834} INFO - Setting next_dagrun for example_dynamic_task_mapping_with_no_taskflow_operators to 2024-03-27 00:00:00+00:00, run_after=2024-03-28 00:00:00+00:00
[2024-03-28T17:29:20.336+0000] {processor.py:183} INFO - Processing /home/airflow/.local/lib/python3.8/site-packages/airflow/example_dags/example_dynamic_task_mapping_with_no_taskflow_operators.py took 0.846 seconds
[2024-03-28T17:29:50.724+0000] {processor.py:161} INFO - Started process (PID=2077) to work on /home/airflow/.local/lib/python3.8/site-packages/airflow/example_dags/example_dynamic_task_mapping_with_no_taskflow_operators.py
[2024-03-28T17:29:50.780+0000] {processor.py:830} INFO - Processing file /home/airflow/.local/lib/python3.8/site-packages/airflow/example_dags/example_dynamic_task_mapping_with_no_taskflow_operators.py for tasks to queue
[2024-03-28T17:29:50.855+0000] {logging_mixin.py:188} INFO - [2024-03-28T17:29:50.855+0000] {dagbag.py:540} INFO - Filling up the DagBag from /home/airflow/.local/lib/python3.8/site-packages/airflow/example_dags/example_dynamic_task_mapping_with_no_taskflow_operators.py
[2024-03-28T17:29:50.920+0000] {processor.py:840} INFO - DAG(s) 'example_dynamic_task_mapping_with_no_taskflow_operators' retrieved from /home/airflow/.local/lib/python3.8/site-packages/airflow/example_dags/example_dynamic_task_mapping_with_no_taskflow_operators.py
[2024-03-28T17:29:51.052+0000] {logging_mixin.py:188} INFO - [2024-03-28T17:29:51.052+0000] {dag.py:3047} INFO - Sync 1 DAGs
[2024-03-28T17:29:51.198+0000] {logging_mixin.py:188} INFO - [2024-03-28T17:29:51.197+0000] {dag.py:3834} INFO - Setting next_dagrun for example_dynamic_task_mapping_with_no_taskflow_operators to 2024-03-27 00:00:00+00:00, run_after=2024-03-28 00:00:00+00:00
[2024-03-28T17:29:51.313+0000] {processor.py:183} INFO - Processing /home/airflow/.local/lib/python3.8/site-packages/airflow/example_dags/example_dynamic_task_mapping_with_no_taskflow_operators.py took 0.725 seconds
[2024-03-28T17:30:21.778+0000] {processor.py:161} INFO - Started process (PID=2132) to work on /home/airflow/.local/lib/python3.8/site-packages/airflow/example_dags/example_dynamic_task_mapping_with_no_taskflow_operators.py
[2024-03-28T17:30:21.787+0000] {processor.py:830} INFO - Processing file /home/airflow/.local/lib/python3.8/site-packages/airflow/example_dags/example_dynamic_task_mapping_with_no_taskflow_operators.py for tasks to queue
[2024-03-28T17:30:21.801+0000] {logging_mixin.py:188} INFO - [2024-03-28T17:30:21.799+0000] {dagbag.py:540} INFO - Filling up the DagBag from /home/airflow/.local/lib/python3.8/site-packages/airflow/example_dags/example_dynamic_task_mapping_with_no_taskflow_operators.py
[2024-03-28T17:30:21.853+0000] {processor.py:840} INFO - DAG(s) 'example_dynamic_task_mapping_with_no_taskflow_operators' retrieved from /home/airflow/.local/lib/python3.8/site-packages/airflow/example_dags/example_dynamic_task_mapping_with_no_taskflow_operators.py
[2024-03-28T17:30:21.978+0000] {logging_mixin.py:188} INFO - [2024-03-28T17:30:21.977+0000] {dag.py:3047} INFO - Sync 1 DAGs
[2024-03-28T17:30:22.100+0000] {logging_mixin.py:188} INFO - [2024-03-28T17:30:22.098+0000] {dag.py:3834} INFO - Setting next_dagrun for example_dynamic_task_mapping_with_no_taskflow_operators to 2024-03-27 00:00:00+00:00, run_after=2024-03-28 00:00:00+00:00
[2024-03-28T17:30:22.183+0000] {processor.py:183} INFO - Processing /home/airflow/.local/lib/python3.8/site-packages/airflow/example_dags/example_dynamic_task_mapping_with_no_taskflow_operators.py took 0.454 seconds
[2024-03-28T17:31:02.004+0000] {processor.py:161} INFO - Started process (PID=2190) to work on /home/airflow/.local/lib/python3.8/site-packages/airflow/example_dags/example_dynamic_task_mapping_with_no_taskflow_operators.py
[2024-03-28T17:31:02.020+0000] {processor.py:830} INFO - Processing file /home/airflow/.local/lib/python3.8/site-packages/airflow/example_dags/example_dynamic_task_mapping_with_no_taskflow_operators.py for tasks to queue
[2024-03-28T17:31:02.043+0000] {logging_mixin.py:188} INFO - [2024-03-28T17:31:02.042+0000] {dagbag.py:540} INFO - Filling up the DagBag from /home/airflow/.local/lib/python3.8/site-packages/airflow/example_dags/example_dynamic_task_mapping_with_no_taskflow_operators.py
[2024-03-28T17:31:02.076+0000] {processor.py:840} INFO - DAG(s) 'example_dynamic_task_mapping_with_no_taskflow_operators' retrieved from /home/airflow/.local/lib/python3.8/site-packages/airflow/example_dags/example_dynamic_task_mapping_with_no_taskflow_operators.py
[2024-03-28T17:31:02.356+0000] {logging_mixin.py:188} INFO - [2024-03-28T17:31:02.356+0000] {dag.py:3047} INFO - Sync 1 DAGs
[2024-03-28T17:31:02.858+0000] {logging_mixin.py:188} INFO - [2024-03-28T17:31:02.857+0000] {dag.py:3834} INFO - Setting next_dagrun for example_dynamic_task_mapping_with_no_taskflow_operators to 2024-03-27 00:00:00+00:00, run_after=2024-03-28 00:00:00+00:00
[2024-03-28T17:31:03.067+0000] {processor.py:183} INFO - Processing /home/airflow/.local/lib/python3.8/site-packages/airflow/example_dags/example_dynamic_task_mapping_with_no_taskflow_operators.py took 1.078 seconds
[2024-03-28T17:31:35.109+0000] {processor.py:161} INFO - Started process (PID=2244) to work on /home/airflow/.local/lib/python3.8/site-packages/airflow/example_dags/example_dynamic_task_mapping_with_no_taskflow_operators.py
[2024-03-28T17:31:35.113+0000] {processor.py:830} INFO - Processing file /home/airflow/.local/lib/python3.8/site-packages/airflow/example_dags/example_dynamic_task_mapping_with_no_taskflow_operators.py for tasks to queue
[2024-03-28T17:31:35.119+0000] {logging_mixin.py:188} INFO - [2024-03-28T17:31:35.118+0000] {dagbag.py:540} INFO - Filling up the DagBag from /home/airflow/.local/lib/python3.8/site-packages/airflow/example_dags/example_dynamic_task_mapping_with_no_taskflow_operators.py
[2024-03-28T17:31:35.136+0000] {processor.py:840} INFO - DAG(s) 'example_dynamic_task_mapping_with_no_taskflow_operators' retrieved from /home/airflow/.local/lib/python3.8/site-packages/airflow/example_dags/example_dynamic_task_mapping_with_no_taskflow_operators.py
[2024-03-28T17:31:35.189+0000] {logging_mixin.py:188} INFO - [2024-03-28T17:31:35.189+0000] {dag.py:3047} INFO - Sync 1 DAGs
[2024-03-28T17:31:35.272+0000] {logging_mixin.py:188} INFO - [2024-03-28T17:31:35.271+0000] {dag.py:3834} INFO - Setting next_dagrun for example_dynamic_task_mapping_with_no_taskflow_operators to 2024-03-27 00:00:00+00:00, run_after=2024-03-28 00:00:00+00:00
[2024-03-28T17:31:35.346+0000] {processor.py:183} INFO - Processing /home/airflow/.local/lib/python3.8/site-packages/airflow/example_dags/example_dynamic_task_mapping_with_no_taskflow_operators.py took 0.249 seconds
[2024-03-28T17:32:14.551+0000] {processor.py:161} INFO - Started process (PID=2298) to work on /home/airflow/.local/lib/python3.8/site-packages/airflow/example_dags/example_dynamic_task_mapping_with_no_taskflow_operators.py
[2024-03-28T17:32:14.558+0000] {processor.py:830} INFO - Processing file /home/airflow/.local/lib/python3.8/site-packages/airflow/example_dags/example_dynamic_task_mapping_with_no_taskflow_operators.py for tasks to queue
[2024-03-28T17:32:14.573+0000] {logging_mixin.py:188} INFO - [2024-03-28T17:32:14.571+0000] {dagbag.py:540} INFO - Filling up the DagBag from /home/airflow/.local/lib/python3.8/site-packages/airflow/example_dags/example_dynamic_task_mapping_with_no_taskflow_operators.py
[2024-03-28T17:32:14.597+0000] {processor.py:840} INFO - DAG(s) 'example_dynamic_task_mapping_with_no_taskflow_operators' retrieved from /home/airflow/.local/lib/python3.8/site-packages/airflow/example_dags/example_dynamic_task_mapping_with_no_taskflow_operators.py
[2024-03-28T17:32:14.657+0000] {logging_mixin.py:188} INFO - [2024-03-28T17:32:14.657+0000] {dag.py:3047} INFO - Sync 1 DAGs
[2024-03-28T17:32:14.755+0000] {logging_mixin.py:188} INFO - [2024-03-28T17:32:14.754+0000] {dag.py:3834} INFO - Setting next_dagrun for example_dynamic_task_mapping_with_no_taskflow_operators to 2024-03-27 00:00:00+00:00, run_after=2024-03-28 00:00:00+00:00
[2024-03-28T17:32:14.859+0000] {processor.py:183} INFO - Processing /home/airflow/.local/lib/python3.8/site-packages/airflow/example_dags/example_dynamic_task_mapping_with_no_taskflow_operators.py took 0.323 seconds
[2024-03-28T17:32:51.968+0000] {processor.py:161} INFO - Started process (PID=2358) to work on /home/airflow/.local/lib/python3.8/site-packages/airflow/example_dags/example_dynamic_task_mapping_with_no_taskflow_operators.py
[2024-03-28T17:32:51.973+0000] {processor.py:830} INFO - Processing file /home/airflow/.local/lib/python3.8/site-packages/airflow/example_dags/example_dynamic_task_mapping_with_no_taskflow_operators.py for tasks to queue
[2024-03-28T17:32:51.981+0000] {logging_mixin.py:188} INFO - [2024-03-28T17:32:51.980+0000] {dagbag.py:540} INFO - Filling up the DagBag from /home/airflow/.local/lib/python3.8/site-packages/airflow/example_dags/example_dynamic_task_mapping_with_no_taskflow_operators.py
[2024-03-28T17:32:52.023+0000] {processor.py:840} INFO - DAG(s) 'example_dynamic_task_mapping_with_no_taskflow_operators' retrieved from /home/airflow/.local/lib/python3.8/site-packages/airflow/example_dags/example_dynamic_task_mapping_with_no_taskflow_operators.py
[2024-03-28T17:32:52.269+0000] {logging_mixin.py:188} INFO - [2024-03-28T17:32:52.190+0000] {dag.py:3047} INFO - Sync 1 DAGs
[2024-03-28T17:32:52.751+0000] {logging_mixin.py:188} INFO - [2024-03-28T17:32:52.750+0000] {dag.py:3834} INFO - Setting next_dagrun for example_dynamic_task_mapping_with_no_taskflow_operators to 2024-03-27 00:00:00+00:00, run_after=2024-03-28 00:00:00+00:00
[2024-03-28T17:32:52.864+0000] {processor.py:183} INFO - Processing /home/airflow/.local/lib/python3.8/site-packages/airflow/example_dags/example_dynamic_task_mapping_with_no_taskflow_operators.py took 0.907 seconds
[2024-03-28T17:33:25.874+0000] {processor.py:161} INFO - Started process (PID=2413) to work on /home/airflow/.local/lib/python3.8/site-packages/airflow/example_dags/example_dynamic_task_mapping_with_no_taskflow_operators.py
[2024-03-28T17:33:25.886+0000] {processor.py:830} INFO - Processing file /home/airflow/.local/lib/python3.8/site-packages/airflow/example_dags/example_dynamic_task_mapping_with_no_taskflow_operators.py for tasks to queue
[2024-03-28T17:33:25.895+0000] {logging_mixin.py:188} INFO - [2024-03-28T17:33:25.895+0000] {dagbag.py:540} INFO - Filling up the DagBag from /home/airflow/.local/lib/python3.8/site-packages/airflow/example_dags/example_dynamic_task_mapping_with_no_taskflow_operators.py
[2024-03-28T17:33:25.921+0000] {processor.py:840} INFO - DAG(s) 'example_dynamic_task_mapping_with_no_taskflow_operators' retrieved from /home/airflow/.local/lib/python3.8/site-packages/airflow/example_dags/example_dynamic_task_mapping_with_no_taskflow_operators.py
[2024-03-28T17:33:26.052+0000] {logging_mixin.py:188} INFO - [2024-03-28T17:33:26.052+0000] {dag.py:3047} INFO - Sync 1 DAGs
[2024-03-28T17:33:26.121+0000] {logging_mixin.py:188} INFO - [2024-03-28T17:33:26.120+0000] {dag.py:3834} INFO - Setting next_dagrun for example_dynamic_task_mapping_with_no_taskflow_operators to 2024-03-27 00:00:00+00:00, run_after=2024-03-28 00:00:00+00:00
[2024-03-28T17:33:26.278+0000] {processor.py:183} INFO - Processing /home/airflow/.local/lib/python3.8/site-packages/airflow/example_dags/example_dynamic_task_mapping_with_no_taskflow_operators.py took 0.448 seconds
