[2024-03-28T16:31:12.682+0000] {processor.py:161} INFO - Started process (PID=118) to work on /home/airflow/.local/lib/python3.8/site-packages/airflow/example_dags/example_latest_only.py
[2024-03-28T16:31:12.705+0000] {processor.py:830} INFO - Processing file /home/airflow/.local/lib/python3.8/site-packages/airflow/example_dags/example_latest_only.py for tasks to queue
[2024-03-28T16:31:12.748+0000] {logging_mixin.py:188} INFO - [2024-03-28T16:31:12.745+0000] {dagbag.py:540} INFO - Filling up the DagBag from /home/airflow/.local/lib/python3.8/site-packages/airflow/example_dags/example_latest_only.py
[2024-03-28T16:31:12.808+0000] {processor.py:840} INFO - DAG(s) 'latest_only' retrieved from /home/airflow/.local/lib/python3.8/site-packages/airflow/example_dags/example_latest_only.py
[2024-03-28T16:31:23.723+0000] {logging_mixin.py:188} INFO - [2024-03-28T16:31:23.708+0000] {override.py:1769} INFO - Created Permission View: can edit on DAG:latest_only
[2024-03-28T16:31:24.882+0000] {logging_mixin.py:188} INFO - [2024-03-28T16:31:24.880+0000] {override.py:1769} INFO - Created Permission View: can read on DAG:latest_only
[2024-03-28T16:31:25.296+0000] {logging_mixin.py:188} INFO - [2024-03-28T16:31:25.295+0000] {override.py:1769} INFO - Created Permission View: can delete on DAG:latest_only
[2024-03-28T16:31:25.312+0000] {logging_mixin.py:188} INFO - [2024-03-28T16:31:25.312+0000] {dag.py:3047} INFO - Sync 1 DAGs
[2024-03-28T16:31:26.256+0000] {logging_mixin.py:188} INFO - [2024-03-28T16:31:26.210+0000] {dag.py:3069} INFO - Creating ORM DAG for latest_only
[2024-03-28T16:31:26.744+0000] {logging_mixin.py:188} INFO - [2024-03-28T16:31:26.743+0000] {dag.py:3834} INFO - Setting next_dagrun for latest_only to 2024-03-28 12:00:00+00:00, run_after=2024-03-28 16:00:00+00:00
[2024-03-28T16:31:28.008+0000] {processor.py:183} INFO - Processing /home/airflow/.local/lib/python3.8/site-packages/airflow/example_dags/example_latest_only.py took 15.422 seconds
[2024-03-28T16:35:28.389+0000] {processor.py:161} INFO - Started process (PID=214) to work on /home/airflow/.local/lib/python3.8/site-packages/airflow/example_dags/example_latest_only.py
[2024-03-28T16:35:28.551+0000] {processor.py:830} INFO - Processing file /home/airflow/.local/lib/python3.8/site-packages/airflow/example_dags/example_latest_only.py for tasks to queue
[2024-03-28T16:35:28.635+0000] {logging_mixin.py:188} INFO - [2024-03-28T16:35:28.627+0000] {dagbag.py:540} INFO - Filling up the DagBag from /home/airflow/.local/lib/python3.8/site-packages/airflow/example_dags/example_latest_only.py
[2024-03-28T16:35:29.151+0000] {processor.py:840} INFO - DAG(s) 'latest_only' retrieved from /home/airflow/.local/lib/python3.8/site-packages/airflow/example_dags/example_latest_only.py
[2024-03-28T16:35:31.594+0000] {logging_mixin.py:188} INFO - [2024-03-28T16:35:31.556+0000] {dag.py:3047} INFO - Sync 1 DAGs
[2024-03-28T16:35:36.401+0000] {logging_mixin.py:188} INFO - [2024-03-28T16:35:36.399+0000] {dag.py:3834} INFO - Setting next_dagrun for latest_only to 2024-03-28 12:00:00+00:00, run_after=2024-03-28 16:00:00+00:00
[2024-03-28T16:35:39.840+0000] {processor.py:183} INFO - Processing /home/airflow/.local/lib/python3.8/site-packages/airflow/example_dags/example_latest_only.py took 11.848 seconds
[2024-03-28T16:38:01.549+0000] {processor.py:161} INFO - Started process (PID=282) to work on /home/airflow/.local/lib/python3.8/site-packages/airflow/example_dags/example_latest_only.py
[2024-03-28T16:38:01.564+0000] {processor.py:830} INFO - Processing file /home/airflow/.local/lib/python3.8/site-packages/airflow/example_dags/example_latest_only.py for tasks to queue
[2024-03-28T16:38:01.647+0000] {logging_mixin.py:188} INFO - [2024-03-28T16:38:01.628+0000] {dagbag.py:540} INFO - Filling up the DagBag from /home/airflow/.local/lib/python3.8/site-packages/airflow/example_dags/example_latest_only.py
[2024-03-28T16:38:01.739+0000] {processor.py:840} INFO - DAG(s) 'latest_only' retrieved from /home/airflow/.local/lib/python3.8/site-packages/airflow/example_dags/example_latest_only.py
[2024-03-28T16:38:02.061+0000] {logging_mixin.py:188} INFO - [2024-03-28T16:38:02.040+0000] {dag.py:3047} INFO - Sync 1 DAGs
[2024-03-28T16:38:03.299+0000] {logging_mixin.py:188} INFO - [2024-03-28T16:38:03.259+0000] {dag.py:3834} INFO - Setting next_dagrun for latest_only to 2024-03-28 12:00:00+00:00, run_after=2024-03-28 16:00:00+00:00
[2024-03-28T16:38:04.290+0000] {processor.py:183} INFO - Processing /home/airflow/.local/lib/python3.8/site-packages/airflow/example_dags/example_latest_only.py took 2.844 seconds
[2024-03-28T16:40:26.502+0000] {processor.py:161} INFO - Started process (PID=350) to work on /home/airflow/.local/lib/python3.8/site-packages/airflow/example_dags/example_latest_only.py
[2024-03-28T16:40:26.906+0000] {processor.py:830} INFO - Processing file /home/airflow/.local/lib/python3.8/site-packages/airflow/example_dags/example_latest_only.py for tasks to queue
[2024-03-28T16:40:27.474+0000] {logging_mixin.py:188} INFO - [2024-03-28T16:40:27.410+0000] {dagbag.py:540} INFO - Filling up the DagBag from /home/airflow/.local/lib/python3.8/site-packages/airflow/example_dags/example_latest_only.py
[2024-03-28T16:40:27.639+0000] {processor.py:840} INFO - DAG(s) 'latest_only' retrieved from /home/airflow/.local/lib/python3.8/site-packages/airflow/example_dags/example_latest_only.py
[2024-03-28T16:40:28.833+0000] {logging_mixin.py:188} INFO - [2024-03-28T16:40:28.833+0000] {dag.py:3047} INFO - Sync 1 DAGs
[2024-03-28T16:40:31.794+0000] {logging_mixin.py:188} INFO - [2024-03-28T16:40:31.788+0000] {dag.py:3834} INFO - Setting next_dagrun for latest_only to 2024-03-28 12:00:00+00:00, run_after=2024-03-28 16:00:00+00:00
[2024-03-28T16:40:37.184+0000] {processor.py:183} INFO - Processing /home/airflow/.local/lib/python3.8/site-packages/airflow/example_dags/example_latest_only.py took 10.992 seconds
[2024-03-28T16:43:41.143+0000] {processor.py:161} INFO - Started process (PID=422) to work on /home/airflow/.local/lib/python3.8/site-packages/airflow/example_dags/example_latest_only.py
[2024-03-28T16:43:41.162+0000] {processor.py:830} INFO - Processing file /home/airflow/.local/lib/python3.8/site-packages/airflow/example_dags/example_latest_only.py for tasks to queue
[2024-03-28T16:43:41.198+0000] {logging_mixin.py:188} INFO - [2024-03-28T16:43:41.190+0000] {dagbag.py:540} INFO - Filling up the DagBag from /home/airflow/.local/lib/python3.8/site-packages/airflow/example_dags/example_latest_only.py
[2024-03-28T16:43:41.325+0000] {processor.py:840} INFO - DAG(s) 'latest_only' retrieved from /home/airflow/.local/lib/python3.8/site-packages/airflow/example_dags/example_latest_only.py
[2024-03-28T16:43:43.666+0000] {logging_mixin.py:188} INFO - [2024-03-28T16:43:43.664+0000] {dag.py:3047} INFO - Sync 1 DAGs
[2024-03-28T16:43:47.716+0000] {logging_mixin.py:188} INFO - [2024-03-28T16:43:47.714+0000] {dag.py:3834} INFO - Setting next_dagrun for latest_only to 2024-03-28 12:00:00+00:00, run_after=2024-03-28 16:00:00+00:00
[2024-03-28T16:43:49.823+0000] {processor.py:183} INFO - Processing /home/airflow/.local/lib/python3.8/site-packages/airflow/example_dags/example_latest_only.py took 8.837 seconds
[2024-03-28T16:51:53.621+0000] {processor.py:161} INFO - Started process (PID=535) to work on /home/airflow/.local/lib/python3.8/site-packages/airflow/example_dags/example_latest_only.py
[2024-03-28T16:51:54.162+0000] {processor.py:830} INFO - Processing file /home/airflow/.local/lib/python3.8/site-packages/airflow/example_dags/example_latest_only.py for tasks to queue
[2024-03-28T16:51:57.596+0000] {logging_mixin.py:188} INFO - [2024-03-28T16:51:56.159+0000] {dagbag.py:540} INFO - Filling up the DagBag from /home/airflow/.local/lib/python3.8/site-packages/airflow/example_dags/example_latest_only.py
[2024-03-28T16:52:24.689+0000] {processor.py:840} INFO - DAG(s) 'latest_only' retrieved from /home/airflow/.local/lib/python3.8/site-packages/airflow/example_dags/example_latest_only.py
[2024-03-28T17:05:48.056+0000] {processor.py:161} INFO - Started process (PID=54) to work on /home/airflow/.local/lib/python3.8/site-packages/airflow/example_dags/example_latest_only.py
[2024-03-28T17:05:48.066+0000] {processor.py:830} INFO - Processing file /home/airflow/.local/lib/python3.8/site-packages/airflow/example_dags/example_latest_only.py for tasks to queue
[2024-03-28T17:05:48.076+0000] {logging_mixin.py:188} INFO - [2024-03-28T17:05:48.073+0000] {dagbag.py:540} INFO - Filling up the DagBag from /home/airflow/.local/lib/python3.8/site-packages/airflow/example_dags/example_latest_only.py
[2024-03-28T17:05:48.105+0000] {processor.py:840} INFO - DAG(s) 'latest_only' retrieved from /home/airflow/.local/lib/python3.8/site-packages/airflow/example_dags/example_latest_only.py
[2024-03-28T17:05:49.319+0000] {logging_mixin.py:188} INFO - [2024-03-28T17:05:49.317+0000] {dag.py:3047} INFO - Sync 1 DAGs
[2024-03-28T17:05:49.558+0000] {logging_mixin.py:188} INFO - [2024-03-28T17:05:49.536+0000] {dag.py:3834} INFO - Setting next_dagrun for latest_only to 2024-03-28 12:00:00+00:00, run_after=2024-03-28 16:00:00+00:00
[2024-03-28T17:05:49.872+0000] {processor.py:183} INFO - Processing /home/airflow/.local/lib/python3.8/site-packages/airflow/example_dags/example_latest_only.py took 1.854 seconds
[2024-03-28T17:07:19.266+0000] {processor.py:161} INFO - Started process (PID=121) to work on /home/airflow/.local/lib/python3.8/site-packages/airflow/example_dags/example_latest_only.py
[2024-03-28T17:07:19.292+0000] {processor.py:830} INFO - Processing file /home/airflow/.local/lib/python3.8/site-packages/airflow/example_dags/example_latest_only.py for tasks to queue
[2024-03-28T17:07:19.328+0000] {logging_mixin.py:188} INFO - [2024-03-28T17:07:19.323+0000] {dagbag.py:540} INFO - Filling up the DagBag from /home/airflow/.local/lib/python3.8/site-packages/airflow/example_dags/example_latest_only.py
[2024-03-28T17:07:19.587+0000] {processor.py:840} INFO - DAG(s) 'latest_only' retrieved from /home/airflow/.local/lib/python3.8/site-packages/airflow/example_dags/example_latest_only.py
[2024-03-28T17:07:19.934+0000] {logging_mixin.py:188} INFO - [2024-03-28T17:07:19.933+0000] {dag.py:3047} INFO - Sync 1 DAGs
[2024-03-28T17:07:20.291+0000] {logging_mixin.py:188} INFO - [2024-03-28T17:07:20.290+0000] {dag.py:3834} INFO - Setting next_dagrun for latest_only to 2024-03-28 12:00:00+00:00, run_after=2024-03-28 16:00:00+00:00
[2024-03-28T17:07:20.514+0000] {processor.py:183} INFO - Processing /home/airflow/.local/lib/python3.8/site-packages/airflow/example_dags/example_latest_only.py took 1.326 seconds
[2024-03-28T17:08:04.276+0000] {processor.py:161} INFO - Started process (PID=176) to work on /home/airflow/.local/lib/python3.8/site-packages/airflow/example_dags/example_latest_only.py
[2024-03-28T17:08:04.308+0000] {processor.py:830} INFO - Processing file /home/airflow/.local/lib/python3.8/site-packages/airflow/example_dags/example_latest_only.py for tasks to queue
[2024-03-28T17:08:04.348+0000] {logging_mixin.py:188} INFO - [2024-03-28T17:08:04.347+0000] {dagbag.py:540} INFO - Filling up the DagBag from /home/airflow/.local/lib/python3.8/site-packages/airflow/example_dags/example_latest_only.py
[2024-03-28T17:08:04.482+0000] {processor.py:840} INFO - DAG(s) 'latest_only' retrieved from /home/airflow/.local/lib/python3.8/site-packages/airflow/example_dags/example_latest_only.py
[2024-03-28T17:08:05.013+0000] {logging_mixin.py:188} INFO - [2024-03-28T17:08:05.012+0000] {dag.py:3047} INFO - Sync 1 DAGs
[2024-03-28T17:08:05.550+0000] {logging_mixin.py:188} INFO - [2024-03-28T17:08:05.547+0000] {dag.py:3834} INFO - Setting next_dagrun for latest_only to 2024-03-28 12:00:00+00:00, run_after=2024-03-28 16:00:00+00:00
[2024-03-28T17:08:06.180+0000] {processor.py:183} INFO - Processing /home/airflow/.local/lib/python3.8/site-packages/airflow/example_dags/example_latest_only.py took 1.955 seconds
[2024-03-28T17:08:49.095+0000] {processor.py:161} INFO - Started process (PID=234) to work on /home/airflow/.local/lib/python3.8/site-packages/airflow/example_dags/example_latest_only.py
[2024-03-28T17:08:49.105+0000] {processor.py:830} INFO - Processing file /home/airflow/.local/lib/python3.8/site-packages/airflow/example_dags/example_latest_only.py for tasks to queue
[2024-03-28T17:08:49.139+0000] {logging_mixin.py:188} INFO - [2024-03-28T17:08:49.137+0000] {dagbag.py:540} INFO - Filling up the DagBag from /home/airflow/.local/lib/python3.8/site-packages/airflow/example_dags/example_latest_only.py
[2024-03-28T17:08:49.180+0000] {processor.py:840} INFO - DAG(s) 'latest_only' retrieved from /home/airflow/.local/lib/python3.8/site-packages/airflow/example_dags/example_latest_only.py
[2024-03-28T17:08:50.117+0000] {logging_mixin.py:188} INFO - [2024-03-28T17:08:50.117+0000] {dag.py:3047} INFO - Sync 1 DAGs
[2024-03-28T17:08:54.138+0000] {logging_mixin.py:188} INFO - [2024-03-28T17:08:54.137+0000] {dag.py:3834} INFO - Setting next_dagrun for latest_only to 2024-03-28 12:00:00+00:00, run_after=2024-03-28 16:00:00+00:00
[2024-03-28T17:08:56.336+0000] {processor.py:183} INFO - Processing /home/airflow/.local/lib/python3.8/site-packages/airflow/example_dags/example_latest_only.py took 7.337 seconds
[2024-03-28T17:10:22.563+0000] {processor.py:161} INFO - Started process (PID=292) to work on /home/airflow/.local/lib/python3.8/site-packages/airflow/example_dags/example_latest_only.py
[2024-03-28T17:10:22.567+0000] {processor.py:830} INFO - Processing file /home/airflow/.local/lib/python3.8/site-packages/airflow/example_dags/example_latest_only.py for tasks to queue
[2024-03-28T17:10:22.577+0000] {logging_mixin.py:188} INFO - [2024-03-28T17:10:22.575+0000] {dagbag.py:540} INFO - Filling up the DagBag from /home/airflow/.local/lib/python3.8/site-packages/airflow/example_dags/example_latest_only.py
[2024-03-28T17:10:22.604+0000] {processor.py:840} INFO - DAG(s) 'latest_only' retrieved from /home/airflow/.local/lib/python3.8/site-packages/airflow/example_dags/example_latest_only.py
[2024-03-28T17:10:22.685+0000] {logging_mixin.py:188} INFO - [2024-03-28T17:10:22.684+0000] {dag.py:3047} INFO - Sync 1 DAGs
[2024-03-28T17:10:22.955+0000] {logging_mixin.py:188} INFO - [2024-03-28T17:10:22.954+0000] {dag.py:3834} INFO - Setting next_dagrun for latest_only to 2024-03-28 12:00:00+00:00, run_after=2024-03-28 16:00:00+00:00
[2024-03-28T17:10:23.318+0000] {processor.py:183} INFO - Processing /home/airflow/.local/lib/python3.8/site-packages/airflow/example_dags/example_latest_only.py took 0.767 seconds
[2024-03-28T17:11:12.664+0000] {processor.py:161} INFO - Started process (PID=348) to work on /home/airflow/.local/lib/python3.8/site-packages/airflow/example_dags/example_latest_only.py
[2024-03-28T17:11:12.678+0000] {processor.py:830} INFO - Processing file /home/airflow/.local/lib/python3.8/site-packages/airflow/example_dags/example_latest_only.py for tasks to queue
[2024-03-28T17:11:12.700+0000] {logging_mixin.py:188} INFO - [2024-03-28T17:11:12.699+0000] {dagbag.py:540} INFO - Filling up the DagBag from /home/airflow/.local/lib/python3.8/site-packages/airflow/example_dags/example_latest_only.py
[2024-03-28T17:11:12.752+0000] {processor.py:840} INFO - DAG(s) 'latest_only' retrieved from /home/airflow/.local/lib/python3.8/site-packages/airflow/example_dags/example_latest_only.py
[2024-03-28T17:11:12.905+0000] {logging_mixin.py:188} INFO - [2024-03-28T17:11:12.902+0000] {dag.py:3047} INFO - Sync 1 DAGs
[2024-03-28T17:11:13.083+0000] {logging_mixin.py:188} INFO - [2024-03-28T17:11:13.082+0000] {dag.py:3834} INFO - Setting next_dagrun for latest_only to 2024-03-28 12:00:00+00:00, run_after=2024-03-28 16:00:00+00:00
[2024-03-28T17:11:13.349+0000] {processor.py:183} INFO - Processing /home/airflow/.local/lib/python3.8/site-packages/airflow/example_dags/example_latest_only.py took 0.714 seconds
[2024-03-28T17:12:10.184+0000] {processor.py:161} INFO - Started process (PID=411) to work on /home/airflow/.local/lib/python3.8/site-packages/airflow/example_dags/example_latest_only.py
[2024-03-28T17:12:10.192+0000] {processor.py:830} INFO - Processing file /home/airflow/.local/lib/python3.8/site-packages/airflow/example_dags/example_latest_only.py for tasks to queue
[2024-03-28T17:12:10.226+0000] {logging_mixin.py:188} INFO - [2024-03-28T17:12:10.223+0000] {dagbag.py:540} INFO - Filling up the DagBag from /home/airflow/.local/lib/python3.8/site-packages/airflow/example_dags/example_latest_only.py
[2024-03-28T17:12:10.288+0000] {processor.py:840} INFO - DAG(s) 'latest_only' retrieved from /home/airflow/.local/lib/python3.8/site-packages/airflow/example_dags/example_latest_only.py
[2024-03-28T17:12:10.466+0000] {logging_mixin.py:188} INFO - [2024-03-28T17:12:10.465+0000] {dag.py:3047} INFO - Sync 1 DAGs
[2024-03-28T17:12:10.637+0000] {logging_mixin.py:188} INFO - [2024-03-28T17:12:10.636+0000] {dag.py:3834} INFO - Setting next_dagrun for latest_only to 2024-03-28 12:00:00+00:00, run_after=2024-03-28 16:00:00+00:00
[2024-03-28T17:12:10.879+0000] {processor.py:183} INFO - Processing /home/airflow/.local/lib/python3.8/site-packages/airflow/example_dags/example_latest_only.py took 0.720 seconds
[2024-03-28T17:12:49.304+0000] {processor.py:161} INFO - Started process (PID=462) to work on /home/airflow/.local/lib/python3.8/site-packages/airflow/example_dags/example_latest_only.py
[2024-03-28T17:12:49.307+0000] {processor.py:830} INFO - Processing file /home/airflow/.local/lib/python3.8/site-packages/airflow/example_dags/example_latest_only.py for tasks to queue
[2024-03-28T17:12:49.313+0000] {logging_mixin.py:188} INFO - [2024-03-28T17:12:49.312+0000] {dagbag.py:540} INFO - Filling up the DagBag from /home/airflow/.local/lib/python3.8/site-packages/airflow/example_dags/example_latest_only.py
[2024-03-28T17:12:49.348+0000] {processor.py:840} INFO - DAG(s) 'latest_only' retrieved from /home/airflow/.local/lib/python3.8/site-packages/airflow/example_dags/example_latest_only.py
[2024-03-28T17:12:49.442+0000] {logging_mixin.py:188} INFO - [2024-03-28T17:12:49.442+0000] {dag.py:3047} INFO - Sync 1 DAGs
[2024-03-28T17:12:49.592+0000] {logging_mixin.py:188} INFO - [2024-03-28T17:12:49.592+0000] {dag.py:3834} INFO - Setting next_dagrun for latest_only to 2024-03-28 12:00:00+00:00, run_after=2024-03-28 16:00:00+00:00
[2024-03-28T17:12:49.752+0000] {processor.py:183} INFO - Processing /home/airflow/.local/lib/python3.8/site-packages/airflow/example_dags/example_latest_only.py took 0.458 seconds
[2024-03-28T17:13:22.496+0000] {processor.py:161} INFO - Started process (PID=518) to work on /home/airflow/.local/lib/python3.8/site-packages/airflow/example_dags/example_latest_only.py
[2024-03-28T17:13:22.521+0000] {processor.py:830} INFO - Processing file /home/airflow/.local/lib/python3.8/site-packages/airflow/example_dags/example_latest_only.py for tasks to queue
[2024-03-28T17:13:22.546+0000] {logging_mixin.py:188} INFO - [2024-03-28T17:13:22.540+0000] {dagbag.py:540} INFO - Filling up the DagBag from /home/airflow/.local/lib/python3.8/site-packages/airflow/example_dags/example_latest_only.py
[2024-03-28T17:13:22.612+0000] {processor.py:840} INFO - DAG(s) 'latest_only' retrieved from /home/airflow/.local/lib/python3.8/site-packages/airflow/example_dags/example_latest_only.py
[2024-03-28T17:13:22.760+0000] {logging_mixin.py:188} INFO - [2024-03-28T17:13:22.759+0000] {dag.py:3047} INFO - Sync 1 DAGs
[2024-03-28T17:13:22.909+0000] {logging_mixin.py:188} INFO - [2024-03-28T17:13:22.908+0000] {dag.py:3834} INFO - Setting next_dagrun for latest_only to 2024-03-28 12:00:00+00:00, run_after=2024-03-28 16:00:00+00:00
[2024-03-28T17:13:23.146+0000] {processor.py:183} INFO - Processing /home/airflow/.local/lib/python3.8/site-packages/airflow/example_dags/example_latest_only.py took 0.682 seconds
[2024-03-28T17:13:57.404+0000] {processor.py:161} INFO - Started process (PID=579) to work on /home/airflow/.local/lib/python3.8/site-packages/airflow/example_dags/example_latest_only.py
[2024-03-28T17:13:57.410+0000] {processor.py:830} INFO - Processing file /home/airflow/.local/lib/python3.8/site-packages/airflow/example_dags/example_latest_only.py for tasks to queue
[2024-03-28T17:13:57.421+0000] {logging_mixin.py:188} INFO - [2024-03-28T17:13:57.420+0000] {dagbag.py:540} INFO - Filling up the DagBag from /home/airflow/.local/lib/python3.8/site-packages/airflow/example_dags/example_latest_only.py
[2024-03-28T17:13:57.465+0000] {processor.py:840} INFO - DAG(s) 'latest_only' retrieved from /home/airflow/.local/lib/python3.8/site-packages/airflow/example_dags/example_latest_only.py
[2024-03-28T17:13:57.609+0000] {logging_mixin.py:188} INFO - [2024-03-28T17:13:57.608+0000] {dag.py:3047} INFO - Sync 1 DAGs
[2024-03-28T17:13:57.825+0000] {logging_mixin.py:188} INFO - [2024-03-28T17:13:57.818+0000] {dag.py:3834} INFO - Setting next_dagrun for latest_only to 2024-03-28 12:00:00+00:00, run_after=2024-03-28 16:00:00+00:00
[2024-03-28T17:13:57.987+0000] {processor.py:183} INFO - Processing /home/airflow/.local/lib/python3.8/site-packages/airflow/example_dags/example_latest_only.py took 0.606 seconds
[2024-03-28T17:14:28.335+0000] {processor.py:161} INFO - Started process (PID=633) to work on /home/airflow/.local/lib/python3.8/site-packages/airflow/example_dags/example_latest_only.py
[2024-03-28T17:14:28.343+0000] {processor.py:830} INFO - Processing file /home/airflow/.local/lib/python3.8/site-packages/airflow/example_dags/example_latest_only.py for tasks to queue
[2024-03-28T17:14:28.362+0000] {logging_mixin.py:188} INFO - [2024-03-28T17:14:28.359+0000] {dagbag.py:540} INFO - Filling up the DagBag from /home/airflow/.local/lib/python3.8/site-packages/airflow/example_dags/example_latest_only.py
[2024-03-28T17:14:28.391+0000] {processor.py:840} INFO - DAG(s) 'latest_only' retrieved from /home/airflow/.local/lib/python3.8/site-packages/airflow/example_dags/example_latest_only.py
[2024-03-28T17:14:28.482+0000] {logging_mixin.py:188} INFO - [2024-03-28T17:14:28.482+0000] {dag.py:3047} INFO - Sync 1 DAGs
[2024-03-28T17:14:28.594+0000] {logging_mixin.py:188} INFO - [2024-03-28T17:14:28.593+0000] {dag.py:3834} INFO - Setting next_dagrun for latest_only to 2024-03-28 12:00:00+00:00, run_after=2024-03-28 16:00:00+00:00
[2024-03-28T17:14:28.762+0000] {processor.py:183} INFO - Processing /home/airflow/.local/lib/python3.8/site-packages/airflow/example_dags/example_latest_only.py took 0.438 seconds
[2024-03-28T17:14:59.329+0000] {processor.py:161} INFO - Started process (PID=687) to work on /home/airflow/.local/lib/python3.8/site-packages/airflow/example_dags/example_latest_only.py
[2024-03-28T17:14:59.332+0000] {processor.py:830} INFO - Processing file /home/airflow/.local/lib/python3.8/site-packages/airflow/example_dags/example_latest_only.py for tasks to queue
[2024-03-28T17:14:59.343+0000] {logging_mixin.py:188} INFO - [2024-03-28T17:14:59.341+0000] {dagbag.py:540} INFO - Filling up the DagBag from /home/airflow/.local/lib/python3.8/site-packages/airflow/example_dags/example_latest_only.py
[2024-03-28T17:14:59.364+0000] {processor.py:840} INFO - DAG(s) 'latest_only' retrieved from /home/airflow/.local/lib/python3.8/site-packages/airflow/example_dags/example_latest_only.py
[2024-03-28T17:14:59.411+0000] {logging_mixin.py:188} INFO - [2024-03-28T17:14:59.410+0000] {dag.py:3047} INFO - Sync 1 DAGs
[2024-03-28T17:14:59.474+0000] {logging_mixin.py:188} INFO - [2024-03-28T17:14:59.474+0000] {dag.py:3834} INFO - Setting next_dagrun for latest_only to 2024-03-28 12:00:00+00:00, run_after=2024-03-28 16:00:00+00:00
[2024-03-28T17:14:59.562+0000] {processor.py:183} INFO - Processing /home/airflow/.local/lib/python3.8/site-packages/airflow/example_dags/example_latest_only.py took 0.243 seconds
[2024-03-28T17:15:37.640+0000] {processor.py:161} INFO - Started process (PID=728) to work on /home/airflow/.local/lib/python3.8/site-packages/airflow/example_dags/example_latest_only.py
[2024-03-28T17:15:37.646+0000] {processor.py:830} INFO - Processing file /home/airflow/.local/lib/python3.8/site-packages/airflow/example_dags/example_latest_only.py for tasks to queue
[2024-03-28T17:15:37.658+0000] {logging_mixin.py:188} INFO - [2024-03-28T17:15:37.657+0000] {dagbag.py:540} INFO - Filling up the DagBag from /home/airflow/.local/lib/python3.8/site-packages/airflow/example_dags/example_latest_only.py
[2024-03-28T17:15:37.687+0000] {processor.py:840} INFO - DAG(s) 'latest_only' retrieved from /home/airflow/.local/lib/python3.8/site-packages/airflow/example_dags/example_latest_only.py
[2024-03-28T17:15:37.761+0000] {logging_mixin.py:188} INFO - [2024-03-28T17:15:37.760+0000] {dag.py:3047} INFO - Sync 1 DAGs
[2024-03-28T17:15:37.883+0000] {logging_mixin.py:188} INFO - [2024-03-28T17:15:37.882+0000] {dag.py:3834} INFO - Setting next_dagrun for latest_only to 2024-03-28 12:00:00+00:00, run_after=2024-03-28 16:00:00+00:00
[2024-03-28T17:15:37.945+0000] {processor.py:183} INFO - Processing /home/airflow/.local/lib/python3.8/site-packages/airflow/example_dags/example_latest_only.py took 0.327 seconds
[2024-03-28T17:16:08.842+0000] {processor.py:161} INFO - Started process (PID=783) to work on /home/airflow/.local/lib/python3.8/site-packages/airflow/example_dags/example_latest_only.py
[2024-03-28T17:16:08.855+0000] {processor.py:830} INFO - Processing file /home/airflow/.local/lib/python3.8/site-packages/airflow/example_dags/example_latest_only.py for tasks to queue
[2024-03-28T17:16:08.878+0000] {logging_mixin.py:188} INFO - [2024-03-28T17:16:08.871+0000] {dagbag.py:540} INFO - Filling up the DagBag from /home/airflow/.local/lib/python3.8/site-packages/airflow/example_dags/example_latest_only.py
[2024-03-28T17:16:08.948+0000] {processor.py:840} INFO - DAG(s) 'latest_only' retrieved from /home/airflow/.local/lib/python3.8/site-packages/airflow/example_dags/example_latest_only.py
[2024-03-28T17:16:09.090+0000] {logging_mixin.py:188} INFO - [2024-03-28T17:16:09.089+0000] {dag.py:3047} INFO - Sync 1 DAGs
[2024-03-28T17:16:09.273+0000] {logging_mixin.py:188} INFO - [2024-03-28T17:16:09.272+0000] {dag.py:3834} INFO - Setting next_dagrun for latest_only to 2024-03-28 12:00:00+00:00, run_after=2024-03-28 16:00:00+00:00
[2024-03-28T17:16:09.392+0000] {processor.py:183} INFO - Processing /home/airflow/.local/lib/python3.8/site-packages/airflow/example_dags/example_latest_only.py took 0.613 seconds
[2024-03-28T17:16:45.167+0000] {processor.py:161} INFO - Started process (PID=835) to work on /home/airflow/.local/lib/python3.8/site-packages/airflow/example_dags/example_latest_only.py
[2024-03-28T17:16:45.214+0000] {processor.py:830} INFO - Processing file /home/airflow/.local/lib/python3.8/site-packages/airflow/example_dags/example_latest_only.py for tasks to queue
[2024-03-28T17:16:45.258+0000] {logging_mixin.py:188} INFO - [2024-03-28T17:16:45.257+0000] {dagbag.py:540} INFO - Filling up the DagBag from /home/airflow/.local/lib/python3.8/site-packages/airflow/example_dags/example_latest_only.py
[2024-03-28T17:16:45.582+0000] {processor.py:840} INFO - DAG(s) 'latest_only' retrieved from /home/airflow/.local/lib/python3.8/site-packages/airflow/example_dags/example_latest_only.py
[2024-03-28T17:16:45.909+0000] {logging_mixin.py:188} INFO - [2024-03-28T17:16:45.907+0000] {dag.py:3047} INFO - Sync 1 DAGs
[2024-03-28T17:16:46.630+0000] {logging_mixin.py:188} INFO - [2024-03-28T17:16:46.629+0000] {dag.py:3834} INFO - Setting next_dagrun for latest_only to 2024-03-28 12:00:00+00:00, run_after=2024-03-28 16:00:00+00:00
[2024-03-28T17:16:47.448+0000] {processor.py:183} INFO - Processing /home/airflow/.local/lib/python3.8/site-packages/airflow/example_dags/example_latest_only.py took 2.298 seconds
[2024-03-28T17:17:21.185+0000] {processor.py:161} INFO - Started process (PID=890) to work on /home/airflow/.local/lib/python3.8/site-packages/airflow/example_dags/example_latest_only.py
[2024-03-28T17:17:21.195+0000] {processor.py:830} INFO - Processing file /home/airflow/.local/lib/python3.8/site-packages/airflow/example_dags/example_latest_only.py for tasks to queue
[2024-03-28T17:17:21.238+0000] {logging_mixin.py:188} INFO - [2024-03-28T17:17:21.234+0000] {dagbag.py:540} INFO - Filling up the DagBag from /home/airflow/.local/lib/python3.8/site-packages/airflow/example_dags/example_latest_only.py
[2024-03-28T17:17:21.298+0000] {processor.py:840} INFO - DAG(s) 'latest_only' retrieved from /home/airflow/.local/lib/python3.8/site-packages/airflow/example_dags/example_latest_only.py
[2024-03-28T17:17:21.433+0000] {logging_mixin.py:188} INFO - [2024-03-28T17:17:21.433+0000] {dag.py:3047} INFO - Sync 1 DAGs
[2024-03-28T17:17:21.870+0000] {logging_mixin.py:188} INFO - [2024-03-28T17:17:21.870+0000] {dag.py:3834} INFO - Setting next_dagrun for latest_only to 2024-03-28 12:00:00+00:00, run_after=2024-03-28 16:00:00+00:00
[2024-03-28T17:17:22.377+0000] {processor.py:183} INFO - Processing /home/airflow/.local/lib/python3.8/site-packages/airflow/example_dags/example_latest_only.py took 1.213 seconds
[2024-03-28T17:18:11.683+0000] {processor.py:161} INFO - Started process (PID=944) to work on /home/airflow/.local/lib/python3.8/site-packages/airflow/example_dags/example_latest_only.py
[2024-03-28T17:18:11.729+0000] {processor.py:830} INFO - Processing file /home/airflow/.local/lib/python3.8/site-packages/airflow/example_dags/example_latest_only.py for tasks to queue
[2024-03-28T17:18:11.763+0000] {logging_mixin.py:188} INFO - [2024-03-28T17:18:11.762+0000] {dagbag.py:540} INFO - Filling up the DagBag from /home/airflow/.local/lib/python3.8/site-packages/airflow/example_dags/example_latest_only.py
[2024-03-28T17:18:11.879+0000] {processor.py:840} INFO - DAG(s) 'latest_only' retrieved from /home/airflow/.local/lib/python3.8/site-packages/airflow/example_dags/example_latest_only.py
[2024-03-28T17:18:12.203+0000] {logging_mixin.py:188} INFO - [2024-03-28T17:18:12.175+0000] {dag.py:3047} INFO - Sync 1 DAGs
[2024-03-28T17:18:12.529+0000] {logging_mixin.py:188} INFO - [2024-03-28T17:18:12.528+0000] {dag.py:3834} INFO - Setting next_dagrun for latest_only to 2024-03-28 12:00:00+00:00, run_after=2024-03-28 16:00:00+00:00
[2024-03-28T17:18:12.974+0000] {processor.py:183} INFO - Processing /home/airflow/.local/lib/python3.8/site-packages/airflow/example_dags/example_latest_only.py took 1.375 seconds
[2024-03-28T17:18:55.089+0000] {processor.py:161} INFO - Started process (PID=992) to work on /home/airflow/.local/lib/python3.8/site-packages/airflow/example_dags/example_latest_only.py
[2024-03-28T17:18:55.095+0000] {processor.py:830} INFO - Processing file /home/airflow/.local/lib/python3.8/site-packages/airflow/example_dags/example_latest_only.py for tasks to queue
[2024-03-28T17:18:55.109+0000] {logging_mixin.py:188} INFO - [2024-03-28T17:18:55.107+0000] {dagbag.py:540} INFO - Filling up the DagBag from /home/airflow/.local/lib/python3.8/site-packages/airflow/example_dags/example_latest_only.py
[2024-03-28T17:18:55.136+0000] {processor.py:840} INFO - DAG(s) 'latest_only' retrieved from /home/airflow/.local/lib/python3.8/site-packages/airflow/example_dags/example_latest_only.py
[2024-03-28T17:18:55.207+0000] {logging_mixin.py:188} INFO - [2024-03-28T17:18:55.207+0000] {dag.py:3047} INFO - Sync 1 DAGs
[2024-03-28T17:18:55.312+0000] {logging_mixin.py:188} INFO - [2024-03-28T17:18:55.311+0000] {dag.py:3834} INFO - Setting next_dagrun for latest_only to 2024-03-28 12:00:00+00:00, run_after=2024-03-28 16:00:00+00:00
[2024-03-28T17:18:55.377+0000] {processor.py:183} INFO - Processing /home/airflow/.local/lib/python3.8/site-packages/airflow/example_dags/example_latest_only.py took 0.308 seconds
[2024-03-28T17:19:27.212+0000] {processor.py:161} INFO - Started process (PID=1046) to work on /home/airflow/.local/lib/python3.8/site-packages/airflow/example_dags/example_latest_only.py
[2024-03-28T17:19:27.219+0000] {processor.py:830} INFO - Processing file /home/airflow/.local/lib/python3.8/site-packages/airflow/example_dags/example_latest_only.py for tasks to queue
[2024-03-28T17:19:27.233+0000] {logging_mixin.py:188} INFO - [2024-03-28T17:19:27.228+0000] {dagbag.py:540} INFO - Filling up the DagBag from /home/airflow/.local/lib/python3.8/site-packages/airflow/example_dags/example_latest_only.py
[2024-03-28T17:19:27.248+0000] {processor.py:840} INFO - DAG(s) 'latest_only' retrieved from /home/airflow/.local/lib/python3.8/site-packages/airflow/example_dags/example_latest_only.py
[2024-03-28T17:19:27.310+0000] {logging_mixin.py:188} INFO - [2024-03-28T17:19:27.309+0000] {dag.py:3047} INFO - Sync 1 DAGs
[2024-03-28T17:19:27.378+0000] {logging_mixin.py:188} INFO - [2024-03-28T17:19:27.377+0000] {dag.py:3834} INFO - Setting next_dagrun for latest_only to 2024-03-28 12:00:00+00:00, run_after=2024-03-28 16:00:00+00:00
[2024-03-28T17:19:27.527+0000] {processor.py:183} INFO - Processing /home/airflow/.local/lib/python3.8/site-packages/airflow/example_dags/example_latest_only.py took 0.325 seconds
[2024-03-28T17:20:00.969+0000] {processor.py:161} INFO - Started process (PID=1102) to work on /home/airflow/.local/lib/python3.8/site-packages/airflow/example_dags/example_latest_only.py
[2024-03-28T17:20:01.017+0000] {processor.py:830} INFO - Processing file /home/airflow/.local/lib/python3.8/site-packages/airflow/example_dags/example_latest_only.py for tasks to queue
[2024-03-28T17:20:01.073+0000] {logging_mixin.py:188} INFO - [2024-03-28T17:20:01.072+0000] {dagbag.py:540} INFO - Filling up the DagBag from /home/airflow/.local/lib/python3.8/site-packages/airflow/example_dags/example_latest_only.py
[2024-03-28T17:20:01.322+0000] {processor.py:840} INFO - DAG(s) 'latest_only' retrieved from /home/airflow/.local/lib/python3.8/site-packages/airflow/example_dags/example_latest_only.py
[2024-03-28T17:20:01.594+0000] {logging_mixin.py:188} INFO - [2024-03-28T17:20:01.594+0000] {dag.py:3047} INFO - Sync 1 DAGs
[2024-03-28T17:20:01.983+0000] {logging_mixin.py:188} INFO - [2024-03-28T17:20:01.978+0000] {dag.py:3834} INFO - Setting next_dagrun for latest_only to 2024-03-28 12:00:00+00:00, run_after=2024-03-28 16:00:00+00:00
[2024-03-28T17:20:02.161+0000] {processor.py:183} INFO - Processing /home/airflow/.local/lib/python3.8/site-packages/airflow/example_dags/example_latest_only.py took 1.302 seconds
[2024-03-28T17:20:33.397+0000] {processor.py:161} INFO - Started process (PID=1157) to work on /home/airflow/.local/lib/python3.8/site-packages/airflow/example_dags/example_latest_only.py
[2024-03-28T17:20:33.406+0000] {processor.py:830} INFO - Processing file /home/airflow/.local/lib/python3.8/site-packages/airflow/example_dags/example_latest_only.py for tasks to queue
[2024-03-28T17:20:33.421+0000] {logging_mixin.py:188} INFO - [2024-03-28T17:20:33.421+0000] {dagbag.py:540} INFO - Filling up the DagBag from /home/airflow/.local/lib/python3.8/site-packages/airflow/example_dags/example_latest_only.py
[2024-03-28T17:20:33.519+0000] {processor.py:840} INFO - DAG(s) 'latest_only' retrieved from /home/airflow/.local/lib/python3.8/site-packages/airflow/example_dags/example_latest_only.py
[2024-03-28T17:20:33.728+0000] {logging_mixin.py:188} INFO - [2024-03-28T17:20:33.728+0000] {dag.py:3047} INFO - Sync 1 DAGs
[2024-03-28T17:20:33.956+0000] {logging_mixin.py:188} INFO - [2024-03-28T17:20:33.955+0000] {dag.py:3834} INFO - Setting next_dagrun for latest_only to 2024-03-28 12:00:00+00:00, run_after=2024-03-28 16:00:00+00:00
[2024-03-28T17:20:34.209+0000] {processor.py:183} INFO - Processing /home/airflow/.local/lib/python3.8/site-packages/airflow/example_dags/example_latest_only.py took 0.880 seconds
[2024-03-28T17:21:04.532+0000] {processor.py:161} INFO - Started process (PID=1210) to work on /home/airflow/.local/lib/python3.8/site-packages/airflow/example_dags/example_latest_only.py
[2024-03-28T17:21:04.543+0000] {processor.py:830} INFO - Processing file /home/airflow/.local/lib/python3.8/site-packages/airflow/example_dags/example_latest_only.py for tasks to queue
[2024-03-28T17:21:04.556+0000] {logging_mixin.py:188} INFO - [2024-03-28T17:21:04.554+0000] {dagbag.py:540} INFO - Filling up the DagBag from /home/airflow/.local/lib/python3.8/site-packages/airflow/example_dags/example_latest_only.py
[2024-03-28T17:21:04.579+0000] {processor.py:840} INFO - DAG(s) 'latest_only' retrieved from /home/airflow/.local/lib/python3.8/site-packages/airflow/example_dags/example_latest_only.py
[2024-03-28T17:21:04.641+0000] {logging_mixin.py:188} INFO - [2024-03-28T17:21:04.641+0000] {dag.py:3047} INFO - Sync 1 DAGs
[2024-03-28T17:21:04.733+0000] {logging_mixin.py:188} INFO - [2024-03-28T17:21:04.732+0000] {dag.py:3834} INFO - Setting next_dagrun for latest_only to 2024-03-28 12:00:00+00:00, run_after=2024-03-28 16:00:00+00:00
[2024-03-28T17:21:04.803+0000] {processor.py:183} INFO - Processing /home/airflow/.local/lib/python3.8/site-packages/airflow/example_dags/example_latest_only.py took 0.292 seconds
[2024-03-28T17:21:35.005+0000] {processor.py:161} INFO - Started process (PID=1265) to work on /home/airflow/.local/lib/python3.8/site-packages/airflow/example_dags/example_latest_only.py
[2024-03-28T17:21:35.013+0000] {processor.py:830} INFO - Processing file /home/airflow/.local/lib/python3.8/site-packages/airflow/example_dags/example_latest_only.py for tasks to queue
[2024-03-28T17:21:35.024+0000] {logging_mixin.py:188} INFO - [2024-03-28T17:21:35.023+0000] {dagbag.py:540} INFO - Filling up the DagBag from /home/airflow/.local/lib/python3.8/site-packages/airflow/example_dags/example_latest_only.py
[2024-03-28T17:21:35.050+0000] {processor.py:840} INFO - DAG(s) 'latest_only' retrieved from /home/airflow/.local/lib/python3.8/site-packages/airflow/example_dags/example_latest_only.py
[2024-03-28T17:21:35.139+0000] {logging_mixin.py:188} INFO - [2024-03-28T17:21:35.139+0000] {dag.py:3047} INFO - Sync 1 DAGs
[2024-03-28T17:21:35.218+0000] {logging_mixin.py:188} INFO - [2024-03-28T17:21:35.217+0000] {dag.py:3834} INFO - Setting next_dagrun for latest_only to 2024-03-28 12:00:00+00:00, run_after=2024-03-28 16:00:00+00:00
[2024-03-28T17:21:35.266+0000] {processor.py:183} INFO - Processing /home/airflow/.local/lib/python3.8/site-packages/airflow/example_dags/example_latest_only.py took 0.275 seconds
[2024-03-28T17:22:07.225+0000] {processor.py:161} INFO - Started process (PID=1328) to work on /home/airflow/.local/lib/python3.8/site-packages/airflow/example_dags/example_latest_only.py
[2024-03-28T17:22:07.229+0000] {processor.py:830} INFO - Processing file /home/airflow/.local/lib/python3.8/site-packages/airflow/example_dags/example_latest_only.py for tasks to queue
[2024-03-28T17:22:07.239+0000] {logging_mixin.py:188} INFO - [2024-03-28T17:22:07.237+0000] {dagbag.py:540} INFO - Filling up the DagBag from /home/airflow/.local/lib/python3.8/site-packages/airflow/example_dags/example_latest_only.py
[2024-03-28T17:22:07.260+0000] {processor.py:840} INFO - DAG(s) 'latest_only' retrieved from /home/airflow/.local/lib/python3.8/site-packages/airflow/example_dags/example_latest_only.py
[2024-03-28T17:22:07.380+0000] {logging_mixin.py:188} INFO - [2024-03-28T17:22:07.380+0000] {dag.py:3047} INFO - Sync 1 DAGs
[2024-03-28T17:22:07.459+0000] {logging_mixin.py:188} INFO - [2024-03-28T17:22:07.458+0000] {dag.py:3834} INFO - Setting next_dagrun for latest_only to 2024-03-28 12:00:00+00:00, run_after=2024-03-28 16:00:00+00:00
[2024-03-28T17:22:07.529+0000] {processor.py:183} INFO - Processing /home/airflow/.local/lib/python3.8/site-packages/airflow/example_dags/example_latest_only.py took 0.333 seconds
[2024-03-28T17:22:54.663+0000] {processor.py:161} INFO - Started process (PID=1376) to work on /home/airflow/.local/lib/python3.8/site-packages/airflow/example_dags/example_latest_only.py
[2024-03-28T17:22:54.678+0000] {processor.py:830} INFO - Processing file /home/airflow/.local/lib/python3.8/site-packages/airflow/example_dags/example_latest_only.py for tasks to queue
[2024-03-28T17:22:54.712+0000] {logging_mixin.py:188} INFO - [2024-03-28T17:22:54.705+0000] {dagbag.py:540} INFO - Filling up the DagBag from /home/airflow/.local/lib/python3.8/site-packages/airflow/example_dags/example_latest_only.py
[2024-03-28T17:22:54.854+0000] {processor.py:840} INFO - DAG(s) 'latest_only' retrieved from /home/airflow/.local/lib/python3.8/site-packages/airflow/example_dags/example_latest_only.py
[2024-03-28T17:22:55.220+0000] {logging_mixin.py:188} INFO - [2024-03-28T17:22:55.219+0000] {dag.py:3047} INFO - Sync 1 DAGs
[2024-03-28T17:22:55.411+0000] {logging_mixin.py:188} INFO - [2024-03-28T17:22:55.410+0000] {dag.py:3834} INFO - Setting next_dagrun for latest_only to 2024-03-28 12:00:00+00:00, run_after=2024-03-28 16:00:00+00:00
[2024-03-28T17:22:55.587+0000] {processor.py:183} INFO - Processing /home/airflow/.local/lib/python3.8/site-packages/airflow/example_dags/example_latest_only.py took 0.955 seconds
[2024-03-28T17:23:25.901+0000] {processor.py:161} INFO - Started process (PID=1431) to work on /home/airflow/.local/lib/python3.8/site-packages/airflow/example_dags/example_latest_only.py
[2024-03-28T17:23:25.906+0000] {processor.py:830} INFO - Processing file /home/airflow/.local/lib/python3.8/site-packages/airflow/example_dags/example_latest_only.py for tasks to queue
[2024-03-28T17:23:25.917+0000] {logging_mixin.py:188} INFO - [2024-03-28T17:23:25.915+0000] {dagbag.py:540} INFO - Filling up the DagBag from /home/airflow/.local/lib/python3.8/site-packages/airflow/example_dags/example_latest_only.py
[2024-03-28T17:23:25.942+0000] {processor.py:840} INFO - DAG(s) 'latest_only' retrieved from /home/airflow/.local/lib/python3.8/site-packages/airflow/example_dags/example_latest_only.py
[2024-03-28T17:23:26.056+0000] {logging_mixin.py:188} INFO - [2024-03-28T17:23:26.056+0000] {dag.py:3047} INFO - Sync 1 DAGs
[2024-03-28T17:23:26.184+0000] {logging_mixin.py:188} INFO - [2024-03-28T17:23:26.184+0000] {dag.py:3834} INFO - Setting next_dagrun for latest_only to 2024-03-28 12:00:00+00:00, run_after=2024-03-28 16:00:00+00:00
[2024-03-28T17:23:26.232+0000] {processor.py:183} INFO - Processing /home/airflow/.local/lib/python3.8/site-packages/airflow/example_dags/example_latest_only.py took 0.357 seconds
[2024-03-28T17:23:56.656+0000] {processor.py:161} INFO - Started process (PID=1484) to work on /home/airflow/.local/lib/python3.8/site-packages/airflow/example_dags/example_latest_only.py
[2024-03-28T17:23:56.677+0000] {processor.py:830} INFO - Processing file /home/airflow/.local/lib/python3.8/site-packages/airflow/example_dags/example_latest_only.py for tasks to queue
[2024-03-28T17:23:56.700+0000] {logging_mixin.py:188} INFO - [2024-03-28T17:23:56.699+0000] {dagbag.py:540} INFO - Filling up the DagBag from /home/airflow/.local/lib/python3.8/site-packages/airflow/example_dags/example_latest_only.py
[2024-03-28T17:23:56.744+0000] {processor.py:840} INFO - DAG(s) 'latest_only' retrieved from /home/airflow/.local/lib/python3.8/site-packages/airflow/example_dags/example_latest_only.py
[2024-03-28T17:23:56.917+0000] {logging_mixin.py:188} INFO - [2024-03-28T17:23:56.908+0000] {dag.py:3047} INFO - Sync 1 DAGs
[2024-03-28T17:23:57.137+0000] {logging_mixin.py:188} INFO - [2024-03-28T17:23:57.136+0000] {dag.py:3834} INFO - Setting next_dagrun for latest_only to 2024-03-28 12:00:00+00:00, run_after=2024-03-28 16:00:00+00:00
[2024-03-28T17:23:57.285+0000] {processor.py:183} INFO - Processing /home/airflow/.local/lib/python3.8/site-packages/airflow/example_dags/example_latest_only.py took 0.683 seconds
[2024-03-28T17:24:27.716+0000] {processor.py:161} INFO - Started process (PID=1539) to work on /home/airflow/.local/lib/python3.8/site-packages/airflow/example_dags/example_latest_only.py
[2024-03-28T17:24:27.722+0000] {processor.py:830} INFO - Processing file /home/airflow/.local/lib/python3.8/site-packages/airflow/example_dags/example_latest_only.py for tasks to queue
[2024-03-28T17:24:27.731+0000] {logging_mixin.py:188} INFO - [2024-03-28T17:24:27.729+0000] {dagbag.py:540} INFO - Filling up the DagBag from /home/airflow/.local/lib/python3.8/site-packages/airflow/example_dags/example_latest_only.py
[2024-03-28T17:24:27.755+0000] {processor.py:840} INFO - DAG(s) 'latest_only' retrieved from /home/airflow/.local/lib/python3.8/site-packages/airflow/example_dags/example_latest_only.py
[2024-03-28T17:24:27.834+0000] {logging_mixin.py:188} INFO - [2024-03-28T17:24:27.833+0000] {dag.py:3047} INFO - Sync 1 DAGs
[2024-03-28T17:24:27.894+0000] {logging_mixin.py:188} INFO - [2024-03-28T17:24:27.894+0000] {dag.py:3834} INFO - Setting next_dagrun for latest_only to 2024-03-28 12:00:00+00:00, run_after=2024-03-28 16:00:00+00:00
[2024-03-28T17:24:27.954+0000] {processor.py:183} INFO - Processing /home/airflow/.local/lib/python3.8/site-packages/airflow/example_dags/example_latest_only.py took 0.248 seconds
[2024-03-28T17:24:58.115+0000] {processor.py:161} INFO - Started process (PID=1594) to work on /home/airflow/.local/lib/python3.8/site-packages/airflow/example_dags/example_latest_only.py
[2024-03-28T17:24:58.123+0000] {processor.py:830} INFO - Processing file /home/airflow/.local/lib/python3.8/site-packages/airflow/example_dags/example_latest_only.py for tasks to queue
[2024-03-28T17:24:58.165+0000] {logging_mixin.py:188} INFO - [2024-03-28T17:24:58.164+0000] {dagbag.py:540} INFO - Filling up the DagBag from /home/airflow/.local/lib/python3.8/site-packages/airflow/example_dags/example_latest_only.py
[2024-03-28T17:24:58.183+0000] {processor.py:840} INFO - DAG(s) 'latest_only' retrieved from /home/airflow/.local/lib/python3.8/site-packages/airflow/example_dags/example_latest_only.py
[2024-03-28T17:24:58.267+0000] {logging_mixin.py:188} INFO - [2024-03-28T17:24:58.266+0000] {dag.py:3047} INFO - Sync 1 DAGs
[2024-03-28T17:24:58.367+0000] {logging_mixin.py:188} INFO - [2024-03-28T17:24:58.367+0000] {dag.py:3834} INFO - Setting next_dagrun for latest_only to 2024-03-28 12:00:00+00:00, run_after=2024-03-28 16:00:00+00:00
[2024-03-28T17:24:58.438+0000] {processor.py:183} INFO - Processing /home/airflow/.local/lib/python3.8/site-packages/airflow/example_dags/example_latest_only.py took 0.330 seconds
[2024-03-28T17:25:30.173+0000] {processor.py:161} INFO - Started process (PID=1650) to work on /home/airflow/.local/lib/python3.8/site-packages/airflow/example_dags/example_latest_only.py
[2024-03-28T17:25:30.177+0000] {processor.py:830} INFO - Processing file /home/airflow/.local/lib/python3.8/site-packages/airflow/example_dags/example_latest_only.py for tasks to queue
[2024-03-28T17:25:30.186+0000] {logging_mixin.py:188} INFO - [2024-03-28T17:25:30.183+0000] {dagbag.py:540} INFO - Filling up the DagBag from /home/airflow/.local/lib/python3.8/site-packages/airflow/example_dags/example_latest_only.py
[2024-03-28T17:25:30.209+0000] {processor.py:840} INFO - DAG(s) 'latest_only' retrieved from /home/airflow/.local/lib/python3.8/site-packages/airflow/example_dags/example_latest_only.py
[2024-03-28T17:25:30.278+0000] {logging_mixin.py:188} INFO - [2024-03-28T17:25:30.277+0000] {dag.py:3047} INFO - Sync 1 DAGs
[2024-03-28T17:25:30.362+0000] {logging_mixin.py:188} INFO - [2024-03-28T17:25:30.361+0000] {dag.py:3834} INFO - Setting next_dagrun for latest_only to 2024-03-28 12:00:00+00:00, run_after=2024-03-28 16:00:00+00:00
[2024-03-28T17:25:30.418+0000] {processor.py:183} INFO - Processing /home/airflow/.local/lib/python3.8/site-packages/airflow/example_dags/example_latest_only.py took 0.289 seconds
[2024-03-28T17:26:06.597+0000] {processor.py:161} INFO - Started process (PID=1702) to work on /home/airflow/.local/lib/python3.8/site-packages/airflow/example_dags/example_latest_only.py
[2024-03-28T17:26:06.601+0000] {processor.py:830} INFO - Processing file /home/airflow/.local/lib/python3.8/site-packages/airflow/example_dags/example_latest_only.py for tasks to queue
[2024-03-28T17:26:06.613+0000] {logging_mixin.py:188} INFO - [2024-03-28T17:26:06.612+0000] {dagbag.py:540} INFO - Filling up the DagBag from /home/airflow/.local/lib/python3.8/site-packages/airflow/example_dags/example_latest_only.py
[2024-03-28T17:26:06.627+0000] {processor.py:840} INFO - DAG(s) 'latest_only' retrieved from /home/airflow/.local/lib/python3.8/site-packages/airflow/example_dags/example_latest_only.py
[2024-03-28T17:26:06.687+0000] {logging_mixin.py:188} INFO - [2024-03-28T17:26:06.686+0000] {dag.py:3047} INFO - Sync 1 DAGs
[2024-03-28T17:26:06.764+0000] {logging_mixin.py:188} INFO - [2024-03-28T17:26:06.763+0000] {dag.py:3834} INFO - Setting next_dagrun for latest_only to 2024-03-28 12:00:00+00:00, run_after=2024-03-28 16:00:00+00:00
[2024-03-28T17:26:06.836+0000] {processor.py:183} INFO - Processing /home/airflow/.local/lib/python3.8/site-packages/airflow/example_dags/example_latest_only.py took 0.247 seconds
[2024-03-28T17:26:43.502+0000] {processor.py:161} INFO - Started process (PID=1764) to work on /home/airflow/.local/lib/python3.8/site-packages/airflow/example_dags/example_latest_only.py
[2024-03-28T17:26:43.513+0000] {processor.py:830} INFO - Processing file /home/airflow/.local/lib/python3.8/site-packages/airflow/example_dags/example_latest_only.py for tasks to queue
[2024-03-28T17:26:43.534+0000] {logging_mixin.py:188} INFO - [2024-03-28T17:26:43.533+0000] {dagbag.py:540} INFO - Filling up the DagBag from /home/airflow/.local/lib/python3.8/site-packages/airflow/example_dags/example_latest_only.py
[2024-03-28T17:26:43.595+0000] {processor.py:840} INFO - DAG(s) 'latest_only' retrieved from /home/airflow/.local/lib/python3.8/site-packages/airflow/example_dags/example_latest_only.py
[2024-03-28T17:26:43.862+0000] {logging_mixin.py:188} INFO - [2024-03-28T17:26:43.859+0000] {dag.py:3047} INFO - Sync 1 DAGs
[2024-03-28T17:26:44.346+0000] {logging_mixin.py:188} INFO - [2024-03-28T17:26:44.345+0000] {dag.py:3834} INFO - Setting next_dagrun for latest_only to 2024-03-28 12:00:00+00:00, run_after=2024-03-28 16:00:00+00:00
[2024-03-28T17:26:44.599+0000] {processor.py:183} INFO - Processing /home/airflow/.local/lib/python3.8/site-packages/airflow/example_dags/example_latest_only.py took 1.163 seconds
[2024-03-28T17:27:15.910+0000] {processor.py:161} INFO - Started process (PID=1820) to work on /home/airflow/.local/lib/python3.8/site-packages/airflow/example_dags/example_latest_only.py
[2024-03-28T17:27:15.933+0000] {processor.py:830} INFO - Processing file /home/airflow/.local/lib/python3.8/site-packages/airflow/example_dags/example_latest_only.py for tasks to queue
[2024-03-28T17:27:15.983+0000] {logging_mixin.py:188} INFO - [2024-03-28T17:27:15.975+0000] {dagbag.py:540} INFO - Filling up the DagBag from /home/airflow/.local/lib/python3.8/site-packages/airflow/example_dags/example_latest_only.py
[2024-03-28T17:27:16.133+0000] {processor.py:840} INFO - DAG(s) 'latest_only' retrieved from /home/airflow/.local/lib/python3.8/site-packages/airflow/example_dags/example_latest_only.py
[2024-03-28T17:27:16.389+0000] {logging_mixin.py:188} INFO - [2024-03-28T17:27:16.375+0000] {dag.py:3047} INFO - Sync 1 DAGs
[2024-03-28T17:27:16.833+0000] {logging_mixin.py:188} INFO - [2024-03-28T17:27:16.810+0000] {dag.py:3834} INFO - Setting next_dagrun for latest_only to 2024-03-28 12:00:00+00:00, run_after=2024-03-28 16:00:00+00:00
[2024-03-28T17:27:17.066+0000] {processor.py:183} INFO - Processing /home/airflow/.local/lib/python3.8/site-packages/airflow/example_dags/example_latest_only.py took 1.205 seconds
[2024-03-28T17:27:47.322+0000] {processor.py:161} INFO - Started process (PID=1875) to work on /home/airflow/.local/lib/python3.8/site-packages/airflow/example_dags/example_latest_only.py
[2024-03-28T17:27:47.327+0000] {processor.py:830} INFO - Processing file /home/airflow/.local/lib/python3.8/site-packages/airflow/example_dags/example_latest_only.py for tasks to queue
[2024-03-28T17:27:47.334+0000] {logging_mixin.py:188} INFO - [2024-03-28T17:27:47.333+0000] {dagbag.py:540} INFO - Filling up the DagBag from /home/airflow/.local/lib/python3.8/site-packages/airflow/example_dags/example_latest_only.py
[2024-03-28T17:27:47.361+0000] {processor.py:840} INFO - DAG(s) 'latest_only' retrieved from /home/airflow/.local/lib/python3.8/site-packages/airflow/example_dags/example_latest_only.py
[2024-03-28T17:27:47.433+0000] {logging_mixin.py:188} INFO - [2024-03-28T17:27:47.433+0000] {dag.py:3047} INFO - Sync 1 DAGs
[2024-03-28T17:27:47.503+0000] {logging_mixin.py:188} INFO - [2024-03-28T17:27:47.502+0000] {dag.py:3834} INFO - Setting next_dagrun for latest_only to 2024-03-28 12:00:00+00:00, run_after=2024-03-28 16:00:00+00:00
[2024-03-28T17:27:47.592+0000] {processor.py:183} INFO - Processing /home/airflow/.local/lib/python3.8/site-packages/airflow/example_dags/example_latest_only.py took 0.297 seconds
[2024-03-28T17:28:18.170+0000] {processor.py:161} INFO - Started process (PID=1931) to work on /home/airflow/.local/lib/python3.8/site-packages/airflow/example_dags/example_latest_only.py
[2024-03-28T17:28:18.178+0000] {processor.py:830} INFO - Processing file /home/airflow/.local/lib/python3.8/site-packages/airflow/example_dags/example_latest_only.py for tasks to queue
[2024-03-28T17:28:18.187+0000] {logging_mixin.py:188} INFO - [2024-03-28T17:28:18.186+0000] {dagbag.py:540} INFO - Filling up the DagBag from /home/airflow/.local/lib/python3.8/site-packages/airflow/example_dags/example_latest_only.py
[2024-03-28T17:28:18.220+0000] {processor.py:840} INFO - DAG(s) 'latest_only' retrieved from /home/airflow/.local/lib/python3.8/site-packages/airflow/example_dags/example_latest_only.py
[2024-03-28T17:28:18.272+0000] {logging_mixin.py:188} INFO - [2024-03-28T17:28:18.271+0000] {dag.py:3047} INFO - Sync 1 DAGs
[2024-03-28T17:28:18.346+0000] {logging_mixin.py:188} INFO - [2024-03-28T17:28:18.346+0000] {dag.py:3834} INFO - Setting next_dagrun for latest_only to 2024-03-28 12:00:00+00:00, run_after=2024-03-28 16:00:00+00:00
[2024-03-28T17:28:18.408+0000] {processor.py:183} INFO - Processing /home/airflow/.local/lib/python3.8/site-packages/airflow/example_dags/example_latest_only.py took 0.253 seconds
[2024-03-28T17:28:52.442+0000] {processor.py:161} INFO - Started process (PID=1985) to work on /home/airflow/.local/lib/python3.8/site-packages/airflow/example_dags/example_latest_only.py
[2024-03-28T17:28:52.454+0000] {processor.py:830} INFO - Processing file /home/airflow/.local/lib/python3.8/site-packages/airflow/example_dags/example_latest_only.py for tasks to queue
[2024-03-28T17:28:52.471+0000] {logging_mixin.py:188} INFO - [2024-03-28T17:28:52.469+0000] {dagbag.py:540} INFO - Filling up the DagBag from /home/airflow/.local/lib/python3.8/site-packages/airflow/example_dags/example_latest_only.py
[2024-03-28T17:28:52.506+0000] {processor.py:840} INFO - DAG(s) 'latest_only' retrieved from /home/airflow/.local/lib/python3.8/site-packages/airflow/example_dags/example_latest_only.py
[2024-03-28T17:28:52.602+0000] {logging_mixin.py:188} INFO - [2024-03-28T17:28:52.599+0000] {dag.py:3047} INFO - Sync 1 DAGs
[2024-03-28T17:28:52.720+0000] {logging_mixin.py:188} INFO - [2024-03-28T17:28:52.719+0000] {dag.py:3834} INFO - Setting next_dagrun for latest_only to 2024-03-28 12:00:00+00:00, run_after=2024-03-28 16:00:00+00:00
[2024-03-28T17:28:52.872+0000] {processor.py:183} INFO - Processing /home/airflow/.local/lib/python3.8/site-packages/airflow/example_dags/example_latest_only.py took 0.441 seconds
[2024-03-28T17:29:26.098+0000] {processor.py:161} INFO - Started process (PID=2032) to work on /home/airflow/.local/lib/python3.8/site-packages/airflow/example_dags/example_latest_only.py
[2024-03-28T17:29:26.102+0000] {processor.py:830} INFO - Processing file /home/airflow/.local/lib/python3.8/site-packages/airflow/example_dags/example_latest_only.py for tasks to queue
[2024-03-28T17:29:26.108+0000] {logging_mixin.py:188} INFO - [2024-03-28T17:29:26.108+0000] {dagbag.py:540} INFO - Filling up the DagBag from /home/airflow/.local/lib/python3.8/site-packages/airflow/example_dags/example_latest_only.py
[2024-03-28T17:29:26.128+0000] {processor.py:840} INFO - DAG(s) 'latest_only' retrieved from /home/airflow/.local/lib/python3.8/site-packages/airflow/example_dags/example_latest_only.py
[2024-03-28T17:29:26.183+0000] {logging_mixin.py:188} INFO - [2024-03-28T17:29:26.182+0000] {dag.py:3047} INFO - Sync 1 DAGs
[2024-03-28T17:29:26.274+0000] {logging_mixin.py:188} INFO - [2024-03-28T17:29:26.271+0000] {dag.py:3834} INFO - Setting next_dagrun for latest_only to 2024-03-28 12:00:00+00:00, run_after=2024-03-28 16:00:00+00:00
[2024-03-28T17:29:26.330+0000] {processor.py:183} INFO - Processing /home/airflow/.local/lib/python3.8/site-packages/airflow/example_dags/example_latest_only.py took 0.245 seconds
[2024-03-28T17:29:58.174+0000] {processor.py:161} INFO - Started process (PID=2087) to work on /home/airflow/.local/lib/python3.8/site-packages/airflow/example_dags/example_latest_only.py
[2024-03-28T17:29:58.209+0000] {processor.py:830} INFO - Processing file /home/airflow/.local/lib/python3.8/site-packages/airflow/example_dags/example_latest_only.py for tasks to queue
[2024-03-28T17:29:58.242+0000] {logging_mixin.py:188} INFO - [2024-03-28T17:29:58.239+0000] {dagbag.py:540} INFO - Filling up the DagBag from /home/airflow/.local/lib/python3.8/site-packages/airflow/example_dags/example_latest_only.py
[2024-03-28T17:29:58.345+0000] {processor.py:840} INFO - DAG(s) 'latest_only' retrieved from /home/airflow/.local/lib/python3.8/site-packages/airflow/example_dags/example_latest_only.py
[2024-03-28T17:29:58.602+0000] {logging_mixin.py:188} INFO - [2024-03-28T17:29:58.601+0000] {dag.py:3047} INFO - Sync 1 DAGs
[2024-03-28T17:29:58.979+0000] {logging_mixin.py:188} INFO - [2024-03-28T17:29:58.977+0000] {dag.py:3834} INFO - Setting next_dagrun for latest_only to 2024-03-28 12:00:00+00:00, run_after=2024-03-28 16:00:00+00:00
[2024-03-28T17:29:59.174+0000] {processor.py:183} INFO - Processing /home/airflow/.local/lib/python3.8/site-packages/airflow/example_dags/example_latest_only.py took 1.086 seconds
[2024-03-28T17:30:30.144+0000] {processor.py:161} INFO - Started process (PID=2142) to work on /home/airflow/.local/lib/python3.8/site-packages/airflow/example_dags/example_latest_only.py
[2024-03-28T17:30:30.149+0000] {processor.py:830} INFO - Processing file /home/airflow/.local/lib/python3.8/site-packages/airflow/example_dags/example_latest_only.py for tasks to queue
[2024-03-28T17:30:30.172+0000] {logging_mixin.py:188} INFO - [2024-03-28T17:30:30.169+0000] {dagbag.py:540} INFO - Filling up the DagBag from /home/airflow/.local/lib/python3.8/site-packages/airflow/example_dags/example_latest_only.py
[2024-03-28T17:30:30.193+0000] {processor.py:840} INFO - DAG(s) 'latest_only' retrieved from /home/airflow/.local/lib/python3.8/site-packages/airflow/example_dags/example_latest_only.py
[2024-03-28T17:30:30.273+0000] {logging_mixin.py:188} INFO - [2024-03-28T17:30:30.272+0000] {dag.py:3047} INFO - Sync 1 DAGs
[2024-03-28T17:30:30.433+0000] {logging_mixin.py:188} INFO - [2024-03-28T17:30:30.432+0000] {dag.py:3834} INFO - Setting next_dagrun for latest_only to 2024-03-28 12:00:00+00:00, run_after=2024-03-28 16:00:00+00:00
[2024-03-28T17:30:30.501+0000] {processor.py:183} INFO - Processing /home/airflow/.local/lib/python3.8/site-packages/airflow/example_dags/example_latest_only.py took 0.386 seconds
[2024-03-28T17:31:08.120+0000] {processor.py:161} INFO - Started process (PID=2197) to work on /home/airflow/.local/lib/python3.8/site-packages/airflow/example_dags/example_latest_only.py
[2024-03-28T17:31:08.128+0000] {processor.py:830} INFO - Processing file /home/airflow/.local/lib/python3.8/site-packages/airflow/example_dags/example_latest_only.py for tasks to queue
[2024-03-28T17:31:08.143+0000] {logging_mixin.py:188} INFO - [2024-03-28T17:31:08.142+0000] {dagbag.py:540} INFO - Filling up the DagBag from /home/airflow/.local/lib/python3.8/site-packages/airflow/example_dags/example_latest_only.py
[2024-03-28T17:31:08.189+0000] {processor.py:840} INFO - DAG(s) 'latest_only' retrieved from /home/airflow/.local/lib/python3.8/site-packages/airflow/example_dags/example_latest_only.py
[2024-03-28T17:31:08.321+0000] {logging_mixin.py:188} INFO - [2024-03-28T17:31:08.317+0000] {dag.py:3047} INFO - Sync 1 DAGs
[2024-03-28T17:31:08.482+0000] {logging_mixin.py:188} INFO - [2024-03-28T17:31:08.481+0000] {dag.py:3834} INFO - Setting next_dagrun for latest_only to 2024-03-28 12:00:00+00:00, run_after=2024-03-28 16:00:00+00:00
[2024-03-28T17:31:08.591+0000] {processor.py:183} INFO - Processing /home/airflow/.local/lib/python3.8/site-packages/airflow/example_dags/example_latest_only.py took 0.499 seconds
[2024-03-28T17:31:39.860+0000] {processor.py:161} INFO - Started process (PID=2251) to work on /home/airflow/.local/lib/python3.8/site-packages/airflow/example_dags/example_latest_only.py
[2024-03-28T17:31:39.866+0000] {processor.py:830} INFO - Processing file /home/airflow/.local/lib/python3.8/site-packages/airflow/example_dags/example_latest_only.py for tasks to queue
[2024-03-28T17:31:39.873+0000] {logging_mixin.py:188} INFO - [2024-03-28T17:31:39.872+0000] {dagbag.py:540} INFO - Filling up the DagBag from /home/airflow/.local/lib/python3.8/site-packages/airflow/example_dags/example_latest_only.py
[2024-03-28T17:31:39.893+0000] {processor.py:840} INFO - DAG(s) 'latest_only' retrieved from /home/airflow/.local/lib/python3.8/site-packages/airflow/example_dags/example_latest_only.py
[2024-03-28T17:31:40.031+0000] {logging_mixin.py:188} INFO - [2024-03-28T17:31:40.030+0000] {dag.py:3047} INFO - Sync 1 DAGs
[2024-03-28T17:31:40.101+0000] {logging_mixin.py:188} INFO - [2024-03-28T17:31:40.100+0000] {dag.py:3834} INFO - Setting next_dagrun for latest_only to 2024-03-28 12:00:00+00:00, run_after=2024-03-28 16:00:00+00:00
[2024-03-28T17:31:40.148+0000] {processor.py:183} INFO - Processing /home/airflow/.local/lib/python3.8/site-packages/airflow/example_dags/example_latest_only.py took 0.297 seconds
[2024-03-28T17:32:13.350+0000] {processor.py:161} INFO - Started process (PID=2292) to work on /home/airflow/.local/lib/python3.8/site-packages/airflow/example_dags/example_latest_only.py
[2024-03-28T17:32:13.354+0000] {processor.py:830} INFO - Processing file /home/airflow/.local/lib/python3.8/site-packages/airflow/example_dags/example_latest_only.py for tasks to queue
[2024-03-28T17:32:13.372+0000] {logging_mixin.py:188} INFO - [2024-03-28T17:32:13.364+0000] {dagbag.py:540} INFO - Filling up the DagBag from /home/airflow/.local/lib/python3.8/site-packages/airflow/example_dags/example_latest_only.py
[2024-03-28T17:32:13.395+0000] {processor.py:840} INFO - DAG(s) 'latest_only' retrieved from /home/airflow/.local/lib/python3.8/site-packages/airflow/example_dags/example_latest_only.py
[2024-03-28T17:32:13.493+0000] {logging_mixin.py:188} INFO - [2024-03-28T17:32:13.491+0000] {dag.py:3047} INFO - Sync 1 DAGs
[2024-03-28T17:32:13.568+0000] {logging_mixin.py:188} INFO - [2024-03-28T17:32:13.567+0000] {dag.py:3834} INFO - Setting next_dagrun for latest_only to 2024-03-28 12:00:00+00:00, run_after=2024-03-28 16:00:00+00:00
[2024-03-28T17:32:13.628+0000] {processor.py:183} INFO - Processing /home/airflow/.local/lib/python3.8/site-packages/airflow/example_dags/example_latest_only.py took 0.292 seconds
[2024-03-28T17:32:50.102+0000] {processor.py:161} INFO - Started process (PID=2352) to work on /home/airflow/.local/lib/python3.8/site-packages/airflow/example_dags/example_latest_only.py
[2024-03-28T17:32:50.108+0000] {processor.py:830} INFO - Processing file /home/airflow/.local/lib/python3.8/site-packages/airflow/example_dags/example_latest_only.py for tasks to queue
[2024-03-28T17:32:50.131+0000] {logging_mixin.py:188} INFO - [2024-03-28T17:32:50.125+0000] {dagbag.py:540} INFO - Filling up the DagBag from /home/airflow/.local/lib/python3.8/site-packages/airflow/example_dags/example_latest_only.py
[2024-03-28T17:32:50.313+0000] {processor.py:840} INFO - DAG(s) 'latest_only' retrieved from /home/airflow/.local/lib/python3.8/site-packages/airflow/example_dags/example_latest_only.py
[2024-03-28T17:32:50.442+0000] {logging_mixin.py:188} INFO - [2024-03-28T17:32:50.441+0000] {dag.py:3047} INFO - Sync 1 DAGs
[2024-03-28T17:32:50.508+0000] {logging_mixin.py:188} INFO - [2024-03-28T17:32:50.508+0000] {dag.py:3834} INFO - Setting next_dagrun for latest_only to 2024-03-28 12:00:00+00:00, run_after=2024-03-28 16:00:00+00:00
[2024-03-28T17:32:50.731+0000] {processor.py:183} INFO - Processing /home/airflow/.local/lib/python3.8/site-packages/airflow/example_dags/example_latest_only.py took 0.640 seconds
[2024-03-28T17:33:22.503+0000] {processor.py:161} INFO - Started process (PID=2407) to work on /home/airflow/.local/lib/python3.8/site-packages/airflow/example_dags/example_latest_only.py
[2024-03-28T17:33:22.515+0000] {processor.py:830} INFO - Processing file /home/airflow/.local/lib/python3.8/site-packages/airflow/example_dags/example_latest_only.py for tasks to queue
[2024-03-28T17:33:22.597+0000] {logging_mixin.py:188} INFO - [2024-03-28T17:33:22.594+0000] {dagbag.py:540} INFO - Filling up the DagBag from /home/airflow/.local/lib/python3.8/site-packages/airflow/example_dags/example_latest_only.py
[2024-03-28T17:33:22.666+0000] {processor.py:840} INFO - DAG(s) 'latest_only' retrieved from /home/airflow/.local/lib/python3.8/site-packages/airflow/example_dags/example_latest_only.py
[2024-03-28T17:33:22.807+0000] {logging_mixin.py:188} INFO - [2024-03-28T17:33:22.806+0000] {dag.py:3047} INFO - Sync 1 DAGs
[2024-03-28T17:33:22.917+0000] {logging_mixin.py:188} INFO - [2024-03-28T17:33:22.916+0000] {dag.py:3834} INFO - Setting next_dagrun for latest_only to 2024-03-28 12:00:00+00:00, run_after=2024-03-28 16:00:00+00:00
[2024-03-28T17:33:23.029+0000] {processor.py:183} INFO - Processing /home/airflow/.local/lib/python3.8/site-packages/airflow/example_dags/example_latest_only.py took 0.675 seconds
