[2024-03-28T16:32:27.294+0000] {processor.py:161} INFO - Started process (PID=143) to work on /home/airflow/.local/lib/python3.8/site-packages/airflow/example_dags/example_trigger_target_dag.py
[2024-03-28T16:32:27.301+0000] {processor.py:830} INFO - Processing file /home/airflow/.local/lib/python3.8/site-packages/airflow/example_dags/example_trigger_target_dag.py for tasks to queue
[2024-03-28T16:32:27.328+0000] {logging_mixin.py:188} INFO - [2024-03-28T16:32:27.322+0000] {dagbag.py:540} INFO - Filling up the DagBag from /home/airflow/.local/lib/python3.8/site-packages/airflow/example_dags/example_trigger_target_dag.py
[2024-03-28T16:32:27.397+0000] {processor.py:840} INFO - DAG(s) 'example_trigger_target_dag' retrieved from /home/airflow/.local/lib/python3.8/site-packages/airflow/example_dags/example_trigger_target_dag.py
[2024-03-28T16:32:35.419+0000] {logging_mixin.py:188} INFO - [2024-03-28T16:32:35.408+0000] {override.py:1769} INFO - Created Permission View: can edit on DAG:example_trigger_target_dag
[2024-03-28T16:32:35.633+0000] {logging_mixin.py:188} INFO - [2024-03-28T16:32:35.584+0000] {override.py:1769} INFO - Created Permission View: can read on DAG:example_trigger_target_dag
[2024-03-28T16:32:35.946+0000] {logging_mixin.py:188} INFO - [2024-03-28T16:32:35.940+0000] {override.py:1769} INFO - Created Permission View: can delete on DAG:example_trigger_target_dag
[2024-03-28T16:32:35.972+0000] {logging_mixin.py:188} INFO - [2024-03-28T16:32:35.972+0000] {dag.py:3047} INFO - Sync 1 DAGs
[2024-03-28T16:32:36.287+0000] {logging_mixin.py:188} INFO - [2024-03-28T16:32:36.286+0000] {dag.py:3069} INFO - Creating ORM DAG for example_trigger_target_dag
[2024-03-28T16:32:36.295+0000] {logging_mixin.py:188} INFO - [2024-03-28T16:32:36.294+0000] {dag.py:3834} INFO - Setting next_dagrun for example_trigger_target_dag to None, run_after=None
[2024-03-28T16:32:36.556+0000] {processor.py:183} INFO - Processing /home/airflow/.local/lib/python3.8/site-packages/airflow/example_dags/example_trigger_target_dag.py took 9.247 seconds
[2024-03-28T16:36:17.422+0000] {processor.py:161} INFO - Started process (PID=232) to work on /home/airflow/.local/lib/python3.8/site-packages/airflow/example_dags/example_trigger_target_dag.py
[2024-03-28T16:36:17.475+0000] {processor.py:830} INFO - Processing file /home/airflow/.local/lib/python3.8/site-packages/airflow/example_dags/example_trigger_target_dag.py for tasks to queue
[2024-03-28T16:36:17.556+0000] {logging_mixin.py:188} INFO - [2024-03-28T16:36:17.555+0000] {dagbag.py:540} INFO - Filling up the DagBag from /home/airflow/.local/lib/python3.8/site-packages/airflow/example_dags/example_trigger_target_dag.py
[2024-03-28T16:36:17.937+0000] {processor.py:840} INFO - DAG(s) 'example_trigger_target_dag' retrieved from /home/airflow/.local/lib/python3.8/site-packages/airflow/example_dags/example_trigger_target_dag.py
[2024-03-28T16:36:18.708+0000] {logging_mixin.py:188} INFO - [2024-03-28T16:36:18.684+0000] {dag.py:3047} INFO - Sync 1 DAGs
[2024-03-28T16:36:19.708+0000] {logging_mixin.py:188} INFO - [2024-03-28T16:36:19.708+0000] {dag.py:3834} INFO - Setting next_dagrun for example_trigger_target_dag to None, run_after=None
[2024-03-28T16:36:20.672+0000] {processor.py:183} INFO - Processing /home/airflow/.local/lib/python3.8/site-packages/airflow/example_dags/example_trigger_target_dag.py took 3.718 seconds
[2024-03-28T16:38:33.598+0000] {processor.py:161} INFO - Started process (PID=300) to work on /home/airflow/.local/lib/python3.8/site-packages/airflow/example_dags/example_trigger_target_dag.py
[2024-03-28T16:38:33.625+0000] {processor.py:830} INFO - Processing file /home/airflow/.local/lib/python3.8/site-packages/airflow/example_dags/example_trigger_target_dag.py for tasks to queue
[2024-03-28T16:38:33.766+0000] {logging_mixin.py:188} INFO - [2024-03-28T16:38:33.764+0000] {dagbag.py:540} INFO - Filling up the DagBag from /home/airflow/.local/lib/python3.8/site-packages/airflow/example_dags/example_trigger_target_dag.py
[2024-03-28T16:38:34.406+0000] {processor.py:840} INFO - DAG(s) 'example_trigger_target_dag' retrieved from /home/airflow/.local/lib/python3.8/site-packages/airflow/example_dags/example_trigger_target_dag.py
[2024-03-28T16:38:36.472+0000] {logging_mixin.py:188} INFO - [2024-03-28T16:38:36.449+0000] {dag.py:3047} INFO - Sync 1 DAGs
[2024-03-28T16:38:37.712+0000] {logging_mixin.py:188} INFO - [2024-03-28T16:38:37.663+0000] {dag.py:3834} INFO - Setting next_dagrun for example_trigger_target_dag to None, run_after=None
[2024-03-28T16:38:38.159+0000] {processor.py:183} INFO - Processing /home/airflow/.local/lib/python3.8/site-packages/airflow/example_dags/example_trigger_target_dag.py took 4.887 seconds
[2024-03-28T16:41:25.138+0000] {processor.py:161} INFO - Started process (PID=368) to work on /home/airflow/.local/lib/python3.8/site-packages/airflow/example_dags/example_trigger_target_dag.py
[2024-03-28T16:41:25.149+0000] {processor.py:830} INFO - Processing file /home/airflow/.local/lib/python3.8/site-packages/airflow/example_dags/example_trigger_target_dag.py for tasks to queue
[2024-03-28T16:41:25.374+0000] {logging_mixin.py:188} INFO - [2024-03-28T16:41:25.371+0000] {dagbag.py:540} INFO - Filling up the DagBag from /home/airflow/.local/lib/python3.8/site-packages/airflow/example_dags/example_trigger_target_dag.py
[2024-03-28T16:41:26.875+0000] {processor.py:840} INFO - DAG(s) 'example_trigger_target_dag' retrieved from /home/airflow/.local/lib/python3.8/site-packages/airflow/example_dags/example_trigger_target_dag.py
[2024-03-28T16:41:28.369+0000] {logging_mixin.py:188} INFO - [2024-03-28T16:41:28.353+0000] {dag.py:3047} INFO - Sync 1 DAGs
[2024-03-28T16:41:29.315+0000] {logging_mixin.py:188} INFO - [2024-03-28T16:41:29.314+0000] {dag.py:3834} INFO - Setting next_dagrun for example_trigger_target_dag to None, run_after=None
[2024-03-28T16:41:30.832+0000] {processor.py:183} INFO - Processing /home/airflow/.local/lib/python3.8/site-packages/airflow/example_dags/example_trigger_target_dag.py took 6.457 seconds
[2024-03-28T16:44:32.621+0000] {processor.py:161} INFO - Started process (PID=445) to work on /home/airflow/.local/lib/python3.8/site-packages/airflow/example_dags/example_trigger_target_dag.py
[2024-03-28T16:44:32.661+0000] {processor.py:830} INFO - Processing file /home/airflow/.local/lib/python3.8/site-packages/airflow/example_dags/example_trigger_target_dag.py for tasks to queue
[2024-03-28T16:44:32.726+0000] {logging_mixin.py:188} INFO - [2024-03-28T16:44:32.701+0000] {dagbag.py:540} INFO - Filling up the DagBag from /home/airflow/.local/lib/python3.8/site-packages/airflow/example_dags/example_trigger_target_dag.py
[2024-03-28T16:44:32.914+0000] {processor.py:840} INFO - DAG(s) 'example_trigger_target_dag' retrieved from /home/airflow/.local/lib/python3.8/site-packages/airflow/example_dags/example_trigger_target_dag.py
[2024-03-28T16:44:33.640+0000] {logging_mixin.py:188} INFO - [2024-03-28T16:44:33.639+0000] {dag.py:3047} INFO - Sync 1 DAGs
[2024-03-28T16:44:36.527+0000] {logging_mixin.py:188} INFO - [2024-03-28T16:44:36.526+0000] {dag.py:3834} INFO - Setting next_dagrun for example_trigger_target_dag to None, run_after=None
[2024-03-28T16:44:41.437+0000] {processor.py:183} INFO - Processing /home/airflow/.local/lib/python3.8/site-packages/airflow/example_dags/example_trigger_target_dag.py took 8.910 seconds
[2024-03-28T17:06:07.413+0000] {processor.py:161} INFO - Started process (PID=72) to work on /home/airflow/.local/lib/python3.8/site-packages/airflow/example_dags/example_trigger_target_dag.py
[2024-03-28T17:06:07.424+0000] {processor.py:830} INFO - Processing file /home/airflow/.local/lib/python3.8/site-packages/airflow/example_dags/example_trigger_target_dag.py for tasks to queue
[2024-03-28T17:06:07.457+0000] {logging_mixin.py:188} INFO - [2024-03-28T17:06:07.456+0000] {dagbag.py:540} INFO - Filling up the DagBag from /home/airflow/.local/lib/python3.8/site-packages/airflow/example_dags/example_trigger_target_dag.py
[2024-03-28T17:06:07.500+0000] {processor.py:840} INFO - DAG(s) 'example_trigger_target_dag' retrieved from /home/airflow/.local/lib/python3.8/site-packages/airflow/example_dags/example_trigger_target_dag.py
[2024-03-28T17:06:08.387+0000] {logging_mixin.py:188} INFO - [2024-03-28T17:06:08.386+0000] {dag.py:3047} INFO - Sync 1 DAGs
[2024-03-28T17:06:08.509+0000] {logging_mixin.py:188} INFO - [2024-03-28T17:06:08.509+0000] {dag.py:3834} INFO - Setting next_dagrun for example_trigger_target_dag to None, run_after=None
[2024-03-28T17:06:08.665+0000] {processor.py:183} INFO - Processing /home/airflow/.local/lib/python3.8/site-packages/airflow/example_dags/example_trigger_target_dag.py took 1.309 seconds
[2024-03-28T17:07:33.638+0000] {processor.py:161} INFO - Started process (PID=133) to work on /home/airflow/.local/lib/python3.8/site-packages/airflow/example_dags/example_trigger_target_dag.py
[2024-03-28T17:07:33.724+0000] {processor.py:830} INFO - Processing file /home/airflow/.local/lib/python3.8/site-packages/airflow/example_dags/example_trigger_target_dag.py for tasks to queue
[2024-03-28T17:07:34.866+0000] {logging_mixin.py:188} INFO - [2024-03-28T17:07:34.865+0000] {dagbag.py:540} INFO - Filling up the DagBag from /home/airflow/.local/lib/python3.8/site-packages/airflow/example_dags/example_trigger_target_dag.py
[2024-03-28T17:07:37.237+0000] {processor.py:840} INFO - DAG(s) 'example_trigger_target_dag' retrieved from /home/airflow/.local/lib/python3.8/site-packages/airflow/example_dags/example_trigger_target_dag.py
[2024-03-28T17:07:38.716+0000] {logging_mixin.py:188} INFO - [2024-03-28T17:07:38.696+0000] {dag.py:3047} INFO - Sync 1 DAGs
[2024-03-28T17:07:39.374+0000] {logging_mixin.py:188} INFO - [2024-03-28T17:07:39.336+0000] {dag.py:3834} INFO - Setting next_dagrun for example_trigger_target_dag to None, run_after=None
[2024-03-28T17:07:40.144+0000] {processor.py:183} INFO - Processing /home/airflow/.local/lib/python3.8/site-packages/airflow/example_dags/example_trigger_target_dag.py took 7.118 seconds
[2024-03-28T17:08:20.097+0000] {processor.py:161} INFO - Started process (PID=194) to work on /home/airflow/.local/lib/python3.8/site-packages/airflow/example_dags/example_trigger_target_dag.py
[2024-03-28T17:08:20.142+0000] {processor.py:830} INFO - Processing file /home/airflow/.local/lib/python3.8/site-packages/airflow/example_dags/example_trigger_target_dag.py for tasks to queue
[2024-03-28T17:08:20.247+0000] {logging_mixin.py:188} INFO - [2024-03-28T17:08:20.206+0000] {dagbag.py:540} INFO - Filling up the DagBag from /home/airflow/.local/lib/python3.8/site-packages/airflow/example_dags/example_trigger_target_dag.py
[2024-03-28T17:08:20.494+0000] {processor.py:840} INFO - DAG(s) 'example_trigger_target_dag' retrieved from /home/airflow/.local/lib/python3.8/site-packages/airflow/example_dags/example_trigger_target_dag.py
[2024-03-28T17:08:20.818+0000] {logging_mixin.py:188} INFO - [2024-03-28T17:08:20.818+0000] {dag.py:3047} INFO - Sync 1 DAGs
[2024-03-28T17:08:21.220+0000] {logging_mixin.py:188} INFO - [2024-03-28T17:08:21.219+0000] {dag.py:3834} INFO - Setting next_dagrun for example_trigger_target_dag to None, run_after=None
[2024-03-28T17:08:22.147+0000] {processor.py:183} INFO - Processing /home/airflow/.local/lib/python3.8/site-packages/airflow/example_dags/example_trigger_target_dag.py took 2.232 seconds
[2024-03-28T17:09:13.454+0000] {processor.py:161} INFO - Started process (PID=254) to work on /home/airflow/.local/lib/python3.8/site-packages/airflow/example_dags/example_trigger_target_dag.py
[2024-03-28T17:09:13.466+0000] {processor.py:830} INFO - Processing file /home/airflow/.local/lib/python3.8/site-packages/airflow/example_dags/example_trigger_target_dag.py for tasks to queue
[2024-03-28T17:09:13.477+0000] {logging_mixin.py:188} INFO - [2024-03-28T17:09:13.477+0000] {dagbag.py:540} INFO - Filling up the DagBag from /home/airflow/.local/lib/python3.8/site-packages/airflow/example_dags/example_trigger_target_dag.py
[2024-03-28T17:09:13.551+0000] {processor.py:840} INFO - DAG(s) 'example_trigger_target_dag' retrieved from /home/airflow/.local/lib/python3.8/site-packages/airflow/example_dags/example_trigger_target_dag.py
[2024-03-28T17:09:14.039+0000] {logging_mixin.py:188} INFO - [2024-03-28T17:09:14.008+0000] {dag.py:3047} INFO - Sync 1 DAGs
[2024-03-28T17:09:15.041+0000] {logging_mixin.py:188} INFO - [2024-03-28T17:09:14.841+0000] {dag.py:3834} INFO - Setting next_dagrun for example_trigger_target_dag to None, run_after=None
[2024-03-28T17:09:16.049+0000] {processor.py:183} INFO - Processing /home/airflow/.local/lib/python3.8/site-packages/airflow/example_dags/example_trigger_target_dag.py took 2.616 seconds
[2024-03-28T17:10:57.686+0000] {processor.py:161} INFO - Started process (PID=330) to work on /home/airflow/.local/lib/python3.8/site-packages/airflow/example_dags/example_trigger_target_dag.py
[2024-03-28T17:10:57.693+0000] {processor.py:830} INFO - Processing file /home/airflow/.local/lib/python3.8/site-packages/airflow/example_dags/example_trigger_target_dag.py for tasks to queue
[2024-03-28T17:10:57.713+0000] {logging_mixin.py:188} INFO - [2024-03-28T17:10:57.706+0000] {dagbag.py:540} INFO - Filling up the DagBag from /home/airflow/.local/lib/python3.8/site-packages/airflow/example_dags/example_trigger_target_dag.py
[2024-03-28T17:10:57.837+0000] {processor.py:840} INFO - DAG(s) 'example_trigger_target_dag' retrieved from /home/airflow/.local/lib/python3.8/site-packages/airflow/example_dags/example_trigger_target_dag.py
[2024-03-28T17:10:58.196+0000] {logging_mixin.py:188} INFO - [2024-03-28T17:10:58.195+0000] {dag.py:3047} INFO - Sync 1 DAGs
[2024-03-28T17:10:58.327+0000] {logging_mixin.py:188} INFO - [2024-03-28T17:10:58.327+0000] {dag.py:3834} INFO - Setting next_dagrun for example_trigger_target_dag to None, run_after=None
[2024-03-28T17:10:58.575+0000] {processor.py:183} INFO - Processing /home/airflow/.local/lib/python3.8/site-packages/airflow/example_dags/example_trigger_target_dag.py took 0.912 seconds
[2024-03-28T17:11:53.531+0000] {processor.py:161} INFO - Started process (PID=393) to work on /home/airflow/.local/lib/python3.8/site-packages/airflow/example_dags/example_trigger_target_dag.py
[2024-03-28T17:11:53.553+0000] {processor.py:830} INFO - Processing file /home/airflow/.local/lib/python3.8/site-packages/airflow/example_dags/example_trigger_target_dag.py for tasks to queue
[2024-03-28T17:11:53.622+0000] {logging_mixin.py:188} INFO - [2024-03-28T17:11:53.588+0000] {dagbag.py:540} INFO - Filling up the DagBag from /home/airflow/.local/lib/python3.8/site-packages/airflow/example_dags/example_trigger_target_dag.py
[2024-03-28T17:11:53.669+0000] {processor.py:840} INFO - DAG(s) 'example_trigger_target_dag' retrieved from /home/airflow/.local/lib/python3.8/site-packages/airflow/example_dags/example_trigger_target_dag.py
[2024-03-28T17:11:53.874+0000] {logging_mixin.py:188} INFO - [2024-03-28T17:11:53.874+0000] {dag.py:3047} INFO - Sync 1 DAGs
[2024-03-28T17:11:53.920+0000] {logging_mixin.py:188} INFO - [2024-03-28T17:11:53.919+0000] {dag.py:3834} INFO - Setting next_dagrun for example_trigger_target_dag to None, run_after=None
[2024-03-28T17:11:54.219+0000] {processor.py:183} INFO - Processing /home/airflow/.local/lib/python3.8/site-packages/airflow/example_dags/example_trigger_target_dag.py took 0.721 seconds
[2024-03-28T17:12:36.844+0000] {processor.py:161} INFO - Started process (PID=447) to work on /home/airflow/.local/lib/python3.8/site-packages/airflow/example_dags/example_trigger_target_dag.py
[2024-03-28T17:12:36.851+0000] {processor.py:830} INFO - Processing file /home/airflow/.local/lib/python3.8/site-packages/airflow/example_dags/example_trigger_target_dag.py for tasks to queue
[2024-03-28T17:12:36.865+0000] {logging_mixin.py:188} INFO - [2024-03-28T17:12:36.864+0000] {dagbag.py:540} INFO - Filling up the DagBag from /home/airflow/.local/lib/python3.8/site-packages/airflow/example_dags/example_trigger_target_dag.py
[2024-03-28T17:12:36.914+0000] {processor.py:840} INFO - DAG(s) 'example_trigger_target_dag' retrieved from /home/airflow/.local/lib/python3.8/site-packages/airflow/example_dags/example_trigger_target_dag.py
[2024-03-28T17:12:37.084+0000] {logging_mixin.py:188} INFO - [2024-03-28T17:12:37.083+0000] {dag.py:3047} INFO - Sync 1 DAGs
[2024-03-28T17:12:37.203+0000] {logging_mixin.py:188} INFO - [2024-03-28T17:12:37.202+0000] {dag.py:3834} INFO - Setting next_dagrun for example_trigger_target_dag to None, run_after=None
[2024-03-28T17:12:37.393+0000] {processor.py:183} INFO - Processing /home/airflow/.local/lib/python3.8/site-packages/airflow/example_dags/example_trigger_target_dag.py took 0.568 seconds
[2024-03-28T17:13:08.062+0000] {processor.py:161} INFO - Started process (PID=503) to work on /home/airflow/.local/lib/python3.8/site-packages/airflow/example_dags/example_trigger_target_dag.py
[2024-03-28T17:13:08.066+0000] {processor.py:830} INFO - Processing file /home/airflow/.local/lib/python3.8/site-packages/airflow/example_dags/example_trigger_target_dag.py for tasks to queue
[2024-03-28T17:13:08.074+0000] {logging_mixin.py:188} INFO - [2024-03-28T17:13:08.072+0000] {dagbag.py:540} INFO - Filling up the DagBag from /home/airflow/.local/lib/python3.8/site-packages/airflow/example_dags/example_trigger_target_dag.py
[2024-03-28T17:13:08.089+0000] {processor.py:840} INFO - DAG(s) 'example_trigger_target_dag' retrieved from /home/airflow/.local/lib/python3.8/site-packages/airflow/example_dags/example_trigger_target_dag.py
[2024-03-28T17:13:08.136+0000] {logging_mixin.py:188} INFO - [2024-03-28T17:13:08.135+0000] {dag.py:3047} INFO - Sync 1 DAGs
[2024-03-28T17:13:08.178+0000] {logging_mixin.py:188} INFO - [2024-03-28T17:13:08.178+0000] {dag.py:3834} INFO - Setting next_dagrun for example_trigger_target_dag to None, run_after=None
[2024-03-28T17:13:08.227+0000] {processor.py:183} INFO - Processing /home/airflow/.local/lib/python3.8/site-packages/airflow/example_dags/example_trigger_target_dag.py took 0.176 seconds
[2024-03-28T17:13:41.214+0000] {processor.py:161} INFO - Started process (PID=558) to work on /home/airflow/.local/lib/python3.8/site-packages/airflow/example_dags/example_trigger_target_dag.py
[2024-03-28T17:13:41.235+0000] {processor.py:830} INFO - Processing file /home/airflow/.local/lib/python3.8/site-packages/airflow/example_dags/example_trigger_target_dag.py for tasks to queue
[2024-03-28T17:13:41.264+0000] {logging_mixin.py:188} INFO - [2024-03-28T17:13:41.250+0000] {dagbag.py:540} INFO - Filling up the DagBag from /home/airflow/.local/lib/python3.8/site-packages/airflow/example_dags/example_trigger_target_dag.py
[2024-03-28T17:13:41.287+0000] {processor.py:840} INFO - DAG(s) 'example_trigger_target_dag' retrieved from /home/airflow/.local/lib/python3.8/site-packages/airflow/example_dags/example_trigger_target_dag.py
[2024-03-28T17:13:41.389+0000] {logging_mixin.py:188} INFO - [2024-03-28T17:13:41.388+0000] {dag.py:3047} INFO - Sync 1 DAGs
[2024-03-28T17:13:41.444+0000] {logging_mixin.py:188} INFO - [2024-03-28T17:13:41.443+0000] {dag.py:3834} INFO - Setting next_dagrun for example_trigger_target_dag to None, run_after=None
[2024-03-28T17:13:41.590+0000] {processor.py:183} INFO - Processing /home/airflow/.local/lib/python3.8/site-packages/airflow/example_dags/example_trigger_target_dag.py took 0.391 seconds
[2024-03-28T17:14:20.026+0000] {processor.py:161} INFO - Started process (PID=607) to work on /home/airflow/.local/lib/python3.8/site-packages/airflow/example_dags/example_trigger_target_dag.py
[2024-03-28T17:14:20.030+0000] {processor.py:830} INFO - Processing file /home/airflow/.local/lib/python3.8/site-packages/airflow/example_dags/example_trigger_target_dag.py for tasks to queue
[2024-03-28T17:14:20.038+0000] {logging_mixin.py:188} INFO - [2024-03-28T17:14:20.036+0000] {dagbag.py:540} INFO - Filling up the DagBag from /home/airflow/.local/lib/python3.8/site-packages/airflow/example_dags/example_trigger_target_dag.py
[2024-03-28T17:14:20.054+0000] {processor.py:840} INFO - DAG(s) 'example_trigger_target_dag' retrieved from /home/airflow/.local/lib/python3.8/site-packages/airflow/example_dags/example_trigger_target_dag.py
[2024-03-28T17:14:20.110+0000] {logging_mixin.py:188} INFO - [2024-03-28T17:14:20.110+0000] {dag.py:3047} INFO - Sync 1 DAGs
[2024-03-28T17:14:20.143+0000] {logging_mixin.py:188} INFO - [2024-03-28T17:14:20.143+0000] {dag.py:3834} INFO - Setting next_dagrun for example_trigger_target_dag to None, run_after=None
[2024-03-28T17:14:20.198+0000] {processor.py:183} INFO - Processing /home/airflow/.local/lib/python3.8/site-packages/airflow/example_dags/example_trigger_target_dag.py took 0.179 seconds
[2024-03-28T17:14:52.553+0000] {processor.py:161} INFO - Started process (PID=661) to work on /home/airflow/.local/lib/python3.8/site-packages/airflow/example_dags/example_trigger_target_dag.py
[2024-03-28T17:14:52.563+0000] {processor.py:830} INFO - Processing file /home/airflow/.local/lib/python3.8/site-packages/airflow/example_dags/example_trigger_target_dag.py for tasks to queue
[2024-03-28T17:14:52.570+0000] {logging_mixin.py:188} INFO - [2024-03-28T17:14:52.569+0000] {dagbag.py:540} INFO - Filling up the DagBag from /home/airflow/.local/lib/python3.8/site-packages/airflow/example_dags/example_trigger_target_dag.py
[2024-03-28T17:14:52.608+0000] {processor.py:840} INFO - DAG(s) 'example_trigger_target_dag' retrieved from /home/airflow/.local/lib/python3.8/site-packages/airflow/example_dags/example_trigger_target_dag.py
[2024-03-28T17:14:52.734+0000] {logging_mixin.py:188} INFO - [2024-03-28T17:14:52.733+0000] {dag.py:3047} INFO - Sync 1 DAGs
[2024-03-28T17:14:52.781+0000] {logging_mixin.py:188} INFO - [2024-03-28T17:14:52.780+0000] {dag.py:3834} INFO - Setting next_dagrun for example_trigger_target_dag to None, run_after=None
[2024-03-28T17:14:52.919+0000] {processor.py:183} INFO - Processing /home/airflow/.local/lib/python3.8/site-packages/airflow/example_dags/example_trigger_target_dag.py took 0.399 seconds
[2024-03-28T17:15:32.150+0000] {processor.py:161} INFO - Started process (PID=717) to work on /home/airflow/.local/lib/python3.8/site-packages/airflow/example_dags/example_trigger_target_dag.py
[2024-03-28T17:15:32.162+0000] {processor.py:830} INFO - Processing file /home/airflow/.local/lib/python3.8/site-packages/airflow/example_dags/example_trigger_target_dag.py for tasks to queue
[2024-03-28T17:15:32.167+0000] {logging_mixin.py:188} INFO - [2024-03-28T17:15:32.167+0000] {dagbag.py:540} INFO - Filling up the DagBag from /home/airflow/.local/lib/python3.8/site-packages/airflow/example_dags/example_trigger_target_dag.py
[2024-03-28T17:15:32.218+0000] {processor.py:840} INFO - DAG(s) 'example_trigger_target_dag' retrieved from /home/airflow/.local/lib/python3.8/site-packages/airflow/example_dags/example_trigger_target_dag.py
[2024-03-28T17:15:32.384+0000] {logging_mixin.py:188} INFO - [2024-03-28T17:15:32.383+0000] {dag.py:3047} INFO - Sync 1 DAGs
[2024-03-28T17:15:32.508+0000] {logging_mixin.py:188} INFO - [2024-03-28T17:15:32.507+0000] {dag.py:3834} INFO - Setting next_dagrun for example_trigger_target_dag to None, run_after=None
[2024-03-28T17:15:32.650+0000] {processor.py:183} INFO - Processing /home/airflow/.local/lib/python3.8/site-packages/airflow/example_dags/example_trigger_target_dag.py took 0.525 seconds
[2024-03-28T17:16:03.221+0000] {processor.py:161} INFO - Started process (PID=772) to work on /home/airflow/.local/lib/python3.8/site-packages/airflow/example_dags/example_trigger_target_dag.py
[2024-03-28T17:16:03.226+0000] {processor.py:830} INFO - Processing file /home/airflow/.local/lib/python3.8/site-packages/airflow/example_dags/example_trigger_target_dag.py for tasks to queue
[2024-03-28T17:16:03.236+0000] {logging_mixin.py:188} INFO - [2024-03-28T17:16:03.234+0000] {dagbag.py:540} INFO - Filling up the DagBag from /home/airflow/.local/lib/python3.8/site-packages/airflow/example_dags/example_trigger_target_dag.py
[2024-03-28T17:16:03.275+0000] {processor.py:840} INFO - DAG(s) 'example_trigger_target_dag' retrieved from /home/airflow/.local/lib/python3.8/site-packages/airflow/example_dags/example_trigger_target_dag.py
[2024-03-28T17:16:03.415+0000] {logging_mixin.py:188} INFO - [2024-03-28T17:16:03.414+0000] {dag.py:3047} INFO - Sync 1 DAGs
[2024-03-28T17:16:03.487+0000] {logging_mixin.py:188} INFO - [2024-03-28T17:16:03.487+0000] {dag.py:3834} INFO - Setting next_dagrun for example_trigger_target_dag to None, run_after=None
[2024-03-28T17:16:03.572+0000] {processor.py:183} INFO - Processing /home/airflow/.local/lib/python3.8/site-packages/airflow/example_dags/example_trigger_target_dag.py took 0.377 seconds
[2024-03-28T17:16:39.698+0000] {processor.py:161} INFO - Started process (PID=827) to work on /home/airflow/.local/lib/python3.8/site-packages/airflow/example_dags/example_trigger_target_dag.py
[2024-03-28T17:16:39.725+0000] {processor.py:830} INFO - Processing file /home/airflow/.local/lib/python3.8/site-packages/airflow/example_dags/example_trigger_target_dag.py for tasks to queue
[2024-03-28T17:16:39.758+0000] {logging_mixin.py:188} INFO - [2024-03-28T17:16:39.756+0000] {dagbag.py:540} INFO - Filling up the DagBag from /home/airflow/.local/lib/python3.8/site-packages/airflow/example_dags/example_trigger_target_dag.py
[2024-03-28T17:16:39.803+0000] {processor.py:840} INFO - DAG(s) 'example_trigger_target_dag' retrieved from /home/airflow/.local/lib/python3.8/site-packages/airflow/example_dags/example_trigger_target_dag.py
[2024-03-28T17:16:40.114+0000] {logging_mixin.py:188} INFO - [2024-03-28T17:16:40.114+0000] {dag.py:3047} INFO - Sync 1 DAGs
[2024-03-28T17:16:40.325+0000] {logging_mixin.py:188} INFO - [2024-03-28T17:16:40.324+0000] {dag.py:3834} INFO - Setting next_dagrun for example_trigger_target_dag to None, run_after=None
[2024-03-28T17:16:40.519+0000] {processor.py:183} INFO - Processing /home/airflow/.local/lib/python3.8/site-packages/airflow/example_dags/example_trigger_target_dag.py took 0.837 seconds
[2024-03-28T17:17:12.240+0000] {processor.py:161} INFO - Started process (PID=882) to work on /home/airflow/.local/lib/python3.8/site-packages/airflow/example_dags/example_trigger_target_dag.py
[2024-03-28T17:17:12.283+0000] {processor.py:830} INFO - Processing file /home/airflow/.local/lib/python3.8/site-packages/airflow/example_dags/example_trigger_target_dag.py for tasks to queue
[2024-03-28T17:17:12.304+0000] {logging_mixin.py:188} INFO - [2024-03-28T17:17:12.304+0000] {dagbag.py:540} INFO - Filling up the DagBag from /home/airflow/.local/lib/python3.8/site-packages/airflow/example_dags/example_trigger_target_dag.py
[2024-03-28T17:17:12.397+0000] {processor.py:840} INFO - DAG(s) 'example_trigger_target_dag' retrieved from /home/airflow/.local/lib/python3.8/site-packages/airflow/example_dags/example_trigger_target_dag.py
[2024-03-28T17:17:12.607+0000] {logging_mixin.py:188} INFO - [2024-03-28T17:17:12.607+0000] {dag.py:3047} INFO - Sync 1 DAGs
[2024-03-28T17:17:12.818+0000] {logging_mixin.py:188} INFO - [2024-03-28T17:17:12.817+0000] {dag.py:3834} INFO - Setting next_dagrun for example_trigger_target_dag to None, run_after=None
[2024-03-28T17:17:14.294+0000] {processor.py:183} INFO - Processing /home/airflow/.local/lib/python3.8/site-packages/airflow/example_dags/example_trigger_target_dag.py took 2.145 seconds
[2024-03-28T17:18:19.860+0000] {processor.py:161} INFO - Started process (PID=950) to work on /home/airflow/.local/lib/python3.8/site-packages/airflow/example_dags/example_trigger_target_dag.py
[2024-03-28T17:18:19.932+0000] {processor.py:830} INFO - Processing file /home/airflow/.local/lib/python3.8/site-packages/airflow/example_dags/example_trigger_target_dag.py for tasks to queue
[2024-03-28T17:18:19.987+0000] {logging_mixin.py:188} INFO - [2024-03-28T17:18:19.970+0000] {dagbag.py:540} INFO - Filling up the DagBag from /home/airflow/.local/lib/python3.8/site-packages/airflow/example_dags/example_trigger_target_dag.py
[2024-03-28T17:18:20.050+0000] {processor.py:840} INFO - DAG(s) 'example_trigger_target_dag' retrieved from /home/airflow/.local/lib/python3.8/site-packages/airflow/example_dags/example_trigger_target_dag.py
[2024-03-28T17:18:20.199+0000] {logging_mixin.py:188} INFO - [2024-03-28T17:18:20.198+0000] {dag.py:3047} INFO - Sync 1 DAGs
[2024-03-28T17:18:20.315+0000] {logging_mixin.py:188} INFO - [2024-03-28T17:18:20.314+0000] {dag.py:3834} INFO - Setting next_dagrun for example_trigger_target_dag to None, run_after=None
[2024-03-28T17:18:20.560+0000] {processor.py:183} INFO - Processing /home/airflow/.local/lib/python3.8/site-packages/airflow/example_dags/example_trigger_target_dag.py took 0.760 seconds
[2024-03-28T17:18:56.322+0000] {processor.py:161} INFO - Started process (PID=998) to work on /home/airflow/.local/lib/python3.8/site-packages/airflow/example_dags/example_trigger_target_dag.py
[2024-03-28T17:18:56.335+0000] {processor.py:830} INFO - Processing file /home/airflow/.local/lib/python3.8/site-packages/airflow/example_dags/example_trigger_target_dag.py for tasks to queue
[2024-03-28T17:18:56.344+0000] {logging_mixin.py:188} INFO - [2024-03-28T17:18:56.342+0000] {dagbag.py:540} INFO - Filling up the DagBag from /home/airflow/.local/lib/python3.8/site-packages/airflow/example_dags/example_trigger_target_dag.py
[2024-03-28T17:18:56.378+0000] {processor.py:840} INFO - DAG(s) 'example_trigger_target_dag' retrieved from /home/airflow/.local/lib/python3.8/site-packages/airflow/example_dags/example_trigger_target_dag.py
[2024-03-28T17:18:56.451+0000] {logging_mixin.py:188} INFO - [2024-03-28T17:18:56.451+0000] {dag.py:3047} INFO - Sync 1 DAGs
[2024-03-28T17:18:56.504+0000] {logging_mixin.py:188} INFO - [2024-03-28T17:18:56.503+0000] {dag.py:3834} INFO - Setting next_dagrun for example_trigger_target_dag to None, run_after=None
[2024-03-28T17:18:56.577+0000] {processor.py:183} INFO - Processing /home/airflow/.local/lib/python3.8/site-packages/airflow/example_dags/example_trigger_target_dag.py took 0.269 seconds
[2024-03-28T17:19:28.758+0000] {processor.py:161} INFO - Started process (PID=1053) to work on /home/airflow/.local/lib/python3.8/site-packages/airflow/example_dags/example_trigger_target_dag.py
[2024-03-28T17:19:28.765+0000] {processor.py:830} INFO - Processing file /home/airflow/.local/lib/python3.8/site-packages/airflow/example_dags/example_trigger_target_dag.py for tasks to queue
[2024-03-28T17:19:28.770+0000] {logging_mixin.py:188} INFO - [2024-03-28T17:19:28.769+0000] {dagbag.py:540} INFO - Filling up the DagBag from /home/airflow/.local/lib/python3.8/site-packages/airflow/example_dags/example_trigger_target_dag.py
[2024-03-28T17:19:28.785+0000] {processor.py:840} INFO - DAG(s) 'example_trigger_target_dag' retrieved from /home/airflow/.local/lib/python3.8/site-packages/airflow/example_dags/example_trigger_target_dag.py
[2024-03-28T17:19:28.865+0000] {logging_mixin.py:188} INFO - [2024-03-28T17:19:28.864+0000] {dag.py:3047} INFO - Sync 1 DAGs
[2024-03-28T17:19:28.915+0000] {logging_mixin.py:188} INFO - [2024-03-28T17:19:28.915+0000] {dag.py:3834} INFO - Setting next_dagrun for example_trigger_target_dag to None, run_after=None
[2024-03-28T17:19:28.973+0000] {processor.py:183} INFO - Processing /home/airflow/.local/lib/python3.8/site-packages/airflow/example_dags/example_trigger_target_dag.py took 0.224 seconds
[2024-03-28T17:20:05.524+0000] {processor.py:161} INFO - Started process (PID=1114) to work on /home/airflow/.local/lib/python3.8/site-packages/airflow/example_dags/example_trigger_target_dag.py
[2024-03-28T17:20:05.533+0000] {processor.py:830} INFO - Processing file /home/airflow/.local/lib/python3.8/site-packages/airflow/example_dags/example_trigger_target_dag.py for tasks to queue
[2024-03-28T17:20:05.544+0000] {logging_mixin.py:188} INFO - [2024-03-28T17:20:05.543+0000] {dagbag.py:540} INFO - Filling up the DagBag from /home/airflow/.local/lib/python3.8/site-packages/airflow/example_dags/example_trigger_target_dag.py
[2024-03-28T17:20:05.575+0000] {processor.py:840} INFO - DAG(s) 'example_trigger_target_dag' retrieved from /home/airflow/.local/lib/python3.8/site-packages/airflow/example_dags/example_trigger_target_dag.py
[2024-03-28T17:20:05.747+0000] {logging_mixin.py:188} INFO - [2024-03-28T17:20:05.745+0000] {dag.py:3047} INFO - Sync 1 DAGs
[2024-03-28T17:20:05.861+0000] {logging_mixin.py:188} INFO - [2024-03-28T17:20:05.860+0000] {dag.py:3834} INFO - Setting next_dagrun for example_trigger_target_dag to None, run_after=None
[2024-03-28T17:20:05.942+0000] {processor.py:183} INFO - Processing /home/airflow/.local/lib/python3.8/site-packages/airflow/example_dags/example_trigger_target_dag.py took 0.438 seconds
[2024-03-28T17:20:37.861+0000] {processor.py:161} INFO - Started process (PID=1168) to work on /home/airflow/.local/lib/python3.8/site-packages/airflow/example_dags/example_trigger_target_dag.py
[2024-03-28T17:20:37.873+0000] {processor.py:830} INFO - Processing file /home/airflow/.local/lib/python3.8/site-packages/airflow/example_dags/example_trigger_target_dag.py for tasks to queue
[2024-03-28T17:20:37.894+0000] {logging_mixin.py:188} INFO - [2024-03-28T17:20:37.888+0000] {dagbag.py:540} INFO - Filling up the DagBag from /home/airflow/.local/lib/python3.8/site-packages/airflow/example_dags/example_trigger_target_dag.py
[2024-03-28T17:20:37.935+0000] {processor.py:840} INFO - DAG(s) 'example_trigger_target_dag' retrieved from /home/airflow/.local/lib/python3.8/site-packages/airflow/example_dags/example_trigger_target_dag.py
[2024-03-28T17:20:38.301+0000] {logging_mixin.py:188} INFO - [2024-03-28T17:20:38.301+0000] {dag.py:3047} INFO - Sync 1 DAGs
[2024-03-28T17:20:38.515+0000] {logging_mixin.py:188} INFO - [2024-03-28T17:20:38.506+0000] {dag.py:3834} INFO - Setting next_dagrun for example_trigger_target_dag to None, run_after=None
[2024-03-28T17:20:38.720+0000] {processor.py:183} INFO - Processing /home/airflow/.local/lib/python3.8/site-packages/airflow/example_dags/example_trigger_target_dag.py took 0.872 seconds
[2024-03-28T17:21:09.106+0000] {processor.py:161} INFO - Started process (PID=1223) to work on /home/airflow/.local/lib/python3.8/site-packages/airflow/example_dags/example_trigger_target_dag.py
[2024-03-28T17:21:09.125+0000] {processor.py:830} INFO - Processing file /home/airflow/.local/lib/python3.8/site-packages/airflow/example_dags/example_trigger_target_dag.py for tasks to queue
[2024-03-28T17:21:09.159+0000] {logging_mixin.py:188} INFO - [2024-03-28T17:21:09.150+0000] {dagbag.py:540} INFO - Filling up the DagBag from /home/airflow/.local/lib/python3.8/site-packages/airflow/example_dags/example_trigger_target_dag.py
[2024-03-28T17:21:09.191+0000] {processor.py:840} INFO - DAG(s) 'example_trigger_target_dag' retrieved from /home/airflow/.local/lib/python3.8/site-packages/airflow/example_dags/example_trigger_target_dag.py
[2024-03-28T17:21:09.275+0000] {logging_mixin.py:188} INFO - [2024-03-28T17:21:09.275+0000] {dag.py:3047} INFO - Sync 1 DAGs
[2024-03-28T17:21:09.370+0000] {logging_mixin.py:188} INFO - [2024-03-28T17:21:09.369+0000] {dag.py:3834} INFO - Setting next_dagrun for example_trigger_target_dag to None, run_after=None
[2024-03-28T17:21:09.455+0000] {processor.py:183} INFO - Processing /home/airflow/.local/lib/python3.8/site-packages/airflow/example_dags/example_trigger_target_dag.py took 0.364 seconds
[2024-03-28T17:21:39.659+0000] {processor.py:161} INFO - Started process (PID=1278) to work on /home/airflow/.local/lib/python3.8/site-packages/airflow/example_dags/example_trigger_target_dag.py
[2024-03-28T17:21:39.663+0000] {processor.py:830} INFO - Processing file /home/airflow/.local/lib/python3.8/site-packages/airflow/example_dags/example_trigger_target_dag.py for tasks to queue
[2024-03-28T17:21:39.675+0000] {logging_mixin.py:188} INFO - [2024-03-28T17:21:39.673+0000] {dagbag.py:540} INFO - Filling up the DagBag from /home/airflow/.local/lib/python3.8/site-packages/airflow/example_dags/example_trigger_target_dag.py
[2024-03-28T17:21:39.697+0000] {processor.py:840} INFO - DAG(s) 'example_trigger_target_dag' retrieved from /home/airflow/.local/lib/python3.8/site-packages/airflow/example_dags/example_trigger_target_dag.py
[2024-03-28T17:21:39.782+0000] {logging_mixin.py:188} INFO - [2024-03-28T17:21:39.782+0000] {dag.py:3047} INFO - Sync 1 DAGs
[2024-03-28T17:21:39.820+0000] {logging_mixin.py:188} INFO - [2024-03-28T17:21:39.820+0000] {dag.py:3834} INFO - Setting next_dagrun for example_trigger_target_dag to None, run_after=None
[2024-03-28T17:21:39.873+0000] {processor.py:183} INFO - Processing /home/airflow/.local/lib/python3.8/site-packages/airflow/example_dags/example_trigger_target_dag.py took 0.234 seconds
[2024-03-28T17:22:10.448+0000] {processor.py:161} INFO - Started process (PID=1334) to work on /home/airflow/.local/lib/python3.8/site-packages/airflow/example_dags/example_trigger_target_dag.py
[2024-03-28T17:22:10.455+0000] {processor.py:830} INFO - Processing file /home/airflow/.local/lib/python3.8/site-packages/airflow/example_dags/example_trigger_target_dag.py for tasks to queue
[2024-03-28T17:22:10.461+0000] {logging_mixin.py:188} INFO - [2024-03-28T17:22:10.460+0000] {dagbag.py:540} INFO - Filling up the DagBag from /home/airflow/.local/lib/python3.8/site-packages/airflow/example_dags/example_trigger_target_dag.py
[2024-03-28T17:22:10.478+0000] {processor.py:840} INFO - DAG(s) 'example_trigger_target_dag' retrieved from /home/airflow/.local/lib/python3.8/site-packages/airflow/example_dags/example_trigger_target_dag.py
[2024-03-28T17:22:10.538+0000] {logging_mixin.py:188} INFO - [2024-03-28T17:22:10.538+0000] {dag.py:3047} INFO - Sync 1 DAGs
[2024-03-28T17:22:10.583+0000] {logging_mixin.py:188} INFO - [2024-03-28T17:22:10.582+0000] {dag.py:3834} INFO - Setting next_dagrun for example_trigger_target_dag to None, run_after=None
[2024-03-28T17:22:10.652+0000] {processor.py:183} INFO - Processing /home/airflow/.local/lib/python3.8/site-packages/airflow/example_dags/example_trigger_target_dag.py took 0.216 seconds
[2024-03-28T17:23:02.129+0000] {processor.py:161} INFO - Started process (PID=1399) to work on /home/airflow/.local/lib/python3.8/site-packages/airflow/example_dags/example_trigger_target_dag.py
[2024-03-28T17:23:02.134+0000] {processor.py:830} INFO - Processing file /home/airflow/.local/lib/python3.8/site-packages/airflow/example_dags/example_trigger_target_dag.py for tasks to queue
[2024-03-28T17:23:02.145+0000] {logging_mixin.py:188} INFO - [2024-03-28T17:23:02.140+0000] {dagbag.py:540} INFO - Filling up the DagBag from /home/airflow/.local/lib/python3.8/site-packages/airflow/example_dags/example_trigger_target_dag.py
[2024-03-28T17:23:02.165+0000] {processor.py:840} INFO - DAG(s) 'example_trigger_target_dag' retrieved from /home/airflow/.local/lib/python3.8/site-packages/airflow/example_dags/example_trigger_target_dag.py
[2024-03-28T17:23:02.258+0000] {logging_mixin.py:188} INFO - [2024-03-28T17:23:02.257+0000] {dag.py:3047} INFO - Sync 1 DAGs
[2024-03-28T17:23:02.322+0000] {logging_mixin.py:188} INFO - [2024-03-28T17:23:02.321+0000] {dag.py:3834} INFO - Setting next_dagrun for example_trigger_target_dag to None, run_after=None
[2024-03-28T17:23:02.389+0000] {processor.py:183} INFO - Processing /home/airflow/.local/lib/python3.8/site-packages/airflow/example_dags/example_trigger_target_dag.py took 0.275 seconds
[2024-03-28T17:23:33.422+0000] {processor.py:161} INFO - Started process (PID=1454) to work on /home/airflow/.local/lib/python3.8/site-packages/airflow/example_dags/example_trigger_target_dag.py
[2024-03-28T17:23:33.427+0000] {processor.py:830} INFO - Processing file /home/airflow/.local/lib/python3.8/site-packages/airflow/example_dags/example_trigger_target_dag.py for tasks to queue
[2024-03-28T17:23:33.435+0000] {logging_mixin.py:188} INFO - [2024-03-28T17:23:33.433+0000] {dagbag.py:540} INFO - Filling up the DagBag from /home/airflow/.local/lib/python3.8/site-packages/airflow/example_dags/example_trigger_target_dag.py
[2024-03-28T17:23:33.457+0000] {processor.py:840} INFO - DAG(s) 'example_trigger_target_dag' retrieved from /home/airflow/.local/lib/python3.8/site-packages/airflow/example_dags/example_trigger_target_dag.py
[2024-03-28T17:23:33.538+0000] {logging_mixin.py:188} INFO - [2024-03-28T17:23:33.537+0000] {dag.py:3047} INFO - Sync 1 DAGs
[2024-03-28T17:23:33.582+0000] {logging_mixin.py:188} INFO - [2024-03-28T17:23:33.581+0000] {dag.py:3834} INFO - Setting next_dagrun for example_trigger_target_dag to None, run_after=None
[2024-03-28T17:23:33.670+0000] {processor.py:183} INFO - Processing /home/airflow/.local/lib/python3.8/site-packages/airflow/example_dags/example_trigger_target_dag.py took 0.267 seconds
[2024-03-28T17:24:10.410+0000] {processor.py:161} INFO - Started process (PID=1518) to work on /home/airflow/.local/lib/python3.8/site-packages/airflow/example_dags/example_trigger_target_dag.py
[2024-03-28T17:24:10.416+0000] {processor.py:830} INFO - Processing file /home/airflow/.local/lib/python3.8/site-packages/airflow/example_dags/example_trigger_target_dag.py for tasks to queue
[2024-03-28T17:24:10.430+0000] {logging_mixin.py:188} INFO - [2024-03-28T17:24:10.428+0000] {dagbag.py:540} INFO - Filling up the DagBag from /home/airflow/.local/lib/python3.8/site-packages/airflow/example_dags/example_trigger_target_dag.py
[2024-03-28T17:24:10.470+0000] {processor.py:840} INFO - DAG(s) 'example_trigger_target_dag' retrieved from /home/airflow/.local/lib/python3.8/site-packages/airflow/example_dags/example_trigger_target_dag.py
[2024-03-28T17:24:10.579+0000] {logging_mixin.py:188} INFO - [2024-03-28T17:24:10.578+0000] {dag.py:3047} INFO - Sync 1 DAGs
[2024-03-28T17:24:10.678+0000] {logging_mixin.py:188} INFO - [2024-03-28T17:24:10.678+0000] {dag.py:3834} INFO - Setting next_dagrun for example_trigger_target_dag to None, run_after=None
[2024-03-28T17:24:10.755+0000] {processor.py:183} INFO - Processing /home/airflow/.local/lib/python3.8/site-packages/airflow/example_dags/example_trigger_target_dag.py took 0.357 seconds
[2024-03-28T17:24:47.468+0000] {processor.py:161} INFO - Started process (PID=1571) to work on /home/airflow/.local/lib/python3.8/site-packages/airflow/example_dags/example_trigger_target_dag.py
[2024-03-28T17:24:47.473+0000] {processor.py:830} INFO - Processing file /home/airflow/.local/lib/python3.8/site-packages/airflow/example_dags/example_trigger_target_dag.py for tasks to queue
[2024-03-28T17:24:47.487+0000] {logging_mixin.py:188} INFO - [2024-03-28T17:24:47.486+0000] {dagbag.py:540} INFO - Filling up the DagBag from /home/airflow/.local/lib/python3.8/site-packages/airflow/example_dags/example_trigger_target_dag.py
[2024-03-28T17:24:47.534+0000] {processor.py:840} INFO - DAG(s) 'example_trigger_target_dag' retrieved from /home/airflow/.local/lib/python3.8/site-packages/airflow/example_dags/example_trigger_target_dag.py
[2024-03-28T17:24:47.607+0000] {logging_mixin.py:188} INFO - [2024-03-28T17:24:47.607+0000] {dag.py:3047} INFO - Sync 1 DAGs
[2024-03-28T17:24:47.649+0000] {logging_mixin.py:188} INFO - [2024-03-28T17:24:47.649+0000] {dag.py:3834} INFO - Setting next_dagrun for example_trigger_target_dag to None, run_after=None
[2024-03-28T17:24:47.722+0000] {processor.py:183} INFO - Processing /home/airflow/.local/lib/python3.8/site-packages/airflow/example_dags/example_trigger_target_dag.py took 0.270 seconds
[2024-03-28T17:25:22.032+0000] {processor.py:161} INFO - Started process (PID=1626) to work on /home/airflow/.local/lib/python3.8/site-packages/airflow/example_dags/example_trigger_target_dag.py
[2024-03-28T17:25:22.038+0000] {processor.py:830} INFO - Processing file /home/airflow/.local/lib/python3.8/site-packages/airflow/example_dags/example_trigger_target_dag.py for tasks to queue
[2024-03-28T17:25:22.061+0000] {logging_mixin.py:188} INFO - [2024-03-28T17:25:22.060+0000] {dagbag.py:540} INFO - Filling up the DagBag from /home/airflow/.local/lib/python3.8/site-packages/airflow/example_dags/example_trigger_target_dag.py
[2024-03-28T17:25:22.118+0000] {processor.py:840} INFO - DAG(s) 'example_trigger_target_dag' retrieved from /home/airflow/.local/lib/python3.8/site-packages/airflow/example_dags/example_trigger_target_dag.py
[2024-03-28T17:25:22.387+0000] {logging_mixin.py:188} INFO - [2024-03-28T17:25:22.364+0000] {dag.py:3047} INFO - Sync 1 DAGs
[2024-03-28T17:25:22.544+0000] {logging_mixin.py:188} INFO - [2024-03-28T17:25:22.543+0000] {dag.py:3834} INFO - Setting next_dagrun for example_trigger_target_dag to None, run_after=None
[2024-03-28T17:25:22.851+0000] {processor.py:183} INFO - Processing /home/airflow/.local/lib/python3.8/site-packages/airflow/example_dags/example_trigger_target_dag.py took 0.845 seconds
[2024-03-28T17:25:53.222+0000] {processor.py:161} INFO - Started process (PID=1681) to work on /home/airflow/.local/lib/python3.8/site-packages/airflow/example_dags/example_trigger_target_dag.py
[2024-03-28T17:25:53.256+0000] {processor.py:830} INFO - Processing file /home/airflow/.local/lib/python3.8/site-packages/airflow/example_dags/example_trigger_target_dag.py for tasks to queue
[2024-03-28T17:25:53.278+0000] {logging_mixin.py:188} INFO - [2024-03-28T17:25:53.276+0000] {dagbag.py:540} INFO - Filling up the DagBag from /home/airflow/.local/lib/python3.8/site-packages/airflow/example_dags/example_trigger_target_dag.py
[2024-03-28T17:25:53.358+0000] {processor.py:840} INFO - DAG(s) 'example_trigger_target_dag' retrieved from /home/airflow/.local/lib/python3.8/site-packages/airflow/example_dags/example_trigger_target_dag.py
[2024-03-28T17:25:53.440+0000] {logging_mixin.py:188} INFO - [2024-03-28T17:25:53.440+0000] {dag.py:3047} INFO - Sync 1 DAGs
[2024-03-28T17:25:53.493+0000] {logging_mixin.py:188} INFO - [2024-03-28T17:25:53.492+0000] {dag.py:3834} INFO - Setting next_dagrun for example_trigger_target_dag to None, run_after=None
[2024-03-28T17:25:53.609+0000] {processor.py:183} INFO - Processing /home/airflow/.local/lib/python3.8/site-packages/airflow/example_dags/example_trigger_target_dag.py took 0.433 seconds
[2024-03-28T17:26:23.847+0000] {processor.py:161} INFO - Started process (PID=1736) to work on /home/airflow/.local/lib/python3.8/site-packages/airflow/example_dags/example_trigger_target_dag.py
[2024-03-28T17:26:23.853+0000] {processor.py:830} INFO - Processing file /home/airflow/.local/lib/python3.8/site-packages/airflow/example_dags/example_trigger_target_dag.py for tasks to queue
[2024-03-28T17:26:23.864+0000] {logging_mixin.py:188} INFO - [2024-03-28T17:26:23.860+0000] {dagbag.py:540} INFO - Filling up the DagBag from /home/airflow/.local/lib/python3.8/site-packages/airflow/example_dags/example_trigger_target_dag.py
[2024-03-28T17:26:23.903+0000] {processor.py:840} INFO - DAG(s) 'example_trigger_target_dag' retrieved from /home/airflow/.local/lib/python3.8/site-packages/airflow/example_dags/example_trigger_target_dag.py
[2024-03-28T17:26:24.006+0000] {logging_mixin.py:188} INFO - [2024-03-28T17:26:24.006+0000] {dag.py:3047} INFO - Sync 1 DAGs
[2024-03-28T17:26:24.057+0000] {logging_mixin.py:188} INFO - [2024-03-28T17:26:24.056+0000] {dag.py:3834} INFO - Setting next_dagrun for example_trigger_target_dag to None, run_after=None
[2024-03-28T17:26:24.135+0000] {processor.py:183} INFO - Processing /home/airflow/.local/lib/python3.8/site-packages/airflow/example_dags/example_trigger_target_dag.py took 0.308 seconds
[2024-03-28T17:26:54.426+0000] {processor.py:161} INFO - Started process (PID=1789) to work on /home/airflow/.local/lib/python3.8/site-packages/airflow/example_dags/example_trigger_target_dag.py
[2024-03-28T17:26:54.474+0000] {processor.py:830} INFO - Processing file /home/airflow/.local/lib/python3.8/site-packages/airflow/example_dags/example_trigger_target_dag.py for tasks to queue
[2024-03-28T17:26:54.490+0000] {logging_mixin.py:188} INFO - [2024-03-28T17:26:54.486+0000] {dagbag.py:540} INFO - Filling up the DagBag from /home/airflow/.local/lib/python3.8/site-packages/airflow/example_dags/example_trigger_target_dag.py
[2024-03-28T17:26:54.530+0000] {processor.py:840} INFO - DAG(s) 'example_trigger_target_dag' retrieved from /home/airflow/.local/lib/python3.8/site-packages/airflow/example_dags/example_trigger_target_dag.py
[2024-03-28T17:26:54.606+0000] {logging_mixin.py:188} INFO - [2024-03-28T17:26:54.606+0000] {dag.py:3047} INFO - Sync 1 DAGs
[2024-03-28T17:26:54.673+0000] {logging_mixin.py:188} INFO - [2024-03-28T17:26:54.672+0000] {dag.py:3834} INFO - Setting next_dagrun for example_trigger_target_dag to None, run_after=None
[2024-03-28T17:26:54.760+0000] {processor.py:183} INFO - Processing /home/airflow/.local/lib/python3.8/site-packages/airflow/example_dags/example_trigger_target_dag.py took 0.360 seconds
[2024-03-28T17:27:32.918+0000] {processor.py:161} INFO - Started process (PID=1840) to work on /home/airflow/.local/lib/python3.8/site-packages/airflow/example_dags/example_trigger_target_dag.py
[2024-03-28T17:27:32.922+0000] {processor.py:830} INFO - Processing file /home/airflow/.local/lib/python3.8/site-packages/airflow/example_dags/example_trigger_target_dag.py for tasks to queue
[2024-03-28T17:27:32.928+0000] {logging_mixin.py:188} INFO - [2024-03-28T17:27:32.927+0000] {dagbag.py:540} INFO - Filling up the DagBag from /home/airflow/.local/lib/python3.8/site-packages/airflow/example_dags/example_trigger_target_dag.py
[2024-03-28T17:27:32.949+0000] {processor.py:840} INFO - DAG(s) 'example_trigger_target_dag' retrieved from /home/airflow/.local/lib/python3.8/site-packages/airflow/example_dags/example_trigger_target_dag.py
[2024-03-28T17:27:33.027+0000] {logging_mixin.py:188} INFO - [2024-03-28T17:27:33.027+0000] {dag.py:3047} INFO - Sync 1 DAGs
[2024-03-28T17:27:33.065+0000] {logging_mixin.py:188} INFO - [2024-03-28T17:27:33.063+0000] {dag.py:3834} INFO - Setting next_dagrun for example_trigger_target_dag to None, run_after=None
[2024-03-28T17:27:33.180+0000] {processor.py:183} INFO - Processing /home/airflow/.local/lib/python3.8/site-packages/airflow/example_dags/example_trigger_target_dag.py took 0.271 seconds
[2024-03-28T17:28:05.108+0000] {processor.py:161} INFO - Started process (PID=1895) to work on /home/airflow/.local/lib/python3.8/site-packages/airflow/example_dags/example_trigger_target_dag.py
[2024-03-28T17:28:05.114+0000] {processor.py:830} INFO - Processing file /home/airflow/.local/lib/python3.8/site-packages/airflow/example_dags/example_trigger_target_dag.py for tasks to queue
[2024-03-28T17:28:05.127+0000] {logging_mixin.py:188} INFO - [2024-03-28T17:28:05.124+0000] {dagbag.py:540} INFO - Filling up the DagBag from /home/airflow/.local/lib/python3.8/site-packages/airflow/example_dags/example_trigger_target_dag.py
[2024-03-28T17:28:05.150+0000] {processor.py:840} INFO - DAG(s) 'example_trigger_target_dag' retrieved from /home/airflow/.local/lib/python3.8/site-packages/airflow/example_dags/example_trigger_target_dag.py
[2024-03-28T17:28:05.217+0000] {logging_mixin.py:188} INFO - [2024-03-28T17:28:05.215+0000] {dag.py:3047} INFO - Sync 1 DAGs
[2024-03-28T17:28:05.257+0000] {logging_mixin.py:188} INFO - [2024-03-28T17:28:05.257+0000] {dag.py:3834} INFO - Setting next_dagrun for example_trigger_target_dag to None, run_after=None
[2024-03-28T17:28:05.329+0000] {processor.py:183} INFO - Processing /home/airflow/.local/lib/python3.8/site-packages/airflow/example_dags/example_trigger_target_dag.py took 0.233 seconds
[2024-03-28T17:28:40.371+0000] {processor.py:161} INFO - Started process (PID=1951) to work on /home/airflow/.local/lib/python3.8/site-packages/airflow/example_dags/example_trigger_target_dag.py
[2024-03-28T17:28:40.382+0000] {processor.py:830} INFO - Processing file /home/airflow/.local/lib/python3.8/site-packages/airflow/example_dags/example_trigger_target_dag.py for tasks to queue
[2024-03-28T17:28:40.407+0000] {logging_mixin.py:188} INFO - [2024-03-28T17:28:40.406+0000] {dagbag.py:540} INFO - Filling up the DagBag from /home/airflow/.local/lib/python3.8/site-packages/airflow/example_dags/example_trigger_target_dag.py
[2024-03-28T17:28:40.479+0000] {processor.py:840} INFO - DAG(s) 'example_trigger_target_dag' retrieved from /home/airflow/.local/lib/python3.8/site-packages/airflow/example_dags/example_trigger_target_dag.py
[2024-03-28T17:28:40.668+0000] {logging_mixin.py:188} INFO - [2024-03-28T17:28:40.667+0000] {dag.py:3047} INFO - Sync 1 DAGs
[2024-03-28T17:28:40.886+0000] {logging_mixin.py:188} INFO - [2024-03-28T17:28:40.882+0000] {dag.py:3834} INFO - Setting next_dagrun for example_trigger_target_dag to None, run_after=None
[2024-03-28T17:28:41.311+0000] {processor.py:183} INFO - Processing /home/airflow/.local/lib/python3.8/site-packages/airflow/example_dags/example_trigger_target_dag.py took 0.979 seconds
[2024-03-28T17:29:11.940+0000] {processor.py:161} INFO - Started process (PID=2006) to work on /home/airflow/.local/lib/python3.8/site-packages/airflow/example_dags/example_trigger_target_dag.py
[2024-03-28T17:29:11.975+0000] {processor.py:830} INFO - Processing file /home/airflow/.local/lib/python3.8/site-packages/airflow/example_dags/example_trigger_target_dag.py for tasks to queue
[2024-03-28T17:29:12.029+0000] {logging_mixin.py:188} INFO - [2024-03-28T17:29:12.028+0000] {dagbag.py:540} INFO - Filling up the DagBag from /home/airflow/.local/lib/python3.8/site-packages/airflow/example_dags/example_trigger_target_dag.py
[2024-03-28T17:29:12.210+0000] {processor.py:840} INFO - DAG(s) 'example_trigger_target_dag' retrieved from /home/airflow/.local/lib/python3.8/site-packages/airflow/example_dags/example_trigger_target_dag.py
[2024-03-28T17:29:12.625+0000] {logging_mixin.py:188} INFO - [2024-03-28T17:29:12.615+0000] {dag.py:3047} INFO - Sync 1 DAGs
[2024-03-28T17:29:12.757+0000] {logging_mixin.py:188} INFO - [2024-03-28T17:29:12.756+0000] {dag.py:3834} INFO - Setting next_dagrun for example_trigger_target_dag to None, run_after=None
[2024-03-28T17:29:12.948+0000] {processor.py:183} INFO - Processing /home/airflow/.local/lib/python3.8/site-packages/airflow/example_dags/example_trigger_target_dag.py took 1.066 seconds
[2024-03-28T17:29:43.697+0000] {processor.py:161} INFO - Started process (PID=2061) to work on /home/airflow/.local/lib/python3.8/site-packages/airflow/example_dags/example_trigger_target_dag.py
[2024-03-28T17:29:43.705+0000] {processor.py:830} INFO - Processing file /home/airflow/.local/lib/python3.8/site-packages/airflow/example_dags/example_trigger_target_dag.py for tasks to queue
[2024-03-28T17:29:43.716+0000] {logging_mixin.py:188} INFO - [2024-03-28T17:29:43.713+0000] {dagbag.py:540} INFO - Filling up the DagBag from /home/airflow/.local/lib/python3.8/site-packages/airflow/example_dags/example_trigger_target_dag.py
[2024-03-28T17:29:43.740+0000] {processor.py:840} INFO - DAG(s) 'example_trigger_target_dag' retrieved from /home/airflow/.local/lib/python3.8/site-packages/airflow/example_dags/example_trigger_target_dag.py
[2024-03-28T17:29:43.831+0000] {logging_mixin.py:188} INFO - [2024-03-28T17:29:43.831+0000] {dag.py:3047} INFO - Sync 1 DAGs
[2024-03-28T17:29:43.980+0000] {logging_mixin.py:188} INFO - [2024-03-28T17:29:43.979+0000] {dag.py:3834} INFO - Setting next_dagrun for example_trigger_target_dag to None, run_after=None
[2024-03-28T17:29:44.125+0000] {processor.py:183} INFO - Processing /home/airflow/.local/lib/python3.8/site-packages/airflow/example_dags/example_trigger_target_dag.py took 0.454 seconds
[2024-03-28T17:30:14.522+0000] {processor.py:161} INFO - Started process (PID=2122) to work on /home/airflow/.local/lib/python3.8/site-packages/airflow/example_dags/example_trigger_target_dag.py
[2024-03-28T17:30:14.526+0000] {processor.py:830} INFO - Processing file /home/airflow/.local/lib/python3.8/site-packages/airflow/example_dags/example_trigger_target_dag.py for tasks to queue
[2024-03-28T17:30:14.536+0000] {logging_mixin.py:188} INFO - [2024-03-28T17:30:14.532+0000] {dagbag.py:540} INFO - Filling up the DagBag from /home/airflow/.local/lib/python3.8/site-packages/airflow/example_dags/example_trigger_target_dag.py
[2024-03-28T17:30:14.556+0000] {processor.py:840} INFO - DAG(s) 'example_trigger_target_dag' retrieved from /home/airflow/.local/lib/python3.8/site-packages/airflow/example_dags/example_trigger_target_dag.py
[2024-03-28T17:30:14.612+0000] {logging_mixin.py:188} INFO - [2024-03-28T17:30:14.612+0000] {dag.py:3047} INFO - Sync 1 DAGs
[2024-03-28T17:30:14.672+0000] {logging_mixin.py:188} INFO - [2024-03-28T17:30:14.666+0000] {dag.py:3834} INFO - Setting next_dagrun for example_trigger_target_dag to None, run_after=None
[2024-03-28T17:30:14.736+0000] {processor.py:183} INFO - Processing /home/airflow/.local/lib/python3.8/site-packages/airflow/example_dags/example_trigger_target_dag.py took 0.226 seconds
[2024-03-28T17:30:57.091+0000] {processor.py:161} INFO - Started process (PID=2174) to work on /home/airflow/.local/lib/python3.8/site-packages/airflow/example_dags/example_trigger_target_dag.py
[2024-03-28T17:30:57.106+0000] {processor.py:830} INFO - Processing file /home/airflow/.local/lib/python3.8/site-packages/airflow/example_dags/example_trigger_target_dag.py for tasks to queue
[2024-03-28T17:30:57.117+0000] {logging_mixin.py:188} INFO - [2024-03-28T17:30:57.115+0000] {dagbag.py:540} INFO - Filling up the DagBag from /home/airflow/.local/lib/python3.8/site-packages/airflow/example_dags/example_trigger_target_dag.py
[2024-03-28T17:30:57.150+0000] {processor.py:840} INFO - DAG(s) 'example_trigger_target_dag' retrieved from /home/airflow/.local/lib/python3.8/site-packages/airflow/example_dags/example_trigger_target_dag.py
[2024-03-28T17:30:57.276+0000] {logging_mixin.py:188} INFO - [2024-03-28T17:30:57.269+0000] {dag.py:3047} INFO - Sync 1 DAGs
[2024-03-28T17:30:57.373+0000] {logging_mixin.py:188} INFO - [2024-03-28T17:30:57.373+0000] {dag.py:3834} INFO - Setting next_dagrun for example_trigger_target_dag to None, run_after=None
[2024-03-28T17:30:57.416+0000] {processor.py:183} INFO - Processing /home/airflow/.local/lib/python3.8/site-packages/airflow/example_dags/example_trigger_target_dag.py took 0.340 seconds
[2024-03-28T17:31:29.824+0000] {processor.py:161} INFO - Started process (PID=2228) to work on /home/airflow/.local/lib/python3.8/site-packages/airflow/example_dags/example_trigger_target_dag.py
[2024-03-28T17:31:29.829+0000] {processor.py:830} INFO - Processing file /home/airflow/.local/lib/python3.8/site-packages/airflow/example_dags/example_trigger_target_dag.py for tasks to queue
[2024-03-28T17:31:29.839+0000] {logging_mixin.py:188} INFO - [2024-03-28T17:31:29.838+0000] {dagbag.py:540} INFO - Filling up the DagBag from /home/airflow/.local/lib/python3.8/site-packages/airflow/example_dags/example_trigger_target_dag.py
[2024-03-28T17:31:29.867+0000] {processor.py:840} INFO - DAG(s) 'example_trigger_target_dag' retrieved from /home/airflow/.local/lib/python3.8/site-packages/airflow/example_dags/example_trigger_target_dag.py
[2024-03-28T17:31:29.933+0000] {logging_mixin.py:188} INFO - [2024-03-28T17:31:29.933+0000] {dag.py:3047} INFO - Sync 1 DAGs
[2024-03-28T17:31:29.983+0000] {logging_mixin.py:188} INFO - [2024-03-28T17:31:29.983+0000] {dag.py:3834} INFO - Setting next_dagrun for example_trigger_target_dag to None, run_after=None
[2024-03-28T17:31:30.081+0000] {processor.py:183} INFO - Processing /home/airflow/.local/lib/python3.8/site-packages/airflow/example_dags/example_trigger_target_dag.py took 0.264 seconds
[2024-03-28T17:32:06.221+0000] {processor.py:161} INFO - Started process (PID=2283) to work on /home/airflow/.local/lib/python3.8/site-packages/airflow/example_dags/example_trigger_target_dag.py
[2024-03-28T17:32:06.232+0000] {processor.py:830} INFO - Processing file /home/airflow/.local/lib/python3.8/site-packages/airflow/example_dags/example_trigger_target_dag.py for tasks to queue
[2024-03-28T17:32:06.264+0000] {logging_mixin.py:188} INFO - [2024-03-28T17:32:06.263+0000] {dagbag.py:540} INFO - Filling up the DagBag from /home/airflow/.local/lib/python3.8/site-packages/airflow/example_dags/example_trigger_target_dag.py
[2024-03-28T17:32:06.592+0000] {processor.py:840} INFO - DAG(s) 'example_trigger_target_dag' retrieved from /home/airflow/.local/lib/python3.8/site-packages/airflow/example_dags/example_trigger_target_dag.py
[2024-03-28T17:32:07.502+0000] {logging_mixin.py:188} INFO - [2024-03-28T17:32:07.502+0000] {dag.py:3047} INFO - Sync 1 DAGs
[2024-03-28T17:32:07.921+0000] {logging_mixin.py:188} INFO - [2024-03-28T17:32:07.908+0000] {dag.py:3834} INFO - Setting next_dagrun for example_trigger_target_dag to None, run_after=None
[2024-03-28T17:32:08.549+0000] {processor.py:183} INFO - Processing /home/airflow/.local/lib/python3.8/site-packages/airflow/example_dags/example_trigger_target_dag.py took 2.357 seconds
[2024-03-28T17:32:39.760+0000] {processor.py:161} INFO - Started process (PID=2338) to work on /home/airflow/.local/lib/python3.8/site-packages/airflow/example_dags/example_trigger_target_dag.py
[2024-03-28T17:32:39.771+0000] {processor.py:830} INFO - Processing file /home/airflow/.local/lib/python3.8/site-packages/airflow/example_dags/example_trigger_target_dag.py for tasks to queue
[2024-03-28T17:32:39.792+0000] {logging_mixin.py:188} INFO - [2024-03-28T17:32:39.790+0000] {dagbag.py:540} INFO - Filling up the DagBag from /home/airflow/.local/lib/python3.8/site-packages/airflow/example_dags/example_trigger_target_dag.py
[2024-03-28T17:32:39.854+0000] {processor.py:840} INFO - DAG(s) 'example_trigger_target_dag' retrieved from /home/airflow/.local/lib/python3.8/site-packages/airflow/example_dags/example_trigger_target_dag.py
[2024-03-28T17:32:40.019+0000] {logging_mixin.py:188} INFO - [2024-03-28T17:32:40.018+0000] {dag.py:3047} INFO - Sync 1 DAGs
[2024-03-28T17:32:40.103+0000] {logging_mixin.py:188} INFO - [2024-03-28T17:32:40.095+0000] {dag.py:3834} INFO - Setting next_dagrun for example_trigger_target_dag to None, run_after=None
[2024-03-28T17:32:40.236+0000] {processor.py:183} INFO - Processing /home/airflow/.local/lib/python3.8/site-packages/airflow/example_dags/example_trigger_target_dag.py took 0.508 seconds
[2024-03-28T17:33:10.766+0000] {processor.py:161} INFO - Started process (PID=2392) to work on /home/airflow/.local/lib/python3.8/site-packages/airflow/example_dags/example_trigger_target_dag.py
[2024-03-28T17:33:10.774+0000] {processor.py:830} INFO - Processing file /home/airflow/.local/lib/python3.8/site-packages/airflow/example_dags/example_trigger_target_dag.py for tasks to queue
[2024-03-28T17:33:10.794+0000] {logging_mixin.py:188} INFO - [2024-03-28T17:33:10.790+0000] {dagbag.py:540} INFO - Filling up the DagBag from /home/airflow/.local/lib/python3.8/site-packages/airflow/example_dags/example_trigger_target_dag.py
[2024-03-28T17:33:10.869+0000] {processor.py:840} INFO - DAG(s) 'example_trigger_target_dag' retrieved from /home/airflow/.local/lib/python3.8/site-packages/airflow/example_dags/example_trigger_target_dag.py
[2024-03-28T17:33:11.264+0000] {logging_mixin.py:188} INFO - [2024-03-28T17:33:11.264+0000] {dag.py:3047} INFO - Sync 1 DAGs
[2024-03-28T17:33:11.345+0000] {logging_mixin.py:188} INFO - [2024-03-28T17:33:11.344+0000] {dag.py:3834} INFO - Setting next_dagrun for example_trigger_target_dag to None, run_after=None
[2024-03-28T17:33:11.459+0000] {processor.py:183} INFO - Processing /home/airflow/.local/lib/python3.8/site-packages/airflow/example_dags/example_trigger_target_dag.py took 0.710 seconds
