[2024-03-28T16:32:32.601+0000] {processor.py:161} INFO - Started process (PID=144) to work on /home/airflow/.local/lib/python3.8/site-packages/airflow/example_dags/example_xcom.py
[2024-03-28T16:32:32.642+0000] {processor.py:830} INFO - Processing file /home/airflow/.local/lib/python3.8/site-packages/airflow/example_dags/example_xcom.py for tasks to queue
[2024-03-28T16:32:32.698+0000] {logging_mixin.py:188} INFO - [2024-03-28T16:32:32.697+0000] {dagbag.py:540} INFO - Filling up the DagBag from /home/airflow/.local/lib/python3.8/site-packages/airflow/example_dags/example_xcom.py
[2024-03-28T16:32:33.670+0000] {processor.py:840} INFO - DAG(s) 'example_xcom' retrieved from /home/airflow/.local/lib/python3.8/site-packages/airflow/example_dags/example_xcom.py
[2024-03-28T16:32:37.558+0000] {logging_mixin.py:188} INFO - [2024-03-28T16:32:37.541+0000] {override.py:1769} INFO - Created Permission View: can edit on DAG:example_xcom
[2024-03-28T16:32:37.688+0000] {logging_mixin.py:188} INFO - [2024-03-28T16:32:37.688+0000] {override.py:1769} INFO - Created Permission View: can read on DAG:example_xcom
[2024-03-28T16:32:37.846+0000] {logging_mixin.py:188} INFO - [2024-03-28T16:32:37.836+0000] {override.py:1769} INFO - Created Permission View: can delete on DAG:example_xcom
[2024-03-28T16:32:37.854+0000] {logging_mixin.py:188} INFO - [2024-03-28T16:32:37.854+0000] {dag.py:3047} INFO - Sync 1 DAGs
[2024-03-28T16:32:38.179+0000] {logging_mixin.py:188} INFO - [2024-03-28T16:32:38.177+0000] {dag.py:3069} INFO - Creating ORM DAG for example_xcom
[2024-03-28T16:32:38.340+0000] {logging_mixin.py:188} INFO - [2024-03-28T16:32:38.340+0000] {dag.py:3834} INFO - Setting next_dagrun for example_xcom to 2021-01-01 00:00:00+00:00, run_after=2021-01-01 00:00:00+00:00
[2024-03-28T16:32:38.536+0000] {processor.py:183} INFO - Processing /home/airflow/.local/lib/python3.8/site-packages/airflow/example_dags/example_xcom.py took 6.340 seconds
[2024-03-28T16:36:19.614+0000] {processor.py:161} INFO - Started process (PID=233) to work on /home/airflow/.local/lib/python3.8/site-packages/airflow/example_dags/example_xcom.py
[2024-03-28T16:36:19.694+0000] {processor.py:830} INFO - Processing file /home/airflow/.local/lib/python3.8/site-packages/airflow/example_dags/example_xcom.py for tasks to queue
[2024-03-28T16:36:19.767+0000] {logging_mixin.py:188} INFO - [2024-03-28T16:36:19.753+0000] {dagbag.py:540} INFO - Filling up the DagBag from /home/airflow/.local/lib/python3.8/site-packages/airflow/example_dags/example_xcom.py
[2024-03-28T16:36:20.360+0000] {processor.py:840} INFO - DAG(s) 'example_xcom' retrieved from /home/airflow/.local/lib/python3.8/site-packages/airflow/example_dags/example_xcom.py
[2024-03-28T16:36:21.163+0000] {logging_mixin.py:188} INFO - [2024-03-28T16:36:21.152+0000] {dag.py:3047} INFO - Sync 1 DAGs
[2024-03-28T16:36:22.181+0000] {logging_mixin.py:188} INFO - [2024-03-28T16:36:22.179+0000] {dag.py:3834} INFO - Setting next_dagrun for example_xcom to 2021-01-01 00:00:00+00:00, run_after=2021-01-01 00:00:00+00:00
[2024-03-28T16:36:23.848+0000] {processor.py:183} INFO - Processing /home/airflow/.local/lib/python3.8/site-packages/airflow/example_dags/example_xcom.py took 4.557 seconds
[2024-03-28T16:38:37.624+0000] {processor.py:161} INFO - Started process (PID=301) to work on /home/airflow/.local/lib/python3.8/site-packages/airflow/example_dags/example_xcom.py
[2024-03-28T16:38:37.644+0000] {processor.py:830} INFO - Processing file /home/airflow/.local/lib/python3.8/site-packages/airflow/example_dags/example_xcom.py for tasks to queue
[2024-03-28T16:38:37.691+0000] {logging_mixin.py:188} INFO - [2024-03-28T16:38:37.677+0000] {dagbag.py:540} INFO - Filling up the DagBag from /home/airflow/.local/lib/python3.8/site-packages/airflow/example_dags/example_xcom.py
[2024-03-28T16:38:38.054+0000] {processor.py:840} INFO - DAG(s) 'example_xcom' retrieved from /home/airflow/.local/lib/python3.8/site-packages/airflow/example_dags/example_xcom.py
[2024-03-28T16:38:38.725+0000] {logging_mixin.py:188} INFO - [2024-03-28T16:38:38.724+0000] {dag.py:3047} INFO - Sync 1 DAGs
[2024-03-28T16:38:40.276+0000] {logging_mixin.py:188} INFO - [2024-03-28T16:38:40.274+0000] {dag.py:3834} INFO - Setting next_dagrun for example_xcom to 2021-01-01 00:00:00+00:00, run_after=2021-01-01 00:00:00+00:00
[2024-03-28T16:38:40.889+0000] {processor.py:183} INFO - Processing /home/airflow/.local/lib/python3.8/site-packages/airflow/example_dags/example_xcom.py took 3.376 seconds
[2024-03-28T16:41:29.192+0000] {processor.py:161} INFO - Started process (PID=369) to work on /home/airflow/.local/lib/python3.8/site-packages/airflow/example_dags/example_xcom.py
[2024-03-28T16:41:29.228+0000] {processor.py:830} INFO - Processing file /home/airflow/.local/lib/python3.8/site-packages/airflow/example_dags/example_xcom.py for tasks to queue
[2024-03-28T16:41:29.263+0000] {logging_mixin.py:188} INFO - [2024-03-28T16:41:29.260+0000] {dagbag.py:540} INFO - Filling up the DagBag from /home/airflow/.local/lib/python3.8/site-packages/airflow/example_dags/example_xcom.py
[2024-03-28T16:41:29.983+0000] {processor.py:840} INFO - DAG(s) 'example_xcom' retrieved from /home/airflow/.local/lib/python3.8/site-packages/airflow/example_dags/example_xcom.py
[2024-03-28T16:41:31.226+0000] {logging_mixin.py:188} INFO - [2024-03-28T16:41:31.225+0000] {dag.py:3047} INFO - Sync 1 DAGs
[2024-03-28T16:41:34.204+0000] {logging_mixin.py:188} INFO - [2024-03-28T16:41:34.201+0000] {dag.py:3834} INFO - Setting next_dagrun for example_xcom to 2021-01-01 00:00:00+00:00, run_after=2021-01-01 00:00:00+00:00
[2024-03-28T16:41:35.927+0000] {processor.py:183} INFO - Processing /home/airflow/.local/lib/python3.8/site-packages/airflow/example_dags/example_xcom.py took 6.828 seconds
[2024-03-28T16:44:51.602+0000] {processor.py:161} INFO - Started process (PID=446) to work on /home/airflow/.local/lib/python3.8/site-packages/airflow/example_dags/example_xcom.py
[2024-03-28T16:44:51.622+0000] {processor.py:830} INFO - Processing file /home/airflow/.local/lib/python3.8/site-packages/airflow/example_dags/example_xcom.py for tasks to queue
[2024-03-28T16:44:51.893+0000] {logging_mixin.py:188} INFO - [2024-03-28T16:44:51.767+0000] {dagbag.py:540} INFO - Filling up the DagBag from /home/airflow/.local/lib/python3.8/site-packages/airflow/example_dags/example_xcom.py
[2024-03-28T16:44:54.199+0000] {processor.py:840} INFO - DAG(s) 'example_xcom' retrieved from /home/airflow/.local/lib/python3.8/site-packages/airflow/example_dags/example_xcom.py
[2024-03-28T16:44:56.540+0000] {logging_mixin.py:188} INFO - [2024-03-28T16:44:56.485+0000] {dag.py:3047} INFO - Sync 1 DAGs
[2024-03-28T16:44:58.416+0000] {logging_mixin.py:188} INFO - [2024-03-28T16:44:58.376+0000] {dag.py:3834} INFO - Setting next_dagrun for example_xcom to 2021-01-01 00:00:00+00:00, run_after=2021-01-01 00:00:00+00:00
[2024-03-28T16:45:00.515+0000] {processor.py:183} INFO - Processing /home/airflow/.local/lib/python3.8/site-packages/airflow/example_dags/example_xcom.py took 14.538 seconds
[2024-03-28T17:06:07.989+0000] {processor.py:161} INFO - Started process (PID=73) to work on /home/airflow/.local/lib/python3.8/site-packages/airflow/example_dags/example_xcom.py
[2024-03-28T17:06:07.999+0000] {processor.py:830} INFO - Processing file /home/airflow/.local/lib/python3.8/site-packages/airflow/example_dags/example_xcom.py for tasks to queue
[2024-03-28T17:06:08.012+0000] {logging_mixin.py:188} INFO - [2024-03-28T17:06:08.010+0000] {dagbag.py:540} INFO - Filling up the DagBag from /home/airflow/.local/lib/python3.8/site-packages/airflow/example_dags/example_xcom.py
[2024-03-28T17:06:08.099+0000] {processor.py:840} INFO - DAG(s) 'example_xcom' retrieved from /home/airflow/.local/lib/python3.8/site-packages/airflow/example_dags/example_xcom.py
[2024-03-28T17:06:09.173+0000] {logging_mixin.py:188} INFO - [2024-03-28T17:06:09.172+0000] {dag.py:3047} INFO - Sync 1 DAGs
[2024-03-28T17:06:09.351+0000] {logging_mixin.py:188} INFO - [2024-03-28T17:06:09.348+0000] {dag.py:3834} INFO - Setting next_dagrun for example_xcom to 2021-01-01 00:00:00+00:00, run_after=2021-01-01 00:00:00+00:00
[2024-03-28T17:06:09.651+0000] {processor.py:183} INFO - Processing /home/airflow/.local/lib/python3.8/site-packages/airflow/example_dags/example_xcom.py took 1.686 seconds
[2024-03-28T17:07:38.670+0000] {processor.py:161} INFO - Started process (PID=140) to work on /home/airflow/.local/lib/python3.8/site-packages/airflow/example_dags/example_xcom.py
[2024-03-28T17:07:38.698+0000] {processor.py:830} INFO - Processing file /home/airflow/.local/lib/python3.8/site-packages/airflow/example_dags/example_xcom.py for tasks to queue
[2024-03-28T17:07:38.837+0000] {logging_mixin.py:188} INFO - [2024-03-28T17:07:38.806+0000] {dagbag.py:540} INFO - Filling up the DagBag from /home/airflow/.local/lib/python3.8/site-packages/airflow/example_dags/example_xcom.py
[2024-03-28T17:07:39.127+0000] {processor.py:840} INFO - DAG(s) 'example_xcom' retrieved from /home/airflow/.local/lib/python3.8/site-packages/airflow/example_dags/example_xcom.py
[2024-03-28T17:07:40.028+0000] {logging_mixin.py:188} INFO - [2024-03-28T17:07:40.027+0000] {dag.py:3047} INFO - Sync 1 DAGs
[2024-03-28T17:07:40.597+0000] {logging_mixin.py:188} INFO - [2024-03-28T17:07:40.584+0000] {dag.py:3834} INFO - Setting next_dagrun for example_xcom to 2021-01-01 00:00:00+00:00, run_after=2021-01-01 00:00:00+00:00
[2024-03-28T17:07:40.879+0000] {processor.py:183} INFO - Processing /home/airflow/.local/lib/python3.8/site-packages/airflow/example_dags/example_xcom.py took 2.342 seconds
[2024-03-28T17:08:22.243+0000] {processor.py:161} INFO - Started process (PID=195) to work on /home/airflow/.local/lib/python3.8/site-packages/airflow/example_dags/example_xcom.py
[2024-03-28T17:08:22.261+0000] {processor.py:830} INFO - Processing file /home/airflow/.local/lib/python3.8/site-packages/airflow/example_dags/example_xcom.py for tasks to queue
[2024-03-28T17:08:22.284+0000] {logging_mixin.py:188} INFO - [2024-03-28T17:08:22.272+0000] {dagbag.py:540} INFO - Filling up the DagBag from /home/airflow/.local/lib/python3.8/site-packages/airflow/example_dags/example_xcom.py
[2024-03-28T17:08:22.351+0000] {processor.py:840} INFO - DAG(s) 'example_xcom' retrieved from /home/airflow/.local/lib/python3.8/site-packages/airflow/example_dags/example_xcom.py
[2024-03-28T17:08:22.456+0000] {logging_mixin.py:188} INFO - [2024-03-28T17:08:22.455+0000] {dag.py:3047} INFO - Sync 1 DAGs
[2024-03-28T17:08:22.564+0000] {logging_mixin.py:188} INFO - [2024-03-28T17:08:22.563+0000] {dag.py:3834} INFO - Setting next_dagrun for example_xcom to 2021-01-01 00:00:00+00:00, run_after=2021-01-01 00:00:00+00:00
[2024-03-28T17:08:22.679+0000] {processor.py:183} INFO - Processing /home/airflow/.local/lib/python3.8/site-packages/airflow/example_dags/example_xcom.py took 0.479 seconds
[2024-03-28T17:09:15.392+0000] {processor.py:161} INFO - Started process (PID=255) to work on /home/airflow/.local/lib/python3.8/site-packages/airflow/example_dags/example_xcom.py
[2024-03-28T17:09:15.763+0000] {processor.py:830} INFO - Processing file /home/airflow/.local/lib/python3.8/site-packages/airflow/example_dags/example_xcom.py for tasks to queue
[2024-03-28T17:09:15.779+0000] {logging_mixin.py:188} INFO - [2024-03-28T17:09:15.778+0000] {dagbag.py:540} INFO - Filling up the DagBag from /home/airflow/.local/lib/python3.8/site-packages/airflow/example_dags/example_xcom.py
[2024-03-28T17:09:15.989+0000] {processor.py:840} INFO - DAG(s) 'example_xcom' retrieved from /home/airflow/.local/lib/python3.8/site-packages/airflow/example_dags/example_xcom.py
[2024-03-28T17:09:16.423+0000] {logging_mixin.py:188} INFO - [2024-03-28T17:09:16.422+0000] {dag.py:3047} INFO - Sync 1 DAGs
[2024-03-28T17:09:16.650+0000] {logging_mixin.py:188} INFO - [2024-03-28T17:09:16.649+0000] {dag.py:3834} INFO - Setting next_dagrun for example_xcom to 2021-01-01 00:00:00+00:00, run_after=2021-01-01 00:00:00+00:00
[2024-03-28T17:09:18.303+0000] {processor.py:183} INFO - Processing /home/airflow/.local/lib/python3.8/site-packages/airflow/example_dags/example_xcom.py took 2.926 seconds
[2024-03-28T17:10:58.351+0000] {processor.py:161} INFO - Started process (PID=331) to work on /home/airflow/.local/lib/python3.8/site-packages/airflow/example_dags/example_xcom.py
[2024-03-28T17:10:58.365+0000] {processor.py:830} INFO - Processing file /home/airflow/.local/lib/python3.8/site-packages/airflow/example_dags/example_xcom.py for tasks to queue
[2024-03-28T17:10:58.392+0000] {logging_mixin.py:188} INFO - [2024-03-28T17:10:58.383+0000] {dagbag.py:540} INFO - Filling up the DagBag from /home/airflow/.local/lib/python3.8/site-packages/airflow/example_dags/example_xcom.py
[2024-03-28T17:10:58.536+0000] {processor.py:840} INFO - DAG(s) 'example_xcom' retrieved from /home/airflow/.local/lib/python3.8/site-packages/airflow/example_dags/example_xcom.py
[2024-03-28T17:10:58.755+0000] {logging_mixin.py:188} INFO - [2024-03-28T17:10:58.754+0000] {dag.py:3047} INFO - Sync 1 DAGs
[2024-03-28T17:11:01.247+0000] {logging_mixin.py:188} INFO - [2024-03-28T17:11:01.246+0000] {dag.py:3834} INFO - Setting next_dagrun for example_xcom to 2021-01-01 00:00:00+00:00, run_after=2021-01-01 00:00:00+00:00
[2024-03-28T17:11:01.720+0000] {processor.py:183} INFO - Processing /home/airflow/.local/lib/python3.8/site-packages/airflow/example_dags/example_xcom.py took 3.431 seconds
[2024-03-28T17:11:55.030+0000] {processor.py:161} INFO - Started process (PID=394) to work on /home/airflow/.local/lib/python3.8/site-packages/airflow/example_dags/example_xcom.py
[2024-03-28T17:11:55.322+0000] {processor.py:830} INFO - Processing file /home/airflow/.local/lib/python3.8/site-packages/airflow/example_dags/example_xcom.py for tasks to queue
[2024-03-28T17:11:55.688+0000] {logging_mixin.py:188} INFO - [2024-03-28T17:11:55.657+0000] {dagbag.py:540} INFO - Filling up the DagBag from /home/airflow/.local/lib/python3.8/site-packages/airflow/example_dags/example_xcom.py
[2024-03-28T17:11:56.100+0000] {processor.py:840} INFO - DAG(s) 'example_xcom' retrieved from /home/airflow/.local/lib/python3.8/site-packages/airflow/example_dags/example_xcom.py
[2024-03-28T17:11:56.901+0000] {logging_mixin.py:188} INFO - [2024-03-28T17:11:56.901+0000] {dag.py:3047} INFO - Sync 1 DAGs
[2024-03-28T17:11:57.363+0000] {logging_mixin.py:188} INFO - [2024-03-28T17:11:57.362+0000] {dag.py:3834} INFO - Setting next_dagrun for example_xcom to 2021-01-01 00:00:00+00:00, run_after=2021-01-01 00:00:00+00:00
[2024-03-28T17:11:58.726+0000] {processor.py:183} INFO - Processing /home/airflow/.local/lib/python3.8/site-packages/airflow/example_dags/example_xcom.py took 3.757 seconds
[2024-03-28T17:12:37.584+0000] {processor.py:161} INFO - Started process (PID=448) to work on /home/airflow/.local/lib/python3.8/site-packages/airflow/example_dags/example_xcom.py
[2024-03-28T17:12:37.593+0000] {processor.py:830} INFO - Processing file /home/airflow/.local/lib/python3.8/site-packages/airflow/example_dags/example_xcom.py for tasks to queue
[2024-03-28T17:12:37.600+0000] {logging_mixin.py:188} INFO - [2024-03-28T17:12:37.600+0000] {dagbag.py:540} INFO - Filling up the DagBag from /home/airflow/.local/lib/python3.8/site-packages/airflow/example_dags/example_xcom.py
[2024-03-28T17:12:37.669+0000] {processor.py:840} INFO - DAG(s) 'example_xcom' retrieved from /home/airflow/.local/lib/python3.8/site-packages/airflow/example_dags/example_xcom.py
[2024-03-28T17:12:37.822+0000] {logging_mixin.py:188} INFO - [2024-03-28T17:12:37.821+0000] {dag.py:3047} INFO - Sync 1 DAGs
[2024-03-28T17:12:37.994+0000] {logging_mixin.py:188} INFO - [2024-03-28T17:12:37.993+0000] {dag.py:3834} INFO - Setting next_dagrun for example_xcom to 2021-01-01 00:00:00+00:00, run_after=2021-01-01 00:00:00+00:00
[2024-03-28T17:12:38.147+0000] {processor.py:183} INFO - Processing /home/airflow/.local/lib/python3.8/site-packages/airflow/example_dags/example_xcom.py took 0.593 seconds
[2024-03-28T17:13:08.320+0000] {processor.py:161} INFO - Started process (PID=504) to work on /home/airflow/.local/lib/python3.8/site-packages/airflow/example_dags/example_xcom.py
[2024-03-28T17:13:08.324+0000] {processor.py:830} INFO - Processing file /home/airflow/.local/lib/python3.8/site-packages/airflow/example_dags/example_xcom.py for tasks to queue
[2024-03-28T17:13:08.329+0000] {logging_mixin.py:188} INFO - [2024-03-28T17:13:08.328+0000] {dagbag.py:540} INFO - Filling up the DagBag from /home/airflow/.local/lib/python3.8/site-packages/airflow/example_dags/example_xcom.py
[2024-03-28T17:13:08.358+0000] {processor.py:840} INFO - DAG(s) 'example_xcom' retrieved from /home/airflow/.local/lib/python3.8/site-packages/airflow/example_dags/example_xcom.py
[2024-03-28T17:13:08.423+0000] {logging_mixin.py:188} INFO - [2024-03-28T17:13:08.422+0000] {dag.py:3047} INFO - Sync 1 DAGs
[2024-03-28T17:13:08.484+0000] {logging_mixin.py:188} INFO - [2024-03-28T17:13:08.484+0000] {dag.py:3834} INFO - Setting next_dagrun for example_xcom to 2021-01-01 00:00:00+00:00, run_after=2021-01-01 00:00:00+00:00
[2024-03-28T17:13:08.525+0000] {processor.py:183} INFO - Processing /home/airflow/.local/lib/python3.8/site-packages/airflow/example_dags/example_xcom.py took 0.214 seconds
[2024-03-28T17:13:41.747+0000] {processor.py:161} INFO - Started process (PID=559) to work on /home/airflow/.local/lib/python3.8/site-packages/airflow/example_dags/example_xcom.py
[2024-03-28T17:13:41.751+0000] {processor.py:830} INFO - Processing file /home/airflow/.local/lib/python3.8/site-packages/airflow/example_dags/example_xcom.py for tasks to queue
[2024-03-28T17:13:41.769+0000] {logging_mixin.py:188} INFO - [2024-03-28T17:13:41.766+0000] {dagbag.py:540} INFO - Filling up the DagBag from /home/airflow/.local/lib/python3.8/site-packages/airflow/example_dags/example_xcom.py
[2024-03-28T17:13:41.805+0000] {processor.py:840} INFO - DAG(s) 'example_xcom' retrieved from /home/airflow/.local/lib/python3.8/site-packages/airflow/example_dags/example_xcom.py
[2024-03-28T17:13:41.940+0000] {logging_mixin.py:188} INFO - [2024-03-28T17:13:41.939+0000] {dag.py:3047} INFO - Sync 1 DAGs
[2024-03-28T17:13:42.104+0000] {logging_mixin.py:188} INFO - [2024-03-28T17:13:42.103+0000] {dag.py:3834} INFO - Setting next_dagrun for example_xcom to 2021-01-01 00:00:00+00:00, run_after=2021-01-01 00:00:00+00:00
[2024-03-28T17:13:42.243+0000] {processor.py:183} INFO - Processing /home/airflow/.local/lib/python3.8/site-packages/airflow/example_dags/example_xcom.py took 0.511 seconds
[2024-03-28T17:14:20.229+0000] {processor.py:161} INFO - Started process (PID=608) to work on /home/airflow/.local/lib/python3.8/site-packages/airflow/example_dags/example_xcom.py
[2024-03-28T17:14:20.234+0000] {processor.py:830} INFO - Processing file /home/airflow/.local/lib/python3.8/site-packages/airflow/example_dags/example_xcom.py for tasks to queue
[2024-03-28T17:14:20.243+0000] {logging_mixin.py:188} INFO - [2024-03-28T17:14:20.242+0000] {dagbag.py:540} INFO - Filling up the DagBag from /home/airflow/.local/lib/python3.8/site-packages/airflow/example_dags/example_xcom.py
[2024-03-28T17:14:20.268+0000] {processor.py:840} INFO - DAG(s) 'example_xcom' retrieved from /home/airflow/.local/lib/python3.8/site-packages/airflow/example_dags/example_xcom.py
[2024-03-28T17:14:20.361+0000] {logging_mixin.py:188} INFO - [2024-03-28T17:14:20.361+0000] {dag.py:3047} INFO - Sync 1 DAGs
[2024-03-28T17:14:20.535+0000] {logging_mixin.py:188} INFO - [2024-03-28T17:14:20.533+0000] {dag.py:3834} INFO - Setting next_dagrun for example_xcom to 2021-01-01 00:00:00+00:00, run_after=2021-01-01 00:00:00+00:00
[2024-03-28T17:14:20.719+0000] {processor.py:183} INFO - Processing /home/airflow/.local/lib/python3.8/site-packages/airflow/example_dags/example_xcom.py took 0.499 seconds
[2024-03-28T17:14:53.197+0000] {processor.py:161} INFO - Started process (PID=662) to work on /home/airflow/.local/lib/python3.8/site-packages/airflow/example_dags/example_xcom.py
[2024-03-28T17:14:53.203+0000] {processor.py:830} INFO - Processing file /home/airflow/.local/lib/python3.8/site-packages/airflow/example_dags/example_xcom.py for tasks to queue
[2024-03-28T17:14:53.227+0000] {logging_mixin.py:188} INFO - [2024-03-28T17:14:53.225+0000] {dagbag.py:540} INFO - Filling up the DagBag from /home/airflow/.local/lib/python3.8/site-packages/airflow/example_dags/example_xcom.py
[2024-03-28T17:14:53.283+0000] {processor.py:840} INFO - DAG(s) 'example_xcom' retrieved from /home/airflow/.local/lib/python3.8/site-packages/airflow/example_dags/example_xcom.py
[2024-03-28T17:14:53.541+0000] {logging_mixin.py:188} INFO - [2024-03-28T17:14:53.540+0000] {dag.py:3047} INFO - Sync 1 DAGs
[2024-03-28T17:14:53.766+0000] {logging_mixin.py:188} INFO - [2024-03-28T17:14:53.765+0000] {dag.py:3834} INFO - Setting next_dagrun for example_xcom to 2021-01-01 00:00:00+00:00, run_after=2021-01-01 00:00:00+00:00
[2024-03-28T17:14:53.932+0000] {processor.py:183} INFO - Processing /home/airflow/.local/lib/python3.8/site-packages/airflow/example_dags/example_xcom.py took 0.749 seconds
[2024-03-28T17:15:32.843+0000] {processor.py:161} INFO - Started process (PID=718) to work on /home/airflow/.local/lib/python3.8/site-packages/airflow/example_dags/example_xcom.py
[2024-03-28T17:15:32.871+0000] {processor.py:830} INFO - Processing file /home/airflow/.local/lib/python3.8/site-packages/airflow/example_dags/example_xcom.py for tasks to queue
[2024-03-28T17:15:32.900+0000] {logging_mixin.py:188} INFO - [2024-03-28T17:15:32.891+0000] {dagbag.py:540} INFO - Filling up the DagBag from /home/airflow/.local/lib/python3.8/site-packages/airflow/example_dags/example_xcom.py
[2024-03-28T17:15:32.945+0000] {processor.py:840} INFO - DAG(s) 'example_xcom' retrieved from /home/airflow/.local/lib/python3.8/site-packages/airflow/example_dags/example_xcom.py
[2024-03-28T17:15:33.060+0000] {logging_mixin.py:188} INFO - [2024-03-28T17:15:33.060+0000] {dag.py:3047} INFO - Sync 1 DAGs
[2024-03-28T17:15:33.191+0000] {logging_mixin.py:188} INFO - [2024-03-28T17:15:33.190+0000] {dag.py:3834} INFO - Setting next_dagrun for example_xcom to 2021-01-01 00:00:00+00:00, run_after=2021-01-01 00:00:00+00:00
[2024-03-28T17:15:33.353+0000] {processor.py:183} INFO - Processing /home/airflow/.local/lib/python3.8/site-packages/airflow/example_dags/example_xcom.py took 0.546 seconds
[2024-03-28T17:16:03.664+0000] {processor.py:161} INFO - Started process (PID=773) to work on /home/airflow/.local/lib/python3.8/site-packages/airflow/example_dags/example_xcom.py
[2024-03-28T17:16:03.670+0000] {processor.py:830} INFO - Processing file /home/airflow/.local/lib/python3.8/site-packages/airflow/example_dags/example_xcom.py for tasks to queue
[2024-03-28T17:16:03.679+0000] {logging_mixin.py:188} INFO - [2024-03-28T17:16:03.678+0000] {dagbag.py:540} INFO - Filling up the DagBag from /home/airflow/.local/lib/python3.8/site-packages/airflow/example_dags/example_xcom.py
[2024-03-28T17:16:03.707+0000] {processor.py:840} INFO - DAG(s) 'example_xcom' retrieved from /home/airflow/.local/lib/python3.8/site-packages/airflow/example_dags/example_xcom.py
[2024-03-28T17:16:03.796+0000] {logging_mixin.py:188} INFO - [2024-03-28T17:16:03.795+0000] {dag.py:3047} INFO - Sync 1 DAGs
[2024-03-28T17:16:03.866+0000] {logging_mixin.py:188} INFO - [2024-03-28T17:16:03.865+0000] {dag.py:3834} INFO - Setting next_dagrun for example_xcom to 2021-01-01 00:00:00+00:00, run_after=2021-01-01 00:00:00+00:00
[2024-03-28T17:16:03.914+0000] {processor.py:183} INFO - Processing /home/airflow/.local/lib/python3.8/site-packages/airflow/example_dags/example_xcom.py took 0.269 seconds
[2024-03-28T17:16:40.192+0000] {processor.py:161} INFO - Started process (PID=828) to work on /home/airflow/.local/lib/python3.8/site-packages/airflow/example_dags/example_xcom.py
[2024-03-28T17:16:40.219+0000] {processor.py:830} INFO - Processing file /home/airflow/.local/lib/python3.8/site-packages/airflow/example_dags/example_xcom.py for tasks to queue
[2024-03-28T17:16:40.240+0000] {logging_mixin.py:188} INFO - [2024-03-28T17:16:40.239+0000] {dagbag.py:540} INFO - Filling up the DagBag from /home/airflow/.local/lib/python3.8/site-packages/airflow/example_dags/example_xcom.py
[2024-03-28T17:16:40.372+0000] {processor.py:840} INFO - DAG(s) 'example_xcom' retrieved from /home/airflow/.local/lib/python3.8/site-packages/airflow/example_dags/example_xcom.py
[2024-03-28T17:16:40.607+0000] {logging_mixin.py:188} INFO - [2024-03-28T17:16:40.599+0000] {dag.py:3047} INFO - Sync 1 DAGs
[2024-03-28T17:16:40.849+0000] {logging_mixin.py:188} INFO - [2024-03-28T17:16:40.848+0000] {dag.py:3834} INFO - Setting next_dagrun for example_xcom to 2021-01-01 00:00:00+00:00, run_after=2021-01-01 00:00:00+00:00
[2024-03-28T17:16:40.968+0000] {processor.py:183} INFO - Processing /home/airflow/.local/lib/python3.8/site-packages/airflow/example_dags/example_xcom.py took 0.893 seconds
[2024-03-28T17:17:13.326+0000] {processor.py:161} INFO - Started process (PID=883) to work on /home/airflow/.local/lib/python3.8/site-packages/airflow/example_dags/example_xcom.py
[2024-03-28T17:17:13.374+0000] {processor.py:830} INFO - Processing file /home/airflow/.local/lib/python3.8/site-packages/airflow/example_dags/example_xcom.py for tasks to queue
[2024-03-28T17:17:13.486+0000] {logging_mixin.py:188} INFO - [2024-03-28T17:17:13.485+0000] {dagbag.py:540} INFO - Filling up the DagBag from /home/airflow/.local/lib/python3.8/site-packages/airflow/example_dags/example_xcom.py
[2024-03-28T17:17:13.967+0000] {processor.py:840} INFO - DAG(s) 'example_xcom' retrieved from /home/airflow/.local/lib/python3.8/site-packages/airflow/example_dags/example_xcom.py
[2024-03-28T17:17:14.999+0000] {logging_mixin.py:188} INFO - [2024-03-28T17:17:14.988+0000] {dag.py:3047} INFO - Sync 1 DAGs
[2024-03-28T17:17:16.298+0000] {logging_mixin.py:188} INFO - [2024-03-28T17:17:16.251+0000] {dag.py:3834} INFO - Setting next_dagrun for example_xcom to 2021-01-01 00:00:00+00:00, run_after=2021-01-01 00:00:00+00:00
[2024-03-28T17:17:17.320+0000] {processor.py:183} INFO - Processing /home/airflow/.local/lib/python3.8/site-packages/airflow/example_dags/example_xcom.py took 4.051 seconds
[2024-03-28T17:18:21.096+0000] {processor.py:161} INFO - Started process (PID=951) to work on /home/airflow/.local/lib/python3.8/site-packages/airflow/example_dags/example_xcom.py
[2024-03-28T17:18:21.130+0000] {processor.py:830} INFO - Processing file /home/airflow/.local/lib/python3.8/site-packages/airflow/example_dags/example_xcom.py for tasks to queue
[2024-03-28T17:18:21.180+0000] {logging_mixin.py:188} INFO - [2024-03-28T17:18:21.178+0000] {dagbag.py:540} INFO - Filling up the DagBag from /home/airflow/.local/lib/python3.8/site-packages/airflow/example_dags/example_xcom.py
[2024-03-28T17:18:21.323+0000] {processor.py:840} INFO - DAG(s) 'example_xcom' retrieved from /home/airflow/.local/lib/python3.8/site-packages/airflow/example_dags/example_xcom.py
[2024-03-28T17:18:21.829+0000] {logging_mixin.py:188} INFO - [2024-03-28T17:18:21.825+0000] {dag.py:3047} INFO - Sync 1 DAGs
[2024-03-28T17:18:22.396+0000] {logging_mixin.py:188} INFO - [2024-03-28T17:18:22.395+0000] {dag.py:3834} INFO - Setting next_dagrun for example_xcom to 2021-01-01 00:00:00+00:00, run_after=2021-01-01 00:00:00+00:00
[2024-03-28T17:18:22.703+0000] {processor.py:183} INFO - Processing /home/airflow/.local/lib/python3.8/site-packages/airflow/example_dags/example_xcom.py took 1.819 seconds
[2024-03-28T17:18:56.640+0000] {processor.py:161} INFO - Started process (PID=999) to work on /home/airflow/.local/lib/python3.8/site-packages/airflow/example_dags/example_xcom.py
[2024-03-28T17:18:56.644+0000] {processor.py:830} INFO - Processing file /home/airflow/.local/lib/python3.8/site-packages/airflow/example_dags/example_xcom.py for tasks to queue
[2024-03-28T17:18:56.657+0000] {logging_mixin.py:188} INFO - [2024-03-28T17:18:56.652+0000] {dagbag.py:540} INFO - Filling up the DagBag from /home/airflow/.local/lib/python3.8/site-packages/airflow/example_dags/example_xcom.py
[2024-03-28T17:18:56.692+0000] {processor.py:840} INFO - DAG(s) 'example_xcom' retrieved from /home/airflow/.local/lib/python3.8/site-packages/airflow/example_dags/example_xcom.py
[2024-03-28T17:18:56.774+0000] {logging_mixin.py:188} INFO - [2024-03-28T17:18:56.774+0000] {dag.py:3047} INFO - Sync 1 DAGs
[2024-03-28T17:18:56.866+0000] {logging_mixin.py:188} INFO - [2024-03-28T17:18:56.863+0000] {dag.py:3834} INFO - Setting next_dagrun for example_xcom to 2021-01-01 00:00:00+00:00, run_after=2021-01-01 00:00:00+00:00
[2024-03-28T17:18:56.933+0000] {processor.py:183} INFO - Processing /home/airflow/.local/lib/python3.8/site-packages/airflow/example_dags/example_xcom.py took 0.301 seconds
[2024-03-28T17:19:29.062+0000] {processor.py:161} INFO - Started process (PID=1054) to work on /home/airflow/.local/lib/python3.8/site-packages/airflow/example_dags/example_xcom.py
[2024-03-28T17:19:29.066+0000] {processor.py:830} INFO - Processing file /home/airflow/.local/lib/python3.8/site-packages/airflow/example_dags/example_xcom.py for tasks to queue
[2024-03-28T17:19:29.072+0000] {logging_mixin.py:188} INFO - [2024-03-28T17:19:29.071+0000] {dagbag.py:540} INFO - Filling up the DagBag from /home/airflow/.local/lib/python3.8/site-packages/airflow/example_dags/example_xcom.py
[2024-03-28T17:19:29.090+0000] {processor.py:840} INFO - DAG(s) 'example_xcom' retrieved from /home/airflow/.local/lib/python3.8/site-packages/airflow/example_dags/example_xcom.py
[2024-03-28T17:19:29.122+0000] {logging_mixin.py:188} INFO - [2024-03-28T17:19:29.122+0000] {dag.py:3047} INFO - Sync 1 DAGs
[2024-03-28T17:19:29.184+0000] {logging_mixin.py:188} INFO - [2024-03-28T17:19:29.184+0000] {dag.py:3834} INFO - Setting next_dagrun for example_xcom to 2021-01-01 00:00:00+00:00, run_after=2021-01-01 00:00:00+00:00
[2024-03-28T17:19:29.236+0000] {processor.py:183} INFO - Processing /home/airflow/.local/lib/python3.8/site-packages/airflow/example_dags/example_xcom.py took 0.215 seconds
[2024-03-28T17:20:06.043+0000] {processor.py:161} INFO - Started process (PID=1115) to work on /home/airflow/.local/lib/python3.8/site-packages/airflow/example_dags/example_xcom.py
[2024-03-28T17:20:06.047+0000] {processor.py:830} INFO - Processing file /home/airflow/.local/lib/python3.8/site-packages/airflow/example_dags/example_xcom.py for tasks to queue
[2024-03-28T17:20:06.056+0000] {logging_mixin.py:188} INFO - [2024-03-28T17:20:06.055+0000] {dagbag.py:540} INFO - Filling up the DagBag from /home/airflow/.local/lib/python3.8/site-packages/airflow/example_dags/example_xcom.py
[2024-03-28T17:20:06.077+0000] {processor.py:840} INFO - DAG(s) 'example_xcom' retrieved from /home/airflow/.local/lib/python3.8/site-packages/airflow/example_dags/example_xcom.py
[2024-03-28T17:20:06.153+0000] {logging_mixin.py:188} INFO - [2024-03-28T17:20:06.153+0000] {dag.py:3047} INFO - Sync 1 DAGs
[2024-03-28T17:20:06.224+0000] {logging_mixin.py:188} INFO - [2024-03-28T17:20:06.223+0000] {dag.py:3834} INFO - Setting next_dagrun for example_xcom to 2021-01-01 00:00:00+00:00, run_after=2021-01-01 00:00:00+00:00
[2024-03-28T17:20:06.278+0000] {processor.py:183} INFO - Processing /home/airflow/.local/lib/python3.8/site-packages/airflow/example_dags/example_xcom.py took 0.243 seconds
[2024-03-28T17:20:38.768+0000] {processor.py:161} INFO - Started process (PID=1169) to work on /home/airflow/.local/lib/python3.8/site-packages/airflow/example_dags/example_xcom.py
[2024-03-28T17:20:38.777+0000] {processor.py:830} INFO - Processing file /home/airflow/.local/lib/python3.8/site-packages/airflow/example_dags/example_xcom.py for tasks to queue
[2024-03-28T17:20:38.800+0000] {logging_mixin.py:188} INFO - [2024-03-28T17:20:38.800+0000] {dagbag.py:540} INFO - Filling up the DagBag from /home/airflow/.local/lib/python3.8/site-packages/airflow/example_dags/example_xcom.py
[2024-03-28T17:20:38.863+0000] {processor.py:840} INFO - DAG(s) 'example_xcom' retrieved from /home/airflow/.local/lib/python3.8/site-packages/airflow/example_dags/example_xcom.py
[2024-03-28T17:20:39.181+0000] {logging_mixin.py:188} INFO - [2024-03-28T17:20:39.181+0000] {dag.py:3047} INFO - Sync 1 DAGs
[2024-03-28T17:20:39.512+0000] {logging_mixin.py:188} INFO - [2024-03-28T17:20:39.511+0000] {dag.py:3834} INFO - Setting next_dagrun for example_xcom to 2021-01-01 00:00:00+00:00, run_after=2021-01-01 00:00:00+00:00
[2024-03-28T17:20:39.793+0000] {processor.py:183} INFO - Processing /home/airflow/.local/lib/python3.8/site-packages/airflow/example_dags/example_xcom.py took 1.086 seconds
[2024-03-28T17:21:10.284+0000] {processor.py:161} INFO - Started process (PID=1224) to work on /home/airflow/.local/lib/python3.8/site-packages/airflow/example_dags/example_xcom.py
[2024-03-28T17:21:10.291+0000] {processor.py:830} INFO - Processing file /home/airflow/.local/lib/python3.8/site-packages/airflow/example_dags/example_xcom.py for tasks to queue
[2024-03-28T17:21:10.308+0000] {logging_mixin.py:188} INFO - [2024-03-28T17:21:10.304+0000] {dagbag.py:540} INFO - Filling up the DagBag from /home/airflow/.local/lib/python3.8/site-packages/airflow/example_dags/example_xcom.py
[2024-03-28T17:21:10.382+0000] {processor.py:840} INFO - DAG(s) 'example_xcom' retrieved from /home/airflow/.local/lib/python3.8/site-packages/airflow/example_dags/example_xcom.py
[2024-03-28T17:21:10.509+0000] {logging_mixin.py:188} INFO - [2024-03-28T17:21:10.509+0000] {dag.py:3047} INFO - Sync 1 DAGs
[2024-03-28T17:21:10.598+0000] {logging_mixin.py:188} INFO - [2024-03-28T17:21:10.592+0000] {dag.py:3834} INFO - Setting next_dagrun for example_xcom to 2021-01-01 00:00:00+00:00, run_after=2021-01-01 00:00:00+00:00
[2024-03-28T17:21:10.749+0000] {processor.py:183} INFO - Processing /home/airflow/.local/lib/python3.8/site-packages/airflow/example_dags/example_xcom.py took 0.482 seconds
[2024-03-28T17:21:40.949+0000] {processor.py:161} INFO - Started process (PID=1279) to work on /home/airflow/.local/lib/python3.8/site-packages/airflow/example_dags/example_xcom.py
[2024-03-28T17:21:40.957+0000] {processor.py:830} INFO - Processing file /home/airflow/.local/lib/python3.8/site-packages/airflow/example_dags/example_xcom.py for tasks to queue
[2024-03-28T17:21:40.966+0000] {logging_mixin.py:188} INFO - [2024-03-28T17:21:40.965+0000] {dagbag.py:540} INFO - Filling up the DagBag from /home/airflow/.local/lib/python3.8/site-packages/airflow/example_dags/example_xcom.py
[2024-03-28T17:21:40.992+0000] {processor.py:840} INFO - DAG(s) 'example_xcom' retrieved from /home/airflow/.local/lib/python3.8/site-packages/airflow/example_dags/example_xcom.py
[2024-03-28T17:21:41.080+0000] {logging_mixin.py:188} INFO - [2024-03-28T17:21:41.080+0000] {dag.py:3047} INFO - Sync 1 DAGs
[2024-03-28T17:21:41.159+0000] {logging_mixin.py:188} INFO - [2024-03-28T17:21:41.158+0000] {dag.py:3834} INFO - Setting next_dagrun for example_xcom to 2021-01-01 00:00:00+00:00, run_after=2021-01-01 00:00:00+00:00
[2024-03-28T17:21:41.216+0000] {processor.py:183} INFO - Processing /home/airflow/.local/lib/python3.8/site-packages/airflow/example_dags/example_xcom.py took 0.276 seconds
[2024-03-28T17:22:12.084+0000] {processor.py:161} INFO - Started process (PID=1335) to work on /home/airflow/.local/lib/python3.8/site-packages/airflow/example_dags/example_xcom.py
[2024-03-28T17:22:12.123+0000] {processor.py:830} INFO - Processing file /home/airflow/.local/lib/python3.8/site-packages/airflow/example_dags/example_xcom.py for tasks to queue
[2024-03-28T17:22:12.141+0000] {logging_mixin.py:188} INFO - [2024-03-28T17:22:12.140+0000] {dagbag.py:540} INFO - Filling up the DagBag from /home/airflow/.local/lib/python3.8/site-packages/airflow/example_dags/example_xcom.py
[2024-03-28T17:22:12.385+0000] {processor.py:840} INFO - DAG(s) 'example_xcom' retrieved from /home/airflow/.local/lib/python3.8/site-packages/airflow/example_dags/example_xcom.py
[2024-03-28T17:22:12.550+0000] {logging_mixin.py:188} INFO - [2024-03-28T17:22:12.550+0000] {dag.py:3047} INFO - Sync 1 DAGs
[2024-03-28T17:22:12.657+0000] {logging_mixin.py:188} INFO - [2024-03-28T17:22:12.657+0000] {dag.py:3834} INFO - Setting next_dagrun for example_xcom to 2021-01-01 00:00:00+00:00, run_after=2021-01-01 00:00:00+00:00
[2024-03-28T17:22:12.705+0000] {processor.py:183} INFO - Processing /home/airflow/.local/lib/python3.8/site-packages/airflow/example_dags/example_xcom.py took 0.658 seconds
[2024-03-28T17:23:02.462+0000] {processor.py:161} INFO - Started process (PID=1400) to work on /home/airflow/.local/lib/python3.8/site-packages/airflow/example_dags/example_xcom.py
[2024-03-28T17:23:02.466+0000] {processor.py:830} INFO - Processing file /home/airflow/.local/lib/python3.8/site-packages/airflow/example_dags/example_xcom.py for tasks to queue
[2024-03-28T17:23:02.472+0000] {logging_mixin.py:188} INFO - [2024-03-28T17:23:02.471+0000] {dagbag.py:540} INFO - Filling up the DagBag from /home/airflow/.local/lib/python3.8/site-packages/airflow/example_dags/example_xcom.py
[2024-03-28T17:23:02.492+0000] {processor.py:840} INFO - DAG(s) 'example_xcom' retrieved from /home/airflow/.local/lib/python3.8/site-packages/airflow/example_dags/example_xcom.py
[2024-03-28T17:23:02.550+0000] {logging_mixin.py:188} INFO - [2024-03-28T17:23:02.549+0000] {dag.py:3047} INFO - Sync 1 DAGs
[2024-03-28T17:23:02.605+0000] {logging_mixin.py:188} INFO - [2024-03-28T17:23:02.605+0000] {dag.py:3834} INFO - Setting next_dagrun for example_xcom to 2021-01-01 00:00:00+00:00, run_after=2021-01-01 00:00:00+00:00
[2024-03-28T17:23:02.667+0000] {processor.py:183} INFO - Processing /home/airflow/.local/lib/python3.8/site-packages/airflow/example_dags/example_xcom.py took 0.215 seconds
[2024-03-28T17:23:33.608+0000] {processor.py:161} INFO - Started process (PID=1455) to work on /home/airflow/.local/lib/python3.8/site-packages/airflow/example_dags/example_xcom.py
[2024-03-28T17:23:33.611+0000] {processor.py:830} INFO - Processing file /home/airflow/.local/lib/python3.8/site-packages/airflow/example_dags/example_xcom.py for tasks to queue
[2024-03-28T17:23:33.617+0000] {logging_mixin.py:188} INFO - [2024-03-28T17:23:33.616+0000] {dagbag.py:540} INFO - Filling up the DagBag from /home/airflow/.local/lib/python3.8/site-packages/airflow/example_dags/example_xcom.py
[2024-03-28T17:23:33.643+0000] {processor.py:840} INFO - DAG(s) 'example_xcom' retrieved from /home/airflow/.local/lib/python3.8/site-packages/airflow/example_dags/example_xcom.py
[2024-03-28T17:23:33.723+0000] {logging_mixin.py:188} INFO - [2024-03-28T17:23:33.722+0000] {dag.py:3047} INFO - Sync 1 DAGs
[2024-03-28T17:23:33.873+0000] {logging_mixin.py:188} INFO - [2024-03-28T17:23:33.873+0000] {dag.py:3834} INFO - Setting next_dagrun for example_xcom to 2021-01-01 00:00:00+00:00, run_after=2021-01-01 00:00:00+00:00
[2024-03-28T17:23:33.924+0000] {processor.py:183} INFO - Processing /home/airflow/.local/lib/python3.8/site-packages/airflow/example_dags/example_xcom.py took 0.326 seconds
[2024-03-28T17:24:10.926+0000] {processor.py:161} INFO - Started process (PID=1519) to work on /home/airflow/.local/lib/python3.8/site-packages/airflow/example_dags/example_xcom.py
[2024-03-28T17:24:10.936+0000] {processor.py:830} INFO - Processing file /home/airflow/.local/lib/python3.8/site-packages/airflow/example_dags/example_xcom.py for tasks to queue
[2024-03-28T17:24:10.942+0000] {logging_mixin.py:188} INFO - [2024-03-28T17:24:10.941+0000] {dagbag.py:540} INFO - Filling up the DagBag from /home/airflow/.local/lib/python3.8/site-packages/airflow/example_dags/example_xcom.py
[2024-03-28T17:24:10.971+0000] {processor.py:840} INFO - DAG(s) 'example_xcom' retrieved from /home/airflow/.local/lib/python3.8/site-packages/airflow/example_dags/example_xcom.py
[2024-03-28T17:24:11.210+0000] {logging_mixin.py:188} INFO - [2024-03-28T17:24:11.210+0000] {dag.py:3047} INFO - Sync 1 DAGs
[2024-03-28T17:24:11.379+0000] {logging_mixin.py:188} INFO - [2024-03-28T17:24:11.379+0000] {dag.py:3834} INFO - Setting next_dagrun for example_xcom to 2021-01-01 00:00:00+00:00, run_after=2021-01-01 00:00:00+00:00
[2024-03-28T17:24:11.433+0000] {processor.py:183} INFO - Processing /home/airflow/.local/lib/python3.8/site-packages/airflow/example_dags/example_xcom.py took 0.554 seconds
[2024-03-28T17:24:47.823+0000] {processor.py:161} INFO - Started process (PID=1572) to work on /home/airflow/.local/lib/python3.8/site-packages/airflow/example_dags/example_xcom.py
[2024-03-28T17:24:47.829+0000] {processor.py:830} INFO - Processing file /home/airflow/.local/lib/python3.8/site-packages/airflow/example_dags/example_xcom.py for tasks to queue
[2024-03-28T17:24:47.836+0000] {logging_mixin.py:188} INFO - [2024-03-28T17:24:47.835+0000] {dagbag.py:540} INFO - Filling up the DagBag from /home/airflow/.local/lib/python3.8/site-packages/airflow/example_dags/example_xcom.py
[2024-03-28T17:24:47.863+0000] {processor.py:840} INFO - DAG(s) 'example_xcom' retrieved from /home/airflow/.local/lib/python3.8/site-packages/airflow/example_dags/example_xcom.py
[2024-03-28T17:24:47.961+0000] {logging_mixin.py:188} INFO - [2024-03-28T17:24:47.960+0000] {dag.py:3047} INFO - Sync 1 DAGs
[2024-03-28T17:24:48.056+0000] {logging_mixin.py:188} INFO - [2024-03-28T17:24:48.055+0000] {dag.py:3834} INFO - Setting next_dagrun for example_xcom to 2021-01-01 00:00:00+00:00, run_after=2021-01-01 00:00:00+00:00
[2024-03-28T17:24:48.150+0000] {processor.py:183} INFO - Processing /home/airflow/.local/lib/python3.8/site-packages/airflow/example_dags/example_xcom.py took 0.337 seconds
[2024-03-28T17:25:22.145+0000] {processor.py:161} INFO - Started process (PID=1627) to work on /home/airflow/.local/lib/python3.8/site-packages/airflow/example_dags/example_xcom.py
[2024-03-28T17:25:22.157+0000] {processor.py:830} INFO - Processing file /home/airflow/.local/lib/python3.8/site-packages/airflow/example_dags/example_xcom.py for tasks to queue
[2024-03-28T17:25:22.175+0000] {logging_mixin.py:188} INFO - [2024-03-28T17:25:22.174+0000] {dagbag.py:540} INFO - Filling up the DagBag from /home/airflow/.local/lib/python3.8/site-packages/airflow/example_dags/example_xcom.py
[2024-03-28T17:25:22.243+0000] {processor.py:840} INFO - DAG(s) 'example_xcom' retrieved from /home/airflow/.local/lib/python3.8/site-packages/airflow/example_dags/example_xcom.py
[2024-03-28T17:25:22.480+0000] {logging_mixin.py:188} INFO - [2024-03-28T17:25:22.479+0000] {dag.py:3047} INFO - Sync 1 DAGs
[2024-03-28T17:25:22.765+0000] {logging_mixin.py:188} INFO - [2024-03-28T17:25:22.764+0000] {dag.py:3834} INFO - Setting next_dagrun for example_xcom to 2021-01-01 00:00:00+00:00, run_after=2021-01-01 00:00:00+00:00
[2024-03-28T17:25:23.063+0000] {processor.py:183} INFO - Processing /home/airflow/.local/lib/python3.8/site-packages/airflow/example_dags/example_xcom.py took 0.958 seconds
[2024-03-28T17:25:53.778+0000] {processor.py:161} INFO - Started process (PID=1682) to work on /home/airflow/.local/lib/python3.8/site-packages/airflow/example_dags/example_xcom.py
[2024-03-28T17:25:53.795+0000] {processor.py:830} INFO - Processing file /home/airflow/.local/lib/python3.8/site-packages/airflow/example_dags/example_xcom.py for tasks to queue
[2024-03-28T17:25:53.802+0000] {logging_mixin.py:188} INFO - [2024-03-28T17:25:53.801+0000] {dagbag.py:540} INFO - Filling up the DagBag from /home/airflow/.local/lib/python3.8/site-packages/airflow/example_dags/example_xcom.py
[2024-03-28T17:25:53.838+0000] {processor.py:840} INFO - DAG(s) 'example_xcom' retrieved from /home/airflow/.local/lib/python3.8/site-packages/airflow/example_dags/example_xcom.py
[2024-03-28T17:25:53.908+0000] {logging_mixin.py:188} INFO - [2024-03-28T17:25:53.907+0000] {dag.py:3047} INFO - Sync 1 DAGs
[2024-03-28T17:25:54.039+0000] {logging_mixin.py:188} INFO - [2024-03-28T17:25:54.038+0000] {dag.py:3834} INFO - Setting next_dagrun for example_xcom to 2021-01-01 00:00:00+00:00, run_after=2021-01-01 00:00:00+00:00
[2024-03-28T17:25:54.422+0000] {processor.py:183} INFO - Processing /home/airflow/.local/lib/python3.8/site-packages/airflow/example_dags/example_xcom.py took 0.661 seconds
[2024-03-28T17:26:25.220+0000] {processor.py:161} INFO - Started process (PID=1737) to work on /home/airflow/.local/lib/python3.8/site-packages/airflow/example_dags/example_xcom.py
[2024-03-28T17:26:25.225+0000] {processor.py:830} INFO - Processing file /home/airflow/.local/lib/python3.8/site-packages/airflow/example_dags/example_xcom.py for tasks to queue
[2024-03-28T17:26:25.236+0000] {logging_mixin.py:188} INFO - [2024-03-28T17:26:25.235+0000] {dagbag.py:540} INFO - Filling up the DagBag from /home/airflow/.local/lib/python3.8/site-packages/airflow/example_dags/example_xcom.py
[2024-03-28T17:26:25.256+0000] {processor.py:840} INFO - DAG(s) 'example_xcom' retrieved from /home/airflow/.local/lib/python3.8/site-packages/airflow/example_dags/example_xcom.py
[2024-03-28T17:26:25.323+0000] {logging_mixin.py:188} INFO - [2024-03-28T17:26:25.322+0000] {dag.py:3047} INFO - Sync 1 DAGs
[2024-03-28T17:26:25.405+0000] {logging_mixin.py:188} INFO - [2024-03-28T17:26:25.403+0000] {dag.py:3834} INFO - Setting next_dagrun for example_xcom to 2021-01-01 00:00:00+00:00, run_after=2021-01-01 00:00:00+00:00
[2024-03-28T17:26:25.476+0000] {processor.py:183} INFO - Processing /home/airflow/.local/lib/python3.8/site-packages/airflow/example_dags/example_xcom.py took 0.265 seconds
[2024-03-28T17:26:55.875+0000] {processor.py:161} INFO - Started process (PID=1791) to work on /home/airflow/.local/lib/python3.8/site-packages/airflow/example_dags/example_xcom.py
[2024-03-28T17:26:55.879+0000] {processor.py:830} INFO - Processing file /home/airflow/.local/lib/python3.8/site-packages/airflow/example_dags/example_xcom.py for tasks to queue
[2024-03-28T17:26:55.918+0000] {logging_mixin.py:188} INFO - [2024-03-28T17:26:55.917+0000] {dagbag.py:540} INFO - Filling up the DagBag from /home/airflow/.local/lib/python3.8/site-packages/airflow/example_dags/example_xcom.py
[2024-03-28T17:26:56.028+0000] {processor.py:840} INFO - DAG(s) 'example_xcom' retrieved from /home/airflow/.local/lib/python3.8/site-packages/airflow/example_dags/example_xcom.py
[2024-03-28T17:26:56.174+0000] {logging_mixin.py:188} INFO - [2024-03-28T17:26:56.173+0000] {dag.py:3047} INFO - Sync 1 DAGs
[2024-03-28T17:26:56.278+0000] {logging_mixin.py:188} INFO - [2024-03-28T17:26:56.277+0000] {dag.py:3834} INFO - Setting next_dagrun for example_xcom to 2021-01-01 00:00:00+00:00, run_after=2021-01-01 00:00:00+00:00
[2024-03-28T17:26:56.342+0000] {processor.py:183} INFO - Processing /home/airflow/.local/lib/python3.8/site-packages/airflow/example_dags/example_xcom.py took 0.480 seconds
[2024-03-28T17:27:34.403+0000] {processor.py:161} INFO - Started process (PID=1846) to work on /home/airflow/.local/lib/python3.8/site-packages/airflow/example_dags/example_xcom.py
[2024-03-28T17:27:34.407+0000] {processor.py:830} INFO - Processing file /home/airflow/.local/lib/python3.8/site-packages/airflow/example_dags/example_xcom.py for tasks to queue
[2024-03-28T17:27:34.418+0000] {logging_mixin.py:188} INFO - [2024-03-28T17:27:34.417+0000] {dagbag.py:540} INFO - Filling up the DagBag from /home/airflow/.local/lib/python3.8/site-packages/airflow/example_dags/example_xcom.py
[2024-03-28T17:27:34.442+0000] {processor.py:840} INFO - DAG(s) 'example_xcom' retrieved from /home/airflow/.local/lib/python3.8/site-packages/airflow/example_dags/example_xcom.py
[2024-03-28T17:27:34.507+0000] {logging_mixin.py:188} INFO - [2024-03-28T17:27:34.506+0000] {dag.py:3047} INFO - Sync 1 DAGs
[2024-03-28T17:27:34.569+0000] {logging_mixin.py:188} INFO - [2024-03-28T17:27:34.568+0000] {dag.py:3834} INFO - Setting next_dagrun for example_xcom to 2021-01-01 00:00:00+00:00, run_after=2021-01-01 00:00:00+00:00
[2024-03-28T17:27:34.617+0000] {processor.py:183} INFO - Processing /home/airflow/.local/lib/python3.8/site-packages/airflow/example_dags/example_xcom.py took 0.229 seconds
[2024-03-28T17:28:05.429+0000] {processor.py:161} INFO - Started process (PID=1896) to work on /home/airflow/.local/lib/python3.8/site-packages/airflow/example_dags/example_xcom.py
[2024-03-28T17:28:05.435+0000] {processor.py:830} INFO - Processing file /home/airflow/.local/lib/python3.8/site-packages/airflow/example_dags/example_xcom.py for tasks to queue
[2024-03-28T17:28:05.442+0000] {logging_mixin.py:188} INFO - [2024-03-28T17:28:05.441+0000] {dagbag.py:540} INFO - Filling up the DagBag from /home/airflow/.local/lib/python3.8/site-packages/airflow/example_dags/example_xcom.py
[2024-03-28T17:28:05.463+0000] {processor.py:840} INFO - DAG(s) 'example_xcom' retrieved from /home/airflow/.local/lib/python3.8/site-packages/airflow/example_dags/example_xcom.py
[2024-03-28T17:28:05.517+0000] {logging_mixin.py:188} INFO - [2024-03-28T17:28:05.516+0000] {dag.py:3047} INFO - Sync 1 DAGs
[2024-03-28T17:28:05.583+0000] {logging_mixin.py:188} INFO - [2024-03-28T17:28:05.582+0000] {dag.py:3834} INFO - Setting next_dagrun for example_xcom to 2021-01-01 00:00:00+00:00, run_after=2021-01-01 00:00:00+00:00
[2024-03-28T17:28:05.648+0000] {processor.py:183} INFO - Processing /home/airflow/.local/lib/python3.8/site-packages/airflow/example_dags/example_xcom.py took 0.227 seconds
[2024-03-28T17:28:41.679+0000] {processor.py:161} INFO - Started process (PID=1952) to work on /home/airflow/.local/lib/python3.8/site-packages/airflow/example_dags/example_xcom.py
[2024-03-28T17:28:41.683+0000] {processor.py:830} INFO - Processing file /home/airflow/.local/lib/python3.8/site-packages/airflow/example_dags/example_xcom.py for tasks to queue
[2024-03-28T17:28:41.698+0000] {logging_mixin.py:188} INFO - [2024-03-28T17:28:41.697+0000] {dagbag.py:540} INFO - Filling up the DagBag from /home/airflow/.local/lib/python3.8/site-packages/airflow/example_dags/example_xcom.py
[2024-03-28T17:28:41.803+0000] {processor.py:840} INFO - DAG(s) 'example_xcom' retrieved from /home/airflow/.local/lib/python3.8/site-packages/airflow/example_dags/example_xcom.py
[2024-03-28T17:28:42.056+0000] {logging_mixin.py:188} INFO - [2024-03-28T17:28:42.037+0000] {dag.py:3047} INFO - Sync 1 DAGs
[2024-03-28T17:28:42.364+0000] {logging_mixin.py:188} INFO - [2024-03-28T17:28:42.364+0000] {dag.py:3834} INFO - Setting next_dagrun for example_xcom to 2021-01-01 00:00:00+00:00, run_after=2021-01-01 00:00:00+00:00
[2024-03-28T17:28:42.646+0000] {processor.py:183} INFO - Processing /home/airflow/.local/lib/python3.8/site-packages/airflow/example_dags/example_xcom.py took 0.992 seconds
[2024-03-28T17:29:12.971+0000] {processor.py:161} INFO - Started process (PID=2007) to work on /home/airflow/.local/lib/python3.8/site-packages/airflow/example_dags/example_xcom.py
[2024-03-28T17:29:12.985+0000] {processor.py:830} INFO - Processing file /home/airflow/.local/lib/python3.8/site-packages/airflow/example_dags/example_xcom.py for tasks to queue
[2024-03-28T17:29:12.991+0000] {logging_mixin.py:188} INFO - [2024-03-28T17:29:12.990+0000] {dagbag.py:540} INFO - Filling up the DagBag from /home/airflow/.local/lib/python3.8/site-packages/airflow/example_dags/example_xcom.py
[2024-03-28T17:29:13.059+0000] {processor.py:840} INFO - DAG(s) 'example_xcom' retrieved from /home/airflow/.local/lib/python3.8/site-packages/airflow/example_dags/example_xcom.py
[2024-03-28T17:29:13.164+0000] {logging_mixin.py:188} INFO - [2024-03-28T17:29:13.163+0000] {dag.py:3047} INFO - Sync 1 DAGs
[2024-03-28T17:29:13.287+0000] {logging_mixin.py:188} INFO - [2024-03-28T17:29:13.287+0000] {dag.py:3834} INFO - Setting next_dagrun for example_xcom to 2021-01-01 00:00:00+00:00, run_after=2021-01-01 00:00:00+00:00
[2024-03-28T17:29:13.387+0000] {processor.py:183} INFO - Processing /home/airflow/.local/lib/python3.8/site-packages/airflow/example_dags/example_xcom.py took 0.448 seconds
[2024-03-28T17:29:44.296+0000] {processor.py:161} INFO - Started process (PID=2068) to work on /home/airflow/.local/lib/python3.8/site-packages/airflow/example_dags/example_xcom.py
[2024-03-28T17:29:44.305+0000] {processor.py:830} INFO - Processing file /home/airflow/.local/lib/python3.8/site-packages/airflow/example_dags/example_xcom.py for tasks to queue
[2024-03-28T17:29:44.314+0000] {logging_mixin.py:188} INFO - [2024-03-28T17:29:44.313+0000] {dagbag.py:540} INFO - Filling up the DagBag from /home/airflow/.local/lib/python3.8/site-packages/airflow/example_dags/example_xcom.py
[2024-03-28T17:29:44.354+0000] {processor.py:840} INFO - DAG(s) 'example_xcom' retrieved from /home/airflow/.local/lib/python3.8/site-packages/airflow/example_dags/example_xcom.py
[2024-03-28T17:29:44.417+0000] {logging_mixin.py:188} INFO - [2024-03-28T17:29:44.416+0000] {dag.py:3047} INFO - Sync 1 DAGs
[2024-03-28T17:29:44.470+0000] {logging_mixin.py:188} INFO - [2024-03-28T17:29:44.470+0000] {dag.py:3834} INFO - Setting next_dagrun for example_xcom to 2021-01-01 00:00:00+00:00, run_after=2021-01-01 00:00:00+00:00
[2024-03-28T17:29:44.527+0000] {processor.py:183} INFO - Processing /home/airflow/.local/lib/python3.8/site-packages/airflow/example_dags/example_xcom.py took 0.245 seconds
[2024-03-28T17:30:14.920+0000] {processor.py:161} INFO - Started process (PID=2123) to work on /home/airflow/.local/lib/python3.8/site-packages/airflow/example_dags/example_xcom.py
[2024-03-28T17:30:14.976+0000] {processor.py:830} INFO - Processing file /home/airflow/.local/lib/python3.8/site-packages/airflow/example_dags/example_xcom.py for tasks to queue
[2024-03-28T17:30:14.990+0000] {logging_mixin.py:188} INFO - [2024-03-28T17:30:14.987+0000] {dagbag.py:540} INFO - Filling up the DagBag from /home/airflow/.local/lib/python3.8/site-packages/airflow/example_dags/example_xcom.py
[2024-03-28T17:30:15.031+0000] {processor.py:840} INFO - DAG(s) 'example_xcom' retrieved from /home/airflow/.local/lib/python3.8/site-packages/airflow/example_dags/example_xcom.py
[2024-03-28T17:30:15.121+0000] {logging_mixin.py:188} INFO - [2024-03-28T17:30:15.120+0000] {dag.py:3047} INFO - Sync 1 DAGs
[2024-03-28T17:30:15.194+0000] {logging_mixin.py:188} INFO - [2024-03-28T17:30:15.193+0000] {dag.py:3834} INFO - Setting next_dagrun for example_xcom to 2021-01-01 00:00:00+00:00, run_after=2021-01-01 00:00:00+00:00
[2024-03-28T17:30:15.260+0000] {processor.py:183} INFO - Processing /home/airflow/.local/lib/python3.8/site-packages/airflow/example_dags/example_xcom.py took 0.351 seconds
[2024-03-28T17:30:57.125+0000] {processor.py:161} INFO - Started process (PID=2175) to work on /home/airflow/.local/lib/python3.8/site-packages/airflow/example_dags/example_xcom.py
[2024-03-28T17:30:57.133+0000] {processor.py:830} INFO - Processing file /home/airflow/.local/lib/python3.8/site-packages/airflow/example_dags/example_xcom.py for tasks to queue
[2024-03-28T17:30:57.173+0000] {logging_mixin.py:188} INFO - [2024-03-28T17:30:57.158+0000] {dagbag.py:540} INFO - Filling up the DagBag from /home/airflow/.local/lib/python3.8/site-packages/airflow/example_dags/example_xcom.py
[2024-03-28T17:30:57.232+0000] {processor.py:840} INFO - DAG(s) 'example_xcom' retrieved from /home/airflow/.local/lib/python3.8/site-packages/airflow/example_dags/example_xcom.py
[2024-03-28T17:30:57.360+0000] {logging_mixin.py:188} INFO - [2024-03-28T17:30:57.360+0000] {dag.py:3047} INFO - Sync 1 DAGs
[2024-03-28T17:30:57.410+0000] {logging_mixin.py:188} INFO - [2024-03-28T17:30:57.409+0000] {dag.py:3834} INFO - Setting next_dagrun for example_xcom to 2021-01-01 00:00:00+00:00, run_after=2021-01-01 00:00:00+00:00
[2024-03-28T17:30:57.460+0000] {processor.py:183} INFO - Processing /home/airflow/.local/lib/python3.8/site-packages/airflow/example_dags/example_xcom.py took 0.357 seconds
[2024-03-28T17:31:30.127+0000] {processor.py:161} INFO - Started process (PID=2229) to work on /home/airflow/.local/lib/python3.8/site-packages/airflow/example_dags/example_xcom.py
[2024-03-28T17:31:30.131+0000] {processor.py:830} INFO - Processing file /home/airflow/.local/lib/python3.8/site-packages/airflow/example_dags/example_xcom.py for tasks to queue
[2024-03-28T17:31:30.139+0000] {logging_mixin.py:188} INFO - [2024-03-28T17:31:30.139+0000] {dagbag.py:540} INFO - Filling up the DagBag from /home/airflow/.local/lib/python3.8/site-packages/airflow/example_dags/example_xcom.py
[2024-03-28T17:31:30.167+0000] {processor.py:840} INFO - DAG(s) 'example_xcom' retrieved from /home/airflow/.local/lib/python3.8/site-packages/airflow/example_dags/example_xcom.py
[2024-03-28T17:31:30.281+0000] {logging_mixin.py:188} INFO - [2024-03-28T17:31:30.280+0000] {dag.py:3047} INFO - Sync 1 DAGs
[2024-03-28T17:31:30.351+0000] {logging_mixin.py:188} INFO - [2024-03-28T17:31:30.351+0000] {dag.py:3834} INFO - Setting next_dagrun for example_xcom to 2021-01-01 00:00:00+00:00, run_after=2021-01-01 00:00:00+00:00
[2024-03-28T17:31:30.395+0000] {processor.py:183} INFO - Processing /home/airflow/.local/lib/python3.8/site-packages/airflow/example_dags/example_xcom.py took 0.279 seconds
[2024-03-28T17:32:06.442+0000] {processor.py:161} INFO - Started process (PID=2284) to work on /home/airflow/.local/lib/python3.8/site-packages/airflow/example_dags/example_xcom.py
[2024-03-28T17:32:06.501+0000] {processor.py:830} INFO - Processing file /home/airflow/.local/lib/python3.8/site-packages/airflow/example_dags/example_xcom.py for tasks to queue
[2024-03-28T17:32:06.574+0000] {logging_mixin.py:188} INFO - [2024-03-28T17:32:06.571+0000] {dagbag.py:540} INFO - Filling up the DagBag from /home/airflow/.local/lib/python3.8/site-packages/airflow/example_dags/example_xcom.py
[2024-03-28T17:32:07.138+0000] {processor.py:840} INFO - DAG(s) 'example_xcom' retrieved from /home/airflow/.local/lib/python3.8/site-packages/airflow/example_dags/example_xcom.py
[2024-03-28T17:32:07.608+0000] {logging_mixin.py:188} INFO - [2024-03-28T17:32:07.607+0000] {dag.py:3047} INFO - Sync 1 DAGs
[2024-03-28T17:32:08.204+0000] {logging_mixin.py:188} INFO - [2024-03-28T17:32:08.203+0000] {dag.py:3834} INFO - Setting next_dagrun for example_xcom to 2021-01-01 00:00:00+00:00, run_after=2021-01-01 00:00:00+00:00
[2024-03-28T17:32:09.173+0000] {processor.py:183} INFO - Processing /home/airflow/.local/lib/python3.8/site-packages/airflow/example_dags/example_xcom.py took 2.853 seconds
[2024-03-28T17:32:39.804+0000] {processor.py:161} INFO - Started process (PID=2339) to work on /home/airflow/.local/lib/python3.8/site-packages/airflow/example_dags/example_xcom.py
[2024-03-28T17:32:39.814+0000] {processor.py:830} INFO - Processing file /home/airflow/.local/lib/python3.8/site-packages/airflow/example_dags/example_xcom.py for tasks to queue
[2024-03-28T17:32:39.831+0000] {logging_mixin.py:188} INFO - [2024-03-28T17:32:39.829+0000] {dagbag.py:540} INFO - Filling up the DagBag from /home/airflow/.local/lib/python3.8/site-packages/airflow/example_dags/example_xcom.py
[2024-03-28T17:32:39.916+0000] {processor.py:840} INFO - DAG(s) 'example_xcom' retrieved from /home/airflow/.local/lib/python3.8/site-packages/airflow/example_dags/example_xcom.py
[2024-03-28T17:32:40.054+0000] {logging_mixin.py:188} INFO - [2024-03-28T17:32:40.054+0000] {dag.py:3047} INFO - Sync 1 DAGs
[2024-03-28T17:32:40.226+0000] {logging_mixin.py:188} INFO - [2024-03-28T17:32:40.226+0000] {dag.py:3834} INFO - Setting next_dagrun for example_xcom to 2021-01-01 00:00:00+00:00, run_after=2021-01-01 00:00:00+00:00
[2024-03-28T17:32:40.379+0000] {processor.py:183} INFO - Processing /home/airflow/.local/lib/python3.8/site-packages/airflow/example_dags/example_xcom.py took 0.622 seconds
[2024-03-28T17:33:10.850+0000] {processor.py:161} INFO - Started process (PID=2393) to work on /home/airflow/.local/lib/python3.8/site-packages/airflow/example_dags/example_xcom.py
[2024-03-28T17:33:10.862+0000] {processor.py:830} INFO - Processing file /home/airflow/.local/lib/python3.8/site-packages/airflow/example_dags/example_xcom.py for tasks to queue
[2024-03-28T17:33:10.884+0000] {logging_mixin.py:188} INFO - [2024-03-28T17:33:10.877+0000] {dagbag.py:540} INFO - Filling up the DagBag from /home/airflow/.local/lib/python3.8/site-packages/airflow/example_dags/example_xcom.py
[2024-03-28T17:33:11.027+0000] {processor.py:840} INFO - DAG(s) 'example_xcom' retrieved from /home/airflow/.local/lib/python3.8/site-packages/airflow/example_dags/example_xcom.py
[2024-03-28T17:33:11.292+0000] {logging_mixin.py:188} INFO - [2024-03-28T17:33:11.292+0000] {dag.py:3047} INFO - Sync 1 DAGs
[2024-03-28T17:33:11.401+0000] {logging_mixin.py:188} INFO - [2024-03-28T17:33:11.399+0000] {dag.py:3834} INFO - Setting next_dagrun for example_xcom to 2021-01-01 00:00:00+00:00, run_after=2021-01-01 00:00:00+00:00
[2024-03-28T17:33:11.588+0000] {processor.py:183} INFO - Processing /home/airflow/.local/lib/python3.8/site-packages/airflow/example_dags/example_xcom.py took 0.753 seconds
