[2024-03-28T16:31:30.485+0000] {processor.py:161} INFO - Started process (PID=121) to work on /home/airflow/.local/lib/python3.8/site-packages/airflow/example_dags/tutorial_taskflow_api.py
[2024-03-28T16:31:30.551+0000] {processor.py:830} INFO - Processing file /home/airflow/.local/lib/python3.8/site-packages/airflow/example_dags/tutorial_taskflow_api.py for tasks to queue
[2024-03-28T16:31:30.679+0000] {logging_mixin.py:188} INFO - [2024-03-28T16:31:30.668+0000] {dagbag.py:540} INFO - Filling up the DagBag from /home/airflow/.local/lib/python3.8/site-packages/airflow/example_dags/tutorial_taskflow_api.py
[2024-03-28T16:31:31.001+0000] {processor.py:840} INFO - DAG(s) 'tutorial_taskflow_api' retrieved from /home/airflow/.local/lib/python3.8/site-packages/airflow/example_dags/tutorial_taskflow_api.py
[2024-03-28T16:31:41.372+0000] {logging_mixin.py:188} INFO - [2024-03-28T16:31:41.370+0000] {override.py:1769} INFO - Created Permission View: can edit on DAG:tutorial_taskflow_api
[2024-03-28T16:31:41.942+0000] {logging_mixin.py:188} INFO - [2024-03-28T16:31:41.935+0000] {override.py:1769} INFO - Created Permission View: can read on DAG:tutorial_taskflow_api
[2024-03-28T16:31:42.251+0000] {logging_mixin.py:188} INFO - [2024-03-28T16:31:42.250+0000] {override.py:1769} INFO - Created Permission View: can delete on DAG:tutorial_taskflow_api
[2024-03-28T16:31:42.269+0000] {logging_mixin.py:188} INFO - [2024-03-28T16:31:42.269+0000] {dag.py:3047} INFO - Sync 1 DAGs
[2024-03-28T16:31:42.590+0000] {logging_mixin.py:188} INFO - [2024-03-28T16:31:42.589+0000] {dag.py:3069} INFO - Creating ORM DAG for tutorial_taskflow_api
[2024-03-28T16:31:42.648+0000] {logging_mixin.py:188} INFO - [2024-03-28T16:31:42.643+0000] {dag.py:3834} INFO - Setting next_dagrun for tutorial_taskflow_api to None, run_after=None
[2024-03-28T16:31:43.288+0000] {processor.py:183} INFO - Processing /home/airflow/.local/lib/python3.8/site-packages/airflow/example_dags/tutorial_taskflow_api.py took 12.859 seconds
[2024-03-28T16:35:42.818+0000] {processor.py:161} INFO - Started process (PID=217) to work on /home/airflow/.local/lib/python3.8/site-packages/airflow/example_dags/tutorial_taskflow_api.py
[2024-03-28T16:35:42.835+0000] {processor.py:830} INFO - Processing file /home/airflow/.local/lib/python3.8/site-packages/airflow/example_dags/tutorial_taskflow_api.py for tasks to queue
[2024-03-28T16:35:42.914+0000] {logging_mixin.py:188} INFO - [2024-03-28T16:35:42.906+0000] {dagbag.py:540} INFO - Filling up the DagBag from /home/airflow/.local/lib/python3.8/site-packages/airflow/example_dags/tutorial_taskflow_api.py
[2024-03-28T16:35:43.299+0000] {processor.py:840} INFO - DAG(s) 'tutorial_taskflow_api' retrieved from /home/airflow/.local/lib/python3.8/site-packages/airflow/example_dags/tutorial_taskflow_api.py
[2024-03-28T16:35:43.842+0000] {logging_mixin.py:188} INFO - [2024-03-28T16:35:43.828+0000] {dag.py:3047} INFO - Sync 1 DAGs
[2024-03-28T16:35:44.249+0000] {logging_mixin.py:188} INFO - [2024-03-28T16:35:44.248+0000] {dag.py:3834} INFO - Setting next_dagrun for tutorial_taskflow_api to None, run_after=None
[2024-03-28T16:35:46.298+0000] {processor.py:183} INFO - Processing /home/airflow/.local/lib/python3.8/site-packages/airflow/example_dags/tutorial_taskflow_api.py took 3.609 seconds
[2024-03-28T16:38:11.009+0000] {processor.py:161} INFO - Started process (PID=291) to work on /home/airflow/.local/lib/python3.8/site-packages/airflow/example_dags/tutorial_taskflow_api.py
[2024-03-28T16:38:11.107+0000] {processor.py:830} INFO - Processing file /home/airflow/.local/lib/python3.8/site-packages/airflow/example_dags/tutorial_taskflow_api.py for tasks to queue
[2024-03-28T16:38:11.403+0000] {logging_mixin.py:188} INFO - [2024-03-28T16:38:11.402+0000] {dagbag.py:540} INFO - Filling up the DagBag from /home/airflow/.local/lib/python3.8/site-packages/airflow/example_dags/tutorial_taskflow_api.py
[2024-03-28T16:38:11.892+0000] {processor.py:840} INFO - DAG(s) 'tutorial_taskflow_api' retrieved from /home/airflow/.local/lib/python3.8/site-packages/airflow/example_dags/tutorial_taskflow_api.py
[2024-03-28T16:38:12.310+0000] {logging_mixin.py:188} INFO - [2024-03-28T16:38:12.310+0000] {dag.py:3047} INFO - Sync 1 DAGs
[2024-03-28T16:38:13.258+0000] {logging_mixin.py:188} INFO - [2024-03-28T16:38:13.233+0000] {dag.py:3834} INFO - Setting next_dagrun for tutorial_taskflow_api to None, run_after=None
[2024-03-28T16:38:14.221+0000] {processor.py:183} INFO - Processing /home/airflow/.local/lib/python3.8/site-packages/airflow/example_dags/tutorial_taskflow_api.py took 3.616 seconds
[2024-03-28T16:40:43.148+0000] {processor.py:161} INFO - Started process (PID=353) to work on /home/airflow/.local/lib/python3.8/site-packages/airflow/example_dags/tutorial_taskflow_api.py
[2024-03-28T16:40:43.273+0000] {processor.py:830} INFO - Processing file /home/airflow/.local/lib/python3.8/site-packages/airflow/example_dags/tutorial_taskflow_api.py for tasks to queue
[2024-03-28T16:40:43.317+0000] {logging_mixin.py:188} INFO - [2024-03-28T16:40:43.316+0000] {dagbag.py:540} INFO - Filling up the DagBag from /home/airflow/.local/lib/python3.8/site-packages/airflow/example_dags/tutorial_taskflow_api.py
[2024-03-28T16:40:43.898+0000] {processor.py:840} INFO - DAG(s) 'tutorial_taskflow_api' retrieved from /home/airflow/.local/lib/python3.8/site-packages/airflow/example_dags/tutorial_taskflow_api.py
[2024-03-28T16:40:45.493+0000] {logging_mixin.py:188} INFO - [2024-03-28T16:40:45.488+0000] {dag.py:3047} INFO - Sync 1 DAGs
[2024-03-28T16:40:46.644+0000] {logging_mixin.py:188} INFO - [2024-03-28T16:40:46.643+0000] {dag.py:3834} INFO - Setting next_dagrun for tutorial_taskflow_api to None, run_after=None
[2024-03-28T16:40:46.983+0000] {processor.py:183} INFO - Processing /home/airflow/.local/lib/python3.8/site-packages/airflow/example_dags/tutorial_taskflow_api.py took 4.058 seconds
[2024-03-28T16:43:52.352+0000] {processor.py:161} INFO - Started process (PID=431) to work on /home/airflow/.local/lib/python3.8/site-packages/airflow/example_dags/tutorial_taskflow_api.py
[2024-03-28T16:43:52.388+0000] {processor.py:830} INFO - Processing file /home/airflow/.local/lib/python3.8/site-packages/airflow/example_dags/tutorial_taskflow_api.py for tasks to queue
[2024-03-28T16:43:52.438+0000] {logging_mixin.py:188} INFO - [2024-03-28T16:43:52.437+0000] {dagbag.py:540} INFO - Filling up the DagBag from /home/airflow/.local/lib/python3.8/site-packages/airflow/example_dags/tutorial_taskflow_api.py
[2024-03-28T16:43:52.751+0000] {processor.py:840} INFO - DAG(s) 'tutorial_taskflow_api' retrieved from /home/airflow/.local/lib/python3.8/site-packages/airflow/example_dags/tutorial_taskflow_api.py
[2024-03-28T16:43:56.215+0000] {logging_mixin.py:188} INFO - [2024-03-28T16:43:56.214+0000] {dag.py:3047} INFO - Sync 1 DAGs
[2024-03-28T16:43:56.942+0000] {logging_mixin.py:188} INFO - [2024-03-28T16:43:56.882+0000] {dag.py:3834} INFO - Setting next_dagrun for tutorial_taskflow_api to None, run_after=None
[2024-03-28T16:43:58.495+0000] {processor.py:183} INFO - Processing /home/airflow/.local/lib/python3.8/site-packages/airflow/example_dags/tutorial_taskflow_api.py took 6.438 seconds
[2024-03-28T17:05:52.846+0000] {processor.py:161} INFO - Started process (PID=57) to work on /home/airflow/.local/lib/python3.8/site-packages/airflow/example_dags/tutorial_taskflow_api.py
[2024-03-28T17:05:52.851+0000] {processor.py:830} INFO - Processing file /home/airflow/.local/lib/python3.8/site-packages/airflow/example_dags/tutorial_taskflow_api.py for tasks to queue
[2024-03-28T17:05:52.872+0000] {logging_mixin.py:188} INFO - [2024-03-28T17:05:52.871+0000] {dagbag.py:540} INFO - Filling up the DagBag from /home/airflow/.local/lib/python3.8/site-packages/airflow/example_dags/tutorial_taskflow_api.py
[2024-03-28T17:05:52.988+0000] {processor.py:840} INFO - DAG(s) 'tutorial_taskflow_api' retrieved from /home/airflow/.local/lib/python3.8/site-packages/airflow/example_dags/tutorial_taskflow_api.py
[2024-03-28T17:05:53.675+0000] {logging_mixin.py:188} INFO - [2024-03-28T17:05:53.673+0000] {dag.py:3047} INFO - Sync 1 DAGs
[2024-03-28T17:05:53.747+0000] {logging_mixin.py:188} INFO - [2024-03-28T17:05:53.746+0000] {dag.py:3834} INFO - Setting next_dagrun for tutorial_taskflow_api to None, run_after=None
[2024-03-28T17:05:54.019+0000] {processor.py:183} INFO - Processing /home/airflow/.local/lib/python3.8/site-packages/airflow/example_dags/tutorial_taskflow_api.py took 1.212 seconds
[2024-03-28T17:07:24.504+0000] {processor.py:161} INFO - Started process (PID=124) to work on /home/airflow/.local/lib/python3.8/site-packages/airflow/example_dags/tutorial_taskflow_api.py
[2024-03-28T17:07:24.574+0000] {processor.py:830} INFO - Processing file /home/airflow/.local/lib/python3.8/site-packages/airflow/example_dags/tutorial_taskflow_api.py for tasks to queue
[2024-03-28T17:07:24.623+0000] {logging_mixin.py:188} INFO - [2024-03-28T17:07:24.615+0000] {dagbag.py:540} INFO - Filling up the DagBag from /home/airflow/.local/lib/python3.8/site-packages/airflow/example_dags/tutorial_taskflow_api.py
[2024-03-28T17:07:24.845+0000] {processor.py:840} INFO - DAG(s) 'tutorial_taskflow_api' retrieved from /home/airflow/.local/lib/python3.8/site-packages/airflow/example_dags/tutorial_taskflow_api.py
[2024-03-28T17:07:25.049+0000] {logging_mixin.py:188} INFO - [2024-03-28T17:07:25.048+0000] {dag.py:3047} INFO - Sync 1 DAGs
[2024-03-28T17:07:25.111+0000] {logging_mixin.py:188} INFO - [2024-03-28T17:07:25.111+0000] {dag.py:3834} INFO - Setting next_dagrun for tutorial_taskflow_api to None, run_after=None
[2024-03-28T17:07:25.247+0000] {processor.py:183} INFO - Processing /home/airflow/.local/lib/python3.8/site-packages/airflow/example_dags/tutorial_taskflow_api.py took 0.880 seconds
[2024-03-28T17:08:09.625+0000] {processor.py:161} INFO - Started process (PID=185) to work on /home/airflow/.local/lib/python3.8/site-packages/airflow/example_dags/tutorial_taskflow_api.py
[2024-03-28T17:08:09.691+0000] {processor.py:830} INFO - Processing file /home/airflow/.local/lib/python3.8/site-packages/airflow/example_dags/tutorial_taskflow_api.py for tasks to queue
[2024-03-28T17:08:09.796+0000] {logging_mixin.py:188} INFO - [2024-03-28T17:08:09.795+0000] {dagbag.py:540} INFO - Filling up the DagBag from /home/airflow/.local/lib/python3.8/site-packages/airflow/example_dags/tutorial_taskflow_api.py
[2024-03-28T17:08:11.039+0000] {processor.py:840} INFO - DAG(s) 'tutorial_taskflow_api' retrieved from /home/airflow/.local/lib/python3.8/site-packages/airflow/example_dags/tutorial_taskflow_api.py
[2024-03-28T17:08:12.752+0000] {logging_mixin.py:188} INFO - [2024-03-28T17:08:12.751+0000] {dag.py:3047} INFO - Sync 1 DAGs
[2024-03-28T17:08:13.159+0000] {logging_mixin.py:188} INFO - [2024-03-28T17:08:13.159+0000] {dag.py:3834} INFO - Setting next_dagrun for tutorial_taskflow_api to None, run_after=None
[2024-03-28T17:08:14.341+0000] {processor.py:183} INFO - Processing /home/airflow/.local/lib/python3.8/site-packages/airflow/example_dags/tutorial_taskflow_api.py took 4.808 seconds
[2024-03-28T17:08:57.264+0000] {processor.py:161} INFO - Started process (PID=237) to work on /home/airflow/.local/lib/python3.8/site-packages/airflow/example_dags/tutorial_taskflow_api.py
[2024-03-28T17:08:57.271+0000] {processor.py:830} INFO - Processing file /home/airflow/.local/lib/python3.8/site-packages/airflow/example_dags/tutorial_taskflow_api.py for tasks to queue
[2024-03-28T17:08:57.288+0000] {logging_mixin.py:188} INFO - [2024-03-28T17:08:57.280+0000] {dagbag.py:540} INFO - Filling up the DagBag from /home/airflow/.local/lib/python3.8/site-packages/airflow/example_dags/tutorial_taskflow_api.py
[2024-03-28T17:08:57.331+0000] {processor.py:840} INFO - DAG(s) 'tutorial_taskflow_api' retrieved from /home/airflow/.local/lib/python3.8/site-packages/airflow/example_dags/tutorial_taskflow_api.py
[2024-03-28T17:08:57.817+0000] {logging_mixin.py:188} INFO - [2024-03-28T17:08:57.816+0000] {dag.py:3047} INFO - Sync 1 DAGs
[2024-03-28T17:08:57.991+0000] {logging_mixin.py:188} INFO - [2024-03-28T17:08:57.990+0000] {dag.py:3834} INFO - Setting next_dagrun for tutorial_taskflow_api to None, run_after=None
[2024-03-28T17:08:58.109+0000] {processor.py:183} INFO - Processing /home/airflow/.local/lib/python3.8/site-packages/airflow/example_dags/tutorial_taskflow_api.py took 0.880 seconds
[2024-03-28T17:10:24.975+0000] {processor.py:161} INFO - Started process (PID=295) to work on /home/airflow/.local/lib/python3.8/site-packages/airflow/example_dags/tutorial_taskflow_api.py
[2024-03-28T17:10:24.995+0000] {processor.py:830} INFO - Processing file /home/airflow/.local/lib/python3.8/site-packages/airflow/example_dags/tutorial_taskflow_api.py for tasks to queue
[2024-03-28T17:10:25.014+0000] {logging_mixin.py:188} INFO - [2024-03-28T17:10:25.008+0000] {dagbag.py:540} INFO - Filling up the DagBag from /home/airflow/.local/lib/python3.8/site-packages/airflow/example_dags/tutorial_taskflow_api.py
[2024-03-28T17:10:25.135+0000] {processor.py:840} INFO - DAG(s) 'tutorial_taskflow_api' retrieved from /home/airflow/.local/lib/python3.8/site-packages/airflow/example_dags/tutorial_taskflow_api.py
[2024-03-28T17:10:25.365+0000] {logging_mixin.py:188} INFO - [2024-03-28T17:10:25.365+0000] {dag.py:3047} INFO - Sync 1 DAGs
[2024-03-28T17:10:26.483+0000] {logging_mixin.py:188} INFO - [2024-03-28T17:10:26.466+0000] {dag.py:3834} INFO - Setting next_dagrun for tutorial_taskflow_api to None, run_after=None
[2024-03-28T17:10:26.931+0000] {processor.py:183} INFO - Processing /home/airflow/.local/lib/python3.8/site-packages/airflow/example_dags/tutorial_taskflow_api.py took 1.971 seconds
[2024-03-28T17:11:14.125+0000] {processor.py:161} INFO - Started process (PID=351) to work on /home/airflow/.local/lib/python3.8/site-packages/airflow/example_dags/tutorial_taskflow_api.py
[2024-03-28T17:11:14.130+0000] {processor.py:830} INFO - Processing file /home/airflow/.local/lib/python3.8/site-packages/airflow/example_dags/tutorial_taskflow_api.py for tasks to queue
[2024-03-28T17:11:14.153+0000] {logging_mixin.py:188} INFO - [2024-03-28T17:11:14.152+0000] {dagbag.py:540} INFO - Filling up the DagBag from /home/airflow/.local/lib/python3.8/site-packages/airflow/example_dags/tutorial_taskflow_api.py
[2024-03-28T17:11:14.204+0000] {processor.py:840} INFO - DAG(s) 'tutorial_taskflow_api' retrieved from /home/airflow/.local/lib/python3.8/site-packages/airflow/example_dags/tutorial_taskflow_api.py
[2024-03-28T17:11:14.427+0000] {logging_mixin.py:188} INFO - [2024-03-28T17:11:14.407+0000] {dag.py:3047} INFO - Sync 1 DAGs
[2024-03-28T17:11:14.883+0000] {logging_mixin.py:188} INFO - [2024-03-28T17:11:14.871+0000] {dag.py:3834} INFO - Setting next_dagrun for tutorial_taskflow_api to None, run_after=None
[2024-03-28T17:11:15.353+0000] {processor.py:183} INFO - Processing /home/airflow/.local/lib/python3.8/site-packages/airflow/example_dags/tutorial_taskflow_api.py took 1.248 seconds
[2024-03-28T17:12:13.264+0000] {processor.py:161} INFO - Started process (PID=414) to work on /home/airflow/.local/lib/python3.8/site-packages/airflow/example_dags/tutorial_taskflow_api.py
[2024-03-28T17:12:13.412+0000] {processor.py:830} INFO - Processing file /home/airflow/.local/lib/python3.8/site-packages/airflow/example_dags/tutorial_taskflow_api.py for tasks to queue
[2024-03-28T17:12:13.496+0000] {logging_mixin.py:188} INFO - [2024-03-28T17:12:13.488+0000] {dagbag.py:540} INFO - Filling up the DagBag from /home/airflow/.local/lib/python3.8/site-packages/airflow/example_dags/tutorial_taskflow_api.py
[2024-03-28T17:12:13.669+0000] {processor.py:840} INFO - DAG(s) 'tutorial_taskflow_api' retrieved from /home/airflow/.local/lib/python3.8/site-packages/airflow/example_dags/tutorial_taskflow_api.py
[2024-03-28T17:12:14.066+0000] {logging_mixin.py:188} INFO - [2024-03-28T17:12:14.065+0000] {dag.py:3047} INFO - Sync 1 DAGs
[2024-03-28T17:12:14.221+0000] {logging_mixin.py:188} INFO - [2024-03-28T17:12:14.221+0000] {dag.py:3834} INFO - Setting next_dagrun for tutorial_taskflow_api to None, run_after=None
[2024-03-28T17:12:14.827+0000] {processor.py:183} INFO - Processing /home/airflow/.local/lib/python3.8/site-packages/airflow/example_dags/tutorial_taskflow_api.py took 1.712 seconds
[2024-03-28T17:12:51.403+0000] {processor.py:161} INFO - Started process (PID=465) to work on /home/airflow/.local/lib/python3.8/site-packages/airflow/example_dags/tutorial_taskflow_api.py
[2024-03-28T17:12:51.410+0000] {processor.py:830} INFO - Processing file /home/airflow/.local/lib/python3.8/site-packages/airflow/example_dags/tutorial_taskflow_api.py for tasks to queue
[2024-03-28T17:12:51.428+0000] {logging_mixin.py:188} INFO - [2024-03-28T17:12:51.426+0000] {dagbag.py:540} INFO - Filling up the DagBag from /home/airflow/.local/lib/python3.8/site-packages/airflow/example_dags/tutorial_taskflow_api.py
[2024-03-28T17:12:51.503+0000] {processor.py:840} INFO - DAG(s) 'tutorial_taskflow_api' retrieved from /home/airflow/.local/lib/python3.8/site-packages/airflow/example_dags/tutorial_taskflow_api.py
[2024-03-28T17:12:51.585+0000] {logging_mixin.py:188} INFO - [2024-03-28T17:12:51.584+0000] {dag.py:3047} INFO - Sync 1 DAGs
[2024-03-28T17:12:51.627+0000] {logging_mixin.py:188} INFO - [2024-03-28T17:12:51.626+0000] {dag.py:3834} INFO - Setting next_dagrun for tutorial_taskflow_api to None, run_after=None
[2024-03-28T17:12:51.728+0000] {processor.py:183} INFO - Processing /home/airflow/.local/lib/python3.8/site-packages/airflow/example_dags/tutorial_taskflow_api.py took 0.356 seconds
[2024-03-28T17:13:24.850+0000] {processor.py:161} INFO - Started process (PID=521) to work on /home/airflow/.local/lib/python3.8/site-packages/airflow/example_dags/tutorial_taskflow_api.py
[2024-03-28T17:13:24.862+0000] {processor.py:830} INFO - Processing file /home/airflow/.local/lib/python3.8/site-packages/airflow/example_dags/tutorial_taskflow_api.py for tasks to queue
[2024-03-28T17:13:24.952+0000] {logging_mixin.py:188} INFO - [2024-03-28T17:13:24.940+0000] {dagbag.py:540} INFO - Filling up the DagBag from /home/airflow/.local/lib/python3.8/site-packages/airflow/example_dags/tutorial_taskflow_api.py
[2024-03-28T17:13:25.135+0000] {processor.py:840} INFO - DAG(s) 'tutorial_taskflow_api' retrieved from /home/airflow/.local/lib/python3.8/site-packages/airflow/example_dags/tutorial_taskflow_api.py
[2024-03-28T17:13:26.092+0000] {logging_mixin.py:188} INFO - [2024-03-28T17:13:26.086+0000] {dag.py:3047} INFO - Sync 1 DAGs
[2024-03-28T17:13:26.223+0000] {logging_mixin.py:188} INFO - [2024-03-28T17:13:26.214+0000] {dag.py:3834} INFO - Setting next_dagrun for tutorial_taskflow_api to None, run_after=None
[2024-03-28T17:13:26.374+0000] {processor.py:183} INFO - Processing /home/airflow/.local/lib/python3.8/site-packages/airflow/example_dags/tutorial_taskflow_api.py took 1.827 seconds
[2024-03-28T17:13:59.623+0000] {processor.py:161} INFO - Started process (PID=582) to work on /home/airflow/.local/lib/python3.8/site-packages/airflow/example_dags/tutorial_taskflow_api.py
[2024-03-28T17:13:59.636+0000] {processor.py:830} INFO - Processing file /home/airflow/.local/lib/python3.8/site-packages/airflow/example_dags/tutorial_taskflow_api.py for tasks to queue
[2024-03-28T17:13:59.658+0000] {logging_mixin.py:188} INFO - [2024-03-28T17:13:59.655+0000] {dagbag.py:540} INFO - Filling up the DagBag from /home/airflow/.local/lib/python3.8/site-packages/airflow/example_dags/tutorial_taskflow_api.py
[2024-03-28T17:13:59.698+0000] {processor.py:840} INFO - DAG(s) 'tutorial_taskflow_api' retrieved from /home/airflow/.local/lib/python3.8/site-packages/airflow/example_dags/tutorial_taskflow_api.py
[2024-03-28T17:13:59.805+0000] {logging_mixin.py:188} INFO - [2024-03-28T17:13:59.803+0000] {dag.py:3047} INFO - Sync 1 DAGs
[2024-03-28T17:13:59.868+0000] {logging_mixin.py:188} INFO - [2024-03-28T17:13:59.867+0000] {dag.py:3834} INFO - Setting next_dagrun for tutorial_taskflow_api to None, run_after=None
[2024-03-28T17:13:59.975+0000] {processor.py:183} INFO - Processing /home/airflow/.local/lib/python3.8/site-packages/airflow/example_dags/tutorial_taskflow_api.py took 0.386 seconds
[2024-03-28T17:14:31.845+0000] {processor.py:161} INFO - Started process (PID=636) to work on /home/airflow/.local/lib/python3.8/site-packages/airflow/example_dags/tutorial_taskflow_api.py
[2024-03-28T17:14:31.876+0000] {processor.py:830} INFO - Processing file /home/airflow/.local/lib/python3.8/site-packages/airflow/example_dags/tutorial_taskflow_api.py for tasks to queue
[2024-03-28T17:14:31.932+0000] {logging_mixin.py:188} INFO - [2024-03-28T17:14:31.923+0000] {dagbag.py:540} INFO - Filling up the DagBag from /home/airflow/.local/lib/python3.8/site-packages/airflow/example_dags/tutorial_taskflow_api.py
[2024-03-28T17:14:32.075+0000] {processor.py:840} INFO - DAG(s) 'tutorial_taskflow_api' retrieved from /home/airflow/.local/lib/python3.8/site-packages/airflow/example_dags/tutorial_taskflow_api.py
[2024-03-28T17:14:32.237+0000] {logging_mixin.py:188} INFO - [2024-03-28T17:14:32.236+0000] {dag.py:3047} INFO - Sync 1 DAGs
[2024-03-28T17:14:32.729+0000] {logging_mixin.py:188} INFO - [2024-03-28T17:14:32.728+0000] {dag.py:3834} INFO - Setting next_dagrun for tutorial_taskflow_api to None, run_after=None
[2024-03-28T17:14:32.943+0000] {processor.py:183} INFO - Processing /home/airflow/.local/lib/python3.8/site-packages/airflow/example_dags/tutorial_taskflow_api.py took 1.217 seconds
[2024-03-28T17:15:03.270+0000] {processor.py:161} INFO - Started process (PID=690) to work on /home/airflow/.local/lib/python3.8/site-packages/airflow/example_dags/tutorial_taskflow_api.py
[2024-03-28T17:15:03.273+0000] {processor.py:830} INFO - Processing file /home/airflow/.local/lib/python3.8/site-packages/airflow/example_dags/tutorial_taskflow_api.py for tasks to queue
[2024-03-28T17:15:03.279+0000] {logging_mixin.py:188} INFO - [2024-03-28T17:15:03.278+0000] {dagbag.py:540} INFO - Filling up the DagBag from /home/airflow/.local/lib/python3.8/site-packages/airflow/example_dags/tutorial_taskflow_api.py
[2024-03-28T17:15:03.294+0000] {processor.py:840} INFO - DAG(s) 'tutorial_taskflow_api' retrieved from /home/airflow/.local/lib/python3.8/site-packages/airflow/example_dags/tutorial_taskflow_api.py
[2024-03-28T17:15:03.345+0000] {logging_mixin.py:188} INFO - [2024-03-28T17:15:03.344+0000] {dag.py:3047} INFO - Sync 1 DAGs
[2024-03-28T17:15:03.373+0000] {logging_mixin.py:188} INFO - [2024-03-28T17:15:03.372+0000] {dag.py:3834} INFO - Setting next_dagrun for tutorial_taskflow_api to None, run_after=None
[2024-03-28T17:15:03.416+0000] {processor.py:183} INFO - Processing /home/airflow/.local/lib/python3.8/site-packages/airflow/example_dags/tutorial_taskflow_api.py took 0.154 seconds
[2024-03-28T17:15:38.374+0000] {processor.py:161} INFO - Started process (PID=731) to work on /home/airflow/.local/lib/python3.8/site-packages/airflow/example_dags/tutorial_taskflow_api.py
[2024-03-28T17:15:38.378+0000] {processor.py:830} INFO - Processing file /home/airflow/.local/lib/python3.8/site-packages/airflow/example_dags/tutorial_taskflow_api.py for tasks to queue
[2024-03-28T17:15:38.393+0000] {logging_mixin.py:188} INFO - [2024-03-28T17:15:38.392+0000] {dagbag.py:540} INFO - Filling up the DagBag from /home/airflow/.local/lib/python3.8/site-packages/airflow/example_dags/tutorial_taskflow_api.py
[2024-03-28T17:15:38.432+0000] {processor.py:840} INFO - DAG(s) 'tutorial_taskflow_api' retrieved from /home/airflow/.local/lib/python3.8/site-packages/airflow/example_dags/tutorial_taskflow_api.py
[2024-03-28T17:15:38.514+0000] {logging_mixin.py:188} INFO - [2024-03-28T17:15:38.512+0000] {dag.py:3047} INFO - Sync 1 DAGs
[2024-03-28T17:15:38.692+0000] {logging_mixin.py:188} INFO - [2024-03-28T17:15:38.692+0000] {dag.py:3834} INFO - Setting next_dagrun for tutorial_taskflow_api to None, run_after=None
[2024-03-28T17:15:38.828+0000] {processor.py:183} INFO - Processing /home/airflow/.local/lib/python3.8/site-packages/airflow/example_dags/tutorial_taskflow_api.py took 0.468 seconds
[2024-03-28T17:16:09.946+0000] {processor.py:161} INFO - Started process (PID=786) to work on /home/airflow/.local/lib/python3.8/site-packages/airflow/example_dags/tutorial_taskflow_api.py
[2024-03-28T17:16:09.955+0000] {processor.py:830} INFO - Processing file /home/airflow/.local/lib/python3.8/site-packages/airflow/example_dags/tutorial_taskflow_api.py for tasks to queue
[2024-03-28T17:16:09.979+0000] {logging_mixin.py:188} INFO - [2024-03-28T17:16:09.972+0000] {dagbag.py:540} INFO - Filling up the DagBag from /home/airflow/.local/lib/python3.8/site-packages/airflow/example_dags/tutorial_taskflow_api.py
[2024-03-28T17:16:10.018+0000] {processor.py:840} INFO - DAG(s) 'tutorial_taskflow_api' retrieved from /home/airflow/.local/lib/python3.8/site-packages/airflow/example_dags/tutorial_taskflow_api.py
[2024-03-28T17:16:10.140+0000] {logging_mixin.py:188} INFO - [2024-03-28T17:16:10.139+0000] {dag.py:3047} INFO - Sync 1 DAGs
[2024-03-28T17:16:10.296+0000] {logging_mixin.py:188} INFO - [2024-03-28T17:16:10.295+0000] {dag.py:3834} INFO - Setting next_dagrun for tutorial_taskflow_api to None, run_after=None
[2024-03-28T17:16:10.394+0000] {processor.py:183} INFO - Processing /home/airflow/.local/lib/python3.8/site-packages/airflow/example_dags/tutorial_taskflow_api.py took 0.464 seconds
[2024-03-28T17:16:48.501+0000] {processor.py:161} INFO - Started process (PID=838) to work on /home/airflow/.local/lib/python3.8/site-packages/airflow/example_dags/tutorial_taskflow_api.py
[2024-03-28T17:16:48.509+0000] {processor.py:830} INFO - Processing file /home/airflow/.local/lib/python3.8/site-packages/airflow/example_dags/tutorial_taskflow_api.py for tasks to queue
[2024-03-28T17:16:48.524+0000] {logging_mixin.py:188} INFO - [2024-03-28T17:16:48.519+0000] {dagbag.py:540} INFO - Filling up the DagBag from /home/airflow/.local/lib/python3.8/site-packages/airflow/example_dags/tutorial_taskflow_api.py
[2024-03-28T17:16:48.578+0000] {processor.py:840} INFO - DAG(s) 'tutorial_taskflow_api' retrieved from /home/airflow/.local/lib/python3.8/site-packages/airflow/example_dags/tutorial_taskflow_api.py
[2024-03-28T17:16:48.842+0000] {logging_mixin.py:188} INFO - [2024-03-28T17:16:48.841+0000] {dag.py:3047} INFO - Sync 1 DAGs
[2024-03-28T17:16:49.137+0000] {logging_mixin.py:188} INFO - [2024-03-28T17:16:49.136+0000] {dag.py:3834} INFO - Setting next_dagrun for tutorial_taskflow_api to None, run_after=None
[2024-03-28T17:16:49.502+0000] {processor.py:183} INFO - Processing /home/airflow/.local/lib/python3.8/site-packages/airflow/example_dags/tutorial_taskflow_api.py took 1.013 seconds
[2024-03-28T17:17:26.727+0000] {processor.py:161} INFO - Started process (PID=893) to work on /home/airflow/.local/lib/python3.8/site-packages/airflow/example_dags/tutorial_taskflow_api.py
[2024-03-28T17:17:26.765+0000] {processor.py:830} INFO - Processing file /home/airflow/.local/lib/python3.8/site-packages/airflow/example_dags/tutorial_taskflow_api.py for tasks to queue
[2024-03-28T17:17:26.807+0000] {logging_mixin.py:188} INFO - [2024-03-28T17:17:26.806+0000] {dagbag.py:540} INFO - Filling up the DagBag from /home/airflow/.local/lib/python3.8/site-packages/airflow/example_dags/tutorial_taskflow_api.py
[2024-03-28T17:17:27.040+0000] {processor.py:840} INFO - DAG(s) 'tutorial_taskflow_api' retrieved from /home/airflow/.local/lib/python3.8/site-packages/airflow/example_dags/tutorial_taskflow_api.py
[2024-03-28T17:17:27.365+0000] {logging_mixin.py:188} INFO - [2024-03-28T17:17:27.365+0000] {dag.py:3047} INFO - Sync 1 DAGs
[2024-03-28T17:17:28.189+0000] {logging_mixin.py:188} INFO - [2024-03-28T17:17:28.185+0000] {dag.py:3834} INFO - Setting next_dagrun for tutorial_taskflow_api to None, run_after=None
[2024-03-28T17:17:28.442+0000] {processor.py:183} INFO - Processing /home/airflow/.local/lib/python3.8/site-packages/airflow/example_dags/tutorial_taskflow_api.py took 2.114 seconds
[2024-03-28T17:18:17.318+0000] {processor.py:161} INFO - Started process (PID=947) to work on /home/airflow/.local/lib/python3.8/site-packages/airflow/example_dags/tutorial_taskflow_api.py
[2024-03-28T17:18:17.372+0000] {processor.py:830} INFO - Processing file /home/airflow/.local/lib/python3.8/site-packages/airflow/example_dags/tutorial_taskflow_api.py for tasks to queue
[2024-03-28T17:18:17.467+0000] {logging_mixin.py:188} INFO - [2024-03-28T17:18:17.449+0000] {dagbag.py:540} INFO - Filling up the DagBag from /home/airflow/.local/lib/python3.8/site-packages/airflow/example_dags/tutorial_taskflow_api.py
[2024-03-28T17:18:17.883+0000] {processor.py:840} INFO - DAG(s) 'tutorial_taskflow_api' retrieved from /home/airflow/.local/lib/python3.8/site-packages/airflow/example_dags/tutorial_taskflow_api.py
[2024-03-28T17:18:18.878+0000] {logging_mixin.py:188} INFO - [2024-03-28T17:18:18.878+0000] {dag.py:3047} INFO - Sync 1 DAGs
[2024-03-28T17:18:19.059+0000] {logging_mixin.py:188} INFO - [2024-03-28T17:18:19.059+0000] {dag.py:3834} INFO - Setting next_dagrun for tutorial_taskflow_api to None, run_after=None
[2024-03-28T17:18:19.185+0000] {processor.py:183} INFO - Processing /home/airflow/.local/lib/python3.8/site-packages/airflow/example_dags/tutorial_taskflow_api.py took 2.030 seconds
[2024-03-28T17:18:55.741+0000] {processor.py:161} INFO - Started process (PID=995) to work on /home/airflow/.local/lib/python3.8/site-packages/airflow/example_dags/tutorial_taskflow_api.py
[2024-03-28T17:18:55.745+0000] {processor.py:830} INFO - Processing file /home/airflow/.local/lib/python3.8/site-packages/airflow/example_dags/tutorial_taskflow_api.py for tasks to queue
[2024-03-28T17:18:55.754+0000] {logging_mixin.py:188} INFO - [2024-03-28T17:18:55.752+0000] {dagbag.py:540} INFO - Filling up the DagBag from /home/airflow/.local/lib/python3.8/site-packages/airflow/example_dags/tutorial_taskflow_api.py
[2024-03-28T17:18:55.781+0000] {processor.py:840} INFO - DAG(s) 'tutorial_taskflow_api' retrieved from /home/airflow/.local/lib/python3.8/site-packages/airflow/example_dags/tutorial_taskflow_api.py
[2024-03-28T17:18:55.894+0000] {logging_mixin.py:188} INFO - [2024-03-28T17:18:55.893+0000] {dag.py:3047} INFO - Sync 1 DAGs
[2024-03-28T17:18:55.949+0000] {logging_mixin.py:188} INFO - [2024-03-28T17:18:55.948+0000] {dag.py:3834} INFO - Setting next_dagrun for tutorial_taskflow_api to None, run_after=None
[2024-03-28T17:18:56.025+0000] {processor.py:183} INFO - Processing /home/airflow/.local/lib/python3.8/site-packages/airflow/example_dags/tutorial_taskflow_api.py took 0.297 seconds
[2024-03-28T17:19:27.938+0000] {processor.py:161} INFO - Started process (PID=1049) to work on /home/airflow/.local/lib/python3.8/site-packages/airflow/example_dags/tutorial_taskflow_api.py
[2024-03-28T17:19:27.942+0000] {processor.py:830} INFO - Processing file /home/airflow/.local/lib/python3.8/site-packages/airflow/example_dags/tutorial_taskflow_api.py for tasks to queue
[2024-03-28T17:19:27.954+0000] {logging_mixin.py:188} INFO - [2024-03-28T17:19:27.952+0000] {dagbag.py:540} INFO - Filling up the DagBag from /home/airflow/.local/lib/python3.8/site-packages/airflow/example_dags/tutorial_taskflow_api.py
[2024-03-28T17:19:27.985+0000] {processor.py:840} INFO - DAG(s) 'tutorial_taskflow_api' retrieved from /home/airflow/.local/lib/python3.8/site-packages/airflow/example_dags/tutorial_taskflow_api.py
[2024-03-28T17:19:28.051+0000] {logging_mixin.py:188} INFO - [2024-03-28T17:19:28.050+0000] {dag.py:3047} INFO - Sync 1 DAGs
[2024-03-28T17:19:28.090+0000] {logging_mixin.py:188} INFO - [2024-03-28T17:19:28.090+0000] {dag.py:3834} INFO - Setting next_dagrun for tutorial_taskflow_api to None, run_after=None
[2024-03-28T17:19:28.151+0000] {processor.py:183} INFO - Processing /home/airflow/.local/lib/python3.8/site-packages/airflow/example_dags/tutorial_taskflow_api.py took 0.220 seconds
[2024-03-28T17:20:04.166+0000] {processor.py:161} INFO - Started process (PID=1105) to work on /home/airflow/.local/lib/python3.8/site-packages/airflow/example_dags/tutorial_taskflow_api.py
[2024-03-28T17:20:04.179+0000] {processor.py:830} INFO - Processing file /home/airflow/.local/lib/python3.8/site-packages/airflow/example_dags/tutorial_taskflow_api.py for tasks to queue
[2024-03-28T17:20:04.233+0000] {logging_mixin.py:188} INFO - [2024-03-28T17:20:04.219+0000] {dagbag.py:540} INFO - Filling up the DagBag from /home/airflow/.local/lib/python3.8/site-packages/airflow/example_dags/tutorial_taskflow_api.py
[2024-03-28T17:20:04.349+0000] {processor.py:840} INFO - DAG(s) 'tutorial_taskflow_api' retrieved from /home/airflow/.local/lib/python3.8/site-packages/airflow/example_dags/tutorial_taskflow_api.py
[2024-03-28T17:20:04.633+0000] {logging_mixin.py:188} INFO - [2024-03-28T17:20:04.632+0000] {dag.py:3047} INFO - Sync 1 DAGs
[2024-03-28T17:20:04.791+0000] {logging_mixin.py:188} INFO - [2024-03-28T17:20:04.790+0000] {dag.py:3834} INFO - Setting next_dagrun for tutorial_taskflow_api to None, run_after=None
[2024-03-28T17:20:05.020+0000] {processor.py:183} INFO - Processing /home/airflow/.local/lib/python3.8/site-packages/airflow/example_dags/tutorial_taskflow_api.py took 0.888 seconds
[2024-03-28T17:20:36.583+0000] {processor.py:161} INFO - Started process (PID=1165) to work on /home/airflow/.local/lib/python3.8/site-packages/airflow/example_dags/tutorial_taskflow_api.py
[2024-03-28T17:20:36.594+0000] {processor.py:830} INFO - Processing file /home/airflow/.local/lib/python3.8/site-packages/airflow/example_dags/tutorial_taskflow_api.py for tasks to queue
[2024-03-28T17:20:36.614+0000] {logging_mixin.py:188} INFO - [2024-03-28T17:20:36.606+0000] {dagbag.py:540} INFO - Filling up the DagBag from /home/airflow/.local/lib/python3.8/site-packages/airflow/example_dags/tutorial_taskflow_api.py
[2024-03-28T17:20:36.699+0000] {processor.py:840} INFO - DAG(s) 'tutorial_taskflow_api' retrieved from /home/airflow/.local/lib/python3.8/site-packages/airflow/example_dags/tutorial_taskflow_api.py
[2024-03-28T17:20:36.955+0000] {logging_mixin.py:188} INFO - [2024-03-28T17:20:36.955+0000] {dag.py:3047} INFO - Sync 1 DAGs
[2024-03-28T17:20:37.092+0000] {logging_mixin.py:188} INFO - [2024-03-28T17:20:37.092+0000] {dag.py:3834} INFO - Setting next_dagrun for tutorial_taskflow_api to None, run_after=None
[2024-03-28T17:20:37.252+0000] {processor.py:183} INFO - Processing /home/airflow/.local/lib/python3.8/site-packages/airflow/example_dags/tutorial_taskflow_api.py took 0.691 seconds
[2024-03-28T17:21:07.429+0000] {processor.py:161} INFO - Started process (PID=1220) to work on /home/airflow/.local/lib/python3.8/site-packages/airflow/example_dags/tutorial_taskflow_api.py
[2024-03-28T17:21:07.433+0000] {processor.py:830} INFO - Processing file /home/airflow/.local/lib/python3.8/site-packages/airflow/example_dags/tutorial_taskflow_api.py for tasks to queue
[2024-03-28T17:21:07.445+0000] {logging_mixin.py:188} INFO - [2024-03-28T17:21:07.443+0000] {dagbag.py:540} INFO - Filling up the DagBag from /home/airflow/.local/lib/python3.8/site-packages/airflow/example_dags/tutorial_taskflow_api.py
[2024-03-28T17:21:07.462+0000] {processor.py:840} INFO - DAG(s) 'tutorial_taskflow_api' retrieved from /home/airflow/.local/lib/python3.8/site-packages/airflow/example_dags/tutorial_taskflow_api.py
[2024-03-28T17:21:07.514+0000] {logging_mixin.py:188} INFO - [2024-03-28T17:21:07.513+0000] {dag.py:3047} INFO - Sync 1 DAGs
[2024-03-28T17:21:07.550+0000] {logging_mixin.py:188} INFO - [2024-03-28T17:21:07.549+0000] {dag.py:3834} INFO - Setting next_dagrun for tutorial_taskflow_api to None, run_after=None
[2024-03-28T17:21:07.605+0000] {processor.py:183} INFO - Processing /home/airflow/.local/lib/python3.8/site-packages/airflow/example_dags/tutorial_taskflow_api.py took 0.186 seconds
[2024-03-28T17:21:37.821+0000] {processor.py:161} INFO - Started process (PID=1275) to work on /home/airflow/.local/lib/python3.8/site-packages/airflow/example_dags/tutorial_taskflow_api.py
[2024-03-28T17:21:37.826+0000] {processor.py:830} INFO - Processing file /home/airflow/.local/lib/python3.8/site-packages/airflow/example_dags/tutorial_taskflow_api.py for tasks to queue
[2024-03-28T17:21:37.837+0000] {logging_mixin.py:188} INFO - [2024-03-28T17:21:37.834+0000] {dagbag.py:540} INFO - Filling up the DagBag from /home/airflow/.local/lib/python3.8/site-packages/airflow/example_dags/tutorial_taskflow_api.py
[2024-03-28T17:21:37.872+0000] {processor.py:840} INFO - DAG(s) 'tutorial_taskflow_api' retrieved from /home/airflow/.local/lib/python3.8/site-packages/airflow/example_dags/tutorial_taskflow_api.py
[2024-03-28T17:21:37.991+0000] {logging_mixin.py:188} INFO - [2024-03-28T17:21:37.990+0000] {dag.py:3047} INFO - Sync 1 DAGs
[2024-03-28T17:21:38.049+0000] {logging_mixin.py:188} INFO - [2024-03-28T17:21:38.048+0000] {dag.py:3834} INFO - Setting next_dagrun for tutorial_taskflow_api to None, run_after=None
[2024-03-28T17:21:38.165+0000] {processor.py:183} INFO - Processing /home/airflow/.local/lib/python3.8/site-packages/airflow/example_dags/tutorial_taskflow_api.py took 0.359 seconds
[2024-03-28T17:22:09.079+0000] {processor.py:161} INFO - Started process (PID=1331) to work on /home/airflow/.local/lib/python3.8/site-packages/airflow/example_dags/tutorial_taskflow_api.py
[2024-03-28T17:22:09.082+0000] {processor.py:830} INFO - Processing file /home/airflow/.local/lib/python3.8/site-packages/airflow/example_dags/tutorial_taskflow_api.py for tasks to queue
[2024-03-28T17:22:09.090+0000] {logging_mixin.py:188} INFO - [2024-03-28T17:22:09.089+0000] {dagbag.py:540} INFO - Filling up the DagBag from /home/airflow/.local/lib/python3.8/site-packages/airflow/example_dags/tutorial_taskflow_api.py
[2024-03-28T17:22:09.111+0000] {processor.py:840} INFO - DAG(s) 'tutorial_taskflow_api' retrieved from /home/airflow/.local/lib/python3.8/site-packages/airflow/example_dags/tutorial_taskflow_api.py
[2024-03-28T17:22:09.162+0000] {logging_mixin.py:188} INFO - [2024-03-28T17:22:09.161+0000] {dag.py:3047} INFO - Sync 1 DAGs
[2024-03-28T17:22:09.195+0000] {logging_mixin.py:188} INFO - [2024-03-28T17:22:09.194+0000] {dag.py:3834} INFO - Setting next_dagrun for tutorial_taskflow_api to None, run_after=None
[2024-03-28T17:22:09.287+0000] {processor.py:183} INFO - Processing /home/airflow/.local/lib/python3.8/site-packages/airflow/example_dags/tutorial_taskflow_api.py took 0.220 seconds
[2024-03-28T17:22:56.067+0000] {processor.py:161} INFO - Started process (PID=1379) to work on /home/airflow/.local/lib/python3.8/site-packages/airflow/example_dags/tutorial_taskflow_api.py
[2024-03-28T17:22:56.097+0000] {processor.py:830} INFO - Processing file /home/airflow/.local/lib/python3.8/site-packages/airflow/example_dags/tutorial_taskflow_api.py for tasks to queue
[2024-03-28T17:22:56.126+0000] {logging_mixin.py:188} INFO - [2024-03-28T17:22:56.120+0000] {dagbag.py:540} INFO - Filling up the DagBag from /home/airflow/.local/lib/python3.8/site-packages/airflow/example_dags/tutorial_taskflow_api.py
[2024-03-28T17:22:56.173+0000] {processor.py:840} INFO - DAG(s) 'tutorial_taskflow_api' retrieved from /home/airflow/.local/lib/python3.8/site-packages/airflow/example_dags/tutorial_taskflow_api.py
[2024-03-28T17:22:56.300+0000] {logging_mixin.py:188} INFO - [2024-03-28T17:22:56.296+0000] {dag.py:3047} INFO - Sync 1 DAGs
[2024-03-28T17:22:56.410+0000] {logging_mixin.py:188} INFO - [2024-03-28T17:22:56.409+0000] {dag.py:3834} INFO - Setting next_dagrun for tutorial_taskflow_api to None, run_after=None
[2024-03-28T17:22:56.552+0000] {processor.py:183} INFO - Processing /home/airflow/.local/lib/python3.8/site-packages/airflow/example_dags/tutorial_taskflow_api.py took 0.506 seconds
[2024-03-28T17:23:26.929+0000] {processor.py:161} INFO - Started process (PID=1434) to work on /home/airflow/.local/lib/python3.8/site-packages/airflow/example_dags/tutorial_taskflow_api.py
[2024-03-28T17:23:26.933+0000] {processor.py:830} INFO - Processing file /home/airflow/.local/lib/python3.8/site-packages/airflow/example_dags/tutorial_taskflow_api.py for tasks to queue
[2024-03-28T17:23:26.945+0000] {logging_mixin.py:188} INFO - [2024-03-28T17:23:26.943+0000] {dagbag.py:540} INFO - Filling up the DagBag from /home/airflow/.local/lib/python3.8/site-packages/airflow/example_dags/tutorial_taskflow_api.py
[2024-03-28T17:23:26.966+0000] {processor.py:840} INFO - DAG(s) 'tutorial_taskflow_api' retrieved from /home/airflow/.local/lib/python3.8/site-packages/airflow/example_dags/tutorial_taskflow_api.py
[2024-03-28T17:23:27.031+0000] {logging_mixin.py:188} INFO - [2024-03-28T17:23:27.031+0000] {dag.py:3047} INFO - Sync 1 DAGs
[2024-03-28T17:23:27.064+0000] {logging_mixin.py:188} INFO - [2024-03-28T17:23:27.064+0000] {dag.py:3834} INFO - Setting next_dagrun for tutorial_taskflow_api to None, run_after=None
[2024-03-28T17:23:27.112+0000] {processor.py:183} INFO - Processing /home/airflow/.local/lib/python3.8/site-packages/airflow/example_dags/tutorial_taskflow_api.py took 0.193 seconds
[2024-03-28T17:24:00.722+0000] {processor.py:161} INFO - Started process (PID=1489) to work on /home/airflow/.local/lib/python3.8/site-packages/airflow/example_dags/tutorial_taskflow_api.py
[2024-03-28T17:24:00.742+0000] {processor.py:830} INFO - Processing file /home/airflow/.local/lib/python3.8/site-packages/airflow/example_dags/tutorial_taskflow_api.py for tasks to queue
[2024-03-28T17:24:00.840+0000] {logging_mixin.py:188} INFO - [2024-03-28T17:24:00.840+0000] {dagbag.py:540} INFO - Filling up the DagBag from /home/airflow/.local/lib/python3.8/site-packages/airflow/example_dags/tutorial_taskflow_api.py
[2024-03-28T17:24:00.895+0000] {processor.py:840} INFO - DAG(s) 'tutorial_taskflow_api' retrieved from /home/airflow/.local/lib/python3.8/site-packages/airflow/example_dags/tutorial_taskflow_api.py
[2024-03-28T17:24:01.025+0000] {logging_mixin.py:188} INFO - [2024-03-28T17:24:01.024+0000] {dag.py:3047} INFO - Sync 1 DAGs
[2024-03-28T17:24:01.190+0000] {logging_mixin.py:188} INFO - [2024-03-28T17:24:01.190+0000] {dag.py:3834} INFO - Setting next_dagrun for tutorial_taskflow_api to None, run_after=None
[2024-03-28T17:24:01.350+0000] {processor.py:183} INFO - Processing /home/airflow/.local/lib/python3.8/site-packages/airflow/example_dags/tutorial_taskflow_api.py took 0.675 seconds
[2024-03-28T17:24:31.940+0000] {processor.py:161} INFO - Started process (PID=1542) to work on /home/airflow/.local/lib/python3.8/site-packages/airflow/example_dags/tutorial_taskflow_api.py
[2024-03-28T17:24:31.960+0000] {processor.py:830} INFO - Processing file /home/airflow/.local/lib/python3.8/site-packages/airflow/example_dags/tutorial_taskflow_api.py for tasks to queue
[2024-03-28T17:24:31.988+0000] {logging_mixin.py:188} INFO - [2024-03-28T17:24:31.983+0000] {dagbag.py:540} INFO - Filling up the DagBag from /home/airflow/.local/lib/python3.8/site-packages/airflow/example_dags/tutorial_taskflow_api.py
[2024-03-28T17:24:32.064+0000] {processor.py:840} INFO - DAG(s) 'tutorial_taskflow_api' retrieved from /home/airflow/.local/lib/python3.8/site-packages/airflow/example_dags/tutorial_taskflow_api.py
[2024-03-28T17:24:32.222+0000] {logging_mixin.py:188} INFO - [2024-03-28T17:24:32.221+0000] {dag.py:3047} INFO - Sync 1 DAGs
[2024-03-28T17:24:32.333+0000] {logging_mixin.py:188} INFO - [2024-03-28T17:24:32.333+0000] {dag.py:3834} INFO - Setting next_dagrun for tutorial_taskflow_api to None, run_after=None
[2024-03-28T17:24:32.441+0000] {processor.py:183} INFO - Processing /home/airflow/.local/lib/python3.8/site-packages/airflow/example_dags/tutorial_taskflow_api.py took 0.580 seconds
[2024-03-28T17:25:03.052+0000] {processor.py:161} INFO - Started process (PID=1598) to work on /home/airflow/.local/lib/python3.8/site-packages/airflow/example_dags/tutorial_taskflow_api.py
[2024-03-28T17:25:03.058+0000] {processor.py:830} INFO - Processing file /home/airflow/.local/lib/python3.8/site-packages/airflow/example_dags/tutorial_taskflow_api.py for tasks to queue
[2024-03-28T17:25:03.065+0000] {logging_mixin.py:188} INFO - [2024-03-28T17:25:03.064+0000] {dagbag.py:540} INFO - Filling up the DagBag from /home/airflow/.local/lib/python3.8/site-packages/airflow/example_dags/tutorial_taskflow_api.py
[2024-03-28T17:25:03.088+0000] {processor.py:840} INFO - DAG(s) 'tutorial_taskflow_api' retrieved from /home/airflow/.local/lib/python3.8/site-packages/airflow/example_dags/tutorial_taskflow_api.py
[2024-03-28T17:25:03.145+0000] {logging_mixin.py:188} INFO - [2024-03-28T17:25:03.144+0000] {dag.py:3047} INFO - Sync 1 DAGs
[2024-03-28T17:25:03.196+0000] {logging_mixin.py:188} INFO - [2024-03-28T17:25:03.195+0000] {dag.py:3834} INFO - Setting next_dagrun for tutorial_taskflow_api to None, run_after=None
[2024-03-28T17:25:03.257+0000] {processor.py:183} INFO - Processing /home/airflow/.local/lib/python3.8/site-packages/airflow/example_dags/tutorial_taskflow_api.py took 0.218 seconds
[2024-03-28T17:25:33.803+0000] {processor.py:161} INFO - Started process (PID=1653) to work on /home/airflow/.local/lib/python3.8/site-packages/airflow/example_dags/tutorial_taskflow_api.py
[2024-03-28T17:25:33.813+0000] {processor.py:830} INFO - Processing file /home/airflow/.local/lib/python3.8/site-packages/airflow/example_dags/tutorial_taskflow_api.py for tasks to queue
[2024-03-28T17:25:33.827+0000] {logging_mixin.py:188} INFO - [2024-03-28T17:25:33.823+0000] {dagbag.py:540} INFO - Filling up the DagBag from /home/airflow/.local/lib/python3.8/site-packages/airflow/example_dags/tutorial_taskflow_api.py
[2024-03-28T17:25:33.854+0000] {processor.py:840} INFO - DAG(s) 'tutorial_taskflow_api' retrieved from /home/airflow/.local/lib/python3.8/site-packages/airflow/example_dags/tutorial_taskflow_api.py
[2024-03-28T17:25:33.905+0000] {logging_mixin.py:188} INFO - [2024-03-28T17:25:33.904+0000] {dag.py:3047} INFO - Sync 1 DAGs
[2024-03-28T17:25:33.938+0000] {logging_mixin.py:188} INFO - [2024-03-28T17:25:33.937+0000] {dag.py:3834} INFO - Setting next_dagrun for tutorial_taskflow_api to None, run_after=None
[2024-03-28T17:25:33.990+0000] {processor.py:183} INFO - Processing /home/airflow/.local/lib/python3.8/site-packages/airflow/example_dags/tutorial_taskflow_api.py took 0.193 seconds
[2024-03-28T17:26:07.287+0000] {processor.py:161} INFO - Started process (PID=1705) to work on /home/airflow/.local/lib/python3.8/site-packages/airflow/example_dags/tutorial_taskflow_api.py
[2024-03-28T17:26:07.291+0000] {processor.py:830} INFO - Processing file /home/airflow/.local/lib/python3.8/site-packages/airflow/example_dags/tutorial_taskflow_api.py for tasks to queue
[2024-03-28T17:26:07.310+0000] {logging_mixin.py:188} INFO - [2024-03-28T17:26:07.306+0000] {dagbag.py:540} INFO - Filling up the DagBag from /home/airflow/.local/lib/python3.8/site-packages/airflow/example_dags/tutorial_taskflow_api.py
[2024-03-28T17:26:07.397+0000] {processor.py:840} INFO - DAG(s) 'tutorial_taskflow_api' retrieved from /home/airflow/.local/lib/python3.8/site-packages/airflow/example_dags/tutorial_taskflow_api.py
[2024-03-28T17:26:07.481+0000] {logging_mixin.py:188} INFO - [2024-03-28T17:26:07.479+0000] {dag.py:3047} INFO - Sync 1 DAGs
[2024-03-28T17:26:07.598+0000] {logging_mixin.py:188} INFO - [2024-03-28T17:26:07.597+0000] {dag.py:3834} INFO - Setting next_dagrun for tutorial_taskflow_api to None, run_after=None
[2024-03-28T17:26:07.797+0000] {processor.py:183} INFO - Processing /home/airflow/.local/lib/python3.8/site-packages/airflow/example_dags/tutorial_taskflow_api.py took 0.526 seconds
[2024-03-28T17:26:45.733+0000] {processor.py:161} INFO - Started process (PID=1767) to work on /home/airflow/.local/lib/python3.8/site-packages/airflow/example_dags/tutorial_taskflow_api.py
[2024-03-28T17:26:45.745+0000] {processor.py:830} INFO - Processing file /home/airflow/.local/lib/python3.8/site-packages/airflow/example_dags/tutorial_taskflow_api.py for tasks to queue
[2024-03-28T17:26:45.758+0000] {logging_mixin.py:188} INFO - [2024-03-28T17:26:45.757+0000] {dagbag.py:540} INFO - Filling up the DagBag from /home/airflow/.local/lib/python3.8/site-packages/airflow/example_dags/tutorial_taskflow_api.py
[2024-03-28T17:26:45.809+0000] {processor.py:840} INFO - DAG(s) 'tutorial_taskflow_api' retrieved from /home/airflow/.local/lib/python3.8/site-packages/airflow/example_dags/tutorial_taskflow_api.py
[2024-03-28T17:26:45.975+0000] {logging_mixin.py:188} INFO - [2024-03-28T17:26:45.969+0000] {dag.py:3047} INFO - Sync 1 DAGs
[2024-03-28T17:26:46.106+0000] {logging_mixin.py:188} INFO - [2024-03-28T17:26:46.105+0000] {dag.py:3834} INFO - Setting next_dagrun for tutorial_taskflow_api to None, run_after=None
[2024-03-28T17:26:46.398+0000] {processor.py:183} INFO - Processing /home/airflow/.local/lib/python3.8/site-packages/airflow/example_dags/tutorial_taskflow_api.py took 0.693 seconds
[2024-03-28T17:27:17.994+0000] {processor.py:161} INFO - Started process (PID=1823) to work on /home/airflow/.local/lib/python3.8/site-packages/airflow/example_dags/tutorial_taskflow_api.py
[2024-03-28T17:27:18.022+0000] {processor.py:830} INFO - Processing file /home/airflow/.local/lib/python3.8/site-packages/airflow/example_dags/tutorial_taskflow_api.py for tasks to queue
[2024-03-28T17:27:18.072+0000] {logging_mixin.py:188} INFO - [2024-03-28T17:27:18.062+0000] {dagbag.py:540} INFO - Filling up the DagBag from /home/airflow/.local/lib/python3.8/site-packages/airflow/example_dags/tutorial_taskflow_api.py
[2024-03-28T17:27:18.195+0000] {processor.py:840} INFO - DAG(s) 'tutorial_taskflow_api' retrieved from /home/airflow/.local/lib/python3.8/site-packages/airflow/example_dags/tutorial_taskflow_api.py
[2024-03-28T17:27:18.546+0000] {logging_mixin.py:188} INFO - [2024-03-28T17:27:18.545+0000] {dag.py:3047} INFO - Sync 1 DAGs
[2024-03-28T17:27:18.898+0000] {logging_mixin.py:188} INFO - [2024-03-28T17:27:18.898+0000] {dag.py:3834} INFO - Setting next_dagrun for tutorial_taskflow_api to None, run_after=None
[2024-03-28T17:27:19.189+0000] {processor.py:183} INFO - Processing /home/airflow/.local/lib/python3.8/site-packages/airflow/example_dags/tutorial_taskflow_api.py took 1.252 seconds
[2024-03-28T17:27:49.529+0000] {processor.py:161} INFO - Started process (PID=1879) to work on /home/airflow/.local/lib/python3.8/site-packages/airflow/example_dags/tutorial_taskflow_api.py
[2024-03-28T17:27:49.536+0000] {processor.py:830} INFO - Processing file /home/airflow/.local/lib/python3.8/site-packages/airflow/example_dags/tutorial_taskflow_api.py for tasks to queue
[2024-03-28T17:27:49.547+0000] {logging_mixin.py:188} INFO - [2024-03-28T17:27:49.545+0000] {dagbag.py:540} INFO - Filling up the DagBag from /home/airflow/.local/lib/python3.8/site-packages/airflow/example_dags/tutorial_taskflow_api.py
[2024-03-28T17:27:49.570+0000] {processor.py:840} INFO - DAG(s) 'tutorial_taskflow_api' retrieved from /home/airflow/.local/lib/python3.8/site-packages/airflow/example_dags/tutorial_taskflow_api.py
[2024-03-28T17:27:49.685+0000] {logging_mixin.py:188} INFO - [2024-03-28T17:27:49.684+0000] {dag.py:3047} INFO - Sync 1 DAGs
[2024-03-28T17:27:49.779+0000] {logging_mixin.py:188} INFO - [2024-03-28T17:27:49.779+0000] {dag.py:3834} INFO - Setting next_dagrun for tutorial_taskflow_api to None, run_after=None
[2024-03-28T17:27:49.926+0000] {processor.py:183} INFO - Processing /home/airflow/.local/lib/python3.8/site-packages/airflow/example_dags/tutorial_taskflow_api.py took 0.412 seconds
[2024-03-28T17:28:20.038+0000] {processor.py:161} INFO - Started process (PID=1935) to work on /home/airflow/.local/lib/python3.8/site-packages/airflow/example_dags/tutorial_taskflow_api.py
[2024-03-28T17:28:20.045+0000] {processor.py:830} INFO - Processing file /home/airflow/.local/lib/python3.8/site-packages/airflow/example_dags/tutorial_taskflow_api.py for tasks to queue
[2024-03-28T17:28:20.061+0000] {logging_mixin.py:188} INFO - [2024-03-28T17:28:20.059+0000] {dagbag.py:540} INFO - Filling up the DagBag from /home/airflow/.local/lib/python3.8/site-packages/airflow/example_dags/tutorial_taskflow_api.py
[2024-03-28T17:28:20.090+0000] {processor.py:840} INFO - DAG(s) 'tutorial_taskflow_api' retrieved from /home/airflow/.local/lib/python3.8/site-packages/airflow/example_dags/tutorial_taskflow_api.py
[2024-03-28T17:28:20.142+0000] {logging_mixin.py:188} INFO - [2024-03-28T17:28:20.140+0000] {dag.py:3047} INFO - Sync 1 DAGs
[2024-03-28T17:28:20.176+0000] {logging_mixin.py:188} INFO - [2024-03-28T17:28:20.175+0000] {dag.py:3834} INFO - Setting next_dagrun for tutorial_taskflow_api to None, run_after=None
[2024-03-28T17:28:20.243+0000] {processor.py:183} INFO - Processing /home/airflow/.local/lib/python3.8/site-packages/airflow/example_dags/tutorial_taskflow_api.py took 0.225 seconds
[2024-03-28T17:28:53.943+0000] {processor.py:161} INFO - Started process (PID=1988) to work on /home/airflow/.local/lib/python3.8/site-packages/airflow/example_dags/tutorial_taskflow_api.py
[2024-03-28T17:28:53.952+0000] {processor.py:830} INFO - Processing file /home/airflow/.local/lib/python3.8/site-packages/airflow/example_dags/tutorial_taskflow_api.py for tasks to queue
[2024-03-28T17:28:53.983+0000] {logging_mixin.py:188} INFO - [2024-03-28T17:28:53.980+0000] {dagbag.py:540} INFO - Filling up the DagBag from /home/airflow/.local/lib/python3.8/site-packages/airflow/example_dags/tutorial_taskflow_api.py
[2024-03-28T17:28:54.045+0000] {processor.py:840} INFO - DAG(s) 'tutorial_taskflow_api' retrieved from /home/airflow/.local/lib/python3.8/site-packages/airflow/example_dags/tutorial_taskflow_api.py
[2024-03-28T17:28:54.142+0000] {logging_mixin.py:188} INFO - [2024-03-28T17:28:54.141+0000] {dag.py:3047} INFO - Sync 1 DAGs
[2024-03-28T17:28:54.236+0000] {logging_mixin.py:188} INFO - [2024-03-28T17:28:54.226+0000] {dag.py:3834} INFO - Setting next_dagrun for tutorial_taskflow_api to None, run_after=None
[2024-03-28T17:28:54.351+0000] {processor.py:183} INFO - Processing /home/airflow/.local/lib/python3.8/site-packages/airflow/example_dags/tutorial_taskflow_api.py took 0.426 seconds
[2024-03-28T17:29:30.381+0000] {processor.py:161} INFO - Started process (PID=2045) to work on /home/airflow/.local/lib/python3.8/site-packages/airflow/example_dags/tutorial_taskflow_api.py
[2024-03-28T17:29:30.384+0000] {processor.py:830} INFO - Processing file /home/airflow/.local/lib/python3.8/site-packages/airflow/example_dags/tutorial_taskflow_api.py for tasks to queue
[2024-03-28T17:29:30.392+0000] {logging_mixin.py:188} INFO - [2024-03-28T17:29:30.391+0000] {dagbag.py:540} INFO - Filling up the DagBag from /home/airflow/.local/lib/python3.8/site-packages/airflow/example_dags/tutorial_taskflow_api.py
[2024-03-28T17:29:30.419+0000] {processor.py:840} INFO - DAG(s) 'tutorial_taskflow_api' retrieved from /home/airflow/.local/lib/python3.8/site-packages/airflow/example_dags/tutorial_taskflow_api.py
[2024-03-28T17:29:30.538+0000] {logging_mixin.py:188} INFO - [2024-03-28T17:29:30.538+0000] {dag.py:3047} INFO - Sync 1 DAGs
[2024-03-28T17:29:30.591+0000] {logging_mixin.py:188} INFO - [2024-03-28T17:29:30.591+0000] {dag.py:3834} INFO - Setting next_dagrun for tutorial_taskflow_api to None, run_after=None
[2024-03-28T17:29:30.660+0000] {processor.py:183} INFO - Processing /home/airflow/.local/lib/python3.8/site-packages/airflow/example_dags/tutorial_taskflow_api.py took 0.290 seconds
[2024-03-28T17:30:05.405+0000] {processor.py:161} INFO - Started process (PID=2099) to work on /home/airflow/.local/lib/python3.8/site-packages/airflow/example_dags/tutorial_taskflow_api.py
[2024-03-28T17:30:05.409+0000] {processor.py:830} INFO - Processing file /home/airflow/.local/lib/python3.8/site-packages/airflow/example_dags/tutorial_taskflow_api.py for tasks to queue
[2024-03-28T17:30:05.420+0000] {logging_mixin.py:188} INFO - [2024-03-28T17:30:05.419+0000] {dagbag.py:540} INFO - Filling up the DagBag from /home/airflow/.local/lib/python3.8/site-packages/airflow/example_dags/tutorial_taskflow_api.py
[2024-03-28T17:30:05.448+0000] {processor.py:840} INFO - DAG(s) 'tutorial_taskflow_api' retrieved from /home/airflow/.local/lib/python3.8/site-packages/airflow/example_dags/tutorial_taskflow_api.py
[2024-03-28T17:30:05.513+0000] {logging_mixin.py:188} INFO - [2024-03-28T17:30:05.512+0000] {dag.py:3047} INFO - Sync 1 DAGs
[2024-03-28T17:30:05.552+0000] {logging_mixin.py:188} INFO - [2024-03-28T17:30:05.551+0000] {dag.py:3834} INFO - Setting next_dagrun for tutorial_taskflow_api to None, run_after=None
[2024-03-28T17:30:05.626+0000] {processor.py:183} INFO - Processing /home/airflow/.local/lib/python3.8/site-packages/airflow/example_dags/tutorial_taskflow_api.py took 0.233 seconds
[2024-03-28T17:30:41.138+0000] {processor.py:161} INFO - Started process (PID=2154) to work on /home/airflow/.local/lib/python3.8/site-packages/airflow/example_dags/tutorial_taskflow_api.py
[2024-03-28T17:30:41.148+0000] {processor.py:830} INFO - Processing file /home/airflow/.local/lib/python3.8/site-packages/airflow/example_dags/tutorial_taskflow_api.py for tasks to queue
[2024-03-28T17:30:41.176+0000] {logging_mixin.py:188} INFO - [2024-03-28T17:30:41.169+0000] {dagbag.py:540} INFO - Filling up the DagBag from /home/airflow/.local/lib/python3.8/site-packages/airflow/example_dags/tutorial_taskflow_api.py
[2024-03-28T17:30:41.238+0000] {processor.py:840} INFO - DAG(s) 'tutorial_taskflow_api' retrieved from /home/airflow/.local/lib/python3.8/site-packages/airflow/example_dags/tutorial_taskflow_api.py
[2024-03-28T17:30:41.741+0000] {logging_mixin.py:188} INFO - [2024-03-28T17:30:41.741+0000] {dag.py:3047} INFO - Sync 1 DAGs
[2024-03-28T17:30:44.342+0000] {logging_mixin.py:188} INFO - [2024-03-28T17:30:43.889+0000] {dag.py:3834} INFO - Setting next_dagrun for tutorial_taskflow_api to None, run_after=None
[2024-03-28T17:30:47.052+0000] {processor.py:183} INFO - Processing /home/airflow/.local/lib/python3.8/site-packages/airflow/example_dags/tutorial_taskflow_api.py took 5.962 seconds
[2024-03-28T17:31:18.364+0000] {processor.py:161} INFO - Started process (PID=2214) to work on /home/airflow/.local/lib/python3.8/site-packages/airflow/example_dags/tutorial_taskflow_api.py
[2024-03-28T17:31:18.437+0000] {processor.py:830} INFO - Processing file /home/airflow/.local/lib/python3.8/site-packages/airflow/example_dags/tutorial_taskflow_api.py for tasks to queue
[2024-03-28T17:31:18.463+0000] {logging_mixin.py:188} INFO - [2024-03-28T17:31:18.452+0000] {dagbag.py:540} INFO - Filling up the DagBag from /home/airflow/.local/lib/python3.8/site-packages/airflow/example_dags/tutorial_taskflow_api.py
[2024-03-28T17:31:18.632+0000] {processor.py:840} INFO - DAG(s) 'tutorial_taskflow_api' retrieved from /home/airflow/.local/lib/python3.8/site-packages/airflow/example_dags/tutorial_taskflow_api.py
[2024-03-28T17:31:18.933+0000] {logging_mixin.py:188} INFO - [2024-03-28T17:31:18.932+0000] {dag.py:3047} INFO - Sync 1 DAGs
[2024-03-28T17:31:19.562+0000] {logging_mixin.py:188} INFO - [2024-03-28T17:31:19.562+0000] {dag.py:3834} INFO - Setting next_dagrun for tutorial_taskflow_api to None, run_after=None
[2024-03-28T17:31:19.854+0000] {processor.py:183} INFO - Processing /home/airflow/.local/lib/python3.8/site-packages/airflow/example_dags/tutorial_taskflow_api.py took 1.583 seconds
[2024-03-28T17:31:51.614+0000] {processor.py:161} INFO - Started process (PID=2268) to work on /home/airflow/.local/lib/python3.8/site-packages/airflow/example_dags/tutorial_taskflow_api.py
[2024-03-28T17:31:51.623+0000] {processor.py:830} INFO - Processing file /home/airflow/.local/lib/python3.8/site-packages/airflow/example_dags/tutorial_taskflow_api.py for tasks to queue
[2024-03-28T17:31:51.643+0000] {logging_mixin.py:188} INFO - [2024-03-28T17:31:51.640+0000] {dagbag.py:540} INFO - Filling up the DagBag from /home/airflow/.local/lib/python3.8/site-packages/airflow/example_dags/tutorial_taskflow_api.py
[2024-03-28T17:31:51.692+0000] {processor.py:840} INFO - DAG(s) 'tutorial_taskflow_api' retrieved from /home/airflow/.local/lib/python3.8/site-packages/airflow/example_dags/tutorial_taskflow_api.py
[2024-03-28T17:31:51.996+0000] {logging_mixin.py:188} INFO - [2024-03-28T17:31:51.994+0000] {dag.py:3047} INFO - Sync 1 DAGs
[2024-03-28T17:31:52.223+0000] {logging_mixin.py:188} INFO - [2024-03-28T17:31:52.216+0000] {dag.py:3834} INFO - Setting next_dagrun for tutorial_taskflow_api to None, run_after=None
[2024-03-28T17:31:52.424+0000] {processor.py:183} INFO - Processing /home/airflow/.local/lib/python3.8/site-packages/airflow/example_dags/tutorial_taskflow_api.py took 0.879 seconds
[2024-03-28T17:32:23.338+0000] {processor.py:161} INFO - Started process (PID=2323) to work on /home/airflow/.local/lib/python3.8/site-packages/airflow/example_dags/tutorial_taskflow_api.py
[2024-03-28T17:32:23.351+0000] {processor.py:830} INFO - Processing file /home/airflow/.local/lib/python3.8/site-packages/airflow/example_dags/tutorial_taskflow_api.py for tasks to queue
[2024-03-28T17:32:23.386+0000] {logging_mixin.py:188} INFO - [2024-03-28T17:32:23.378+0000] {dagbag.py:540} INFO - Filling up the DagBag from /home/airflow/.local/lib/python3.8/site-packages/airflow/example_dags/tutorial_taskflow_api.py
[2024-03-28T17:32:23.424+0000] {processor.py:840} INFO - DAG(s) 'tutorial_taskflow_api' retrieved from /home/airflow/.local/lib/python3.8/site-packages/airflow/example_dags/tutorial_taskflow_api.py
[2024-03-28T17:32:23.485+0000] {logging_mixin.py:188} INFO - [2024-03-28T17:32:23.480+0000] {dag.py:3047} INFO - Sync 1 DAGs
[2024-03-28T17:32:23.533+0000] {logging_mixin.py:188} INFO - [2024-03-28T17:32:23.533+0000] {dag.py:3834} INFO - Setting next_dagrun for tutorial_taskflow_api to None, run_after=None
[2024-03-28T17:32:23.617+0000] {processor.py:183} INFO - Processing /home/airflow/.local/lib/python3.8/site-packages/airflow/example_dags/tutorial_taskflow_api.py took 0.299 seconds
[2024-03-28T17:32:56.606+0000] {processor.py:161} INFO - Started process (PID=2371) to work on /home/airflow/.local/lib/python3.8/site-packages/airflow/example_dags/tutorial_taskflow_api.py
[2024-03-28T17:32:56.611+0000] {processor.py:830} INFO - Processing file /home/airflow/.local/lib/python3.8/site-packages/airflow/example_dags/tutorial_taskflow_api.py for tasks to queue
[2024-03-28T17:32:56.618+0000] {logging_mixin.py:188} INFO - [2024-03-28T17:32:56.617+0000] {dagbag.py:540} INFO - Filling up the DagBag from /home/airflow/.local/lib/python3.8/site-packages/airflow/example_dags/tutorial_taskflow_api.py
[2024-03-28T17:32:56.645+0000] {processor.py:840} INFO - DAG(s) 'tutorial_taskflow_api' retrieved from /home/airflow/.local/lib/python3.8/site-packages/airflow/example_dags/tutorial_taskflow_api.py
[2024-03-28T17:32:56.712+0000] {logging_mixin.py:188} INFO - [2024-03-28T17:32:56.712+0000] {dag.py:3047} INFO - Sync 1 DAGs
[2024-03-28T17:32:56.742+0000] {logging_mixin.py:188} INFO - [2024-03-28T17:32:56.742+0000] {dag.py:3834} INFO - Setting next_dagrun for tutorial_taskflow_api to None, run_after=None
[2024-03-28T17:32:56.826+0000] {processor.py:183} INFO - Processing /home/airflow/.local/lib/python3.8/site-packages/airflow/example_dags/tutorial_taskflow_api.py took 0.231 seconds
[2024-03-28T17:33:28.659+0000] {processor.py:161} INFO - Started process (PID=2426) to work on /home/airflow/.local/lib/python3.8/site-packages/airflow/example_dags/tutorial_taskflow_api.py
[2024-03-28T17:33:28.691+0000] {processor.py:830} INFO - Processing file /home/airflow/.local/lib/python3.8/site-packages/airflow/example_dags/tutorial_taskflow_api.py for tasks to queue
[2024-03-28T17:33:28.740+0000] {logging_mixin.py:188} INFO - [2024-03-28T17:33:28.739+0000] {dagbag.py:540} INFO - Filling up the DagBag from /home/airflow/.local/lib/python3.8/site-packages/airflow/example_dags/tutorial_taskflow_api.py
[2024-03-28T17:33:28.893+0000] {processor.py:840} INFO - DAG(s) 'tutorial_taskflow_api' retrieved from /home/airflow/.local/lib/python3.8/site-packages/airflow/example_dags/tutorial_taskflow_api.py
[2024-03-28T17:33:29.523+0000] {logging_mixin.py:188} INFO - [2024-03-28T17:33:29.520+0000] {dag.py:3047} INFO - Sync 1 DAGs
[2024-03-28T17:33:31.030+0000] {logging_mixin.py:188} INFO - [2024-03-28T17:33:31.029+0000] {dag.py:3834} INFO - Setting next_dagrun for tutorial_taskflow_api to None, run_after=None
