[2024-03-28T16:30:01.612+0000] {processor.py:161} INFO - Started process (PID=98) to work on /home/airflow/.local/lib/python3.8/site-packages/airflow/example_dags/tutorial_dag.py
[2024-03-28T16:30:01.643+0000] {processor.py:830} INFO - Processing file /home/airflow/.local/lib/python3.8/site-packages/airflow/example_dags/tutorial_dag.py for tasks to queue
[2024-03-28T16:30:01.783+0000] {logging_mixin.py:188} INFO - [2024-03-28T16:30:01.782+0000] {dagbag.py:540} INFO - Filling up the DagBag from /home/airflow/.local/lib/python3.8/site-packages/airflow/example_dags/tutorial_dag.py
[2024-03-28T16:30:02.045+0000] {processor.py:840} INFO - DAG(s) 'tutorial_dag' retrieved from /home/airflow/.local/lib/python3.8/site-packages/airflow/example_dags/tutorial_dag.py
[2024-03-28T16:30:07.639+0000] {logging_mixin.py:188} INFO - [2024-03-28T16:30:07.635+0000] {override.py:1769} INFO - Created Permission View: can edit on DAG:tutorial_dag
[2024-03-28T16:30:07.844+0000] {logging_mixin.py:188} INFO - [2024-03-28T16:30:07.841+0000] {override.py:1769} INFO - Created Permission View: can read on DAG:tutorial_dag
[2024-03-28T16:30:08.092+0000] {logging_mixin.py:188} INFO - [2024-03-28T16:30:08.076+0000] {override.py:1769} INFO - Created Permission View: can delete on DAG:tutorial_dag
[2024-03-28T16:30:08.118+0000] {logging_mixin.py:188} INFO - [2024-03-28T16:30:08.117+0000] {dag.py:3047} INFO - Sync 1 DAGs
[2024-03-28T16:30:08.555+0000] {logging_mixin.py:188} INFO - [2024-03-28T16:30:08.554+0000] {dag.py:3069} INFO - Creating ORM DAG for tutorial_dag
[2024-03-28T16:30:08.692+0000] {logging_mixin.py:188} INFO - [2024-03-28T16:30:08.672+0000] {dag.py:3834} INFO - Setting next_dagrun for tutorial_dag to None, run_after=None
[2024-03-28T16:30:10.405+0000] {processor.py:183} INFO - Processing /home/airflow/.local/lib/python3.8/site-packages/airflow/example_dags/tutorial_dag.py took 8.971 seconds
[2024-03-28T16:34:52.169+0000] {processor.py:161} INFO - Started process (PID=199) to work on /home/airflow/.local/lib/python3.8/site-packages/airflow/example_dags/tutorial_dag.py
[2024-03-28T16:34:52.264+0000] {processor.py:830} INFO - Processing file /home/airflow/.local/lib/python3.8/site-packages/airflow/example_dags/tutorial_dag.py for tasks to queue
[2024-03-28T16:34:52.362+0000] {logging_mixin.py:188} INFO - [2024-03-28T16:34:52.332+0000] {dagbag.py:540} INFO - Filling up the DagBag from /home/airflow/.local/lib/python3.8/site-packages/airflow/example_dags/tutorial_dag.py
[2024-03-28T16:34:53.324+0000] {processor.py:840} INFO - DAG(s) 'tutorial_dag' retrieved from /home/airflow/.local/lib/python3.8/site-packages/airflow/example_dags/tutorial_dag.py
[2024-03-28T16:34:53.923+0000] {logging_mixin.py:188} INFO - [2024-03-28T16:34:53.923+0000] {dag.py:3047} INFO - Sync 1 DAGs
[2024-03-28T16:34:55.091+0000] {logging_mixin.py:188} INFO - [2024-03-28T16:34:55.048+0000] {dag.py:3834} INFO - Setting next_dagrun for tutorial_dag to None, run_after=None
[2024-03-28T16:34:56.824+0000] {processor.py:183} INFO - Processing /home/airflow/.local/lib/python3.8/site-packages/airflow/example_dags/tutorial_dag.py took 4.859 seconds
[2024-03-28T16:37:21.637+0000] {processor.py:161} INFO - Started process (PID=266) to work on /home/airflow/.local/lib/python3.8/site-packages/airflow/example_dags/tutorial_dag.py
[2024-03-28T16:37:21.684+0000] {processor.py:830} INFO - Processing file /home/airflow/.local/lib/python3.8/site-packages/airflow/example_dags/tutorial_dag.py for tasks to queue
[2024-03-28T16:37:21.731+0000] {logging_mixin.py:188} INFO - [2024-03-28T16:37:21.726+0000] {dagbag.py:540} INFO - Filling up the DagBag from /home/airflow/.local/lib/python3.8/site-packages/airflow/example_dags/tutorial_dag.py
[2024-03-28T16:37:21.958+0000] {processor.py:840} INFO - DAG(s) 'tutorial_dag' retrieved from /home/airflow/.local/lib/python3.8/site-packages/airflow/example_dags/tutorial_dag.py
[2024-03-28T16:37:22.751+0000] {logging_mixin.py:188} INFO - [2024-03-28T16:37:22.751+0000] {dag.py:3047} INFO - Sync 1 DAGs
[2024-03-28T16:37:23.732+0000] {logging_mixin.py:188} INFO - [2024-03-28T16:37:23.718+0000] {dag.py:3834} INFO - Setting next_dagrun for tutorial_dag to None, run_after=None
[2024-03-28T16:37:25.189+0000] {processor.py:183} INFO - Processing /home/airflow/.local/lib/python3.8/site-packages/airflow/example_dags/tutorial_dag.py took 3.639 seconds
[2024-03-28T16:39:51.223+0000] {processor.py:161} INFO - Started process (PID=335) to work on /home/airflow/.local/lib/python3.8/site-packages/airflow/example_dags/tutorial_dag.py
[2024-03-28T16:39:51.337+0000] {processor.py:830} INFO - Processing file /home/airflow/.local/lib/python3.8/site-packages/airflow/example_dags/tutorial_dag.py for tasks to queue
[2024-03-28T16:39:51.427+0000] {logging_mixin.py:188} INFO - [2024-03-28T16:39:51.421+0000] {dagbag.py:540} INFO - Filling up the DagBag from /home/airflow/.local/lib/python3.8/site-packages/airflow/example_dags/tutorial_dag.py
[2024-03-28T16:39:51.769+0000] {processor.py:840} INFO - DAG(s) 'tutorial_dag' retrieved from /home/airflow/.local/lib/python3.8/site-packages/airflow/example_dags/tutorial_dag.py
[2024-03-28T16:39:53.198+0000] {logging_mixin.py:188} INFO - [2024-03-28T16:39:53.162+0000] {dag.py:3047} INFO - Sync 1 DAGs
[2024-03-28T16:39:53.583+0000] {logging_mixin.py:188} INFO - [2024-03-28T16:39:53.525+0000] {dag.py:3834} INFO - Setting next_dagrun for tutorial_dag to None, run_after=None
[2024-03-28T16:39:54.829+0000] {processor.py:183} INFO - Processing /home/airflow/.local/lib/python3.8/site-packages/airflow/example_dags/tutorial_dag.py took 3.810 seconds
[2024-03-28T16:42:58.382+0000] {processor.py:161} INFO - Started process (PID=407) to work on /home/airflow/.local/lib/python3.8/site-packages/airflow/example_dags/tutorial_dag.py
[2024-03-28T16:42:58.482+0000] {processor.py:830} INFO - Processing file /home/airflow/.local/lib/python3.8/site-packages/airflow/example_dags/tutorial_dag.py for tasks to queue
[2024-03-28T16:42:58.577+0000] {logging_mixin.py:188} INFO - [2024-03-28T16:42:58.571+0000] {dagbag.py:540} INFO - Filling up the DagBag from /home/airflow/.local/lib/python3.8/site-packages/airflow/example_dags/tutorial_dag.py
[2024-03-28T16:42:59.015+0000] {processor.py:840} INFO - DAG(s) 'tutorial_dag' retrieved from /home/airflow/.local/lib/python3.8/site-packages/airflow/example_dags/tutorial_dag.py
[2024-03-28T16:43:00.802+0000] {logging_mixin.py:188} INFO - [2024-03-28T16:43:00.727+0000] {dag.py:3047} INFO - Sync 1 DAGs
[2024-03-28T16:43:01.757+0000] {logging_mixin.py:188} INFO - [2024-03-28T16:43:01.691+0000] {dag.py:3834} INFO - Setting next_dagrun for tutorial_dag to None, run_after=None
[2024-03-28T16:43:03.100+0000] {processor.py:183} INFO - Processing /home/airflow/.local/lib/python3.8/site-packages/airflow/example_dags/tutorial_dag.py took 4.937 seconds
[2024-03-28T16:47:20.092+0000] {processor.py:161} INFO - Started process (PID=489) to work on /home/airflow/.local/lib/python3.8/site-packages/airflow/example_dags/tutorial_dag.py
[2024-03-28T16:47:20.152+0000] {processor.py:830} INFO - Processing file /home/airflow/.local/lib/python3.8/site-packages/airflow/example_dags/tutorial_dag.py for tasks to queue
[2024-03-28T16:47:21.699+0000] {logging_mixin.py:188} INFO - [2024-03-28T16:47:21.654+0000] {dagbag.py:540} INFO - Filling up the DagBag from /home/airflow/.local/lib/python3.8/site-packages/airflow/example_dags/tutorial_dag.py
[2024-03-28T16:47:24.099+0000] {processor.py:840} INFO - DAG(s) 'tutorial_dag' retrieved from /home/airflow/.local/lib/python3.8/site-packages/airflow/example_dags/tutorial_dag.py
[2024-03-28T16:47:42.859+0000] {logging_mixin.py:188} INFO - [2024-03-28T16:47:41.836+0000] {dag.py:3047} INFO - Sync 1 DAGs
[2024-03-28T16:48:09.536+0000] {logging_mixin.py:188} INFO - [2024-03-28T16:48:08.509+0000] {dag.py:3834} INFO - Setting next_dagrun for tutorial_dag to None, run_after=None
[2024-03-28T17:05:38.191+0000] {processor.py:161} INFO - Started process (PID=45) to work on /home/airflow/.local/lib/python3.8/site-packages/airflow/example_dags/tutorial_dag.py
[2024-03-28T17:05:38.195+0000] {processor.py:830} INFO - Processing file /home/airflow/.local/lib/python3.8/site-packages/airflow/example_dags/tutorial_dag.py for tasks to queue
[2024-03-28T17:05:38.207+0000] {logging_mixin.py:188} INFO - [2024-03-28T17:05:38.204+0000] {dagbag.py:540} INFO - Filling up the DagBag from /home/airflow/.local/lib/python3.8/site-packages/airflow/example_dags/tutorial_dag.py
[2024-03-28T17:05:38.248+0000] {processor.py:840} INFO - DAG(s) 'tutorial_dag' retrieved from /home/airflow/.local/lib/python3.8/site-packages/airflow/example_dags/tutorial_dag.py
[2024-03-28T17:05:38.746+0000] {logging_mixin.py:188} INFO - [2024-03-28T17:05:38.745+0000] {dag.py:3047} INFO - Sync 1 DAGs
[2024-03-28T17:05:38.781+0000] {logging_mixin.py:188} INFO - [2024-03-28T17:05:38.781+0000] {dag.py:3834} INFO - Setting next_dagrun for tutorial_dag to None, run_after=None
[2024-03-28T17:05:38.841+0000] {processor.py:183} INFO - Processing /home/airflow/.local/lib/python3.8/site-packages/airflow/example_dags/tutorial_dag.py took 0.666 seconds
[2024-03-28T17:07:08.259+0000] {processor.py:161} INFO - Started process (PID=112) to work on /home/airflow/.local/lib/python3.8/site-packages/airflow/example_dags/tutorial_dag.py
[2024-03-28T17:07:08.267+0000] {processor.py:830} INFO - Processing file /home/airflow/.local/lib/python3.8/site-packages/airflow/example_dags/tutorial_dag.py for tasks to queue
[2024-03-28T17:07:08.287+0000] {logging_mixin.py:188} INFO - [2024-03-28T17:07:08.281+0000] {dagbag.py:540} INFO - Filling up the DagBag from /home/airflow/.local/lib/python3.8/site-packages/airflow/example_dags/tutorial_dag.py
[2024-03-28T17:07:08.378+0000] {processor.py:840} INFO - DAG(s) 'tutorial_dag' retrieved from /home/airflow/.local/lib/python3.8/site-packages/airflow/example_dags/tutorial_dag.py
[2024-03-28T17:07:08.567+0000] {logging_mixin.py:188} INFO - [2024-03-28T17:07:08.566+0000] {dag.py:3047} INFO - Sync 1 DAGs
[2024-03-28T17:07:08.673+0000] {logging_mixin.py:188} INFO - [2024-03-28T17:07:08.672+0000] {dag.py:3834} INFO - Setting next_dagrun for tutorial_dag to None, run_after=None
[2024-03-28T17:07:08.837+0000] {processor.py:183} INFO - Processing /home/airflow/.local/lib/python3.8/site-packages/airflow/example_dags/tutorial_dag.py took 0.599 seconds
[2024-03-28T17:07:48.393+0000] {processor.py:161} INFO - Started process (PID=159) to work on /home/airflow/.local/lib/python3.8/site-packages/airflow/example_dags/tutorial_dag.py
[2024-03-28T17:07:48.400+0000] {processor.py:830} INFO - Processing file /home/airflow/.local/lib/python3.8/site-packages/airflow/example_dags/tutorial_dag.py for tasks to queue
[2024-03-28T17:07:48.413+0000] {logging_mixin.py:188} INFO - [2024-03-28T17:07:48.412+0000] {dagbag.py:540} INFO - Filling up the DagBag from /home/airflow/.local/lib/python3.8/site-packages/airflow/example_dags/tutorial_dag.py
[2024-03-28T17:07:48.456+0000] {processor.py:840} INFO - DAG(s) 'tutorial_dag' retrieved from /home/airflow/.local/lib/python3.8/site-packages/airflow/example_dags/tutorial_dag.py
[2024-03-28T17:07:48.671+0000] {logging_mixin.py:188} INFO - [2024-03-28T17:07:48.664+0000] {dag.py:3047} INFO - Sync 1 DAGs
[2024-03-28T17:07:48.866+0000] {logging_mixin.py:188} INFO - [2024-03-28T17:07:48.866+0000] {dag.py:3834} INFO - Setting next_dagrun for tutorial_dag to None, run_after=None
[2024-03-28T17:07:49.005+0000] {processor.py:183} INFO - Processing /home/airflow/.local/lib/python3.8/site-packages/airflow/example_dags/tutorial_dag.py took 0.662 seconds
[2024-03-28T17:08:33.722+0000] {processor.py:161} INFO - Started process (PID=213) to work on /home/airflow/.local/lib/python3.8/site-packages/airflow/example_dags/tutorial_dag.py
[2024-03-28T17:08:33.736+0000] {processor.py:830} INFO - Processing file /home/airflow/.local/lib/python3.8/site-packages/airflow/example_dags/tutorial_dag.py for tasks to queue
[2024-03-28T17:08:33.753+0000] {logging_mixin.py:188} INFO - [2024-03-28T17:08:33.752+0000] {dagbag.py:540} INFO - Filling up the DagBag from /home/airflow/.local/lib/python3.8/site-packages/airflow/example_dags/tutorial_dag.py
[2024-03-28T17:08:33.836+0000] {processor.py:840} INFO - DAG(s) 'tutorial_dag' retrieved from /home/airflow/.local/lib/python3.8/site-packages/airflow/example_dags/tutorial_dag.py
[2024-03-28T17:08:34.139+0000] {logging_mixin.py:188} INFO - [2024-03-28T17:08:34.138+0000] {dag.py:3047} INFO - Sync 1 DAGs
[2024-03-28T17:08:34.243+0000] {logging_mixin.py:188} INFO - [2024-03-28T17:08:34.235+0000] {dag.py:3834} INFO - Setting next_dagrun for tutorial_dag to None, run_after=None
[2024-03-28T17:08:34.842+0000] {processor.py:183} INFO - Processing /home/airflow/.local/lib/python3.8/site-packages/airflow/example_dags/tutorial_dag.py took 1.142 seconds
[2024-03-28T17:09:39.349+0000] {processor.py:161} INFO - Started process (PID=271) to work on /home/airflow/.local/lib/python3.8/site-packages/airflow/example_dags/tutorial_dag.py
[2024-03-28T17:09:39.371+0000] {processor.py:830} INFO - Processing file /home/airflow/.local/lib/python3.8/site-packages/airflow/example_dags/tutorial_dag.py for tasks to queue
[2024-03-28T17:09:39.425+0000] {logging_mixin.py:188} INFO - [2024-03-28T17:09:39.406+0000] {dagbag.py:540} INFO - Filling up the DagBag from /home/airflow/.local/lib/python3.8/site-packages/airflow/example_dags/tutorial_dag.py
[2024-03-28T17:09:39.561+0000] {processor.py:840} INFO - DAG(s) 'tutorial_dag' retrieved from /home/airflow/.local/lib/python3.8/site-packages/airflow/example_dags/tutorial_dag.py
[2024-03-28T17:09:39.796+0000] {logging_mixin.py:188} INFO - [2024-03-28T17:09:39.796+0000] {dag.py:3047} INFO - Sync 1 DAGs
[2024-03-28T17:09:40.329+0000] {logging_mixin.py:188} INFO - [2024-03-28T17:09:40.329+0000] {dag.py:3834} INFO - Setting next_dagrun for tutorial_dag to None, run_after=None
[2024-03-28T17:09:40.550+0000] {processor.py:183} INFO - Processing /home/airflow/.local/lib/python3.8/site-packages/airflow/example_dags/tutorial_dag.py took 1.246 seconds
[2024-03-28T17:10:46.707+0000] {processor.py:161} INFO - Started process (PID=311) to work on /home/airflow/.local/lib/python3.8/site-packages/airflow/example_dags/tutorial_dag.py
[2024-03-28T17:10:46.725+0000] {processor.py:830} INFO - Processing file /home/airflow/.local/lib/python3.8/site-packages/airflow/example_dags/tutorial_dag.py for tasks to queue
[2024-03-28T17:10:46.848+0000] {logging_mixin.py:188} INFO - [2024-03-28T17:10:46.833+0000] {dagbag.py:540} INFO - Filling up the DagBag from /home/airflow/.local/lib/python3.8/site-packages/airflow/example_dags/tutorial_dag.py
[2024-03-28T17:10:46.961+0000] {processor.py:840} INFO - DAG(s) 'tutorial_dag' retrieved from /home/airflow/.local/lib/python3.8/site-packages/airflow/example_dags/tutorial_dag.py
[2024-03-28T17:10:47.909+0000] {logging_mixin.py:188} INFO - [2024-03-28T17:10:47.908+0000] {dag.py:3047} INFO - Sync 1 DAGs
[2024-03-28T17:10:48.292+0000] {logging_mixin.py:188} INFO - [2024-03-28T17:10:48.292+0000] {dag.py:3834} INFO - Setting next_dagrun for tutorial_dag to None, run_after=None
[2024-03-28T17:10:48.948+0000] {processor.py:183} INFO - Processing /home/airflow/.local/lib/python3.8/site-packages/airflow/example_dags/tutorial_dag.py took 2.350 seconds
[2024-03-28T17:11:42.702+0000] {processor.py:161} INFO - Started process (PID=373) to work on /home/airflow/.local/lib/python3.8/site-packages/airflow/example_dags/tutorial_dag.py
[2024-03-28T17:11:42.717+0000] {processor.py:830} INFO - Processing file /home/airflow/.local/lib/python3.8/site-packages/airflow/example_dags/tutorial_dag.py for tasks to queue
[2024-03-28T17:11:42.732+0000] {logging_mixin.py:188} INFO - [2024-03-28T17:11:42.731+0000] {dagbag.py:540} INFO - Filling up the DagBag from /home/airflow/.local/lib/python3.8/site-packages/airflow/example_dags/tutorial_dag.py
[2024-03-28T17:11:42.775+0000] {processor.py:840} INFO - DAG(s) 'tutorial_dag' retrieved from /home/airflow/.local/lib/python3.8/site-packages/airflow/example_dags/tutorial_dag.py
[2024-03-28T17:11:42.931+0000] {logging_mixin.py:188} INFO - [2024-03-28T17:11:42.926+0000] {dag.py:3047} INFO - Sync 1 DAGs
[2024-03-28T17:11:43.025+0000] {logging_mixin.py:188} INFO - [2024-03-28T17:11:43.024+0000] {dag.py:3834} INFO - Setting next_dagrun for tutorial_dag to None, run_after=None
[2024-03-28T17:11:43.747+0000] {processor.py:183} INFO - Processing /home/airflow/.local/lib/python3.8/site-packages/airflow/example_dags/tutorial_dag.py took 1.064 seconds
[2024-03-28T17:12:23.086+0000] {processor.py:161} INFO - Started process (PID=427) to work on /home/airflow/.local/lib/python3.8/site-packages/airflow/example_dags/tutorial_dag.py
[2024-03-28T17:12:23.095+0000] {processor.py:830} INFO - Processing file /home/airflow/.local/lib/python3.8/site-packages/airflow/example_dags/tutorial_dag.py for tasks to queue
[2024-03-28T17:12:23.127+0000] {logging_mixin.py:188} INFO - [2024-03-28T17:12:23.120+0000] {dagbag.py:540} INFO - Filling up the DagBag from /home/airflow/.local/lib/python3.8/site-packages/airflow/example_dags/tutorial_dag.py
[2024-03-28T17:12:23.182+0000] {processor.py:840} INFO - DAG(s) 'tutorial_dag' retrieved from /home/airflow/.local/lib/python3.8/site-packages/airflow/example_dags/tutorial_dag.py
[2024-03-28T17:12:23.411+0000] {logging_mixin.py:188} INFO - [2024-03-28T17:12:23.410+0000] {dag.py:3047} INFO - Sync 1 DAGs
[2024-03-28T17:12:23.491+0000] {logging_mixin.py:188} INFO - [2024-03-28T17:12:23.491+0000] {dag.py:3834} INFO - Setting next_dagrun for tutorial_dag to None, run_after=None
[2024-03-28T17:12:23.680+0000] {processor.py:183} INFO - Processing /home/airflow/.local/lib/python3.8/site-packages/airflow/example_dags/tutorial_dag.py took 0.617 seconds
[2024-03-28T17:12:55.140+0000] {processor.py:161} INFO - Started process (PID=478) to work on /home/airflow/.local/lib/python3.8/site-packages/airflow/example_dags/tutorial_dag.py
[2024-03-28T17:12:55.157+0000] {processor.py:830} INFO - Processing file /home/airflow/.local/lib/python3.8/site-packages/airflow/example_dags/tutorial_dag.py for tasks to queue
[2024-03-28T17:12:55.169+0000] {logging_mixin.py:188} INFO - [2024-03-28T17:12:55.167+0000] {dagbag.py:540} INFO - Filling up the DagBag from /home/airflow/.local/lib/python3.8/site-packages/airflow/example_dags/tutorial_dag.py
[2024-03-28T17:12:55.274+0000] {processor.py:840} INFO - DAG(s) 'tutorial_dag' retrieved from /home/airflow/.local/lib/python3.8/site-packages/airflow/example_dags/tutorial_dag.py
[2024-03-28T17:12:55.395+0000] {logging_mixin.py:188} INFO - [2024-03-28T17:12:55.394+0000] {dag.py:3047} INFO - Sync 1 DAGs
[2024-03-28T17:12:55.437+0000] {logging_mixin.py:188} INFO - [2024-03-28T17:12:55.436+0000] {dag.py:3834} INFO - Setting next_dagrun for tutorial_dag to None, run_after=None
[2024-03-28T17:12:55.529+0000] {processor.py:183} INFO - Processing /home/airflow/.local/lib/python3.8/site-packages/airflow/example_dags/tutorial_dag.py took 0.462 seconds
[2024-03-28T17:13:28.143+0000] {processor.py:161} INFO - Started process (PID=530) to work on /home/airflow/.local/lib/python3.8/site-packages/airflow/example_dags/tutorial_dag.py
[2024-03-28T17:13:28.159+0000] {processor.py:830} INFO - Processing file /home/airflow/.local/lib/python3.8/site-packages/airflow/example_dags/tutorial_dag.py for tasks to queue
[2024-03-28T17:13:28.195+0000] {logging_mixin.py:188} INFO - [2024-03-28T17:13:28.194+0000] {dagbag.py:540} INFO - Filling up the DagBag from /home/airflow/.local/lib/python3.8/site-packages/airflow/example_dags/tutorial_dag.py
[2024-03-28T17:13:28.272+0000] {processor.py:840} INFO - DAG(s) 'tutorial_dag' retrieved from /home/airflow/.local/lib/python3.8/site-packages/airflow/example_dags/tutorial_dag.py
[2024-03-28T17:13:28.417+0000] {logging_mixin.py:188} INFO - [2024-03-28T17:13:28.417+0000] {dag.py:3047} INFO - Sync 1 DAGs
[2024-03-28T17:13:28.512+0000] {logging_mixin.py:188} INFO - [2024-03-28T17:13:28.511+0000] {dag.py:3834} INFO - Setting next_dagrun for tutorial_dag to None, run_after=None
[2024-03-28T17:13:28.631+0000] {processor.py:183} INFO - Processing /home/airflow/.local/lib/python3.8/site-packages/airflow/example_dags/tutorial_dag.py took 0.542 seconds
[2024-03-28T17:14:00.668+0000] {processor.py:161} INFO - Started process (PID=584) to work on /home/airflow/.local/lib/python3.8/site-packages/airflow/example_dags/tutorial_dag.py
[2024-03-28T17:14:00.682+0000] {processor.py:830} INFO - Processing file /home/airflow/.local/lib/python3.8/site-packages/airflow/example_dags/tutorial_dag.py for tasks to queue
[2024-03-28T17:14:00.695+0000] {logging_mixin.py:188} INFO - [2024-03-28T17:14:00.694+0000] {dagbag.py:540} INFO - Filling up the DagBag from /home/airflow/.local/lib/python3.8/site-packages/airflow/example_dags/tutorial_dag.py
[2024-03-28T17:14:00.734+0000] {processor.py:840} INFO - DAG(s) 'tutorial_dag' retrieved from /home/airflow/.local/lib/python3.8/site-packages/airflow/example_dags/tutorial_dag.py
[2024-03-28T17:14:00.860+0000] {logging_mixin.py:188} INFO - [2024-03-28T17:14:00.859+0000] {dag.py:3047} INFO - Sync 1 DAGs
[2024-03-28T17:14:00.943+0000] {logging_mixin.py:188} INFO - [2024-03-28T17:14:00.942+0000] {dag.py:3834} INFO - Setting next_dagrun for tutorial_dag to None, run_after=None
[2024-03-28T17:14:01.022+0000] {processor.py:183} INFO - Processing /home/airflow/.local/lib/python3.8/site-packages/airflow/example_dags/tutorial_dag.py took 0.370 seconds
[2024-03-28T17:14:32.155+0000] {processor.py:161} INFO - Started process (PID=637) to work on /home/airflow/.local/lib/python3.8/site-packages/airflow/example_dags/tutorial_dag.py
[2024-03-28T17:14:32.170+0000] {processor.py:830} INFO - Processing file /home/airflow/.local/lib/python3.8/site-packages/airflow/example_dags/tutorial_dag.py for tasks to queue
[2024-03-28T17:14:32.194+0000] {logging_mixin.py:188} INFO - [2024-03-28T17:14:32.193+0000] {dagbag.py:540} INFO - Filling up the DagBag from /home/airflow/.local/lib/python3.8/site-packages/airflow/example_dags/tutorial_dag.py
[2024-03-28T17:14:32.579+0000] {processor.py:840} INFO - DAG(s) 'tutorial_dag' retrieved from /home/airflow/.local/lib/python3.8/site-packages/airflow/example_dags/tutorial_dag.py
[2024-03-28T17:14:32.891+0000] {logging_mixin.py:188} INFO - [2024-03-28T17:14:32.890+0000] {dag.py:3047} INFO - Sync 1 DAGs
[2024-03-28T17:14:33.044+0000] {logging_mixin.py:188} INFO - [2024-03-28T17:14:33.016+0000] {dag.py:3834} INFO - Setting next_dagrun for tutorial_dag to None, run_after=None
[2024-03-28T17:14:33.201+0000] {processor.py:183} INFO - Processing /home/airflow/.local/lib/python3.8/site-packages/airflow/example_dags/tutorial_dag.py took 1.077 seconds
[2024-03-28T17:15:03.475+0000] {processor.py:161} INFO - Started process (PID=691) to work on /home/airflow/.local/lib/python3.8/site-packages/airflow/example_dags/tutorial_dag.py
[2024-03-28T17:15:03.480+0000] {processor.py:830} INFO - Processing file /home/airflow/.local/lib/python3.8/site-packages/airflow/example_dags/tutorial_dag.py for tasks to queue
[2024-03-28T17:15:03.488+0000] {logging_mixin.py:188} INFO - [2024-03-28T17:15:03.487+0000] {dagbag.py:540} INFO - Filling up the DagBag from /home/airflow/.local/lib/python3.8/site-packages/airflow/example_dags/tutorial_dag.py
[2024-03-28T17:15:03.501+0000] {processor.py:840} INFO - DAG(s) 'tutorial_dag' retrieved from /home/airflow/.local/lib/python3.8/site-packages/airflow/example_dags/tutorial_dag.py
[2024-03-28T17:15:03.545+0000] {logging_mixin.py:188} INFO - [2024-03-28T17:15:03.545+0000] {dag.py:3047} INFO - Sync 1 DAGs
[2024-03-28T17:15:03.571+0000] {logging_mixin.py:188} INFO - [2024-03-28T17:15:03.571+0000] {dag.py:3834} INFO - Setting next_dagrun for tutorial_dag to None, run_after=None
[2024-03-28T17:15:03.616+0000] {processor.py:183} INFO - Processing /home/airflow/.local/lib/python3.8/site-packages/airflow/example_dags/tutorial_dag.py took 0.149 seconds
[2024-03-28T17:15:36.721+0000] {processor.py:161} INFO - Started process (PID=726) to work on /home/airflow/.local/lib/python3.8/site-packages/airflow/example_dags/tutorial_dag.py
[2024-03-28T17:15:36.725+0000] {processor.py:830} INFO - Processing file /home/airflow/.local/lib/python3.8/site-packages/airflow/example_dags/tutorial_dag.py for tasks to queue
[2024-03-28T17:15:36.734+0000] {logging_mixin.py:188} INFO - [2024-03-28T17:15:36.731+0000] {dagbag.py:540} INFO - Filling up the DagBag from /home/airflow/.local/lib/python3.8/site-packages/airflow/example_dags/tutorial_dag.py
[2024-03-28T17:15:36.758+0000] {processor.py:840} INFO - DAG(s) 'tutorial_dag' retrieved from /home/airflow/.local/lib/python3.8/site-packages/airflow/example_dags/tutorial_dag.py
[2024-03-28T17:15:36.847+0000] {logging_mixin.py:188} INFO - [2024-03-28T17:15:36.846+0000] {dag.py:3047} INFO - Sync 1 DAGs
[2024-03-28T17:15:36.895+0000] {logging_mixin.py:188} INFO - [2024-03-28T17:15:36.895+0000] {dag.py:3834} INFO - Setting next_dagrun for tutorial_dag to None, run_after=None
[2024-03-28T17:15:37.065+0000] {processor.py:183} INFO - Processing /home/airflow/.local/lib/python3.8/site-packages/airflow/example_dags/tutorial_dag.py took 0.358 seconds
[2024-03-28T17:16:07.480+0000] {processor.py:161} INFO - Started process (PID=781) to work on /home/airflow/.local/lib/python3.8/site-packages/airflow/example_dags/tutorial_dag.py
[2024-03-28T17:16:07.505+0000] {processor.py:830} INFO - Processing file /home/airflow/.local/lib/python3.8/site-packages/airflow/example_dags/tutorial_dag.py for tasks to queue
[2024-03-28T17:16:07.527+0000] {logging_mixin.py:188} INFO - [2024-03-28T17:16:07.523+0000] {dagbag.py:540} INFO - Filling up the DagBag from /home/airflow/.local/lib/python3.8/site-packages/airflow/example_dags/tutorial_dag.py
[2024-03-28T17:16:07.576+0000] {processor.py:840} INFO - DAG(s) 'tutorial_dag' retrieved from /home/airflow/.local/lib/python3.8/site-packages/airflow/example_dags/tutorial_dag.py
[2024-03-28T17:16:07.718+0000] {logging_mixin.py:188} INFO - [2024-03-28T17:16:07.717+0000] {dag.py:3047} INFO - Sync 1 DAGs
[2024-03-28T17:16:07.807+0000] {logging_mixin.py:188} INFO - [2024-03-28T17:16:07.805+0000] {dag.py:3834} INFO - Setting next_dagrun for tutorial_dag to None, run_after=None
[2024-03-28T17:16:07.893+0000] {processor.py:183} INFO - Processing /home/airflow/.local/lib/python3.8/site-packages/airflow/example_dags/tutorial_dag.py took 0.440 seconds
[2024-03-28T17:16:43.467+0000] {processor.py:161} INFO - Started process (PID=833) to work on /home/airflow/.local/lib/python3.8/site-packages/airflow/example_dags/tutorial_dag.py
[2024-03-28T17:16:43.513+0000] {processor.py:830} INFO - Processing file /home/airflow/.local/lib/python3.8/site-packages/airflow/example_dags/tutorial_dag.py for tasks to queue
[2024-03-28T17:16:43.524+0000] {logging_mixin.py:188} INFO - [2024-03-28T17:16:43.523+0000] {dagbag.py:540} INFO - Filling up the DagBag from /home/airflow/.local/lib/python3.8/site-packages/airflow/example_dags/tutorial_dag.py
[2024-03-28T17:16:43.572+0000] {processor.py:840} INFO - DAG(s) 'tutorial_dag' retrieved from /home/airflow/.local/lib/python3.8/site-packages/airflow/example_dags/tutorial_dag.py
[2024-03-28T17:16:43.720+0000] {logging_mixin.py:188} INFO - [2024-03-28T17:16:43.720+0000] {dag.py:3047} INFO - Sync 1 DAGs
[2024-03-28T17:16:43.950+0000] {logging_mixin.py:188} INFO - [2024-03-28T17:16:43.948+0000] {dag.py:3834} INFO - Setting next_dagrun for tutorial_dag to None, run_after=None
[2024-03-28T17:16:44.454+0000] {processor.py:183} INFO - Processing /home/airflow/.local/lib/python3.8/site-packages/airflow/example_dags/tutorial_dag.py took 1.024 seconds
[2024-03-28T17:17:19.928+0000] {processor.py:161} INFO - Started process (PID=888) to work on /home/airflow/.local/lib/python3.8/site-packages/airflow/example_dags/tutorial_dag.py
[2024-03-28T17:17:19.936+0000] {processor.py:830} INFO - Processing file /home/airflow/.local/lib/python3.8/site-packages/airflow/example_dags/tutorial_dag.py for tasks to queue
[2024-03-28T17:17:19.953+0000] {logging_mixin.py:188} INFO - [2024-03-28T17:17:19.947+0000] {dagbag.py:540} INFO - Filling up the DagBag from /home/airflow/.local/lib/python3.8/site-packages/airflow/example_dags/tutorial_dag.py
[2024-03-28T17:17:20.017+0000] {processor.py:840} INFO - DAG(s) 'tutorial_dag' retrieved from /home/airflow/.local/lib/python3.8/site-packages/airflow/example_dags/tutorial_dag.py
[2024-03-28T17:17:20.202+0000] {logging_mixin.py:188} INFO - [2024-03-28T17:17:20.201+0000] {dag.py:3047} INFO - Sync 1 DAGs
[2024-03-28T17:17:20.406+0000] {logging_mixin.py:188} INFO - [2024-03-28T17:17:20.386+0000] {dag.py:3834} INFO - Setting next_dagrun for tutorial_dag to None, run_after=None
[2024-03-28T17:17:20.709+0000] {processor.py:183} INFO - Processing /home/airflow/.local/lib/python3.8/site-packages/airflow/example_dags/tutorial_dag.py took 0.811 seconds
[2024-03-28T17:18:08.238+0000] {processor.py:161} INFO - Started process (PID=942) to work on /home/airflow/.local/lib/python3.8/site-packages/airflow/example_dags/tutorial_dag.py
[2024-03-28T17:18:08.260+0000] {processor.py:830} INFO - Processing file /home/airflow/.local/lib/python3.8/site-packages/airflow/example_dags/tutorial_dag.py for tasks to queue
[2024-03-28T17:18:08.461+0000] {logging_mixin.py:188} INFO - [2024-03-28T17:18:08.453+0000] {dagbag.py:540} INFO - Filling up the DagBag from /home/airflow/.local/lib/python3.8/site-packages/airflow/example_dags/tutorial_dag.py
[2024-03-28T17:18:08.635+0000] {processor.py:840} INFO - DAG(s) 'tutorial_dag' retrieved from /home/airflow/.local/lib/python3.8/site-packages/airflow/example_dags/tutorial_dag.py
[2024-03-28T17:18:09.313+0000] {logging_mixin.py:188} INFO - [2024-03-28T17:18:09.308+0000] {dag.py:3047} INFO - Sync 1 DAGs
[2024-03-28T17:18:09.547+0000] {logging_mixin.py:188} INFO - [2024-03-28T17:18:09.546+0000] {dag.py:3834} INFO - Setting next_dagrun for tutorial_dag to None, run_after=None
[2024-03-28T17:18:10.957+0000] {processor.py:183} INFO - Processing /home/airflow/.local/lib/python3.8/site-packages/airflow/example_dags/tutorial_dag.py took 2.901 seconds
[2024-03-28T17:18:54.692+0000] {processor.py:161} INFO - Started process (PID=990) to work on /home/airflow/.local/lib/python3.8/site-packages/airflow/example_dags/tutorial_dag.py
[2024-03-28T17:18:54.695+0000] {processor.py:830} INFO - Processing file /home/airflow/.local/lib/python3.8/site-packages/airflow/example_dags/tutorial_dag.py for tasks to queue
[2024-03-28T17:18:54.715+0000] {logging_mixin.py:188} INFO - [2024-03-28T17:18:54.707+0000] {dagbag.py:540} INFO - Filling up the DagBag from /home/airflow/.local/lib/python3.8/site-packages/airflow/example_dags/tutorial_dag.py
[2024-03-28T17:18:54.740+0000] {processor.py:840} INFO - DAG(s) 'tutorial_dag' retrieved from /home/airflow/.local/lib/python3.8/site-packages/airflow/example_dags/tutorial_dag.py
[2024-03-28T17:18:54.847+0000] {logging_mixin.py:188} INFO - [2024-03-28T17:18:54.846+0000] {dag.py:3047} INFO - Sync 1 DAGs
[2024-03-28T17:18:54.926+0000] {logging_mixin.py:188} INFO - [2024-03-28T17:18:54.925+0000] {dag.py:3834} INFO - Setting next_dagrun for tutorial_dag to None, run_after=None
[2024-03-28T17:18:54.997+0000] {processor.py:183} INFO - Processing /home/airflow/.local/lib/python3.8/site-packages/airflow/example_dags/tutorial_dag.py took 0.321 seconds
[2024-03-28T17:19:26.824+0000] {processor.py:161} INFO - Started process (PID=1044) to work on /home/airflow/.local/lib/python3.8/site-packages/airflow/example_dags/tutorial_dag.py
[2024-03-28T17:19:26.844+0000] {processor.py:830} INFO - Processing file /home/airflow/.local/lib/python3.8/site-packages/airflow/example_dags/tutorial_dag.py for tasks to queue
[2024-03-28T17:19:26.854+0000] {logging_mixin.py:188} INFO - [2024-03-28T17:19:26.854+0000] {dagbag.py:540} INFO - Filling up the DagBag from /home/airflow/.local/lib/python3.8/site-packages/airflow/example_dags/tutorial_dag.py
[2024-03-28T17:19:26.899+0000] {processor.py:840} INFO - DAG(s) 'tutorial_dag' retrieved from /home/airflow/.local/lib/python3.8/site-packages/airflow/example_dags/tutorial_dag.py
[2024-03-28T17:19:27.015+0000] {logging_mixin.py:188} INFO - [2024-03-28T17:19:27.013+0000] {dag.py:3047} INFO - Sync 1 DAGs
[2024-03-28T17:19:27.068+0000] {logging_mixin.py:188} INFO - [2024-03-28T17:19:27.061+0000] {dag.py:3834} INFO - Setting next_dagrun for tutorial_dag to None, run_after=None
[2024-03-28T17:19:27.137+0000] {processor.py:183} INFO - Processing /home/airflow/.local/lib/python3.8/site-packages/airflow/example_dags/tutorial_dag.py took 0.323 seconds
[2024-03-28T17:19:58.663+0000] {processor.py:161} INFO - Started process (PID=1098) to work on /home/airflow/.local/lib/python3.8/site-packages/airflow/example_dags/tutorial_dag.py
[2024-03-28T17:19:58.673+0000] {processor.py:830} INFO - Processing file /home/airflow/.local/lib/python3.8/site-packages/airflow/example_dags/tutorial_dag.py for tasks to queue
[2024-03-28T17:19:58.693+0000] {logging_mixin.py:188} INFO - [2024-03-28T17:19:58.692+0000] {dagbag.py:540} INFO - Filling up the DagBag from /home/airflow/.local/lib/python3.8/site-packages/airflow/example_dags/tutorial_dag.py
[2024-03-28T17:19:58.763+0000] {processor.py:840} INFO - DAG(s) 'tutorial_dag' retrieved from /home/airflow/.local/lib/python3.8/site-packages/airflow/example_dags/tutorial_dag.py
[2024-03-28T17:19:58.870+0000] {logging_mixin.py:188} INFO - [2024-03-28T17:19:58.870+0000] {dag.py:3047} INFO - Sync 1 DAGs
[2024-03-28T17:19:59.090+0000] {logging_mixin.py:188} INFO - [2024-03-28T17:19:59.090+0000] {dag.py:3834} INFO - Setting next_dagrun for tutorial_dag to None, run_after=None
[2024-03-28T17:19:59.353+0000] {processor.py:183} INFO - Processing /home/airflow/.local/lib/python3.8/site-packages/airflow/example_dags/tutorial_dag.py took 0.751 seconds
[2024-03-28T17:20:29.722+0000] {processor.py:161} INFO - Started process (PID=1153) to work on /home/airflow/.local/lib/python3.8/site-packages/airflow/example_dags/tutorial_dag.py
[2024-03-28T17:20:29.725+0000] {processor.py:830} INFO - Processing file /home/airflow/.local/lib/python3.8/site-packages/airflow/example_dags/tutorial_dag.py for tasks to queue
[2024-03-28T17:20:29.737+0000] {logging_mixin.py:188} INFO - [2024-03-28T17:20:29.734+0000] {dagbag.py:540} INFO - Filling up the DagBag from /home/airflow/.local/lib/python3.8/site-packages/airflow/example_dags/tutorial_dag.py
[2024-03-28T17:20:29.757+0000] {processor.py:840} INFO - DAG(s) 'tutorial_dag' retrieved from /home/airflow/.local/lib/python3.8/site-packages/airflow/example_dags/tutorial_dag.py
[2024-03-28T17:20:29.821+0000] {logging_mixin.py:188} INFO - [2024-03-28T17:20:29.820+0000] {dag.py:3047} INFO - Sync 1 DAGs
[2024-03-28T17:20:29.858+0000] {logging_mixin.py:188} INFO - [2024-03-28T17:20:29.858+0000] {dag.py:3834} INFO - Setting next_dagrun for tutorial_dag to None, run_after=None
[2024-03-28T17:20:29.951+0000] {processor.py:183} INFO - Processing /home/airflow/.local/lib/python3.8/site-packages/airflow/example_dags/tutorial_dag.py took 0.242 seconds
[2024-03-28T17:21:00.832+0000] {processor.py:161} INFO - Started process (PID=1207) to work on /home/airflow/.local/lib/python3.8/site-packages/airflow/example_dags/tutorial_dag.py
[2024-03-28T17:21:00.836+0000] {processor.py:830} INFO - Processing file /home/airflow/.local/lib/python3.8/site-packages/airflow/example_dags/tutorial_dag.py for tasks to queue
[2024-03-28T17:21:00.843+0000] {logging_mixin.py:188} INFO - [2024-03-28T17:21:00.842+0000] {dagbag.py:540} INFO - Filling up the DagBag from /home/airflow/.local/lib/python3.8/site-packages/airflow/example_dags/tutorial_dag.py
[2024-03-28T17:21:00.858+0000] {processor.py:840} INFO - DAG(s) 'tutorial_dag' retrieved from /home/airflow/.local/lib/python3.8/site-packages/airflow/example_dags/tutorial_dag.py
[2024-03-28T17:21:00.911+0000] {logging_mixin.py:188} INFO - [2024-03-28T17:21:00.910+0000] {dag.py:3047} INFO - Sync 1 DAGs
[2024-03-28T17:21:00.946+0000] {logging_mixin.py:188} INFO - [2024-03-28T17:21:00.945+0000] {dag.py:3834} INFO - Setting next_dagrun for tutorial_dag to None, run_after=None
[2024-03-28T17:21:00.993+0000] {processor.py:183} INFO - Processing /home/airflow/.local/lib/python3.8/site-packages/airflow/example_dags/tutorial_dag.py took 0.172 seconds
[2024-03-28T17:21:31.615+0000] {processor.py:161} INFO - Started process (PID=1262) to work on /home/airflow/.local/lib/python3.8/site-packages/airflow/example_dags/tutorial_dag.py
[2024-03-28T17:21:31.620+0000] {processor.py:830} INFO - Processing file /home/airflow/.local/lib/python3.8/site-packages/airflow/example_dags/tutorial_dag.py for tasks to queue
[2024-03-28T17:21:31.629+0000] {logging_mixin.py:188} INFO - [2024-03-28T17:21:31.627+0000] {dagbag.py:540} INFO - Filling up the DagBag from /home/airflow/.local/lib/python3.8/site-packages/airflow/example_dags/tutorial_dag.py
[2024-03-28T17:21:31.652+0000] {processor.py:840} INFO - DAG(s) 'tutorial_dag' retrieved from /home/airflow/.local/lib/python3.8/site-packages/airflow/example_dags/tutorial_dag.py
[2024-03-28T17:21:31.713+0000] {logging_mixin.py:188} INFO - [2024-03-28T17:21:31.713+0000] {dag.py:3047} INFO - Sync 1 DAGs
[2024-03-28T17:21:31.757+0000] {logging_mixin.py:188} INFO - [2024-03-28T17:21:31.756+0000] {dag.py:3834} INFO - Setting next_dagrun for tutorial_dag to None, run_after=None
[2024-03-28T17:21:31.822+0000] {processor.py:183} INFO - Processing /home/airflow/.local/lib/python3.8/site-packages/airflow/example_dags/tutorial_dag.py took 0.218 seconds
[2024-03-28T17:22:05.196+0000] {processor.py:161} INFO - Started process (PID=1312) to work on /home/airflow/.local/lib/python3.8/site-packages/airflow/example_dags/tutorial_dag.py
[2024-03-28T17:22:05.204+0000] {processor.py:830} INFO - Processing file /home/airflow/.local/lib/python3.8/site-packages/airflow/example_dags/tutorial_dag.py for tasks to queue
[2024-03-28T17:22:05.212+0000] {logging_mixin.py:188} INFO - [2024-03-28T17:22:05.211+0000] {dagbag.py:540} INFO - Filling up the DagBag from /home/airflow/.local/lib/python3.8/site-packages/airflow/example_dags/tutorial_dag.py
[2024-03-28T17:22:05.227+0000] {processor.py:840} INFO - DAG(s) 'tutorial_dag' retrieved from /home/airflow/.local/lib/python3.8/site-packages/airflow/example_dags/tutorial_dag.py
[2024-03-28T17:22:05.316+0000] {logging_mixin.py:188} INFO - [2024-03-28T17:22:05.315+0000] {dag.py:3047} INFO - Sync 1 DAGs
[2024-03-28T17:22:05.401+0000] {logging_mixin.py:188} INFO - [2024-03-28T17:22:05.400+0000] {dag.py:3834} INFO - Setting next_dagrun for tutorial_dag to None, run_after=None
[2024-03-28T17:22:05.471+0000] {processor.py:183} INFO - Processing /home/airflow/.local/lib/python3.8/site-packages/airflow/example_dags/tutorial_dag.py took 0.285 seconds
[2024-03-28T17:22:49.482+0000] {processor.py:161} INFO - Started process (PID=1374) to work on /home/airflow/.local/lib/python3.8/site-packages/airflow/example_dags/tutorial_dag.py
[2024-03-28T17:22:49.498+0000] {processor.py:830} INFO - Processing file /home/airflow/.local/lib/python3.8/site-packages/airflow/example_dags/tutorial_dag.py for tasks to queue
[2024-03-28T17:22:49.555+0000] {logging_mixin.py:188} INFO - [2024-03-28T17:22:49.553+0000] {dagbag.py:540} INFO - Filling up the DagBag from /home/airflow/.local/lib/python3.8/site-packages/airflow/example_dags/tutorial_dag.py
[2024-03-28T17:22:49.608+0000] {processor.py:840} INFO - DAG(s) 'tutorial_dag' retrieved from /home/airflow/.local/lib/python3.8/site-packages/airflow/example_dags/tutorial_dag.py
[2024-03-28T17:22:49.749+0000] {logging_mixin.py:188} INFO - [2024-03-28T17:22:49.749+0000] {dag.py:3047} INFO - Sync 1 DAGs
[2024-03-28T17:22:50.581+0000] {logging_mixin.py:188} INFO - [2024-03-28T17:22:50.580+0000] {dag.py:3834} INFO - Setting next_dagrun for tutorial_dag to None, run_after=None
[2024-03-28T17:22:51.210+0000] {processor.py:183} INFO - Processing /home/airflow/.local/lib/python3.8/site-packages/airflow/example_dags/tutorial_dag.py took 1.772 seconds
[2024-03-28T17:23:22.154+0000] {processor.py:161} INFO - Started process (PID=1427) to work on /home/airflow/.local/lib/python3.8/site-packages/airflow/example_dags/tutorial_dag.py
[2024-03-28T17:23:22.159+0000] {processor.py:830} INFO - Processing file /home/airflow/.local/lib/python3.8/site-packages/airflow/example_dags/tutorial_dag.py for tasks to queue
[2024-03-28T17:23:22.167+0000] {logging_mixin.py:188} INFO - [2024-03-28T17:23:22.165+0000] {dagbag.py:540} INFO - Filling up the DagBag from /home/airflow/.local/lib/python3.8/site-packages/airflow/example_dags/tutorial_dag.py
[2024-03-28T17:23:22.189+0000] {processor.py:840} INFO - DAG(s) 'tutorial_dag' retrieved from /home/airflow/.local/lib/python3.8/site-packages/airflow/example_dags/tutorial_dag.py
[2024-03-28T17:23:22.280+0000] {logging_mixin.py:188} INFO - [2024-03-28T17:23:22.279+0000] {dag.py:3047} INFO - Sync 1 DAGs
[2024-03-28T17:23:22.322+0000] {logging_mixin.py:188} INFO - [2024-03-28T17:23:22.322+0000] {dag.py:3834} INFO - Setting next_dagrun for tutorial_dag to None, run_after=None
[2024-03-28T17:23:22.402+0000] {processor.py:183} INFO - Processing /home/airflow/.local/lib/python3.8/site-packages/airflow/example_dags/tutorial_dag.py took 0.257 seconds
[2024-03-28T17:23:52.904+0000] {processor.py:161} INFO - Started process (PID=1482) to work on /home/airflow/.local/lib/python3.8/site-packages/airflow/example_dags/tutorial_dag.py
[2024-03-28T17:23:52.908+0000] {processor.py:830} INFO - Processing file /home/airflow/.local/lib/python3.8/site-packages/airflow/example_dags/tutorial_dag.py for tasks to queue
[2024-03-28T17:23:52.925+0000] {logging_mixin.py:188} INFO - [2024-03-28T17:23:52.924+0000] {dagbag.py:540} INFO - Filling up the DagBag from /home/airflow/.local/lib/python3.8/site-packages/airflow/example_dags/tutorial_dag.py
[2024-03-28T17:23:52.959+0000] {processor.py:840} INFO - DAG(s) 'tutorial_dag' retrieved from /home/airflow/.local/lib/python3.8/site-packages/airflow/example_dags/tutorial_dag.py
[2024-03-28T17:23:53.058+0000] {logging_mixin.py:188} INFO - [2024-03-28T17:23:53.057+0000] {dag.py:3047} INFO - Sync 1 DAGs
[2024-03-28T17:23:53.151+0000] {logging_mixin.py:188} INFO - [2024-03-28T17:23:53.149+0000] {dag.py:3834} INFO - Setting next_dagrun for tutorial_dag to None, run_after=None
[2024-03-28T17:23:53.299+0000] {processor.py:183} INFO - Processing /home/airflow/.local/lib/python3.8/site-packages/airflow/example_dags/tutorial_dag.py took 0.440 seconds
[2024-03-28T17:24:23.639+0000] {processor.py:161} INFO - Started process (PID=1537) to work on /home/airflow/.local/lib/python3.8/site-packages/airflow/example_dags/tutorial_dag.py
[2024-03-28T17:24:23.645+0000] {processor.py:830} INFO - Processing file /home/airflow/.local/lib/python3.8/site-packages/airflow/example_dags/tutorial_dag.py for tasks to queue
[2024-03-28T17:24:23.656+0000] {logging_mixin.py:188} INFO - [2024-03-28T17:24:23.655+0000] {dagbag.py:540} INFO - Filling up the DagBag from /home/airflow/.local/lib/python3.8/site-packages/airflow/example_dags/tutorial_dag.py
[2024-03-28T17:24:23.683+0000] {processor.py:840} INFO - DAG(s) 'tutorial_dag' retrieved from /home/airflow/.local/lib/python3.8/site-packages/airflow/example_dags/tutorial_dag.py
[2024-03-28T17:24:23.763+0000] {logging_mixin.py:188} INFO - [2024-03-28T17:24:23.762+0000] {dag.py:3047} INFO - Sync 1 DAGs
[2024-03-28T17:24:23.815+0000] {logging_mixin.py:188} INFO - [2024-03-28T17:24:23.814+0000] {dag.py:3834} INFO - Setting next_dagrun for tutorial_dag to None, run_after=None
[2024-03-28T17:24:23.869+0000] {processor.py:183} INFO - Processing /home/airflow/.local/lib/python3.8/site-packages/airflow/example_dags/tutorial_dag.py took 0.243 seconds
[2024-03-28T17:24:54.078+0000] {processor.py:161} INFO - Started process (PID=1593) to work on /home/airflow/.local/lib/python3.8/site-packages/airflow/example_dags/tutorial_dag.py
[2024-03-28T17:24:54.082+0000] {processor.py:830} INFO - Processing file /home/airflow/.local/lib/python3.8/site-packages/airflow/example_dags/tutorial_dag.py for tasks to queue
[2024-03-28T17:24:54.089+0000] {logging_mixin.py:188} INFO - [2024-03-28T17:24:54.088+0000] {dagbag.py:540} INFO - Filling up the DagBag from /home/airflow/.local/lib/python3.8/site-packages/airflow/example_dags/tutorial_dag.py
[2024-03-28T17:24:54.111+0000] {processor.py:840} INFO - DAG(s) 'tutorial_dag' retrieved from /home/airflow/.local/lib/python3.8/site-packages/airflow/example_dags/tutorial_dag.py
[2024-03-28T17:24:54.220+0000] {logging_mixin.py:188} INFO - [2024-03-28T17:24:54.219+0000] {dag.py:3047} INFO - Sync 1 DAGs
[2024-03-28T17:24:54.259+0000] {logging_mixin.py:188} INFO - [2024-03-28T17:24:54.258+0000] {dag.py:3834} INFO - Setting next_dagrun for tutorial_dag to None, run_after=None
[2024-03-28T17:24:54.312+0000] {processor.py:183} INFO - Processing /home/airflow/.local/lib/python3.8/site-packages/airflow/example_dags/tutorial_dag.py took 0.249 seconds
[2024-03-28T17:25:29.027+0000] {processor.py:161} INFO - Started process (PID=1645) to work on /home/airflow/.local/lib/python3.8/site-packages/airflow/example_dags/tutorial_dag.py
[2024-03-28T17:25:29.032+0000] {processor.py:830} INFO - Processing file /home/airflow/.local/lib/python3.8/site-packages/airflow/example_dags/tutorial_dag.py for tasks to queue
[2024-03-28T17:25:29.041+0000] {logging_mixin.py:188} INFO - [2024-03-28T17:25:29.040+0000] {dagbag.py:540} INFO - Filling up the DagBag from /home/airflow/.local/lib/python3.8/site-packages/airflow/example_dags/tutorial_dag.py
[2024-03-28T17:25:29.063+0000] {processor.py:840} INFO - DAG(s) 'tutorial_dag' retrieved from /home/airflow/.local/lib/python3.8/site-packages/airflow/example_dags/tutorial_dag.py
[2024-03-28T17:25:29.125+0000] {logging_mixin.py:188} INFO - [2024-03-28T17:25:29.125+0000] {dag.py:3047} INFO - Sync 1 DAGs
[2024-03-28T17:25:29.159+0000] {logging_mixin.py:188} INFO - [2024-03-28T17:25:29.159+0000] {dag.py:3834} INFO - Setting next_dagrun for tutorial_dag to None, run_after=None
[2024-03-28T17:25:29.218+0000] {processor.py:183} INFO - Processing /home/airflow/.local/lib/python3.8/site-packages/airflow/example_dags/tutorial_dag.py took 0.200 seconds
[2024-03-28T17:26:06.229+0000] {processor.py:161} INFO - Started process (PID=1700) to work on /home/airflow/.local/lib/python3.8/site-packages/airflow/example_dags/tutorial_dag.py
[2024-03-28T17:26:06.243+0000] {processor.py:830} INFO - Processing file /home/airflow/.local/lib/python3.8/site-packages/airflow/example_dags/tutorial_dag.py for tasks to queue
[2024-03-28T17:26:06.256+0000] {logging_mixin.py:188} INFO - [2024-03-28T17:26:06.253+0000] {dagbag.py:540} INFO - Filling up the DagBag from /home/airflow/.local/lib/python3.8/site-packages/airflow/example_dags/tutorial_dag.py
[2024-03-28T17:26:06.284+0000] {processor.py:840} INFO - DAG(s) 'tutorial_dag' retrieved from /home/airflow/.local/lib/python3.8/site-packages/airflow/example_dags/tutorial_dag.py
[2024-03-28T17:26:06.412+0000] {logging_mixin.py:188} INFO - [2024-03-28T17:26:06.411+0000] {dag.py:3047} INFO - Sync 1 DAGs
[2024-03-28T17:26:06.451+0000] {logging_mixin.py:188} INFO - [2024-03-28T17:26:06.451+0000] {dag.py:3834} INFO - Setting next_dagrun for tutorial_dag to None, run_after=None
[2024-03-28T17:26:06.518+0000] {processor.py:183} INFO - Processing /home/airflow/.local/lib/python3.8/site-packages/airflow/example_dags/tutorial_dag.py took 0.328 seconds
[2024-03-28T17:26:39.024+0000] {processor.py:161} INFO - Started process (PID=1754) to work on /home/airflow/.local/lib/python3.8/site-packages/airflow/example_dags/tutorial_dag.py
[2024-03-28T17:26:39.066+0000] {processor.py:830} INFO - Processing file /home/airflow/.local/lib/python3.8/site-packages/airflow/example_dags/tutorial_dag.py for tasks to queue
[2024-03-28T17:26:39.127+0000] {logging_mixin.py:188} INFO - [2024-03-28T17:26:39.125+0000] {dagbag.py:540} INFO - Filling up the DagBag from /home/airflow/.local/lib/python3.8/site-packages/airflow/example_dags/tutorial_dag.py
[2024-03-28T17:26:39.179+0000] {processor.py:840} INFO - DAG(s) 'tutorial_dag' retrieved from /home/airflow/.local/lib/python3.8/site-packages/airflow/example_dags/tutorial_dag.py
[2024-03-28T17:26:39.721+0000] {logging_mixin.py:188} INFO - [2024-03-28T17:26:39.709+0000] {dag.py:3047} INFO - Sync 1 DAGs
[2024-03-28T17:26:40.151+0000] {logging_mixin.py:188} INFO - [2024-03-28T17:26:40.137+0000] {dag.py:3834} INFO - Setting next_dagrun for tutorial_dag to None, run_after=None
[2024-03-28T17:26:40.392+0000] {processor.py:183} INFO - Processing /home/airflow/.local/lib/python3.8/site-packages/airflow/example_dags/tutorial_dag.py took 1.459 seconds
[2024-03-28T17:27:10.835+0000] {processor.py:161} INFO - Started process (PID=1808) to work on /home/airflow/.local/lib/python3.8/site-packages/airflow/example_dags/tutorial_dag.py
[2024-03-28T17:27:10.864+0000] {processor.py:830} INFO - Processing file /home/airflow/.local/lib/python3.8/site-packages/airflow/example_dags/tutorial_dag.py for tasks to queue
[2024-03-28T17:27:10.964+0000] {logging_mixin.py:188} INFO - [2024-03-28T17:27:10.929+0000] {dagbag.py:540} INFO - Filling up the DagBag from /home/airflow/.local/lib/python3.8/site-packages/airflow/example_dags/tutorial_dag.py
[2024-03-28T17:27:11.115+0000] {processor.py:840} INFO - DAG(s) 'tutorial_dag' retrieved from /home/airflow/.local/lib/python3.8/site-packages/airflow/example_dags/tutorial_dag.py
[2024-03-28T17:27:11.544+0000] {logging_mixin.py:188} INFO - [2024-03-28T17:27:11.543+0000] {dag.py:3047} INFO - Sync 1 DAGs
[2024-03-28T17:27:11.859+0000] {logging_mixin.py:188} INFO - [2024-03-28T17:27:11.850+0000] {dag.py:3834} INFO - Setting next_dagrun for tutorial_dag to None, run_after=None
[2024-03-28T17:27:12.407+0000] {processor.py:183} INFO - Processing /home/airflow/.local/lib/python3.8/site-packages/airflow/example_dags/tutorial_dag.py took 1.624 seconds
[2024-03-28T17:27:42.999+0000] {processor.py:161} INFO - Started process (PID=1870) to work on /home/airflow/.local/lib/python3.8/site-packages/airflow/example_dags/tutorial_dag.py
[2024-03-28T17:27:43.011+0000] {processor.py:830} INFO - Processing file /home/airflow/.local/lib/python3.8/site-packages/airflow/example_dags/tutorial_dag.py for tasks to queue
[2024-03-28T17:27:43.030+0000] {logging_mixin.py:188} INFO - [2024-03-28T17:27:43.028+0000] {dagbag.py:540} INFO - Filling up the DagBag from /home/airflow/.local/lib/python3.8/site-packages/airflow/example_dags/tutorial_dag.py
[2024-03-28T17:27:43.104+0000] {processor.py:840} INFO - DAG(s) 'tutorial_dag' retrieved from /home/airflow/.local/lib/python3.8/site-packages/airflow/example_dags/tutorial_dag.py
[2024-03-28T17:27:43.192+0000] {logging_mixin.py:188} INFO - [2024-03-28T17:27:43.191+0000] {dag.py:3047} INFO - Sync 1 DAGs
[2024-03-28T17:27:43.265+0000] {logging_mixin.py:188} INFO - [2024-03-28T17:27:43.264+0000] {dag.py:3834} INFO - Setting next_dagrun for tutorial_dag to None, run_after=None
[2024-03-28T17:27:43.326+0000] {processor.py:183} INFO - Processing /home/airflow/.local/lib/python3.8/site-packages/airflow/example_dags/tutorial_dag.py took 0.380 seconds
[2024-03-28T17:28:13.427+0000] {processor.py:161} INFO - Started process (PID=1926) to work on /home/airflow/.local/lib/python3.8/site-packages/airflow/example_dags/tutorial_dag.py
[2024-03-28T17:28:13.430+0000] {processor.py:830} INFO - Processing file /home/airflow/.local/lib/python3.8/site-packages/airflow/example_dags/tutorial_dag.py for tasks to queue
[2024-03-28T17:28:13.435+0000] {logging_mixin.py:188} INFO - [2024-03-28T17:28:13.434+0000] {dagbag.py:540} INFO - Filling up the DagBag from /home/airflow/.local/lib/python3.8/site-packages/airflow/example_dags/tutorial_dag.py
[2024-03-28T17:28:13.459+0000] {processor.py:840} INFO - DAG(s) 'tutorial_dag' retrieved from /home/airflow/.local/lib/python3.8/site-packages/airflow/example_dags/tutorial_dag.py
[2024-03-28T17:28:13.544+0000] {logging_mixin.py:188} INFO - [2024-03-28T17:28:13.543+0000] {dag.py:3047} INFO - Sync 1 DAGs
[2024-03-28T17:28:13.585+0000] {logging_mixin.py:188} INFO - [2024-03-28T17:28:13.585+0000] {dag.py:3834} INFO - Setting next_dagrun for tutorial_dag to None, run_after=None
[2024-03-28T17:28:13.648+0000] {processor.py:183} INFO - Processing /home/airflow/.local/lib/python3.8/site-packages/airflow/example_dags/tutorial_dag.py took 0.231 seconds
[2024-03-28T17:28:51.333+0000] {processor.py:161} INFO - Started process (PID=1981) to work on /home/airflow/.local/lib/python3.8/site-packages/airflow/example_dags/tutorial_dag.py
[2024-03-28T17:28:51.337+0000] {processor.py:830} INFO - Processing file /home/airflow/.local/lib/python3.8/site-packages/airflow/example_dags/tutorial_dag.py for tasks to queue
[2024-03-28T17:28:51.352+0000] {logging_mixin.py:188} INFO - [2024-03-28T17:28:51.349+0000] {dagbag.py:540} INFO - Filling up the DagBag from /home/airflow/.local/lib/python3.8/site-packages/airflow/example_dags/tutorial_dag.py
[2024-03-28T17:28:51.370+0000] {processor.py:840} INFO - DAG(s) 'tutorial_dag' retrieved from /home/airflow/.local/lib/python3.8/site-packages/airflow/example_dags/tutorial_dag.py
[2024-03-28T17:28:51.429+0000] {logging_mixin.py:188} INFO - [2024-03-28T17:28:51.428+0000] {dag.py:3047} INFO - Sync 1 DAGs
[2024-03-28T17:28:51.465+0000] {logging_mixin.py:188} INFO - [2024-03-28T17:28:51.465+0000] {dag.py:3834} INFO - Setting next_dagrun for tutorial_dag to None, run_after=None
[2024-03-28T17:28:51.579+0000] {processor.py:183} INFO - Processing /home/airflow/.local/lib/python3.8/site-packages/airflow/example_dags/tutorial_dag.py took 0.257 seconds
[2024-03-28T17:29:24.088+0000] {processor.py:161} INFO - Started process (PID=2029) to work on /home/airflow/.local/lib/python3.8/site-packages/airflow/example_dags/tutorial_dag.py
[2024-03-28T17:29:24.101+0000] {processor.py:830} INFO - Processing file /home/airflow/.local/lib/python3.8/site-packages/airflow/example_dags/tutorial_dag.py for tasks to queue
[2024-03-28T17:29:24.115+0000] {logging_mixin.py:188} INFO - [2024-03-28T17:29:24.111+0000] {dagbag.py:540} INFO - Filling up the DagBag from /home/airflow/.local/lib/python3.8/site-packages/airflow/example_dags/tutorial_dag.py
[2024-03-28T17:29:24.184+0000] {processor.py:840} INFO - DAG(s) 'tutorial_dag' retrieved from /home/airflow/.local/lib/python3.8/site-packages/airflow/example_dags/tutorial_dag.py
[2024-03-28T17:29:24.354+0000] {logging_mixin.py:188} INFO - [2024-03-28T17:29:24.353+0000] {dag.py:3047} INFO - Sync 1 DAGs
[2024-03-28T17:29:24.457+0000] {logging_mixin.py:188} INFO - [2024-03-28T17:29:24.456+0000] {dag.py:3834} INFO - Setting next_dagrun for tutorial_dag to None, run_after=None
[2024-03-28T17:29:24.786+0000] {processor.py:183} INFO - Processing /home/airflow/.local/lib/python3.8/site-packages/airflow/example_dags/tutorial_dag.py took 0.731 seconds
[2024-03-28T17:29:55.864+0000] {processor.py:161} INFO - Started process (PID=2084) to work on /home/airflow/.local/lib/python3.8/site-packages/airflow/example_dags/tutorial_dag.py
[2024-03-28T17:29:55.872+0000] {processor.py:830} INFO - Processing file /home/airflow/.local/lib/python3.8/site-packages/airflow/example_dags/tutorial_dag.py for tasks to queue
[2024-03-28T17:29:55.907+0000] {logging_mixin.py:188} INFO - [2024-03-28T17:29:55.894+0000] {dagbag.py:540} INFO - Filling up the DagBag from /home/airflow/.local/lib/python3.8/site-packages/airflow/example_dags/tutorial_dag.py
[2024-03-28T17:29:56.032+0000] {processor.py:840} INFO - DAG(s) 'tutorial_dag' retrieved from /home/airflow/.local/lib/python3.8/site-packages/airflow/example_dags/tutorial_dag.py
[2024-03-28T17:29:56.299+0000] {logging_mixin.py:188} INFO - [2024-03-28T17:29:56.289+0000] {dag.py:3047} INFO - Sync 1 DAGs
[2024-03-28T17:29:56.553+0000] {logging_mixin.py:188} INFO - [2024-03-28T17:29:56.551+0000] {dag.py:3834} INFO - Setting next_dagrun for tutorial_dag to None, run_after=None
[2024-03-28T17:29:56.797+0000] {processor.py:183} INFO - Processing /home/airflow/.local/lib/python3.8/site-packages/airflow/example_dags/tutorial_dag.py took 0.961 seconds
[2024-03-28T17:30:27.563+0000] {processor.py:161} INFO - Started process (PID=2139) to work on /home/airflow/.local/lib/python3.8/site-packages/airflow/example_dags/tutorial_dag.py
[2024-03-28T17:30:27.567+0000] {processor.py:830} INFO - Processing file /home/airflow/.local/lib/python3.8/site-packages/airflow/example_dags/tutorial_dag.py for tasks to queue
[2024-03-28T17:30:27.575+0000] {logging_mixin.py:188} INFO - [2024-03-28T17:30:27.573+0000] {dagbag.py:540} INFO - Filling up the DagBag from /home/airflow/.local/lib/python3.8/site-packages/airflow/example_dags/tutorial_dag.py
[2024-03-28T17:30:27.601+0000] {processor.py:840} INFO - DAG(s) 'tutorial_dag' retrieved from /home/airflow/.local/lib/python3.8/site-packages/airflow/example_dags/tutorial_dag.py
[2024-03-28T17:30:27.693+0000] {logging_mixin.py:188} INFO - [2024-03-28T17:30:27.689+0000] {dag.py:3047} INFO - Sync 1 DAGs
[2024-03-28T17:30:27.752+0000] {logging_mixin.py:188} INFO - [2024-03-28T17:30:27.751+0000] {dag.py:3834} INFO - Setting next_dagrun for tutorial_dag to None, run_after=None
[2024-03-28T17:30:27.831+0000] {processor.py:183} INFO - Processing /home/airflow/.local/lib/python3.8/site-packages/airflow/example_dags/tutorial_dag.py took 0.293 seconds
[2024-03-28T17:31:00.617+0000] {processor.py:161} INFO - Started process (PID=2185) to work on /home/airflow/.local/lib/python3.8/site-packages/airflow/example_dags/tutorial_dag.py
[2024-03-28T17:31:00.630+0000] {processor.py:830} INFO - Processing file /home/airflow/.local/lib/python3.8/site-packages/airflow/example_dags/tutorial_dag.py for tasks to queue
[2024-03-28T17:31:00.644+0000] {logging_mixin.py:188} INFO - [2024-03-28T17:31:00.643+0000] {dagbag.py:540} INFO - Filling up the DagBag from /home/airflow/.local/lib/python3.8/site-packages/airflow/example_dags/tutorial_dag.py
[2024-03-28T17:31:00.706+0000] {processor.py:840} INFO - DAG(s) 'tutorial_dag' retrieved from /home/airflow/.local/lib/python3.8/site-packages/airflow/example_dags/tutorial_dag.py
[2024-03-28T17:31:00.839+0000] {logging_mixin.py:188} INFO - [2024-03-28T17:31:00.839+0000] {dag.py:3047} INFO - Sync 1 DAGs
[2024-03-28T17:31:00.920+0000] {logging_mixin.py:188} INFO - [2024-03-28T17:31:00.913+0000] {dag.py:3834} INFO - Setting next_dagrun for tutorial_dag to None, run_after=None
[2024-03-28T17:31:01.036+0000] {processor.py:183} INFO - Processing /home/airflow/.local/lib/python3.8/site-packages/airflow/example_dags/tutorial_dag.py took 0.429 seconds
[2024-03-28T17:31:33.217+0000] {processor.py:161} INFO - Started process (PID=2239) to work on /home/airflow/.local/lib/python3.8/site-packages/airflow/example_dags/tutorial_dag.py
[2024-03-28T17:31:33.221+0000] {processor.py:830} INFO - Processing file /home/airflow/.local/lib/python3.8/site-packages/airflow/example_dags/tutorial_dag.py for tasks to queue
[2024-03-28T17:31:33.232+0000] {logging_mixin.py:188} INFO - [2024-03-28T17:31:33.231+0000] {dagbag.py:540} INFO - Filling up the DagBag from /home/airflow/.local/lib/python3.8/site-packages/airflow/example_dags/tutorial_dag.py
[2024-03-28T17:31:33.259+0000] {processor.py:840} INFO - DAG(s) 'tutorial_dag' retrieved from /home/airflow/.local/lib/python3.8/site-packages/airflow/example_dags/tutorial_dag.py
[2024-03-28T17:31:33.355+0000] {logging_mixin.py:188} INFO - [2024-03-28T17:31:33.354+0000] {dag.py:3047} INFO - Sync 1 DAGs
[2024-03-28T17:31:33.415+0000] {logging_mixin.py:188} INFO - [2024-03-28T17:31:33.415+0000] {dag.py:3834} INFO - Setting next_dagrun for tutorial_dag to None, run_after=None
[2024-03-28T17:31:33.495+0000] {processor.py:183} INFO - Processing /home/airflow/.local/lib/python3.8/site-packages/airflow/example_dags/tutorial_dag.py took 0.288 seconds
[2024-03-28T17:32:11.320+0000] {processor.py:161} INFO - Started process (PID=2289) to work on /home/airflow/.local/lib/python3.8/site-packages/airflow/example_dags/tutorial_dag.py
[2024-03-28T17:32:11.338+0000] {processor.py:830} INFO - Processing file /home/airflow/.local/lib/python3.8/site-packages/airflow/example_dags/tutorial_dag.py for tasks to queue
[2024-03-28T17:32:11.353+0000] {logging_mixin.py:188} INFO - [2024-03-28T17:32:11.350+0000] {dagbag.py:540} INFO - Filling up the DagBag from /home/airflow/.local/lib/python3.8/site-packages/airflow/example_dags/tutorial_dag.py
[2024-03-28T17:32:11.420+0000] {processor.py:840} INFO - DAG(s) 'tutorial_dag' retrieved from /home/airflow/.local/lib/python3.8/site-packages/airflow/example_dags/tutorial_dag.py
[2024-03-28T17:32:11.511+0000] {logging_mixin.py:188} INFO - [2024-03-28T17:32:11.508+0000] {dag.py:3047} INFO - Sync 1 DAGs
[2024-03-28T17:32:11.729+0000] {logging_mixin.py:188} INFO - [2024-03-28T17:32:11.728+0000] {dag.py:3834} INFO - Setting next_dagrun for tutorial_dag to None, run_after=None
[2024-03-28T17:32:12.040+0000] {processor.py:183} INFO - Processing /home/airflow/.local/lib/python3.8/site-packages/airflow/example_dags/tutorial_dag.py took 0.755 seconds
[2024-03-28T17:32:44.401+0000] {processor.py:161} INFO - Started process (PID=2344) to work on /home/airflow/.local/lib/python3.8/site-packages/airflow/example_dags/tutorial_dag.py
[2024-03-28T17:32:44.440+0000] {processor.py:830} INFO - Processing file /home/airflow/.local/lib/python3.8/site-packages/airflow/example_dags/tutorial_dag.py for tasks to queue
[2024-03-28T17:32:44.464+0000] {logging_mixin.py:188} INFO - [2024-03-28T17:32:44.463+0000] {dagbag.py:540} INFO - Filling up the DagBag from /home/airflow/.local/lib/python3.8/site-packages/airflow/example_dags/tutorial_dag.py
[2024-03-28T17:32:44.662+0000] {processor.py:840} INFO - DAG(s) 'tutorial_dag' retrieved from /home/airflow/.local/lib/python3.8/site-packages/airflow/example_dags/tutorial_dag.py
[2024-03-28T17:32:44.796+0000] {logging_mixin.py:188} INFO - [2024-03-28T17:32:44.794+0000] {dag.py:3047} INFO - Sync 1 DAGs
[2024-03-28T17:32:44.869+0000] {logging_mixin.py:188} INFO - [2024-03-28T17:32:44.869+0000] {dag.py:3834} INFO - Setting next_dagrun for tutorial_dag to None, run_after=None
[2024-03-28T17:32:46.069+0000] {processor.py:183} INFO - Processing /home/airflow/.local/lib/python3.8/site-packages/airflow/example_dags/tutorial_dag.py took 1.701 seconds
[2024-03-28T17:33:16.516+0000] {processor.py:161} INFO - Started process (PID=2398) to work on /home/airflow/.local/lib/python3.8/site-packages/airflow/example_dags/tutorial_dag.py
[2024-03-28T17:33:16.523+0000] {processor.py:830} INFO - Processing file /home/airflow/.local/lib/python3.8/site-packages/airflow/example_dags/tutorial_dag.py for tasks to queue
[2024-03-28T17:33:16.550+0000] {logging_mixin.py:188} INFO - [2024-03-28T17:33:16.545+0000] {dagbag.py:540} INFO - Filling up the DagBag from /home/airflow/.local/lib/python3.8/site-packages/airflow/example_dags/tutorial_dag.py
[2024-03-28T17:33:16.591+0000] {processor.py:840} INFO - DAG(s) 'tutorial_dag' retrieved from /home/airflow/.local/lib/python3.8/site-packages/airflow/example_dags/tutorial_dag.py
[2024-03-28T17:33:16.824+0000] {logging_mixin.py:188} INFO - [2024-03-28T17:33:16.822+0000] {dag.py:3047} INFO - Sync 1 DAGs
[2024-03-28T17:33:17.050+0000] {logging_mixin.py:188} INFO - [2024-03-28T17:33:17.039+0000] {dag.py:3834} INFO - Setting next_dagrun for tutorial_dag to None, run_after=None
[2024-03-28T17:33:17.236+0000] {processor.py:183} INFO - Processing /home/airflow/.local/lib/python3.8/site-packages/airflow/example_dags/tutorial_dag.py took 0.738 seconds
