[2024-03-28T16:31:54.260+0000] {processor.py:161} INFO - Started process (PID=132) to work on /home/airflow/.local/lib/python3.8/site-packages/airflow/example_dags/tutorial.py
[2024-03-28T16:31:54.292+0000] {processor.py:830} INFO - Processing file /home/airflow/.local/lib/python3.8/site-packages/airflow/example_dags/tutorial.py for tasks to queue
[2024-03-28T16:31:54.422+0000] {logging_mixin.py:188} INFO - [2024-03-28T16:31:54.413+0000] {dagbag.py:540} INFO - Filling up the DagBag from /home/airflow/.local/lib/python3.8/site-packages/airflow/example_dags/tutorial.py
[2024-03-28T16:31:54.888+0000] {processor.py:840} INFO - DAG(s) 'tutorial' retrieved from /home/airflow/.local/lib/python3.8/site-packages/airflow/example_dags/tutorial.py
[2024-03-28T16:32:01.576+0000] {logging_mixin.py:188} INFO - [2024-03-28T16:32:01.488+0000] {override.py:1769} INFO - Created Permission View: can edit on DAG:tutorial
[2024-03-28T16:32:02.610+0000] {logging_mixin.py:188} INFO - [2024-03-28T16:32:02.577+0000] {override.py:1769} INFO - Created Permission View: can read on DAG:tutorial
[2024-03-28T16:32:02.819+0000] {logging_mixin.py:188} INFO - [2024-03-28T16:32:02.818+0000] {override.py:1769} INFO - Created Permission View: can delete on DAG:tutorial
[2024-03-28T16:32:02.841+0000] {logging_mixin.py:188} INFO - [2024-03-28T16:32:02.834+0000] {dag.py:3047} INFO - Sync 1 DAGs
[2024-03-28T16:32:03.107+0000] {logging_mixin.py:188} INFO - [2024-03-28T16:32:03.106+0000] {dag.py:3069} INFO - Creating ORM DAG for tutorial
[2024-03-28T16:32:03.205+0000] {logging_mixin.py:188} INFO - [2024-03-28T16:32:03.202+0000] {dag.py:3834} INFO - Setting next_dagrun for tutorial to 2024-03-27 00:00:00+00:00, run_after=2024-03-28 00:00:00+00:00
[2024-03-28T16:32:04.215+0000] {processor.py:183} INFO - Processing /home/airflow/.local/lib/python3.8/site-packages/airflow/example_dags/tutorial.py took 10.128 seconds
[2024-03-28T16:35:58.481+0000] {processor.py:161} INFO - Started process (PID=227) to work on /home/airflow/.local/lib/python3.8/site-packages/airflow/example_dags/tutorial.py
[2024-03-28T16:35:58.559+0000] {processor.py:830} INFO - Processing file /home/airflow/.local/lib/python3.8/site-packages/airflow/example_dags/tutorial.py for tasks to queue
[2024-03-28T16:35:58.762+0000] {logging_mixin.py:188} INFO - [2024-03-28T16:35:58.761+0000] {dagbag.py:540} INFO - Filling up the DagBag from /home/airflow/.local/lib/python3.8/site-packages/airflow/example_dags/tutorial.py
[2024-03-28T16:35:59.056+0000] {processor.py:840} INFO - DAG(s) 'tutorial' retrieved from /home/airflow/.local/lib/python3.8/site-packages/airflow/example_dags/tutorial.py
[2024-03-28T16:36:00.876+0000] {logging_mixin.py:188} INFO - [2024-03-28T16:36:00.875+0000] {dag.py:3047} INFO - Sync 1 DAGs
[2024-03-28T16:36:01.969+0000] {logging_mixin.py:188} INFO - [2024-03-28T16:36:01.968+0000] {dag.py:3834} INFO - Setting next_dagrun for tutorial to 2024-03-27 00:00:00+00:00, run_after=2024-03-28 00:00:00+00:00
[2024-03-28T16:36:04.318+0000] {processor.py:183} INFO - Processing /home/airflow/.local/lib/python3.8/site-packages/airflow/example_dags/tutorial.py took 5.979 seconds
[2024-03-28T16:38:20.997+0000] {processor.py:161} INFO - Started process (PID=295) to work on /home/airflow/.local/lib/python3.8/site-packages/airflow/example_dags/tutorial.py
[2024-03-28T16:38:21.474+0000] {processor.py:830} INFO - Processing file /home/airflow/.local/lib/python3.8/site-packages/airflow/example_dags/tutorial.py for tasks to queue
[2024-03-28T16:38:21.527+0000] {logging_mixin.py:188} INFO - [2024-03-28T16:38:21.526+0000] {dagbag.py:540} INFO - Filling up the DagBag from /home/airflow/.local/lib/python3.8/site-packages/airflow/example_dags/tutorial.py
[2024-03-28T16:38:21.671+0000] {processor.py:840} INFO - DAG(s) 'tutorial' retrieved from /home/airflow/.local/lib/python3.8/site-packages/airflow/example_dags/tutorial.py
[2024-03-28T16:38:22.185+0000] {logging_mixin.py:188} INFO - [2024-03-28T16:38:22.184+0000] {dag.py:3047} INFO - Sync 1 DAGs
[2024-03-28T16:38:22.723+0000] {logging_mixin.py:188} INFO - [2024-03-28T16:38:22.722+0000] {dag.py:3834} INFO - Setting next_dagrun for tutorial to 2024-03-27 00:00:00+00:00, run_after=2024-03-28 00:00:00+00:00
[2024-03-28T16:38:23.851+0000] {processor.py:183} INFO - Processing /home/airflow/.local/lib/python3.8/site-packages/airflow/example_dags/tutorial.py took 3.028 seconds
[2024-03-28T16:41:05.011+0000] {processor.py:161} INFO - Started process (PID=363) to work on /home/airflow/.local/lib/python3.8/site-packages/airflow/example_dags/tutorial.py
[2024-03-28T16:41:05.039+0000] {processor.py:830} INFO - Processing file /home/airflow/.local/lib/python3.8/site-packages/airflow/example_dags/tutorial.py for tasks to queue
[2024-03-28T16:41:05.238+0000] {logging_mixin.py:188} INFO - [2024-03-28T16:41:05.217+0000] {dagbag.py:540} INFO - Filling up the DagBag from /home/airflow/.local/lib/python3.8/site-packages/airflow/example_dags/tutorial.py
[2024-03-28T16:41:05.661+0000] {processor.py:840} INFO - DAG(s) 'tutorial' retrieved from /home/airflow/.local/lib/python3.8/site-packages/airflow/example_dags/tutorial.py
[2024-03-28T16:41:07.880+0000] {logging_mixin.py:188} INFO - [2024-03-28T16:41:07.879+0000] {dag.py:3047} INFO - Sync 1 DAGs
[2024-03-28T16:41:11.032+0000] {logging_mixin.py:188} INFO - [2024-03-28T16:41:11.024+0000] {dag.py:3834} INFO - Setting next_dagrun for tutorial to 2024-03-27 00:00:00+00:00, run_after=2024-03-28 00:00:00+00:00
[2024-03-28T16:41:12.366+0000] {processor.py:183} INFO - Processing /home/airflow/.local/lib/python3.8/site-packages/airflow/example_dags/tutorial.py took 7.451 seconds
[2024-03-28T16:44:11.796+0000] {processor.py:161} INFO - Started process (PID=435) to work on /home/airflow/.local/lib/python3.8/site-packages/airflow/example_dags/tutorial.py
[2024-03-28T16:44:11.834+0000] {processor.py:830} INFO - Processing file /home/airflow/.local/lib/python3.8/site-packages/airflow/example_dags/tutorial.py for tasks to queue
[2024-03-28T16:44:11.926+0000] {logging_mixin.py:188} INFO - [2024-03-28T16:44:11.921+0000] {dagbag.py:540} INFO - Filling up the DagBag from /home/airflow/.local/lib/python3.8/site-packages/airflow/example_dags/tutorial.py
[2024-03-28T16:44:12.547+0000] {processor.py:840} INFO - DAG(s) 'tutorial' retrieved from /home/airflow/.local/lib/python3.8/site-packages/airflow/example_dags/tutorial.py
[2024-03-28T16:44:13.950+0000] {logging_mixin.py:188} INFO - [2024-03-28T16:44:13.906+0000] {dag.py:3047} INFO - Sync 1 DAGs
[2024-03-28T16:44:15.318+0000] {logging_mixin.py:188} INFO - [2024-03-28T16:44:15.316+0000] {dag.py:3834} INFO - Setting next_dagrun for tutorial to 2024-03-27 00:00:00+00:00, run_after=2024-03-28 00:00:00+00:00
[2024-03-28T16:44:17.209+0000] {processor.py:183} INFO - Processing /home/airflow/.local/lib/python3.8/site-packages/airflow/example_dags/tutorial.py took 5.698 seconds
[2024-03-28T17:05:57.357+0000] {processor.py:161} INFO - Started process (PID=61) to work on /home/airflow/.local/lib/python3.8/site-packages/airflow/example_dags/tutorial.py
[2024-03-28T17:05:57.385+0000] {processor.py:830} INFO - Processing file /home/airflow/.local/lib/python3.8/site-packages/airflow/example_dags/tutorial.py for tasks to queue
[2024-03-28T17:05:57.403+0000] {logging_mixin.py:188} INFO - [2024-03-28T17:05:57.402+0000] {dagbag.py:540} INFO - Filling up the DagBag from /home/airflow/.local/lib/python3.8/site-packages/airflow/example_dags/tutorial.py
[2024-03-28T17:05:57.460+0000] {processor.py:840} INFO - DAG(s) 'tutorial' retrieved from /home/airflow/.local/lib/python3.8/site-packages/airflow/example_dags/tutorial.py
[2024-03-28T17:05:59.032+0000] {logging_mixin.py:188} INFO - [2024-03-28T17:05:59.031+0000] {dag.py:3047} INFO - Sync 1 DAGs
[2024-03-28T17:05:59.386+0000] {logging_mixin.py:188} INFO - [2024-03-28T17:05:59.385+0000] {dag.py:3834} INFO - Setting next_dagrun for tutorial to 2024-03-27 00:00:00+00:00, run_after=2024-03-28 00:00:00+00:00
[2024-03-28T17:05:59.900+0000] {processor.py:183} INFO - Processing /home/airflow/.local/lib/python3.8/site-packages/airflow/example_dags/tutorial.py took 2.592 seconds
[2024-03-28T17:07:27.381+0000] {processor.py:161} INFO - Started process (PID=128) to work on /home/airflow/.local/lib/python3.8/site-packages/airflow/example_dags/tutorial.py
[2024-03-28T17:07:27.392+0000] {processor.py:830} INFO - Processing file /home/airflow/.local/lib/python3.8/site-packages/airflow/example_dags/tutorial.py for tasks to queue
[2024-03-28T17:07:27.432+0000] {logging_mixin.py:188} INFO - [2024-03-28T17:07:27.418+0000] {dagbag.py:540} INFO - Filling up the DagBag from /home/airflow/.local/lib/python3.8/site-packages/airflow/example_dags/tutorial.py
[2024-03-28T17:07:27.480+0000] {processor.py:840} INFO - DAG(s) 'tutorial' retrieved from /home/airflow/.local/lib/python3.8/site-packages/airflow/example_dags/tutorial.py
[2024-03-28T17:07:27.631+0000] {logging_mixin.py:188} INFO - [2024-03-28T17:07:27.623+0000] {dag.py:3047} INFO - Sync 1 DAGs
[2024-03-28T17:07:27.800+0000] {logging_mixin.py:188} INFO - [2024-03-28T17:07:27.800+0000] {dag.py:3834} INFO - Setting next_dagrun for tutorial to 2024-03-27 00:00:00+00:00, run_after=2024-03-28 00:00:00+00:00
[2024-03-28T17:07:27.894+0000] {processor.py:183} INFO - Processing /home/airflow/.local/lib/python3.8/site-packages/airflow/example_dags/tutorial.py took 0.594 seconds
[2024-03-28T17:08:16.886+0000] {processor.py:161} INFO - Started process (PID=189) to work on /home/airflow/.local/lib/python3.8/site-packages/airflow/example_dags/tutorial.py
[2024-03-28T17:08:16.897+0000] {processor.py:830} INFO - Processing file /home/airflow/.local/lib/python3.8/site-packages/airflow/example_dags/tutorial.py for tasks to queue
[2024-03-28T17:08:16.920+0000] {logging_mixin.py:188} INFO - [2024-03-28T17:08:16.915+0000] {dagbag.py:540} INFO - Filling up the DagBag from /home/airflow/.local/lib/python3.8/site-packages/airflow/example_dags/tutorial.py
[2024-03-28T17:08:16.969+0000] {processor.py:840} INFO - DAG(s) 'tutorial' retrieved from /home/airflow/.local/lib/python3.8/site-packages/airflow/example_dags/tutorial.py
[2024-03-28T17:08:17.113+0000] {logging_mixin.py:188} INFO - [2024-03-28T17:08:17.112+0000] {dag.py:3047} INFO - Sync 1 DAGs
[2024-03-28T17:08:17.276+0000] {logging_mixin.py:188} INFO - [2024-03-28T17:08:17.275+0000] {dag.py:3834} INFO - Setting next_dagrun for tutorial to 2024-03-27 00:00:00+00:00, run_after=2024-03-28 00:00:00+00:00
[2024-03-28T17:08:17.359+0000] {processor.py:183} INFO - Processing /home/airflow/.local/lib/python3.8/site-packages/airflow/example_dags/tutorial.py took 0.501 seconds
[2024-03-28T17:09:04.302+0000] {processor.py:161} INFO - Started process (PID=244) to work on /home/airflow/.local/lib/python3.8/site-packages/airflow/example_dags/tutorial.py
[2024-03-28T17:09:04.315+0000] {processor.py:830} INFO - Processing file /home/airflow/.local/lib/python3.8/site-packages/airflow/example_dags/tutorial.py for tasks to queue
[2024-03-28T17:09:04.337+0000] {logging_mixin.py:188} INFO - [2024-03-28T17:09:04.332+0000] {dagbag.py:540} INFO - Filling up the DagBag from /home/airflow/.local/lib/python3.8/site-packages/airflow/example_dags/tutorial.py
[2024-03-28T17:09:04.705+0000] {processor.py:840} INFO - DAG(s) 'tutorial' retrieved from /home/airflow/.local/lib/python3.8/site-packages/airflow/example_dags/tutorial.py
[2024-03-28T17:09:06.224+0000] {logging_mixin.py:188} INFO - [2024-03-28T17:09:06.222+0000] {dag.py:3047} INFO - Sync 1 DAGs
[2024-03-28T17:09:07.247+0000] {logging_mixin.py:188} INFO - [2024-03-28T17:09:07.246+0000] {dag.py:3834} INFO - Setting next_dagrun for tutorial to 2024-03-27 00:00:00+00:00, run_after=2024-03-28 00:00:00+00:00
[2024-03-28T17:09:07.394+0000] {processor.py:183} INFO - Processing /home/airflow/.local/lib/python3.8/site-packages/airflow/example_dags/tutorial.py took 3.118 seconds
[2024-03-28T17:10:55.142+0000] {processor.py:161} INFO - Started process (PID=325) to work on /home/airflow/.local/lib/python3.8/site-packages/airflow/example_dags/tutorial.py
[2024-03-28T17:10:55.159+0000] {processor.py:830} INFO - Processing file /home/airflow/.local/lib/python3.8/site-packages/airflow/example_dags/tutorial.py for tasks to queue
[2024-03-28T17:10:55.182+0000] {logging_mixin.py:188} INFO - [2024-03-28T17:10:55.181+0000] {dagbag.py:540} INFO - Filling up the DagBag from /home/airflow/.local/lib/python3.8/site-packages/airflow/example_dags/tutorial.py
[2024-03-28T17:10:55.255+0000] {processor.py:840} INFO - DAG(s) 'tutorial' retrieved from /home/airflow/.local/lib/python3.8/site-packages/airflow/example_dags/tutorial.py
[2024-03-28T17:10:55.468+0000] {logging_mixin.py:188} INFO - [2024-03-28T17:10:55.468+0000] {dag.py:3047} INFO - Sync 1 DAGs
[2024-03-28T17:10:55.751+0000] {logging_mixin.py:188} INFO - [2024-03-28T17:10:55.740+0000] {dag.py:3834} INFO - Setting next_dagrun for tutorial to 2024-03-27 00:00:00+00:00, run_after=2024-03-28 00:00:00+00:00
[2024-03-28T17:10:55.963+0000] {processor.py:183} INFO - Processing /home/airflow/.local/lib/python3.8/site-packages/airflow/example_dags/tutorial.py took 0.862 seconds
[2024-03-28T17:11:49.237+0000] {processor.py:161} INFO - Started process (PID=382) to work on /home/airflow/.local/lib/python3.8/site-packages/airflow/example_dags/tutorial.py
[2024-03-28T17:11:49.254+0000] {processor.py:830} INFO - Processing file /home/airflow/.local/lib/python3.8/site-packages/airflow/example_dags/tutorial.py for tasks to queue
[2024-03-28T17:11:49.336+0000] {logging_mixin.py:188} INFO - [2024-03-28T17:11:49.334+0000] {dagbag.py:540} INFO - Filling up the DagBag from /home/airflow/.local/lib/python3.8/site-packages/airflow/example_dags/tutorial.py
[2024-03-28T17:11:49.719+0000] {processor.py:840} INFO - DAG(s) 'tutorial' retrieved from /home/airflow/.local/lib/python3.8/site-packages/airflow/example_dags/tutorial.py
[2024-03-28T17:11:50.905+0000] {logging_mixin.py:188} INFO - [2024-03-28T17:11:50.904+0000] {dag.py:3047} INFO - Sync 1 DAGs
[2024-03-28T17:11:51.331+0000] {logging_mixin.py:188} INFO - [2024-03-28T17:11:51.331+0000] {dag.py:3834} INFO - Setting next_dagrun for tutorial to 2024-03-27 00:00:00+00:00, run_after=2024-03-28 00:00:00+00:00
[2024-03-28T17:11:51.622+0000] {processor.py:183} INFO - Processing /home/airflow/.local/lib/python3.8/site-packages/airflow/example_dags/tutorial.py took 2.458 seconds
[2024-03-28T17:12:28.833+0000] {processor.py:161} INFO - Started process (PID=436) to work on /home/airflow/.local/lib/python3.8/site-packages/airflow/example_dags/tutorial.py
[2024-03-28T17:12:28.876+0000] {processor.py:830} INFO - Processing file /home/airflow/.local/lib/python3.8/site-packages/airflow/example_dags/tutorial.py for tasks to queue
[2024-03-28T17:12:28.907+0000] {logging_mixin.py:188} INFO - [2024-03-28T17:12:28.906+0000] {dagbag.py:540} INFO - Filling up the DagBag from /home/airflow/.local/lib/python3.8/site-packages/airflow/example_dags/tutorial.py
[2024-03-28T17:12:28.945+0000] {processor.py:840} INFO - DAG(s) 'tutorial' retrieved from /home/airflow/.local/lib/python3.8/site-packages/airflow/example_dags/tutorial.py
[2024-03-28T17:12:29.190+0000] {logging_mixin.py:188} INFO - [2024-03-28T17:12:29.190+0000] {dag.py:3047} INFO - Sync 1 DAGs
[2024-03-28T17:12:29.312+0000] {logging_mixin.py:188} INFO - [2024-03-28T17:12:29.312+0000] {dag.py:3834} INFO - Setting next_dagrun for tutorial to 2024-03-27 00:00:00+00:00, run_after=2024-03-28 00:00:00+00:00
[2024-03-28T17:12:29.991+0000] {processor.py:183} INFO - Processing /home/airflow/.local/lib/python3.8/site-packages/airflow/example_dags/tutorial.py took 1.200 seconds
[2024-03-28T17:13:01.034+0000] {processor.py:161} INFO - Started process (PID=492) to work on /home/airflow/.local/lib/python3.8/site-packages/airflow/example_dags/tutorial.py
[2024-03-28T17:13:01.043+0000] {processor.py:830} INFO - Processing file /home/airflow/.local/lib/python3.8/site-packages/airflow/example_dags/tutorial.py for tasks to queue
[2024-03-28T17:13:01.056+0000] {logging_mixin.py:188} INFO - [2024-03-28T17:13:01.054+0000] {dagbag.py:540} INFO - Filling up the DagBag from /home/airflow/.local/lib/python3.8/site-packages/airflow/example_dags/tutorial.py
[2024-03-28T17:13:01.077+0000] {processor.py:840} INFO - DAG(s) 'tutorial' retrieved from /home/airflow/.local/lib/python3.8/site-packages/airflow/example_dags/tutorial.py
[2024-03-28T17:13:01.168+0000] {logging_mixin.py:188} INFO - [2024-03-28T17:13:01.166+0000] {dag.py:3047} INFO - Sync 1 DAGs
[2024-03-28T17:13:01.276+0000] {logging_mixin.py:188} INFO - [2024-03-28T17:13:01.276+0000] {dag.py:3834} INFO - Setting next_dagrun for tutorial to 2024-03-27 00:00:00+00:00, run_after=2024-03-28 00:00:00+00:00
[2024-03-28T17:13:01.333+0000] {processor.py:183} INFO - Processing /home/airflow/.local/lib/python3.8/site-packages/airflow/example_dags/tutorial.py took 0.311 seconds
[2024-03-28T17:13:37.477+0000] {processor.py:161} INFO - Started process (PID=547) to work on /home/airflow/.local/lib/python3.8/site-packages/airflow/example_dags/tutorial.py
[2024-03-28T17:13:37.481+0000] {processor.py:830} INFO - Processing file /home/airflow/.local/lib/python3.8/site-packages/airflow/example_dags/tutorial.py for tasks to queue
[2024-03-28T17:13:37.504+0000] {logging_mixin.py:188} INFO - [2024-03-28T17:13:37.493+0000] {dagbag.py:540} INFO - Filling up the DagBag from /home/airflow/.local/lib/python3.8/site-packages/airflow/example_dags/tutorial.py
[2024-03-28T17:13:37.544+0000] {processor.py:840} INFO - DAG(s) 'tutorial' retrieved from /home/airflow/.local/lib/python3.8/site-packages/airflow/example_dags/tutorial.py
[2024-03-28T17:13:37.612+0000] {logging_mixin.py:188} INFO - [2024-03-28T17:13:37.612+0000] {dag.py:3047} INFO - Sync 1 DAGs
[2024-03-28T17:13:37.685+0000] {logging_mixin.py:188} INFO - [2024-03-28T17:13:37.684+0000] {dag.py:3834} INFO - Setting next_dagrun for tutorial to 2024-03-27 00:00:00+00:00, run_after=2024-03-28 00:00:00+00:00
[2024-03-28T17:13:37.740+0000] {processor.py:183} INFO - Processing /home/airflow/.local/lib/python3.8/site-packages/airflow/example_dags/tutorial.py took 0.275 seconds
[2024-03-28T17:14:18.762+0000] {processor.py:161} INFO - Started process (PID=602) to work on /home/airflow/.local/lib/python3.8/site-packages/airflow/example_dags/tutorial.py
[2024-03-28T17:14:18.769+0000] {processor.py:830} INFO - Processing file /home/airflow/.local/lib/python3.8/site-packages/airflow/example_dags/tutorial.py for tasks to queue
[2024-03-28T17:14:18.784+0000] {logging_mixin.py:188} INFO - [2024-03-28T17:14:18.782+0000] {dagbag.py:540} INFO - Filling up the DagBag from /home/airflow/.local/lib/python3.8/site-packages/airflow/example_dags/tutorial.py
[2024-03-28T17:14:18.808+0000] {processor.py:840} INFO - DAG(s) 'tutorial' retrieved from /home/airflow/.local/lib/python3.8/site-packages/airflow/example_dags/tutorial.py
[2024-03-28T17:14:18.863+0000] {logging_mixin.py:188} INFO - [2024-03-28T17:14:18.863+0000] {dag.py:3047} INFO - Sync 1 DAGs
[2024-03-28T17:14:18.938+0000] {logging_mixin.py:188} INFO - [2024-03-28T17:14:18.937+0000] {dag.py:3834} INFO - Setting next_dagrun for tutorial to 2024-03-27 00:00:00+00:00, run_after=2024-03-28 00:00:00+00:00
[2024-03-28T17:14:18.993+0000] {processor.py:183} INFO - Processing /home/airflow/.local/lib/python3.8/site-packages/airflow/example_dags/tutorial.py took 0.249 seconds
[2024-03-28T17:14:50.635+0000] {processor.py:161} INFO - Started process (PID=656) to work on /home/airflow/.local/lib/python3.8/site-packages/airflow/example_dags/tutorial.py
[2024-03-28T17:14:50.656+0000] {processor.py:830} INFO - Processing file /home/airflow/.local/lib/python3.8/site-packages/airflow/example_dags/tutorial.py for tasks to queue
[2024-03-28T17:14:50.681+0000] {logging_mixin.py:188} INFO - [2024-03-28T17:14:50.680+0000] {dagbag.py:540} INFO - Filling up the DagBag from /home/airflow/.local/lib/python3.8/site-packages/airflow/example_dags/tutorial.py
[2024-03-28T17:14:50.738+0000] {processor.py:840} INFO - DAG(s) 'tutorial' retrieved from /home/airflow/.local/lib/python3.8/site-packages/airflow/example_dags/tutorial.py
[2024-03-28T17:14:50.873+0000] {logging_mixin.py:188} INFO - [2024-03-28T17:14:50.870+0000] {dag.py:3047} INFO - Sync 1 DAGs
[2024-03-28T17:14:50.999+0000] {logging_mixin.py:188} INFO - [2024-03-28T17:14:50.999+0000] {dag.py:3834} INFO - Setting next_dagrun for tutorial to 2024-03-27 00:00:00+00:00, run_after=2024-03-28 00:00:00+00:00
[2024-03-28T17:14:51.199+0000] {processor.py:183} INFO - Processing /home/airflow/.local/lib/python3.8/site-packages/airflow/example_dags/tutorial.py took 0.583 seconds
[2024-03-28T17:15:29.847+0000] {processor.py:161} INFO - Started process (PID=712) to work on /home/airflow/.local/lib/python3.8/site-packages/airflow/example_dags/tutorial.py
[2024-03-28T17:15:29.865+0000] {processor.py:830} INFO - Processing file /home/airflow/.local/lib/python3.8/site-packages/airflow/example_dags/tutorial.py for tasks to queue
[2024-03-28T17:15:29.896+0000] {logging_mixin.py:188} INFO - [2024-03-28T17:15:29.895+0000] {dagbag.py:540} INFO - Filling up the DagBag from /home/airflow/.local/lib/python3.8/site-packages/airflow/example_dags/tutorial.py
[2024-03-28T17:15:30.005+0000] {processor.py:840} INFO - DAG(s) 'tutorial' retrieved from /home/airflow/.local/lib/python3.8/site-packages/airflow/example_dags/tutorial.py
[2024-03-28T17:15:30.215+0000] {logging_mixin.py:188} INFO - [2024-03-28T17:15:30.214+0000] {dag.py:3047} INFO - Sync 1 DAGs
[2024-03-28T17:15:30.474+0000] {logging_mixin.py:188} INFO - [2024-03-28T17:15:30.474+0000] {dag.py:3834} INFO - Setting next_dagrun for tutorial to 2024-03-27 00:00:00+00:00, run_after=2024-03-28 00:00:00+00:00
[2024-03-28T17:15:30.747+0000] {processor.py:183} INFO - Processing /home/airflow/.local/lib/python3.8/site-packages/airflow/example_dags/tutorial.py took 1.018 seconds
[2024-03-28T17:16:01.134+0000] {processor.py:161} INFO - Started process (PID=767) to work on /home/airflow/.local/lib/python3.8/site-packages/airflow/example_dags/tutorial.py
[2024-03-28T17:16:01.138+0000] {processor.py:830} INFO - Processing file /home/airflow/.local/lib/python3.8/site-packages/airflow/example_dags/tutorial.py for tasks to queue
[2024-03-28T17:16:01.150+0000] {logging_mixin.py:188} INFO - [2024-03-28T17:16:01.149+0000] {dagbag.py:540} INFO - Filling up the DagBag from /home/airflow/.local/lib/python3.8/site-packages/airflow/example_dags/tutorial.py
[2024-03-28T17:16:01.199+0000] {processor.py:840} INFO - DAG(s) 'tutorial' retrieved from /home/airflow/.local/lib/python3.8/site-packages/airflow/example_dags/tutorial.py
[2024-03-28T17:16:01.385+0000] {logging_mixin.py:188} INFO - [2024-03-28T17:16:01.379+0000] {dag.py:3047} INFO - Sync 1 DAGs
[2024-03-28T17:16:01.480+0000] {logging_mixin.py:188} INFO - [2024-03-28T17:16:01.479+0000] {dag.py:3834} INFO - Setting next_dagrun for tutorial to 2024-03-27 00:00:00+00:00, run_after=2024-03-28 00:00:00+00:00
[2024-03-28T17:16:01.544+0000] {processor.py:183} INFO - Processing /home/airflow/.local/lib/python3.8/site-packages/airflow/example_dags/tutorial.py took 0.421 seconds
[2024-03-28T17:16:33.246+0000] {processor.py:161} INFO - Started process (PID=822) to work on /home/airflow/.local/lib/python3.8/site-packages/airflow/example_dags/tutorial.py
[2024-03-28T17:16:33.268+0000] {processor.py:830} INFO - Processing file /home/airflow/.local/lib/python3.8/site-packages/airflow/example_dags/tutorial.py for tasks to queue
[2024-03-28T17:16:33.299+0000] {logging_mixin.py:188} INFO - [2024-03-28T17:16:33.299+0000] {dagbag.py:540} INFO - Filling up the DagBag from /home/airflow/.local/lib/python3.8/site-packages/airflow/example_dags/tutorial.py
[2024-03-28T17:16:33.399+0000] {processor.py:840} INFO - DAG(s) 'tutorial' retrieved from /home/airflow/.local/lib/python3.8/site-packages/airflow/example_dags/tutorial.py
[2024-03-28T17:16:33.522+0000] {logging_mixin.py:188} INFO - [2024-03-28T17:16:33.522+0000] {dag.py:3047} INFO - Sync 1 DAGs
[2024-03-28T17:16:33.633+0000] {logging_mixin.py:188} INFO - [2024-03-28T17:16:33.630+0000] {dag.py:3834} INFO - Setting next_dagrun for tutorial to 2024-03-27 00:00:00+00:00, run_after=2024-03-28 00:00:00+00:00
[2024-03-28T17:16:35.557+0000] {processor.py:183} INFO - Processing /home/airflow/.local/lib/python3.8/site-packages/airflow/example_dags/tutorial.py took 2.351 seconds
[2024-03-28T17:17:06.613+0000] {processor.py:161} INFO - Started process (PID=877) to work on /home/airflow/.local/lib/python3.8/site-packages/airflow/example_dags/tutorial.py
[2024-03-28T17:17:06.619+0000] {processor.py:830} INFO - Processing file /home/airflow/.local/lib/python3.8/site-packages/airflow/example_dags/tutorial.py for tasks to queue
[2024-03-28T17:17:06.626+0000] {logging_mixin.py:188} INFO - [2024-03-28T17:17:06.625+0000] {dagbag.py:540} INFO - Filling up the DagBag from /home/airflow/.local/lib/python3.8/site-packages/airflow/example_dags/tutorial.py
[2024-03-28T17:17:06.645+0000] {processor.py:840} INFO - DAG(s) 'tutorial' retrieved from /home/airflow/.local/lib/python3.8/site-packages/airflow/example_dags/tutorial.py
[2024-03-28T17:17:06.694+0000] {logging_mixin.py:188} INFO - [2024-03-28T17:17:06.693+0000] {dag.py:3047} INFO - Sync 1 DAGs
[2024-03-28T17:17:06.741+0000] {logging_mixin.py:188} INFO - [2024-03-28T17:17:06.740+0000] {dag.py:3834} INFO - Setting next_dagrun for tutorial to 2024-03-27 00:00:00+00:00, run_after=2024-03-28 00:00:00+00:00
[2024-03-28T17:17:06.830+0000] {processor.py:183} INFO - Processing /home/airflow/.local/lib/python3.8/site-packages/airflow/example_dags/tutorial.py took 0.226 seconds
[2024-03-28T17:17:47.323+0000] {processor.py:161} INFO - Started process (PID=918) to work on /home/airflow/.local/lib/python3.8/site-packages/airflow/example_dags/tutorial.py
[2024-03-28T17:17:47.336+0000] {processor.py:830} INFO - Processing file /home/airflow/.local/lib/python3.8/site-packages/airflow/example_dags/tutorial.py for tasks to queue
[2024-03-28T17:17:47.391+0000] {logging_mixin.py:188} INFO - [2024-03-28T17:17:47.390+0000] {dagbag.py:540} INFO - Filling up the DagBag from /home/airflow/.local/lib/python3.8/site-packages/airflow/example_dags/tutorial.py
[2024-03-28T17:17:47.509+0000] {processor.py:840} INFO - DAG(s) 'tutorial' retrieved from /home/airflow/.local/lib/python3.8/site-packages/airflow/example_dags/tutorial.py
[2024-03-28T17:17:47.797+0000] {logging_mixin.py:188} INFO - [2024-03-28T17:17:47.796+0000] {dag.py:3047} INFO - Sync 1 DAGs
[2024-03-28T17:17:48.438+0000] {logging_mixin.py:188} INFO - [2024-03-28T17:17:48.434+0000] {dag.py:3834} INFO - Setting next_dagrun for tutorial to 2024-03-27 00:00:00+00:00, run_after=2024-03-28 00:00:00+00:00
[2024-03-28T17:17:48.568+0000] {processor.py:183} INFO - Processing /home/airflow/.local/lib/python3.8/site-packages/airflow/example_dags/tutorial.py took 1.270 seconds
[2024-03-28T17:18:45.933+0000] {processor.py:161} INFO - Started process (PID=973) to work on /home/airflow/.local/lib/python3.8/site-packages/airflow/example_dags/tutorial.py
[2024-03-28T17:18:45.951+0000] {processor.py:830} INFO - Processing file /home/airflow/.local/lib/python3.8/site-packages/airflow/example_dags/tutorial.py for tasks to queue
[2024-03-28T17:18:45.987+0000] {logging_mixin.py:188} INFO - [2024-03-28T17:18:45.986+0000] {dagbag.py:540} INFO - Filling up the DagBag from /home/airflow/.local/lib/python3.8/site-packages/airflow/example_dags/tutorial.py
[2024-03-28T17:18:46.146+0000] {processor.py:840} INFO - DAG(s) 'tutorial' retrieved from /home/airflow/.local/lib/python3.8/site-packages/airflow/example_dags/tutorial.py
[2024-03-28T17:18:46.363+0000] {logging_mixin.py:188} INFO - [2024-03-28T17:18:46.362+0000] {dag.py:3047} INFO - Sync 1 DAGs
[2024-03-28T17:18:46.629+0000] {logging_mixin.py:188} INFO - [2024-03-28T17:18:46.628+0000] {dag.py:3834} INFO - Setting next_dagrun for tutorial to 2024-03-27 00:00:00+00:00, run_after=2024-03-28 00:00:00+00:00
[2024-03-28T17:18:46.867+0000] {processor.py:183} INFO - Processing /home/airflow/.local/lib/python3.8/site-packages/airflow/example_dags/tutorial.py took 0.987 seconds
[2024-03-28T17:19:18.104+0000] {processor.py:161} INFO - Started process (PID=1028) to work on /home/airflow/.local/lib/python3.8/site-packages/airflow/example_dags/tutorial.py
[2024-03-28T17:19:18.115+0000] {processor.py:830} INFO - Processing file /home/airflow/.local/lib/python3.8/site-packages/airflow/example_dags/tutorial.py for tasks to queue
[2024-03-28T17:19:18.136+0000] {logging_mixin.py:188} INFO - [2024-03-28T17:19:18.133+0000] {dagbag.py:540} INFO - Filling up the DagBag from /home/airflow/.local/lib/python3.8/site-packages/airflow/example_dags/tutorial.py
[2024-03-28T17:19:18.207+0000] {processor.py:840} INFO - DAG(s) 'tutorial' retrieved from /home/airflow/.local/lib/python3.8/site-packages/airflow/example_dags/tutorial.py
[2024-03-28T17:19:18.465+0000] {logging_mixin.py:188} INFO - [2024-03-28T17:19:18.460+0000] {dag.py:3047} INFO - Sync 1 DAGs
[2024-03-28T17:19:18.710+0000] {logging_mixin.py:188} INFO - [2024-03-28T17:19:18.709+0000] {dag.py:3834} INFO - Setting next_dagrun for tutorial to 2024-03-27 00:00:00+00:00, run_after=2024-03-28 00:00:00+00:00
[2024-03-28T17:19:18.925+0000] {processor.py:183} INFO - Processing /home/airflow/.local/lib/python3.8/site-packages/airflow/example_dags/tutorial.py took 0.856 seconds
[2024-03-28T17:19:49.379+0000] {processor.py:161} INFO - Started process (PID=1084) to work on /home/airflow/.local/lib/python3.8/site-packages/airflow/example_dags/tutorial.py
[2024-03-28T17:19:49.390+0000] {processor.py:830} INFO - Processing file /home/airflow/.local/lib/python3.8/site-packages/airflow/example_dags/tutorial.py for tasks to queue
[2024-03-28T17:19:49.408+0000] {logging_mixin.py:188} INFO - [2024-03-28T17:19:49.403+0000] {dagbag.py:540} INFO - Filling up the DagBag from /home/airflow/.local/lib/python3.8/site-packages/airflow/example_dags/tutorial.py
[2024-03-28T17:19:49.455+0000] {processor.py:840} INFO - DAG(s) 'tutorial' retrieved from /home/airflow/.local/lib/python3.8/site-packages/airflow/example_dags/tutorial.py
[2024-03-28T17:19:49.565+0000] {logging_mixin.py:188} INFO - [2024-03-28T17:19:49.564+0000] {dag.py:3047} INFO - Sync 1 DAGs
[2024-03-28T17:19:49.801+0000] {logging_mixin.py:188} INFO - [2024-03-28T17:19:49.800+0000] {dag.py:3834} INFO - Setting next_dagrun for tutorial to 2024-03-27 00:00:00+00:00, run_after=2024-03-28 00:00:00+00:00
[2024-03-28T17:19:49.910+0000] {processor.py:183} INFO - Processing /home/airflow/.local/lib/python3.8/site-packages/airflow/example_dags/tutorial.py took 0.569 seconds
[2024-03-28T17:20:20.190+0000] {processor.py:161} INFO - Started process (PID=1139) to work on /home/airflow/.local/lib/python3.8/site-packages/airflow/example_dags/tutorial.py
[2024-03-28T17:20:20.197+0000] {processor.py:830} INFO - Processing file /home/airflow/.local/lib/python3.8/site-packages/airflow/example_dags/tutorial.py for tasks to queue
[2024-03-28T17:20:20.207+0000] {logging_mixin.py:188} INFO - [2024-03-28T17:20:20.205+0000] {dagbag.py:540} INFO - Filling up the DagBag from /home/airflow/.local/lib/python3.8/site-packages/airflow/example_dags/tutorial.py
[2024-03-28T17:20:20.228+0000] {processor.py:840} INFO - DAG(s) 'tutorial' retrieved from /home/airflow/.local/lib/python3.8/site-packages/airflow/example_dags/tutorial.py
[2024-03-28T17:20:20.299+0000] {logging_mixin.py:188} INFO - [2024-03-28T17:20:20.298+0000] {dag.py:3047} INFO - Sync 1 DAGs
[2024-03-28T17:20:20.375+0000] {logging_mixin.py:188} INFO - [2024-03-28T17:20:20.374+0000] {dag.py:3834} INFO - Setting next_dagrun for tutorial to 2024-03-27 00:00:00+00:00, run_after=2024-03-28 00:00:00+00:00
[2024-03-28T17:20:20.432+0000] {processor.py:183} INFO - Processing /home/airflow/.local/lib/python3.8/site-packages/airflow/example_dags/tutorial.py took 0.256 seconds
[2024-03-28T17:20:50.728+0000] {processor.py:161} INFO - Started process (PID=1193) to work on /home/airflow/.local/lib/python3.8/site-packages/airflow/example_dags/tutorial.py
[2024-03-28T17:20:50.733+0000] {processor.py:830} INFO - Processing file /home/airflow/.local/lib/python3.8/site-packages/airflow/example_dags/tutorial.py for tasks to queue
[2024-03-28T17:20:50.741+0000] {logging_mixin.py:188} INFO - [2024-03-28T17:20:50.739+0000] {dagbag.py:540} INFO - Filling up the DagBag from /home/airflow/.local/lib/python3.8/site-packages/airflow/example_dags/tutorial.py
[2024-03-28T17:20:50.767+0000] {processor.py:840} INFO - DAG(s) 'tutorial' retrieved from /home/airflow/.local/lib/python3.8/site-packages/airflow/example_dags/tutorial.py
[2024-03-28T17:20:50.841+0000] {logging_mixin.py:188} INFO - [2024-03-28T17:20:50.841+0000] {dag.py:3047} INFO - Sync 1 DAGs
[2024-03-28T17:20:50.947+0000] {logging_mixin.py:188} INFO - [2024-03-28T17:20:50.946+0000] {dag.py:3834} INFO - Setting next_dagrun for tutorial to 2024-03-27 00:00:00+00:00, run_after=2024-03-28 00:00:00+00:00
[2024-03-28T17:20:51.032+0000] {processor.py:183} INFO - Processing /home/airflow/.local/lib/python3.8/site-packages/airflow/example_dags/tutorial.py took 0.318 seconds
[2024-03-28T17:21:26.377+0000] {processor.py:161} INFO - Started process (PID=1248) to work on /home/airflow/.local/lib/python3.8/site-packages/airflow/example_dags/tutorial.py
[2024-03-28T17:21:26.382+0000] {processor.py:830} INFO - Processing file /home/airflow/.local/lib/python3.8/site-packages/airflow/example_dags/tutorial.py for tasks to queue
[2024-03-28T17:21:26.391+0000] {logging_mixin.py:188} INFO - [2024-03-28T17:21:26.390+0000] {dagbag.py:540} INFO - Filling up the DagBag from /home/airflow/.local/lib/python3.8/site-packages/airflow/example_dags/tutorial.py
[2024-03-28T17:21:26.414+0000] {processor.py:840} INFO - DAG(s) 'tutorial' retrieved from /home/airflow/.local/lib/python3.8/site-packages/airflow/example_dags/tutorial.py
[2024-03-28T17:21:26.479+0000] {logging_mixin.py:188} INFO - [2024-03-28T17:21:26.478+0000] {dag.py:3047} INFO - Sync 1 DAGs
[2024-03-28T17:21:26.546+0000] {logging_mixin.py:188} INFO - [2024-03-28T17:21:26.545+0000] {dag.py:3834} INFO - Setting next_dagrun for tutorial to 2024-03-27 00:00:00+00:00, run_after=2024-03-28 00:00:00+00:00
[2024-03-28T17:21:26.602+0000] {processor.py:183} INFO - Processing /home/airflow/.local/lib/python3.8/site-packages/airflow/example_dags/tutorial.py took 0.236 seconds
[2024-03-28T17:21:57.687+0000] {processor.py:161} INFO - Started process (PID=1301) to work on /home/airflow/.local/lib/python3.8/site-packages/airflow/example_dags/tutorial.py
[2024-03-28T17:21:57.706+0000] {processor.py:830} INFO - Processing file /home/airflow/.local/lib/python3.8/site-packages/airflow/example_dags/tutorial.py for tasks to queue
[2024-03-28T17:21:57.733+0000] {logging_mixin.py:188} INFO - [2024-03-28T17:21:57.730+0000] {dagbag.py:540} INFO - Filling up the DagBag from /home/airflow/.local/lib/python3.8/site-packages/airflow/example_dags/tutorial.py
[2024-03-28T17:21:57.796+0000] {processor.py:840} INFO - DAG(s) 'tutorial' retrieved from /home/airflow/.local/lib/python3.8/site-packages/airflow/example_dags/tutorial.py
[2024-03-28T17:21:58.053+0000] {logging_mixin.py:188} INFO - [2024-03-28T17:21:58.053+0000] {dag.py:3047} INFO - Sync 1 DAGs
[2024-03-28T17:21:58.485+0000] {logging_mixin.py:188} INFO - [2024-03-28T17:21:58.485+0000] {dag.py:3834} INFO - Setting next_dagrun for tutorial to 2024-03-27 00:00:00+00:00, run_after=2024-03-28 00:00:00+00:00
[2024-03-28T17:21:58.740+0000] {processor.py:183} INFO - Processing /home/airflow/.local/lib/python3.8/site-packages/airflow/example_dags/tutorial.py took 1.083 seconds
[2024-03-28T17:22:29.448+0000] {processor.py:161} INFO - Started process (PID=1357) to work on /home/airflow/.local/lib/python3.8/site-packages/airflow/example_dags/tutorial.py
[2024-03-28T17:22:29.460+0000] {processor.py:830} INFO - Processing file /home/airflow/.local/lib/python3.8/site-packages/airflow/example_dags/tutorial.py for tasks to queue
[2024-03-28T17:22:29.468+0000] {logging_mixin.py:188} INFO - [2024-03-28T17:22:29.466+0000] {dagbag.py:540} INFO - Filling up the DagBag from /home/airflow/.local/lib/python3.8/site-packages/airflow/example_dags/tutorial.py
[2024-03-28T17:22:29.494+0000] {processor.py:840} INFO - DAG(s) 'tutorial' retrieved from /home/airflow/.local/lib/python3.8/site-packages/airflow/example_dags/tutorial.py
[2024-03-28T17:22:29.547+0000] {logging_mixin.py:188} INFO - [2024-03-28T17:22:29.547+0000] {dag.py:3047} INFO - Sync 1 DAGs
[2024-03-28T17:22:29.640+0000] {logging_mixin.py:188} INFO - [2024-03-28T17:22:29.639+0000] {dag.py:3834} INFO - Setting next_dagrun for tutorial to 2024-03-27 00:00:00+00:00, run_after=2024-03-28 00:00:00+00:00
[2024-03-28T17:22:29.703+0000] {processor.py:183} INFO - Processing /home/airflow/.local/lib/python3.8/site-packages/airflow/example_dags/tutorial.py took 0.264 seconds
[2024-03-28T17:23:05.607+0000] {processor.py:161} INFO - Started process (PID=1412) to work on /home/airflow/.local/lib/python3.8/site-packages/airflow/example_dags/tutorial.py
[2024-03-28T17:23:05.611+0000] {processor.py:830} INFO - Processing file /home/airflow/.local/lib/python3.8/site-packages/airflow/example_dags/tutorial.py for tasks to queue
[2024-03-28T17:23:05.621+0000] {logging_mixin.py:188} INFO - [2024-03-28T17:23:05.619+0000] {dagbag.py:540} INFO - Filling up the DagBag from /home/airflow/.local/lib/python3.8/site-packages/airflow/example_dags/tutorial.py
[2024-03-28T17:23:05.646+0000] {processor.py:840} INFO - DAG(s) 'tutorial' retrieved from /home/airflow/.local/lib/python3.8/site-packages/airflow/example_dags/tutorial.py
[2024-03-28T17:23:05.717+0000] {logging_mixin.py:188} INFO - [2024-03-28T17:23:05.716+0000] {dag.py:3047} INFO - Sync 1 DAGs
[2024-03-28T17:23:05.776+0000] {logging_mixin.py:188} INFO - [2024-03-28T17:23:05.776+0000] {dag.py:3834} INFO - Setting next_dagrun for tutorial to 2024-03-27 00:00:00+00:00, run_after=2024-03-28 00:00:00+00:00
[2024-03-28T17:23:05.831+0000] {processor.py:183} INFO - Processing /home/airflow/.local/lib/python3.8/site-packages/airflow/example_dags/tutorial.py took 0.238 seconds
[2024-03-28T17:23:35.932+0000] {processor.py:161} INFO - Started process (PID=1467) to work on /home/airflow/.local/lib/python3.8/site-packages/airflow/example_dags/tutorial.py
[2024-03-28T17:23:35.936+0000] {processor.py:830} INFO - Processing file /home/airflow/.local/lib/python3.8/site-packages/airflow/example_dags/tutorial.py for tasks to queue
[2024-03-28T17:23:35.944+0000] {logging_mixin.py:188} INFO - [2024-03-28T17:23:35.943+0000] {dagbag.py:540} INFO - Filling up the DagBag from /home/airflow/.local/lib/python3.8/site-packages/airflow/example_dags/tutorial.py
[2024-03-28T17:23:35.963+0000] {processor.py:840} INFO - DAG(s) 'tutorial' retrieved from /home/airflow/.local/lib/python3.8/site-packages/airflow/example_dags/tutorial.py
[2024-03-28T17:23:36.030+0000] {logging_mixin.py:188} INFO - [2024-03-28T17:23:36.029+0000] {dag.py:3047} INFO - Sync 1 DAGs
[2024-03-28T17:23:36.093+0000] {logging_mixin.py:188} INFO - [2024-03-28T17:23:36.092+0000] {dag.py:3834} INFO - Setting next_dagrun for tutorial to 2024-03-27 00:00:00+00:00, run_after=2024-03-28 00:00:00+00:00
[2024-03-28T17:23:36.156+0000] {processor.py:183} INFO - Processing /home/airflow/.local/lib/python3.8/site-packages/airflow/example_dags/tutorial.py took 0.234 seconds
[2024-03-28T17:24:09.648+0000] {processor.py:161} INFO - Started process (PID=1514) to work on /home/airflow/.local/lib/python3.8/site-packages/airflow/example_dags/tutorial.py
[2024-03-28T17:24:09.655+0000] {processor.py:830} INFO - Processing file /home/airflow/.local/lib/python3.8/site-packages/airflow/example_dags/tutorial.py for tasks to queue
[2024-03-28T17:24:09.660+0000] {logging_mixin.py:188} INFO - [2024-03-28T17:24:09.659+0000] {dagbag.py:540} INFO - Filling up the DagBag from /home/airflow/.local/lib/python3.8/site-packages/airflow/example_dags/tutorial.py
[2024-03-28T17:24:09.680+0000] {processor.py:840} INFO - DAG(s) 'tutorial' retrieved from /home/airflow/.local/lib/python3.8/site-packages/airflow/example_dags/tutorial.py
[2024-03-28T17:24:09.747+0000] {logging_mixin.py:188} INFO - [2024-03-28T17:24:09.746+0000] {dag.py:3047} INFO - Sync 1 DAGs
[2024-03-28T17:24:09.838+0000] {logging_mixin.py:188} INFO - [2024-03-28T17:24:09.837+0000] {dag.py:3834} INFO - Setting next_dagrun for tutorial to 2024-03-27 00:00:00+00:00, run_after=2024-03-28 00:00:00+00:00
[2024-03-28T17:24:09.926+0000] {processor.py:183} INFO - Processing /home/airflow/.local/lib/python3.8/site-packages/airflow/example_dags/tutorial.py took 0.287 seconds
[2024-03-28T17:24:46.283+0000] {processor.py:161} INFO - Started process (PID=1567) to work on /home/airflow/.local/lib/python3.8/site-packages/airflow/example_dags/tutorial.py
[2024-03-28T17:24:46.286+0000] {processor.py:830} INFO - Processing file /home/airflow/.local/lib/python3.8/site-packages/airflow/example_dags/tutorial.py for tasks to queue
[2024-03-28T17:24:46.296+0000] {logging_mixin.py:188} INFO - [2024-03-28T17:24:46.295+0000] {dagbag.py:540} INFO - Filling up the DagBag from /home/airflow/.local/lib/python3.8/site-packages/airflow/example_dags/tutorial.py
[2024-03-28T17:24:46.314+0000] {processor.py:840} INFO - DAG(s) 'tutorial' retrieved from /home/airflow/.local/lib/python3.8/site-packages/airflow/example_dags/tutorial.py
[2024-03-28T17:24:46.397+0000] {logging_mixin.py:188} INFO - [2024-03-28T17:24:46.396+0000] {dag.py:3047} INFO - Sync 1 DAGs
[2024-03-28T17:24:46.628+0000] {logging_mixin.py:188} INFO - [2024-03-28T17:24:46.627+0000] {dag.py:3834} INFO - Setting next_dagrun for tutorial to 2024-03-27 00:00:00+00:00, run_after=2024-03-28 00:00:00+00:00
[2024-03-28T17:24:46.754+0000] {processor.py:183} INFO - Processing /home/airflow/.local/lib/python3.8/site-packages/airflow/example_dags/tutorial.py took 0.496 seconds
[2024-03-28T17:25:18.903+0000] {processor.py:161} INFO - Started process (PID=1622) to work on /home/airflow/.local/lib/python3.8/site-packages/airflow/example_dags/tutorial.py
[2024-03-28T17:25:18.920+0000] {processor.py:830} INFO - Processing file /home/airflow/.local/lib/python3.8/site-packages/airflow/example_dags/tutorial.py for tasks to queue
[2024-03-28T17:25:18.957+0000] {logging_mixin.py:188} INFO - [2024-03-28T17:25:18.948+0000] {dagbag.py:540} INFO - Filling up the DagBag from /home/airflow/.local/lib/python3.8/site-packages/airflow/example_dags/tutorial.py
[2024-03-28T17:25:19.065+0000] {processor.py:840} INFO - DAG(s) 'tutorial' retrieved from /home/airflow/.local/lib/python3.8/site-packages/airflow/example_dags/tutorial.py
[2024-03-28T17:25:19.220+0000] {logging_mixin.py:188} INFO - [2024-03-28T17:25:19.220+0000] {dag.py:3047} INFO - Sync 1 DAGs
[2024-03-28T17:25:19.457+0000] {logging_mixin.py:188} INFO - [2024-03-28T17:25:19.449+0000] {dag.py:3834} INFO - Setting next_dagrun for tutorial to 2024-03-27 00:00:00+00:00, run_after=2024-03-28 00:00:00+00:00
[2024-03-28T17:25:19.618+0000] {processor.py:183} INFO - Processing /home/airflow/.local/lib/python3.8/site-packages/airflow/example_dags/tutorial.py took 0.749 seconds
[2024-03-28T17:25:50.050+0000] {processor.py:161} INFO - Started process (PID=1676) to work on /home/airflow/.local/lib/python3.8/site-packages/airflow/example_dags/tutorial.py
[2024-03-28T17:25:50.056+0000] {processor.py:830} INFO - Processing file /home/airflow/.local/lib/python3.8/site-packages/airflow/example_dags/tutorial.py for tasks to queue
[2024-03-28T17:25:50.068+0000] {logging_mixin.py:188} INFO - [2024-03-28T17:25:50.066+0000] {dagbag.py:540} INFO - Filling up the DagBag from /home/airflow/.local/lib/python3.8/site-packages/airflow/example_dags/tutorial.py
[2024-03-28T17:25:50.093+0000] {processor.py:840} INFO - DAG(s) 'tutorial' retrieved from /home/airflow/.local/lib/python3.8/site-packages/airflow/example_dags/tutorial.py
[2024-03-28T17:25:50.164+0000] {logging_mixin.py:188} INFO - [2024-03-28T17:25:50.161+0000] {dag.py:3047} INFO - Sync 1 DAGs
[2024-03-28T17:25:50.318+0000] {logging_mixin.py:188} INFO - [2024-03-28T17:25:50.317+0000] {dag.py:3834} INFO - Setting next_dagrun for tutorial to 2024-03-27 00:00:00+00:00, run_after=2024-03-28 00:00:00+00:00
[2024-03-28T17:25:50.398+0000] {processor.py:183} INFO - Processing /home/airflow/.local/lib/python3.8/site-packages/airflow/example_dags/tutorial.py took 0.360 seconds
[2024-03-28T17:26:20.842+0000] {processor.py:161} INFO - Started process (PID=1731) to work on /home/airflow/.local/lib/python3.8/site-packages/airflow/example_dags/tutorial.py
[2024-03-28T17:26:20.847+0000] {processor.py:830} INFO - Processing file /home/airflow/.local/lib/python3.8/site-packages/airflow/example_dags/tutorial.py for tasks to queue
[2024-03-28T17:26:20.860+0000] {logging_mixin.py:188} INFO - [2024-03-28T17:26:20.858+0000] {dagbag.py:540} INFO - Filling up the DagBag from /home/airflow/.local/lib/python3.8/site-packages/airflow/example_dags/tutorial.py
[2024-03-28T17:26:20.891+0000] {processor.py:840} INFO - DAG(s) 'tutorial' retrieved from /home/airflow/.local/lib/python3.8/site-packages/airflow/example_dags/tutorial.py
[2024-03-28T17:26:20.961+0000] {logging_mixin.py:188} INFO - [2024-03-28T17:26:20.956+0000] {dag.py:3047} INFO - Sync 1 DAGs
[2024-03-28T17:26:21.089+0000] {logging_mixin.py:188} INFO - [2024-03-28T17:26:21.088+0000] {dag.py:3834} INFO - Setting next_dagrun for tutorial to 2024-03-27 00:00:00+00:00, run_after=2024-03-28 00:00:00+00:00
[2024-03-28T17:26:21.141+0000] {processor.py:183} INFO - Processing /home/airflow/.local/lib/python3.8/site-packages/airflow/example_dags/tutorial.py took 0.310 seconds
[2024-03-28T17:26:53.794+0000] {processor.py:161} INFO - Started process (PID=1786) to work on /home/airflow/.local/lib/python3.8/site-packages/airflow/example_dags/tutorial.py
[2024-03-28T17:26:53.800+0000] {processor.py:830} INFO - Processing file /home/airflow/.local/lib/python3.8/site-packages/airflow/example_dags/tutorial.py for tasks to queue
[2024-03-28T17:26:53.811+0000] {logging_mixin.py:188} INFO - [2024-03-28T17:26:53.810+0000] {dagbag.py:540} INFO - Filling up the DagBag from /home/airflow/.local/lib/python3.8/site-packages/airflow/example_dags/tutorial.py
[2024-03-28T17:26:53.837+0000] {processor.py:840} INFO - DAG(s) 'tutorial' retrieved from /home/airflow/.local/lib/python3.8/site-packages/airflow/example_dags/tutorial.py
[2024-03-28T17:26:53.936+0000] {logging_mixin.py:188} INFO - [2024-03-28T17:26:53.935+0000] {dag.py:3047} INFO - Sync 1 DAGs
[2024-03-28T17:26:54.020+0000] {logging_mixin.py:188} INFO - [2024-03-28T17:26:54.019+0000] {dag.py:3834} INFO - Setting next_dagrun for tutorial to 2024-03-27 00:00:00+00:00, run_after=2024-03-28 00:00:00+00:00
[2024-03-28T17:26:54.133+0000] {processor.py:183} INFO - Processing /home/airflow/.local/lib/python3.8/site-packages/airflow/example_dags/tutorial.py took 0.355 seconds
[2024-03-28T17:27:31.684+0000] {processor.py:161} INFO - Started process (PID=1836) to work on /home/airflow/.local/lib/python3.8/site-packages/airflow/example_dags/tutorial.py
[2024-03-28T17:27:31.717+0000] {processor.py:830} INFO - Processing file /home/airflow/.local/lib/python3.8/site-packages/airflow/example_dags/tutorial.py for tasks to queue
[2024-03-28T17:27:31.743+0000] {logging_mixin.py:188} INFO - [2024-03-28T17:27:31.729+0000] {dagbag.py:540} INFO - Filling up the DagBag from /home/airflow/.local/lib/python3.8/site-packages/airflow/example_dags/tutorial.py
[2024-03-28T17:27:31.921+0000] {processor.py:840} INFO - DAG(s) 'tutorial' retrieved from /home/airflow/.local/lib/python3.8/site-packages/airflow/example_dags/tutorial.py
[2024-03-28T17:27:32.037+0000] {logging_mixin.py:188} INFO - [2024-03-28T17:27:32.036+0000] {dag.py:3047} INFO - Sync 1 DAGs
[2024-03-28T17:27:32.232+0000] {logging_mixin.py:188} INFO - [2024-03-28T17:27:32.222+0000] {dag.py:3834} INFO - Setting next_dagrun for tutorial to 2024-03-27 00:00:00+00:00, run_after=2024-03-28 00:00:00+00:00
[2024-03-28T17:27:32.474+0000] {processor.py:183} INFO - Processing /home/airflow/.local/lib/python3.8/site-packages/airflow/example_dags/tutorial.py took 0.895 seconds
[2024-03-28T17:28:03.630+0000] {processor.py:161} INFO - Started process (PID=1891) to work on /home/airflow/.local/lib/python3.8/site-packages/airflow/example_dags/tutorial.py
[2024-03-28T17:28:03.640+0000] {processor.py:830} INFO - Processing file /home/airflow/.local/lib/python3.8/site-packages/airflow/example_dags/tutorial.py for tasks to queue
[2024-03-28T17:28:03.659+0000] {logging_mixin.py:188} INFO - [2024-03-28T17:28:03.656+0000] {dagbag.py:540} INFO - Filling up the DagBag from /home/airflow/.local/lib/python3.8/site-packages/airflow/example_dags/tutorial.py
[2024-03-28T17:28:03.697+0000] {processor.py:840} INFO - DAG(s) 'tutorial' retrieved from /home/airflow/.local/lib/python3.8/site-packages/airflow/example_dags/tutorial.py
[2024-03-28T17:28:03.768+0000] {logging_mixin.py:188} INFO - [2024-03-28T17:28:03.767+0000] {dag.py:3047} INFO - Sync 1 DAGs
[2024-03-28T17:28:03.880+0000] {logging_mixin.py:188} INFO - [2024-03-28T17:28:03.879+0000] {dag.py:3834} INFO - Setting next_dagrun for tutorial to 2024-03-27 00:00:00+00:00, run_after=2024-03-28 00:00:00+00:00
[2024-03-28T17:28:03.996+0000] {processor.py:183} INFO - Processing /home/airflow/.local/lib/python3.8/site-packages/airflow/example_dags/tutorial.py took 0.397 seconds
[2024-03-28T17:28:37.330+0000] {processor.py:161} INFO - Started process (PID=1947) to work on /home/airflow/.local/lib/python3.8/site-packages/airflow/example_dags/tutorial.py
[2024-03-28T17:28:37.338+0000] {processor.py:830} INFO - Processing file /home/airflow/.local/lib/python3.8/site-packages/airflow/example_dags/tutorial.py for tasks to queue
[2024-03-28T17:28:37.407+0000] {logging_mixin.py:188} INFO - [2024-03-28T17:28:37.384+0000] {dagbag.py:540} INFO - Filling up the DagBag from /home/airflow/.local/lib/python3.8/site-packages/airflow/example_dags/tutorial.py
[2024-03-28T17:28:37.590+0000] {processor.py:840} INFO - DAG(s) 'tutorial' retrieved from /home/airflow/.local/lib/python3.8/site-packages/airflow/example_dags/tutorial.py
[2024-03-28T17:28:38.000+0000] {logging_mixin.py:188} INFO - [2024-03-28T17:28:37.993+0000] {dag.py:3047} INFO - Sync 1 DAGs
[2024-03-28T17:28:38.207+0000] {logging_mixin.py:188} INFO - [2024-03-28T17:28:38.207+0000] {dag.py:3834} INFO - Setting next_dagrun for tutorial to 2024-03-27 00:00:00+00:00, run_after=2024-03-28 00:00:00+00:00
[2024-03-28T17:28:38.435+0000] {processor.py:183} INFO - Processing /home/airflow/.local/lib/python3.8/site-packages/airflow/example_dags/tutorial.py took 1.182 seconds
[2024-03-28T17:29:08.831+0000] {processor.py:161} INFO - Started process (PID=2002) to work on /home/airflow/.local/lib/python3.8/site-packages/airflow/example_dags/tutorial.py
[2024-03-28T17:29:08.836+0000] {processor.py:830} INFO - Processing file /home/airflow/.local/lib/python3.8/site-packages/airflow/example_dags/tutorial.py for tasks to queue
[2024-03-28T17:29:08.845+0000] {logging_mixin.py:188} INFO - [2024-03-28T17:29:08.844+0000] {dagbag.py:540} INFO - Filling up the DagBag from /home/airflow/.local/lib/python3.8/site-packages/airflow/example_dags/tutorial.py
[2024-03-28T17:29:08.869+0000] {processor.py:840} INFO - DAG(s) 'tutorial' retrieved from /home/airflow/.local/lib/python3.8/site-packages/airflow/example_dags/tutorial.py
[2024-03-28T17:29:09.011+0000] {logging_mixin.py:188} INFO - [2024-03-28T17:29:09.011+0000] {dag.py:3047} INFO - Sync 1 DAGs
[2024-03-28T17:29:09.424+0000] {logging_mixin.py:188} INFO - [2024-03-28T17:29:09.423+0000] {dag.py:3834} INFO - Setting next_dagrun for tutorial to 2024-03-27 00:00:00+00:00, run_after=2024-03-28 00:00:00+00:00
[2024-03-28T17:29:09.594+0000] {processor.py:183} INFO - Processing /home/airflow/.local/lib/python3.8/site-packages/airflow/example_dags/tutorial.py took 0.773 seconds
[2024-03-28T17:29:39.762+0000] {processor.py:161} INFO - Started process (PID=2056) to work on /home/airflow/.local/lib/python3.8/site-packages/airflow/example_dags/tutorial.py
[2024-03-28T17:29:39.766+0000] {processor.py:830} INFO - Processing file /home/airflow/.local/lib/python3.8/site-packages/airflow/example_dags/tutorial.py for tasks to queue
[2024-03-28T17:29:39.778+0000] {logging_mixin.py:188} INFO - [2024-03-28T17:29:39.777+0000] {dagbag.py:540} INFO - Filling up the DagBag from /home/airflow/.local/lib/python3.8/site-packages/airflow/example_dags/tutorial.py
[2024-03-28T17:29:39.793+0000] {processor.py:840} INFO - DAG(s) 'tutorial' retrieved from /home/airflow/.local/lib/python3.8/site-packages/airflow/example_dags/tutorial.py
[2024-03-28T17:29:39.844+0000] {logging_mixin.py:188} INFO - [2024-03-28T17:29:39.843+0000] {dag.py:3047} INFO - Sync 1 DAGs
[2024-03-28T17:29:39.904+0000] {logging_mixin.py:188} INFO - [2024-03-28T17:29:39.904+0000] {dag.py:3834} INFO - Setting next_dagrun for tutorial to 2024-03-27 00:00:00+00:00, run_after=2024-03-28 00:00:00+00:00
[2024-03-28T17:29:39.973+0000] {processor.py:183} INFO - Processing /home/airflow/.local/lib/python3.8/site-packages/airflow/example_dags/tutorial.py took 0.221 seconds
[2024-03-28T17:30:10.336+0000] {processor.py:161} INFO - Started process (PID=2111) to work on /home/airflow/.local/lib/python3.8/site-packages/airflow/example_dags/tutorial.py
[2024-03-28T17:30:10.339+0000] {processor.py:830} INFO - Processing file /home/airflow/.local/lib/python3.8/site-packages/airflow/example_dags/tutorial.py for tasks to queue
[2024-03-28T17:30:10.345+0000] {logging_mixin.py:188} INFO - [2024-03-28T17:30:10.344+0000] {dagbag.py:540} INFO - Filling up the DagBag from /home/airflow/.local/lib/python3.8/site-packages/airflow/example_dags/tutorial.py
[2024-03-28T17:30:10.360+0000] {processor.py:840} INFO - DAG(s) 'tutorial' retrieved from /home/airflow/.local/lib/python3.8/site-packages/airflow/example_dags/tutorial.py
[2024-03-28T17:30:10.471+0000] {logging_mixin.py:188} INFO - [2024-03-28T17:30:10.470+0000] {dag.py:3047} INFO - Sync 1 DAGs
[2024-03-28T17:30:10.541+0000] {logging_mixin.py:188} INFO - [2024-03-28T17:30:10.540+0000] {dag.py:3834} INFO - Setting next_dagrun for tutorial to 2024-03-27 00:00:00+00:00, run_after=2024-03-28 00:00:00+00:00
[2024-03-28T17:30:10.601+0000] {processor.py:183} INFO - Processing /home/airflow/.local/lib/python3.8/site-packages/airflow/example_dags/tutorial.py took 0.273 seconds
[2024-03-28T17:30:55.165+0000] {processor.py:161} INFO - Started process (PID=2170) to work on /home/airflow/.local/lib/python3.8/site-packages/airflow/example_dags/tutorial.py
[2024-03-28T17:30:55.191+0000] {processor.py:830} INFO - Processing file /home/airflow/.local/lib/python3.8/site-packages/airflow/example_dags/tutorial.py for tasks to queue
[2024-03-28T17:30:55.237+0000] {logging_mixin.py:188} INFO - [2024-03-28T17:30:55.236+0000] {dagbag.py:540} INFO - Filling up the DagBag from /home/airflow/.local/lib/python3.8/site-packages/airflow/example_dags/tutorial.py
[2024-03-28T17:30:55.335+0000] {processor.py:840} INFO - DAG(s) 'tutorial' retrieved from /home/airflow/.local/lib/python3.8/site-packages/airflow/example_dags/tutorial.py
[2024-03-28T17:30:55.601+0000] {logging_mixin.py:188} INFO - [2024-03-28T17:30:55.600+0000] {dag.py:3047} INFO - Sync 1 DAGs
[2024-03-28T17:30:55.829+0000] {logging_mixin.py:188} INFO - [2024-03-28T17:30:55.829+0000] {dag.py:3834} INFO - Setting next_dagrun for tutorial to 2024-03-27 00:00:00+00:00, run_after=2024-03-28 00:00:00+00:00
[2024-03-28T17:30:56.003+0000] {processor.py:183} INFO - Processing /home/airflow/.local/lib/python3.8/site-packages/airflow/example_dags/tutorial.py took 0.880 seconds
[2024-03-28T17:31:27.969+0000] {processor.py:161} INFO - Started process (PID=2224) to work on /home/airflow/.local/lib/python3.8/site-packages/airflow/example_dags/tutorial.py
[2024-03-28T17:31:27.983+0000] {processor.py:830} INFO - Processing file /home/airflow/.local/lib/python3.8/site-packages/airflow/example_dags/tutorial.py for tasks to queue
[2024-03-28T17:31:27.999+0000] {logging_mixin.py:188} INFO - [2024-03-28T17:31:27.998+0000] {dagbag.py:540} INFO - Filling up the DagBag from /home/airflow/.local/lib/python3.8/site-packages/airflow/example_dags/tutorial.py
[2024-03-28T17:31:28.049+0000] {processor.py:840} INFO - DAG(s) 'tutorial' retrieved from /home/airflow/.local/lib/python3.8/site-packages/airflow/example_dags/tutorial.py
[2024-03-28T17:31:28.428+0000] {logging_mixin.py:188} INFO - [2024-03-28T17:31:28.428+0000] {dag.py:3047} INFO - Sync 1 DAGs
[2024-03-28T17:31:29.097+0000] {logging_mixin.py:188} INFO - [2024-03-28T17:31:29.095+0000] {dag.py:3834} INFO - Setting next_dagrun for tutorial to 2024-03-27 00:00:00+00:00, run_after=2024-03-28 00:00:00+00:00
[2024-03-28T17:31:29.203+0000] {processor.py:183} INFO - Processing /home/airflow/.local/lib/python3.8/site-packages/airflow/example_dags/tutorial.py took 1.283 seconds
[2024-03-28T17:32:01.564+0000] {processor.py:161} INFO - Started process (PID=2278) to work on /home/airflow/.local/lib/python3.8/site-packages/airflow/example_dags/tutorial.py
[2024-03-28T17:32:01.605+0000] {processor.py:830} INFO - Processing file /home/airflow/.local/lib/python3.8/site-packages/airflow/example_dags/tutorial.py for tasks to queue
[2024-03-28T17:32:01.694+0000] {logging_mixin.py:188} INFO - [2024-03-28T17:32:01.682+0000] {dagbag.py:540} INFO - Filling up the DagBag from /home/airflow/.local/lib/python3.8/site-packages/airflow/example_dags/tutorial.py
[2024-03-28T17:32:02.182+0000] {processor.py:840} INFO - DAG(s) 'tutorial' retrieved from /home/airflow/.local/lib/python3.8/site-packages/airflow/example_dags/tutorial.py
[2024-03-28T17:32:02.716+0000] {logging_mixin.py:188} INFO - [2024-03-28T17:32:02.714+0000] {dag.py:3047} INFO - Sync 1 DAGs
[2024-03-28T17:32:03.015+0000] {logging_mixin.py:188} INFO - [2024-03-28T17:32:03.014+0000] {dag.py:3834} INFO - Setting next_dagrun for tutorial to 2024-03-27 00:00:00+00:00, run_after=2024-03-28 00:00:00+00:00
[2024-03-28T17:32:03.207+0000] {processor.py:183} INFO - Processing /home/airflow/.local/lib/python3.8/site-packages/airflow/example_dags/tutorial.py took 1.808 seconds
[2024-03-28T17:32:33.883+0000] {processor.py:161} INFO - Started process (PID=2333) to work on /home/airflow/.local/lib/python3.8/site-packages/airflow/example_dags/tutorial.py
[2024-03-28T17:32:33.887+0000] {processor.py:830} INFO - Processing file /home/airflow/.local/lib/python3.8/site-packages/airflow/example_dags/tutorial.py for tasks to queue
[2024-03-28T17:32:33.918+0000] {logging_mixin.py:188} INFO - [2024-03-28T17:32:33.909+0000] {dagbag.py:540} INFO - Filling up the DagBag from /home/airflow/.local/lib/python3.8/site-packages/airflow/example_dags/tutorial.py
[2024-03-28T17:32:34.012+0000] {processor.py:840} INFO - DAG(s) 'tutorial' retrieved from /home/airflow/.local/lib/python3.8/site-packages/airflow/example_dags/tutorial.py
[2024-03-28T17:32:34.183+0000] {logging_mixin.py:188} INFO - [2024-03-28T17:32:34.182+0000] {dag.py:3047} INFO - Sync 1 DAGs
[2024-03-28T17:32:34.311+0000] {logging_mixin.py:188} INFO - [2024-03-28T17:32:34.310+0000] {dag.py:3834} INFO - Setting next_dagrun for tutorial to 2024-03-27 00:00:00+00:00, run_after=2024-03-28 00:00:00+00:00
[2024-03-28T17:32:34.461+0000] {processor.py:183} INFO - Processing /home/airflow/.local/lib/python3.8/site-packages/airflow/example_dags/tutorial.py took 0.618 seconds
[2024-03-28T17:33:04.717+0000] {processor.py:161} INFO - Started process (PID=2387) to work on /home/airflow/.local/lib/python3.8/site-packages/airflow/example_dags/tutorial.py
[2024-03-28T17:33:04.721+0000] {processor.py:830} INFO - Processing file /home/airflow/.local/lib/python3.8/site-packages/airflow/example_dags/tutorial.py for tasks to queue
[2024-03-28T17:33:04.732+0000] {logging_mixin.py:188} INFO - [2024-03-28T17:33:04.730+0000] {dagbag.py:540} INFO - Filling up the DagBag from /home/airflow/.local/lib/python3.8/site-packages/airflow/example_dags/tutorial.py
[2024-03-28T17:33:04.767+0000] {processor.py:840} INFO - DAG(s) 'tutorial' retrieved from /home/airflow/.local/lib/python3.8/site-packages/airflow/example_dags/tutorial.py
[2024-03-28T17:33:04.820+0000] {logging_mixin.py:188} INFO - [2024-03-28T17:33:04.820+0000] {dag.py:3047} INFO - Sync 1 DAGs
[2024-03-28T17:33:04.980+0000] {logging_mixin.py:188} INFO - [2024-03-28T17:33:04.977+0000] {dag.py:3834} INFO - Setting next_dagrun for tutorial to 2024-03-27 00:00:00+00:00, run_after=2024-03-28 00:00:00+00:00
[2024-03-28T17:33:05.059+0000] {processor.py:183} INFO - Processing /home/airflow/.local/lib/python3.8/site-packages/airflow/example_dags/tutorial.py took 0.352 seconds
