[2024-03-28T16:32:10.376+0000] {processor.py:161} INFO - Started process (PID=139) to work on /home/airflow/.local/lib/python3.8/site-packages/airflow/example_dags/tutorial_objectstorage.py
[2024-03-28T16:32:10.394+0000] {processor.py:830} INFO - Processing file /home/airflow/.local/lib/python3.8/site-packages/airflow/example_dags/tutorial_objectstorage.py for tasks to queue
[2024-03-28T16:32:10.957+0000] {logging_mixin.py:188} INFO - [2024-03-28T16:32:10.914+0000] {dagbag.py:540} INFO - Filling up the DagBag from /home/airflow/.local/lib/python3.8/site-packages/airflow/example_dags/tutorial_objectstorage.py
[2024-03-28T16:32:11.167+0000] {processor.py:840} INFO - DAG(s) 'tutorial_objectstorage' retrieved from /home/airflow/.local/lib/python3.8/site-packages/airflow/example_dags/tutorial_objectstorage.py
[2024-03-28T16:32:16.048+0000] {logging_mixin.py:188} INFO - [2024-03-28T16:32:16.046+0000] {override.py:1769} INFO - Created Permission View: can edit on DAG:tutorial_objectstorage
[2024-03-28T16:32:16.485+0000] {logging_mixin.py:188} INFO - [2024-03-28T16:32:16.484+0000] {override.py:1769} INFO - Created Permission View: can read on DAG:tutorial_objectstorage
[2024-03-28T16:32:16.593+0000] {logging_mixin.py:188} INFO - [2024-03-28T16:32:16.591+0000] {override.py:1769} INFO - Created Permission View: can delete on DAG:tutorial_objectstorage
[2024-03-28T16:32:16.609+0000] {logging_mixin.py:188} INFO - [2024-03-28T16:32:16.608+0000] {dag.py:3047} INFO - Sync 1 DAGs
[2024-03-28T16:32:16.904+0000] {logging_mixin.py:188} INFO - [2024-03-28T16:32:16.903+0000] {dag.py:3069} INFO - Creating ORM DAG for tutorial_objectstorage
[2024-03-28T16:32:16.914+0000] {logging_mixin.py:188} INFO - [2024-03-28T16:32:16.913+0000] {dag.py:3834} INFO - Setting next_dagrun for tutorial_objectstorage to None, run_after=None
[2024-03-28T16:32:17.496+0000] {processor.py:183} INFO - Processing /home/airflow/.local/lib/python3.8/site-packages/airflow/example_dags/tutorial_objectstorage.py took 7.194 seconds
[2024-03-28T16:36:05.858+0000] {processor.py:161} INFO - Started process (PID=228) to work on /home/airflow/.local/lib/python3.8/site-packages/airflow/example_dags/tutorial_objectstorage.py
[2024-03-28T16:36:05.917+0000] {processor.py:830} INFO - Processing file /home/airflow/.local/lib/python3.8/site-packages/airflow/example_dags/tutorial_objectstorage.py for tasks to queue
[2024-03-28T16:36:05.972+0000] {logging_mixin.py:188} INFO - [2024-03-28T16:36:05.971+0000] {dagbag.py:540} INFO - Filling up the DagBag from /home/airflow/.local/lib/python3.8/site-packages/airflow/example_dags/tutorial_objectstorage.py
[2024-03-28T16:36:06.302+0000] {processor.py:840} INFO - DAG(s) 'tutorial_objectstorage' retrieved from /home/airflow/.local/lib/python3.8/site-packages/airflow/example_dags/tutorial_objectstorage.py
[2024-03-28T16:36:07.471+0000] {logging_mixin.py:188} INFO - [2024-03-28T16:36:07.471+0000] {dag.py:3047} INFO - Sync 1 DAGs
[2024-03-28T16:36:08.193+0000] {logging_mixin.py:188} INFO - [2024-03-28T16:36:08.192+0000] {dag.py:3834} INFO - Setting next_dagrun for tutorial_objectstorage to None, run_after=None
[2024-03-28T16:36:08.705+0000] {processor.py:183} INFO - Processing /home/airflow/.local/lib/python3.8/site-packages/airflow/example_dags/tutorial_objectstorage.py took 2.930 seconds
[2024-03-28T16:38:24.566+0000] {processor.py:161} INFO - Started process (PID=296) to work on /home/airflow/.local/lib/python3.8/site-packages/airflow/example_dags/tutorial_objectstorage.py
[2024-03-28T16:38:24.629+0000] {processor.py:830} INFO - Processing file /home/airflow/.local/lib/python3.8/site-packages/airflow/example_dags/tutorial_objectstorage.py for tasks to queue
[2024-03-28T16:38:24.707+0000] {logging_mixin.py:188} INFO - [2024-03-28T16:38:24.697+0000] {dagbag.py:540} INFO - Filling up the DagBag from /home/airflow/.local/lib/python3.8/site-packages/airflow/example_dags/tutorial_objectstorage.py
[2024-03-28T16:38:24.919+0000] {processor.py:840} INFO - DAG(s) 'tutorial_objectstorage' retrieved from /home/airflow/.local/lib/python3.8/site-packages/airflow/example_dags/tutorial_objectstorage.py
[2024-03-28T16:38:25.986+0000] {logging_mixin.py:188} INFO - [2024-03-28T16:38:25.985+0000] {dag.py:3047} INFO - Sync 1 DAGs
[2024-03-28T16:38:26.518+0000] {logging_mixin.py:188} INFO - [2024-03-28T16:38:26.518+0000] {dag.py:3834} INFO - Setting next_dagrun for tutorial_objectstorage to None, run_after=None
[2024-03-28T16:38:27.175+0000] {processor.py:183} INFO - Processing /home/airflow/.local/lib/python3.8/site-packages/airflow/example_dags/tutorial_objectstorage.py took 2.740 seconds
[2024-03-28T16:41:12.786+0000] {processor.py:161} INFO - Started process (PID=364) to work on /home/airflow/.local/lib/python3.8/site-packages/airflow/example_dags/tutorial_objectstorage.py
[2024-03-28T16:41:12.838+0000] {processor.py:830} INFO - Processing file /home/airflow/.local/lib/python3.8/site-packages/airflow/example_dags/tutorial_objectstorage.py for tasks to queue
[2024-03-28T16:41:12.984+0000] {logging_mixin.py:188} INFO - [2024-03-28T16:41:12.932+0000] {dagbag.py:540} INFO - Filling up the DagBag from /home/airflow/.local/lib/python3.8/site-packages/airflow/example_dags/tutorial_objectstorage.py
[2024-03-28T16:41:13.918+0000] {processor.py:840} INFO - DAG(s) 'tutorial_objectstorage' retrieved from /home/airflow/.local/lib/python3.8/site-packages/airflow/example_dags/tutorial_objectstorage.py
[2024-03-28T16:41:15.391+0000] {logging_mixin.py:188} INFO - [2024-03-28T16:41:15.356+0000] {dag.py:3047} INFO - Sync 1 DAGs
[2024-03-28T16:41:16.087+0000] {logging_mixin.py:188} INFO - [2024-03-28T16:41:16.064+0000] {dag.py:3834} INFO - Setting next_dagrun for tutorial_objectstorage to None, run_after=None
[2024-03-28T16:41:16.946+0000] {processor.py:183} INFO - Processing /home/airflow/.local/lib/python3.8/site-packages/airflow/example_dags/tutorial_objectstorage.py took 4.333 seconds
[2024-03-28T16:44:18.240+0000] {processor.py:161} INFO - Started process (PID=436) to work on /home/airflow/.local/lib/python3.8/site-packages/airflow/example_dags/tutorial_objectstorage.py
[2024-03-28T16:44:18.255+0000] {processor.py:830} INFO - Processing file /home/airflow/.local/lib/python3.8/site-packages/airflow/example_dags/tutorial_objectstorage.py for tasks to queue
[2024-03-28T16:44:18.348+0000] {logging_mixin.py:188} INFO - [2024-03-28T16:44:18.331+0000] {dagbag.py:540} INFO - Filling up the DagBag from /home/airflow/.local/lib/python3.8/site-packages/airflow/example_dags/tutorial_objectstorage.py
[2024-03-28T16:44:18.982+0000] {processor.py:840} INFO - DAG(s) 'tutorial_objectstorage' retrieved from /home/airflow/.local/lib/python3.8/site-packages/airflow/example_dags/tutorial_objectstorage.py
[2024-03-28T16:44:19.598+0000] {logging_mixin.py:188} INFO - [2024-03-28T16:44:19.597+0000] {dag.py:3047} INFO - Sync 1 DAGs
[2024-03-28T16:44:21.511+0000] {logging_mixin.py:188} INFO - [2024-03-28T16:44:21.511+0000] {dag.py:3834} INFO - Setting next_dagrun for tutorial_objectstorage to None, run_after=None
[2024-03-28T16:44:23.296+0000] {processor.py:183} INFO - Processing /home/airflow/.local/lib/python3.8/site-packages/airflow/example_dags/tutorial_objectstorage.py took 5.219 seconds
[2024-03-28T17:06:00.458+0000] {processor.py:161} INFO - Started process (PID=62) to work on /home/airflow/.local/lib/python3.8/site-packages/airflow/example_dags/tutorial_objectstorage.py
[2024-03-28T17:06:00.467+0000] {processor.py:830} INFO - Processing file /home/airflow/.local/lib/python3.8/site-packages/airflow/example_dags/tutorial_objectstorage.py for tasks to queue
[2024-03-28T17:06:00.482+0000] {logging_mixin.py:188} INFO - [2024-03-28T17:06:00.482+0000] {dagbag.py:540} INFO - Filling up the DagBag from /home/airflow/.local/lib/python3.8/site-packages/airflow/example_dags/tutorial_objectstorage.py
[2024-03-28T17:06:00.565+0000] {processor.py:840} INFO - DAG(s) 'tutorial_objectstorage' retrieved from /home/airflow/.local/lib/python3.8/site-packages/airflow/example_dags/tutorial_objectstorage.py
[2024-03-28T17:06:02.639+0000] {logging_mixin.py:188} INFO - [2024-03-28T17:06:02.638+0000] {dag.py:3047} INFO - Sync 1 DAGs
[2024-03-28T17:06:02.834+0000] {logging_mixin.py:188} INFO - [2024-03-28T17:06:02.833+0000] {dag.py:3834} INFO - Setting next_dagrun for tutorial_objectstorage to None, run_after=None
[2024-03-28T17:06:03.212+0000] {processor.py:183} INFO - Processing /home/airflow/.local/lib/python3.8/site-packages/airflow/example_dags/tutorial_objectstorage.py took 2.786 seconds
[2024-03-28T17:07:27.943+0000] {processor.py:161} INFO - Started process (PID=129) to work on /home/airflow/.local/lib/python3.8/site-packages/airflow/example_dags/tutorial_objectstorage.py
[2024-03-28T17:07:27.953+0000] {processor.py:830} INFO - Processing file /home/airflow/.local/lib/python3.8/site-packages/airflow/example_dags/tutorial_objectstorage.py for tasks to queue
[2024-03-28T17:07:28.003+0000] {logging_mixin.py:188} INFO - [2024-03-28T17:07:27.997+0000] {dagbag.py:540} INFO - Filling up the DagBag from /home/airflow/.local/lib/python3.8/site-packages/airflow/example_dags/tutorial_objectstorage.py
[2024-03-28T17:07:28.092+0000] {processor.py:840} INFO - DAG(s) 'tutorial_objectstorage' retrieved from /home/airflow/.local/lib/python3.8/site-packages/airflow/example_dags/tutorial_objectstorage.py
[2024-03-28T17:07:28.388+0000] {logging_mixin.py:188} INFO - [2024-03-28T17:07:28.366+0000] {dag.py:3047} INFO - Sync 1 DAGs
[2024-03-28T17:07:28.476+0000] {logging_mixin.py:188} INFO - [2024-03-28T17:07:28.476+0000] {dag.py:3834} INFO - Setting next_dagrun for tutorial_objectstorage to None, run_after=None
[2024-03-28T17:07:28.620+0000] {processor.py:183} INFO - Processing /home/airflow/.local/lib/python3.8/site-packages/airflow/example_dags/tutorial_objectstorage.py took 0.694 seconds
[2024-03-28T17:08:17.222+0000] {processor.py:161} INFO - Started process (PID=190) to work on /home/airflow/.local/lib/python3.8/site-packages/airflow/example_dags/tutorial_objectstorage.py
[2024-03-28T17:08:17.228+0000] {processor.py:830} INFO - Processing file /home/airflow/.local/lib/python3.8/site-packages/airflow/example_dags/tutorial_objectstorage.py for tasks to queue
[2024-03-28T17:08:17.241+0000] {logging_mixin.py:188} INFO - [2024-03-28T17:08:17.239+0000] {dagbag.py:540} INFO - Filling up the DagBag from /home/airflow/.local/lib/python3.8/site-packages/airflow/example_dags/tutorial_objectstorage.py
[2024-03-28T17:08:17.284+0000] {processor.py:840} INFO - DAG(s) 'tutorial_objectstorage' retrieved from /home/airflow/.local/lib/python3.8/site-packages/airflow/example_dags/tutorial_objectstorage.py
[2024-03-28T17:08:17.420+0000] {logging_mixin.py:188} INFO - [2024-03-28T17:08:17.419+0000] {dag.py:3047} INFO - Sync 1 DAGs
[2024-03-28T17:08:17.655+0000] {logging_mixin.py:188} INFO - [2024-03-28T17:08:17.641+0000] {dag.py:3834} INFO - Setting next_dagrun for tutorial_objectstorage to None, run_after=None
[2024-03-28T17:08:17.953+0000] {processor.py:183} INFO - Processing /home/airflow/.local/lib/python3.8/site-packages/airflow/example_dags/tutorial_objectstorage.py took 0.750 seconds
[2024-03-28T17:09:07.429+0000] {processor.py:161} INFO - Started process (PID=245) to work on /home/airflow/.local/lib/python3.8/site-packages/airflow/example_dags/tutorial_objectstorage.py
[2024-03-28T17:09:07.438+0000] {processor.py:830} INFO - Processing file /home/airflow/.local/lib/python3.8/site-packages/airflow/example_dags/tutorial_objectstorage.py for tasks to queue
[2024-03-28T17:09:07.465+0000] {logging_mixin.py:188} INFO - [2024-03-28T17:09:07.459+0000] {dagbag.py:540} INFO - Filling up the DagBag from /home/airflow/.local/lib/python3.8/site-packages/airflow/example_dags/tutorial_objectstorage.py
[2024-03-28T17:09:07.493+0000] {processor.py:840} INFO - DAG(s) 'tutorial_objectstorage' retrieved from /home/airflow/.local/lib/python3.8/site-packages/airflow/example_dags/tutorial_objectstorage.py
[2024-03-28T17:09:07.614+0000] {logging_mixin.py:188} INFO - [2024-03-28T17:09:07.614+0000] {dag.py:3047} INFO - Sync 1 DAGs
[2024-03-28T17:09:07.680+0000] {logging_mixin.py:188} INFO - [2024-03-28T17:09:07.679+0000] {dag.py:3834} INFO - Setting next_dagrun for tutorial_objectstorage to None, run_after=None
[2024-03-28T17:09:10.412+0000] {processor.py:183} INFO - Processing /home/airflow/.local/lib/python3.8/site-packages/airflow/example_dags/tutorial_objectstorage.py took 3.005 seconds
[2024-03-28T17:10:55.491+0000] {processor.py:161} INFO - Started process (PID=326) to work on /home/airflow/.local/lib/python3.8/site-packages/airflow/example_dags/tutorial_objectstorage.py
[2024-03-28T17:10:55.500+0000] {processor.py:830} INFO - Processing file /home/airflow/.local/lib/python3.8/site-packages/airflow/example_dags/tutorial_objectstorage.py for tasks to queue
[2024-03-28T17:10:55.524+0000] {logging_mixin.py:188} INFO - [2024-03-28T17:10:55.523+0000] {dagbag.py:540} INFO - Filling up the DagBag from /home/airflow/.local/lib/python3.8/site-packages/airflow/example_dags/tutorial_objectstorage.py
[2024-03-28T17:10:55.645+0000] {processor.py:840} INFO - DAG(s) 'tutorial_objectstorage' retrieved from /home/airflow/.local/lib/python3.8/site-packages/airflow/example_dags/tutorial_objectstorage.py
[2024-03-28T17:10:55.781+0000] {logging_mixin.py:188} INFO - [2024-03-28T17:10:55.780+0000] {dag.py:3047} INFO - Sync 1 DAGs
[2024-03-28T17:10:55.824+0000] {logging_mixin.py:188} INFO - [2024-03-28T17:10:55.822+0000] {dag.py:3834} INFO - Setting next_dagrun for tutorial_objectstorage to None, run_after=None
[2024-03-28T17:10:56.044+0000] {processor.py:183} INFO - Processing /home/airflow/.local/lib/python3.8/site-packages/airflow/example_dags/tutorial_objectstorage.py took 0.594 seconds
[2024-03-28T17:11:49.488+0000] {processor.py:161} INFO - Started process (PID=383) to work on /home/airflow/.local/lib/python3.8/site-packages/airflow/example_dags/tutorial_objectstorage.py
[2024-03-28T17:11:49.658+0000] {processor.py:830} INFO - Processing file /home/airflow/.local/lib/python3.8/site-packages/airflow/example_dags/tutorial_objectstorage.py for tasks to queue
[2024-03-28T17:11:49.795+0000] {logging_mixin.py:188} INFO - [2024-03-28T17:11:49.793+0000] {dagbag.py:540} INFO - Filling up the DagBag from /home/airflow/.local/lib/python3.8/site-packages/airflow/example_dags/tutorial_objectstorage.py
[2024-03-28T17:11:50.253+0000] {processor.py:840} INFO - DAG(s) 'tutorial_objectstorage' retrieved from /home/airflow/.local/lib/python3.8/site-packages/airflow/example_dags/tutorial_objectstorage.py
[2024-03-28T17:11:51.114+0000] {logging_mixin.py:188} INFO - [2024-03-28T17:11:51.105+0000] {dag.py:3047} INFO - Sync 1 DAGs
[2024-03-28T17:11:51.312+0000] {logging_mixin.py:188} INFO - [2024-03-28T17:11:51.311+0000] {dag.py:3834} INFO - Setting next_dagrun for tutorial_objectstorage to None, run_after=None
[2024-03-28T17:11:51.591+0000] {processor.py:183} INFO - Processing /home/airflow/.local/lib/python3.8/site-packages/airflow/example_dags/tutorial_objectstorage.py took 2.275 seconds
[2024-03-28T17:12:30.061+0000] {processor.py:161} INFO - Started process (PID=437) to work on /home/airflow/.local/lib/python3.8/site-packages/airflow/example_dags/tutorial_objectstorage.py
[2024-03-28T17:12:30.085+0000] {processor.py:830} INFO - Processing file /home/airflow/.local/lib/python3.8/site-packages/airflow/example_dags/tutorial_objectstorage.py for tasks to queue
[2024-03-28T17:12:30.100+0000] {logging_mixin.py:188} INFO - [2024-03-28T17:12:30.094+0000] {dagbag.py:540} INFO - Filling up the DagBag from /home/airflow/.local/lib/python3.8/site-packages/airflow/example_dags/tutorial_objectstorage.py
[2024-03-28T17:12:30.126+0000] {processor.py:840} INFO - DAG(s) 'tutorial_objectstorage' retrieved from /home/airflow/.local/lib/python3.8/site-packages/airflow/example_dags/tutorial_objectstorage.py
[2024-03-28T17:12:30.289+0000] {logging_mixin.py:188} INFO - [2024-03-28T17:12:30.289+0000] {dag.py:3047} INFO - Sync 1 DAGs
[2024-03-28T17:12:30.384+0000] {logging_mixin.py:188} INFO - [2024-03-28T17:12:30.381+0000] {dag.py:3834} INFO - Setting next_dagrun for tutorial_objectstorage to None, run_after=None
[2024-03-28T17:12:30.442+0000] {processor.py:183} INFO - Processing /home/airflow/.local/lib/python3.8/site-packages/airflow/example_dags/tutorial_objectstorage.py took 0.701 seconds
[2024-03-28T17:13:01.408+0000] {processor.py:161} INFO - Started process (PID=493) to work on /home/airflow/.local/lib/python3.8/site-packages/airflow/example_dags/tutorial_objectstorage.py
[2024-03-28T17:13:01.411+0000] {processor.py:830} INFO - Processing file /home/airflow/.local/lib/python3.8/site-packages/airflow/example_dags/tutorial_objectstorage.py for tasks to queue
[2024-03-28T17:13:01.416+0000] {logging_mixin.py:188} INFO - [2024-03-28T17:13:01.416+0000] {dagbag.py:540} INFO - Filling up the DagBag from /home/airflow/.local/lib/python3.8/site-packages/airflow/example_dags/tutorial_objectstorage.py
[2024-03-28T17:13:01.435+0000] {processor.py:840} INFO - DAG(s) 'tutorial_objectstorage' retrieved from /home/airflow/.local/lib/python3.8/site-packages/airflow/example_dags/tutorial_objectstorage.py
[2024-03-28T17:13:01.483+0000] {logging_mixin.py:188} INFO - [2024-03-28T17:13:01.483+0000] {dag.py:3047} INFO - Sync 1 DAGs
[2024-03-28T17:13:01.515+0000] {logging_mixin.py:188} INFO - [2024-03-28T17:13:01.515+0000] {dag.py:3834} INFO - Setting next_dagrun for tutorial_objectstorage to None, run_after=None
[2024-03-28T17:13:01.557+0000] {processor.py:183} INFO - Processing /home/airflow/.local/lib/python3.8/site-packages/airflow/example_dags/tutorial_objectstorage.py took 0.158 seconds
[2024-03-28T17:13:37.587+0000] {processor.py:161} INFO - Started process (PID=548) to work on /home/airflow/.local/lib/python3.8/site-packages/airflow/example_dags/tutorial_objectstorage.py
[2024-03-28T17:13:37.591+0000] {processor.py:830} INFO - Processing file /home/airflow/.local/lib/python3.8/site-packages/airflow/example_dags/tutorial_objectstorage.py for tasks to queue
[2024-03-28T17:13:37.603+0000] {logging_mixin.py:188} INFO - [2024-03-28T17:13:37.601+0000] {dagbag.py:540} INFO - Filling up the DagBag from /home/airflow/.local/lib/python3.8/site-packages/airflow/example_dags/tutorial_objectstorage.py
[2024-03-28T17:13:37.631+0000] {processor.py:840} INFO - DAG(s) 'tutorial_objectstorage' retrieved from /home/airflow/.local/lib/python3.8/site-packages/airflow/example_dags/tutorial_objectstorage.py
[2024-03-28T17:13:37.675+0000] {logging_mixin.py:188} INFO - [2024-03-28T17:13:37.674+0000] {dag.py:3047} INFO - Sync 1 DAGs
[2024-03-28T17:13:37.716+0000] {logging_mixin.py:188} INFO - [2024-03-28T17:13:37.716+0000] {dag.py:3834} INFO - Setting next_dagrun for tutorial_objectstorage to None, run_after=None
[2024-03-28T17:13:37.765+0000] {processor.py:183} INFO - Processing /home/airflow/.local/lib/python3.8/site-packages/airflow/example_dags/tutorial_objectstorage.py took 0.188 seconds
[2024-03-28T17:14:19.096+0000] {processor.py:161} INFO - Started process (PID=603) to work on /home/airflow/.local/lib/python3.8/site-packages/airflow/example_dags/tutorial_objectstorage.py
[2024-03-28T17:14:19.107+0000] {processor.py:830} INFO - Processing file /home/airflow/.local/lib/python3.8/site-packages/airflow/example_dags/tutorial_objectstorage.py for tasks to queue
[2024-03-28T17:14:19.117+0000] {logging_mixin.py:188} INFO - [2024-03-28T17:14:19.115+0000] {dagbag.py:540} INFO - Filling up the DagBag from /home/airflow/.local/lib/python3.8/site-packages/airflow/example_dags/tutorial_objectstorage.py
[2024-03-28T17:14:19.153+0000] {processor.py:840} INFO - DAG(s) 'tutorial_objectstorage' retrieved from /home/airflow/.local/lib/python3.8/site-packages/airflow/example_dags/tutorial_objectstorage.py
[2024-03-28T17:14:19.226+0000] {logging_mixin.py:188} INFO - [2024-03-28T17:14:19.224+0000] {dag.py:3047} INFO - Sync 1 DAGs
[2024-03-28T17:14:19.267+0000] {logging_mixin.py:188} INFO - [2024-03-28T17:14:19.266+0000] {dag.py:3834} INFO - Setting next_dagrun for tutorial_objectstorage to None, run_after=None
[2024-03-28T17:14:19.342+0000] {processor.py:183} INFO - Processing /home/airflow/.local/lib/python3.8/site-packages/airflow/example_dags/tutorial_objectstorage.py took 0.264 seconds
[2024-03-28T17:14:51.026+0000] {processor.py:161} INFO - Started process (PID=657) to work on /home/airflow/.local/lib/python3.8/site-packages/airflow/example_dags/tutorial_objectstorage.py
[2024-03-28T17:14:51.034+0000] {processor.py:830} INFO - Processing file /home/airflow/.local/lib/python3.8/site-packages/airflow/example_dags/tutorial_objectstorage.py for tasks to queue
[2024-03-28T17:14:51.045+0000] {logging_mixin.py:188} INFO - [2024-03-28T17:14:51.044+0000] {dagbag.py:540} INFO - Filling up the DagBag from /home/airflow/.local/lib/python3.8/site-packages/airflow/example_dags/tutorial_objectstorage.py
[2024-03-28T17:14:51.102+0000] {processor.py:840} INFO - DAG(s) 'tutorial_objectstorage' retrieved from /home/airflow/.local/lib/python3.8/site-packages/airflow/example_dags/tutorial_objectstorage.py
[2024-03-28T17:14:51.319+0000] {logging_mixin.py:188} INFO - [2024-03-28T17:14:51.318+0000] {dag.py:3047} INFO - Sync 1 DAGs
[2024-03-28T17:14:51.440+0000] {logging_mixin.py:188} INFO - [2024-03-28T17:14:51.439+0000] {dag.py:3834} INFO - Setting next_dagrun for tutorial_objectstorage to None, run_after=None
[2024-03-28T17:14:51.705+0000] {processor.py:183} INFO - Processing /home/airflow/.local/lib/python3.8/site-packages/airflow/example_dags/tutorial_objectstorage.py took 0.695 seconds
[2024-03-28T17:15:30.486+0000] {processor.py:161} INFO - Started process (PID=713) to work on /home/airflow/.local/lib/python3.8/site-packages/airflow/example_dags/tutorial_objectstorage.py
[2024-03-28T17:15:30.496+0000] {processor.py:830} INFO - Processing file /home/airflow/.local/lib/python3.8/site-packages/airflow/example_dags/tutorial_objectstorage.py for tasks to queue
[2024-03-28T17:15:30.538+0000] {logging_mixin.py:188} INFO - [2024-03-28T17:15:30.532+0000] {dagbag.py:540} INFO - Filling up the DagBag from /home/airflow/.local/lib/python3.8/site-packages/airflow/example_dags/tutorial_objectstorage.py
[2024-03-28T17:15:30.615+0000] {processor.py:840} INFO - DAG(s) 'tutorial_objectstorage' retrieved from /home/airflow/.local/lib/python3.8/site-packages/airflow/example_dags/tutorial_objectstorage.py
[2024-03-28T17:15:30.842+0000] {logging_mixin.py:188} INFO - [2024-03-28T17:15:30.841+0000] {dag.py:3047} INFO - Sync 1 DAGs
[2024-03-28T17:15:31.014+0000] {logging_mixin.py:188} INFO - [2024-03-28T17:15:31.013+0000] {dag.py:3834} INFO - Setting next_dagrun for tutorial_objectstorage to None, run_after=None
[2024-03-28T17:15:31.137+0000] {processor.py:183} INFO - Processing /home/airflow/.local/lib/python3.8/site-packages/airflow/example_dags/tutorial_objectstorage.py took 0.692 seconds
[2024-03-28T17:16:01.567+0000] {processor.py:161} INFO - Started process (PID=768) to work on /home/airflow/.local/lib/python3.8/site-packages/airflow/example_dags/tutorial_objectstorage.py
[2024-03-28T17:16:01.575+0000] {processor.py:830} INFO - Processing file /home/airflow/.local/lib/python3.8/site-packages/airflow/example_dags/tutorial_objectstorage.py for tasks to queue
[2024-03-28T17:16:01.588+0000] {logging_mixin.py:188} INFO - [2024-03-28T17:16:01.587+0000] {dagbag.py:540} INFO - Filling up the DagBag from /home/airflow/.local/lib/python3.8/site-packages/airflow/example_dags/tutorial_objectstorage.py
[2024-03-28T17:16:01.618+0000] {processor.py:840} INFO - DAG(s) 'tutorial_objectstorage' retrieved from /home/airflow/.local/lib/python3.8/site-packages/airflow/example_dags/tutorial_objectstorage.py
[2024-03-28T17:16:01.684+0000] {logging_mixin.py:188} INFO - [2024-03-28T17:16:01.683+0000] {dag.py:3047} INFO - Sync 1 DAGs
[2024-03-28T17:16:01.781+0000] {logging_mixin.py:188} INFO - [2024-03-28T17:16:01.780+0000] {dag.py:3834} INFO - Setting next_dagrun for tutorial_objectstorage to None, run_after=None
[2024-03-28T17:16:01.876+0000] {processor.py:183} INFO - Processing /home/airflow/.local/lib/python3.8/site-packages/airflow/example_dags/tutorial_objectstorage.py took 0.348 seconds
[2024-03-28T17:16:33.456+0000] {processor.py:161} INFO - Started process (PID=823) to work on /home/airflow/.local/lib/python3.8/site-packages/airflow/example_dags/tutorial_objectstorage.py
[2024-03-28T17:16:35.601+0000] {processor.py:830} INFO - Processing file /home/airflow/.local/lib/python3.8/site-packages/airflow/example_dags/tutorial_objectstorage.py for tasks to queue
[2024-03-28T17:16:35.675+0000] {logging_mixin.py:188} INFO - [2024-03-28T17:16:35.674+0000] {dagbag.py:540} INFO - Filling up the DagBag from /home/airflow/.local/lib/python3.8/site-packages/airflow/example_dags/tutorial_objectstorage.py
[2024-03-28T17:16:36.052+0000] {processor.py:840} INFO - DAG(s) 'tutorial_objectstorage' retrieved from /home/airflow/.local/lib/python3.8/site-packages/airflow/example_dags/tutorial_objectstorage.py
[2024-03-28T17:16:36.238+0000] {logging_mixin.py:188} INFO - [2024-03-28T17:16:36.237+0000] {dag.py:3047} INFO - Sync 1 DAGs
[2024-03-28T17:16:36.322+0000] {logging_mixin.py:188} INFO - [2024-03-28T17:16:36.319+0000] {dag.py:3834} INFO - Setting next_dagrun for tutorial_objectstorage to None, run_after=None
[2024-03-28T17:16:36.554+0000] {processor.py:183} INFO - Processing /home/airflow/.local/lib/python3.8/site-packages/airflow/example_dags/tutorial_objectstorage.py took 3.142 seconds
[2024-03-28T17:17:06.916+0000] {processor.py:161} INFO - Started process (PID=878) to work on /home/airflow/.local/lib/python3.8/site-packages/airflow/example_dags/tutorial_objectstorage.py
[2024-03-28T17:17:06.920+0000] {processor.py:830} INFO - Processing file /home/airflow/.local/lib/python3.8/site-packages/airflow/example_dags/tutorial_objectstorage.py for tasks to queue
[2024-03-28T17:17:06.924+0000] {logging_mixin.py:188} INFO - [2024-03-28T17:17:06.923+0000] {dagbag.py:540} INFO - Filling up the DagBag from /home/airflow/.local/lib/python3.8/site-packages/airflow/example_dags/tutorial_objectstorage.py
[2024-03-28T17:17:06.946+0000] {processor.py:840} INFO - DAG(s) 'tutorial_objectstorage' retrieved from /home/airflow/.local/lib/python3.8/site-packages/airflow/example_dags/tutorial_objectstorage.py
[2024-03-28T17:17:07.003+0000] {logging_mixin.py:188} INFO - [2024-03-28T17:17:07.002+0000] {dag.py:3047} INFO - Sync 1 DAGs
[2024-03-28T17:17:07.050+0000] {logging_mixin.py:188} INFO - [2024-03-28T17:17:07.050+0000] {dag.py:3834} INFO - Setting next_dagrun for tutorial_objectstorage to None, run_after=None
[2024-03-28T17:17:07.127+0000] {processor.py:183} INFO - Processing /home/airflow/.local/lib/python3.8/site-packages/airflow/example_dags/tutorial_objectstorage.py took 0.218 seconds
[2024-03-28T17:17:48.613+0000] {processor.py:161} INFO - Started process (PID=919) to work on /home/airflow/.local/lib/python3.8/site-packages/airflow/example_dags/tutorial_objectstorage.py
[2024-03-28T17:17:48.621+0000] {processor.py:830} INFO - Processing file /home/airflow/.local/lib/python3.8/site-packages/airflow/example_dags/tutorial_objectstorage.py for tasks to queue
[2024-03-28T17:17:48.633+0000] {logging_mixin.py:188} INFO - [2024-03-28T17:17:48.631+0000] {dagbag.py:540} INFO - Filling up the DagBag from /home/airflow/.local/lib/python3.8/site-packages/airflow/example_dags/tutorial_objectstorage.py
[2024-03-28T17:17:48.671+0000] {processor.py:840} INFO - DAG(s) 'tutorial_objectstorage' retrieved from /home/airflow/.local/lib/python3.8/site-packages/airflow/example_dags/tutorial_objectstorage.py
[2024-03-28T17:17:48.762+0000] {logging_mixin.py:188} INFO - [2024-03-28T17:17:48.760+0000] {dag.py:3047} INFO - Sync 1 DAGs
[2024-03-28T17:17:48.829+0000] {logging_mixin.py:188} INFO - [2024-03-28T17:17:48.828+0000] {dag.py:3834} INFO - Setting next_dagrun for tutorial_objectstorage to None, run_after=None
[2024-03-28T17:17:48.875+0000] {processor.py:183} INFO - Processing /home/airflow/.local/lib/python3.8/site-packages/airflow/example_dags/tutorial_objectstorage.py took 0.278 seconds
[2024-03-28T17:18:46.718+0000] {processor.py:161} INFO - Started process (PID=974) to work on /home/airflow/.local/lib/python3.8/site-packages/airflow/example_dags/tutorial_objectstorage.py
[2024-03-28T17:18:46.728+0000] {processor.py:830} INFO - Processing file /home/airflow/.local/lib/python3.8/site-packages/airflow/example_dags/tutorial_objectstorage.py for tasks to queue
[2024-03-28T17:18:46.768+0000] {logging_mixin.py:188} INFO - [2024-03-28T17:18:46.745+0000] {dagbag.py:540} INFO - Filling up the DagBag from /home/airflow/.local/lib/python3.8/site-packages/airflow/example_dags/tutorial_objectstorage.py
[2024-03-28T17:18:46.840+0000] {processor.py:840} INFO - DAG(s) 'tutorial_objectstorage' retrieved from /home/airflow/.local/lib/python3.8/site-packages/airflow/example_dags/tutorial_objectstorage.py
[2024-03-28T17:18:47.029+0000] {logging_mixin.py:188} INFO - [2024-03-28T17:18:47.022+0000] {dag.py:3047} INFO - Sync 1 DAGs
[2024-03-28T17:18:47.153+0000] {logging_mixin.py:188} INFO - [2024-03-28T17:18:47.149+0000] {dag.py:3834} INFO - Setting next_dagrun for tutorial_objectstorage to None, run_after=None
[2024-03-28T17:18:47.326+0000] {processor.py:183} INFO - Processing /home/airflow/.local/lib/python3.8/site-packages/airflow/example_dags/tutorial_objectstorage.py took 0.681 seconds
[2024-03-28T17:19:18.786+0000] {processor.py:161} INFO - Started process (PID=1029) to work on /home/airflow/.local/lib/python3.8/site-packages/airflow/example_dags/tutorial_objectstorage.py
[2024-03-28T17:19:18.791+0000] {processor.py:830} INFO - Processing file /home/airflow/.local/lib/python3.8/site-packages/airflow/example_dags/tutorial_objectstorage.py for tasks to queue
[2024-03-28T17:19:18.844+0000] {logging_mixin.py:188} INFO - [2024-03-28T17:19:18.840+0000] {dagbag.py:540} INFO - Filling up the DagBag from /home/airflow/.local/lib/python3.8/site-packages/airflow/example_dags/tutorial_objectstorage.py
[2024-03-28T17:19:18.957+0000] {processor.py:840} INFO - DAG(s) 'tutorial_objectstorage' retrieved from /home/airflow/.local/lib/python3.8/site-packages/airflow/example_dags/tutorial_objectstorage.py
[2024-03-28T17:19:19.242+0000] {logging_mixin.py:188} INFO - [2024-03-28T17:19:19.241+0000] {dag.py:3047} INFO - Sync 1 DAGs
[2024-03-28T17:19:19.367+0000] {logging_mixin.py:188} INFO - [2024-03-28T17:19:19.364+0000] {dag.py:3834} INFO - Setting next_dagrun for tutorial_objectstorage to None, run_after=None
[2024-03-28T17:19:19.478+0000] {processor.py:183} INFO - Processing /home/airflow/.local/lib/python3.8/site-packages/airflow/example_dags/tutorial_objectstorage.py took 0.717 seconds
[2024-03-28T17:19:50.000+0000] {processor.py:161} INFO - Started process (PID=1085) to work on /home/airflow/.local/lib/python3.8/site-packages/airflow/example_dags/tutorial_objectstorage.py
[2024-03-28T17:19:50.013+0000] {processor.py:830} INFO - Processing file /home/airflow/.local/lib/python3.8/site-packages/airflow/example_dags/tutorial_objectstorage.py for tasks to queue
[2024-03-28T17:19:50.032+0000] {logging_mixin.py:188} INFO - [2024-03-28T17:19:50.028+0000] {dagbag.py:540} INFO - Filling up the DagBag from /home/airflow/.local/lib/python3.8/site-packages/airflow/example_dags/tutorial_objectstorage.py
[2024-03-28T17:19:50.062+0000] {processor.py:840} INFO - DAG(s) 'tutorial_objectstorage' retrieved from /home/airflow/.local/lib/python3.8/site-packages/airflow/example_dags/tutorial_objectstorage.py
[2024-03-28T17:19:50.182+0000] {logging_mixin.py:188} INFO - [2024-03-28T17:19:50.182+0000] {dag.py:3047} INFO - Sync 1 DAGs
[2024-03-28T17:19:50.220+0000] {logging_mixin.py:188} INFO - [2024-03-28T17:19:50.219+0000] {dag.py:3834} INFO - Setting next_dagrun for tutorial_objectstorage to None, run_after=None
[2024-03-28T17:19:50.270+0000] {processor.py:183} INFO - Processing /home/airflow/.local/lib/python3.8/site-packages/airflow/example_dags/tutorial_objectstorage.py took 0.291 seconds
[2024-03-28T17:20:20.575+0000] {processor.py:161} INFO - Started process (PID=1140) to work on /home/airflow/.local/lib/python3.8/site-packages/airflow/example_dags/tutorial_objectstorage.py
[2024-03-28T17:20:20.581+0000] {processor.py:830} INFO - Processing file /home/airflow/.local/lib/python3.8/site-packages/airflow/example_dags/tutorial_objectstorage.py for tasks to queue
[2024-03-28T17:20:20.589+0000] {logging_mixin.py:188} INFO - [2024-03-28T17:20:20.587+0000] {dagbag.py:540} INFO - Filling up the DagBag from /home/airflow/.local/lib/python3.8/site-packages/airflow/example_dags/tutorial_objectstorage.py
[2024-03-28T17:20:20.615+0000] {processor.py:840} INFO - DAG(s) 'tutorial_objectstorage' retrieved from /home/airflow/.local/lib/python3.8/site-packages/airflow/example_dags/tutorial_objectstorage.py
[2024-03-28T17:20:20.681+0000] {logging_mixin.py:188} INFO - [2024-03-28T17:20:20.680+0000] {dag.py:3047} INFO - Sync 1 DAGs
[2024-03-28T17:20:20.719+0000] {logging_mixin.py:188} INFO - [2024-03-28T17:20:20.719+0000] {dag.py:3834} INFO - Setting next_dagrun for tutorial_objectstorage to None, run_after=None
[2024-03-28T17:20:20.778+0000] {processor.py:183} INFO - Processing /home/airflow/.local/lib/python3.8/site-packages/airflow/example_dags/tutorial_objectstorage.py took 0.229 seconds
[2024-03-28T17:20:51.124+0000] {processor.py:161} INFO - Started process (PID=1194) to work on /home/airflow/.local/lib/python3.8/site-packages/airflow/example_dags/tutorial_objectstorage.py
[2024-03-28T17:20:51.132+0000] {processor.py:830} INFO - Processing file /home/airflow/.local/lib/python3.8/site-packages/airflow/example_dags/tutorial_objectstorage.py for tasks to queue
[2024-03-28T17:20:51.138+0000] {logging_mixin.py:188} INFO - [2024-03-28T17:20:51.138+0000] {dagbag.py:540} INFO - Filling up the DagBag from /home/airflow/.local/lib/python3.8/site-packages/airflow/example_dags/tutorial_objectstorage.py
[2024-03-28T17:20:51.157+0000] {processor.py:840} INFO - DAG(s) 'tutorial_objectstorage' retrieved from /home/airflow/.local/lib/python3.8/site-packages/airflow/example_dags/tutorial_objectstorage.py
[2024-03-28T17:20:51.213+0000] {logging_mixin.py:188} INFO - [2024-03-28T17:20:51.212+0000] {dag.py:3047} INFO - Sync 1 DAGs
[2024-03-28T17:20:51.244+0000] {logging_mixin.py:188} INFO - [2024-03-28T17:20:51.243+0000] {dag.py:3834} INFO - Setting next_dagrun for tutorial_objectstorage to None, run_after=None
[2024-03-28T17:20:51.303+0000] {processor.py:183} INFO - Processing /home/airflow/.local/lib/python3.8/site-packages/airflow/example_dags/tutorial_objectstorage.py took 0.210 seconds
[2024-03-28T17:21:26.744+0000] {processor.py:161} INFO - Started process (PID=1249) to work on /home/airflow/.local/lib/python3.8/site-packages/airflow/example_dags/tutorial_objectstorage.py
[2024-03-28T17:21:26.747+0000] {processor.py:830} INFO - Processing file /home/airflow/.local/lib/python3.8/site-packages/airflow/example_dags/tutorial_objectstorage.py for tasks to queue
[2024-03-28T17:21:26.761+0000] {logging_mixin.py:188} INFO - [2024-03-28T17:21:26.760+0000] {dagbag.py:540} INFO - Filling up the DagBag from /home/airflow/.local/lib/python3.8/site-packages/airflow/example_dags/tutorial_objectstorage.py
[2024-03-28T17:21:26.791+0000] {processor.py:840} INFO - DAG(s) 'tutorial_objectstorage' retrieved from /home/airflow/.local/lib/python3.8/site-packages/airflow/example_dags/tutorial_objectstorage.py
[2024-03-28T17:21:26.877+0000] {logging_mixin.py:188} INFO - [2024-03-28T17:21:26.876+0000] {dag.py:3047} INFO - Sync 1 DAGs
[2024-03-28T17:21:26.928+0000] {logging_mixin.py:188} INFO - [2024-03-28T17:21:26.927+0000] {dag.py:3834} INFO - Setting next_dagrun for tutorial_objectstorage to None, run_after=None
[2024-03-28T17:21:27.000+0000] {processor.py:183} INFO - Processing /home/airflow/.local/lib/python3.8/site-packages/airflow/example_dags/tutorial_objectstorage.py took 0.271 seconds
[2024-03-28T17:21:59.055+0000] {processor.py:161} INFO - Started process (PID=1303) to work on /home/airflow/.local/lib/python3.8/site-packages/airflow/example_dags/tutorial_objectstorage.py
[2024-03-28T17:21:59.068+0000] {processor.py:830} INFO - Processing file /home/airflow/.local/lib/python3.8/site-packages/airflow/example_dags/tutorial_objectstorage.py for tasks to queue
[2024-03-28T17:21:59.092+0000] {logging_mixin.py:188} INFO - [2024-03-28T17:21:59.090+0000] {dagbag.py:540} INFO - Filling up the DagBag from /home/airflow/.local/lib/python3.8/site-packages/airflow/example_dags/tutorial_objectstorage.py
[2024-03-28T17:21:59.188+0000] {processor.py:840} INFO - DAG(s) 'tutorial_objectstorage' retrieved from /home/airflow/.local/lib/python3.8/site-packages/airflow/example_dags/tutorial_objectstorage.py
[2024-03-28T17:21:59.385+0000] {logging_mixin.py:188} INFO - [2024-03-28T17:21:59.384+0000] {dag.py:3047} INFO - Sync 1 DAGs
[2024-03-28T17:21:59.517+0000] {logging_mixin.py:188} INFO - [2024-03-28T17:21:59.516+0000] {dag.py:3834} INFO - Setting next_dagrun for tutorial_objectstorage to None, run_after=None
[2024-03-28T17:21:59.688+0000] {processor.py:183} INFO - Processing /home/airflow/.local/lib/python3.8/site-packages/airflow/example_dags/tutorial_objectstorage.py took 0.692 seconds
[2024-03-28T17:22:30.632+0000] {processor.py:161} INFO - Started process (PID=1358) to work on /home/airflow/.local/lib/python3.8/site-packages/airflow/example_dags/tutorial_objectstorage.py
[2024-03-28T17:22:30.640+0000] {processor.py:830} INFO - Processing file /home/airflow/.local/lib/python3.8/site-packages/airflow/example_dags/tutorial_objectstorage.py for tasks to queue
[2024-03-28T17:22:30.655+0000] {logging_mixin.py:188} INFO - [2024-03-28T17:22:30.654+0000] {dagbag.py:540} INFO - Filling up the DagBag from /home/airflow/.local/lib/python3.8/site-packages/airflow/example_dags/tutorial_objectstorage.py
[2024-03-28T17:22:30.719+0000] {processor.py:840} INFO - DAG(s) 'tutorial_objectstorage' retrieved from /home/airflow/.local/lib/python3.8/site-packages/airflow/example_dags/tutorial_objectstorage.py
[2024-03-28T17:22:30.886+0000] {logging_mixin.py:188} INFO - [2024-03-28T17:22:30.885+0000] {dag.py:3047} INFO - Sync 1 DAGs
[2024-03-28T17:22:30.966+0000] {logging_mixin.py:188} INFO - [2024-03-28T17:22:30.966+0000] {dag.py:3834} INFO - Setting next_dagrun for tutorial_objectstorage to None, run_after=None
[2024-03-28T17:22:31.052+0000] {processor.py:183} INFO - Processing /home/airflow/.local/lib/python3.8/site-packages/airflow/example_dags/tutorial_objectstorage.py took 0.444 seconds
[2024-03-28T17:23:05.942+0000] {processor.py:161} INFO - Started process (PID=1413) to work on /home/airflow/.local/lib/python3.8/site-packages/airflow/example_dags/tutorial_objectstorage.py
[2024-03-28T17:23:05.950+0000] {processor.py:830} INFO - Processing file /home/airflow/.local/lib/python3.8/site-packages/airflow/example_dags/tutorial_objectstorage.py for tasks to queue
[2024-03-28T17:23:06.000+0000] {logging_mixin.py:188} INFO - [2024-03-28T17:23:05.997+0000] {dagbag.py:540} INFO - Filling up the DagBag from /home/airflow/.local/lib/python3.8/site-packages/airflow/example_dags/tutorial_objectstorage.py
[2024-03-28T17:23:06.054+0000] {processor.py:840} INFO - DAG(s) 'tutorial_objectstorage' retrieved from /home/airflow/.local/lib/python3.8/site-packages/airflow/example_dags/tutorial_objectstorage.py
[2024-03-28T17:23:06.142+0000] {logging_mixin.py:188} INFO - [2024-03-28T17:23:06.142+0000] {dag.py:3047} INFO - Sync 1 DAGs
[2024-03-28T17:23:06.187+0000] {logging_mixin.py:188} INFO - [2024-03-28T17:23:06.184+0000] {dag.py:3834} INFO - Setting next_dagrun for tutorial_objectstorage to None, run_after=None
[2024-03-28T17:23:06.263+0000] {processor.py:183} INFO - Processing /home/airflow/.local/lib/python3.8/site-packages/airflow/example_dags/tutorial_objectstorage.py took 0.339 seconds
[2024-03-28T17:23:36.665+0000] {processor.py:161} INFO - Started process (PID=1468) to work on /home/airflow/.local/lib/python3.8/site-packages/airflow/example_dags/tutorial_objectstorage.py
[2024-03-28T17:23:36.671+0000] {processor.py:830} INFO - Processing file /home/airflow/.local/lib/python3.8/site-packages/airflow/example_dags/tutorial_objectstorage.py for tasks to queue
[2024-03-28T17:23:36.699+0000] {logging_mixin.py:188} INFO - [2024-03-28T17:23:36.698+0000] {dagbag.py:540} INFO - Filling up the DagBag from /home/airflow/.local/lib/python3.8/site-packages/airflow/example_dags/tutorial_objectstorage.py
[2024-03-28T17:23:36.724+0000] {processor.py:840} INFO - DAG(s) 'tutorial_objectstorage' retrieved from /home/airflow/.local/lib/python3.8/site-packages/airflow/example_dags/tutorial_objectstorage.py
[2024-03-28T17:23:36.841+0000] {logging_mixin.py:188} INFO - [2024-03-28T17:23:36.840+0000] {dag.py:3047} INFO - Sync 1 DAGs
[2024-03-28T17:23:36.937+0000] {logging_mixin.py:188} INFO - [2024-03-28T17:23:36.932+0000] {dag.py:3834} INFO - Setting next_dagrun for tutorial_objectstorage to None, run_after=None
[2024-03-28T17:23:37.043+0000] {processor.py:183} INFO - Processing /home/airflow/.local/lib/python3.8/site-packages/airflow/example_dags/tutorial_objectstorage.py took 0.402 seconds
[2024-03-28T17:24:09.893+0000] {processor.py:161} INFO - Started process (PID=1515) to work on /home/airflow/.local/lib/python3.8/site-packages/airflow/example_dags/tutorial_objectstorage.py
[2024-03-28T17:24:09.900+0000] {processor.py:830} INFO - Processing file /home/airflow/.local/lib/python3.8/site-packages/airflow/example_dags/tutorial_objectstorage.py for tasks to queue
[2024-03-28T17:24:09.912+0000] {logging_mixin.py:188} INFO - [2024-03-28T17:24:09.911+0000] {dagbag.py:540} INFO - Filling up the DagBag from /home/airflow/.local/lib/python3.8/site-packages/airflow/example_dags/tutorial_objectstorage.py
[2024-03-28T17:24:09.945+0000] {processor.py:840} INFO - DAG(s) 'tutorial_objectstorage' retrieved from /home/airflow/.local/lib/python3.8/site-packages/airflow/example_dags/tutorial_objectstorage.py
[2024-03-28T17:24:10.056+0000] {logging_mixin.py:188} INFO - [2024-03-28T17:24:10.055+0000] {dag.py:3047} INFO - Sync 1 DAGs
[2024-03-28T17:24:10.109+0000] {logging_mixin.py:188} INFO - [2024-03-28T17:24:10.107+0000] {dag.py:3834} INFO - Setting next_dagrun for tutorial_objectstorage to None, run_after=None
[2024-03-28T17:24:10.179+0000] {processor.py:183} INFO - Processing /home/airflow/.local/lib/python3.8/site-packages/airflow/example_dags/tutorial_objectstorage.py took 0.299 seconds
[2024-03-28T17:24:46.887+0000] {processor.py:161} INFO - Started process (PID=1568) to work on /home/airflow/.local/lib/python3.8/site-packages/airflow/example_dags/tutorial_objectstorage.py
[2024-03-28T17:24:46.899+0000] {processor.py:830} INFO - Processing file /home/airflow/.local/lib/python3.8/site-packages/airflow/example_dags/tutorial_objectstorage.py for tasks to queue
[2024-03-28T17:24:46.905+0000] {logging_mixin.py:188} INFO - [2024-03-28T17:24:46.904+0000] {dagbag.py:540} INFO - Filling up the DagBag from /home/airflow/.local/lib/python3.8/site-packages/airflow/example_dags/tutorial_objectstorage.py
[2024-03-28T17:24:46.952+0000] {processor.py:840} INFO - DAG(s) 'tutorial_objectstorage' retrieved from /home/airflow/.local/lib/python3.8/site-packages/airflow/example_dags/tutorial_objectstorage.py
[2024-03-28T17:24:47.052+0000] {logging_mixin.py:188} INFO - [2024-03-28T17:24:47.045+0000] {dag.py:3047} INFO - Sync 1 DAGs
[2024-03-28T17:24:47.100+0000] {logging_mixin.py:188} INFO - [2024-03-28T17:24:47.099+0000] {dag.py:3834} INFO - Setting next_dagrun for tutorial_objectstorage to None, run_after=None
[2024-03-28T17:24:47.157+0000] {processor.py:183} INFO - Processing /home/airflow/.local/lib/python3.8/site-packages/airflow/example_dags/tutorial_objectstorage.py took 0.306 seconds
[2024-03-28T17:25:19.832+0000] {processor.py:161} INFO - Started process (PID=1623) to work on /home/airflow/.local/lib/python3.8/site-packages/airflow/example_dags/tutorial_objectstorage.py
[2024-03-28T17:25:19.837+0000] {processor.py:830} INFO - Processing file /home/airflow/.local/lib/python3.8/site-packages/airflow/example_dags/tutorial_objectstorage.py for tasks to queue
[2024-03-28T17:25:19.853+0000] {logging_mixin.py:188} INFO - [2024-03-28T17:25:19.851+0000] {dagbag.py:540} INFO - Filling up the DagBag from /home/airflow/.local/lib/python3.8/site-packages/airflow/example_dags/tutorial_objectstorage.py
[2024-03-28T17:25:19.923+0000] {processor.py:840} INFO - DAG(s) 'tutorial_objectstorage' retrieved from /home/airflow/.local/lib/python3.8/site-packages/airflow/example_dags/tutorial_objectstorage.py
[2024-03-28T17:25:20.153+0000] {logging_mixin.py:188} INFO - [2024-03-28T17:25:20.152+0000] {dag.py:3047} INFO - Sync 1 DAGs
[2024-03-28T17:25:20.365+0000] {logging_mixin.py:188} INFO - [2024-03-28T17:25:20.365+0000] {dag.py:3834} INFO - Setting next_dagrun for tutorial_objectstorage to None, run_after=None
[2024-03-28T17:25:20.683+0000] {processor.py:183} INFO - Processing /home/airflow/.local/lib/python3.8/site-packages/airflow/example_dags/tutorial_objectstorage.py took 0.884 seconds
[2024-03-28T17:25:50.930+0000] {processor.py:161} INFO - Started process (PID=1678) to work on /home/airflow/.local/lib/python3.8/site-packages/airflow/example_dags/tutorial_objectstorage.py
[2024-03-28T17:25:50.941+0000] {processor.py:830} INFO - Processing file /home/airflow/.local/lib/python3.8/site-packages/airflow/example_dags/tutorial_objectstorage.py for tasks to queue
[2024-03-28T17:25:50.952+0000] {logging_mixin.py:188} INFO - [2024-03-28T17:25:50.951+0000] {dagbag.py:540} INFO - Filling up the DagBag from /home/airflow/.local/lib/python3.8/site-packages/airflow/example_dags/tutorial_objectstorage.py
[2024-03-28T17:25:50.987+0000] {processor.py:840} INFO - DAG(s) 'tutorial_objectstorage' retrieved from /home/airflow/.local/lib/python3.8/site-packages/airflow/example_dags/tutorial_objectstorage.py
[2024-03-28T17:25:51.127+0000] {logging_mixin.py:188} INFO - [2024-03-28T17:25:51.122+0000] {dag.py:3047} INFO - Sync 1 DAGs
[2024-03-28T17:25:51.265+0000] {logging_mixin.py:188} INFO - [2024-03-28T17:25:51.259+0000] {dag.py:3834} INFO - Setting next_dagrun for tutorial_objectstorage to None, run_after=None
[2024-03-28T17:25:51.369+0000] {processor.py:183} INFO - Processing /home/airflow/.local/lib/python3.8/site-packages/airflow/example_dags/tutorial_objectstorage.py took 0.465 seconds
[2024-03-28T17:26:21.523+0000] {processor.py:161} INFO - Started process (PID=1733) to work on /home/airflow/.local/lib/python3.8/site-packages/airflow/example_dags/tutorial_objectstorage.py
[2024-03-28T17:26:21.526+0000] {processor.py:830} INFO - Processing file /home/airflow/.local/lib/python3.8/site-packages/airflow/example_dags/tutorial_objectstorage.py for tasks to queue
[2024-03-28T17:26:21.532+0000] {logging_mixin.py:188} INFO - [2024-03-28T17:26:21.531+0000] {dagbag.py:540} INFO - Filling up the DagBag from /home/airflow/.local/lib/python3.8/site-packages/airflow/example_dags/tutorial_objectstorage.py
[2024-03-28T17:26:21.549+0000] {processor.py:840} INFO - DAG(s) 'tutorial_objectstorage' retrieved from /home/airflow/.local/lib/python3.8/site-packages/airflow/example_dags/tutorial_objectstorage.py
[2024-03-28T17:26:21.603+0000] {logging_mixin.py:188} INFO - [2024-03-28T17:26:21.603+0000] {dag.py:3047} INFO - Sync 1 DAGs
[2024-03-28T17:26:21.638+0000] {logging_mixin.py:188} INFO - [2024-03-28T17:26:21.637+0000] {dag.py:3834} INFO - Setting next_dagrun for tutorial_objectstorage to None, run_after=None
[2024-03-28T17:26:21.688+0000] {processor.py:183} INFO - Processing /home/airflow/.local/lib/python3.8/site-packages/airflow/example_dags/tutorial_objectstorage.py took 0.177 seconds
[2024-03-28T17:26:53.976+0000] {processor.py:161} INFO - Started process (PID=1787) to work on /home/airflow/.local/lib/python3.8/site-packages/airflow/example_dags/tutorial_objectstorage.py
[2024-03-28T17:26:53.980+0000] {processor.py:830} INFO - Processing file /home/airflow/.local/lib/python3.8/site-packages/airflow/example_dags/tutorial_objectstorage.py for tasks to queue
[2024-03-28T17:26:53.989+0000] {logging_mixin.py:188} INFO - [2024-03-28T17:26:53.988+0000] {dagbag.py:540} INFO - Filling up the DagBag from /home/airflow/.local/lib/python3.8/site-packages/airflow/example_dags/tutorial_objectstorage.py
[2024-03-28T17:26:54.013+0000] {processor.py:840} INFO - DAG(s) 'tutorial_objectstorage' retrieved from /home/airflow/.local/lib/python3.8/site-packages/airflow/example_dags/tutorial_objectstorage.py
[2024-03-28T17:26:54.099+0000] {logging_mixin.py:188} INFO - [2024-03-28T17:26:54.098+0000] {dag.py:3047} INFO - Sync 1 DAGs
[2024-03-28T17:26:54.163+0000] {logging_mixin.py:188} INFO - [2024-03-28T17:26:54.163+0000] {dag.py:3834} INFO - Setting next_dagrun for tutorial_objectstorage to None, run_after=None
[2024-03-28T17:26:54.258+0000] {processor.py:183} INFO - Processing /home/airflow/.local/lib/python3.8/site-packages/airflow/example_dags/tutorial_objectstorage.py took 0.292 seconds
[2024-03-28T17:27:32.124+0000] {processor.py:161} INFO - Started process (PID=1837) to work on /home/airflow/.local/lib/python3.8/site-packages/airflow/example_dags/tutorial_objectstorage.py
[2024-03-28T17:27:32.129+0000] {processor.py:830} INFO - Processing file /home/airflow/.local/lib/python3.8/site-packages/airflow/example_dags/tutorial_objectstorage.py for tasks to queue
[2024-03-28T17:27:32.145+0000] {logging_mixin.py:188} INFO - [2024-03-28T17:27:32.142+0000] {dagbag.py:540} INFO - Filling up the DagBag from /home/airflow/.local/lib/python3.8/site-packages/airflow/example_dags/tutorial_objectstorage.py
[2024-03-28T17:27:32.178+0000] {processor.py:840} INFO - DAG(s) 'tutorial_objectstorage' retrieved from /home/airflow/.local/lib/python3.8/site-packages/airflow/example_dags/tutorial_objectstorage.py
[2024-03-28T17:27:32.280+0000] {logging_mixin.py:188} INFO - [2024-03-28T17:27:32.279+0000] {dag.py:3047} INFO - Sync 1 DAGs
[2024-03-28T17:27:32.404+0000] {logging_mixin.py:188} INFO - [2024-03-28T17:27:32.404+0000] {dag.py:3834} INFO - Setting next_dagrun for tutorial_objectstorage to None, run_after=None
[2024-03-28T17:27:32.492+0000] {processor.py:183} INFO - Processing /home/airflow/.local/lib/python3.8/site-packages/airflow/example_dags/tutorial_objectstorage.py took 0.380 seconds
[2024-03-28T17:28:04.196+0000] {processor.py:161} INFO - Started process (PID=1892) to work on /home/airflow/.local/lib/python3.8/site-packages/airflow/example_dags/tutorial_objectstorage.py
[2024-03-28T17:28:04.210+0000] {processor.py:830} INFO - Processing file /home/airflow/.local/lib/python3.8/site-packages/airflow/example_dags/tutorial_objectstorage.py for tasks to queue
[2024-03-28T17:28:04.221+0000] {logging_mixin.py:188} INFO - [2024-03-28T17:28:04.220+0000] {dagbag.py:540} INFO - Filling up the DagBag from /home/airflow/.local/lib/python3.8/site-packages/airflow/example_dags/tutorial_objectstorage.py
[2024-03-28T17:28:04.291+0000] {processor.py:840} INFO - DAG(s) 'tutorial_objectstorage' retrieved from /home/airflow/.local/lib/python3.8/site-packages/airflow/example_dags/tutorial_objectstorage.py
[2024-03-28T17:28:04.620+0000] {logging_mixin.py:188} INFO - [2024-03-28T17:28:04.604+0000] {dag.py:3047} INFO - Sync 1 DAGs
[2024-03-28T17:28:04.820+0000] {logging_mixin.py:188} INFO - [2024-03-28T17:28:04.809+0000] {dag.py:3834} INFO - Setting next_dagrun for tutorial_objectstorage to None, run_after=None
[2024-03-28T17:28:04.893+0000] {processor.py:183} INFO - Processing /home/airflow/.local/lib/python3.8/site-packages/airflow/example_dags/tutorial_objectstorage.py took 0.744 seconds
[2024-03-28T17:28:38.685+0000] {processor.py:161} INFO - Started process (PID=1948) to work on /home/airflow/.local/lib/python3.8/site-packages/airflow/example_dags/tutorial_objectstorage.py
[2024-03-28T17:28:38.709+0000] {processor.py:830} INFO - Processing file /home/airflow/.local/lib/python3.8/site-packages/airflow/example_dags/tutorial_objectstorage.py for tasks to queue
[2024-03-28T17:28:38.737+0000] {logging_mixin.py:188} INFO - [2024-03-28T17:28:38.736+0000] {dagbag.py:540} INFO - Filling up the DagBag from /home/airflow/.local/lib/python3.8/site-packages/airflow/example_dags/tutorial_objectstorage.py
[2024-03-28T17:28:38.832+0000] {processor.py:840} INFO - DAG(s) 'tutorial_objectstorage' retrieved from /home/airflow/.local/lib/python3.8/site-packages/airflow/example_dags/tutorial_objectstorage.py
[2024-03-28T17:28:39.018+0000] {logging_mixin.py:188} INFO - [2024-03-28T17:28:39.016+0000] {dag.py:3047} INFO - Sync 1 DAGs
[2024-03-28T17:28:39.116+0000] {logging_mixin.py:188} INFO - [2024-03-28T17:28:39.115+0000] {dag.py:3834} INFO - Setting next_dagrun for tutorial_objectstorage to None, run_after=None
[2024-03-28T17:28:39.451+0000] {processor.py:183} INFO - Processing /home/airflow/.local/lib/python3.8/site-packages/airflow/example_dags/tutorial_objectstorage.py took 0.794 seconds
[2024-03-28T17:29:09.790+0000] {processor.py:161} INFO - Started process (PID=2003) to work on /home/airflow/.local/lib/python3.8/site-packages/airflow/example_dags/tutorial_objectstorage.py
[2024-03-28T17:29:09.797+0000] {processor.py:830} INFO - Processing file /home/airflow/.local/lib/python3.8/site-packages/airflow/example_dags/tutorial_objectstorage.py for tasks to queue
[2024-03-28T17:29:09.812+0000] {logging_mixin.py:188} INFO - [2024-03-28T17:29:09.811+0000] {dagbag.py:540} INFO - Filling up the DagBag from /home/airflow/.local/lib/python3.8/site-packages/airflow/example_dags/tutorial_objectstorage.py
[2024-03-28T17:29:09.880+0000] {processor.py:840} INFO - DAG(s) 'tutorial_objectstorage' retrieved from /home/airflow/.local/lib/python3.8/site-packages/airflow/example_dags/tutorial_objectstorage.py
[2024-03-28T17:29:09.996+0000] {logging_mixin.py:188} INFO - [2024-03-28T17:29:09.995+0000] {dag.py:3047} INFO - Sync 1 DAGs
[2024-03-28T17:29:10.100+0000] {logging_mixin.py:188} INFO - [2024-03-28T17:29:10.099+0000] {dag.py:3834} INFO - Setting next_dagrun for tutorial_objectstorage to None, run_after=None
[2024-03-28T17:29:10.205+0000] {processor.py:183} INFO - Processing /home/airflow/.local/lib/python3.8/site-packages/airflow/example_dags/tutorial_objectstorage.py took 0.433 seconds
[2024-03-28T17:29:40.378+0000] {processor.py:161} INFO - Started process (PID=2058) to work on /home/airflow/.local/lib/python3.8/site-packages/airflow/example_dags/tutorial_objectstorage.py
[2024-03-28T17:29:40.383+0000] {processor.py:830} INFO - Processing file /home/airflow/.local/lib/python3.8/site-packages/airflow/example_dags/tutorial_objectstorage.py for tasks to queue
[2024-03-28T17:29:40.389+0000] {logging_mixin.py:188} INFO - [2024-03-28T17:29:40.387+0000] {dagbag.py:540} INFO - Filling up the DagBag from /home/airflow/.local/lib/python3.8/site-packages/airflow/example_dags/tutorial_objectstorage.py
[2024-03-28T17:29:40.410+0000] {processor.py:840} INFO - DAG(s) 'tutorial_objectstorage' retrieved from /home/airflow/.local/lib/python3.8/site-packages/airflow/example_dags/tutorial_objectstorage.py
[2024-03-28T17:29:40.457+0000] {logging_mixin.py:188} INFO - [2024-03-28T17:29:40.457+0000] {dag.py:3047} INFO - Sync 1 DAGs
[2024-03-28T17:29:40.496+0000] {logging_mixin.py:188} INFO - [2024-03-28T17:29:40.495+0000] {dag.py:3834} INFO - Setting next_dagrun for tutorial_objectstorage to None, run_after=None
[2024-03-28T17:29:40.550+0000] {processor.py:183} INFO - Processing /home/airflow/.local/lib/python3.8/site-packages/airflow/example_dags/tutorial_objectstorage.py took 0.181 seconds
[2024-03-28T17:30:10.706+0000] {processor.py:161} INFO - Started process (PID=2113) to work on /home/airflow/.local/lib/python3.8/site-packages/airflow/example_dags/tutorial_objectstorage.py
[2024-03-28T17:30:10.712+0000] {processor.py:830} INFO - Processing file /home/airflow/.local/lib/python3.8/site-packages/airflow/example_dags/tutorial_objectstorage.py for tasks to queue
[2024-03-28T17:30:10.718+0000] {logging_mixin.py:188} INFO - [2024-03-28T17:30:10.717+0000] {dagbag.py:540} INFO - Filling up the DagBag from /home/airflow/.local/lib/python3.8/site-packages/airflow/example_dags/tutorial_objectstorage.py
[2024-03-28T17:30:10.770+0000] {processor.py:840} INFO - DAG(s) 'tutorial_objectstorage' retrieved from /home/airflow/.local/lib/python3.8/site-packages/airflow/example_dags/tutorial_objectstorage.py
[2024-03-28T17:30:10.859+0000] {logging_mixin.py:188} INFO - [2024-03-28T17:30:10.859+0000] {dag.py:3047} INFO - Sync 1 DAGs
[2024-03-28T17:30:10.896+0000] {logging_mixin.py:188} INFO - [2024-03-28T17:30:10.895+0000] {dag.py:3834} INFO - Setting next_dagrun for tutorial_objectstorage to None, run_after=None
[2024-03-28T17:30:10.970+0000] {processor.py:183} INFO - Processing /home/airflow/.local/lib/python3.8/site-packages/airflow/example_dags/tutorial_objectstorage.py took 0.276 seconds
[2024-03-28T17:30:56.195+0000] {processor.py:161} INFO - Started process (PID=2171) to work on /home/airflow/.local/lib/python3.8/site-packages/airflow/example_dags/tutorial_objectstorage.py
[2024-03-28T17:30:56.201+0000] {processor.py:830} INFO - Processing file /home/airflow/.local/lib/python3.8/site-packages/airflow/example_dags/tutorial_objectstorage.py for tasks to queue
[2024-03-28T17:30:56.227+0000] {logging_mixin.py:188} INFO - [2024-03-28T17:30:56.227+0000] {dagbag.py:540} INFO - Filling up the DagBag from /home/airflow/.local/lib/python3.8/site-packages/airflow/example_dags/tutorial_objectstorage.py
[2024-03-28T17:30:56.321+0000] {processor.py:840} INFO - DAG(s) 'tutorial_objectstorage' retrieved from /home/airflow/.local/lib/python3.8/site-packages/airflow/example_dags/tutorial_objectstorage.py
[2024-03-28T17:30:56.512+0000] {logging_mixin.py:188} INFO - [2024-03-28T17:30:56.511+0000] {dag.py:3047} INFO - Sync 1 DAGs
[2024-03-28T17:30:56.543+0000] {logging_mixin.py:188} INFO - [2024-03-28T17:30:56.543+0000] {dag.py:3834} INFO - Setting next_dagrun for tutorial_objectstorage to None, run_after=None
[2024-03-28T17:30:56.636+0000] {processor.py:183} INFO - Processing /home/airflow/.local/lib/python3.8/site-packages/airflow/example_dags/tutorial_objectstorage.py took 0.459 seconds
[2024-03-28T17:31:29.237+0000] {processor.py:161} INFO - Started process (PID=2225) to work on /home/airflow/.local/lib/python3.8/site-packages/airflow/example_dags/tutorial_objectstorage.py
[2024-03-28T17:31:29.242+0000] {processor.py:830} INFO - Processing file /home/airflow/.local/lib/python3.8/site-packages/airflow/example_dags/tutorial_objectstorage.py for tasks to queue
[2024-03-28T17:31:29.253+0000] {logging_mixin.py:188} INFO - [2024-03-28T17:31:29.252+0000] {dagbag.py:540} INFO - Filling up the DagBag from /home/airflow/.local/lib/python3.8/site-packages/airflow/example_dags/tutorial_objectstorage.py
[2024-03-28T17:31:29.279+0000] {processor.py:840} INFO - DAG(s) 'tutorial_objectstorage' retrieved from /home/airflow/.local/lib/python3.8/site-packages/airflow/example_dags/tutorial_objectstorage.py
[2024-03-28T17:31:29.382+0000] {logging_mixin.py:188} INFO - [2024-03-28T17:31:29.382+0000] {dag.py:3047} INFO - Sync 1 DAGs
[2024-03-28T17:31:29.499+0000] {logging_mixin.py:188} INFO - [2024-03-28T17:31:29.495+0000] {dag.py:3834} INFO - Setting next_dagrun for tutorial_objectstorage to None, run_after=None
[2024-03-28T17:31:29.584+0000] {processor.py:183} INFO - Processing /home/airflow/.local/lib/python3.8/site-packages/airflow/example_dags/tutorial_objectstorage.py took 0.374 seconds
[2024-03-28T17:32:03.657+0000] {processor.py:161} INFO - Started process (PID=2280) to work on /home/airflow/.local/lib/python3.8/site-packages/airflow/example_dags/tutorial_objectstorage.py
[2024-03-28T17:32:03.672+0000] {processor.py:830} INFO - Processing file /home/airflow/.local/lib/python3.8/site-packages/airflow/example_dags/tutorial_objectstorage.py for tasks to queue
[2024-03-28T17:32:03.690+0000] {logging_mixin.py:188} INFO - [2024-03-28T17:32:03.689+0000] {dagbag.py:540} INFO - Filling up the DagBag from /home/airflow/.local/lib/python3.8/site-packages/airflow/example_dags/tutorial_objectstorage.py
[2024-03-28T17:32:03.732+0000] {processor.py:840} INFO - DAG(s) 'tutorial_objectstorage' retrieved from /home/airflow/.local/lib/python3.8/site-packages/airflow/example_dags/tutorial_objectstorage.py
[2024-03-28T17:32:03.893+0000] {logging_mixin.py:188} INFO - [2024-03-28T17:32:03.892+0000] {dag.py:3047} INFO - Sync 1 DAGs
[2024-03-28T17:32:04.058+0000] {logging_mixin.py:188} INFO - [2024-03-28T17:32:04.057+0000] {dag.py:3834} INFO - Setting next_dagrun for tutorial_objectstorage to None, run_after=None
[2024-03-28T17:32:04.265+0000] {processor.py:183} INFO - Processing /home/airflow/.local/lib/python3.8/site-packages/airflow/example_dags/tutorial_objectstorage.py took 0.640 seconds
[2024-03-28T17:32:35.152+0000] {processor.py:161} INFO - Started process (PID=2335) to work on /home/airflow/.local/lib/python3.8/site-packages/airflow/example_dags/tutorial_objectstorage.py
[2024-03-28T17:32:35.160+0000] {processor.py:830} INFO - Processing file /home/airflow/.local/lib/python3.8/site-packages/airflow/example_dags/tutorial_objectstorage.py for tasks to queue
[2024-03-28T17:32:35.175+0000] {logging_mixin.py:188} INFO - [2024-03-28T17:32:35.174+0000] {dagbag.py:540} INFO - Filling up the DagBag from /home/airflow/.local/lib/python3.8/site-packages/airflow/example_dags/tutorial_objectstorage.py
[2024-03-28T17:32:35.249+0000] {processor.py:840} INFO - DAG(s) 'tutorial_objectstorage' retrieved from /home/airflow/.local/lib/python3.8/site-packages/airflow/example_dags/tutorial_objectstorage.py
[2024-03-28T17:32:35.362+0000] {logging_mixin.py:188} INFO - [2024-03-28T17:32:35.361+0000] {dag.py:3047} INFO - Sync 1 DAGs
[2024-03-28T17:32:35.445+0000] {logging_mixin.py:188} INFO - [2024-03-28T17:32:35.443+0000] {dag.py:3834} INFO - Setting next_dagrun for tutorial_objectstorage to None, run_after=None
[2024-03-28T17:32:35.502+0000] {processor.py:183} INFO - Processing /home/airflow/.local/lib/python3.8/site-packages/airflow/example_dags/tutorial_objectstorage.py took 0.385 seconds
[2024-03-28T17:33:06.203+0000] {processor.py:161} INFO - Started process (PID=2389) to work on /home/airflow/.local/lib/python3.8/site-packages/airflow/example_dags/tutorial_objectstorage.py
[2024-03-28T17:33:06.208+0000] {processor.py:830} INFO - Processing file /home/airflow/.local/lib/python3.8/site-packages/airflow/example_dags/tutorial_objectstorage.py for tasks to queue
[2024-03-28T17:33:06.215+0000] {logging_mixin.py:188} INFO - [2024-03-28T17:33:06.214+0000] {dagbag.py:540} INFO - Filling up the DagBag from /home/airflow/.local/lib/python3.8/site-packages/airflow/example_dags/tutorial_objectstorage.py
[2024-03-28T17:33:06.237+0000] {processor.py:840} INFO - DAG(s) 'tutorial_objectstorage' retrieved from /home/airflow/.local/lib/python3.8/site-packages/airflow/example_dags/tutorial_objectstorage.py
[2024-03-28T17:33:06.289+0000] {logging_mixin.py:188} INFO - [2024-03-28T17:33:06.288+0000] {dag.py:3047} INFO - Sync 1 DAGs
[2024-03-28T17:33:06.318+0000] {logging_mixin.py:188} INFO - [2024-03-28T17:33:06.317+0000] {dag.py:3834} INFO - Setting next_dagrun for tutorial_objectstorage to None, run_after=None
[2024-03-28T17:33:06.355+0000] {processor.py:183} INFO - Processing /home/airflow/.local/lib/python3.8/site-packages/airflow/example_dags/tutorial_objectstorage.py took 0.163 seconds
